[2024-02-25T13:04:38.041+0000] {processor.py:157} INFO - Started process (PID=233) to work on /opt/airflow/dags/our_first_dag.py
[2024-02-25T13:04:38.042+0000] {processor.py:826} INFO - Processing file /opt/airflow/dags/our_first_dag.py for tasks to queue
[2024-02-25T13:04:38.042+0000] {logging_mixin.py:150} INFO - [2024-02-25T13:04:38.042+0000] {dagbag.py:541} INFO - Filling up the DagBag from /opt/airflow/dags/our_first_dag.py
[2024-02-25T13:04:38.061+0000] {processor.py:836} INFO - DAG(s) dict_keys(['our_first_dag_v5']) retrieved from /opt/airflow/dags/our_first_dag.py
[2024-02-25T13:04:38.407+0000] {logging_mixin.py:150} INFO - [2024-02-25T13:04:38.407+0000] {manager.py:504} INFO - Created Permission View: can delete on DAG:our_first_dag_v5
[2024-02-25T13:04:38.428+0000] {logging_mixin.py:150} INFO - [2024-02-25T13:04:38.428+0000] {manager.py:504} INFO - Created Permission View: can edit on DAG:our_first_dag_v5
[2024-02-25T13:04:38.442+0000] {logging_mixin.py:150} INFO - [2024-02-25T13:04:38.442+0000] {manager.py:504} INFO - Created Permission View: can read on DAG:our_first_dag_v5
[2024-02-25T13:04:38.474+0000] {logging_mixin.py:150} INFO - [2024-02-25T13:04:38.473+0000] {dag.py:2742} INFO - Sync 1 DAGs
[2024-02-25T13:04:38.497+0000] {logging_mixin.py:150} INFO - [2024-02-25T13:04:38.497+0000] {dag.py:2763} INFO - Creating ORM DAG for our_first_dag_v5
[2024-02-25T13:04:38.522+0000] {logging_mixin.py:150} INFO - [2024-02-25T13:04:38.521+0000] {dag.py:3508} INFO - Setting next_dagrun for our_first_dag_v5 to 2021-07-30T00:00:00+00:00, run_after=2021-07-31T00:00:00+00:00
[2024-02-25T13:04:38.551+0000] {processor.py:179} INFO - Processing /opt/airflow/dags/our_first_dag.py took 0.514 seconds
[2024-02-25T13:05:08.811+0000] {processor.py:157} INFO - Started process (PID=245) to work on /opt/airflow/dags/our_first_dag.py
[2024-02-25T13:05:08.813+0000] {processor.py:826} INFO - Processing file /opt/airflow/dags/our_first_dag.py for tasks to queue
[2024-02-25T13:05:08.814+0000] {logging_mixin.py:150} INFO - [2024-02-25T13:05:08.813+0000] {dagbag.py:541} INFO - Filling up the DagBag from /opt/airflow/dags/our_first_dag.py
[2024-02-25T13:05:08.828+0000] {processor.py:836} INFO - DAG(s) dict_keys(['our_first_dag_v5']) retrieved from /opt/airflow/dags/our_first_dag.py
[2024-02-25T13:05:08.861+0000] {logging_mixin.py:150} INFO - [2024-02-25T13:05:08.861+0000] {dag.py:2742} INFO - Sync 1 DAGs
[2024-02-25T13:05:08.891+0000] {logging_mixin.py:150} INFO - [2024-02-25T13:05:08.891+0000] {dag.py:3508} INFO - Setting next_dagrun for our_first_dag_v5 to 2021-07-30T00:00:00+00:00, run_after=2021-07-31T00:00:00+00:00
[2024-02-25T13:05:08.925+0000] {processor.py:179} INFO - Processing /opt/airflow/dags/our_first_dag.py took 0.118 seconds
[2024-02-25T13:05:39.077+0000] {processor.py:157} INFO - Started process (PID=258) to work on /opt/airflow/dags/our_first_dag.py
[2024-02-25T13:05:39.078+0000] {processor.py:826} INFO - Processing file /opt/airflow/dags/our_first_dag.py for tasks to queue
[2024-02-25T13:05:39.079+0000] {logging_mixin.py:150} INFO - [2024-02-25T13:05:39.079+0000] {dagbag.py:541} INFO - Filling up the DagBag from /opt/airflow/dags/our_first_dag.py
[2024-02-25T13:05:39.092+0000] {processor.py:836} INFO - DAG(s) dict_keys(['our_first_dag_v5']) retrieved from /opt/airflow/dags/our_first_dag.py
[2024-02-25T13:05:39.123+0000] {logging_mixin.py:150} INFO - [2024-02-25T13:05:39.122+0000] {dag.py:2742} INFO - Sync 1 DAGs
[2024-02-25T13:05:39.153+0000] {logging_mixin.py:150} INFO - [2024-02-25T13:05:39.152+0000] {dag.py:3508} INFO - Setting next_dagrun for our_first_dag_v5 to 2021-07-30T00:00:00+00:00, run_after=2021-07-31T00:00:00+00:00
[2024-02-25T13:05:39.193+0000] {processor.py:179} INFO - Processing /opt/airflow/dags/our_first_dag.py took 0.121 seconds
[2024-02-25T13:06:09.461+0000] {processor.py:157} INFO - Started process (PID=293) to work on /opt/airflow/dags/our_first_dag.py
[2024-02-25T13:06:09.469+0000] {processor.py:826} INFO - Processing file /opt/airflow/dags/our_first_dag.py for tasks to queue
[2024-02-25T13:06:09.480+0000] {logging_mixin.py:150} INFO - [2024-02-25T13:06:09.470+0000] {dagbag.py:541} INFO - Filling up the DagBag from /opt/airflow/dags/our_first_dag.py
[2024-02-25T13:06:09.691+0000] {processor.py:836} INFO - DAG(s) dict_keys(['our_first_dag_v5']) retrieved from /opt/airflow/dags/our_first_dag.py
[2024-02-25T13:06:09.762+0000] {logging_mixin.py:150} INFO - [2024-02-25T13:06:09.762+0000] {dag.py:2742} INFO - Sync 1 DAGs
[2024-02-25T13:06:09.813+0000] {logging_mixin.py:150} INFO - [2024-02-25T13:06:09.812+0000] {dag.py:3508} INFO - Setting next_dagrun for our_first_dag_v5 to 2021-08-13T00:00:00+00:00, run_after=2021-08-14T00:00:00+00:00
[2024-02-25T13:06:09.856+0000] {processor.py:179} INFO - Processing /opt/airflow/dags/our_first_dag.py took 0.444 seconds
[2024-02-25T13:06:40.307+0000] {processor.py:157} INFO - Started process (PID=503) to work on /opt/airflow/dags/our_first_dag.py
[2024-02-25T13:06:40.313+0000] {processor.py:826} INFO - Processing file /opt/airflow/dags/our_first_dag.py for tasks to queue
[2024-02-25T13:06:40.315+0000] {logging_mixin.py:150} INFO - [2024-02-25T13:06:40.314+0000] {dagbag.py:541} INFO - Filling up the DagBag from /opt/airflow/dags/our_first_dag.py
[2024-02-25T13:06:40.404+0000] {processor.py:836} INFO - DAG(s) dict_keys(['our_first_dag_v5']) retrieved from /opt/airflow/dags/our_first_dag.py
[2024-02-25T13:06:40.755+0000] {logging_mixin.py:150} INFO - [2024-02-25T13:06:40.755+0000] {dag.py:2742} INFO - Sync 1 DAGs
[2024-02-25T13:06:40.972+0000] {logging_mixin.py:150} INFO - [2024-02-25T13:06:40.961+0000] {dag.py:3508} INFO - Setting next_dagrun for our_first_dag_v5 to 2021-08-28T00:00:00+00:00, run_after=2021-08-29T00:00:00+00:00
[2024-02-25T13:06:41.065+0000] {processor.py:179} INFO - Processing /opt/airflow/dags/our_first_dag.py took 0.768 seconds
[2024-02-25T13:07:11.552+0000] {processor.py:157} INFO - Started process (PID=689) to work on /opt/airflow/dags/our_first_dag.py
[2024-02-25T13:07:11.553+0000] {processor.py:826} INFO - Processing file /opt/airflow/dags/our_first_dag.py for tasks to queue
[2024-02-25T13:07:11.554+0000] {logging_mixin.py:150} INFO - [2024-02-25T13:07:11.554+0000] {dagbag.py:541} INFO - Filling up the DagBag from /opt/airflow/dags/our_first_dag.py
[2024-02-25T13:07:11.571+0000] {processor.py:836} INFO - DAG(s) dict_keys(['our_first_dag_v5']) retrieved from /opt/airflow/dags/our_first_dag.py
[2024-02-25T13:07:11.600+0000] {logging_mixin.py:150} INFO - [2024-02-25T13:07:11.600+0000] {dag.py:2742} INFO - Sync 1 DAGs
[2024-02-25T13:07:11.627+0000] {logging_mixin.py:150} INFO - [2024-02-25T13:07:11.626+0000] {dag.py:3508} INFO - Setting next_dagrun for our_first_dag_v5 to 2021-09-11T00:00:00+00:00, run_after=2021-09-12T00:00:00+00:00
[2024-02-25T13:07:11.649+0000] {processor.py:179} INFO - Processing /opt/airflow/dags/our_first_dag.py took 0.104 seconds
[2024-02-25T13:07:41.997+0000] {processor.py:157} INFO - Started process (PID=897) to work on /opt/airflow/dags/our_first_dag.py
[2024-02-25T13:07:42.001+0000] {processor.py:826} INFO - Processing file /opt/airflow/dags/our_first_dag.py for tasks to queue
[2024-02-25T13:07:42.003+0000] {logging_mixin.py:150} INFO - [2024-02-25T13:07:42.002+0000] {dagbag.py:541} INFO - Filling up the DagBag from /opt/airflow/dags/our_first_dag.py
[2024-02-25T13:07:42.209+0000] {processor.py:836} INFO - DAG(s) dict_keys(['our_first_dag_v5']) retrieved from /opt/airflow/dags/our_first_dag.py
[2024-02-25T13:07:42.621+0000] {logging_mixin.py:150} INFO - [2024-02-25T13:07:42.621+0000] {dag.py:2742} INFO - Sync 1 DAGs
[2024-02-25T13:07:43.233+0000] {logging_mixin.py:150} INFO - [2024-02-25T13:07:43.232+0000] {dag.py:3508} INFO - Setting next_dagrun for our_first_dag_v5 to 2021-10-10T00:00:00+00:00, run_after=2021-10-11T00:00:00+00:00
[2024-02-25T13:07:43.468+0000] {processor.py:179} INFO - Processing /opt/airflow/dags/our_first_dag.py took 1.476 seconds
[2024-02-25T13:08:14.050+0000] {processor.py:157} INFO - Started process (PID=1094) to work on /opt/airflow/dags/our_first_dag.py
[2024-02-25T13:08:14.078+0000] {processor.py:826} INFO - Processing file /opt/airflow/dags/our_first_dag.py for tasks to queue
[2024-02-25T13:08:14.092+0000] {logging_mixin.py:150} INFO - [2024-02-25T13:08:14.091+0000] {dagbag.py:541} INFO - Filling up the DagBag from /opt/airflow/dags/our_first_dag.py
[2024-02-25T13:08:14.270+0000] {processor.py:836} INFO - DAG(s) dict_keys(['our_first_dag_v5']) retrieved from /opt/airflow/dags/our_first_dag.py
[2024-02-25T13:08:14.411+0000] {logging_mixin.py:150} INFO - [2024-02-25T13:08:14.410+0000] {dag.py:2742} INFO - Sync 1 DAGs
[2024-02-25T13:08:14.471+0000] {logging_mixin.py:150} INFO - [2024-02-25T13:08:14.471+0000] {dag.py:3508} INFO - Setting next_dagrun for our_first_dag_v5 to 2021-10-24T00:00:00+00:00, run_after=2021-10-25T00:00:00+00:00
[2024-02-25T13:08:14.514+0000] {processor.py:179} INFO - Processing /opt/airflow/dags/our_first_dag.py took 0.485 seconds
[2024-02-25T13:08:44.808+0000] {processor.py:157} INFO - Started process (PID=1272) to work on /opt/airflow/dags/our_first_dag.py
[2024-02-25T13:08:44.825+0000] {processor.py:826} INFO - Processing file /opt/airflow/dags/our_first_dag.py for tasks to queue
[2024-02-25T13:08:44.827+0000] {logging_mixin.py:150} INFO - [2024-02-25T13:08:44.826+0000] {dagbag.py:541} INFO - Filling up the DagBag from /opt/airflow/dags/our_first_dag.py
[2024-02-25T13:08:45.011+0000] {processor.py:836} INFO - DAG(s) dict_keys(['our_first_dag_v5']) retrieved from /opt/airflow/dags/our_first_dag.py
[2024-02-25T13:08:45.338+0000] {logging_mixin.py:150} INFO - [2024-02-25T13:08:45.337+0000] {dag.py:2742} INFO - Sync 1 DAGs
[2024-02-25T13:08:45.832+0000] {logging_mixin.py:150} INFO - [2024-02-25T13:08:45.829+0000] {dag.py:3508} INFO - Setting next_dagrun for our_first_dag_v5 to 2021-11-17T00:00:00+00:00, run_after=2021-11-18T00:00:00+00:00
[2024-02-25T13:08:46.255+0000] {processor.py:179} INFO - Processing /opt/airflow/dags/our_first_dag.py took 1.521 seconds
[2024-02-25T13:09:16.611+0000] {processor.py:157} INFO - Started process (PID=1472) to work on /opt/airflow/dags/our_first_dag.py
[2024-02-25T13:09:16.614+0000] {processor.py:826} INFO - Processing file /opt/airflow/dags/our_first_dag.py for tasks to queue
[2024-02-25T13:09:16.615+0000] {logging_mixin.py:150} INFO - [2024-02-25T13:09:16.615+0000] {dagbag.py:541} INFO - Filling up the DagBag from /opt/airflow/dags/our_first_dag.py
[2024-02-25T13:09:16.653+0000] {processor.py:836} INFO - DAG(s) dict_keys(['our_first_dag_v5']) retrieved from /opt/airflow/dags/our_first_dag.py
[2024-02-25T13:09:16.730+0000] {logging_mixin.py:150} INFO - [2024-02-25T13:09:16.729+0000] {dag.py:2742} INFO - Sync 1 DAGs
[2024-02-25T13:09:16.866+0000] {logging_mixin.py:150} INFO - [2024-02-25T13:09:16.866+0000] {dag.py:3508} INFO - Setting next_dagrun for our_first_dag_v5 to 2021-12-08T00:00:00+00:00, run_after=2021-12-09T00:00:00+00:00
[2024-02-25T13:09:16.933+0000] {processor.py:179} INFO - Processing /opt/airflow/dags/our_first_dag.py took 0.328 seconds
[2024-02-25T13:09:47.327+0000] {processor.py:157} INFO - Started process (PID=1686) to work on /opt/airflow/dags/our_first_dag.py
[2024-02-25T13:09:47.343+0000] {processor.py:826} INFO - Processing file /opt/airflow/dags/our_first_dag.py for tasks to queue
[2024-02-25T13:09:47.344+0000] {logging_mixin.py:150} INFO - [2024-02-25T13:09:47.344+0000] {dagbag.py:541} INFO - Filling up the DagBag from /opt/airflow/dags/our_first_dag.py
[2024-02-25T13:09:47.461+0000] {processor.py:836} INFO - DAG(s) dict_keys(['our_first_dag_v5']) retrieved from /opt/airflow/dags/our_first_dag.py
[2024-02-25T13:09:47.741+0000] {logging_mixin.py:150} INFO - [2024-02-25T13:09:47.740+0000] {dag.py:2742} INFO - Sync 1 DAGs
[2024-02-25T13:09:48.115+0000] {logging_mixin.py:150} INFO - [2024-02-25T13:09:48.115+0000] {dag.py:3508} INFO - Setting next_dagrun for our_first_dag_v5 to 2021-12-30T00:00:00+00:00, run_after=2021-12-31T00:00:00+00:00
[2024-02-25T13:09:48.422+0000] {processor.py:179} INFO - Processing /opt/airflow/dags/our_first_dag.py took 1.100 seconds
[2024-02-25T13:10:18.589+0000] {processor.py:157} INFO - Started process (PID=1885) to work on /opt/airflow/dags/our_first_dag.py
[2024-02-25T13:10:18.591+0000] {processor.py:826} INFO - Processing file /opt/airflow/dags/our_first_dag.py for tasks to queue
[2024-02-25T13:10:18.594+0000] {logging_mixin.py:150} INFO - [2024-02-25T13:10:18.593+0000] {dagbag.py:541} INFO - Filling up the DagBag from /opt/airflow/dags/our_first_dag.py
[2024-02-25T13:10:18.615+0000] {processor.py:836} INFO - DAG(s) dict_keys(['our_first_dag_v5']) retrieved from /opt/airflow/dags/our_first_dag.py
[2024-02-25T13:10:18.643+0000] {logging_mixin.py:150} INFO - [2024-02-25T13:10:18.643+0000] {dag.py:2742} INFO - Sync 1 DAGs
[2024-02-25T13:10:18.670+0000] {logging_mixin.py:150} INFO - [2024-02-25T13:10:18.669+0000] {dag.py:3508} INFO - Setting next_dagrun for our_first_dag_v5 to 2022-01-14T00:00:00+00:00, run_after=2022-01-15T00:00:00+00:00
[2024-02-25T13:10:18.708+0000] {processor.py:179} INFO - Processing /opt/airflow/dags/our_first_dag.py took 0.129 seconds
[2024-02-25T13:10:48.935+0000] {processor.py:157} INFO - Started process (PID=2079) to work on /opt/airflow/dags/our_first_dag.py
[2024-02-25T13:10:48.951+0000] {processor.py:826} INFO - Processing file /opt/airflow/dags/our_first_dag.py for tasks to queue
[2024-02-25T13:10:48.953+0000] {logging_mixin.py:150} INFO - [2024-02-25T13:10:48.952+0000] {dagbag.py:541} INFO - Filling up the DagBag from /opt/airflow/dags/our_first_dag.py
[2024-02-25T13:10:49.056+0000] {processor.py:836} INFO - DAG(s) dict_keys(['our_first_dag_v5']) retrieved from /opt/airflow/dags/our_first_dag.py
[2024-02-25T13:10:49.370+0000] {logging_mixin.py:150} INFO - [2024-02-25T13:10:49.370+0000] {dag.py:2742} INFO - Sync 1 DAGs
[2024-02-25T13:10:49.546+0000] {logging_mixin.py:150} INFO - [2024-02-25T13:10:49.546+0000] {dag.py:3508} INFO - Setting next_dagrun for our_first_dag_v5 to 2022-02-11T00:00:00+00:00, run_after=2022-02-12T00:00:00+00:00
[2024-02-25T13:10:49.633+0000] {processor.py:179} INFO - Processing /opt/airflow/dags/our_first_dag.py took 0.728 seconds
[2024-02-25T13:11:15.075+0000] {processor.py:157} INFO - Started process (PID=2256) to work on /opt/airflow/dags/our_first_dag.py
[2024-02-25T13:11:15.089+0000] {processor.py:826} INFO - Processing file /opt/airflow/dags/our_first_dag.py for tasks to queue
[2024-02-25T13:11:15.091+0000] {logging_mixin.py:150} INFO - [2024-02-25T13:11:15.090+0000] {dagbag.py:541} INFO - Filling up the DagBag from /opt/airflow/dags/our_first_dag.py
[2024-02-25T13:11:15.295+0000] {processor.py:836} INFO - DAG(s) dict_keys(['our_first_dag_v5']) retrieved from /opt/airflow/dags/our_first_dag.py
[2024-02-25T13:11:16.673+0000] {logging_mixin.py:150} INFO - [2024-02-25T13:11:16.672+0000] {dag.py:2742} INFO - Sync 1 DAGs
[2024-02-25T13:11:16.737+0000] {logging_mixin.py:150} INFO - [2024-02-25T13:11:16.736+0000] {dag.py:3508} INFO - Setting next_dagrun for our_first_dag_v5 to 2024-02-26T00:00:00+00:00, run_after=2024-02-27T00:00:00+00:00
[2024-02-25T13:11:16.813+0000] {processor.py:179} INFO - Processing /opt/airflow/dags/our_first_dag.py took 1.768 seconds
