[2024-02-25T12:43:01.115+0000] {processor.py:157} INFO - Started process (PID=231) to work on /home/airflow/.local/lib/python3.7/site-packages/airflow/example_dags/example_latest_only_with_trigger.py
[2024-02-25T12:43:01.116+0000] {processor.py:826} INFO - Processing file /home/airflow/.local/lib/python3.7/site-packages/airflow/example_dags/example_latest_only_with_trigger.py for tasks to queue
[2024-02-25T12:43:01.118+0000] {logging_mixin.py:150} INFO - [2024-02-25T12:43:01.117+0000] {dagbag.py:541} INFO - Filling up the DagBag from /home/airflow/.local/lib/python3.7/site-packages/airflow/example_dags/example_latest_only_with_trigger.py
[2024-02-25T12:43:01.134+0000] {processor.py:836} INFO - DAG(s) dict_keys(['latest_only_with_trigger']) retrieved from /home/airflow/.local/lib/python3.7/site-packages/airflow/example_dags/example_latest_only_with_trigger.py
[2024-02-25T12:43:01.156+0000] {logging_mixin.py:150} INFO - [2024-02-25T12:43:01.156+0000] {dag.py:2742} INFO - Sync 1 DAGs
[2024-02-25T12:43:01.216+0000] {logging_mixin.py:150} INFO - [2024-02-25T12:43:01.216+0000] {dag.py:3508} INFO - Setting next_dagrun for latest_only_with_trigger to 2024-02-25T08:43:01.216025+00:00, run_after=2024-02-25T12:43:01.216025+00:00
[2024-02-25T12:43:01.261+0000] {processor.py:179} INFO - Processing /home/airflow/.local/lib/python3.7/site-packages/airflow/example_dags/example_latest_only_with_trigger.py took 0.151 seconds
[2024-02-25T12:43:31.820+0000] {processor.py:157} INFO - Started process (PID=471) to work on /home/airflow/.local/lib/python3.7/site-packages/airflow/example_dags/example_latest_only_with_trigger.py
[2024-02-25T12:43:31.822+0000] {processor.py:826} INFO - Processing file /home/airflow/.local/lib/python3.7/site-packages/airflow/example_dags/example_latest_only_with_trigger.py for tasks to queue
[2024-02-25T12:43:31.823+0000] {logging_mixin.py:150} INFO - [2024-02-25T12:43:31.823+0000] {dagbag.py:541} INFO - Filling up the DagBag from /home/airflow/.local/lib/python3.7/site-packages/airflow/example_dags/example_latest_only_with_trigger.py
[2024-02-25T12:43:31.833+0000] {processor.py:836} INFO - DAG(s) dict_keys(['latest_only_with_trigger']) retrieved from /home/airflow/.local/lib/python3.7/site-packages/airflow/example_dags/example_latest_only_with_trigger.py
[2024-02-25T12:43:31.872+0000] {logging_mixin.py:150} INFO - [2024-02-25T12:43:31.872+0000] {dag.py:2742} INFO - Sync 1 DAGs
[2024-02-25T12:43:31.917+0000] {logging_mixin.py:150} INFO - [2024-02-25T12:43:31.917+0000] {dag.py:3508} INFO - Setting next_dagrun for latest_only_with_trigger to 2024-02-25T08:43:31.917334+00:00, run_after=2024-02-25T12:43:31.917334+00:00
[2024-02-25T12:43:31.954+0000] {processor.py:179} INFO - Processing /home/airflow/.local/lib/python3.7/site-packages/airflow/example_dags/example_latest_only_with_trigger.py took 0.142 seconds
[2024-02-25T12:44:02.911+0000] {processor.py:157} INFO - Started process (PID=713) to work on /home/airflow/.local/lib/python3.7/site-packages/airflow/example_dags/example_latest_only_with_trigger.py
[2024-02-25T12:44:02.913+0000] {processor.py:826} INFO - Processing file /home/airflow/.local/lib/python3.7/site-packages/airflow/example_dags/example_latest_only_with_trigger.py for tasks to queue
[2024-02-25T12:44:02.914+0000] {logging_mixin.py:150} INFO - [2024-02-25T12:44:02.914+0000] {dagbag.py:541} INFO - Filling up the DagBag from /home/airflow/.local/lib/python3.7/site-packages/airflow/example_dags/example_latest_only_with_trigger.py
[2024-02-25T12:44:02.924+0000] {processor.py:836} INFO - DAG(s) dict_keys(['latest_only_with_trigger']) retrieved from /home/airflow/.local/lib/python3.7/site-packages/airflow/example_dags/example_latest_only_with_trigger.py
[2024-02-25T12:44:02.950+0000] {logging_mixin.py:150} INFO - [2024-02-25T12:44:02.950+0000] {dag.py:2742} INFO - Sync 1 DAGs
[2024-02-25T12:44:03.067+0000] {logging_mixin.py:150} INFO - [2024-02-25T12:44:03.067+0000] {dag.py:3508} INFO - Setting next_dagrun for latest_only_with_trigger to 2024-02-25T08:44:03.067188+00:00, run_after=2024-02-25T12:44:03.067188+00:00
[2024-02-25T12:44:03.101+0000] {processor.py:179} INFO - Processing /home/airflow/.local/lib/python3.7/site-packages/airflow/example_dags/example_latest_only_with_trigger.py took 0.195 seconds
[2024-02-25T12:44:33.584+0000] {processor.py:157} INFO - Started process (PID=954) to work on /home/airflow/.local/lib/python3.7/site-packages/airflow/example_dags/example_latest_only_with_trigger.py
[2024-02-25T12:44:33.586+0000] {processor.py:826} INFO - Processing file /home/airflow/.local/lib/python3.7/site-packages/airflow/example_dags/example_latest_only_with_trigger.py for tasks to queue
[2024-02-25T12:44:33.588+0000] {logging_mixin.py:150} INFO - [2024-02-25T12:44:33.587+0000] {dagbag.py:541} INFO - Filling up the DagBag from /home/airflow/.local/lib/python3.7/site-packages/airflow/example_dags/example_latest_only_with_trigger.py
[2024-02-25T12:44:33.600+0000] {processor.py:836} INFO - DAG(s) dict_keys(['latest_only_with_trigger']) retrieved from /home/airflow/.local/lib/python3.7/site-packages/airflow/example_dags/example_latest_only_with_trigger.py
[2024-02-25T12:44:33.633+0000] {logging_mixin.py:150} INFO - [2024-02-25T12:44:33.632+0000] {dag.py:2742} INFO - Sync 1 DAGs
[2024-02-25T12:44:33.668+0000] {logging_mixin.py:150} INFO - [2024-02-25T12:44:33.667+0000] {dag.py:3508} INFO - Setting next_dagrun for latest_only_with_trigger to 2024-02-25T08:44:33.667511+00:00, run_after=2024-02-25T12:44:33.667511+00:00
[2024-02-25T12:44:33.701+0000] {processor.py:179} INFO - Processing /home/airflow/.local/lib/python3.7/site-packages/airflow/example_dags/example_latest_only_with_trigger.py took 0.128 seconds
[2024-02-25T12:45:04.544+0000] {processor.py:157} INFO - Started process (PID=1195) to work on /home/airflow/.local/lib/python3.7/site-packages/airflow/example_dags/example_latest_only_with_trigger.py
[2024-02-25T12:45:04.546+0000] {processor.py:826} INFO - Processing file /home/airflow/.local/lib/python3.7/site-packages/airflow/example_dags/example_latest_only_with_trigger.py for tasks to queue
[2024-02-25T12:45:04.547+0000] {logging_mixin.py:150} INFO - [2024-02-25T12:45:04.547+0000] {dagbag.py:541} INFO - Filling up the DagBag from /home/airflow/.local/lib/python3.7/site-packages/airflow/example_dags/example_latest_only_with_trigger.py
[2024-02-25T12:45:04.558+0000] {processor.py:836} INFO - DAG(s) dict_keys(['latest_only_with_trigger']) retrieved from /home/airflow/.local/lib/python3.7/site-packages/airflow/example_dags/example_latest_only_with_trigger.py
[2024-02-25T12:45:04.607+0000] {logging_mixin.py:150} INFO - [2024-02-25T12:45:04.607+0000] {dag.py:2742} INFO - Sync 1 DAGs
[2024-02-25T12:45:04.666+0000] {logging_mixin.py:150} INFO - [2024-02-25T12:45:04.666+0000] {dag.py:3508} INFO - Setting next_dagrun for latest_only_with_trigger to 2024-02-25T08:45:04.665346+00:00, run_after=2024-02-25T12:45:04.665346+00:00
[2024-02-25T12:45:04.711+0000] {processor.py:179} INFO - Processing /home/airflow/.local/lib/python3.7/site-packages/airflow/example_dags/example_latest_only_with_trigger.py took 0.172 seconds
[2024-02-25T12:45:35.028+0000] {processor.py:157} INFO - Started process (PID=1440) to work on /home/airflow/.local/lib/python3.7/site-packages/airflow/example_dags/example_latest_only_with_trigger.py
[2024-02-25T12:45:35.030+0000] {processor.py:826} INFO - Processing file /home/airflow/.local/lib/python3.7/site-packages/airflow/example_dags/example_latest_only_with_trigger.py for tasks to queue
[2024-02-25T12:45:35.032+0000] {logging_mixin.py:150} INFO - [2024-02-25T12:45:35.031+0000] {dagbag.py:541} INFO - Filling up the DagBag from /home/airflow/.local/lib/python3.7/site-packages/airflow/example_dags/example_latest_only_with_trigger.py
[2024-02-25T12:45:35.047+0000] {processor.py:836} INFO - DAG(s) dict_keys(['latest_only_with_trigger']) retrieved from /home/airflow/.local/lib/python3.7/site-packages/airflow/example_dags/example_latest_only_with_trigger.py
[2024-02-25T12:45:35.089+0000] {logging_mixin.py:150} INFO - [2024-02-25T12:45:35.089+0000] {dag.py:2742} INFO - Sync 1 DAGs
[2024-02-25T12:45:35.131+0000] {logging_mixin.py:150} INFO - [2024-02-25T12:45:35.131+0000] {dag.py:3508} INFO - Setting next_dagrun for latest_only_with_trigger to 2024-02-25T08:45:35.131221+00:00, run_after=2024-02-25T12:45:35.131221+00:00
[2024-02-25T12:45:35.164+0000] {processor.py:179} INFO - Processing /home/airflow/.local/lib/python3.7/site-packages/airflow/example_dags/example_latest_only_with_trigger.py took 0.148 seconds
[2024-02-25T12:46:05.595+0000] {processor.py:157} INFO - Started process (PID=1681) to work on /home/airflow/.local/lib/python3.7/site-packages/airflow/example_dags/example_latest_only_with_trigger.py
[2024-02-25T12:46:05.597+0000] {processor.py:826} INFO - Processing file /home/airflow/.local/lib/python3.7/site-packages/airflow/example_dags/example_latest_only_with_trigger.py for tasks to queue
[2024-02-25T12:46:05.599+0000] {logging_mixin.py:150} INFO - [2024-02-25T12:46:05.598+0000] {dagbag.py:541} INFO - Filling up the DagBag from /home/airflow/.local/lib/python3.7/site-packages/airflow/example_dags/example_latest_only_with_trigger.py
[2024-02-25T12:46:05.611+0000] {processor.py:836} INFO - DAG(s) dict_keys(['latest_only_with_trigger']) retrieved from /home/airflow/.local/lib/python3.7/site-packages/airflow/example_dags/example_latest_only_with_trigger.py
[2024-02-25T12:46:05.655+0000] {logging_mixin.py:150} INFO - [2024-02-25T12:46:05.655+0000] {dag.py:2742} INFO - Sync 1 DAGs
[2024-02-25T12:46:05.701+0000] {logging_mixin.py:150} INFO - [2024-02-25T12:46:05.701+0000] {dag.py:3508} INFO - Setting next_dagrun for latest_only_with_trigger to 2024-02-25T08:46:05.700736+00:00, run_after=2024-02-25T12:46:05.700736+00:00
[2024-02-25T12:46:05.728+0000] {processor.py:179} INFO - Processing /home/airflow/.local/lib/python3.7/site-packages/airflow/example_dags/example_latest_only_with_trigger.py took 0.138 seconds
[2024-02-25T12:46:36.179+0000] {processor.py:157} INFO - Started process (PID=1922) to work on /home/airflow/.local/lib/python3.7/site-packages/airflow/example_dags/example_latest_only_with_trigger.py
[2024-02-25T12:46:36.180+0000] {processor.py:826} INFO - Processing file /home/airflow/.local/lib/python3.7/site-packages/airflow/example_dags/example_latest_only_with_trigger.py for tasks to queue
[2024-02-25T12:46:36.181+0000] {logging_mixin.py:150} INFO - [2024-02-25T12:46:36.181+0000] {dagbag.py:541} INFO - Filling up the DagBag from /home/airflow/.local/lib/python3.7/site-packages/airflow/example_dags/example_latest_only_with_trigger.py
[2024-02-25T12:46:36.189+0000] {processor.py:836} INFO - DAG(s) dict_keys(['latest_only_with_trigger']) retrieved from /home/airflow/.local/lib/python3.7/site-packages/airflow/example_dags/example_latest_only_with_trigger.py
[2024-02-25T12:46:36.226+0000] {logging_mixin.py:150} INFO - [2024-02-25T12:46:36.226+0000] {dag.py:2742} INFO - Sync 1 DAGs
[2024-02-25T12:46:36.274+0000] {logging_mixin.py:150} INFO - [2024-02-25T12:46:36.273+0000] {dag.py:3508} INFO - Setting next_dagrun for latest_only_with_trigger to 2024-02-25T08:46:36.273700+00:00, run_after=2024-02-25T12:46:36.273700+00:00
[2024-02-25T12:46:36.307+0000] {processor.py:179} INFO - Processing /home/airflow/.local/lib/python3.7/site-packages/airflow/example_dags/example_latest_only_with_trigger.py took 0.134 seconds
[2024-02-25T12:47:07.018+0000] {processor.py:157} INFO - Started process (PID=2166) to work on /home/airflow/.local/lib/python3.7/site-packages/airflow/example_dags/example_latest_only_with_trigger.py
[2024-02-25T12:47:07.021+0000] {processor.py:826} INFO - Processing file /home/airflow/.local/lib/python3.7/site-packages/airflow/example_dags/example_latest_only_with_trigger.py for tasks to queue
[2024-02-25T12:47:07.023+0000] {logging_mixin.py:150} INFO - [2024-02-25T12:47:07.022+0000] {dagbag.py:541} INFO - Filling up the DagBag from /home/airflow/.local/lib/python3.7/site-packages/airflow/example_dags/example_latest_only_with_trigger.py
[2024-02-25T12:47:07.034+0000] {processor.py:836} INFO - DAG(s) dict_keys(['latest_only_with_trigger']) retrieved from /home/airflow/.local/lib/python3.7/site-packages/airflow/example_dags/example_latest_only_with_trigger.py
[2024-02-25T12:47:07.073+0000] {logging_mixin.py:150} INFO - [2024-02-25T12:47:07.073+0000] {dag.py:2742} INFO - Sync 1 DAGs
[2024-02-25T12:47:07.135+0000] {logging_mixin.py:150} INFO - [2024-02-25T12:47:07.134+0000] {dag.py:3508} INFO - Setting next_dagrun for latest_only_with_trigger to 2024-02-25T08:47:07.134643+00:00, run_after=2024-02-25T12:47:07.134643+00:00
[2024-02-25T12:47:07.174+0000] {processor.py:179} INFO - Processing /home/airflow/.local/lib/python3.7/site-packages/airflow/example_dags/example_latest_only_with_trigger.py took 0.162 seconds
[2024-02-25T12:47:38.056+0000] {processor.py:157} INFO - Started process (PID=2407) to work on /home/airflow/.local/lib/python3.7/site-packages/airflow/example_dags/example_latest_only_with_trigger.py
[2024-02-25T12:47:38.057+0000] {processor.py:826} INFO - Processing file /home/airflow/.local/lib/python3.7/site-packages/airflow/example_dags/example_latest_only_with_trigger.py for tasks to queue
[2024-02-25T12:47:38.059+0000] {logging_mixin.py:150} INFO - [2024-02-25T12:47:38.059+0000] {dagbag.py:541} INFO - Filling up the DagBag from /home/airflow/.local/lib/python3.7/site-packages/airflow/example_dags/example_latest_only_with_trigger.py
[2024-02-25T12:47:38.073+0000] {processor.py:836} INFO - DAG(s) dict_keys(['latest_only_with_trigger']) retrieved from /home/airflow/.local/lib/python3.7/site-packages/airflow/example_dags/example_latest_only_with_trigger.py
[2024-02-25T12:47:38.110+0000] {logging_mixin.py:150} INFO - [2024-02-25T12:47:38.110+0000] {dag.py:2742} INFO - Sync 1 DAGs
[2024-02-25T12:47:38.143+0000] {logging_mixin.py:150} INFO - [2024-02-25T12:47:38.142+0000] {dag.py:3508} INFO - Setting next_dagrun for latest_only_with_trigger to 2024-02-25T08:47:38.142734+00:00, run_after=2024-02-25T12:47:38.142734+00:00
[2024-02-25T12:47:38.166+0000] {processor.py:179} INFO - Processing /home/airflow/.local/lib/python3.7/site-packages/airflow/example_dags/example_latest_only_with_trigger.py took 0.124 seconds
[2024-02-25T12:48:08.456+0000] {processor.py:157} INFO - Started process (PID=2645) to work on /home/airflow/.local/lib/python3.7/site-packages/airflow/example_dags/example_latest_only_with_trigger.py
[2024-02-25T12:48:08.458+0000] {processor.py:826} INFO - Processing file /home/airflow/.local/lib/python3.7/site-packages/airflow/example_dags/example_latest_only_with_trigger.py for tasks to queue
[2024-02-25T12:48:08.459+0000] {logging_mixin.py:150} INFO - [2024-02-25T12:48:08.459+0000] {dagbag.py:541} INFO - Filling up the DagBag from /home/airflow/.local/lib/python3.7/site-packages/airflow/example_dags/example_latest_only_with_trigger.py
[2024-02-25T12:48:08.469+0000] {processor.py:836} INFO - DAG(s) dict_keys(['latest_only_with_trigger']) retrieved from /home/airflow/.local/lib/python3.7/site-packages/airflow/example_dags/example_latest_only_with_trigger.py
[2024-02-25T12:48:08.498+0000] {logging_mixin.py:150} INFO - [2024-02-25T12:48:08.497+0000] {dag.py:2742} INFO - Sync 1 DAGs
[2024-02-25T12:48:08.526+0000] {logging_mixin.py:150} INFO - [2024-02-25T12:48:08.525+0000] {dag.py:3508} INFO - Setting next_dagrun for latest_only_with_trigger to 2024-02-25T08:48:08.525448+00:00, run_after=2024-02-25T12:48:08.525448+00:00
[2024-02-25T12:48:08.548+0000] {processor.py:179} INFO - Processing /home/airflow/.local/lib/python3.7/site-packages/airflow/example_dags/example_latest_only_with_trigger.py took 0.098 seconds
[2024-02-25T12:48:39.044+0000] {processor.py:157} INFO - Started process (PID=2890) to work on /home/airflow/.local/lib/python3.7/site-packages/airflow/example_dags/example_latest_only_with_trigger.py
[2024-02-25T12:48:39.045+0000] {processor.py:826} INFO - Processing file /home/airflow/.local/lib/python3.7/site-packages/airflow/example_dags/example_latest_only_with_trigger.py for tasks to queue
[2024-02-25T12:48:39.046+0000] {logging_mixin.py:150} INFO - [2024-02-25T12:48:39.046+0000] {dagbag.py:541} INFO - Filling up the DagBag from /home/airflow/.local/lib/python3.7/site-packages/airflow/example_dags/example_latest_only_with_trigger.py
[2024-02-25T12:48:39.055+0000] {processor.py:836} INFO - DAG(s) dict_keys(['latest_only_with_trigger']) retrieved from /home/airflow/.local/lib/python3.7/site-packages/airflow/example_dags/example_latest_only_with_trigger.py
[2024-02-25T12:48:39.093+0000] {logging_mixin.py:150} INFO - [2024-02-25T12:48:39.093+0000] {dag.py:2742} INFO - Sync 1 DAGs
[2024-02-25T12:48:39.132+0000] {logging_mixin.py:150} INFO - [2024-02-25T12:48:39.132+0000] {dag.py:3508} INFO - Setting next_dagrun for latest_only_with_trigger to 2024-02-25T08:48:39.132359+00:00, run_after=2024-02-25T12:48:39.132359+00:00
[2024-02-25T12:48:39.160+0000] {processor.py:179} INFO - Processing /home/airflow/.local/lib/python3.7/site-packages/airflow/example_dags/example_latest_only_with_trigger.py took 0.121 seconds
[2024-02-25T12:49:09.779+0000] {processor.py:157} INFO - Started process (PID=3131) to work on /home/airflow/.local/lib/python3.7/site-packages/airflow/example_dags/example_latest_only_with_trigger.py
[2024-02-25T12:49:09.780+0000] {processor.py:826} INFO - Processing file /home/airflow/.local/lib/python3.7/site-packages/airflow/example_dags/example_latest_only_with_trigger.py for tasks to queue
[2024-02-25T12:49:09.782+0000] {logging_mixin.py:150} INFO - [2024-02-25T12:49:09.781+0000] {dagbag.py:541} INFO - Filling up the DagBag from /home/airflow/.local/lib/python3.7/site-packages/airflow/example_dags/example_latest_only_with_trigger.py
[2024-02-25T12:49:09.791+0000] {processor.py:836} INFO - DAG(s) dict_keys(['latest_only_with_trigger']) retrieved from /home/airflow/.local/lib/python3.7/site-packages/airflow/example_dags/example_latest_only_with_trigger.py
[2024-02-25T12:49:09.821+0000] {logging_mixin.py:150} INFO - [2024-02-25T12:49:09.821+0000] {dag.py:2742} INFO - Sync 1 DAGs
[2024-02-25T12:49:09.856+0000] {logging_mixin.py:150} INFO - [2024-02-25T12:49:09.856+0000] {dag.py:3508} INFO - Setting next_dagrun for latest_only_with_trigger to 2024-02-25T08:49:09.855812+00:00, run_after=2024-02-25T12:49:09.855812+00:00
[2024-02-25T12:49:09.887+0000] {processor.py:179} INFO - Processing /home/airflow/.local/lib/python3.7/site-packages/airflow/example_dags/example_latest_only_with_trigger.py took 0.114 seconds
[2024-02-25T12:49:40.459+0000] {processor.py:157} INFO - Started process (PID=3372) to work on /home/airflow/.local/lib/python3.7/site-packages/airflow/example_dags/example_latest_only_with_trigger.py
[2024-02-25T12:49:40.460+0000] {processor.py:826} INFO - Processing file /home/airflow/.local/lib/python3.7/site-packages/airflow/example_dags/example_latest_only_with_trigger.py for tasks to queue
[2024-02-25T12:49:40.460+0000] {logging_mixin.py:150} INFO - [2024-02-25T12:49:40.460+0000] {dagbag.py:541} INFO - Filling up the DagBag from /home/airflow/.local/lib/python3.7/site-packages/airflow/example_dags/example_latest_only_with_trigger.py
[2024-02-25T12:49:40.467+0000] {processor.py:836} INFO - DAG(s) dict_keys(['latest_only_with_trigger']) retrieved from /home/airflow/.local/lib/python3.7/site-packages/airflow/example_dags/example_latest_only_with_trigger.py
[2024-02-25T12:49:40.508+0000] {logging_mixin.py:150} INFO - [2024-02-25T12:49:40.507+0000] {dag.py:2742} INFO - Sync 1 DAGs
[2024-02-25T12:49:40.559+0000] {logging_mixin.py:150} INFO - [2024-02-25T12:49:40.559+0000] {dag.py:3508} INFO - Setting next_dagrun for latest_only_with_trigger to 2024-02-25T08:49:40.558946+00:00, run_after=2024-02-25T12:49:40.558946+00:00
[2024-02-25T12:49:40.594+0000] {processor.py:179} INFO - Processing /home/airflow/.local/lib/python3.7/site-packages/airflow/example_dags/example_latest_only_with_trigger.py took 0.140 seconds
[2024-02-25T12:50:10.661+0000] {processor.py:157} INFO - Started process (PID=3610) to work on /home/airflow/.local/lib/python3.7/site-packages/airflow/example_dags/example_latest_only_with_trigger.py
[2024-02-25T12:50:10.663+0000] {processor.py:826} INFO - Processing file /home/airflow/.local/lib/python3.7/site-packages/airflow/example_dags/example_latest_only_with_trigger.py for tasks to queue
[2024-02-25T12:50:10.664+0000] {logging_mixin.py:150} INFO - [2024-02-25T12:50:10.663+0000] {dagbag.py:541} INFO - Filling up the DagBag from /home/airflow/.local/lib/python3.7/site-packages/airflow/example_dags/example_latest_only_with_trigger.py
[2024-02-25T12:50:10.672+0000] {processor.py:836} INFO - DAG(s) dict_keys(['latest_only_with_trigger']) retrieved from /home/airflow/.local/lib/python3.7/site-packages/airflow/example_dags/example_latest_only_with_trigger.py
[2024-02-25T12:50:10.699+0000] {logging_mixin.py:150} INFO - [2024-02-25T12:50:10.699+0000] {dag.py:2742} INFO - Sync 1 DAGs
[2024-02-25T12:50:10.726+0000] {logging_mixin.py:150} INFO - [2024-02-25T12:50:10.726+0000] {dag.py:3508} INFO - Setting next_dagrun for latest_only_with_trigger to 2024-02-25T08:50:10.726173+00:00, run_after=2024-02-25T12:50:10.726173+00:00
[2024-02-25T12:50:10.746+0000] {processor.py:179} INFO - Processing /home/airflow/.local/lib/python3.7/site-packages/airflow/example_dags/example_latest_only_with_trigger.py took 0.091 seconds
[2024-02-25T12:50:41.240+0000] {processor.py:157} INFO - Started process (PID=3851) to work on /home/airflow/.local/lib/python3.7/site-packages/airflow/example_dags/example_latest_only_with_trigger.py
[2024-02-25T12:50:41.241+0000] {processor.py:826} INFO - Processing file /home/airflow/.local/lib/python3.7/site-packages/airflow/example_dags/example_latest_only_with_trigger.py for tasks to queue
[2024-02-25T12:50:41.242+0000] {logging_mixin.py:150} INFO - [2024-02-25T12:50:41.242+0000] {dagbag.py:541} INFO - Filling up the DagBag from /home/airflow/.local/lib/python3.7/site-packages/airflow/example_dags/example_latest_only_with_trigger.py
[2024-02-25T12:50:41.249+0000] {processor.py:836} INFO - DAG(s) dict_keys(['latest_only_with_trigger']) retrieved from /home/airflow/.local/lib/python3.7/site-packages/airflow/example_dags/example_latest_only_with_trigger.py
[2024-02-25T12:50:41.284+0000] {logging_mixin.py:150} INFO - [2024-02-25T12:50:41.284+0000] {dag.py:2742} INFO - Sync 1 DAGs
[2024-02-25T12:50:41.313+0000] {logging_mixin.py:150} INFO - [2024-02-25T12:50:41.312+0000] {dag.py:3508} INFO - Setting next_dagrun for latest_only_with_trigger to 2024-02-25T08:50:41.312595+00:00, run_after=2024-02-25T12:50:41.312595+00:00
[2024-02-25T12:50:41.336+0000] {processor.py:179} INFO - Processing /home/airflow/.local/lib/python3.7/site-packages/airflow/example_dags/example_latest_only_with_trigger.py took 0.101 seconds
[2024-02-25T12:51:11.671+0000] {processor.py:157} INFO - Started process (PID=4092) to work on /home/airflow/.local/lib/python3.7/site-packages/airflow/example_dags/example_latest_only_with_trigger.py
[2024-02-25T12:51:11.673+0000] {processor.py:826} INFO - Processing file /home/airflow/.local/lib/python3.7/site-packages/airflow/example_dags/example_latest_only_with_trigger.py for tasks to queue
[2024-02-25T12:51:11.674+0000] {logging_mixin.py:150} INFO - [2024-02-25T12:51:11.674+0000] {dagbag.py:541} INFO - Filling up the DagBag from /home/airflow/.local/lib/python3.7/site-packages/airflow/example_dags/example_latest_only_with_trigger.py
[2024-02-25T12:51:11.684+0000] {processor.py:836} INFO - DAG(s) dict_keys(['latest_only_with_trigger']) retrieved from /home/airflow/.local/lib/python3.7/site-packages/airflow/example_dags/example_latest_only_with_trigger.py
[2024-02-25T12:51:11.714+0000] {logging_mixin.py:150} INFO - [2024-02-25T12:51:11.714+0000] {dag.py:2742} INFO - Sync 1 DAGs
[2024-02-25T12:51:11.743+0000] {logging_mixin.py:150} INFO - [2024-02-25T12:51:11.743+0000] {dag.py:3508} INFO - Setting next_dagrun for latest_only_with_trigger to 2024-02-25T08:51:11.742857+00:00, run_after=2024-02-25T12:51:11.742857+00:00
[2024-02-25T12:51:11.767+0000] {processor.py:179} INFO - Processing /home/airflow/.local/lib/python3.7/site-packages/airflow/example_dags/example_latest_only_with_trigger.py took 0.102 seconds
[2024-02-25T12:51:42.405+0000] {processor.py:157} INFO - Started process (PID=4333) to work on /home/airflow/.local/lib/python3.7/site-packages/airflow/example_dags/example_latest_only_with_trigger.py
[2024-02-25T12:51:42.407+0000] {processor.py:826} INFO - Processing file /home/airflow/.local/lib/python3.7/site-packages/airflow/example_dags/example_latest_only_with_trigger.py for tasks to queue
[2024-02-25T12:51:42.409+0000] {logging_mixin.py:150} INFO - [2024-02-25T12:51:42.408+0000] {dagbag.py:541} INFO - Filling up the DagBag from /home/airflow/.local/lib/python3.7/site-packages/airflow/example_dags/example_latest_only_with_trigger.py
[2024-02-25T12:51:42.420+0000] {processor.py:836} INFO - DAG(s) dict_keys(['latest_only_with_trigger']) retrieved from /home/airflow/.local/lib/python3.7/site-packages/airflow/example_dags/example_latest_only_with_trigger.py
[2024-02-25T12:51:42.449+0000] {logging_mixin.py:150} INFO - [2024-02-25T12:51:42.449+0000] {dag.py:2742} INFO - Sync 1 DAGs
[2024-02-25T12:51:42.480+0000] {logging_mixin.py:150} INFO - [2024-02-25T12:51:42.480+0000] {dag.py:3508} INFO - Setting next_dagrun for latest_only_with_trigger to 2024-02-25T08:51:42.480284+00:00, run_after=2024-02-25T12:51:42.480284+00:00
[2024-02-25T12:51:42.503+0000] {processor.py:179} INFO - Processing /home/airflow/.local/lib/python3.7/site-packages/airflow/example_dags/example_latest_only_with_trigger.py took 0.105 seconds
[2024-02-25T12:52:13.128+0000] {processor.py:157} INFO - Started process (PID=4574) to work on /home/airflow/.local/lib/python3.7/site-packages/airflow/example_dags/example_latest_only_with_trigger.py
[2024-02-25T12:52:13.129+0000] {processor.py:826} INFO - Processing file /home/airflow/.local/lib/python3.7/site-packages/airflow/example_dags/example_latest_only_with_trigger.py for tasks to queue
[2024-02-25T12:52:13.130+0000] {logging_mixin.py:150} INFO - [2024-02-25T12:52:13.130+0000] {dagbag.py:541} INFO - Filling up the DagBag from /home/airflow/.local/lib/python3.7/site-packages/airflow/example_dags/example_latest_only_with_trigger.py
[2024-02-25T12:52:13.138+0000] {processor.py:836} INFO - DAG(s) dict_keys(['latest_only_with_trigger']) retrieved from /home/airflow/.local/lib/python3.7/site-packages/airflow/example_dags/example_latest_only_with_trigger.py
[2024-02-25T12:52:13.167+0000] {logging_mixin.py:150} INFO - [2024-02-25T12:52:13.167+0000] {dag.py:2742} INFO - Sync 1 DAGs
[2024-02-25T12:52:13.199+0000] {logging_mixin.py:150} INFO - [2024-02-25T12:52:13.199+0000] {dag.py:3508} INFO - Setting next_dagrun for latest_only_with_trigger to 2024-02-25T08:52:13.199388+00:00, run_after=2024-02-25T12:52:13.199388+00:00
[2024-02-25T12:52:13.224+0000] {processor.py:179} INFO - Processing /home/airflow/.local/lib/python3.7/site-packages/airflow/example_dags/example_latest_only_with_trigger.py took 0.103 seconds
[2024-02-25T12:52:43.417+0000] {processor.py:157} INFO - Started process (PID=4815) to work on /home/airflow/.local/lib/python3.7/site-packages/airflow/example_dags/example_latest_only_with_trigger.py
[2024-02-25T12:52:43.418+0000] {processor.py:826} INFO - Processing file /home/airflow/.local/lib/python3.7/site-packages/airflow/example_dags/example_latest_only_with_trigger.py for tasks to queue
[2024-02-25T12:52:43.419+0000] {logging_mixin.py:150} INFO - [2024-02-25T12:52:43.419+0000] {dagbag.py:541} INFO - Filling up the DagBag from /home/airflow/.local/lib/python3.7/site-packages/airflow/example_dags/example_latest_only_with_trigger.py
[2024-02-25T12:52:43.426+0000] {processor.py:836} INFO - DAG(s) dict_keys(['latest_only_with_trigger']) retrieved from /home/airflow/.local/lib/python3.7/site-packages/airflow/example_dags/example_latest_only_with_trigger.py
[2024-02-25T12:52:43.466+0000] {logging_mixin.py:150} INFO - [2024-02-25T12:52:43.465+0000] {dag.py:2742} INFO - Sync 1 DAGs
[2024-02-25T12:52:43.511+0000] {logging_mixin.py:150} INFO - [2024-02-25T12:52:43.511+0000] {dag.py:3508} INFO - Setting next_dagrun for latest_only_with_trigger to 2024-02-25T08:52:43.511026+00:00, run_after=2024-02-25T12:52:43.511026+00:00
[2024-02-25T12:52:43.549+0000] {processor.py:179} INFO - Processing /home/airflow/.local/lib/python3.7/site-packages/airflow/example_dags/example_latest_only_with_trigger.py took 0.136 seconds
[2024-02-25T12:53:13.667+0000] {processor.py:157} INFO - Started process (PID=5056) to work on /home/airflow/.local/lib/python3.7/site-packages/airflow/example_dags/example_latest_only_with_trigger.py
[2024-02-25T12:53:13.668+0000] {processor.py:826} INFO - Processing file /home/airflow/.local/lib/python3.7/site-packages/airflow/example_dags/example_latest_only_with_trigger.py for tasks to queue
[2024-02-25T12:53:13.670+0000] {logging_mixin.py:150} INFO - [2024-02-25T12:53:13.670+0000] {dagbag.py:541} INFO - Filling up the DagBag from /home/airflow/.local/lib/python3.7/site-packages/airflow/example_dags/example_latest_only_with_trigger.py
[2024-02-25T12:53:13.682+0000] {processor.py:836} INFO - DAG(s) dict_keys(['latest_only_with_trigger']) retrieved from /home/airflow/.local/lib/python3.7/site-packages/airflow/example_dags/example_latest_only_with_trigger.py
[2024-02-25T12:53:13.713+0000] {logging_mixin.py:150} INFO - [2024-02-25T12:53:13.712+0000] {dag.py:2742} INFO - Sync 1 DAGs
[2024-02-25T12:53:13.744+0000] {logging_mixin.py:150} INFO - [2024-02-25T12:53:13.744+0000] {dag.py:3508} INFO - Setting next_dagrun for latest_only_with_trigger to 2024-02-25T08:53:13.744240+00:00, run_after=2024-02-25T12:53:13.744240+00:00
[2024-02-25T12:53:13.770+0000] {processor.py:179} INFO - Processing /home/airflow/.local/lib/python3.7/site-packages/airflow/example_dags/example_latest_only_with_trigger.py took 0.110 seconds
[2024-02-25T12:53:44.744+0000] {processor.py:157} INFO - Started process (PID=5297) to work on /home/airflow/.local/lib/python3.7/site-packages/airflow/example_dags/example_latest_only_with_trigger.py
[2024-02-25T12:53:44.746+0000] {processor.py:826} INFO - Processing file /home/airflow/.local/lib/python3.7/site-packages/airflow/example_dags/example_latest_only_with_trigger.py for tasks to queue
[2024-02-25T12:53:44.747+0000] {logging_mixin.py:150} INFO - [2024-02-25T12:53:44.746+0000] {dagbag.py:541} INFO - Filling up the DagBag from /home/airflow/.local/lib/python3.7/site-packages/airflow/example_dags/example_latest_only_with_trigger.py
[2024-02-25T12:53:44.757+0000] {processor.py:836} INFO - DAG(s) dict_keys(['latest_only_with_trigger']) retrieved from /home/airflow/.local/lib/python3.7/site-packages/airflow/example_dags/example_latest_only_with_trigger.py
[2024-02-25T12:53:44.787+0000] {logging_mixin.py:150} INFO - [2024-02-25T12:53:44.787+0000] {dag.py:2742} INFO - Sync 1 DAGs
[2024-02-25T12:53:44.837+0000] {logging_mixin.py:150} INFO - [2024-02-25T12:53:44.836+0000] {dag.py:3508} INFO - Setting next_dagrun for latest_only_with_trigger to 2024-02-25T08:53:44.836636+00:00, run_after=2024-02-25T12:53:44.836636+00:00
[2024-02-25T12:53:44.872+0000] {processor.py:179} INFO - Processing /home/airflow/.local/lib/python3.7/site-packages/airflow/example_dags/example_latest_only_with_trigger.py took 0.133 seconds
[2024-02-25T12:54:15.406+0000] {processor.py:157} INFO - Started process (PID=5538) to work on /home/airflow/.local/lib/python3.7/site-packages/airflow/example_dags/example_latest_only_with_trigger.py
[2024-02-25T12:54:15.407+0000] {processor.py:826} INFO - Processing file /home/airflow/.local/lib/python3.7/site-packages/airflow/example_dags/example_latest_only_with_trigger.py for tasks to queue
[2024-02-25T12:54:15.408+0000] {logging_mixin.py:150} INFO - [2024-02-25T12:54:15.408+0000] {dagbag.py:541} INFO - Filling up the DagBag from /home/airflow/.local/lib/python3.7/site-packages/airflow/example_dags/example_latest_only_with_trigger.py
[2024-02-25T12:54:15.416+0000] {processor.py:836} INFO - DAG(s) dict_keys(['latest_only_with_trigger']) retrieved from /home/airflow/.local/lib/python3.7/site-packages/airflow/example_dags/example_latest_only_with_trigger.py
[2024-02-25T12:54:15.449+0000] {logging_mixin.py:150} INFO - [2024-02-25T12:54:15.449+0000] {dag.py:2742} INFO - Sync 1 DAGs
[2024-02-25T12:54:15.479+0000] {logging_mixin.py:150} INFO - [2024-02-25T12:54:15.479+0000] {dag.py:3508} INFO - Setting next_dagrun for latest_only_with_trigger to 2024-02-25T08:54:15.479119+00:00, run_after=2024-02-25T12:54:15.479119+00:00
[2024-02-25T12:54:15.511+0000] {processor.py:179} INFO - Processing /home/airflow/.local/lib/python3.7/site-packages/airflow/example_dags/example_latest_only_with_trigger.py took 0.111 seconds
[2024-02-25T12:54:46.074+0000] {processor.py:157} INFO - Started process (PID=5779) to work on /home/airflow/.local/lib/python3.7/site-packages/airflow/example_dags/example_latest_only_with_trigger.py
[2024-02-25T12:54:46.078+0000] {processor.py:826} INFO - Processing file /home/airflow/.local/lib/python3.7/site-packages/airflow/example_dags/example_latest_only_with_trigger.py for tasks to queue
[2024-02-25T12:54:46.082+0000] {logging_mixin.py:150} INFO - [2024-02-25T12:54:46.081+0000] {dagbag.py:541} INFO - Filling up the DagBag from /home/airflow/.local/lib/python3.7/site-packages/airflow/example_dags/example_latest_only_with_trigger.py
[2024-02-25T12:54:46.100+0000] {processor.py:836} INFO - DAG(s) dict_keys(['latest_only_with_trigger']) retrieved from /home/airflow/.local/lib/python3.7/site-packages/airflow/example_dags/example_latest_only_with_trigger.py
[2024-02-25T12:54:46.135+0000] {logging_mixin.py:150} INFO - [2024-02-25T12:54:46.135+0000] {dag.py:2742} INFO - Sync 1 DAGs
[2024-02-25T12:54:46.164+0000] {logging_mixin.py:150} INFO - [2024-02-25T12:54:46.164+0000] {dag.py:3508} INFO - Setting next_dagrun for latest_only_with_trigger to 2024-02-25T08:54:46.164012+00:00, run_after=2024-02-25T12:54:46.164012+00:00
[2024-02-25T12:54:46.192+0000] {processor.py:179} INFO - Processing /home/airflow/.local/lib/python3.7/site-packages/airflow/example_dags/example_latest_only_with_trigger.py took 0.138 seconds
[2024-02-25T12:55:16.676+0000] {processor.py:157} INFO - Started process (PID=6019) to work on /home/airflow/.local/lib/python3.7/site-packages/airflow/example_dags/example_latest_only_with_trigger.py
[2024-02-25T12:55:16.680+0000] {processor.py:826} INFO - Processing file /home/airflow/.local/lib/python3.7/site-packages/airflow/example_dags/example_latest_only_with_trigger.py for tasks to queue
[2024-02-25T12:55:16.685+0000] {logging_mixin.py:150} INFO - [2024-02-25T12:55:16.683+0000] {dagbag.py:541} INFO - Filling up the DagBag from /home/airflow/.local/lib/python3.7/site-packages/airflow/example_dags/example_latest_only_with_trigger.py
[2024-02-25T12:55:16.712+0000] {processor.py:836} INFO - DAG(s) dict_keys(['latest_only_with_trigger']) retrieved from /home/airflow/.local/lib/python3.7/site-packages/airflow/example_dags/example_latest_only_with_trigger.py
[2024-02-25T12:55:16.766+0000] {logging_mixin.py:150} INFO - [2024-02-25T12:55:16.765+0000] {dag.py:2742} INFO - Sync 1 DAGs
[2024-02-25T12:55:16.796+0000] {logging_mixin.py:150} INFO - [2024-02-25T12:55:16.796+0000] {dag.py:3508} INFO - Setting next_dagrun for latest_only_with_trigger to 2024-02-25T08:55:16.795718+00:00, run_after=2024-02-25T12:55:16.795718+00:00
[2024-02-25T12:55:16.826+0000] {processor.py:179} INFO - Processing /home/airflow/.local/lib/python3.7/site-packages/airflow/example_dags/example_latest_only_with_trigger.py took 0.170 seconds
[2024-02-25T12:55:47.404+0000] {processor.py:157} INFO - Started process (PID=6260) to work on /home/airflow/.local/lib/python3.7/site-packages/airflow/example_dags/example_latest_only_with_trigger.py
[2024-02-25T12:55:47.406+0000] {processor.py:826} INFO - Processing file /home/airflow/.local/lib/python3.7/site-packages/airflow/example_dags/example_latest_only_with_trigger.py for tasks to queue
[2024-02-25T12:55:47.407+0000] {logging_mixin.py:150} INFO - [2024-02-25T12:55:47.407+0000] {dagbag.py:541} INFO - Filling up the DagBag from /home/airflow/.local/lib/python3.7/site-packages/airflow/example_dags/example_latest_only_with_trigger.py
[2024-02-25T12:55:47.418+0000] {processor.py:836} INFO - DAG(s) dict_keys(['latest_only_with_trigger']) retrieved from /home/airflow/.local/lib/python3.7/site-packages/airflow/example_dags/example_latest_only_with_trigger.py
[2024-02-25T12:55:47.452+0000] {logging_mixin.py:150} INFO - [2024-02-25T12:55:47.452+0000] {dag.py:2742} INFO - Sync 1 DAGs
[2024-02-25T12:55:47.490+0000] {logging_mixin.py:150} INFO - [2024-02-25T12:55:47.490+0000] {dag.py:3508} INFO - Setting next_dagrun for latest_only_with_trigger to 2024-02-25T08:55:47.490065+00:00, run_after=2024-02-25T12:55:47.490065+00:00
[2024-02-25T12:55:47.514+0000] {processor.py:179} INFO - Processing /home/airflow/.local/lib/python3.7/site-packages/airflow/example_dags/example_latest_only_with_trigger.py took 0.117 seconds
[2024-02-25T12:56:17.589+0000] {processor.py:157} INFO - Started process (PID=6501) to work on /home/airflow/.local/lib/python3.7/site-packages/airflow/example_dags/example_latest_only_with_trigger.py
[2024-02-25T12:56:17.592+0000] {processor.py:826} INFO - Processing file /home/airflow/.local/lib/python3.7/site-packages/airflow/example_dags/example_latest_only_with_trigger.py for tasks to queue
[2024-02-25T12:56:17.596+0000] {logging_mixin.py:150} INFO - [2024-02-25T12:56:17.595+0000] {dagbag.py:541} INFO - Filling up the DagBag from /home/airflow/.local/lib/python3.7/site-packages/airflow/example_dags/example_latest_only_with_trigger.py
[2024-02-25T12:56:17.625+0000] {processor.py:836} INFO - DAG(s) dict_keys(['latest_only_with_trigger']) retrieved from /home/airflow/.local/lib/python3.7/site-packages/airflow/example_dags/example_latest_only_with_trigger.py
[2024-02-25T12:56:17.661+0000] {logging_mixin.py:150} INFO - [2024-02-25T12:56:17.661+0000] {dag.py:2742} INFO - Sync 1 DAGs
[2024-02-25T12:56:17.691+0000] {logging_mixin.py:150} INFO - [2024-02-25T12:56:17.691+0000] {dag.py:3508} INFO - Setting next_dagrun for latest_only_with_trigger to 2024-02-25T08:56:17.691102+00:00, run_after=2024-02-25T12:56:17.691102+00:00
[2024-02-25T12:56:17.717+0000] {processor.py:179} INFO - Processing /home/airflow/.local/lib/python3.7/site-packages/airflow/example_dags/example_latest_only_with_trigger.py took 0.143 seconds
[2024-02-25T12:56:47.870+0000] {processor.py:157} INFO - Started process (PID=6742) to work on /home/airflow/.local/lib/python3.7/site-packages/airflow/example_dags/example_latest_only_with_trigger.py
[2024-02-25T12:56:47.871+0000] {processor.py:826} INFO - Processing file /home/airflow/.local/lib/python3.7/site-packages/airflow/example_dags/example_latest_only_with_trigger.py for tasks to queue
[2024-02-25T12:56:47.873+0000] {logging_mixin.py:150} INFO - [2024-02-25T12:56:47.873+0000] {dagbag.py:541} INFO - Filling up the DagBag from /home/airflow/.local/lib/python3.7/site-packages/airflow/example_dags/example_latest_only_with_trigger.py
[2024-02-25T12:56:47.886+0000] {processor.py:836} INFO - DAG(s) dict_keys(['latest_only_with_trigger']) retrieved from /home/airflow/.local/lib/python3.7/site-packages/airflow/example_dags/example_latest_only_with_trigger.py
[2024-02-25T12:56:47.923+0000] {logging_mixin.py:150} INFO - [2024-02-25T12:56:47.922+0000] {dag.py:2742} INFO - Sync 1 DAGs
[2024-02-25T12:56:47.957+0000] {logging_mixin.py:150} INFO - [2024-02-25T12:56:47.957+0000] {dag.py:3508} INFO - Setting next_dagrun for latest_only_with_trigger to 2024-02-25T08:56:47.957165+00:00, run_after=2024-02-25T12:56:47.957165+00:00
[2024-02-25T12:56:47.979+0000] {processor.py:179} INFO - Processing /home/airflow/.local/lib/python3.7/site-packages/airflow/example_dags/example_latest_only_with_trigger.py took 0.124 seconds
