[2024-02-25T12:43:01.712+0000] {processor.py:157} INFO - Started process (PID=261) to work on /home/airflow/.local/lib/python3.7/site-packages/airflow/example_dags/example_xcom.py
[2024-02-25T12:43:01.713+0000] {processor.py:826} INFO - Processing file /home/airflow/.local/lib/python3.7/site-packages/airflow/example_dags/example_xcom.py for tasks to queue
[2024-02-25T12:43:01.714+0000] {logging_mixin.py:150} INFO - [2024-02-25T12:43:01.714+0000] {dagbag.py:541} INFO - Filling up the DagBag from /home/airflow/.local/lib/python3.7/site-packages/airflow/example_dags/example_xcom.py
[2024-02-25T12:43:01.725+0000] {processor.py:836} INFO - DAG(s) dict_keys(['example_xcom']) retrieved from /home/airflow/.local/lib/python3.7/site-packages/airflow/example_dags/example_xcom.py
[2024-02-25T12:43:01.741+0000] {logging_mixin.py:150} INFO - [2024-02-25T12:43:01.741+0000] {dag.py:2742} INFO - Sync 1 DAGs
[2024-02-25T12:43:01.782+0000] {logging_mixin.py:150} INFO - [2024-02-25T12:43:01.782+0000] {dag.py:3508} INFO - Setting next_dagrun for example_xcom to 2021-01-01T00:00:00+00:00, run_after=2021-01-01T00:00:00+00:00
[2024-02-25T12:43:01.810+0000] {processor.py:179} INFO - Processing /home/airflow/.local/lib/python3.7/site-packages/airflow/example_dags/example_xcom.py took 0.101 seconds
[2024-02-25T12:43:32.595+0000] {processor.py:157} INFO - Started process (PID=501) to work on /home/airflow/.local/lib/python3.7/site-packages/airflow/example_dags/example_xcom.py
[2024-02-25T12:43:32.596+0000] {processor.py:826} INFO - Processing file /home/airflow/.local/lib/python3.7/site-packages/airflow/example_dags/example_xcom.py for tasks to queue
[2024-02-25T12:43:32.597+0000] {logging_mixin.py:150} INFO - [2024-02-25T12:43:32.597+0000] {dagbag.py:541} INFO - Filling up the DagBag from /home/airflow/.local/lib/python3.7/site-packages/airflow/example_dags/example_xcom.py
[2024-02-25T12:43:32.609+0000] {processor.py:836} INFO - DAG(s) dict_keys(['example_xcom']) retrieved from /home/airflow/.local/lib/python3.7/site-packages/airflow/example_dags/example_xcom.py
[2024-02-25T12:43:32.637+0000] {logging_mixin.py:150} INFO - [2024-02-25T12:43:32.637+0000] {dag.py:2742} INFO - Sync 1 DAGs
[2024-02-25T12:43:32.672+0000] {logging_mixin.py:150} INFO - [2024-02-25T12:43:32.671+0000] {dag.py:3508} INFO - Setting next_dagrun for example_xcom to 2021-01-01T00:00:00+00:00, run_after=2021-01-01T00:00:00+00:00
[2024-02-25T12:43:32.706+0000] {processor.py:179} INFO - Processing /home/airflow/.local/lib/python3.7/site-packages/airflow/example_dags/example_xcom.py took 0.116 seconds
[2024-02-25T12:44:03.629+0000] {processor.py:157} INFO - Started process (PID=743) to work on /home/airflow/.local/lib/python3.7/site-packages/airflow/example_dags/example_xcom.py
[2024-02-25T12:44:03.630+0000] {processor.py:826} INFO - Processing file /home/airflow/.local/lib/python3.7/site-packages/airflow/example_dags/example_xcom.py for tasks to queue
[2024-02-25T12:44:03.632+0000] {logging_mixin.py:150} INFO - [2024-02-25T12:44:03.631+0000] {dagbag.py:541} INFO - Filling up the DagBag from /home/airflow/.local/lib/python3.7/site-packages/airflow/example_dags/example_xcom.py
[2024-02-25T12:44:03.640+0000] {processor.py:836} INFO - DAG(s) dict_keys(['example_xcom']) retrieved from /home/airflow/.local/lib/python3.7/site-packages/airflow/example_dags/example_xcom.py
[2024-02-25T12:44:03.656+0000] {logging_mixin.py:150} INFO - [2024-02-25T12:44:03.656+0000] {dag.py:2742} INFO - Sync 1 DAGs
[2024-02-25T12:44:03.701+0000] {logging_mixin.py:150} INFO - [2024-02-25T12:44:03.701+0000] {dag.py:3508} INFO - Setting next_dagrun for example_xcom to 2021-01-01T00:00:00+00:00, run_after=2021-01-01T00:00:00+00:00
[2024-02-25T12:44:03.733+0000] {processor.py:179} INFO - Processing /home/airflow/.local/lib/python3.7/site-packages/airflow/example_dags/example_xcom.py took 0.107 seconds
[2024-02-25T12:44:34.366+0000] {processor.py:157} INFO - Started process (PID=984) to work on /home/airflow/.local/lib/python3.7/site-packages/airflow/example_dags/example_xcom.py
[2024-02-25T12:44:34.368+0000] {processor.py:826} INFO - Processing file /home/airflow/.local/lib/python3.7/site-packages/airflow/example_dags/example_xcom.py for tasks to queue
[2024-02-25T12:44:34.368+0000] {logging_mixin.py:150} INFO - [2024-02-25T12:44:34.368+0000] {dagbag.py:541} INFO - Filling up the DagBag from /home/airflow/.local/lib/python3.7/site-packages/airflow/example_dags/example_xcom.py
[2024-02-25T12:44:34.376+0000] {processor.py:836} INFO - DAG(s) dict_keys(['example_xcom']) retrieved from /home/airflow/.local/lib/python3.7/site-packages/airflow/example_dags/example_xcom.py
[2024-02-25T12:44:34.418+0000] {logging_mixin.py:150} INFO - [2024-02-25T12:44:34.417+0000] {dag.py:2742} INFO - Sync 1 DAGs
[2024-02-25T12:44:34.462+0000] {logging_mixin.py:150} INFO - [2024-02-25T12:44:34.462+0000] {dag.py:3508} INFO - Setting next_dagrun for example_xcom to 2021-01-01T00:00:00+00:00, run_after=2021-01-01T00:00:00+00:00
[2024-02-25T12:44:34.495+0000] {processor.py:179} INFO - Processing /home/airflow/.local/lib/python3.7/site-packages/airflow/example_dags/example_xcom.py took 0.132 seconds
[2024-02-25T12:45:05.494+0000] {processor.py:157} INFO - Started process (PID=1225) to work on /home/airflow/.local/lib/python3.7/site-packages/airflow/example_dags/example_xcom.py
[2024-02-25T12:45:05.496+0000] {processor.py:826} INFO - Processing file /home/airflow/.local/lib/python3.7/site-packages/airflow/example_dags/example_xcom.py for tasks to queue
[2024-02-25T12:45:05.496+0000] {logging_mixin.py:150} INFO - [2024-02-25T12:45:05.496+0000] {dagbag.py:541} INFO - Filling up the DagBag from /home/airflow/.local/lib/python3.7/site-packages/airflow/example_dags/example_xcom.py
[2024-02-25T12:45:05.509+0000] {processor.py:836} INFO - DAG(s) dict_keys(['example_xcom']) retrieved from /home/airflow/.local/lib/python3.7/site-packages/airflow/example_dags/example_xcom.py
[2024-02-25T12:45:05.547+0000] {logging_mixin.py:150} INFO - [2024-02-25T12:45:05.547+0000] {dag.py:2742} INFO - Sync 1 DAGs
[2024-02-25T12:45:05.587+0000] {logging_mixin.py:150} INFO - [2024-02-25T12:45:05.587+0000] {dag.py:3508} INFO - Setting next_dagrun for example_xcom to 2021-01-01T00:00:00+00:00, run_after=2021-01-01T00:00:00+00:00
[2024-02-25T12:45:05.632+0000] {processor.py:179} INFO - Processing /home/airflow/.local/lib/python3.7/site-packages/airflow/example_dags/example_xcom.py took 0.142 seconds
[2024-02-25T12:45:35.964+0000] {processor.py:157} INFO - Started process (PID=1473) to work on /home/airflow/.local/lib/python3.7/site-packages/airflow/example_dags/example_xcom.py
[2024-02-25T12:45:35.965+0000] {processor.py:826} INFO - Processing file /home/airflow/.local/lib/python3.7/site-packages/airflow/example_dags/example_xcom.py for tasks to queue
[2024-02-25T12:45:35.966+0000] {logging_mixin.py:150} INFO - [2024-02-25T12:45:35.966+0000] {dagbag.py:541} INFO - Filling up the DagBag from /home/airflow/.local/lib/python3.7/site-packages/airflow/example_dags/example_xcom.py
[2024-02-25T12:45:35.976+0000] {processor.py:836} INFO - DAG(s) dict_keys(['example_xcom']) retrieved from /home/airflow/.local/lib/python3.7/site-packages/airflow/example_dags/example_xcom.py
[2024-02-25T12:45:36.008+0000] {logging_mixin.py:150} INFO - [2024-02-25T12:45:36.008+0000] {dag.py:2742} INFO - Sync 1 DAGs
[2024-02-25T12:45:36.054+0000] {logging_mixin.py:150} INFO - [2024-02-25T12:45:36.054+0000] {dag.py:3508} INFO - Setting next_dagrun for example_xcom to 2021-01-01T00:00:00+00:00, run_after=2021-01-01T00:00:00+00:00
[2024-02-25T12:45:36.165+0000] {processor.py:179} INFO - Processing /home/airflow/.local/lib/python3.7/site-packages/airflow/example_dags/example_xcom.py took 0.206 seconds
[2024-02-25T12:46:06.563+0000] {processor.py:157} INFO - Started process (PID=1714) to work on /home/airflow/.local/lib/python3.7/site-packages/airflow/example_dags/example_xcom.py
[2024-02-25T12:46:06.564+0000] {processor.py:826} INFO - Processing file /home/airflow/.local/lib/python3.7/site-packages/airflow/example_dags/example_xcom.py for tasks to queue
[2024-02-25T12:46:06.565+0000] {logging_mixin.py:150} INFO - [2024-02-25T12:46:06.564+0000] {dagbag.py:541} INFO - Filling up the DagBag from /home/airflow/.local/lib/python3.7/site-packages/airflow/example_dags/example_xcom.py
[2024-02-25T12:46:06.578+0000] {processor.py:836} INFO - DAG(s) dict_keys(['example_xcom']) retrieved from /home/airflow/.local/lib/python3.7/site-packages/airflow/example_dags/example_xcom.py
[2024-02-25T12:46:06.620+0000] {logging_mixin.py:150} INFO - [2024-02-25T12:46:06.620+0000] {dag.py:2742} INFO - Sync 1 DAGs
[2024-02-25T12:46:06.667+0000] {logging_mixin.py:150} INFO - [2024-02-25T12:46:06.666+0000] {dag.py:3508} INFO - Setting next_dagrun for example_xcom to 2021-01-01T00:00:00+00:00, run_after=2021-01-01T00:00:00+00:00
[2024-02-25T12:46:06.703+0000] {processor.py:179} INFO - Processing /home/airflow/.local/lib/python3.7/site-packages/airflow/example_dags/example_xcom.py took 0.145 seconds
[2024-02-25T12:46:37.090+0000] {processor.py:157} INFO - Started process (PID=1955) to work on /home/airflow/.local/lib/python3.7/site-packages/airflow/example_dags/example_xcom.py
[2024-02-25T12:46:37.091+0000] {processor.py:826} INFO - Processing file /home/airflow/.local/lib/python3.7/site-packages/airflow/example_dags/example_xcom.py for tasks to queue
[2024-02-25T12:46:37.092+0000] {logging_mixin.py:150} INFO - [2024-02-25T12:46:37.092+0000] {dagbag.py:541} INFO - Filling up the DagBag from /home/airflow/.local/lib/python3.7/site-packages/airflow/example_dags/example_xcom.py
[2024-02-25T12:46:37.104+0000] {processor.py:836} INFO - DAG(s) dict_keys(['example_xcom']) retrieved from /home/airflow/.local/lib/python3.7/site-packages/airflow/example_dags/example_xcom.py
[2024-02-25T12:46:37.138+0000] {logging_mixin.py:150} INFO - [2024-02-25T12:46:37.138+0000] {dag.py:2742} INFO - Sync 1 DAGs
[2024-02-25T12:46:37.182+0000] {logging_mixin.py:150} INFO - [2024-02-25T12:46:37.182+0000] {dag.py:3508} INFO - Setting next_dagrun for example_xcom to 2021-01-01T00:00:00+00:00, run_after=2021-01-01T00:00:00+00:00
[2024-02-25T12:46:37.219+0000] {processor.py:179} INFO - Processing /home/airflow/.local/lib/python3.7/site-packages/airflow/example_dags/example_xcom.py took 0.133 seconds
[2024-02-25T12:47:07.934+0000] {processor.py:157} INFO - Started process (PID=2196) to work on /home/airflow/.local/lib/python3.7/site-packages/airflow/example_dags/example_xcom.py
[2024-02-25T12:47:07.935+0000] {processor.py:826} INFO - Processing file /home/airflow/.local/lib/python3.7/site-packages/airflow/example_dags/example_xcom.py for tasks to queue
[2024-02-25T12:47:07.937+0000] {logging_mixin.py:150} INFO - [2024-02-25T12:47:07.936+0000] {dagbag.py:541} INFO - Filling up the DagBag from /home/airflow/.local/lib/python3.7/site-packages/airflow/example_dags/example_xcom.py
[2024-02-25T12:47:07.947+0000] {processor.py:836} INFO - DAG(s) dict_keys(['example_xcom']) retrieved from /home/airflow/.local/lib/python3.7/site-packages/airflow/example_dags/example_xcom.py
[2024-02-25T12:47:07.991+0000] {logging_mixin.py:150} INFO - [2024-02-25T12:47:07.991+0000] {dag.py:2742} INFO - Sync 1 DAGs
[2024-02-25T12:47:08.037+0000] {logging_mixin.py:150} INFO - [2024-02-25T12:47:08.037+0000] {dag.py:3508} INFO - Setting next_dagrun for example_xcom to 2021-01-01T00:00:00+00:00, run_after=2021-01-01T00:00:00+00:00
[2024-02-25T12:47:08.076+0000] {processor.py:179} INFO - Processing /home/airflow/.local/lib/python3.7/site-packages/airflow/example_dags/example_xcom.py took 0.147 seconds
[2024-02-25T12:47:38.619+0000] {processor.py:157} INFO - Started process (PID=2437) to work on /home/airflow/.local/lib/python3.7/site-packages/airflow/example_dags/example_xcom.py
[2024-02-25T12:47:38.619+0000] {processor.py:826} INFO - Processing file /home/airflow/.local/lib/python3.7/site-packages/airflow/example_dags/example_xcom.py for tasks to queue
[2024-02-25T12:47:38.620+0000] {logging_mixin.py:150} INFO - [2024-02-25T12:47:38.620+0000] {dagbag.py:541} INFO - Filling up the DagBag from /home/airflow/.local/lib/python3.7/site-packages/airflow/example_dags/example_xcom.py
[2024-02-25T12:47:38.631+0000] {processor.py:836} INFO - DAG(s) dict_keys(['example_xcom']) retrieved from /home/airflow/.local/lib/python3.7/site-packages/airflow/example_dags/example_xcom.py
[2024-02-25T12:47:38.664+0000] {logging_mixin.py:150} INFO - [2024-02-25T12:47:38.664+0000] {dag.py:2742} INFO - Sync 1 DAGs
[2024-02-25T12:47:38.696+0000] {logging_mixin.py:150} INFO - [2024-02-25T12:47:38.696+0000] {dag.py:3508} INFO - Setting next_dagrun for example_xcom to 2021-01-01T00:00:00+00:00, run_after=2021-01-01T00:00:00+00:00
[2024-02-25T12:47:38.724+0000] {processor.py:179} INFO - Processing /home/airflow/.local/lib/python3.7/site-packages/airflow/example_dags/example_xcom.py took 0.110 seconds
[2024-02-25T12:48:09.063+0000] {processor.py:157} INFO - Started process (PID=2678) to work on /home/airflow/.local/lib/python3.7/site-packages/airflow/example_dags/example_xcom.py
[2024-02-25T12:48:09.065+0000] {processor.py:826} INFO - Processing file /home/airflow/.local/lib/python3.7/site-packages/airflow/example_dags/example_xcom.py for tasks to queue
[2024-02-25T12:48:09.066+0000] {logging_mixin.py:150} INFO - [2024-02-25T12:48:09.066+0000] {dagbag.py:541} INFO - Filling up the DagBag from /home/airflow/.local/lib/python3.7/site-packages/airflow/example_dags/example_xcom.py
[2024-02-25T12:48:09.078+0000] {processor.py:836} INFO - DAG(s) dict_keys(['example_xcom']) retrieved from /home/airflow/.local/lib/python3.7/site-packages/airflow/example_dags/example_xcom.py
[2024-02-25T12:48:09.120+0000] {logging_mixin.py:150} INFO - [2024-02-25T12:48:09.120+0000] {dag.py:2742} INFO - Sync 1 DAGs
[2024-02-25T12:48:09.168+0000] {logging_mixin.py:150} INFO - [2024-02-25T12:48:09.168+0000] {dag.py:3508} INFO - Setting next_dagrun for example_xcom to 2021-01-01T00:00:00+00:00, run_after=2021-01-01T00:00:00+00:00
[2024-02-25T12:48:09.193+0000] {processor.py:179} INFO - Processing /home/airflow/.local/lib/python3.7/site-packages/airflow/example_dags/example_xcom.py took 0.135 seconds
[2024-02-25T12:48:39.659+0000] {processor.py:157} INFO - Started process (PID=2920) to work on /home/airflow/.local/lib/python3.7/site-packages/airflow/example_dags/example_xcom.py
[2024-02-25T12:48:39.660+0000] {processor.py:826} INFO - Processing file /home/airflow/.local/lib/python3.7/site-packages/airflow/example_dags/example_xcom.py for tasks to queue
[2024-02-25T12:48:39.661+0000] {logging_mixin.py:150} INFO - [2024-02-25T12:48:39.661+0000] {dagbag.py:541} INFO - Filling up the DagBag from /home/airflow/.local/lib/python3.7/site-packages/airflow/example_dags/example_xcom.py
[2024-02-25T12:48:39.669+0000] {processor.py:836} INFO - DAG(s) dict_keys(['example_xcom']) retrieved from /home/airflow/.local/lib/python3.7/site-packages/airflow/example_dags/example_xcom.py
[2024-02-25T12:48:39.706+0000] {logging_mixin.py:150} INFO - [2024-02-25T12:48:39.706+0000] {dag.py:2742} INFO - Sync 1 DAGs
[2024-02-25T12:48:39.745+0000] {logging_mixin.py:150} INFO - [2024-02-25T12:48:39.745+0000] {dag.py:3508} INFO - Setting next_dagrun for example_xcom to 2021-01-01T00:00:00+00:00, run_after=2021-01-01T00:00:00+00:00
[2024-02-25T12:48:39.777+0000] {processor.py:179} INFO - Processing /home/airflow/.local/lib/python3.7/site-packages/airflow/example_dags/example_xcom.py took 0.123 seconds
[2024-02-25T12:49:10.397+0000] {processor.py:157} INFO - Started process (PID=3161) to work on /home/airflow/.local/lib/python3.7/site-packages/airflow/example_dags/example_xcom.py
[2024-02-25T12:49:10.399+0000] {processor.py:826} INFO - Processing file /home/airflow/.local/lib/python3.7/site-packages/airflow/example_dags/example_xcom.py for tasks to queue
[2024-02-25T12:49:10.400+0000] {logging_mixin.py:150} INFO - [2024-02-25T12:49:10.399+0000] {dagbag.py:541} INFO - Filling up the DagBag from /home/airflow/.local/lib/python3.7/site-packages/airflow/example_dags/example_xcom.py
[2024-02-25T12:49:10.411+0000] {processor.py:836} INFO - DAG(s) dict_keys(['example_xcom']) retrieved from /home/airflow/.local/lib/python3.7/site-packages/airflow/example_dags/example_xcom.py
[2024-02-25T12:49:10.442+0000] {logging_mixin.py:150} INFO - [2024-02-25T12:49:10.442+0000] {dag.py:2742} INFO - Sync 1 DAGs
[2024-02-25T12:49:10.522+0000] {logging_mixin.py:150} INFO - [2024-02-25T12:49:10.521+0000] {dag.py:3508} INFO - Setting next_dagrun for example_xcom to 2021-01-01T00:00:00+00:00, run_after=2021-01-01T00:00:00+00:00
[2024-02-25T12:49:10.564+0000] {processor.py:179} INFO - Processing /home/airflow/.local/lib/python3.7/site-packages/airflow/example_dags/example_xcom.py took 0.171 seconds
[2024-02-25T12:49:41.163+0000] {processor.py:157} INFO - Started process (PID=3402) to work on /home/airflow/.local/lib/python3.7/site-packages/airflow/example_dags/example_xcom.py
[2024-02-25T12:49:41.164+0000] {processor.py:826} INFO - Processing file /home/airflow/.local/lib/python3.7/site-packages/airflow/example_dags/example_xcom.py for tasks to queue
[2024-02-25T12:49:41.165+0000] {logging_mixin.py:150} INFO - [2024-02-25T12:49:41.165+0000] {dagbag.py:541} INFO - Filling up the DagBag from /home/airflow/.local/lib/python3.7/site-packages/airflow/example_dags/example_xcom.py
[2024-02-25T12:49:41.173+0000] {processor.py:836} INFO - DAG(s) dict_keys(['example_xcom']) retrieved from /home/airflow/.local/lib/python3.7/site-packages/airflow/example_dags/example_xcom.py
[2024-02-25T12:49:41.208+0000] {logging_mixin.py:150} INFO - [2024-02-25T12:49:41.208+0000] {dag.py:2742} INFO - Sync 1 DAGs
[2024-02-25T12:49:41.253+0000] {logging_mixin.py:150} INFO - [2024-02-25T12:49:41.252+0000] {dag.py:3508} INFO - Setting next_dagrun for example_xcom to 2021-01-01T00:00:00+00:00, run_after=2021-01-01T00:00:00+00:00
[2024-02-25T12:49:41.285+0000] {processor.py:179} INFO - Processing /home/airflow/.local/lib/python3.7/site-packages/airflow/example_dags/example_xcom.py took 0.126 seconds
[2024-02-25T12:50:12.302+0000] {processor.py:157} INFO - Started process (PID=3643) to work on /home/airflow/.local/lib/python3.7/site-packages/airflow/example_dags/example_xcom.py
[2024-02-25T12:50:12.303+0000] {processor.py:826} INFO - Processing file /home/airflow/.local/lib/python3.7/site-packages/airflow/example_dags/example_xcom.py for tasks to queue
[2024-02-25T12:50:12.304+0000] {logging_mixin.py:150} INFO - [2024-02-25T12:50:12.303+0000] {dagbag.py:541} INFO - Filling up the DagBag from /home/airflow/.local/lib/python3.7/site-packages/airflow/example_dags/example_xcom.py
[2024-02-25T12:50:12.311+0000] {processor.py:836} INFO - DAG(s) dict_keys(['example_xcom']) retrieved from /home/airflow/.local/lib/python3.7/site-packages/airflow/example_dags/example_xcom.py
[2024-02-25T12:50:12.339+0000] {logging_mixin.py:150} INFO - [2024-02-25T12:50:12.339+0000] {dag.py:2742} INFO - Sync 1 DAGs
[2024-02-25T12:50:12.367+0000] {logging_mixin.py:150} INFO - [2024-02-25T12:50:12.367+0000] {dag.py:3508} INFO - Setting next_dagrun for example_xcom to 2021-01-01T00:00:00+00:00, run_after=2021-01-01T00:00:00+00:00
[2024-02-25T12:50:12.390+0000] {processor.py:179} INFO - Processing /home/airflow/.local/lib/python3.7/site-packages/airflow/example_dags/example_xcom.py took 0.092 seconds
[2024-02-25T12:50:42.888+0000] {processor.py:157} INFO - Started process (PID=3884) to work on /home/airflow/.local/lib/python3.7/site-packages/airflow/example_dags/example_xcom.py
[2024-02-25T12:50:42.889+0000] {processor.py:826} INFO - Processing file /home/airflow/.local/lib/python3.7/site-packages/airflow/example_dags/example_xcom.py for tasks to queue
[2024-02-25T12:50:42.890+0000] {logging_mixin.py:150} INFO - [2024-02-25T12:50:42.889+0000] {dagbag.py:541} INFO - Filling up the DagBag from /home/airflow/.local/lib/python3.7/site-packages/airflow/example_dags/example_xcom.py
[2024-02-25T12:50:42.897+0000] {processor.py:836} INFO - DAG(s) dict_keys(['example_xcom']) retrieved from /home/airflow/.local/lib/python3.7/site-packages/airflow/example_dags/example_xcom.py
[2024-02-25T12:50:42.927+0000] {logging_mixin.py:150} INFO - [2024-02-25T12:50:42.927+0000] {dag.py:2742} INFO - Sync 1 DAGs
[2024-02-25T12:50:42.965+0000] {logging_mixin.py:150} INFO - [2024-02-25T12:50:42.965+0000] {dag.py:3508} INFO - Setting next_dagrun for example_xcom to 2021-01-01T00:00:00+00:00, run_after=2021-01-01T00:00:00+00:00
[2024-02-25T12:50:42.988+0000] {processor.py:179} INFO - Processing /home/airflow/.local/lib/python3.7/site-packages/airflow/example_dags/example_xcom.py took 0.103 seconds
[2024-02-25T12:51:13.324+0000] {processor.py:157} INFO - Started process (PID=4125) to work on /home/airflow/.local/lib/python3.7/site-packages/airflow/example_dags/example_xcom.py
[2024-02-25T12:51:13.325+0000] {processor.py:826} INFO - Processing file /home/airflow/.local/lib/python3.7/site-packages/airflow/example_dags/example_xcom.py for tasks to queue
[2024-02-25T12:51:13.326+0000] {logging_mixin.py:150} INFO - [2024-02-25T12:51:13.326+0000] {dagbag.py:541} INFO - Filling up the DagBag from /home/airflow/.local/lib/python3.7/site-packages/airflow/example_dags/example_xcom.py
[2024-02-25T12:51:13.338+0000] {processor.py:836} INFO - DAG(s) dict_keys(['example_xcom']) retrieved from /home/airflow/.local/lib/python3.7/site-packages/airflow/example_dags/example_xcom.py
[2024-02-25T12:51:13.368+0000] {logging_mixin.py:150} INFO - [2024-02-25T12:51:13.368+0000] {dag.py:2742} INFO - Sync 1 DAGs
[2024-02-25T12:51:13.405+0000] {logging_mixin.py:150} INFO - [2024-02-25T12:51:13.405+0000] {dag.py:3508} INFO - Setting next_dagrun for example_xcom to 2021-01-01T00:00:00+00:00, run_after=2021-01-01T00:00:00+00:00
[2024-02-25T12:51:13.431+0000] {processor.py:179} INFO - Processing /home/airflow/.local/lib/python3.7/site-packages/airflow/example_dags/example_xcom.py took 0.112 seconds
[2024-02-25T12:51:44.088+0000] {processor.py:157} INFO - Started process (PID=4366) to work on /home/airflow/.local/lib/python3.7/site-packages/airflow/example_dags/example_xcom.py
[2024-02-25T12:51:44.089+0000] {processor.py:826} INFO - Processing file /home/airflow/.local/lib/python3.7/site-packages/airflow/example_dags/example_xcom.py for tasks to queue
[2024-02-25T12:51:44.089+0000] {logging_mixin.py:150} INFO - [2024-02-25T12:51:44.089+0000] {dagbag.py:541} INFO - Filling up the DagBag from /home/airflow/.local/lib/python3.7/site-packages/airflow/example_dags/example_xcom.py
[2024-02-25T12:51:44.097+0000] {processor.py:836} INFO - DAG(s) dict_keys(['example_xcom']) retrieved from /home/airflow/.local/lib/python3.7/site-packages/airflow/example_dags/example_xcom.py
[2024-02-25T12:51:44.126+0000] {logging_mixin.py:150} INFO - [2024-02-25T12:51:44.126+0000] {dag.py:2742} INFO - Sync 1 DAGs
[2024-02-25T12:51:44.167+0000] {logging_mixin.py:150} INFO - [2024-02-25T12:51:44.167+0000] {dag.py:3508} INFO - Setting next_dagrun for example_xcom to 2021-01-01T00:00:00+00:00, run_after=2021-01-01T00:00:00+00:00
[2024-02-25T12:51:44.191+0000] {processor.py:179} INFO - Processing /home/airflow/.local/lib/python3.7/site-packages/airflow/example_dags/example_xcom.py took 0.106 seconds
[2024-02-25T12:52:14.709+0000] {processor.py:157} INFO - Started process (PID=4607) to work on /home/airflow/.local/lib/python3.7/site-packages/airflow/example_dags/example_xcom.py
[2024-02-25T12:52:14.710+0000] {processor.py:826} INFO - Processing file /home/airflow/.local/lib/python3.7/site-packages/airflow/example_dags/example_xcom.py for tasks to queue
[2024-02-25T12:52:14.711+0000] {logging_mixin.py:150} INFO - [2024-02-25T12:52:14.710+0000] {dagbag.py:541} INFO - Filling up the DagBag from /home/airflow/.local/lib/python3.7/site-packages/airflow/example_dags/example_xcom.py
[2024-02-25T12:52:14.720+0000] {processor.py:836} INFO - DAG(s) dict_keys(['example_xcom']) retrieved from /home/airflow/.local/lib/python3.7/site-packages/airflow/example_dags/example_xcom.py
[2024-02-25T12:52:14.755+0000] {logging_mixin.py:150} INFO - [2024-02-25T12:52:14.755+0000] {dag.py:2742} INFO - Sync 1 DAGs
[2024-02-25T12:52:14.783+0000] {logging_mixin.py:150} INFO - [2024-02-25T12:52:14.783+0000] {dag.py:3508} INFO - Setting next_dagrun for example_xcom to 2021-01-01T00:00:00+00:00, run_after=2021-01-01T00:00:00+00:00
[2024-02-25T12:52:14.806+0000] {processor.py:179} INFO - Processing /home/airflow/.local/lib/python3.7/site-packages/airflow/example_dags/example_xcom.py took 0.102 seconds
[2024-02-25T12:52:45.125+0000] {processor.py:157} INFO - Started process (PID=4848) to work on /home/airflow/.local/lib/python3.7/site-packages/airflow/example_dags/example_xcom.py
[2024-02-25T12:52:45.126+0000] {processor.py:826} INFO - Processing file /home/airflow/.local/lib/python3.7/site-packages/airflow/example_dags/example_xcom.py for tasks to queue
[2024-02-25T12:52:45.126+0000] {logging_mixin.py:150} INFO - [2024-02-25T12:52:45.126+0000] {dagbag.py:541} INFO - Filling up the DagBag from /home/airflow/.local/lib/python3.7/site-packages/airflow/example_dags/example_xcom.py
[2024-02-25T12:52:45.134+0000] {processor.py:836} INFO - DAG(s) dict_keys(['example_xcom']) retrieved from /home/airflow/.local/lib/python3.7/site-packages/airflow/example_dags/example_xcom.py
[2024-02-25T12:52:45.166+0000] {logging_mixin.py:150} INFO - [2024-02-25T12:52:45.166+0000] {dag.py:2742} INFO - Sync 1 DAGs
[2024-02-25T12:52:45.203+0000] {logging_mixin.py:150} INFO - [2024-02-25T12:52:45.203+0000] {dag.py:3508} INFO - Setting next_dagrun for example_xcom to 2021-01-01T00:00:00+00:00, run_after=2021-01-01T00:00:00+00:00
[2024-02-25T12:52:45.232+0000] {processor.py:179} INFO - Processing /home/airflow/.local/lib/python3.7/site-packages/airflow/example_dags/example_xcom.py took 0.110 seconds
[2024-02-25T12:53:16.179+0000] {processor.py:157} INFO - Started process (PID=5089) to work on /home/airflow/.local/lib/python3.7/site-packages/airflow/example_dags/example_xcom.py
[2024-02-25T12:53:16.180+0000] {processor.py:826} INFO - Processing file /home/airflow/.local/lib/python3.7/site-packages/airflow/example_dags/example_xcom.py for tasks to queue
[2024-02-25T12:53:16.181+0000] {logging_mixin.py:150} INFO - [2024-02-25T12:53:16.181+0000] {dagbag.py:541} INFO - Filling up the DagBag from /home/airflow/.local/lib/python3.7/site-packages/airflow/example_dags/example_xcom.py
[2024-02-25T12:53:16.188+0000] {processor.py:836} INFO - DAG(s) dict_keys(['example_xcom']) retrieved from /home/airflow/.local/lib/python3.7/site-packages/airflow/example_dags/example_xcom.py
[2024-02-25T12:53:16.222+0000] {logging_mixin.py:150} INFO - [2024-02-25T12:53:16.222+0000] {dag.py:2742} INFO - Sync 1 DAGs
[2024-02-25T12:53:16.263+0000] {logging_mixin.py:150} INFO - [2024-02-25T12:53:16.263+0000] {dag.py:3508} INFO - Setting next_dagrun for example_xcom to 2021-01-01T00:00:00+00:00, run_after=2021-01-01T00:00:00+00:00
[2024-02-25T12:53:16.299+0000] {processor.py:179} INFO - Processing /home/airflow/.local/lib/python3.7/site-packages/airflow/example_dags/example_xcom.py took 0.125 seconds
[2024-02-25T12:53:47.270+0000] {processor.py:157} INFO - Started process (PID=5330) to work on /home/airflow/.local/lib/python3.7/site-packages/airflow/example_dags/example_xcom.py
[2024-02-25T12:53:47.270+0000] {processor.py:826} INFO - Processing file /home/airflow/.local/lib/python3.7/site-packages/airflow/example_dags/example_xcom.py for tasks to queue
[2024-02-25T12:53:47.271+0000] {logging_mixin.py:150} INFO - [2024-02-25T12:53:47.271+0000] {dagbag.py:541} INFO - Filling up the DagBag from /home/airflow/.local/lib/python3.7/site-packages/airflow/example_dags/example_xcom.py
[2024-02-25T12:53:47.278+0000] {processor.py:836} INFO - DAG(s) dict_keys(['example_xcom']) retrieved from /home/airflow/.local/lib/python3.7/site-packages/airflow/example_dags/example_xcom.py
[2024-02-25T12:53:47.310+0000] {logging_mixin.py:150} INFO - [2024-02-25T12:53:47.310+0000] {dag.py:2742} INFO - Sync 1 DAGs
[2024-02-25T12:53:47.351+0000] {logging_mixin.py:150} INFO - [2024-02-25T12:53:47.351+0000] {dag.py:3508} INFO - Setting next_dagrun for example_xcom to 2021-01-01T00:00:00+00:00, run_after=2021-01-01T00:00:00+00:00
[2024-02-25T12:53:47.381+0000] {processor.py:179} INFO - Processing /home/airflow/.local/lib/python3.7/site-packages/airflow/example_dags/example_xcom.py took 0.115 seconds
[2024-02-25T12:54:17.921+0000] {processor.py:157} INFO - Started process (PID=5571) to work on /home/airflow/.local/lib/python3.7/site-packages/airflow/example_dags/example_xcom.py
[2024-02-25T12:54:17.924+0000] {processor.py:826} INFO - Processing file /home/airflow/.local/lib/python3.7/site-packages/airflow/example_dags/example_xcom.py for tasks to queue
[2024-02-25T12:54:17.926+0000] {logging_mixin.py:150} INFO - [2024-02-25T12:54:17.925+0000] {dagbag.py:541} INFO - Filling up the DagBag from /home/airflow/.local/lib/python3.7/site-packages/airflow/example_dags/example_xcom.py
[2024-02-25T12:54:17.952+0000] {processor.py:836} INFO - DAG(s) dict_keys(['example_xcom']) retrieved from /home/airflow/.local/lib/python3.7/site-packages/airflow/example_dags/example_xcom.py
[2024-02-25T12:54:18.010+0000] {logging_mixin.py:150} INFO - [2024-02-25T12:54:18.010+0000] {dag.py:2742} INFO - Sync 1 DAGs
[2024-02-25T12:54:18.055+0000] {logging_mixin.py:150} INFO - [2024-02-25T12:54:18.055+0000] {dag.py:3508} INFO - Setting next_dagrun for example_xcom to 2021-01-01T00:00:00+00:00, run_after=2021-01-01T00:00:00+00:00
[2024-02-25T12:54:18.082+0000] {processor.py:179} INFO - Processing /home/airflow/.local/lib/python3.7/site-packages/airflow/example_dags/example_xcom.py took 0.175 seconds
[2024-02-25T12:54:48.494+0000] {processor.py:157} INFO - Started process (PID=5812) to work on /home/airflow/.local/lib/python3.7/site-packages/airflow/example_dags/example_xcom.py
[2024-02-25T12:54:48.495+0000] {processor.py:826} INFO - Processing file /home/airflow/.local/lib/python3.7/site-packages/airflow/example_dags/example_xcom.py for tasks to queue
[2024-02-25T12:54:48.496+0000] {logging_mixin.py:150} INFO - [2024-02-25T12:54:48.496+0000] {dagbag.py:541} INFO - Filling up the DagBag from /home/airflow/.local/lib/python3.7/site-packages/airflow/example_dags/example_xcom.py
[2024-02-25T12:54:48.508+0000] {processor.py:836} INFO - DAG(s) dict_keys(['example_xcom']) retrieved from /home/airflow/.local/lib/python3.7/site-packages/airflow/example_dags/example_xcom.py
[2024-02-25T12:54:48.550+0000] {logging_mixin.py:150} INFO - [2024-02-25T12:54:48.550+0000] {dag.py:2742} INFO - Sync 1 DAGs
[2024-02-25T12:54:48.583+0000] {logging_mixin.py:150} INFO - [2024-02-25T12:54:48.583+0000] {dag.py:3508} INFO - Setting next_dagrun for example_xcom to 2021-01-01T00:00:00+00:00, run_after=2021-01-01T00:00:00+00:00
[2024-02-25T12:54:48.606+0000] {processor.py:179} INFO - Processing /home/airflow/.local/lib/python3.7/site-packages/airflow/example_dags/example_xcom.py took 0.116 seconds
[2024-02-25T12:55:19.092+0000] {processor.py:157} INFO - Started process (PID=6052) to work on /home/airflow/.local/lib/python3.7/site-packages/airflow/example_dags/example_xcom.py
[2024-02-25T12:55:19.094+0000] {processor.py:826} INFO - Processing file /home/airflow/.local/lib/python3.7/site-packages/airflow/example_dags/example_xcom.py for tasks to queue
[2024-02-25T12:55:19.098+0000] {logging_mixin.py:150} INFO - [2024-02-25T12:55:19.097+0000] {dagbag.py:541} INFO - Filling up the DagBag from /home/airflow/.local/lib/python3.7/site-packages/airflow/example_dags/example_xcom.py
[2024-02-25T12:55:19.122+0000] {processor.py:836} INFO - DAG(s) dict_keys(['example_xcom']) retrieved from /home/airflow/.local/lib/python3.7/site-packages/airflow/example_dags/example_xcom.py
[2024-02-25T12:55:19.158+0000] {logging_mixin.py:150} INFO - [2024-02-25T12:55:19.158+0000] {dag.py:2742} INFO - Sync 1 DAGs
[2024-02-25T12:55:19.186+0000] {logging_mixin.py:150} INFO - [2024-02-25T12:55:19.185+0000] {dag.py:3508} INFO - Setting next_dagrun for example_xcom to 2021-01-01T00:00:00+00:00, run_after=2021-01-01T00:00:00+00:00
[2024-02-25T12:55:19.209+0000] {processor.py:179} INFO - Processing /home/airflow/.local/lib/python3.7/site-packages/airflow/example_dags/example_xcom.py took 0.129 seconds
[2024-02-25T12:55:49.910+0000] {processor.py:157} INFO - Started process (PID=6293) to work on /home/airflow/.local/lib/python3.7/site-packages/airflow/example_dags/example_xcom.py
[2024-02-25T12:55:49.912+0000] {processor.py:826} INFO - Processing file /home/airflow/.local/lib/python3.7/site-packages/airflow/example_dags/example_xcom.py for tasks to queue
[2024-02-25T12:55:49.913+0000] {logging_mixin.py:150} INFO - [2024-02-25T12:55:49.912+0000] {dagbag.py:541} INFO - Filling up the DagBag from /home/airflow/.local/lib/python3.7/site-packages/airflow/example_dags/example_xcom.py
[2024-02-25T12:55:49.926+0000] {processor.py:836} INFO - DAG(s) dict_keys(['example_xcom']) retrieved from /home/airflow/.local/lib/python3.7/site-packages/airflow/example_dags/example_xcom.py
[2024-02-25T12:55:49.968+0000] {logging_mixin.py:150} INFO - [2024-02-25T12:55:49.968+0000] {dag.py:2742} INFO - Sync 1 DAGs
[2024-02-25T12:55:50.012+0000] {logging_mixin.py:150} INFO - [2024-02-25T12:55:50.011+0000] {dag.py:3508} INFO - Setting next_dagrun for example_xcom to 2021-01-01T00:00:00+00:00, run_after=2021-01-01T00:00:00+00:00
[2024-02-25T12:55:50.056+0000] {processor.py:179} INFO - Processing /home/airflow/.local/lib/python3.7/site-packages/airflow/example_dags/example_xcom.py took 0.150 seconds
[2024-02-25T12:56:20.148+0000] {processor.py:157} INFO - Started process (PID=6531) to work on /home/airflow/.local/lib/python3.7/site-packages/airflow/example_dags/example_xcom.py
[2024-02-25T12:56:20.150+0000] {processor.py:826} INFO - Processing file /home/airflow/.local/lib/python3.7/site-packages/airflow/example_dags/example_xcom.py for tasks to queue
[2024-02-25T12:56:20.151+0000] {logging_mixin.py:150} INFO - [2024-02-25T12:56:20.151+0000] {dagbag.py:541} INFO - Filling up the DagBag from /home/airflow/.local/lib/python3.7/site-packages/airflow/example_dags/example_xcom.py
[2024-02-25T12:56:20.161+0000] {processor.py:836} INFO - DAG(s) dict_keys(['example_xcom']) retrieved from /home/airflow/.local/lib/python3.7/site-packages/airflow/example_dags/example_xcom.py
[2024-02-25T12:56:20.185+0000] {logging_mixin.py:150} INFO - [2024-02-25T12:56:20.185+0000] {dag.py:2742} INFO - Sync 1 DAGs
[2024-02-25T12:56:20.209+0000] {logging_mixin.py:150} INFO - [2024-02-25T12:56:20.208+0000] {dag.py:3508} INFO - Setting next_dagrun for example_xcom to 2021-01-01T00:00:00+00:00, run_after=2021-01-01T00:00:00+00:00
[2024-02-25T12:56:20.230+0000] {processor.py:179} INFO - Processing /home/airflow/.local/lib/python3.7/site-packages/airflow/example_dags/example_xcom.py took 0.088 seconds
[2024-02-25T12:56:50.357+0000] {processor.py:157} INFO - Started process (PID=6772) to work on /home/airflow/.local/lib/python3.7/site-packages/airflow/example_dags/example_xcom.py
[2024-02-25T12:56:50.357+0000] {processor.py:826} INFO - Processing file /home/airflow/.local/lib/python3.7/site-packages/airflow/example_dags/example_xcom.py for tasks to queue
[2024-02-25T12:56:50.358+0000] {logging_mixin.py:150} INFO - [2024-02-25T12:56:50.358+0000] {dagbag.py:541} INFO - Filling up the DagBag from /home/airflow/.local/lib/python3.7/site-packages/airflow/example_dags/example_xcom.py
[2024-02-25T12:56:50.367+0000] {processor.py:836} INFO - DAG(s) dict_keys(['example_xcom']) retrieved from /home/airflow/.local/lib/python3.7/site-packages/airflow/example_dags/example_xcom.py
[2024-02-25T12:56:50.390+0000] {logging_mixin.py:150} INFO - [2024-02-25T12:56:50.390+0000] {dag.py:2742} INFO - Sync 1 DAGs
[2024-02-25T12:56:50.414+0000] {logging_mixin.py:150} INFO - [2024-02-25T12:56:50.414+0000] {dag.py:3508} INFO - Setting next_dagrun for example_xcom to 2021-01-01T00:00:00+00:00, run_after=2021-01-01T00:00:00+00:00
[2024-02-25T12:56:50.435+0000] {processor.py:179} INFO - Processing /home/airflow/.local/lib/python3.7/site-packages/airflow/example_dags/example_xcom.py took 0.085 seconds
