[2024-02-25T12:43:02.151+0000] {processor.py:157} INFO - Started process (PID=291) to work on /home/airflow/.local/lib/python3.7/site-packages/airflow/example_dags/example_branch_operator_decorator.py
[2024-02-25T12:43:02.152+0000] {processor.py:826} INFO - Processing file /home/airflow/.local/lib/python3.7/site-packages/airflow/example_dags/example_branch_operator_decorator.py for tasks to queue
[2024-02-25T12:43:02.153+0000] {logging_mixin.py:150} INFO - [2024-02-25T12:43:02.152+0000] {dagbag.py:541} INFO - Filling up the DagBag from /home/airflow/.local/lib/python3.7/site-packages/airflow/example_dags/example_branch_operator_decorator.py
[2024-02-25T12:43:02.166+0000] {processor.py:836} INFO - DAG(s) dict_keys(['example_branch_python_operator_decorator']) retrieved from /home/airflow/.local/lib/python3.7/site-packages/airflow/example_dags/example_branch_operator_decorator.py
[2024-02-25T12:43:02.183+0000] {logging_mixin.py:150} INFO - [2024-02-25T12:43:02.183+0000] {dag.py:2742} INFO - Sync 1 DAGs
[2024-02-25T12:43:02.224+0000] {logging_mixin.py:150} INFO - [2024-02-25T12:43:02.224+0000] {dag.py:3508} INFO - Setting next_dagrun for example_branch_python_operator_decorator to 2024-02-24T00:00:00+00:00, run_after=2024-02-25T00:00:00+00:00
[2024-02-25T12:43:02.250+0000] {processor.py:179} INFO - Processing /home/airflow/.local/lib/python3.7/site-packages/airflow/example_dags/example_branch_operator_decorator.py took 0.105 seconds
[2024-02-25T12:43:33.085+0000] {processor.py:157} INFO - Started process (PID=531) to work on /home/airflow/.local/lib/python3.7/site-packages/airflow/example_dags/example_branch_operator_decorator.py
[2024-02-25T12:43:33.086+0000] {processor.py:826} INFO - Processing file /home/airflow/.local/lib/python3.7/site-packages/airflow/example_dags/example_branch_operator_decorator.py for tasks to queue
[2024-02-25T12:43:33.087+0000] {logging_mixin.py:150} INFO - [2024-02-25T12:43:33.087+0000] {dagbag.py:541} INFO - Filling up the DagBag from /home/airflow/.local/lib/python3.7/site-packages/airflow/example_dags/example_branch_operator_decorator.py
[2024-02-25T12:43:33.099+0000] {processor.py:836} INFO - DAG(s) dict_keys(['example_branch_python_operator_decorator']) retrieved from /home/airflow/.local/lib/python3.7/site-packages/airflow/example_dags/example_branch_operator_decorator.py
[2024-02-25T12:43:33.135+0000] {logging_mixin.py:150} INFO - [2024-02-25T12:43:33.135+0000] {dag.py:2742} INFO - Sync 1 DAGs
[2024-02-25T12:43:33.180+0000] {logging_mixin.py:150} INFO - [2024-02-25T12:43:33.180+0000] {dag.py:3508} INFO - Setting next_dagrun for example_branch_python_operator_decorator to 2024-02-24T00:00:00+00:00, run_after=2024-02-25T00:00:00+00:00
[2024-02-25T12:43:33.210+0000] {processor.py:179} INFO - Processing /home/airflow/.local/lib/python3.7/site-packages/airflow/example_dags/example_branch_operator_decorator.py took 0.130 seconds
[2024-02-25T12:44:04.143+0000] {processor.py:157} INFO - Started process (PID=773) to work on /home/airflow/.local/lib/python3.7/site-packages/airflow/example_dags/example_branch_operator_decorator.py
[2024-02-25T12:44:04.149+0000] {processor.py:826} INFO - Processing file /home/airflow/.local/lib/python3.7/site-packages/airflow/example_dags/example_branch_operator_decorator.py for tasks to queue
[2024-02-25T12:44:04.150+0000] {logging_mixin.py:150} INFO - [2024-02-25T12:44:04.150+0000] {dagbag.py:541} INFO - Filling up the DagBag from /home/airflow/.local/lib/python3.7/site-packages/airflow/example_dags/example_branch_operator_decorator.py
[2024-02-25T12:44:04.167+0000] {processor.py:836} INFO - DAG(s) dict_keys(['example_branch_python_operator_decorator']) retrieved from /home/airflow/.local/lib/python3.7/site-packages/airflow/example_dags/example_branch_operator_decorator.py
[2024-02-25T12:44:04.186+0000] {logging_mixin.py:150} INFO - [2024-02-25T12:44:04.186+0000] {dag.py:2742} INFO - Sync 1 DAGs
[2024-02-25T12:44:04.240+0000] {logging_mixin.py:150} INFO - [2024-02-25T12:44:04.239+0000] {dag.py:3508} INFO - Setting next_dagrun for example_branch_python_operator_decorator to 2024-02-24T00:00:00+00:00, run_after=2024-02-25T00:00:00+00:00
[2024-02-25T12:44:04.270+0000] {processor.py:179} INFO - Processing /home/airflow/.local/lib/python3.7/site-packages/airflow/example_dags/example_branch_operator_decorator.py took 0.131 seconds
[2024-02-25T12:44:34.976+0000] {processor.py:157} INFO - Started process (PID=1016) to work on /home/airflow/.local/lib/python3.7/site-packages/airflow/example_dags/example_branch_operator_decorator.py
[2024-02-25T12:44:34.977+0000] {processor.py:826} INFO - Processing file /home/airflow/.local/lib/python3.7/site-packages/airflow/example_dags/example_branch_operator_decorator.py for tasks to queue
[2024-02-25T12:44:34.978+0000] {logging_mixin.py:150} INFO - [2024-02-25T12:44:34.977+0000] {dagbag.py:541} INFO - Filling up the DagBag from /home/airflow/.local/lib/python3.7/site-packages/airflow/example_dags/example_branch_operator_decorator.py
[2024-02-25T12:44:34.995+0000] {processor.py:836} INFO - DAG(s) dict_keys(['example_branch_python_operator_decorator']) retrieved from /home/airflow/.local/lib/python3.7/site-packages/airflow/example_dags/example_branch_operator_decorator.py
[2024-02-25T12:44:35.037+0000] {logging_mixin.py:150} INFO - [2024-02-25T12:44:35.037+0000] {dag.py:2742} INFO - Sync 1 DAGs
[2024-02-25T12:44:35.085+0000] {logging_mixin.py:150} INFO - [2024-02-25T12:44:35.085+0000] {dag.py:3508} INFO - Setting next_dagrun for example_branch_python_operator_decorator to 2024-02-24T00:00:00+00:00, run_after=2024-02-25T00:00:00+00:00
[2024-02-25T12:44:35.122+0000] {processor.py:179} INFO - Processing /home/airflow/.local/lib/python3.7/site-packages/airflow/example_dags/example_branch_operator_decorator.py took 0.151 seconds
[2024-02-25T12:45:06.168+0000] {processor.py:157} INFO - Started process (PID=1255) to work on /home/airflow/.local/lib/python3.7/site-packages/airflow/example_dags/example_branch_operator_decorator.py
[2024-02-25T12:45:06.169+0000] {processor.py:826} INFO - Processing file /home/airflow/.local/lib/python3.7/site-packages/airflow/example_dags/example_branch_operator_decorator.py for tasks to queue
[2024-02-25T12:45:06.170+0000] {logging_mixin.py:150} INFO - [2024-02-25T12:45:06.170+0000] {dagbag.py:541} INFO - Filling up the DagBag from /home/airflow/.local/lib/python3.7/site-packages/airflow/example_dags/example_branch_operator_decorator.py
[2024-02-25T12:45:06.184+0000] {processor.py:836} INFO - DAG(s) dict_keys(['example_branch_python_operator_decorator']) retrieved from /home/airflow/.local/lib/python3.7/site-packages/airflow/example_dags/example_branch_operator_decorator.py
[2024-02-25T12:45:06.224+0000] {logging_mixin.py:150} INFO - [2024-02-25T12:45:06.224+0000] {dag.py:2742} INFO - Sync 1 DAGs
[2024-02-25T12:45:06.273+0000] {logging_mixin.py:150} INFO - [2024-02-25T12:45:06.272+0000] {dag.py:3508} INFO - Setting next_dagrun for example_branch_python_operator_decorator to 2024-02-24T00:00:00+00:00, run_after=2024-02-25T00:00:00+00:00
[2024-02-25T12:45:06.304+0000] {processor.py:179} INFO - Processing /home/airflow/.local/lib/python3.7/site-packages/airflow/example_dags/example_branch_operator_decorator.py took 0.142 seconds
[2024-02-25T12:45:36.661+0000] {processor.py:157} INFO - Started process (PID=1503) to work on /home/airflow/.local/lib/python3.7/site-packages/airflow/example_dags/example_branch_operator_decorator.py
[2024-02-25T12:45:36.662+0000] {processor.py:826} INFO - Processing file /home/airflow/.local/lib/python3.7/site-packages/airflow/example_dags/example_branch_operator_decorator.py for tasks to queue
[2024-02-25T12:45:36.663+0000] {logging_mixin.py:150} INFO - [2024-02-25T12:45:36.663+0000] {dagbag.py:541} INFO - Filling up the DagBag from /home/airflow/.local/lib/python3.7/site-packages/airflow/example_dags/example_branch_operator_decorator.py
[2024-02-25T12:45:36.679+0000] {processor.py:836} INFO - DAG(s) dict_keys(['example_branch_python_operator_decorator']) retrieved from /home/airflow/.local/lib/python3.7/site-packages/airflow/example_dags/example_branch_operator_decorator.py
[2024-02-25T12:45:36.718+0000] {logging_mixin.py:150} INFO - [2024-02-25T12:45:36.717+0000] {dag.py:2742} INFO - Sync 1 DAGs
[2024-02-25T12:45:36.762+0000] {logging_mixin.py:150} INFO - [2024-02-25T12:45:36.762+0000] {dag.py:3508} INFO - Setting next_dagrun for example_branch_python_operator_decorator to 2024-02-24T00:00:00+00:00, run_after=2024-02-25T00:00:00+00:00
[2024-02-25T12:45:36.792+0000] {processor.py:179} INFO - Processing /home/airflow/.local/lib/python3.7/site-packages/airflow/example_dags/example_branch_operator_decorator.py took 0.137 seconds
[2024-02-25T12:46:07.128+0000] {processor.py:157} INFO - Started process (PID=1744) to work on /home/airflow/.local/lib/python3.7/site-packages/airflow/example_dags/example_branch_operator_decorator.py
[2024-02-25T12:46:07.129+0000] {processor.py:826} INFO - Processing file /home/airflow/.local/lib/python3.7/site-packages/airflow/example_dags/example_branch_operator_decorator.py for tasks to queue
[2024-02-25T12:46:07.130+0000] {logging_mixin.py:150} INFO - [2024-02-25T12:46:07.130+0000] {dagbag.py:541} INFO - Filling up the DagBag from /home/airflow/.local/lib/python3.7/site-packages/airflow/example_dags/example_branch_operator_decorator.py
[2024-02-25T12:46:07.146+0000] {processor.py:836} INFO - DAG(s) dict_keys(['example_branch_python_operator_decorator']) retrieved from /home/airflow/.local/lib/python3.7/site-packages/airflow/example_dags/example_branch_operator_decorator.py
[2024-02-25T12:46:07.231+0000] {logging_mixin.py:150} INFO - [2024-02-25T12:46:07.231+0000] {dag.py:2742} INFO - Sync 1 DAGs
[2024-02-25T12:46:07.295+0000] {logging_mixin.py:150} INFO - [2024-02-25T12:46:07.295+0000] {dag.py:3508} INFO - Setting next_dagrun for example_branch_python_operator_decorator to 2024-02-24T00:00:00+00:00, run_after=2024-02-25T00:00:00+00:00
[2024-02-25T12:46:07.343+0000] {processor.py:179} INFO - Processing /home/airflow/.local/lib/python3.7/site-packages/airflow/example_dags/example_branch_operator_decorator.py took 0.221 seconds
[2024-02-25T12:46:37.726+0000] {processor.py:157} INFO - Started process (PID=1985) to work on /home/airflow/.local/lib/python3.7/site-packages/airflow/example_dags/example_branch_operator_decorator.py
[2024-02-25T12:46:37.728+0000] {processor.py:826} INFO - Processing file /home/airflow/.local/lib/python3.7/site-packages/airflow/example_dags/example_branch_operator_decorator.py for tasks to queue
[2024-02-25T12:46:37.729+0000] {logging_mixin.py:150} INFO - [2024-02-25T12:46:37.729+0000] {dagbag.py:541} INFO - Filling up the DagBag from /home/airflow/.local/lib/python3.7/site-packages/airflow/example_dags/example_branch_operator_decorator.py
[2024-02-25T12:46:37.750+0000] {processor.py:836} INFO - DAG(s) dict_keys(['example_branch_python_operator_decorator']) retrieved from /home/airflow/.local/lib/python3.7/site-packages/airflow/example_dags/example_branch_operator_decorator.py
[2024-02-25T12:46:37.787+0000] {logging_mixin.py:150} INFO - [2024-02-25T12:46:37.787+0000] {dag.py:2742} INFO - Sync 1 DAGs
[2024-02-25T12:46:37.836+0000] {logging_mixin.py:150} INFO - [2024-02-25T12:46:37.836+0000] {dag.py:3508} INFO - Setting next_dagrun for example_branch_python_operator_decorator to 2024-02-24T00:00:00+00:00, run_after=2024-02-25T00:00:00+00:00
[2024-02-25T12:46:37.867+0000] {processor.py:179} INFO - Processing /home/airflow/.local/lib/python3.7/site-packages/airflow/example_dags/example_branch_operator_decorator.py took 0.146 seconds
[2024-02-25T12:47:08.724+0000] {processor.py:157} INFO - Started process (PID=2228) to work on /home/airflow/.local/lib/python3.7/site-packages/airflow/example_dags/example_branch_operator_decorator.py
[2024-02-25T12:47:08.725+0000] {processor.py:826} INFO - Processing file /home/airflow/.local/lib/python3.7/site-packages/airflow/example_dags/example_branch_operator_decorator.py for tasks to queue
[2024-02-25T12:47:08.726+0000] {logging_mixin.py:150} INFO - [2024-02-25T12:47:08.726+0000] {dagbag.py:541} INFO - Filling up the DagBag from /home/airflow/.local/lib/python3.7/site-packages/airflow/example_dags/example_branch_operator_decorator.py
[2024-02-25T12:47:08.741+0000] {processor.py:836} INFO - DAG(s) dict_keys(['example_branch_python_operator_decorator']) retrieved from /home/airflow/.local/lib/python3.7/site-packages/airflow/example_dags/example_branch_operator_decorator.py
[2024-02-25T12:47:08.782+0000] {logging_mixin.py:150} INFO - [2024-02-25T12:47:08.782+0000] {dag.py:2742} INFO - Sync 1 DAGs
[2024-02-25T12:47:08.829+0000] {logging_mixin.py:150} INFO - [2024-02-25T12:47:08.829+0000] {dag.py:3508} INFO - Setting next_dagrun for example_branch_python_operator_decorator to 2024-02-24T00:00:00+00:00, run_after=2024-02-25T00:00:00+00:00
[2024-02-25T12:47:08.865+0000] {processor.py:179} INFO - Processing /home/airflow/.local/lib/python3.7/site-packages/airflow/example_dags/example_branch_operator_decorator.py took 0.145 seconds
[2024-02-25T12:47:39.181+0000] {processor.py:157} INFO - Started process (PID=2467) to work on /home/airflow/.local/lib/python3.7/site-packages/airflow/example_dags/example_branch_operator_decorator.py
[2024-02-25T12:47:39.182+0000] {processor.py:826} INFO - Processing file /home/airflow/.local/lib/python3.7/site-packages/airflow/example_dags/example_branch_operator_decorator.py for tasks to queue
[2024-02-25T12:47:39.183+0000] {logging_mixin.py:150} INFO - [2024-02-25T12:47:39.183+0000] {dagbag.py:541} INFO - Filling up the DagBag from /home/airflow/.local/lib/python3.7/site-packages/airflow/example_dags/example_branch_operator_decorator.py
[2024-02-25T12:47:39.197+0000] {processor.py:836} INFO - DAG(s) dict_keys(['example_branch_python_operator_decorator']) retrieved from /home/airflow/.local/lib/python3.7/site-packages/airflow/example_dags/example_branch_operator_decorator.py
[2024-02-25T12:47:39.227+0000] {logging_mixin.py:150} INFO - [2024-02-25T12:47:39.226+0000] {dag.py:2742} INFO - Sync 1 DAGs
[2024-02-25T12:47:39.259+0000] {logging_mixin.py:150} INFO - [2024-02-25T12:47:39.258+0000] {dag.py:3508} INFO - Setting next_dagrun for example_branch_python_operator_decorator to 2024-02-24T00:00:00+00:00, run_after=2024-02-25T00:00:00+00:00
[2024-02-25T12:47:39.285+0000] {processor.py:179} INFO - Processing /home/airflow/.local/lib/python3.7/site-packages/airflow/example_dags/example_branch_operator_decorator.py took 0.108 seconds
[2024-02-25T12:48:09.616+0000] {processor.py:157} INFO - Started process (PID=2708) to work on /home/airflow/.local/lib/python3.7/site-packages/airflow/example_dags/example_branch_operator_decorator.py
[2024-02-25T12:48:09.617+0000] {processor.py:826} INFO - Processing file /home/airflow/.local/lib/python3.7/site-packages/airflow/example_dags/example_branch_operator_decorator.py for tasks to queue
[2024-02-25T12:48:09.618+0000] {logging_mixin.py:150} INFO - [2024-02-25T12:48:09.618+0000] {dagbag.py:541} INFO - Filling up the DagBag from /home/airflow/.local/lib/python3.7/site-packages/airflow/example_dags/example_branch_operator_decorator.py
[2024-02-25T12:48:09.631+0000] {processor.py:836} INFO - DAG(s) dict_keys(['example_branch_python_operator_decorator']) retrieved from /home/airflow/.local/lib/python3.7/site-packages/airflow/example_dags/example_branch_operator_decorator.py
[2024-02-25T12:48:09.667+0000] {logging_mixin.py:150} INFO - [2024-02-25T12:48:09.667+0000] {dag.py:2742} INFO - Sync 1 DAGs
[2024-02-25T12:48:09.706+0000] {logging_mixin.py:150} INFO - [2024-02-25T12:48:09.706+0000] {dag.py:3508} INFO - Setting next_dagrun for example_branch_python_operator_decorator to 2024-02-24T00:00:00+00:00, run_after=2024-02-25T00:00:00+00:00
[2024-02-25T12:48:09.730+0000] {processor.py:179} INFO - Processing /home/airflow/.local/lib/python3.7/site-packages/airflow/example_dags/example_branch_operator_decorator.py took 0.119 seconds
[2024-02-25T12:48:40.219+0000] {processor.py:157} INFO - Started process (PID=2950) to work on /home/airflow/.local/lib/python3.7/site-packages/airflow/example_dags/example_branch_operator_decorator.py
[2024-02-25T12:48:40.221+0000] {processor.py:826} INFO - Processing file /home/airflow/.local/lib/python3.7/site-packages/airflow/example_dags/example_branch_operator_decorator.py for tasks to queue
[2024-02-25T12:48:40.222+0000] {logging_mixin.py:150} INFO - [2024-02-25T12:48:40.222+0000] {dagbag.py:541} INFO - Filling up the DagBag from /home/airflow/.local/lib/python3.7/site-packages/airflow/example_dags/example_branch_operator_decorator.py
[2024-02-25T12:48:40.238+0000] {processor.py:836} INFO - DAG(s) dict_keys(['example_branch_python_operator_decorator']) retrieved from /home/airflow/.local/lib/python3.7/site-packages/airflow/example_dags/example_branch_operator_decorator.py
[2024-02-25T12:48:40.277+0000] {logging_mixin.py:150} INFO - [2024-02-25T12:48:40.277+0000] {dag.py:2742} INFO - Sync 1 DAGs
[2024-02-25T12:48:40.313+0000] {logging_mixin.py:150} INFO - [2024-02-25T12:48:40.313+0000] {dag.py:3508} INFO - Setting next_dagrun for example_branch_python_operator_decorator to 2024-02-24T00:00:00+00:00, run_after=2024-02-25T00:00:00+00:00
[2024-02-25T12:48:40.339+0000] {processor.py:179} INFO - Processing /home/airflow/.local/lib/python3.7/site-packages/airflow/example_dags/example_branch_operator_decorator.py took 0.124 seconds
[2024-02-25T12:49:11.128+0000] {processor.py:157} INFO - Started process (PID=3191) to work on /home/airflow/.local/lib/python3.7/site-packages/airflow/example_dags/example_branch_operator_decorator.py
[2024-02-25T12:49:11.129+0000] {processor.py:826} INFO - Processing file /home/airflow/.local/lib/python3.7/site-packages/airflow/example_dags/example_branch_operator_decorator.py for tasks to queue
[2024-02-25T12:49:11.130+0000] {logging_mixin.py:150} INFO - [2024-02-25T12:49:11.130+0000] {dagbag.py:541} INFO - Filling up the DagBag from /home/airflow/.local/lib/python3.7/site-packages/airflow/example_dags/example_branch_operator_decorator.py
[2024-02-25T12:49:11.148+0000] {processor.py:836} INFO - DAG(s) dict_keys(['example_branch_python_operator_decorator']) retrieved from /home/airflow/.local/lib/python3.7/site-packages/airflow/example_dags/example_branch_operator_decorator.py
[2024-02-25T12:49:11.198+0000] {logging_mixin.py:150} INFO - [2024-02-25T12:49:11.198+0000] {dag.py:2742} INFO - Sync 1 DAGs
[2024-02-25T12:49:11.255+0000] {logging_mixin.py:150} INFO - [2024-02-25T12:49:11.255+0000] {dag.py:3508} INFO - Setting next_dagrun for example_branch_python_operator_decorator to 2024-02-24T00:00:00+00:00, run_after=2024-02-25T00:00:00+00:00
[2024-02-25T12:49:11.295+0000] {processor.py:179} INFO - Processing /home/airflow/.local/lib/python3.7/site-packages/airflow/example_dags/example_branch_operator_decorator.py took 0.173 seconds
[2024-02-25T12:49:41.646+0000] {processor.py:157} INFO - Started process (PID=3432) to work on /home/airflow/.local/lib/python3.7/site-packages/airflow/example_dags/example_branch_operator_decorator.py
[2024-02-25T12:49:41.647+0000] {processor.py:826} INFO - Processing file /home/airflow/.local/lib/python3.7/site-packages/airflow/example_dags/example_branch_operator_decorator.py for tasks to queue
[2024-02-25T12:49:41.648+0000] {logging_mixin.py:150} INFO - [2024-02-25T12:49:41.648+0000] {dagbag.py:541} INFO - Filling up the DagBag from /home/airflow/.local/lib/python3.7/site-packages/airflow/example_dags/example_branch_operator_decorator.py
[2024-02-25T12:49:41.662+0000] {processor.py:836} INFO - DAG(s) dict_keys(['example_branch_python_operator_decorator']) retrieved from /home/airflow/.local/lib/python3.7/site-packages/airflow/example_dags/example_branch_operator_decorator.py
[2024-02-25T12:49:41.693+0000] {logging_mixin.py:150} INFO - [2024-02-25T12:49:41.692+0000] {dag.py:2742} INFO - Sync 1 DAGs
[2024-02-25T12:49:41.725+0000] {logging_mixin.py:150} INFO - [2024-02-25T12:49:41.725+0000] {dag.py:3508} INFO - Setting next_dagrun for example_branch_python_operator_decorator to 2024-02-24T00:00:00+00:00, run_after=2024-02-25T00:00:00+00:00
[2024-02-25T12:49:41.754+0000] {processor.py:179} INFO - Processing /home/airflow/.local/lib/python3.7/site-packages/airflow/example_dags/example_branch_operator_decorator.py took 0.113 seconds
[2024-02-25T12:50:12.702+0000] {processor.py:157} INFO - Started process (PID=3673) to work on /home/airflow/.local/lib/python3.7/site-packages/airflow/example_dags/example_branch_operator_decorator.py
[2024-02-25T12:50:12.703+0000] {processor.py:826} INFO - Processing file /home/airflow/.local/lib/python3.7/site-packages/airflow/example_dags/example_branch_operator_decorator.py for tasks to queue
[2024-02-25T12:50:12.704+0000] {logging_mixin.py:150} INFO - [2024-02-25T12:50:12.704+0000] {dagbag.py:541} INFO - Filling up the DagBag from /home/airflow/.local/lib/python3.7/site-packages/airflow/example_dags/example_branch_operator_decorator.py
[2024-02-25T12:50:12.715+0000] {processor.py:836} INFO - DAG(s) dict_keys(['example_branch_python_operator_decorator']) retrieved from /home/airflow/.local/lib/python3.7/site-packages/airflow/example_dags/example_branch_operator_decorator.py
[2024-02-25T12:50:12.744+0000] {logging_mixin.py:150} INFO - [2024-02-25T12:50:12.744+0000] {dag.py:2742} INFO - Sync 1 DAGs
[2024-02-25T12:50:12.781+0000] {logging_mixin.py:150} INFO - [2024-02-25T12:50:12.781+0000] {dag.py:3508} INFO - Setting next_dagrun for example_branch_python_operator_decorator to 2024-02-24T00:00:00+00:00, run_after=2024-02-25T00:00:00+00:00
[2024-02-25T12:50:12.810+0000] {processor.py:179} INFO - Processing /home/airflow/.local/lib/python3.7/site-packages/airflow/example_dags/example_branch_operator_decorator.py took 0.112 seconds
[2024-02-25T12:50:43.344+0000] {processor.py:157} INFO - Started process (PID=3914) to work on /home/airflow/.local/lib/python3.7/site-packages/airflow/example_dags/example_branch_operator_decorator.py
[2024-02-25T12:50:43.345+0000] {processor.py:826} INFO - Processing file /home/airflow/.local/lib/python3.7/site-packages/airflow/example_dags/example_branch_operator_decorator.py for tasks to queue
[2024-02-25T12:50:43.346+0000] {logging_mixin.py:150} INFO - [2024-02-25T12:50:43.346+0000] {dagbag.py:541} INFO - Filling up the DagBag from /home/airflow/.local/lib/python3.7/site-packages/airflow/example_dags/example_branch_operator_decorator.py
[2024-02-25T12:50:43.356+0000] {processor.py:836} INFO - DAG(s) dict_keys(['example_branch_python_operator_decorator']) retrieved from /home/airflow/.local/lib/python3.7/site-packages/airflow/example_dags/example_branch_operator_decorator.py
[2024-02-25T12:50:43.388+0000] {logging_mixin.py:150} INFO - [2024-02-25T12:50:43.388+0000] {dag.py:2742} INFO - Sync 1 DAGs
[2024-02-25T12:50:43.436+0000] {logging_mixin.py:150} INFO - [2024-02-25T12:50:43.436+0000] {dag.py:3508} INFO - Setting next_dagrun for example_branch_python_operator_decorator to 2024-02-24T00:00:00+00:00, run_after=2024-02-25T00:00:00+00:00
[2024-02-25T12:50:43.467+0000] {processor.py:179} INFO - Processing /home/airflow/.local/lib/python3.7/site-packages/airflow/example_dags/example_branch_operator_decorator.py took 0.127 seconds
[2024-02-25T12:51:13.761+0000] {processor.py:157} INFO - Started process (PID=4155) to work on /home/airflow/.local/lib/python3.7/site-packages/airflow/example_dags/example_branch_operator_decorator.py
[2024-02-25T12:51:13.762+0000] {processor.py:826} INFO - Processing file /home/airflow/.local/lib/python3.7/site-packages/airflow/example_dags/example_branch_operator_decorator.py for tasks to queue
[2024-02-25T12:51:13.763+0000] {logging_mixin.py:150} INFO - [2024-02-25T12:51:13.763+0000] {dagbag.py:541} INFO - Filling up the DagBag from /home/airflow/.local/lib/python3.7/site-packages/airflow/example_dags/example_branch_operator_decorator.py
[2024-02-25T12:51:13.774+0000] {processor.py:836} INFO - DAG(s) dict_keys(['example_branch_python_operator_decorator']) retrieved from /home/airflow/.local/lib/python3.7/site-packages/airflow/example_dags/example_branch_operator_decorator.py
[2024-02-25T12:51:13.808+0000] {logging_mixin.py:150} INFO - [2024-02-25T12:51:13.808+0000] {dag.py:2742} INFO - Sync 1 DAGs
[2024-02-25T12:51:13.854+0000] {logging_mixin.py:150} INFO - [2024-02-25T12:51:13.853+0000] {dag.py:3508} INFO - Setting next_dagrun for example_branch_python_operator_decorator to 2024-02-24T00:00:00+00:00, run_after=2024-02-25T00:00:00+00:00
[2024-02-25T12:51:13.876+0000] {processor.py:179} INFO - Processing /home/airflow/.local/lib/python3.7/site-packages/airflow/example_dags/example_branch_operator_decorator.py took 0.118 seconds
[2024-02-25T12:51:44.543+0000] {processor.py:157} INFO - Started process (PID=4396) to work on /home/airflow/.local/lib/python3.7/site-packages/airflow/example_dags/example_branch_operator_decorator.py
[2024-02-25T12:51:44.544+0000] {processor.py:826} INFO - Processing file /home/airflow/.local/lib/python3.7/site-packages/airflow/example_dags/example_branch_operator_decorator.py for tasks to queue
[2024-02-25T12:51:44.544+0000] {logging_mixin.py:150} INFO - [2024-02-25T12:51:44.544+0000] {dagbag.py:541} INFO - Filling up the DagBag from /home/airflow/.local/lib/python3.7/site-packages/airflow/example_dags/example_branch_operator_decorator.py
[2024-02-25T12:51:44.560+0000] {processor.py:836} INFO - DAG(s) dict_keys(['example_branch_python_operator_decorator']) retrieved from /home/airflow/.local/lib/python3.7/site-packages/airflow/example_dags/example_branch_operator_decorator.py
[2024-02-25T12:51:44.597+0000] {logging_mixin.py:150} INFO - [2024-02-25T12:51:44.596+0000] {dag.py:2742} INFO - Sync 1 DAGs
[2024-02-25T12:51:44.639+0000] {logging_mixin.py:150} INFO - [2024-02-25T12:51:44.639+0000] {dag.py:3508} INFO - Setting next_dagrun for example_branch_python_operator_decorator to 2024-02-24T00:00:00+00:00, run_after=2024-02-25T00:00:00+00:00
[2024-02-25T12:51:44.668+0000] {processor.py:179} INFO - Processing /home/airflow/.local/lib/python3.7/site-packages/airflow/example_dags/example_branch_operator_decorator.py took 0.128 seconds
[2024-02-25T12:52:15.130+0000] {processor.py:157} INFO - Started process (PID=4637) to work on /home/airflow/.local/lib/python3.7/site-packages/airflow/example_dags/example_branch_operator_decorator.py
[2024-02-25T12:52:15.131+0000] {processor.py:826} INFO - Processing file /home/airflow/.local/lib/python3.7/site-packages/airflow/example_dags/example_branch_operator_decorator.py for tasks to queue
[2024-02-25T12:52:15.132+0000] {logging_mixin.py:150} INFO - [2024-02-25T12:52:15.132+0000] {dagbag.py:541} INFO - Filling up the DagBag from /home/airflow/.local/lib/python3.7/site-packages/airflow/example_dags/example_branch_operator_decorator.py
[2024-02-25T12:52:15.150+0000] {processor.py:836} INFO - DAG(s) dict_keys(['example_branch_python_operator_decorator']) retrieved from /home/airflow/.local/lib/python3.7/site-packages/airflow/example_dags/example_branch_operator_decorator.py
[2024-02-25T12:52:15.182+0000] {logging_mixin.py:150} INFO - [2024-02-25T12:52:15.181+0000] {dag.py:2742} INFO - Sync 1 DAGs
[2024-02-25T12:52:15.222+0000] {logging_mixin.py:150} INFO - [2024-02-25T12:52:15.222+0000] {dag.py:3508} INFO - Setting next_dagrun for example_branch_python_operator_decorator to 2024-02-24T00:00:00+00:00, run_after=2024-02-25T00:00:00+00:00
[2024-02-25T12:52:15.246+0000] {processor.py:179} INFO - Processing /home/airflow/.local/lib/python3.7/site-packages/airflow/example_dags/example_branch_operator_decorator.py took 0.121 seconds
[2024-02-25T12:52:45.717+0000] {processor.py:157} INFO - Started process (PID=4880) to work on /home/airflow/.local/lib/python3.7/site-packages/airflow/example_dags/example_branch_operator_decorator.py
[2024-02-25T12:52:45.717+0000] {processor.py:826} INFO - Processing file /home/airflow/.local/lib/python3.7/site-packages/airflow/example_dags/example_branch_operator_decorator.py for tasks to queue
[2024-02-25T12:52:45.718+0000] {logging_mixin.py:150} INFO - [2024-02-25T12:52:45.718+0000] {dagbag.py:541} INFO - Filling up the DagBag from /home/airflow/.local/lib/python3.7/site-packages/airflow/example_dags/example_branch_operator_decorator.py
[2024-02-25T12:52:45.731+0000] {processor.py:836} INFO - DAG(s) dict_keys(['example_branch_python_operator_decorator']) retrieved from /home/airflow/.local/lib/python3.7/site-packages/airflow/example_dags/example_branch_operator_decorator.py
[2024-02-25T12:52:45.762+0000] {logging_mixin.py:150} INFO - [2024-02-25T12:52:45.762+0000] {dag.py:2742} INFO - Sync 1 DAGs
[2024-02-25T12:52:45.796+0000] {logging_mixin.py:150} INFO - [2024-02-25T12:52:45.796+0000] {dag.py:3508} INFO - Setting next_dagrun for example_branch_python_operator_decorator to 2024-02-24T00:00:00+00:00, run_after=2024-02-25T00:00:00+00:00
[2024-02-25T12:52:45.819+0000] {processor.py:179} INFO - Processing /home/airflow/.local/lib/python3.7/site-packages/airflow/example_dags/example_branch_operator_decorator.py took 0.107 seconds
[2024-02-25T12:53:16.848+0000] {processor.py:157} INFO - Started process (PID=5121) to work on /home/airflow/.local/lib/python3.7/site-packages/airflow/example_dags/example_branch_operator_decorator.py
[2024-02-25T12:53:16.849+0000] {processor.py:826} INFO - Processing file /home/airflow/.local/lib/python3.7/site-packages/airflow/example_dags/example_branch_operator_decorator.py for tasks to queue
[2024-02-25T12:53:16.850+0000] {logging_mixin.py:150} INFO - [2024-02-25T12:53:16.850+0000] {dagbag.py:541} INFO - Filling up the DagBag from /home/airflow/.local/lib/python3.7/site-packages/airflow/example_dags/example_branch_operator_decorator.py
[2024-02-25T12:53:16.859+0000] {processor.py:836} INFO - DAG(s) dict_keys(['example_branch_python_operator_decorator']) retrieved from /home/airflow/.local/lib/python3.7/site-packages/airflow/example_dags/example_branch_operator_decorator.py
[2024-02-25T12:53:16.882+0000] {logging_mixin.py:150} INFO - [2024-02-25T12:53:16.882+0000] {dag.py:2742} INFO - Sync 1 DAGs
[2024-02-25T12:53:16.911+0000] {logging_mixin.py:150} INFO - [2024-02-25T12:53:16.911+0000] {dag.py:3508} INFO - Setting next_dagrun for example_branch_python_operator_decorator to 2024-02-24T00:00:00+00:00, run_after=2024-02-25T00:00:00+00:00
[2024-02-25T12:53:16.937+0000] {processor.py:179} INFO - Processing /home/airflow/.local/lib/python3.7/site-packages/airflow/example_dags/example_branch_operator_decorator.py took 0.091 seconds
[2024-02-25T12:53:47.885+0000] {processor.py:157} INFO - Started process (PID=5360) to work on /home/airflow/.local/lib/python3.7/site-packages/airflow/example_dags/example_branch_operator_decorator.py
[2024-02-25T12:53:47.885+0000] {processor.py:826} INFO - Processing file /home/airflow/.local/lib/python3.7/site-packages/airflow/example_dags/example_branch_operator_decorator.py for tasks to queue
[2024-02-25T12:53:47.886+0000] {logging_mixin.py:150} INFO - [2024-02-25T12:53:47.886+0000] {dagbag.py:541} INFO - Filling up the DagBag from /home/airflow/.local/lib/python3.7/site-packages/airflow/example_dags/example_branch_operator_decorator.py
[2024-02-25T12:53:47.901+0000] {processor.py:836} INFO - DAG(s) dict_keys(['example_branch_python_operator_decorator']) retrieved from /home/airflow/.local/lib/python3.7/site-packages/airflow/example_dags/example_branch_operator_decorator.py
[2024-02-25T12:53:47.938+0000] {logging_mixin.py:150} INFO - [2024-02-25T12:53:47.938+0000] {dag.py:2742} INFO - Sync 1 DAGs
[2024-02-25T12:53:47.975+0000] {logging_mixin.py:150} INFO - [2024-02-25T12:53:47.974+0000] {dag.py:3508} INFO - Setting next_dagrun for example_branch_python_operator_decorator to 2024-02-24T00:00:00+00:00, run_after=2024-02-25T00:00:00+00:00
[2024-02-25T12:53:48.000+0000] {processor.py:179} INFO - Processing /home/airflow/.local/lib/python3.7/site-packages/airflow/example_dags/example_branch_operator_decorator.py took 0.118 seconds
[2024-02-25T12:54:18.605+0000] {processor.py:157} INFO - Started process (PID=5601) to work on /home/airflow/.local/lib/python3.7/site-packages/airflow/example_dags/example_branch_operator_decorator.py
[2024-02-25T12:54:18.606+0000] {processor.py:826} INFO - Processing file /home/airflow/.local/lib/python3.7/site-packages/airflow/example_dags/example_branch_operator_decorator.py for tasks to queue
[2024-02-25T12:54:18.607+0000] {logging_mixin.py:150} INFO - [2024-02-25T12:54:18.607+0000] {dagbag.py:541} INFO - Filling up the DagBag from /home/airflow/.local/lib/python3.7/site-packages/airflow/example_dags/example_branch_operator_decorator.py
[2024-02-25T12:54:18.618+0000] {processor.py:836} INFO - DAG(s) dict_keys(['example_branch_python_operator_decorator']) retrieved from /home/airflow/.local/lib/python3.7/site-packages/airflow/example_dags/example_branch_operator_decorator.py
[2024-02-25T12:54:18.654+0000] {logging_mixin.py:150} INFO - [2024-02-25T12:54:18.654+0000] {dag.py:2742} INFO - Sync 1 DAGs
[2024-02-25T12:54:18.687+0000] {logging_mixin.py:150} INFO - [2024-02-25T12:54:18.687+0000] {dag.py:3508} INFO - Setting next_dagrun for example_branch_python_operator_decorator to 2024-02-24T00:00:00+00:00, run_after=2024-02-25T00:00:00+00:00
[2024-02-25T12:54:18.710+0000] {processor.py:179} INFO - Processing /home/airflow/.local/lib/python3.7/site-packages/airflow/example_dags/example_branch_operator_decorator.py took 0.110 seconds
[2024-02-25T12:54:49.098+0000] {processor.py:157} INFO - Started process (PID=5842) to work on /home/airflow/.local/lib/python3.7/site-packages/airflow/example_dags/example_branch_operator_decorator.py
[2024-02-25T12:54:49.099+0000] {processor.py:826} INFO - Processing file /home/airflow/.local/lib/python3.7/site-packages/airflow/example_dags/example_branch_operator_decorator.py for tasks to queue
[2024-02-25T12:54:49.100+0000] {logging_mixin.py:150} INFO - [2024-02-25T12:54:49.099+0000] {dagbag.py:541} INFO - Filling up the DagBag from /home/airflow/.local/lib/python3.7/site-packages/airflow/example_dags/example_branch_operator_decorator.py
[2024-02-25T12:54:49.115+0000] {processor.py:836} INFO - DAG(s) dict_keys(['example_branch_python_operator_decorator']) retrieved from /home/airflow/.local/lib/python3.7/site-packages/airflow/example_dags/example_branch_operator_decorator.py
[2024-02-25T12:54:49.155+0000] {logging_mixin.py:150} INFO - [2024-02-25T12:54:49.154+0000] {dag.py:2742} INFO - Sync 1 DAGs
[2024-02-25T12:54:49.198+0000] {logging_mixin.py:150} INFO - [2024-02-25T12:54:49.198+0000] {dag.py:3508} INFO - Setting next_dagrun for example_branch_python_operator_decorator to 2024-02-24T00:00:00+00:00, run_after=2024-02-25T00:00:00+00:00
[2024-02-25T12:54:49.234+0000] {processor.py:179} INFO - Processing /home/airflow/.local/lib/python3.7/site-packages/airflow/example_dags/example_branch_operator_decorator.py took 0.140 seconds
[2024-02-25T12:55:19.739+0000] {processor.py:157} INFO - Started process (PID=6082) to work on /home/airflow/.local/lib/python3.7/site-packages/airflow/example_dags/example_branch_operator_decorator.py
[2024-02-25T12:55:19.740+0000] {processor.py:826} INFO - Processing file /home/airflow/.local/lib/python3.7/site-packages/airflow/example_dags/example_branch_operator_decorator.py for tasks to queue
[2024-02-25T12:55:19.741+0000] {logging_mixin.py:150} INFO - [2024-02-25T12:55:19.741+0000] {dagbag.py:541} INFO - Filling up the DagBag from /home/airflow/.local/lib/python3.7/site-packages/airflow/example_dags/example_branch_operator_decorator.py
[2024-02-25T12:55:19.755+0000] {processor.py:836} INFO - DAG(s) dict_keys(['example_branch_python_operator_decorator']) retrieved from /home/airflow/.local/lib/python3.7/site-packages/airflow/example_dags/example_branch_operator_decorator.py
[2024-02-25T12:55:19.783+0000] {logging_mixin.py:150} INFO - [2024-02-25T12:55:19.783+0000] {dag.py:2742} INFO - Sync 1 DAGs
[2024-02-25T12:55:19.823+0000] {logging_mixin.py:150} INFO - [2024-02-25T12:55:19.823+0000] {dag.py:3508} INFO - Setting next_dagrun for example_branch_python_operator_decorator to 2024-02-24T00:00:00+00:00, run_after=2024-02-25T00:00:00+00:00
[2024-02-25T12:55:19.847+0000] {processor.py:179} INFO - Processing /home/airflow/.local/lib/python3.7/site-packages/airflow/example_dags/example_branch_operator_decorator.py took 0.112 seconds
[2024-02-25T12:55:50.621+0000] {processor.py:157} INFO - Started process (PID=6323) to work on /home/airflow/.local/lib/python3.7/site-packages/airflow/example_dags/example_branch_operator_decorator.py
[2024-02-25T12:55:50.622+0000] {processor.py:826} INFO - Processing file /home/airflow/.local/lib/python3.7/site-packages/airflow/example_dags/example_branch_operator_decorator.py for tasks to queue
[2024-02-25T12:55:50.623+0000] {logging_mixin.py:150} INFO - [2024-02-25T12:55:50.623+0000] {dagbag.py:541} INFO - Filling up the DagBag from /home/airflow/.local/lib/python3.7/site-packages/airflow/example_dags/example_branch_operator_decorator.py
[2024-02-25T12:55:50.634+0000] {processor.py:836} INFO - DAG(s) dict_keys(['example_branch_python_operator_decorator']) retrieved from /home/airflow/.local/lib/python3.7/site-packages/airflow/example_dags/example_branch_operator_decorator.py
[2024-02-25T12:55:50.662+0000] {logging_mixin.py:150} INFO - [2024-02-25T12:55:50.662+0000] {dag.py:2742} INFO - Sync 1 DAGs
[2024-02-25T12:55:50.715+0000] {logging_mixin.py:150} INFO - [2024-02-25T12:55:50.715+0000] {dag.py:3508} INFO - Setting next_dagrun for example_branch_python_operator_decorator to 2024-02-24T00:00:00+00:00, run_after=2024-02-25T00:00:00+00:00
[2024-02-25T12:55:50.743+0000] {processor.py:179} INFO - Processing /home/airflow/.local/lib/python3.7/site-packages/airflow/example_dags/example_branch_operator_decorator.py took 0.126 seconds
[2024-02-25T12:56:21.796+0000] {processor.py:157} INFO - Started process (PID=6571) to work on /home/airflow/.local/lib/python3.7/site-packages/airflow/example_dags/example_branch_operator_decorator.py
[2024-02-25T12:56:21.797+0000] {processor.py:826} INFO - Processing file /home/airflow/.local/lib/python3.7/site-packages/airflow/example_dags/example_branch_operator_decorator.py for tasks to queue
[2024-02-25T12:56:21.799+0000] {logging_mixin.py:150} INFO - [2024-02-25T12:56:21.798+0000] {dagbag.py:541} INFO - Filling up the DagBag from /home/airflow/.local/lib/python3.7/site-packages/airflow/example_dags/example_branch_operator_decorator.py
[2024-02-25T12:56:21.812+0000] {processor.py:836} INFO - DAG(s) dict_keys(['example_branch_python_operator_decorator']) retrieved from /home/airflow/.local/lib/python3.7/site-packages/airflow/example_dags/example_branch_operator_decorator.py
[2024-02-25T12:56:21.840+0000] {logging_mixin.py:150} INFO - [2024-02-25T12:56:21.840+0000] {dag.py:2742} INFO - Sync 1 DAGs
[2024-02-25T12:56:21.871+0000] {logging_mixin.py:150} INFO - [2024-02-25T12:56:21.871+0000] {dag.py:3508} INFO - Setting next_dagrun for example_branch_python_operator_decorator to 2024-02-24T00:00:00+00:00, run_after=2024-02-25T00:00:00+00:00
[2024-02-25T12:56:21.894+0000] {processor.py:179} INFO - Processing /home/airflow/.local/lib/python3.7/site-packages/airflow/example_dags/example_branch_operator_decorator.py took 0.102 seconds
[2024-02-25T12:56:52.127+0000] {processor.py:157} INFO - Started process (PID=6812) to work on /home/airflow/.local/lib/python3.7/site-packages/airflow/example_dags/example_branch_operator_decorator.py
[2024-02-25T12:56:52.128+0000] {processor.py:826} INFO - Processing file /home/airflow/.local/lib/python3.7/site-packages/airflow/example_dags/example_branch_operator_decorator.py for tasks to queue
[2024-02-25T12:56:52.128+0000] {logging_mixin.py:150} INFO - [2024-02-25T12:56:52.128+0000] {dagbag.py:541} INFO - Filling up the DagBag from /home/airflow/.local/lib/python3.7/site-packages/airflow/example_dags/example_branch_operator_decorator.py
[2024-02-25T12:56:52.137+0000] {processor.py:836} INFO - DAG(s) dict_keys(['example_branch_python_operator_decorator']) retrieved from /home/airflow/.local/lib/python3.7/site-packages/airflow/example_dags/example_branch_operator_decorator.py
[2024-02-25T12:56:52.168+0000] {logging_mixin.py:150} INFO - [2024-02-25T12:56:52.168+0000] {dag.py:2742} INFO - Sync 1 DAGs
[2024-02-25T12:56:52.200+0000] {logging_mixin.py:150} INFO - [2024-02-25T12:56:52.200+0000] {dag.py:3508} INFO - Setting next_dagrun for example_branch_python_operator_decorator to 2024-02-24T00:00:00+00:00, run_after=2024-02-25T00:00:00+00:00
[2024-02-25T12:56:52.223+0000] {processor.py:179} INFO - Processing /home/airflow/.local/lib/python3.7/site-packages/airflow/example_dags/example_branch_operator_decorator.py took 0.099 seconds
