[2024-02-25T12:43:00.137+0000] {processor.py:157} INFO - Started process (PID=201) to work on /home/airflow/.local/lib/python3.7/site-packages/airflow/example_dags/example_branch_operator.py
[2024-02-25T12:43:00.138+0000] {processor.py:826} INFO - Processing file /home/airflow/.local/lib/python3.7/site-packages/airflow/example_dags/example_branch_operator.py for tasks to queue
[2024-02-25T12:43:00.139+0000] {logging_mixin.py:150} INFO - [2024-02-25T12:43:00.139+0000] {dagbag.py:541} INFO - Filling up the DagBag from /home/airflow/.local/lib/python3.7/site-packages/airflow/example_dags/example_branch_operator.py
[2024-02-25T12:43:00.158+0000] {processor.py:836} INFO - DAG(s) dict_keys(['example_branch_operator']) retrieved from /home/airflow/.local/lib/python3.7/site-packages/airflow/example_dags/example_branch_operator.py
[2024-02-25T12:43:00.175+0000] {logging_mixin.py:150} INFO - [2024-02-25T12:43:00.175+0000] {dag.py:2742} INFO - Sync 1 DAGs
[2024-02-25T12:43:00.228+0000] {logging_mixin.py:150} INFO - [2024-02-25T12:43:00.227+0000] {dag.py:3508} INFO - Setting next_dagrun for example_branch_operator to 2024-02-24T00:00:00+00:00, run_after=2024-02-25T00:00:00+00:00
[2024-02-25T12:43:00.259+0000] {processor.py:179} INFO - Processing /home/airflow/.local/lib/python3.7/site-packages/airflow/example_dags/example_branch_operator.py took 0.127 seconds
[2024-02-25T12:43:31.111+0000] {processor.py:157} INFO - Started process (PID=438) to work on /home/airflow/.local/lib/python3.7/site-packages/airflow/example_dags/example_branch_operator.py
[2024-02-25T12:43:31.111+0000] {processor.py:826} INFO - Processing file /home/airflow/.local/lib/python3.7/site-packages/airflow/example_dags/example_branch_operator.py for tasks to queue
[2024-02-25T12:43:31.112+0000] {logging_mixin.py:150} INFO - [2024-02-25T12:43:31.112+0000] {dagbag.py:541} INFO - Filling up the DagBag from /home/airflow/.local/lib/python3.7/site-packages/airflow/example_dags/example_branch_operator.py
[2024-02-25T12:43:31.120+0000] {processor.py:836} INFO - DAG(s) dict_keys(['example_branch_operator']) retrieved from /home/airflow/.local/lib/python3.7/site-packages/airflow/example_dags/example_branch_operator.py
[2024-02-25T12:43:31.145+0000] {logging_mixin.py:150} INFO - [2024-02-25T12:43:31.145+0000] {dag.py:2742} INFO - Sync 1 DAGs
[2024-02-25T12:43:31.172+0000] {logging_mixin.py:150} INFO - [2024-02-25T12:43:31.172+0000] {dag.py:3508} INFO - Setting next_dagrun for example_branch_operator to 2024-02-24T00:00:00+00:00, run_after=2024-02-25T00:00:00+00:00
[2024-02-25T12:43:31.193+0000] {processor.py:179} INFO - Processing /home/airflow/.local/lib/python3.7/site-packages/airflow/example_dags/example_branch_operator.py took 0.086 seconds
[2024-02-25T12:44:01.511+0000] {processor.py:157} INFO - Started process (PID=678) to work on /home/airflow/.local/lib/python3.7/site-packages/airflow/example_dags/example_branch_operator.py
[2024-02-25T12:44:01.512+0000] {processor.py:826} INFO - Processing file /home/airflow/.local/lib/python3.7/site-packages/airflow/example_dags/example_branch_operator.py for tasks to queue
[2024-02-25T12:44:01.513+0000] {logging_mixin.py:150} INFO - [2024-02-25T12:44:01.513+0000] {dagbag.py:541} INFO - Filling up the DagBag from /home/airflow/.local/lib/python3.7/site-packages/airflow/example_dags/example_branch_operator.py
[2024-02-25T12:44:01.528+0000] {processor.py:836} INFO - DAG(s) dict_keys(['example_branch_operator']) retrieved from /home/airflow/.local/lib/python3.7/site-packages/airflow/example_dags/example_branch_operator.py
[2024-02-25T12:44:01.545+0000] {logging_mixin.py:150} INFO - [2024-02-25T12:44:01.545+0000] {dag.py:2742} INFO - Sync 1 DAGs
[2024-02-25T12:44:01.606+0000] {logging_mixin.py:150} INFO - [2024-02-25T12:44:01.606+0000] {dag.py:3508} INFO - Setting next_dagrun for example_branch_operator to 2024-02-24T00:00:00+00:00, run_after=2024-02-25T00:00:00+00:00
[2024-02-25T12:44:01.648+0000] {processor.py:179} INFO - Processing /home/airflow/.local/lib/python3.7/site-packages/airflow/example_dags/example_branch_operator.py took 0.144 seconds
[2024-02-25T12:44:31.996+0000] {processor.py:157} INFO - Started process (PID=921) to work on /home/airflow/.local/lib/python3.7/site-packages/airflow/example_dags/example_branch_operator.py
[2024-02-25T12:44:31.997+0000] {processor.py:826} INFO - Processing file /home/airflow/.local/lib/python3.7/site-packages/airflow/example_dags/example_branch_operator.py for tasks to queue
[2024-02-25T12:44:31.998+0000] {logging_mixin.py:150} INFO - [2024-02-25T12:44:31.998+0000] {dagbag.py:541} INFO - Filling up the DagBag from /home/airflow/.local/lib/python3.7/site-packages/airflow/example_dags/example_branch_operator.py
[2024-02-25T12:44:32.010+0000] {processor.py:836} INFO - DAG(s) dict_keys(['example_branch_operator']) retrieved from /home/airflow/.local/lib/python3.7/site-packages/airflow/example_dags/example_branch_operator.py
[2024-02-25T12:44:32.048+0000] {logging_mixin.py:150} INFO - [2024-02-25T12:44:32.047+0000] {dag.py:2742} INFO - Sync 1 DAGs
[2024-02-25T12:44:32.087+0000] {logging_mixin.py:150} INFO - [2024-02-25T12:44:32.086+0000] {dag.py:3508} INFO - Setting next_dagrun for example_branch_operator to 2024-02-24T00:00:00+00:00, run_after=2024-02-25T00:00:00+00:00
[2024-02-25T12:44:32.111+0000] {processor.py:179} INFO - Processing /home/airflow/.local/lib/python3.7/site-packages/airflow/example_dags/example_branch_operator.py took 0.118 seconds
[2024-02-25T12:45:02.999+0000] {processor.py:157} INFO - Started process (PID=1160) to work on /home/airflow/.local/lib/python3.7/site-packages/airflow/example_dags/example_branch_operator.py
[2024-02-25T12:45:03.001+0000] {processor.py:826} INFO - Processing file /home/airflow/.local/lib/python3.7/site-packages/airflow/example_dags/example_branch_operator.py for tasks to queue
[2024-02-25T12:45:03.002+0000] {logging_mixin.py:150} INFO - [2024-02-25T12:45:03.002+0000] {dagbag.py:541} INFO - Filling up the DagBag from /home/airflow/.local/lib/python3.7/site-packages/airflow/example_dags/example_branch_operator.py
[2024-02-25T12:45:03.020+0000] {processor.py:836} INFO - DAG(s) dict_keys(['example_branch_operator']) retrieved from /home/airflow/.local/lib/python3.7/site-packages/airflow/example_dags/example_branch_operator.py
[2024-02-25T12:45:03.069+0000] {logging_mixin.py:150} INFO - [2024-02-25T12:45:03.069+0000] {dag.py:2742} INFO - Sync 1 DAGs
[2024-02-25T12:45:03.135+0000] {logging_mixin.py:150} INFO - [2024-02-25T12:45:03.134+0000] {dag.py:3508} INFO - Setting next_dagrun for example_branch_operator to 2024-02-24T00:00:00+00:00, run_after=2024-02-25T00:00:00+00:00
[2024-02-25T12:45:03.178+0000] {processor.py:179} INFO - Processing /home/airflow/.local/lib/python3.7/site-packages/airflow/example_dags/example_branch_operator.py took 0.187 seconds
[2024-02-25T12:45:33.540+0000] {processor.py:157} INFO - Started process (PID=1410) to work on /home/airflow/.local/lib/python3.7/site-packages/airflow/example_dags/example_branch_operator.py
[2024-02-25T12:45:33.541+0000] {processor.py:826} INFO - Processing file /home/airflow/.local/lib/python3.7/site-packages/airflow/example_dags/example_branch_operator.py for tasks to queue
[2024-02-25T12:45:33.541+0000] {logging_mixin.py:150} INFO - [2024-02-25T12:45:33.541+0000] {dagbag.py:541} INFO - Filling up the DagBag from /home/airflow/.local/lib/python3.7/site-packages/airflow/example_dags/example_branch_operator.py
[2024-02-25T12:45:33.551+0000] {processor.py:836} INFO - DAG(s) dict_keys(['example_branch_operator']) retrieved from /home/airflow/.local/lib/python3.7/site-packages/airflow/example_dags/example_branch_operator.py
[2024-02-25T12:45:33.578+0000] {logging_mixin.py:150} INFO - [2024-02-25T12:45:33.578+0000] {dag.py:2742} INFO - Sync 1 DAGs
[2024-02-25T12:45:33.610+0000] {logging_mixin.py:150} INFO - [2024-02-25T12:45:33.609+0000] {dag.py:3508} INFO - Setting next_dagrun for example_branch_operator to 2024-02-24T00:00:00+00:00, run_after=2024-02-25T00:00:00+00:00
[2024-02-25T12:45:33.632+0000] {processor.py:179} INFO - Processing /home/airflow/.local/lib/python3.7/site-packages/airflow/example_dags/example_branch_operator.py took 0.096 seconds
[2024-02-25T12:46:04.179+0000] {processor.py:157} INFO - Started process (PID=1651) to work on /home/airflow/.local/lib/python3.7/site-packages/airflow/example_dags/example_branch_operator.py
[2024-02-25T12:46:04.180+0000] {processor.py:826} INFO - Processing file /home/airflow/.local/lib/python3.7/site-packages/airflow/example_dags/example_branch_operator.py for tasks to queue
[2024-02-25T12:46:04.181+0000] {logging_mixin.py:150} INFO - [2024-02-25T12:46:04.181+0000] {dagbag.py:541} INFO - Filling up the DagBag from /home/airflow/.local/lib/python3.7/site-packages/airflow/example_dags/example_branch_operator.py
[2024-02-25T12:46:04.196+0000] {processor.py:836} INFO - DAG(s) dict_keys(['example_branch_operator']) retrieved from /home/airflow/.local/lib/python3.7/site-packages/airflow/example_dags/example_branch_operator.py
[2024-02-25T12:46:04.234+0000] {logging_mixin.py:150} INFO - [2024-02-25T12:46:04.234+0000] {dag.py:2742} INFO - Sync 1 DAGs
[2024-02-25T12:46:04.265+0000] {logging_mixin.py:150} INFO - [2024-02-25T12:46:04.265+0000] {dag.py:3508} INFO - Setting next_dagrun for example_branch_operator to 2024-02-24T00:00:00+00:00, run_after=2024-02-25T00:00:00+00:00
[2024-02-25T12:46:04.299+0000] {processor.py:179} INFO - Processing /home/airflow/.local/lib/python3.7/site-packages/airflow/example_dags/example_branch_operator.py took 0.126 seconds
[2024-02-25T12:46:34.756+0000] {processor.py:157} INFO - Started process (PID=1892) to work on /home/airflow/.local/lib/python3.7/site-packages/airflow/example_dags/example_branch_operator.py
[2024-02-25T12:46:34.757+0000] {processor.py:826} INFO - Processing file /home/airflow/.local/lib/python3.7/site-packages/airflow/example_dags/example_branch_operator.py for tasks to queue
[2024-02-25T12:46:34.758+0000] {logging_mixin.py:150} INFO - [2024-02-25T12:46:34.758+0000] {dagbag.py:541} INFO - Filling up the DagBag from /home/airflow/.local/lib/python3.7/site-packages/airflow/example_dags/example_branch_operator.py
[2024-02-25T12:46:34.775+0000] {processor.py:836} INFO - DAG(s) dict_keys(['example_branch_operator']) retrieved from /home/airflow/.local/lib/python3.7/site-packages/airflow/example_dags/example_branch_operator.py
[2024-02-25T12:46:34.825+0000] {logging_mixin.py:150} INFO - [2024-02-25T12:46:34.825+0000] {dag.py:2742} INFO - Sync 1 DAGs
[2024-02-25T12:46:34.884+0000] {logging_mixin.py:150} INFO - [2024-02-25T12:46:34.884+0000] {dag.py:3508} INFO - Setting next_dagrun for example_branch_operator to 2024-02-24T00:00:00+00:00, run_after=2024-02-25T00:00:00+00:00
[2024-02-25T12:46:34.925+0000] {processor.py:179} INFO - Processing /home/airflow/.local/lib/python3.7/site-packages/airflow/example_dags/example_branch_operator.py took 0.176 seconds
[2024-02-25T12:47:05.616+0000] {processor.py:157} INFO - Started process (PID=2133) to work on /home/airflow/.local/lib/python3.7/site-packages/airflow/example_dags/example_branch_operator.py
[2024-02-25T12:47:05.617+0000] {processor.py:826} INFO - Processing file /home/airflow/.local/lib/python3.7/site-packages/airflow/example_dags/example_branch_operator.py for tasks to queue
[2024-02-25T12:47:05.618+0000] {logging_mixin.py:150} INFO - [2024-02-25T12:47:05.617+0000] {dagbag.py:541} INFO - Filling up the DagBag from /home/airflow/.local/lib/python3.7/site-packages/airflow/example_dags/example_branch_operator.py
[2024-02-25T12:47:05.635+0000] {processor.py:836} INFO - DAG(s) dict_keys(['example_branch_operator']) retrieved from /home/airflow/.local/lib/python3.7/site-packages/airflow/example_dags/example_branch_operator.py
[2024-02-25T12:47:05.674+0000] {logging_mixin.py:150} INFO - [2024-02-25T12:47:05.673+0000] {dag.py:2742} INFO - Sync 1 DAGs
[2024-02-25T12:47:05.720+0000] {logging_mixin.py:150} INFO - [2024-02-25T12:47:05.719+0000] {dag.py:3508} INFO - Setting next_dagrun for example_branch_operator to 2024-02-24T00:00:00+00:00, run_after=2024-02-25T00:00:00+00:00
[2024-02-25T12:47:05.756+0000] {processor.py:179} INFO - Processing /home/airflow/.local/lib/python3.7/site-packages/airflow/example_dags/example_branch_operator.py took 0.144 seconds
[2024-02-25T12:47:36.684+0000] {processor.py:157} INFO - Started process (PID=2374) to work on /home/airflow/.local/lib/python3.7/site-packages/airflow/example_dags/example_branch_operator.py
[2024-02-25T12:47:36.685+0000] {processor.py:826} INFO - Processing file /home/airflow/.local/lib/python3.7/site-packages/airflow/example_dags/example_branch_operator.py for tasks to queue
[2024-02-25T12:47:36.686+0000] {logging_mixin.py:150} INFO - [2024-02-25T12:47:36.686+0000] {dagbag.py:541} INFO - Filling up the DagBag from /home/airflow/.local/lib/python3.7/site-packages/airflow/example_dags/example_branch_operator.py
[2024-02-25T12:47:36.696+0000] {processor.py:836} INFO - DAG(s) dict_keys(['example_branch_operator']) retrieved from /home/airflow/.local/lib/python3.7/site-packages/airflow/example_dags/example_branch_operator.py
[2024-02-25T12:47:36.729+0000] {logging_mixin.py:150} INFO - [2024-02-25T12:47:36.729+0000] {dag.py:2742} INFO - Sync 1 DAGs
[2024-02-25T12:47:36.762+0000] {logging_mixin.py:150} INFO - [2024-02-25T12:47:36.762+0000] {dag.py:3508} INFO - Setting next_dagrun for example_branch_operator to 2024-02-24T00:00:00+00:00, run_after=2024-02-25T00:00:00+00:00
[2024-02-25T12:47:36.787+0000] {processor.py:179} INFO - Processing /home/airflow/.local/lib/python3.7/site-packages/airflow/example_dags/example_branch_operator.py took 0.105 seconds
[2024-02-25T12:48:07.093+0000] {processor.py:157} INFO - Started process (PID=2615) to work on /home/airflow/.local/lib/python3.7/site-packages/airflow/example_dags/example_branch_operator.py
[2024-02-25T12:48:07.094+0000] {processor.py:826} INFO - Processing file /home/airflow/.local/lib/python3.7/site-packages/airflow/example_dags/example_branch_operator.py for tasks to queue
[2024-02-25T12:48:07.095+0000] {logging_mixin.py:150} INFO - [2024-02-25T12:48:07.095+0000] {dagbag.py:541} INFO - Filling up the DagBag from /home/airflow/.local/lib/python3.7/site-packages/airflow/example_dags/example_branch_operator.py
[2024-02-25T12:48:07.109+0000] {processor.py:836} INFO - DAG(s) dict_keys(['example_branch_operator']) retrieved from /home/airflow/.local/lib/python3.7/site-packages/airflow/example_dags/example_branch_operator.py
[2024-02-25T12:48:07.133+0000] {logging_mixin.py:150} INFO - [2024-02-25T12:48:07.133+0000] {dag.py:2742} INFO - Sync 1 DAGs
[2024-02-25T12:48:07.158+0000] {logging_mixin.py:150} INFO - [2024-02-25T12:48:07.158+0000] {dag.py:3508} INFO - Setting next_dagrun for example_branch_operator to 2024-02-24T00:00:00+00:00, run_after=2024-02-25T00:00:00+00:00
[2024-02-25T12:48:07.180+0000] {processor.py:179} INFO - Processing /home/airflow/.local/lib/python3.7/site-packages/airflow/example_dags/example_branch_operator.py took 0.090 seconds
[2024-02-25T12:48:37.716+0000] {processor.py:157} INFO - Started process (PID=2857) to work on /home/airflow/.local/lib/python3.7/site-packages/airflow/example_dags/example_branch_operator.py
[2024-02-25T12:48:37.718+0000] {processor.py:826} INFO - Processing file /home/airflow/.local/lib/python3.7/site-packages/airflow/example_dags/example_branch_operator.py for tasks to queue
[2024-02-25T12:48:37.719+0000] {logging_mixin.py:150} INFO - [2024-02-25T12:48:37.718+0000] {dagbag.py:541} INFO - Filling up the DagBag from /home/airflow/.local/lib/python3.7/site-packages/airflow/example_dags/example_branch_operator.py
[2024-02-25T12:48:37.735+0000] {processor.py:836} INFO - DAG(s) dict_keys(['example_branch_operator']) retrieved from /home/airflow/.local/lib/python3.7/site-packages/airflow/example_dags/example_branch_operator.py
[2024-02-25T12:48:37.769+0000] {logging_mixin.py:150} INFO - [2024-02-25T12:48:37.769+0000] {dag.py:2742} INFO - Sync 1 DAGs
[2024-02-25T12:48:37.807+0000] {logging_mixin.py:150} INFO - [2024-02-25T12:48:37.807+0000] {dag.py:3508} INFO - Setting next_dagrun for example_branch_operator to 2024-02-24T00:00:00+00:00, run_after=2024-02-25T00:00:00+00:00
[2024-02-25T12:48:37.838+0000] {processor.py:179} INFO - Processing /home/airflow/.local/lib/python3.7/site-packages/airflow/example_dags/example_branch_operator.py took 0.126 seconds
[2024-02-25T12:49:08.360+0000] {processor.py:157} INFO - Started process (PID=3098) to work on /home/airflow/.local/lib/python3.7/site-packages/airflow/example_dags/example_branch_operator.py
[2024-02-25T12:49:08.361+0000] {processor.py:826} INFO - Processing file /home/airflow/.local/lib/python3.7/site-packages/airflow/example_dags/example_branch_operator.py for tasks to queue
[2024-02-25T12:49:08.362+0000] {logging_mixin.py:150} INFO - [2024-02-25T12:49:08.362+0000] {dagbag.py:541} INFO - Filling up the DagBag from /home/airflow/.local/lib/python3.7/site-packages/airflow/example_dags/example_branch_operator.py
[2024-02-25T12:49:08.373+0000] {processor.py:836} INFO - DAG(s) dict_keys(['example_branch_operator']) retrieved from /home/airflow/.local/lib/python3.7/site-packages/airflow/example_dags/example_branch_operator.py
[2024-02-25T12:49:08.403+0000] {logging_mixin.py:150} INFO - [2024-02-25T12:49:08.403+0000] {dag.py:2742} INFO - Sync 1 DAGs
[2024-02-25T12:49:08.438+0000] {logging_mixin.py:150} INFO - [2024-02-25T12:49:08.438+0000] {dag.py:3508} INFO - Setting next_dagrun for example_branch_operator to 2024-02-24T00:00:00+00:00, run_after=2024-02-25T00:00:00+00:00
[2024-02-25T12:49:08.464+0000] {processor.py:179} INFO - Processing /home/airflow/.local/lib/python3.7/site-packages/airflow/example_dags/example_branch_operator.py took 0.107 seconds
[2024-02-25T12:49:39.032+0000] {processor.py:157} INFO - Started process (PID=3337) to work on /home/airflow/.local/lib/python3.7/site-packages/airflow/example_dags/example_branch_operator.py
[2024-02-25T12:49:39.033+0000] {processor.py:826} INFO - Processing file /home/airflow/.local/lib/python3.7/site-packages/airflow/example_dags/example_branch_operator.py for tasks to queue
[2024-02-25T12:49:39.034+0000] {logging_mixin.py:150} INFO - [2024-02-25T12:49:39.034+0000] {dagbag.py:541} INFO - Filling up the DagBag from /home/airflow/.local/lib/python3.7/site-packages/airflow/example_dags/example_branch_operator.py
[2024-02-25T12:49:39.050+0000] {processor.py:836} INFO - DAG(s) dict_keys(['example_branch_operator']) retrieved from /home/airflow/.local/lib/python3.7/site-packages/airflow/example_dags/example_branch_operator.py
[2024-02-25T12:49:39.089+0000] {logging_mixin.py:150} INFO - [2024-02-25T12:49:39.089+0000] {dag.py:2742} INFO - Sync 1 DAGs
[2024-02-25T12:49:39.181+0000] {logging_mixin.py:150} INFO - [2024-02-25T12:49:39.180+0000] {dag.py:3508} INFO - Setting next_dagrun for example_branch_operator to 2024-02-24T00:00:00+00:00, run_after=2024-02-25T00:00:00+00:00
[2024-02-25T12:49:39.215+0000] {processor.py:179} INFO - Processing /home/airflow/.local/lib/python3.7/site-packages/airflow/example_dags/example_branch_operator.py took 0.187 seconds
[2024-02-25T12:50:09.250+0000] {processor.py:157} INFO - Started process (PID=3580) to work on /home/airflow/.local/lib/python3.7/site-packages/airflow/example_dags/example_branch_operator.py
[2024-02-25T12:50:09.251+0000] {processor.py:826} INFO - Processing file /home/airflow/.local/lib/python3.7/site-packages/airflow/example_dags/example_branch_operator.py for tasks to queue
[2024-02-25T12:50:09.252+0000] {logging_mixin.py:150} INFO - [2024-02-25T12:50:09.252+0000] {dagbag.py:541} INFO - Filling up the DagBag from /home/airflow/.local/lib/python3.7/site-packages/airflow/example_dags/example_branch_operator.py
[2024-02-25T12:50:09.263+0000] {processor.py:836} INFO - DAG(s) dict_keys(['example_branch_operator']) retrieved from /home/airflow/.local/lib/python3.7/site-packages/airflow/example_dags/example_branch_operator.py
[2024-02-25T12:50:09.289+0000] {logging_mixin.py:150} INFO - [2024-02-25T12:50:09.289+0000] {dag.py:2742} INFO - Sync 1 DAGs
[2024-02-25T12:50:09.314+0000] {logging_mixin.py:150} INFO - [2024-02-25T12:50:09.313+0000] {dag.py:3508} INFO - Setting next_dagrun for example_branch_operator to 2024-02-24T00:00:00+00:00, run_after=2024-02-25T00:00:00+00:00
[2024-02-25T12:50:09.335+0000] {processor.py:179} INFO - Processing /home/airflow/.local/lib/python3.7/site-packages/airflow/example_dags/example_branch_operator.py took 0.088 seconds
[2024-02-25T12:50:39.947+0000] {processor.py:157} INFO - Started process (PID=3821) to work on /home/airflow/.local/lib/python3.7/site-packages/airflow/example_dags/example_branch_operator.py
[2024-02-25T12:50:39.948+0000] {processor.py:826} INFO - Processing file /home/airflow/.local/lib/python3.7/site-packages/airflow/example_dags/example_branch_operator.py for tasks to queue
[2024-02-25T12:50:39.949+0000] {logging_mixin.py:150} INFO - [2024-02-25T12:50:39.948+0000] {dagbag.py:541} INFO - Filling up the DagBag from /home/airflow/.local/lib/python3.7/site-packages/airflow/example_dags/example_branch_operator.py
[2024-02-25T12:50:39.962+0000] {processor.py:836} INFO - DAG(s) dict_keys(['example_branch_operator']) retrieved from /home/airflow/.local/lib/python3.7/site-packages/airflow/example_dags/example_branch_operator.py
[2024-02-25T12:50:39.992+0000] {logging_mixin.py:150} INFO - [2024-02-25T12:50:39.992+0000] {dag.py:2742} INFO - Sync 1 DAGs
[2024-02-25T12:50:40.024+0000] {logging_mixin.py:150} INFO - [2024-02-25T12:50:40.023+0000] {dag.py:3508} INFO - Setting next_dagrun for example_branch_operator to 2024-02-24T00:00:00+00:00, run_after=2024-02-25T00:00:00+00:00
[2024-02-25T12:50:40.051+0000] {processor.py:179} INFO - Processing /home/airflow/.local/lib/python3.7/site-packages/airflow/example_dags/example_branch_operator.py took 0.108 seconds
[2024-02-25T12:51:10.330+0000] {processor.py:157} INFO - Started process (PID=4062) to work on /home/airflow/.local/lib/python3.7/site-packages/airflow/example_dags/example_branch_operator.py
[2024-02-25T12:51:10.331+0000] {processor.py:826} INFO - Processing file /home/airflow/.local/lib/python3.7/site-packages/airflow/example_dags/example_branch_operator.py for tasks to queue
[2024-02-25T12:51:10.331+0000] {logging_mixin.py:150} INFO - [2024-02-25T12:51:10.331+0000] {dagbag.py:541} INFO - Filling up the DagBag from /home/airflow/.local/lib/python3.7/site-packages/airflow/example_dags/example_branch_operator.py
[2024-02-25T12:51:10.340+0000] {processor.py:836} INFO - DAG(s) dict_keys(['example_branch_operator']) retrieved from /home/airflow/.local/lib/python3.7/site-packages/airflow/example_dags/example_branch_operator.py
[2024-02-25T12:51:10.364+0000] {logging_mixin.py:150} INFO - [2024-02-25T12:51:10.363+0000] {dag.py:2742} INFO - Sync 1 DAGs
[2024-02-25T12:51:10.390+0000] {logging_mixin.py:150} INFO - [2024-02-25T12:51:10.390+0000] {dag.py:3508} INFO - Setting next_dagrun for example_branch_operator to 2024-02-24T00:00:00+00:00, run_after=2024-02-25T00:00:00+00:00
[2024-02-25T12:51:10.414+0000] {processor.py:179} INFO - Processing /home/airflow/.local/lib/python3.7/site-packages/airflow/example_dags/example_branch_operator.py took 0.088 seconds
[2024-02-25T12:51:41.066+0000] {processor.py:157} INFO - Started process (PID=4303) to work on /home/airflow/.local/lib/python3.7/site-packages/airflow/example_dags/example_branch_operator.py
[2024-02-25T12:51:41.067+0000] {processor.py:826} INFO - Processing file /home/airflow/.local/lib/python3.7/site-packages/airflow/example_dags/example_branch_operator.py for tasks to queue
[2024-02-25T12:51:41.068+0000] {logging_mixin.py:150} INFO - [2024-02-25T12:51:41.068+0000] {dagbag.py:541} INFO - Filling up the DagBag from /home/airflow/.local/lib/python3.7/site-packages/airflow/example_dags/example_branch_operator.py
[2024-02-25T12:51:41.076+0000] {processor.py:836} INFO - DAG(s) dict_keys(['example_branch_operator']) retrieved from /home/airflow/.local/lib/python3.7/site-packages/airflow/example_dags/example_branch_operator.py
[2024-02-25T12:51:41.101+0000] {logging_mixin.py:150} INFO - [2024-02-25T12:51:41.100+0000] {dag.py:2742} INFO - Sync 1 DAGs
[2024-02-25T12:51:41.126+0000] {logging_mixin.py:150} INFO - [2024-02-25T12:51:41.125+0000] {dag.py:3508} INFO - Setting next_dagrun for example_branch_operator to 2024-02-24T00:00:00+00:00, run_after=2024-02-25T00:00:00+00:00
[2024-02-25T12:51:41.146+0000] {processor.py:179} INFO - Processing /home/airflow/.local/lib/python3.7/site-packages/airflow/example_dags/example_branch_operator.py took 0.083 seconds
[2024-02-25T12:52:11.761+0000] {processor.py:157} INFO - Started process (PID=4544) to work on /home/airflow/.local/lib/python3.7/site-packages/airflow/example_dags/example_branch_operator.py
[2024-02-25T12:52:11.762+0000] {processor.py:826} INFO - Processing file /home/airflow/.local/lib/python3.7/site-packages/airflow/example_dags/example_branch_operator.py for tasks to queue
[2024-02-25T12:52:11.762+0000] {logging_mixin.py:150} INFO - [2024-02-25T12:52:11.762+0000] {dagbag.py:541} INFO - Filling up the DagBag from /home/airflow/.local/lib/python3.7/site-packages/airflow/example_dags/example_branch_operator.py
[2024-02-25T12:52:11.771+0000] {processor.py:836} INFO - DAG(s) dict_keys(['example_branch_operator']) retrieved from /home/airflow/.local/lib/python3.7/site-packages/airflow/example_dags/example_branch_operator.py
[2024-02-25T12:52:11.796+0000] {logging_mixin.py:150} INFO - [2024-02-25T12:52:11.796+0000] {dag.py:2742} INFO - Sync 1 DAGs
[2024-02-25T12:52:11.822+0000] {logging_mixin.py:150} INFO - [2024-02-25T12:52:11.821+0000] {dag.py:3508} INFO - Setting next_dagrun for example_branch_operator to 2024-02-24T00:00:00+00:00, run_after=2024-02-25T00:00:00+00:00
[2024-02-25T12:52:11.841+0000] {processor.py:179} INFO - Processing /home/airflow/.local/lib/python3.7/site-packages/airflow/example_dags/example_branch_operator.py took 0.084 seconds
[2024-02-25T12:52:42.087+0000] {processor.py:157} INFO - Started process (PID=4785) to work on /home/airflow/.local/lib/python3.7/site-packages/airflow/example_dags/example_branch_operator.py
[2024-02-25T12:52:42.088+0000] {processor.py:826} INFO - Processing file /home/airflow/.local/lib/python3.7/site-packages/airflow/example_dags/example_branch_operator.py for tasks to queue
[2024-02-25T12:52:42.088+0000] {logging_mixin.py:150} INFO - [2024-02-25T12:52:42.088+0000] {dagbag.py:541} INFO - Filling up the DagBag from /home/airflow/.local/lib/python3.7/site-packages/airflow/example_dags/example_branch_operator.py
[2024-02-25T12:52:42.098+0000] {processor.py:836} INFO - DAG(s) dict_keys(['example_branch_operator']) retrieved from /home/airflow/.local/lib/python3.7/site-packages/airflow/example_dags/example_branch_operator.py
[2024-02-25T12:52:42.122+0000] {logging_mixin.py:150} INFO - [2024-02-25T12:52:42.122+0000] {dag.py:2742} INFO - Sync 1 DAGs
[2024-02-25T12:52:42.148+0000] {logging_mixin.py:150} INFO - [2024-02-25T12:52:42.148+0000] {dag.py:3508} INFO - Setting next_dagrun for example_branch_operator to 2024-02-24T00:00:00+00:00, run_after=2024-02-25T00:00:00+00:00
[2024-02-25T12:52:42.169+0000] {processor.py:179} INFO - Processing /home/airflow/.local/lib/python3.7/site-packages/airflow/example_dags/example_branch_operator.py took 0.086 seconds
[2024-02-25T12:53:12.283+0000] {processor.py:157} INFO - Started process (PID=5026) to work on /home/airflow/.local/lib/python3.7/site-packages/airflow/example_dags/example_branch_operator.py
[2024-02-25T12:53:12.285+0000] {processor.py:826} INFO - Processing file /home/airflow/.local/lib/python3.7/site-packages/airflow/example_dags/example_branch_operator.py for tasks to queue
[2024-02-25T12:53:12.285+0000] {logging_mixin.py:150} INFO - [2024-02-25T12:53:12.285+0000] {dagbag.py:541} INFO - Filling up the DagBag from /home/airflow/.local/lib/python3.7/site-packages/airflow/example_dags/example_branch_operator.py
[2024-02-25T12:53:12.295+0000] {processor.py:836} INFO - DAG(s) dict_keys(['example_branch_operator']) retrieved from /home/airflow/.local/lib/python3.7/site-packages/airflow/example_dags/example_branch_operator.py
[2024-02-25T12:53:12.325+0000] {logging_mixin.py:150} INFO - [2024-02-25T12:53:12.324+0000] {dag.py:2742} INFO - Sync 1 DAGs
[2024-02-25T12:53:12.350+0000] {logging_mixin.py:150} INFO - [2024-02-25T12:53:12.350+0000] {dag.py:3508} INFO - Setting next_dagrun for example_branch_operator to 2024-02-24T00:00:00+00:00, run_after=2024-02-25T00:00:00+00:00
[2024-02-25T12:53:12.371+0000] {processor.py:179} INFO - Processing /home/airflow/.local/lib/python3.7/site-packages/airflow/example_dags/example_branch_operator.py took 0.092 seconds
[2024-02-25T12:53:43.438+0000] {processor.py:157} INFO - Started process (PID=5267) to work on /home/airflow/.local/lib/python3.7/site-packages/airflow/example_dags/example_branch_operator.py
[2024-02-25T12:53:43.439+0000] {processor.py:826} INFO - Processing file /home/airflow/.local/lib/python3.7/site-packages/airflow/example_dags/example_branch_operator.py for tasks to queue
[2024-02-25T12:53:43.440+0000] {logging_mixin.py:150} INFO - [2024-02-25T12:53:43.439+0000] {dagbag.py:541} INFO - Filling up the DagBag from /home/airflow/.local/lib/python3.7/site-packages/airflow/example_dags/example_branch_operator.py
[2024-02-25T12:53:43.451+0000] {processor.py:836} INFO - DAG(s) dict_keys(['example_branch_operator']) retrieved from /home/airflow/.local/lib/python3.7/site-packages/airflow/example_dags/example_branch_operator.py
[2024-02-25T12:53:43.480+0000] {logging_mixin.py:150} INFO - [2024-02-25T12:53:43.480+0000] {dag.py:2742} INFO - Sync 1 DAGs
[2024-02-25T12:53:43.512+0000] {logging_mixin.py:150} INFO - [2024-02-25T12:53:43.512+0000] {dag.py:3508} INFO - Setting next_dagrun for example_branch_operator to 2024-02-24T00:00:00+00:00, run_after=2024-02-25T00:00:00+00:00
[2024-02-25T12:53:43.538+0000] {processor.py:179} INFO - Processing /home/airflow/.local/lib/python3.7/site-packages/airflow/example_dags/example_branch_operator.py took 0.104 seconds
[2024-02-25T12:54:14.106+0000] {processor.py:157} INFO - Started process (PID=5508) to work on /home/airflow/.local/lib/python3.7/site-packages/airflow/example_dags/example_branch_operator.py
[2024-02-25T12:54:14.107+0000] {processor.py:826} INFO - Processing file /home/airflow/.local/lib/python3.7/site-packages/airflow/example_dags/example_branch_operator.py for tasks to queue
[2024-02-25T12:54:14.108+0000] {logging_mixin.py:150} INFO - [2024-02-25T12:54:14.108+0000] {dagbag.py:541} INFO - Filling up the DagBag from /home/airflow/.local/lib/python3.7/site-packages/airflow/example_dags/example_branch_operator.py
[2024-02-25T12:54:14.118+0000] {processor.py:836} INFO - DAG(s) dict_keys(['example_branch_operator']) retrieved from /home/airflow/.local/lib/python3.7/site-packages/airflow/example_dags/example_branch_operator.py
[2024-02-25T12:54:14.147+0000] {logging_mixin.py:150} INFO - [2024-02-25T12:54:14.147+0000] {dag.py:2742} INFO - Sync 1 DAGs
[2024-02-25T12:54:14.177+0000] {logging_mixin.py:150} INFO - [2024-02-25T12:54:14.177+0000] {dag.py:3508} INFO - Setting next_dagrun for example_branch_operator to 2024-02-24T00:00:00+00:00, run_after=2024-02-25T00:00:00+00:00
[2024-02-25T12:54:14.200+0000] {processor.py:179} INFO - Processing /home/airflow/.local/lib/python3.7/site-packages/airflow/example_dags/example_branch_operator.py took 0.097 seconds
[2024-02-25T12:54:44.692+0000] {processor.py:157} INFO - Started process (PID=5749) to work on /home/airflow/.local/lib/python3.7/site-packages/airflow/example_dags/example_branch_operator.py
[2024-02-25T12:54:44.692+0000] {processor.py:826} INFO - Processing file /home/airflow/.local/lib/python3.7/site-packages/airflow/example_dags/example_branch_operator.py for tasks to queue
[2024-02-25T12:54:44.693+0000] {logging_mixin.py:150} INFO - [2024-02-25T12:54:44.693+0000] {dagbag.py:541} INFO - Filling up the DagBag from /home/airflow/.local/lib/python3.7/site-packages/airflow/example_dags/example_branch_operator.py
[2024-02-25T12:54:44.703+0000] {processor.py:836} INFO - DAG(s) dict_keys(['example_branch_operator']) retrieved from /home/airflow/.local/lib/python3.7/site-packages/airflow/example_dags/example_branch_operator.py
[2024-02-25T12:54:44.731+0000] {logging_mixin.py:150} INFO - [2024-02-25T12:54:44.731+0000] {dag.py:2742} INFO - Sync 1 DAGs
[2024-02-25T12:54:44.764+0000] {logging_mixin.py:150} INFO - [2024-02-25T12:54:44.764+0000] {dag.py:3508} INFO - Setting next_dagrun for example_branch_operator to 2024-02-24T00:00:00+00:00, run_after=2024-02-25T00:00:00+00:00
[2024-02-25T12:54:44.788+0000] {processor.py:179} INFO - Processing /home/airflow/.local/lib/python3.7/site-packages/airflow/example_dags/example_branch_operator.py took 0.101 seconds
[2024-02-25T12:55:15.338+0000] {processor.py:157} INFO - Started process (PID=5989) to work on /home/airflow/.local/lib/python3.7/site-packages/airflow/example_dags/example_branch_operator.py
[2024-02-25T12:55:15.340+0000] {processor.py:826} INFO - Processing file /home/airflow/.local/lib/python3.7/site-packages/airflow/example_dags/example_branch_operator.py for tasks to queue
[2024-02-25T12:55:15.341+0000] {logging_mixin.py:150} INFO - [2024-02-25T12:55:15.340+0000] {dagbag.py:541} INFO - Filling up the DagBag from /home/airflow/.local/lib/python3.7/site-packages/airflow/example_dags/example_branch_operator.py
[2024-02-25T12:55:15.356+0000] {processor.py:836} INFO - DAG(s) dict_keys(['example_branch_operator']) retrieved from /home/airflow/.local/lib/python3.7/site-packages/airflow/example_dags/example_branch_operator.py
[2024-02-25T12:55:15.387+0000] {logging_mixin.py:150} INFO - [2024-02-25T12:55:15.387+0000] {dag.py:2742} INFO - Sync 1 DAGs
[2024-02-25T12:55:15.417+0000] {logging_mixin.py:150} INFO - [2024-02-25T12:55:15.417+0000] {dag.py:3508} INFO - Setting next_dagrun for example_branch_operator to 2024-02-24T00:00:00+00:00, run_after=2024-02-25T00:00:00+00:00
[2024-02-25T12:55:15.440+0000] {processor.py:179} INFO - Processing /home/airflow/.local/lib/python3.7/site-packages/airflow/example_dags/example_branch_operator.py took 0.106 seconds
[2024-02-25T12:55:46.081+0000] {processor.py:157} INFO - Started process (PID=6230) to work on /home/airflow/.local/lib/python3.7/site-packages/airflow/example_dags/example_branch_operator.py
[2024-02-25T12:55:46.082+0000] {processor.py:826} INFO - Processing file /home/airflow/.local/lib/python3.7/site-packages/airflow/example_dags/example_branch_operator.py for tasks to queue
[2024-02-25T12:55:46.083+0000] {logging_mixin.py:150} INFO - [2024-02-25T12:55:46.082+0000] {dagbag.py:541} INFO - Filling up the DagBag from /home/airflow/.local/lib/python3.7/site-packages/airflow/example_dags/example_branch_operator.py
[2024-02-25T12:55:46.091+0000] {processor.py:836} INFO - DAG(s) dict_keys(['example_branch_operator']) retrieved from /home/airflow/.local/lib/python3.7/site-packages/airflow/example_dags/example_branch_operator.py
[2024-02-25T12:55:46.115+0000] {logging_mixin.py:150} INFO - [2024-02-25T12:55:46.115+0000] {dag.py:2742} INFO - Sync 1 DAGs
[2024-02-25T12:55:46.140+0000] {logging_mixin.py:150} INFO - [2024-02-25T12:55:46.140+0000] {dag.py:3508} INFO - Setting next_dagrun for example_branch_operator to 2024-02-24T00:00:00+00:00, run_after=2024-02-25T00:00:00+00:00
[2024-02-25T12:55:46.162+0000] {processor.py:179} INFO - Processing /home/airflow/.local/lib/python3.7/site-packages/airflow/example_dags/example_branch_operator.py took 0.084 seconds
[2024-02-25T12:56:16.246+0000] {processor.py:157} INFO - Started process (PID=6471) to work on /home/airflow/.local/lib/python3.7/site-packages/airflow/example_dags/example_branch_operator.py
[2024-02-25T12:56:16.247+0000] {processor.py:826} INFO - Processing file /home/airflow/.local/lib/python3.7/site-packages/airflow/example_dags/example_branch_operator.py for tasks to queue
[2024-02-25T12:56:16.247+0000] {logging_mixin.py:150} INFO - [2024-02-25T12:56:16.247+0000] {dagbag.py:541} INFO - Filling up the DagBag from /home/airflow/.local/lib/python3.7/site-packages/airflow/example_dags/example_branch_operator.py
[2024-02-25T12:56:16.255+0000] {processor.py:836} INFO - DAG(s) dict_keys(['example_branch_operator']) retrieved from /home/airflow/.local/lib/python3.7/site-packages/airflow/example_dags/example_branch_operator.py
[2024-02-25T12:56:16.280+0000] {logging_mixin.py:150} INFO - [2024-02-25T12:56:16.279+0000] {dag.py:2742} INFO - Sync 1 DAGs
[2024-02-25T12:56:16.304+0000] {logging_mixin.py:150} INFO - [2024-02-25T12:56:16.304+0000] {dag.py:3508} INFO - Setting next_dagrun for example_branch_operator to 2024-02-24T00:00:00+00:00, run_after=2024-02-25T00:00:00+00:00
[2024-02-25T12:56:16.326+0000] {processor.py:179} INFO - Processing /home/airflow/.local/lib/python3.7/site-packages/airflow/example_dags/example_branch_operator.py took 0.084 seconds
[2024-02-25T12:56:46.472+0000] {processor.py:157} INFO - Started process (PID=6712) to work on /home/airflow/.local/lib/python3.7/site-packages/airflow/example_dags/example_branch_operator.py
[2024-02-25T12:56:46.473+0000] {processor.py:826} INFO - Processing file /home/airflow/.local/lib/python3.7/site-packages/airflow/example_dags/example_branch_operator.py for tasks to queue
[2024-02-25T12:56:46.474+0000] {logging_mixin.py:150} INFO - [2024-02-25T12:56:46.473+0000] {dagbag.py:541} INFO - Filling up the DagBag from /home/airflow/.local/lib/python3.7/site-packages/airflow/example_dags/example_branch_operator.py
[2024-02-25T12:56:46.482+0000] {processor.py:836} INFO - DAG(s) dict_keys(['example_branch_operator']) retrieved from /home/airflow/.local/lib/python3.7/site-packages/airflow/example_dags/example_branch_operator.py
[2024-02-25T12:56:46.506+0000] {logging_mixin.py:150} INFO - [2024-02-25T12:56:46.506+0000] {dag.py:2742} INFO - Sync 1 DAGs
[2024-02-25T12:56:46.532+0000] {logging_mixin.py:150} INFO - [2024-02-25T12:56:46.532+0000] {dag.py:3508} INFO - Setting next_dagrun for example_branch_operator to 2024-02-24T00:00:00+00:00, run_after=2024-02-25T00:00:00+00:00
[2024-02-25T12:56:46.559+0000] {processor.py:179} INFO - Processing /home/airflow/.local/lib/python3.7/site-packages/airflow/example_dags/example_branch_operator.py took 0.090 seconds
