[2024-02-25T12:43:01.431+0000] {processor.py:157} INFO - Started process (PID=243) to work on /home/airflow/.local/lib/python3.7/site-packages/airflow/example_dags/example_branch_day_of_week_operator.py
[2024-02-25T12:43:01.432+0000] {processor.py:826} INFO - Processing file /home/airflow/.local/lib/python3.7/site-packages/airflow/example_dags/example_branch_day_of_week_operator.py for tasks to queue
[2024-02-25T12:43:01.433+0000] {logging_mixin.py:150} INFO - [2024-02-25T12:43:01.432+0000] {dagbag.py:541} INFO - Filling up the DagBag from /home/airflow/.local/lib/python3.7/site-packages/airflow/example_dags/example_branch_day_of_week_operator.py
[2024-02-25T12:43:01.450+0000] {processor.py:836} INFO - DAG(s) dict_keys(['example_weekday_branch_operator']) retrieved from /home/airflow/.local/lib/python3.7/site-packages/airflow/example_dags/example_branch_day_of_week_operator.py
[2024-02-25T12:43:01.467+0000] {logging_mixin.py:150} INFO - [2024-02-25T12:43:01.466+0000] {dag.py:2742} INFO - Sync 1 DAGs
[2024-02-25T12:43:01.504+0000] {logging_mixin.py:150} INFO - [2024-02-25T12:43:01.504+0000] {dag.py:3508} INFO - Setting next_dagrun for example_weekday_branch_operator to 2024-02-24T00:00:00+00:00, run_after=2024-02-25T00:00:00+00:00
[2024-02-25T12:43:01.532+0000] {processor.py:179} INFO - Processing /home/airflow/.local/lib/python3.7/site-packages/airflow/example_dags/example_branch_day_of_week_operator.py took 0.105 seconds
[2024-02-25T12:43:32.260+0000] {processor.py:157} INFO - Started process (PID=483) to work on /home/airflow/.local/lib/python3.7/site-packages/airflow/example_dags/example_branch_day_of_week_operator.py
[2024-02-25T12:43:32.261+0000] {processor.py:826} INFO - Processing file /home/airflow/.local/lib/python3.7/site-packages/airflow/example_dags/example_branch_day_of_week_operator.py for tasks to queue
[2024-02-25T12:43:32.262+0000] {logging_mixin.py:150} INFO - [2024-02-25T12:43:32.262+0000] {dagbag.py:541} INFO - Filling up the DagBag from /home/airflow/.local/lib/python3.7/site-packages/airflow/example_dags/example_branch_day_of_week_operator.py
[2024-02-25T12:43:32.268+0000] {processor.py:836} INFO - DAG(s) dict_keys(['example_weekday_branch_operator']) retrieved from /home/airflow/.local/lib/python3.7/site-packages/airflow/example_dags/example_branch_day_of_week_operator.py
[2024-02-25T12:43:32.292+0000] {logging_mixin.py:150} INFO - [2024-02-25T12:43:32.292+0000] {dag.py:2742} INFO - Sync 1 DAGs
[2024-02-25T12:43:32.317+0000] {logging_mixin.py:150} INFO - [2024-02-25T12:43:32.317+0000] {dag.py:3508} INFO - Setting next_dagrun for example_weekday_branch_operator to 2024-02-24T00:00:00+00:00, run_after=2024-02-25T00:00:00+00:00
[2024-02-25T12:43:32.340+0000] {processor.py:179} INFO - Processing /home/airflow/.local/lib/python3.7/site-packages/airflow/example_dags/example_branch_day_of_week_operator.py took 0.083 seconds
[2024-02-25T12:44:03.293+0000] {processor.py:157} INFO - Started process (PID=723) to work on /home/airflow/.local/lib/python3.7/site-packages/airflow/example_dags/example_branch_day_of_week_operator.py
[2024-02-25T12:44:03.295+0000] {processor.py:826} INFO - Processing file /home/airflow/.local/lib/python3.7/site-packages/airflow/example_dags/example_branch_day_of_week_operator.py for tasks to queue
[2024-02-25T12:44:03.296+0000] {logging_mixin.py:150} INFO - [2024-02-25T12:44:03.296+0000] {dagbag.py:541} INFO - Filling up the DagBag from /home/airflow/.local/lib/python3.7/site-packages/airflow/example_dags/example_branch_day_of_week_operator.py
[2024-02-25T12:44:03.308+0000] {processor.py:836} INFO - DAG(s) dict_keys(['example_weekday_branch_operator']) retrieved from /home/airflow/.local/lib/python3.7/site-packages/airflow/example_dags/example_branch_day_of_week_operator.py
[2024-02-25T12:44:03.325+0000] {logging_mixin.py:150} INFO - [2024-02-25T12:44:03.324+0000] {dag.py:2742} INFO - Sync 1 DAGs
[2024-02-25T12:44:03.371+0000] {logging_mixin.py:150} INFO - [2024-02-25T12:44:03.371+0000] {dag.py:3508} INFO - Setting next_dagrun for example_weekday_branch_operator to 2024-02-24T00:00:00+00:00, run_after=2024-02-25T00:00:00+00:00
[2024-02-25T12:44:03.403+0000] {processor.py:179} INFO - Processing /home/airflow/.local/lib/python3.7/site-packages/airflow/example_dags/example_branch_day_of_week_operator.py took 0.114 seconds
[2024-02-25T12:44:33.879+0000] {processor.py:157} INFO - Started process (PID=964) to work on /home/airflow/.local/lib/python3.7/site-packages/airflow/example_dags/example_branch_day_of_week_operator.py
[2024-02-25T12:44:33.881+0000] {processor.py:826} INFO - Processing file /home/airflow/.local/lib/python3.7/site-packages/airflow/example_dags/example_branch_day_of_week_operator.py for tasks to queue
[2024-02-25T12:44:33.882+0000] {logging_mixin.py:150} INFO - [2024-02-25T12:44:33.882+0000] {dagbag.py:541} INFO - Filling up the DagBag from /home/airflow/.local/lib/python3.7/site-packages/airflow/example_dags/example_branch_day_of_week_operator.py
[2024-02-25T12:44:33.927+0000] {processor.py:836} INFO - DAG(s) dict_keys(['example_weekday_branch_operator']) retrieved from /home/airflow/.local/lib/python3.7/site-packages/airflow/example_dags/example_branch_day_of_week_operator.py
[2024-02-25T12:44:34.023+0000] {logging_mixin.py:150} INFO - [2024-02-25T12:44:34.023+0000] {dag.py:2742} INFO - Sync 1 DAGs
[2024-02-25T12:44:34.094+0000] {logging_mixin.py:150} INFO - [2024-02-25T12:44:34.094+0000] {dag.py:3508} INFO - Setting next_dagrun for example_weekday_branch_operator to 2024-02-24T00:00:00+00:00, run_after=2024-02-25T00:00:00+00:00
[2024-02-25T12:44:34.129+0000] {processor.py:179} INFO - Processing /home/airflow/.local/lib/python3.7/site-packages/airflow/example_dags/example_branch_day_of_week_operator.py took 0.255 seconds
[2024-02-25T12:45:04.967+0000] {processor.py:157} INFO - Started process (PID=1205) to work on /home/airflow/.local/lib/python3.7/site-packages/airflow/example_dags/example_branch_day_of_week_operator.py
[2024-02-25T12:45:04.969+0000] {processor.py:826} INFO - Processing file /home/airflow/.local/lib/python3.7/site-packages/airflow/example_dags/example_branch_day_of_week_operator.py for tasks to queue
[2024-02-25T12:45:04.970+0000] {logging_mixin.py:150} INFO - [2024-02-25T12:45:04.969+0000] {dagbag.py:541} INFO - Filling up the DagBag from /home/airflow/.local/lib/python3.7/site-packages/airflow/example_dags/example_branch_day_of_week_operator.py
[2024-02-25T12:45:04.991+0000] {processor.py:836} INFO - DAG(s) dict_keys(['example_weekday_branch_operator']) retrieved from /home/airflow/.local/lib/python3.7/site-packages/airflow/example_dags/example_branch_day_of_week_operator.py
[2024-02-25T12:45:05.042+0000] {logging_mixin.py:150} INFO - [2024-02-25T12:45:05.041+0000] {dag.py:2742} INFO - Sync 1 DAGs
[2024-02-25T12:45:05.120+0000] {logging_mixin.py:150} INFO - [2024-02-25T12:45:05.120+0000] {dag.py:3508} INFO - Setting next_dagrun for example_weekday_branch_operator to 2024-02-24T00:00:00+00:00, run_after=2024-02-25T00:00:00+00:00
[2024-02-25T12:45:05.165+0000] {processor.py:179} INFO - Processing /home/airflow/.local/lib/python3.7/site-packages/airflow/example_dags/example_branch_day_of_week_operator.py took 0.204 seconds
[2024-02-25T12:45:35.204+0000] {processor.py:157} INFO - Started process (PID=1450) to work on /home/airflow/.local/lib/python3.7/site-packages/airflow/example_dags/example_branch_day_of_week_operator.py
[2024-02-25T12:45:35.206+0000] {processor.py:826} INFO - Processing file /home/airflow/.local/lib/python3.7/site-packages/airflow/example_dags/example_branch_day_of_week_operator.py for tasks to queue
[2024-02-25T12:45:35.206+0000] {logging_mixin.py:150} INFO - [2024-02-25T12:45:35.206+0000] {dagbag.py:541} INFO - Filling up the DagBag from /home/airflow/.local/lib/python3.7/site-packages/airflow/example_dags/example_branch_day_of_week_operator.py
[2024-02-25T12:45:35.216+0000] {processor.py:836} INFO - DAG(s) dict_keys(['example_weekday_branch_operator']) retrieved from /home/airflow/.local/lib/python3.7/site-packages/airflow/example_dags/example_branch_day_of_week_operator.py
[2024-02-25T12:45:35.246+0000] {logging_mixin.py:150} INFO - [2024-02-25T12:45:35.246+0000] {dag.py:2742} INFO - Sync 1 DAGs
[2024-02-25T12:45:35.279+0000] {logging_mixin.py:150} INFO - [2024-02-25T12:45:35.278+0000] {dag.py:3508} INFO - Setting next_dagrun for example_weekday_branch_operator to 2024-02-24T00:00:00+00:00, run_after=2024-02-25T00:00:00+00:00
[2024-02-25T12:45:35.305+0000] {processor.py:179} INFO - Processing /home/airflow/.local/lib/python3.7/site-packages/airflow/example_dags/example_branch_day_of_week_operator.py took 0.105 seconds
[2024-02-25T12:46:05.756+0000] {processor.py:157} INFO - Started process (PID=1691) to work on /home/airflow/.local/lib/python3.7/site-packages/airflow/example_dags/example_branch_day_of_week_operator.py
[2024-02-25T12:46:05.757+0000] {processor.py:826} INFO - Processing file /home/airflow/.local/lib/python3.7/site-packages/airflow/example_dags/example_branch_day_of_week_operator.py for tasks to queue
[2024-02-25T12:46:05.758+0000] {logging_mixin.py:150} INFO - [2024-02-25T12:46:05.758+0000] {dagbag.py:541} INFO - Filling up the DagBag from /home/airflow/.local/lib/python3.7/site-packages/airflow/example_dags/example_branch_day_of_week_operator.py
[2024-02-25T12:46:05.768+0000] {processor.py:836} INFO - DAG(s) dict_keys(['example_weekday_branch_operator']) retrieved from /home/airflow/.local/lib/python3.7/site-packages/airflow/example_dags/example_branch_day_of_week_operator.py
[2024-02-25T12:46:05.798+0000] {logging_mixin.py:150} INFO - [2024-02-25T12:46:05.798+0000] {dag.py:2742} INFO - Sync 1 DAGs
[2024-02-25T12:46:05.832+0000] {logging_mixin.py:150} INFO - [2024-02-25T12:46:05.832+0000] {dag.py:3508} INFO - Setting next_dagrun for example_weekday_branch_operator to 2024-02-24T00:00:00+00:00, run_after=2024-02-25T00:00:00+00:00
[2024-02-25T12:46:05.877+0000] {processor.py:179} INFO - Processing /home/airflow/.local/lib/python3.7/site-packages/airflow/example_dags/example_branch_day_of_week_operator.py took 0.123 seconds
[2024-02-25T12:46:36.336+0000] {processor.py:157} INFO - Started process (PID=1932) to work on /home/airflow/.local/lib/python3.7/site-packages/airflow/example_dags/example_branch_day_of_week_operator.py
[2024-02-25T12:46:36.337+0000] {processor.py:826} INFO - Processing file /home/airflow/.local/lib/python3.7/site-packages/airflow/example_dags/example_branch_day_of_week_operator.py for tasks to queue
[2024-02-25T12:46:36.338+0000] {logging_mixin.py:150} INFO - [2024-02-25T12:46:36.338+0000] {dagbag.py:541} INFO - Filling up the DagBag from /home/airflow/.local/lib/python3.7/site-packages/airflow/example_dags/example_branch_day_of_week_operator.py
[2024-02-25T12:46:36.349+0000] {processor.py:836} INFO - DAG(s) dict_keys(['example_weekday_branch_operator']) retrieved from /home/airflow/.local/lib/python3.7/site-packages/airflow/example_dags/example_branch_day_of_week_operator.py
[2024-02-25T12:46:36.379+0000] {logging_mixin.py:150} INFO - [2024-02-25T12:46:36.379+0000] {dag.py:2742} INFO - Sync 1 DAGs
[2024-02-25T12:46:36.414+0000] {logging_mixin.py:150} INFO - [2024-02-25T12:46:36.414+0000] {dag.py:3508} INFO - Setting next_dagrun for example_weekday_branch_operator to 2024-02-24T00:00:00+00:00, run_after=2024-02-25T00:00:00+00:00
[2024-02-25T12:46:36.442+0000] {processor.py:179} INFO - Processing /home/airflow/.local/lib/python3.7/site-packages/airflow/example_dags/example_branch_day_of_week_operator.py took 0.109 seconds
[2024-02-25T12:47:07.359+0000] {processor.py:157} INFO - Started process (PID=2176) to work on /home/airflow/.local/lib/python3.7/site-packages/airflow/example_dags/example_branch_day_of_week_operator.py
[2024-02-25T12:47:07.360+0000] {processor.py:826} INFO - Processing file /home/airflow/.local/lib/python3.7/site-packages/airflow/example_dags/example_branch_day_of_week_operator.py for tasks to queue
[2024-02-25T12:47:07.361+0000] {logging_mixin.py:150} INFO - [2024-02-25T12:47:07.361+0000] {dagbag.py:541} INFO - Filling up the DagBag from /home/airflow/.local/lib/python3.7/site-packages/airflow/example_dags/example_branch_day_of_week_operator.py
[2024-02-25T12:47:07.370+0000] {processor.py:836} INFO - DAG(s) dict_keys(['example_weekday_branch_operator']) retrieved from /home/airflow/.local/lib/python3.7/site-packages/airflow/example_dags/example_branch_day_of_week_operator.py
[2024-02-25T12:47:07.403+0000] {logging_mixin.py:150} INFO - [2024-02-25T12:47:07.402+0000] {dag.py:2742} INFO - Sync 1 DAGs
[2024-02-25T12:47:07.451+0000] {logging_mixin.py:150} INFO - [2024-02-25T12:47:07.451+0000] {dag.py:3508} INFO - Setting next_dagrun for example_weekday_branch_operator to 2024-02-24T00:00:00+00:00, run_after=2024-02-25T00:00:00+00:00
[2024-02-25T12:47:07.484+0000] {processor.py:179} INFO - Processing /home/airflow/.local/lib/python3.7/site-packages/airflow/example_dags/example_branch_day_of_week_operator.py took 0.131 seconds
[2024-02-25T12:47:38.324+0000] {processor.py:157} INFO - Started process (PID=2417) to work on /home/airflow/.local/lib/python3.7/site-packages/airflow/example_dags/example_branch_day_of_week_operator.py
[2024-02-25T12:47:38.325+0000] {processor.py:826} INFO - Processing file /home/airflow/.local/lib/python3.7/site-packages/airflow/example_dags/example_branch_day_of_week_operator.py for tasks to queue
[2024-02-25T12:47:38.326+0000] {logging_mixin.py:150} INFO - [2024-02-25T12:47:38.326+0000] {dagbag.py:541} INFO - Filling up the DagBag from /home/airflow/.local/lib/python3.7/site-packages/airflow/example_dags/example_branch_day_of_week_operator.py
[2024-02-25T12:47:38.334+0000] {processor.py:836} INFO - DAG(s) dict_keys(['example_weekday_branch_operator']) retrieved from /home/airflow/.local/lib/python3.7/site-packages/airflow/example_dags/example_branch_day_of_week_operator.py
[2024-02-25T12:47:38.363+0000] {logging_mixin.py:150} INFO - [2024-02-25T12:47:38.362+0000] {dag.py:2742} INFO - Sync 1 DAGs
[2024-02-25T12:47:38.393+0000] {logging_mixin.py:150} INFO - [2024-02-25T12:47:38.393+0000] {dag.py:3508} INFO - Setting next_dagrun for example_weekday_branch_operator to 2024-02-24T00:00:00+00:00, run_after=2024-02-25T00:00:00+00:00
[2024-02-25T12:47:38.418+0000] {processor.py:179} INFO - Processing /home/airflow/.local/lib/python3.7/site-packages/airflow/example_dags/example_branch_day_of_week_operator.py took 0.098 seconds
[2024-02-25T12:48:08.574+0000] {processor.py:157} INFO - Started process (PID=2655) to work on /home/airflow/.local/lib/python3.7/site-packages/airflow/example_dags/example_branch_day_of_week_operator.py
[2024-02-25T12:48:08.575+0000] {processor.py:826} INFO - Processing file /home/airflow/.local/lib/python3.7/site-packages/airflow/example_dags/example_branch_day_of_week_operator.py for tasks to queue
[2024-02-25T12:48:08.576+0000] {logging_mixin.py:150} INFO - [2024-02-25T12:48:08.576+0000] {dagbag.py:541} INFO - Filling up the DagBag from /home/airflow/.local/lib/python3.7/site-packages/airflow/example_dags/example_branch_day_of_week_operator.py
[2024-02-25T12:48:08.588+0000] {processor.py:836} INFO - DAG(s) dict_keys(['example_weekday_branch_operator']) retrieved from /home/airflow/.local/lib/python3.7/site-packages/airflow/example_dags/example_branch_day_of_week_operator.py
[2024-02-25T12:48:08.622+0000] {logging_mixin.py:150} INFO - [2024-02-25T12:48:08.621+0000] {dag.py:2742} INFO - Sync 1 DAGs
[2024-02-25T12:48:08.665+0000] {logging_mixin.py:150} INFO - [2024-02-25T12:48:08.665+0000] {dag.py:3508} INFO - Setting next_dagrun for example_weekday_branch_operator to 2024-02-24T00:00:00+00:00, run_after=2024-02-25T00:00:00+00:00
[2024-02-25T12:48:08.695+0000] {processor.py:179} INFO - Processing /home/airflow/.local/lib/python3.7/site-packages/airflow/example_dags/example_branch_day_of_week_operator.py took 0.125 seconds
[2024-02-25T12:48:39.318+0000] {processor.py:157} INFO - Started process (PID=2900) to work on /home/airflow/.local/lib/python3.7/site-packages/airflow/example_dags/example_branch_day_of_week_operator.py
[2024-02-25T12:48:39.320+0000] {processor.py:826} INFO - Processing file /home/airflow/.local/lib/python3.7/site-packages/airflow/example_dags/example_branch_day_of_week_operator.py for tasks to queue
[2024-02-25T12:48:39.321+0000] {logging_mixin.py:150} INFO - [2024-02-25T12:48:39.320+0000] {dagbag.py:541} INFO - Filling up the DagBag from /home/airflow/.local/lib/python3.7/site-packages/airflow/example_dags/example_branch_day_of_week_operator.py
[2024-02-25T12:48:39.329+0000] {processor.py:836} INFO - DAG(s) dict_keys(['example_weekday_branch_operator']) retrieved from /home/airflow/.local/lib/python3.7/site-packages/airflow/example_dags/example_branch_day_of_week_operator.py
[2024-02-25T12:48:39.360+0000] {logging_mixin.py:150} INFO - [2024-02-25T12:48:39.360+0000] {dag.py:2742} INFO - Sync 1 DAGs
[2024-02-25T12:48:39.395+0000] {logging_mixin.py:150} INFO - [2024-02-25T12:48:39.394+0000] {dag.py:3508} INFO - Setting next_dagrun for example_weekday_branch_operator to 2024-02-24T00:00:00+00:00, run_after=2024-02-25T00:00:00+00:00
[2024-02-25T12:48:39.424+0000] {processor.py:179} INFO - Processing /home/airflow/.local/lib/python3.7/site-packages/airflow/example_dags/example_branch_day_of_week_operator.py took 0.110 seconds
[2024-02-25T12:49:10.039+0000] {processor.py:157} INFO - Started process (PID=3141) to work on /home/airflow/.local/lib/python3.7/site-packages/airflow/example_dags/example_branch_day_of_week_operator.py
[2024-02-25T12:49:10.040+0000] {processor.py:826} INFO - Processing file /home/airflow/.local/lib/python3.7/site-packages/airflow/example_dags/example_branch_day_of_week_operator.py for tasks to queue
[2024-02-25T12:49:10.041+0000] {logging_mixin.py:150} INFO - [2024-02-25T12:49:10.041+0000] {dagbag.py:541} INFO - Filling up the DagBag from /home/airflow/.local/lib/python3.7/site-packages/airflow/example_dags/example_branch_day_of_week_operator.py
[2024-02-25T12:49:10.051+0000] {processor.py:836} INFO - DAG(s) dict_keys(['example_weekday_branch_operator']) retrieved from /home/airflow/.local/lib/python3.7/site-packages/airflow/example_dags/example_branch_day_of_week_operator.py
[2024-02-25T12:49:10.085+0000] {logging_mixin.py:150} INFO - [2024-02-25T12:49:10.085+0000] {dag.py:2742} INFO - Sync 1 DAGs
[2024-02-25T12:49:10.125+0000] {logging_mixin.py:150} INFO - [2024-02-25T12:49:10.124+0000] {dag.py:3508} INFO - Setting next_dagrun for example_weekday_branch_operator to 2024-02-24T00:00:00+00:00, run_after=2024-02-25T00:00:00+00:00
[2024-02-25T12:49:10.154+0000] {processor.py:179} INFO - Processing /home/airflow/.local/lib/python3.7/site-packages/airflow/example_dags/example_branch_day_of_week_operator.py took 0.119 seconds
[2024-02-25T12:49:40.764+0000] {processor.py:157} INFO - Started process (PID=3382) to work on /home/airflow/.local/lib/python3.7/site-packages/airflow/example_dags/example_branch_day_of_week_operator.py
[2024-02-25T12:49:40.766+0000] {processor.py:826} INFO - Processing file /home/airflow/.local/lib/python3.7/site-packages/airflow/example_dags/example_branch_day_of_week_operator.py for tasks to queue
[2024-02-25T12:49:40.766+0000] {logging_mixin.py:150} INFO - [2024-02-25T12:49:40.766+0000] {dagbag.py:541} INFO - Filling up the DagBag from /home/airflow/.local/lib/python3.7/site-packages/airflow/example_dags/example_branch_day_of_week_operator.py
[2024-02-25T12:49:40.774+0000] {processor.py:836} INFO - DAG(s) dict_keys(['example_weekday_branch_operator']) retrieved from /home/airflow/.local/lib/python3.7/site-packages/airflow/example_dags/example_branch_day_of_week_operator.py
[2024-02-25T12:49:40.802+0000] {logging_mixin.py:150} INFO - [2024-02-25T12:49:40.801+0000] {dag.py:2742} INFO - Sync 1 DAGs
[2024-02-25T12:49:40.832+0000] {logging_mixin.py:150} INFO - [2024-02-25T12:49:40.832+0000] {dag.py:3508} INFO - Setting next_dagrun for example_weekday_branch_operator to 2024-02-24T00:00:00+00:00, run_after=2024-02-25T00:00:00+00:00
[2024-02-25T12:49:40.857+0000] {processor.py:179} INFO - Processing /home/airflow/.local/lib/python3.7/site-packages/airflow/example_dags/example_branch_day_of_week_operator.py took 0.097 seconds
[2024-02-25T12:50:11.791+0000] {processor.py:157} INFO - Started process (PID=3623) to work on /home/airflow/.local/lib/python3.7/site-packages/airflow/example_dags/example_branch_day_of_week_operator.py
[2024-02-25T12:50:11.792+0000] {processor.py:826} INFO - Processing file /home/airflow/.local/lib/python3.7/site-packages/airflow/example_dags/example_branch_day_of_week_operator.py for tasks to queue
[2024-02-25T12:50:11.793+0000] {logging_mixin.py:150} INFO - [2024-02-25T12:50:11.793+0000] {dagbag.py:541} INFO - Filling up the DagBag from /home/airflow/.local/lib/python3.7/site-packages/airflow/example_dags/example_branch_day_of_week_operator.py
[2024-02-25T12:50:11.803+0000] {processor.py:836} INFO - DAG(s) dict_keys(['example_weekday_branch_operator']) retrieved from /home/airflow/.local/lib/python3.7/site-packages/airflow/example_dags/example_branch_day_of_week_operator.py
[2024-02-25T12:50:11.837+0000] {logging_mixin.py:150} INFO - [2024-02-25T12:50:11.837+0000] {dag.py:2742} INFO - Sync 1 DAGs
[2024-02-25T12:50:11.875+0000] {logging_mixin.py:150} INFO - [2024-02-25T12:50:11.875+0000] {dag.py:3508} INFO - Setting next_dagrun for example_weekday_branch_operator to 2024-02-24T00:00:00+00:00, run_after=2024-02-25T00:00:00+00:00
[2024-02-25T12:50:11.897+0000] {processor.py:179} INFO - Processing /home/airflow/.local/lib/python3.7/site-packages/airflow/example_dags/example_branch_day_of_week_operator.py took 0.111 seconds
[2024-02-25T12:50:42.405+0000] {processor.py:157} INFO - Started process (PID=3864) to work on /home/airflow/.local/lib/python3.7/site-packages/airflow/example_dags/example_branch_day_of_week_operator.py
[2024-02-25T12:50:42.406+0000] {processor.py:826} INFO - Processing file /home/airflow/.local/lib/python3.7/site-packages/airflow/example_dags/example_branch_day_of_week_operator.py for tasks to queue
[2024-02-25T12:50:42.407+0000] {logging_mixin.py:150} INFO - [2024-02-25T12:50:42.407+0000] {dagbag.py:541} INFO - Filling up the DagBag from /home/airflow/.local/lib/python3.7/site-packages/airflow/example_dags/example_branch_day_of_week_operator.py
[2024-02-25T12:50:42.416+0000] {processor.py:836} INFO - DAG(s) dict_keys(['example_weekday_branch_operator']) retrieved from /home/airflow/.local/lib/python3.7/site-packages/airflow/example_dags/example_branch_day_of_week_operator.py
[2024-02-25T12:50:42.449+0000] {logging_mixin.py:150} INFO - [2024-02-25T12:50:42.449+0000] {dag.py:2742} INFO - Sync 1 DAGs
[2024-02-25T12:50:42.495+0000] {logging_mixin.py:150} INFO - [2024-02-25T12:50:42.495+0000] {dag.py:3508} INFO - Setting next_dagrun for example_weekday_branch_operator to 2024-02-24T00:00:00+00:00, run_after=2024-02-25T00:00:00+00:00
[2024-02-25T12:50:42.524+0000] {processor.py:179} INFO - Processing /home/airflow/.local/lib/python3.7/site-packages/airflow/example_dags/example_branch_day_of_week_operator.py took 0.124 seconds
[2024-02-25T12:51:12.838+0000] {processor.py:157} INFO - Started process (PID=4102) to work on /home/airflow/.local/lib/python3.7/site-packages/airflow/example_dags/example_branch_day_of_week_operator.py
[2024-02-25T12:51:12.840+0000] {processor.py:826} INFO - Processing file /home/airflow/.local/lib/python3.7/site-packages/airflow/example_dags/example_branch_day_of_week_operator.py for tasks to queue
[2024-02-25T12:51:12.843+0000] {logging_mixin.py:150} INFO - [2024-02-25T12:51:12.842+0000] {dagbag.py:541} INFO - Filling up the DagBag from /home/airflow/.local/lib/python3.7/site-packages/airflow/example_dags/example_branch_day_of_week_operator.py
[2024-02-25T12:51:12.856+0000] {processor.py:836} INFO - DAG(s) dict_keys(['example_weekday_branch_operator']) retrieved from /home/airflow/.local/lib/python3.7/site-packages/airflow/example_dags/example_branch_day_of_week_operator.py
[2024-02-25T12:51:12.893+0000] {logging_mixin.py:150} INFO - [2024-02-25T12:51:12.892+0000] {dag.py:2742} INFO - Sync 1 DAGs
[2024-02-25T12:51:12.927+0000] {logging_mixin.py:150} INFO - [2024-02-25T12:51:12.927+0000] {dag.py:3508} INFO - Setting next_dagrun for example_weekday_branch_operator to 2024-02-24T00:00:00+00:00, run_after=2024-02-25T00:00:00+00:00
[2024-02-25T12:51:12.952+0000] {processor.py:179} INFO - Processing /home/airflow/.local/lib/python3.7/site-packages/airflow/example_dags/example_branch_day_of_week_operator.py took 0.132 seconds
[2024-02-25T12:51:43.598+0000] {processor.py:157} INFO - Started process (PID=4346) to work on /home/airflow/.local/lib/python3.7/site-packages/airflow/example_dags/example_branch_day_of_week_operator.py
[2024-02-25T12:51:43.601+0000] {processor.py:826} INFO - Processing file /home/airflow/.local/lib/python3.7/site-packages/airflow/example_dags/example_branch_day_of_week_operator.py for tasks to queue
[2024-02-25T12:51:43.604+0000] {logging_mixin.py:150} INFO - [2024-02-25T12:51:43.603+0000] {dagbag.py:541} INFO - Filling up the DagBag from /home/airflow/.local/lib/python3.7/site-packages/airflow/example_dags/example_branch_day_of_week_operator.py
[2024-02-25T12:51:43.640+0000] {processor.py:836} INFO - DAG(s) dict_keys(['example_weekday_branch_operator']) retrieved from /home/airflow/.local/lib/python3.7/site-packages/airflow/example_dags/example_branch_day_of_week_operator.py
[2024-02-25T12:51:43.675+0000] {logging_mixin.py:150} INFO - [2024-02-25T12:51:43.675+0000] {dag.py:2742} INFO - Sync 1 DAGs
[2024-02-25T12:51:43.706+0000] {logging_mixin.py:150} INFO - [2024-02-25T12:51:43.706+0000] {dag.py:3508} INFO - Setting next_dagrun for example_weekday_branch_operator to 2024-02-24T00:00:00+00:00, run_after=2024-02-25T00:00:00+00:00
[2024-02-25T12:51:43.728+0000] {processor.py:179} INFO - Processing /home/airflow/.local/lib/python3.7/site-packages/airflow/example_dags/example_branch_day_of_week_operator.py took 0.147 seconds
[2024-02-25T12:52:14.198+0000] {processor.py:157} INFO - Started process (PID=4587) to work on /home/airflow/.local/lib/python3.7/site-packages/airflow/example_dags/example_branch_day_of_week_operator.py
[2024-02-25T12:52:14.199+0000] {processor.py:826} INFO - Processing file /home/airflow/.local/lib/python3.7/site-packages/airflow/example_dags/example_branch_day_of_week_operator.py for tasks to queue
[2024-02-25T12:52:14.200+0000] {logging_mixin.py:150} INFO - [2024-02-25T12:52:14.199+0000] {dagbag.py:541} INFO - Filling up the DagBag from /home/airflow/.local/lib/python3.7/site-packages/airflow/example_dags/example_branch_day_of_week_operator.py
[2024-02-25T12:52:14.207+0000] {processor.py:836} INFO - DAG(s) dict_keys(['example_weekday_branch_operator']) retrieved from /home/airflow/.local/lib/python3.7/site-packages/airflow/example_dags/example_branch_day_of_week_operator.py
[2024-02-25T12:52:14.243+0000] {logging_mixin.py:150} INFO - [2024-02-25T12:52:14.242+0000] {dag.py:2742} INFO - Sync 1 DAGs
[2024-02-25T12:52:14.287+0000] {logging_mixin.py:150} INFO - [2024-02-25T12:52:14.287+0000] {dag.py:3508} INFO - Setting next_dagrun for example_weekday_branch_operator to 2024-02-24T00:00:00+00:00, run_after=2024-02-25T00:00:00+00:00
[2024-02-25T12:52:14.317+0000] {processor.py:179} INFO - Processing /home/airflow/.local/lib/python3.7/site-packages/airflow/example_dags/example_branch_day_of_week_operator.py took 0.123 seconds
[2024-02-25T12:52:44.612+0000] {processor.py:157} INFO - Started process (PID=4825) to work on /home/airflow/.local/lib/python3.7/site-packages/airflow/example_dags/example_branch_day_of_week_operator.py
[2024-02-25T12:52:44.613+0000] {processor.py:826} INFO - Processing file /home/airflow/.local/lib/python3.7/site-packages/airflow/example_dags/example_branch_day_of_week_operator.py for tasks to queue
[2024-02-25T12:52:44.615+0000] {logging_mixin.py:150} INFO - [2024-02-25T12:52:44.614+0000] {dagbag.py:541} INFO - Filling up the DagBag from /home/airflow/.local/lib/python3.7/site-packages/airflow/example_dags/example_branch_day_of_week_operator.py
[2024-02-25T12:52:44.626+0000] {processor.py:836} INFO - DAG(s) dict_keys(['example_weekday_branch_operator']) retrieved from /home/airflow/.local/lib/python3.7/site-packages/airflow/example_dags/example_branch_day_of_week_operator.py
[2024-02-25T12:52:44.656+0000] {logging_mixin.py:150} INFO - [2024-02-25T12:52:44.656+0000] {dag.py:2742} INFO - Sync 1 DAGs
[2024-02-25T12:52:44.690+0000] {logging_mixin.py:150} INFO - [2024-02-25T12:52:44.689+0000] {dag.py:3508} INFO - Setting next_dagrun for example_weekday_branch_operator to 2024-02-24T00:00:00+00:00, run_after=2024-02-25T00:00:00+00:00
[2024-02-25T12:52:44.713+0000] {processor.py:179} INFO - Processing /home/airflow/.local/lib/python3.7/site-packages/airflow/example_dags/example_branch_day_of_week_operator.py took 0.108 seconds
[2024-02-25T12:53:14.832+0000] {processor.py:157} INFO - Started process (PID=5066) to work on /home/airflow/.local/lib/python3.7/site-packages/airflow/example_dags/example_branch_day_of_week_operator.py
[2024-02-25T12:53:14.833+0000] {processor.py:826} INFO - Processing file /home/airflow/.local/lib/python3.7/site-packages/airflow/example_dags/example_branch_day_of_week_operator.py for tasks to queue
[2024-02-25T12:53:14.835+0000] {logging_mixin.py:150} INFO - [2024-02-25T12:53:14.834+0000] {dagbag.py:541} INFO - Filling up the DagBag from /home/airflow/.local/lib/python3.7/site-packages/airflow/example_dags/example_branch_day_of_week_operator.py
[2024-02-25T12:53:14.847+0000] {processor.py:836} INFO - DAG(s) dict_keys(['example_weekday_branch_operator']) retrieved from /home/airflow/.local/lib/python3.7/site-packages/airflow/example_dags/example_branch_day_of_week_operator.py
[2024-02-25T12:53:14.888+0000] {logging_mixin.py:150} INFO - [2024-02-25T12:53:14.888+0000] {dag.py:2742} INFO - Sync 1 DAGs
[2024-02-25T12:53:14.939+0000] {logging_mixin.py:150} INFO - [2024-02-25T12:53:14.939+0000] {dag.py:3508} INFO - Setting next_dagrun for example_weekday_branch_operator to 2024-02-24T00:00:00+00:00, run_after=2024-02-25T00:00:00+00:00
[2024-02-25T12:53:14.971+0000] {processor.py:179} INFO - Processing /home/airflow/.local/lib/python3.7/site-packages/airflow/example_dags/example_branch_day_of_week_operator.py took 0.149 seconds
[2024-02-25T12:53:45.938+0000] {processor.py:157} INFO - Started process (PID=5307) to work on /home/airflow/.local/lib/python3.7/site-packages/airflow/example_dags/example_branch_day_of_week_operator.py
[2024-02-25T12:53:45.940+0000] {processor.py:826} INFO - Processing file /home/airflow/.local/lib/python3.7/site-packages/airflow/example_dags/example_branch_day_of_week_operator.py for tasks to queue
[2024-02-25T12:53:45.942+0000] {logging_mixin.py:150} INFO - [2024-02-25T12:53:45.942+0000] {dagbag.py:541} INFO - Filling up the DagBag from /home/airflow/.local/lib/python3.7/site-packages/airflow/example_dags/example_branch_day_of_week_operator.py
[2024-02-25T12:53:45.954+0000] {processor.py:836} INFO - DAG(s) dict_keys(['example_weekday_branch_operator']) retrieved from /home/airflow/.local/lib/python3.7/site-packages/airflow/example_dags/example_branch_day_of_week_operator.py
[2024-02-25T12:53:45.991+0000] {logging_mixin.py:150} INFO - [2024-02-25T12:53:45.991+0000] {dag.py:2742} INFO - Sync 1 DAGs
[2024-02-25T12:53:46.034+0000] {logging_mixin.py:150} INFO - [2024-02-25T12:53:46.034+0000] {dag.py:3508} INFO - Setting next_dagrun for example_weekday_branch_operator to 2024-02-24T00:00:00+00:00, run_after=2024-02-25T00:00:00+00:00
[2024-02-25T12:53:46.063+0000] {processor.py:179} INFO - Processing /home/airflow/.local/lib/python3.7/site-packages/airflow/example_dags/example_branch_day_of_week_operator.py took 0.132 seconds
[2024-02-25T12:54:16.571+0000] {processor.py:157} INFO - Started process (PID=5548) to work on /home/airflow/.local/lib/python3.7/site-packages/airflow/example_dags/example_branch_day_of_week_operator.py
[2024-02-25T12:54:16.573+0000] {processor.py:826} INFO - Processing file /home/airflow/.local/lib/python3.7/site-packages/airflow/example_dags/example_branch_day_of_week_operator.py for tasks to queue
[2024-02-25T12:54:16.575+0000] {logging_mixin.py:150} INFO - [2024-02-25T12:54:16.574+0000] {dagbag.py:541} INFO - Filling up the DagBag from /home/airflow/.local/lib/python3.7/site-packages/airflow/example_dags/example_branch_day_of_week_operator.py
[2024-02-25T12:54:16.584+0000] {processor.py:836} INFO - DAG(s) dict_keys(['example_weekday_branch_operator']) retrieved from /home/airflow/.local/lib/python3.7/site-packages/airflow/example_dags/example_branch_day_of_week_operator.py
[2024-02-25T12:54:16.617+0000] {logging_mixin.py:150} INFO - [2024-02-25T12:54:16.617+0000] {dag.py:2742} INFO - Sync 1 DAGs
[2024-02-25T12:54:16.657+0000] {logging_mixin.py:150} INFO - [2024-02-25T12:54:16.657+0000] {dag.py:3508} INFO - Setting next_dagrun for example_weekday_branch_operator to 2024-02-24T00:00:00+00:00, run_after=2024-02-25T00:00:00+00:00
[2024-02-25T12:54:16.686+0000] {processor.py:179} INFO - Processing /home/airflow/.local/lib/python3.7/site-packages/airflow/example_dags/example_branch_day_of_week_operator.py took 0.122 seconds
[2024-02-25T12:54:47.150+0000] {processor.py:157} INFO - Started process (PID=5789) to work on /home/airflow/.local/lib/python3.7/site-packages/airflow/example_dags/example_branch_day_of_week_operator.py
[2024-02-25T12:54:47.151+0000] {processor.py:826} INFO - Processing file /home/airflow/.local/lib/python3.7/site-packages/airflow/example_dags/example_branch_day_of_week_operator.py for tasks to queue
[2024-02-25T12:54:47.153+0000] {logging_mixin.py:150} INFO - [2024-02-25T12:54:47.152+0000] {dagbag.py:541} INFO - Filling up the DagBag from /home/airflow/.local/lib/python3.7/site-packages/airflow/example_dags/example_branch_day_of_week_operator.py
[2024-02-25T12:54:47.171+0000] {processor.py:836} INFO - DAG(s) dict_keys(['example_weekday_branch_operator']) retrieved from /home/airflow/.local/lib/python3.7/site-packages/airflow/example_dags/example_branch_day_of_week_operator.py
[2024-02-25T12:54:47.212+0000] {logging_mixin.py:150} INFO - [2024-02-25T12:54:47.212+0000] {dag.py:2742} INFO - Sync 1 DAGs
[2024-02-25T12:54:47.253+0000] {logging_mixin.py:150} INFO - [2024-02-25T12:54:47.252+0000] {dag.py:3508} INFO - Setting next_dagrun for example_weekday_branch_operator to 2024-02-24T00:00:00+00:00, run_after=2024-02-25T00:00:00+00:00
[2024-02-25T12:54:47.280+0000] {processor.py:179} INFO - Processing /home/airflow/.local/lib/python3.7/site-packages/airflow/example_dags/example_branch_day_of_week_operator.py took 0.142 seconds
[2024-02-25T12:55:17.733+0000] {processor.py:157} INFO - Started process (PID=6029) to work on /home/airflow/.local/lib/python3.7/site-packages/airflow/example_dags/example_branch_day_of_week_operator.py
[2024-02-25T12:55:17.734+0000] {processor.py:826} INFO - Processing file /home/airflow/.local/lib/python3.7/site-packages/airflow/example_dags/example_branch_day_of_week_operator.py for tasks to queue
[2024-02-25T12:55:17.735+0000] {logging_mixin.py:150} INFO - [2024-02-25T12:55:17.735+0000] {dagbag.py:541} INFO - Filling up the DagBag from /home/airflow/.local/lib/python3.7/site-packages/airflow/example_dags/example_branch_day_of_week_operator.py
[2024-02-25T12:55:17.747+0000] {processor.py:836} INFO - DAG(s) dict_keys(['example_weekday_branch_operator']) retrieved from /home/airflow/.local/lib/python3.7/site-packages/airflow/example_dags/example_branch_day_of_week_operator.py
[2024-02-25T12:55:17.776+0000] {logging_mixin.py:150} INFO - [2024-02-25T12:55:17.776+0000] {dag.py:2742} INFO - Sync 1 DAGs
[2024-02-25T12:55:17.807+0000] {logging_mixin.py:150} INFO - [2024-02-25T12:55:17.807+0000] {dag.py:3508} INFO - Setting next_dagrun for example_weekday_branch_operator to 2024-02-24T00:00:00+00:00, run_after=2024-02-25T00:00:00+00:00
[2024-02-25T12:55:17.832+0000] {processor.py:179} INFO - Processing /home/airflow/.local/lib/python3.7/site-packages/airflow/example_dags/example_branch_day_of_week_operator.py took 0.103 seconds
[2024-02-25T12:55:48.550+0000] {processor.py:157} INFO - Started process (PID=6270) to work on /home/airflow/.local/lib/python3.7/site-packages/airflow/example_dags/example_branch_day_of_week_operator.py
[2024-02-25T12:55:48.551+0000] {processor.py:826} INFO - Processing file /home/airflow/.local/lib/python3.7/site-packages/airflow/example_dags/example_branch_day_of_week_operator.py for tasks to queue
[2024-02-25T12:55:48.552+0000] {logging_mixin.py:150} INFO - [2024-02-25T12:55:48.552+0000] {dagbag.py:541} INFO - Filling up the DagBag from /home/airflow/.local/lib/python3.7/site-packages/airflow/example_dags/example_branch_day_of_week_operator.py
[2024-02-25T12:55:48.560+0000] {processor.py:836} INFO - DAG(s) dict_keys(['example_weekday_branch_operator']) retrieved from /home/airflow/.local/lib/python3.7/site-packages/airflow/example_dags/example_branch_day_of_week_operator.py
[2024-02-25T12:55:48.594+0000] {logging_mixin.py:150} INFO - [2024-02-25T12:55:48.594+0000] {dag.py:2742} INFO - Sync 1 DAGs
[2024-02-25T12:55:48.638+0000] {logging_mixin.py:150} INFO - [2024-02-25T12:55:48.638+0000] {dag.py:3508} INFO - Setting next_dagrun for example_weekday_branch_operator to 2024-02-24T00:00:00+00:00, run_after=2024-02-25T00:00:00+00:00
[2024-02-25T12:55:48.667+0000] {processor.py:179} INFO - Processing /home/airflow/.local/lib/python3.7/site-packages/airflow/example_dags/example_branch_day_of_week_operator.py took 0.121 seconds
[2024-02-25T12:56:18.769+0000] {processor.py:157} INFO - Started process (PID=6511) to work on /home/airflow/.local/lib/python3.7/site-packages/airflow/example_dags/example_branch_day_of_week_operator.py
[2024-02-25T12:56:18.770+0000] {processor.py:826} INFO - Processing file /home/airflow/.local/lib/python3.7/site-packages/airflow/example_dags/example_branch_day_of_week_operator.py for tasks to queue
[2024-02-25T12:56:18.771+0000] {logging_mixin.py:150} INFO - [2024-02-25T12:56:18.771+0000] {dagbag.py:541} INFO - Filling up the DagBag from /home/airflow/.local/lib/python3.7/site-packages/airflow/example_dags/example_branch_day_of_week_operator.py
[2024-02-25T12:56:18.783+0000] {processor.py:836} INFO - DAG(s) dict_keys(['example_weekday_branch_operator']) retrieved from /home/airflow/.local/lib/python3.7/site-packages/airflow/example_dags/example_branch_day_of_week_operator.py
[2024-02-25T12:56:18.809+0000] {logging_mixin.py:150} INFO - [2024-02-25T12:56:18.809+0000] {dag.py:2742} INFO - Sync 1 DAGs
[2024-02-25T12:56:18.834+0000] {logging_mixin.py:150} INFO - [2024-02-25T12:56:18.834+0000] {dag.py:3508} INFO - Setting next_dagrun for example_weekday_branch_operator to 2024-02-24T00:00:00+00:00, run_after=2024-02-25T00:00:00+00:00
[2024-02-25T12:56:18.855+0000] {processor.py:179} INFO - Processing /home/airflow/.local/lib/python3.7/site-packages/airflow/example_dags/example_branch_day_of_week_operator.py took 0.090 seconds
[2024-02-25T12:56:49.054+0000] {processor.py:157} INFO - Started process (PID=6752) to work on /home/airflow/.local/lib/python3.7/site-packages/airflow/example_dags/example_branch_day_of_week_operator.py
[2024-02-25T12:56:49.055+0000] {processor.py:826} INFO - Processing file /home/airflow/.local/lib/python3.7/site-packages/airflow/example_dags/example_branch_day_of_week_operator.py for tasks to queue
[2024-02-25T12:56:49.057+0000] {logging_mixin.py:150} INFO - [2024-02-25T12:56:49.057+0000] {dagbag.py:541} INFO - Filling up the DagBag from /home/airflow/.local/lib/python3.7/site-packages/airflow/example_dags/example_branch_day_of_week_operator.py
[2024-02-25T12:56:49.075+0000] {processor.py:836} INFO - DAG(s) dict_keys(['example_weekday_branch_operator']) retrieved from /home/airflow/.local/lib/python3.7/site-packages/airflow/example_dags/example_branch_day_of_week_operator.py
[2024-02-25T12:56:49.103+0000] {logging_mixin.py:150} INFO - [2024-02-25T12:56:49.103+0000] {dag.py:2742} INFO - Sync 1 DAGs
[2024-02-25T12:56:49.135+0000] {logging_mixin.py:150} INFO - [2024-02-25T12:56:49.134+0000] {dag.py:3508} INFO - Setting next_dagrun for example_weekday_branch_operator to 2024-02-24T00:00:00+00:00, run_after=2024-02-25T00:00:00+00:00
[2024-02-25T12:56:49.158+0000] {processor.py:179} INFO - Processing /home/airflow/.local/lib/python3.7/site-packages/airflow/example_dags/example_branch_day_of_week_operator.py took 0.116 seconds
