[2024-02-25T12:43:00.843+0000] {processor.py:157} INFO - Started process (PID=226) to work on /home/airflow/.local/lib/python3.7/site-packages/airflow/example_dags/example_short_circuit_decorator.py
[2024-02-25T12:43:00.844+0000] {processor.py:826} INFO - Processing file /home/airflow/.local/lib/python3.7/site-packages/airflow/example_dags/example_short_circuit_decorator.py for tasks to queue
[2024-02-25T12:43:00.845+0000] {logging_mixin.py:150} INFO - [2024-02-25T12:43:00.845+0000] {dagbag.py:541} INFO - Filling up the DagBag from /home/airflow/.local/lib/python3.7/site-packages/airflow/example_dags/example_short_circuit_decorator.py
[2024-02-25T12:43:00.871+0000] {processor.py:836} INFO - DAG(s) dict_keys(['example_short_circuit_decorator']) retrieved from /home/airflow/.local/lib/python3.7/site-packages/airflow/example_dags/example_short_circuit_decorator.py
[2024-02-25T12:43:00.890+0000] {logging_mixin.py:150} INFO - [2024-02-25T12:43:00.889+0000] {dag.py:2742} INFO - Sync 1 DAGs
[2024-02-25T12:43:00.984+0000] {logging_mixin.py:150} INFO - [2024-02-25T12:43:00.984+0000] {dag.py:3508} INFO - Setting next_dagrun for example_short_circuit_decorator to 2024-02-24T12:43:00.984009+00:00, run_after=2024-02-25T12:43:00.984009+00:00
[2024-02-25T12:43:01.028+0000] {processor.py:179} INFO - Processing /home/airflow/.local/lib/python3.7/site-packages/airflow/example_dags/example_short_circuit_decorator.py took 0.191 seconds
[2024-02-25T12:43:31.631+0000] {processor.py:157} INFO - Started process (PID=466) to work on /home/airflow/.local/lib/python3.7/site-packages/airflow/example_dags/example_short_circuit_decorator.py
[2024-02-25T12:43:31.632+0000] {processor.py:826} INFO - Processing file /home/airflow/.local/lib/python3.7/site-packages/airflow/example_dags/example_short_circuit_decorator.py for tasks to queue
[2024-02-25T12:43:31.633+0000] {logging_mixin.py:150} INFO - [2024-02-25T12:43:31.632+0000] {dagbag.py:541} INFO - Filling up the DagBag from /home/airflow/.local/lib/python3.7/site-packages/airflow/example_dags/example_short_circuit_decorator.py
[2024-02-25T12:43:31.651+0000] {processor.py:836} INFO - DAG(s) dict_keys(['example_short_circuit_decorator']) retrieved from /home/airflow/.local/lib/python3.7/site-packages/airflow/example_dags/example_short_circuit_decorator.py
[2024-02-25T12:43:31.692+0000] {logging_mixin.py:150} INFO - [2024-02-25T12:43:31.692+0000] {dag.py:2742} INFO - Sync 1 DAGs
[2024-02-25T12:43:31.739+0000] {logging_mixin.py:150} INFO - [2024-02-25T12:43:31.739+0000] {dag.py:3508} INFO - Setting next_dagrun for example_short_circuit_decorator to 2024-02-24T12:43:31.738779+00:00, run_after=2024-02-25T12:43:31.738779+00:00
[2024-02-25T12:43:31.772+0000] {processor.py:179} INFO - Processing /home/airflow/.local/lib/python3.7/site-packages/airflow/example_dags/example_short_circuit_decorator.py took 0.147 seconds
[2024-02-25T12:44:01.879+0000] {processor.py:157} INFO - Started process (PID=705) to work on /home/airflow/.local/lib/python3.7/site-packages/airflow/example_dags/example_short_circuit_decorator.py
[2024-02-25T12:44:01.880+0000] {processor.py:826} INFO - Processing file /home/airflow/.local/lib/python3.7/site-packages/airflow/example_dags/example_short_circuit_decorator.py for tasks to queue
[2024-02-25T12:44:01.882+0000] {logging_mixin.py:150} INFO - [2024-02-25T12:44:01.881+0000] {dagbag.py:541} INFO - Filling up the DagBag from /home/airflow/.local/lib/python3.7/site-packages/airflow/example_dags/example_short_circuit_decorator.py
[2024-02-25T12:44:01.893+0000] {processor.py:836} INFO - DAG(s) dict_keys(['example_short_circuit_decorator']) retrieved from /home/airflow/.local/lib/python3.7/site-packages/airflow/example_dags/example_short_circuit_decorator.py
[2024-02-25T12:44:01.908+0000] {logging_mixin.py:150} INFO - [2024-02-25T12:44:01.908+0000] {dag.py:2742} INFO - Sync 1 DAGs
[2024-02-25T12:44:01.940+0000] {logging_mixin.py:150} INFO - [2024-02-25T12:44:01.940+0000] {dag.py:3508} INFO - Setting next_dagrun for example_short_circuit_decorator to 2024-02-24T12:44:01.940366+00:00, run_after=2024-02-25T12:44:01.940366+00:00
[2024-02-25T12:44:01.968+0000] {processor.py:179} INFO - Processing /home/airflow/.local/lib/python3.7/site-packages/airflow/example_dags/example_short_circuit_decorator.py took 0.092 seconds
[2024-02-25T12:44:32.359+0000] {processor.py:157} INFO - Started process (PID=944) to work on /home/airflow/.local/lib/python3.7/site-packages/airflow/example_dags/example_short_circuit_decorator.py
[2024-02-25T12:44:32.360+0000] {processor.py:826} INFO - Processing file /home/airflow/.local/lib/python3.7/site-packages/airflow/example_dags/example_short_circuit_decorator.py for tasks to queue
[2024-02-25T12:44:32.361+0000] {logging_mixin.py:150} INFO - [2024-02-25T12:44:32.361+0000] {dagbag.py:541} INFO - Filling up the DagBag from /home/airflow/.local/lib/python3.7/site-packages/airflow/example_dags/example_short_circuit_decorator.py
[2024-02-25T12:44:32.379+0000] {processor.py:836} INFO - DAG(s) dict_keys(['example_short_circuit_decorator']) retrieved from /home/airflow/.local/lib/python3.7/site-packages/airflow/example_dags/example_short_circuit_decorator.py
[2024-02-25T12:44:32.424+0000] {logging_mixin.py:150} INFO - [2024-02-25T12:44:32.423+0000] {dag.py:2742} INFO - Sync 1 DAGs
[2024-02-25T12:44:32.463+0000] {logging_mixin.py:150} INFO - [2024-02-25T12:44:32.463+0000] {dag.py:3508} INFO - Setting next_dagrun for example_short_circuit_decorator to 2024-02-24T12:44:32.462975+00:00, run_after=2024-02-25T12:44:32.462975+00:00
[2024-02-25T12:44:32.493+0000] {processor.py:179} INFO - Processing /home/airflow/.local/lib/python3.7/site-packages/airflow/example_dags/example_short_circuit_decorator.py took 0.140 seconds
[2024-02-25T12:45:03.462+0000] {processor.py:157} INFO - Started process (PID=1185) to work on /home/airflow/.local/lib/python3.7/site-packages/airflow/example_dags/example_short_circuit_decorator.py
[2024-02-25T12:45:03.463+0000] {processor.py:826} INFO - Processing file /home/airflow/.local/lib/python3.7/site-packages/airflow/example_dags/example_short_circuit_decorator.py for tasks to queue
[2024-02-25T12:45:03.464+0000] {logging_mixin.py:150} INFO - [2024-02-25T12:45:03.464+0000] {dagbag.py:541} INFO - Filling up the DagBag from /home/airflow/.local/lib/python3.7/site-packages/airflow/example_dags/example_short_circuit_decorator.py
[2024-02-25T12:45:03.483+0000] {processor.py:836} INFO - DAG(s) dict_keys(['example_short_circuit_decorator']) retrieved from /home/airflow/.local/lib/python3.7/site-packages/airflow/example_dags/example_short_circuit_decorator.py
[2024-02-25T12:45:03.523+0000] {logging_mixin.py:150} INFO - [2024-02-25T12:45:03.523+0000] {dag.py:2742} INFO - Sync 1 DAGs
[2024-02-25T12:45:03.553+0000] {logging_mixin.py:150} INFO - [2024-02-25T12:45:03.553+0000] {dag.py:3508} INFO - Setting next_dagrun for example_short_circuit_decorator to 2024-02-24T12:45:03.552831+00:00, run_after=2024-02-25T12:45:03.552831+00:00
[2024-02-25T12:45:03.583+0000] {processor.py:179} INFO - Processing /home/airflow/.local/lib/python3.7/site-packages/airflow/example_dags/example_short_circuit_decorator.py took 0.125 seconds
[2024-02-25T12:45:33.906+0000] {processor.py:157} INFO - Started process (PID=1433) to work on /home/airflow/.local/lib/python3.7/site-packages/airflow/example_dags/example_short_circuit_decorator.py
[2024-02-25T12:45:33.907+0000] {processor.py:826} INFO - Processing file /home/airflow/.local/lib/python3.7/site-packages/airflow/example_dags/example_short_circuit_decorator.py for tasks to queue
[2024-02-25T12:45:33.907+0000] {logging_mixin.py:150} INFO - [2024-02-25T12:45:33.907+0000] {dagbag.py:541} INFO - Filling up the DagBag from /home/airflow/.local/lib/python3.7/site-packages/airflow/example_dags/example_short_circuit_decorator.py
[2024-02-25T12:45:33.918+0000] {processor.py:836} INFO - DAG(s) dict_keys(['example_short_circuit_decorator']) retrieved from /home/airflow/.local/lib/python3.7/site-packages/airflow/example_dags/example_short_circuit_decorator.py
[2024-02-25T12:45:33.957+0000] {logging_mixin.py:150} INFO - [2024-02-25T12:45:33.956+0000] {dag.py:2742} INFO - Sync 1 DAGs
[2024-02-25T12:45:33.983+0000] {logging_mixin.py:150} INFO - [2024-02-25T12:45:33.983+0000] {dag.py:3508} INFO - Setting next_dagrun for example_short_circuit_decorator to 2024-02-24T12:45:33.983098+00:00, run_after=2024-02-25T12:45:33.983098+00:00
[2024-02-25T12:45:34.011+0000] {processor.py:179} INFO - Processing /home/airflow/.local/lib/python3.7/site-packages/airflow/example_dags/example_short_circuit_decorator.py took 0.111 seconds
[2024-02-25T12:46:04.513+0000] {processor.py:157} INFO - Started process (PID=1674) to work on /home/airflow/.local/lib/python3.7/site-packages/airflow/example_dags/example_short_circuit_decorator.py
[2024-02-25T12:46:04.515+0000] {processor.py:826} INFO - Processing file /home/airflow/.local/lib/python3.7/site-packages/airflow/example_dags/example_short_circuit_decorator.py for tasks to queue
[2024-02-25T12:46:04.516+0000] {logging_mixin.py:150} INFO - [2024-02-25T12:46:04.516+0000] {dagbag.py:541} INFO - Filling up the DagBag from /home/airflow/.local/lib/python3.7/site-packages/airflow/example_dags/example_short_circuit_decorator.py
[2024-02-25T12:46:04.527+0000] {processor.py:836} INFO - DAG(s) dict_keys(['example_short_circuit_decorator']) retrieved from /home/airflow/.local/lib/python3.7/site-packages/airflow/example_dags/example_short_circuit_decorator.py
[2024-02-25T12:46:04.565+0000] {logging_mixin.py:150} INFO - [2024-02-25T12:46:04.565+0000] {dag.py:2742} INFO - Sync 1 DAGs
[2024-02-25T12:46:04.607+0000] {logging_mixin.py:150} INFO - [2024-02-25T12:46:04.607+0000] {dag.py:3508} INFO - Setting next_dagrun for example_short_circuit_decorator to 2024-02-24T12:46:04.606725+00:00, run_after=2024-02-25T12:46:04.606725+00:00
[2024-02-25T12:46:04.640+0000] {processor.py:179} INFO - Processing /home/airflow/.local/lib/python3.7/site-packages/airflow/example_dags/example_short_circuit_decorator.py took 0.131 seconds
[2024-02-25T12:46:35.136+0000] {processor.py:157} INFO - Started process (PID=1915) to work on /home/airflow/.local/lib/python3.7/site-packages/airflow/example_dags/example_short_circuit_decorator.py
[2024-02-25T12:46:35.138+0000] {processor.py:826} INFO - Processing file /home/airflow/.local/lib/python3.7/site-packages/airflow/example_dags/example_short_circuit_decorator.py for tasks to queue
[2024-02-25T12:46:35.139+0000] {logging_mixin.py:150} INFO - [2024-02-25T12:46:35.139+0000] {dagbag.py:541} INFO - Filling up the DagBag from /home/airflow/.local/lib/python3.7/site-packages/airflow/example_dags/example_short_circuit_decorator.py
[2024-02-25T12:46:35.158+0000] {processor.py:836} INFO - DAG(s) dict_keys(['example_short_circuit_decorator']) retrieved from /home/airflow/.local/lib/python3.7/site-packages/airflow/example_dags/example_short_circuit_decorator.py
[2024-02-25T12:46:35.201+0000] {logging_mixin.py:150} INFO - [2024-02-25T12:46:35.201+0000] {dag.py:2742} INFO - Sync 1 DAGs
[2024-02-25T12:46:35.266+0000] {logging_mixin.py:150} INFO - [2024-02-25T12:46:35.265+0000] {dag.py:3508} INFO - Setting next_dagrun for example_short_circuit_decorator to 2024-02-24T12:46:35.265455+00:00, run_after=2024-02-25T12:46:35.265455+00:00
[2024-02-25T12:46:35.306+0000] {processor.py:179} INFO - Processing /home/airflow/.local/lib/python3.7/site-packages/airflow/example_dags/example_short_circuit_decorator.py took 0.175 seconds
[2024-02-25T12:47:05.917+0000] {processor.py:157} INFO - Started process (PID=2156) to work on /home/airflow/.local/lib/python3.7/site-packages/airflow/example_dags/example_short_circuit_decorator.py
[2024-02-25T12:47:05.919+0000] {processor.py:826} INFO - Processing file /home/airflow/.local/lib/python3.7/site-packages/airflow/example_dags/example_short_circuit_decorator.py for tasks to queue
[2024-02-25T12:47:05.921+0000] {logging_mixin.py:150} INFO - [2024-02-25T12:47:05.920+0000] {dagbag.py:541} INFO - Filling up the DagBag from /home/airflow/.local/lib/python3.7/site-packages/airflow/example_dags/example_short_circuit_decorator.py
[2024-02-25T12:47:05.936+0000] {processor.py:836} INFO - DAG(s) dict_keys(['example_short_circuit_decorator']) retrieved from /home/airflow/.local/lib/python3.7/site-packages/airflow/example_dags/example_short_circuit_decorator.py
[2024-02-25T12:47:05.982+0000] {logging_mixin.py:150} INFO - [2024-02-25T12:47:05.982+0000] {dag.py:2742} INFO - Sync 1 DAGs
[2024-02-25T12:47:06.022+0000] {logging_mixin.py:150} INFO - [2024-02-25T12:47:06.022+0000] {dag.py:3508} INFO - Setting next_dagrun for example_short_circuit_decorator to 2024-02-24T12:47:06.021932+00:00, run_after=2024-02-25T12:47:06.021932+00:00
[2024-02-25T12:47:06.056+0000] {processor.py:179} INFO - Processing /home/airflow/.local/lib/python3.7/site-packages/airflow/example_dags/example_short_circuit_decorator.py took 0.145 seconds
[2024-02-25T12:47:36.905+0000] {processor.py:157} INFO - Started process (PID=2397) to work on /home/airflow/.local/lib/python3.7/site-packages/airflow/example_dags/example_short_circuit_decorator.py
[2024-02-25T12:47:36.906+0000] {processor.py:826} INFO - Processing file /home/airflow/.local/lib/python3.7/site-packages/airflow/example_dags/example_short_circuit_decorator.py for tasks to queue
[2024-02-25T12:47:36.907+0000] {logging_mixin.py:150} INFO - [2024-02-25T12:47:36.907+0000] {dagbag.py:541} INFO - Filling up the DagBag from /home/airflow/.local/lib/python3.7/site-packages/airflow/example_dags/example_short_circuit_decorator.py
[2024-02-25T12:47:36.918+0000] {processor.py:836} INFO - DAG(s) dict_keys(['example_short_circuit_decorator']) retrieved from /home/airflow/.local/lib/python3.7/site-packages/airflow/example_dags/example_short_circuit_decorator.py
[2024-02-25T12:47:36.951+0000] {logging_mixin.py:150} INFO - [2024-02-25T12:47:36.951+0000] {dag.py:2742} INFO - Sync 1 DAGs
[2024-02-25T12:47:36.981+0000] {logging_mixin.py:150} INFO - [2024-02-25T12:47:36.981+0000] {dag.py:3508} INFO - Setting next_dagrun for example_short_circuit_decorator to 2024-02-24T12:47:36.981547+00:00, run_after=2024-02-25T12:47:36.981547+00:00
[2024-02-25T12:47:37.003+0000] {processor.py:179} INFO - Processing /home/airflow/.local/lib/python3.7/site-packages/airflow/example_dags/example_short_circuit_decorator.py took 0.101 seconds
[2024-02-25T12:48:07.367+0000] {processor.py:157} INFO - Started process (PID=2638) to work on /home/airflow/.local/lib/python3.7/site-packages/airflow/example_dags/example_short_circuit_decorator.py
[2024-02-25T12:48:07.368+0000] {processor.py:826} INFO - Processing file /home/airflow/.local/lib/python3.7/site-packages/airflow/example_dags/example_short_circuit_decorator.py for tasks to queue
[2024-02-25T12:48:07.368+0000] {logging_mixin.py:150} INFO - [2024-02-25T12:48:07.368+0000] {dagbag.py:541} INFO - Filling up the DagBag from /home/airflow/.local/lib/python3.7/site-packages/airflow/example_dags/example_short_circuit_decorator.py
[2024-02-25T12:48:07.378+0000] {processor.py:836} INFO - DAG(s) dict_keys(['example_short_circuit_decorator']) retrieved from /home/airflow/.local/lib/python3.7/site-packages/airflow/example_dags/example_short_circuit_decorator.py
[2024-02-25T12:48:07.421+0000] {logging_mixin.py:150} INFO - [2024-02-25T12:48:07.420+0000] {dag.py:2742} INFO - Sync 1 DAGs
[2024-02-25T12:48:07.445+0000] {logging_mixin.py:150} INFO - [2024-02-25T12:48:07.445+0000] {dag.py:3508} INFO - Setting next_dagrun for example_short_circuit_decorator to 2024-02-24T12:48:07.444892+00:00, run_after=2024-02-25T12:48:07.444892+00:00
[2024-02-25T12:48:07.466+0000] {processor.py:179} INFO - Processing /home/airflow/.local/lib/python3.7/site-packages/airflow/example_dags/example_short_circuit_decorator.py took 0.103 seconds
[2024-02-25T12:48:37.965+0000] {processor.py:157} INFO - Started process (PID=2880) to work on /home/airflow/.local/lib/python3.7/site-packages/airflow/example_dags/example_short_circuit_decorator.py
[2024-02-25T12:48:37.966+0000] {processor.py:826} INFO - Processing file /home/airflow/.local/lib/python3.7/site-packages/airflow/example_dags/example_short_circuit_decorator.py for tasks to queue
[2024-02-25T12:48:37.967+0000] {logging_mixin.py:150} INFO - [2024-02-25T12:48:37.967+0000] {dagbag.py:541} INFO - Filling up the DagBag from /home/airflow/.local/lib/python3.7/site-packages/airflow/example_dags/example_short_circuit_decorator.py
[2024-02-25T12:48:37.981+0000] {processor.py:836} INFO - DAG(s) dict_keys(['example_short_circuit_decorator']) retrieved from /home/airflow/.local/lib/python3.7/site-packages/airflow/example_dags/example_short_circuit_decorator.py
[2024-02-25T12:48:38.015+0000] {logging_mixin.py:150} INFO - [2024-02-25T12:48:38.015+0000] {dag.py:2742} INFO - Sync 1 DAGs
[2024-02-25T12:48:38.048+0000] {logging_mixin.py:150} INFO - [2024-02-25T12:48:38.048+0000] {dag.py:3508} INFO - Setting next_dagrun for example_short_circuit_decorator to 2024-02-24T12:48:38.047887+00:00, run_after=2024-02-25T12:48:38.047887+00:00
[2024-02-25T12:48:38.072+0000] {processor.py:179} INFO - Processing /home/airflow/.local/lib/python3.7/site-packages/airflow/example_dags/example_short_circuit_decorator.py took 0.111 seconds
[2024-02-25T12:49:08.727+0000] {processor.py:157} INFO - Started process (PID=3121) to work on /home/airflow/.local/lib/python3.7/site-packages/airflow/example_dags/example_short_circuit_decorator.py
[2024-02-25T12:49:08.728+0000] {processor.py:826} INFO - Processing file /home/airflow/.local/lib/python3.7/site-packages/airflow/example_dags/example_short_circuit_decorator.py for tasks to queue
[2024-02-25T12:49:08.729+0000] {logging_mixin.py:150} INFO - [2024-02-25T12:49:08.729+0000] {dagbag.py:541} INFO - Filling up the DagBag from /home/airflow/.local/lib/python3.7/site-packages/airflow/example_dags/example_short_circuit_decorator.py
[2024-02-25T12:49:08.739+0000] {processor.py:836} INFO - DAG(s) dict_keys(['example_short_circuit_decorator']) retrieved from /home/airflow/.local/lib/python3.7/site-packages/airflow/example_dags/example_short_circuit_decorator.py
[2024-02-25T12:49:08.766+0000] {logging_mixin.py:150} INFO - [2024-02-25T12:49:08.766+0000] {dag.py:2742} INFO - Sync 1 DAGs
[2024-02-25T12:49:08.797+0000] {logging_mixin.py:150} INFO - [2024-02-25T12:49:08.797+0000] {dag.py:3508} INFO - Setting next_dagrun for example_short_circuit_decorator to 2024-02-24T12:49:08.797212+00:00, run_after=2024-02-25T12:49:08.797212+00:00
[2024-02-25T12:49:08.823+0000] {processor.py:179} INFO - Processing /home/airflow/.local/lib/python3.7/site-packages/airflow/example_dags/example_short_circuit_decorator.py took 0.100 seconds
[2024-02-25T12:49:39.359+0000] {processor.py:157} INFO - Started process (PID=3362) to work on /home/airflow/.local/lib/python3.7/site-packages/airflow/example_dags/example_short_circuit_decorator.py
[2024-02-25T12:49:39.360+0000] {processor.py:826} INFO - Processing file /home/airflow/.local/lib/python3.7/site-packages/airflow/example_dags/example_short_circuit_decorator.py for tasks to queue
[2024-02-25T12:49:39.361+0000] {logging_mixin.py:150} INFO - [2024-02-25T12:49:39.361+0000] {dagbag.py:541} INFO - Filling up the DagBag from /home/airflow/.local/lib/python3.7/site-packages/airflow/example_dags/example_short_circuit_decorator.py
[2024-02-25T12:49:39.374+0000] {processor.py:836} INFO - DAG(s) dict_keys(['example_short_circuit_decorator']) retrieved from /home/airflow/.local/lib/python3.7/site-packages/airflow/example_dags/example_short_circuit_decorator.py
[2024-02-25T12:49:39.411+0000] {logging_mixin.py:150} INFO - [2024-02-25T12:49:39.411+0000] {dag.py:2742} INFO - Sync 1 DAGs
[2024-02-25T12:49:39.436+0000] {logging_mixin.py:150} INFO - [2024-02-25T12:49:39.436+0000] {dag.py:3508} INFO - Setting next_dagrun for example_short_circuit_decorator to 2024-02-24T12:49:39.436114+00:00, run_after=2024-02-25T12:49:39.436114+00:00
[2024-02-25T12:49:39.456+0000] {processor.py:179} INFO - Processing /home/airflow/.local/lib/python3.7/site-packages/airflow/example_dags/example_short_circuit_decorator.py took 0.102 seconds
[2024-02-25T12:50:09.514+0000] {processor.py:157} INFO - Started process (PID=3603) to work on /home/airflow/.local/lib/python3.7/site-packages/airflow/example_dags/example_short_circuit_decorator.py
[2024-02-25T12:50:09.515+0000] {processor.py:826} INFO - Processing file /home/airflow/.local/lib/python3.7/site-packages/airflow/example_dags/example_short_circuit_decorator.py for tasks to queue
[2024-02-25T12:50:09.516+0000] {logging_mixin.py:150} INFO - [2024-02-25T12:50:09.516+0000] {dagbag.py:541} INFO - Filling up the DagBag from /home/airflow/.local/lib/python3.7/site-packages/airflow/example_dags/example_short_circuit_decorator.py
[2024-02-25T12:50:09.526+0000] {processor.py:836} INFO - DAG(s) dict_keys(['example_short_circuit_decorator']) retrieved from /home/airflow/.local/lib/python3.7/site-packages/airflow/example_dags/example_short_circuit_decorator.py
[2024-02-25T12:50:09.563+0000] {logging_mixin.py:150} INFO - [2024-02-25T12:50:09.562+0000] {dag.py:2742} INFO - Sync 1 DAGs
[2024-02-25T12:50:09.587+0000] {logging_mixin.py:150} INFO - [2024-02-25T12:50:09.587+0000] {dag.py:3508} INFO - Setting next_dagrun for example_short_circuit_decorator to 2024-02-24T12:50:09.587609+00:00, run_after=2024-02-25T12:50:09.587609+00:00
[2024-02-25T12:50:09.609+0000] {processor.py:179} INFO - Processing /home/airflow/.local/lib/python3.7/site-packages/airflow/example_dags/example_short_circuit_decorator.py took 0.099 seconds
[2024-02-25T12:50:40.169+0000] {processor.py:157} INFO - Started process (PID=3844) to work on /home/airflow/.local/lib/python3.7/site-packages/airflow/example_dags/example_short_circuit_decorator.py
[2024-02-25T12:50:40.170+0000] {processor.py:826} INFO - Processing file /home/airflow/.local/lib/python3.7/site-packages/airflow/example_dags/example_short_circuit_decorator.py for tasks to queue
[2024-02-25T12:50:40.171+0000] {logging_mixin.py:150} INFO - [2024-02-25T12:50:40.170+0000] {dagbag.py:541} INFO - Filling up the DagBag from /home/airflow/.local/lib/python3.7/site-packages/airflow/example_dags/example_short_circuit_decorator.py
[2024-02-25T12:50:40.181+0000] {processor.py:836} INFO - DAG(s) dict_keys(['example_short_circuit_decorator']) retrieved from /home/airflow/.local/lib/python3.7/site-packages/airflow/example_dags/example_short_circuit_decorator.py
[2024-02-25T12:50:40.211+0000] {logging_mixin.py:150} INFO - [2024-02-25T12:50:40.211+0000] {dag.py:2742} INFO - Sync 1 DAGs
[2024-02-25T12:50:40.240+0000] {logging_mixin.py:150} INFO - [2024-02-25T12:50:40.240+0000] {dag.py:3508} INFO - Setting next_dagrun for example_short_circuit_decorator to 2024-02-24T12:50:40.240152+00:00, run_after=2024-02-25T12:50:40.240152+00:00
[2024-02-25T12:50:40.261+0000] {processor.py:179} INFO - Processing /home/airflow/.local/lib/python3.7/site-packages/airflow/example_dags/example_short_circuit_decorator.py took 0.096 seconds
[2024-02-25T12:51:10.596+0000] {processor.py:157} INFO - Started process (PID=4085) to work on /home/airflow/.local/lib/python3.7/site-packages/airflow/example_dags/example_short_circuit_decorator.py
[2024-02-25T12:51:10.597+0000] {processor.py:826} INFO - Processing file /home/airflow/.local/lib/python3.7/site-packages/airflow/example_dags/example_short_circuit_decorator.py for tasks to queue
[2024-02-25T12:51:10.598+0000] {logging_mixin.py:150} INFO - [2024-02-25T12:51:10.598+0000] {dagbag.py:541} INFO - Filling up the DagBag from /home/airflow/.local/lib/python3.7/site-packages/airflow/example_dags/example_short_circuit_decorator.py
[2024-02-25T12:51:10.609+0000] {processor.py:836} INFO - DAG(s) dict_keys(['example_short_circuit_decorator']) retrieved from /home/airflow/.local/lib/python3.7/site-packages/airflow/example_dags/example_short_circuit_decorator.py
[2024-02-25T12:51:10.642+0000] {logging_mixin.py:150} INFO - [2024-02-25T12:51:10.642+0000] {dag.py:2742} INFO - Sync 1 DAGs
[2024-02-25T12:51:10.665+0000] {logging_mixin.py:150} INFO - [2024-02-25T12:51:10.665+0000] {dag.py:3508} INFO - Setting next_dagrun for example_short_circuit_decorator to 2024-02-24T12:51:10.665593+00:00, run_after=2024-02-25T12:51:10.665593+00:00
[2024-02-25T12:51:10.687+0000] {processor.py:179} INFO - Processing /home/airflow/.local/lib/python3.7/site-packages/airflow/example_dags/example_short_circuit_decorator.py took 0.095 seconds
[2024-02-25T12:51:41.346+0000] {processor.py:157} INFO - Started process (PID=4326) to work on /home/airflow/.local/lib/python3.7/site-packages/airflow/example_dags/example_short_circuit_decorator.py
[2024-02-25T12:51:41.348+0000] {processor.py:826} INFO - Processing file /home/airflow/.local/lib/python3.7/site-packages/airflow/example_dags/example_short_circuit_decorator.py for tasks to queue
[2024-02-25T12:51:41.349+0000] {logging_mixin.py:150} INFO - [2024-02-25T12:51:41.349+0000] {dagbag.py:541} INFO - Filling up the DagBag from /home/airflow/.local/lib/python3.7/site-packages/airflow/example_dags/example_short_circuit_decorator.py
[2024-02-25T12:51:41.360+0000] {processor.py:836} INFO - DAG(s) dict_keys(['example_short_circuit_decorator']) retrieved from /home/airflow/.local/lib/python3.7/site-packages/airflow/example_dags/example_short_circuit_decorator.py
[2024-02-25T12:51:41.383+0000] {logging_mixin.py:150} INFO - [2024-02-25T12:51:41.383+0000] {dag.py:2742} INFO - Sync 1 DAGs
[2024-02-25T12:51:41.407+0000] {logging_mixin.py:150} INFO - [2024-02-25T12:51:41.407+0000] {dag.py:3508} INFO - Setting next_dagrun for example_short_circuit_decorator to 2024-02-24T12:51:41.407433+00:00, run_after=2024-02-25T12:51:41.407433+00:00
[2024-02-25T12:51:41.428+0000] {processor.py:179} INFO - Processing /home/airflow/.local/lib/python3.7/site-packages/airflow/example_dags/example_short_circuit_decorator.py took 0.086 seconds
[2024-02-25T12:52:12.066+0000] {processor.py:157} INFO - Started process (PID=4567) to work on /home/airflow/.local/lib/python3.7/site-packages/airflow/example_dags/example_short_circuit_decorator.py
[2024-02-25T12:52:12.068+0000] {processor.py:826} INFO - Processing file /home/airflow/.local/lib/python3.7/site-packages/airflow/example_dags/example_short_circuit_decorator.py for tasks to queue
[2024-02-25T12:52:12.069+0000] {logging_mixin.py:150} INFO - [2024-02-25T12:52:12.069+0000] {dagbag.py:541} INFO - Filling up the DagBag from /home/airflow/.local/lib/python3.7/site-packages/airflow/example_dags/example_short_circuit_decorator.py
[2024-02-25T12:52:12.088+0000] {processor.py:836} INFO - DAG(s) dict_keys(['example_short_circuit_decorator']) retrieved from /home/airflow/.local/lib/python3.7/site-packages/airflow/example_dags/example_short_circuit_decorator.py
[2024-02-25T12:52:12.114+0000] {logging_mixin.py:150} INFO - [2024-02-25T12:52:12.113+0000] {dag.py:2742} INFO - Sync 1 DAGs
[2024-02-25T12:52:12.137+0000] {logging_mixin.py:150} INFO - [2024-02-25T12:52:12.137+0000] {dag.py:3508} INFO - Setting next_dagrun for example_short_circuit_decorator to 2024-02-24T12:52:12.137537+00:00, run_after=2024-02-25T12:52:12.137537+00:00
[2024-02-25T12:52:12.159+0000] {processor.py:179} INFO - Processing /home/airflow/.local/lib/python3.7/site-packages/airflow/example_dags/example_short_circuit_decorator.py took 0.098 seconds
[2024-02-25T12:52:42.381+0000] {processor.py:157} INFO - Started process (PID=4808) to work on /home/airflow/.local/lib/python3.7/site-packages/airflow/example_dags/example_short_circuit_decorator.py
[2024-02-25T12:52:42.382+0000] {processor.py:826} INFO - Processing file /home/airflow/.local/lib/python3.7/site-packages/airflow/example_dags/example_short_circuit_decorator.py for tasks to queue
[2024-02-25T12:52:42.383+0000] {logging_mixin.py:150} INFO - [2024-02-25T12:52:42.383+0000] {dagbag.py:541} INFO - Filling up the DagBag from /home/airflow/.local/lib/python3.7/site-packages/airflow/example_dags/example_short_circuit_decorator.py
[2024-02-25T12:52:42.396+0000] {processor.py:836} INFO - DAG(s) dict_keys(['example_short_circuit_decorator']) retrieved from /home/airflow/.local/lib/python3.7/site-packages/airflow/example_dags/example_short_circuit_decorator.py
[2024-02-25T12:52:42.420+0000] {logging_mixin.py:150} INFO - [2024-02-25T12:52:42.420+0000] {dag.py:2742} INFO - Sync 1 DAGs
[2024-02-25T12:52:42.444+0000] {logging_mixin.py:150} INFO - [2024-02-25T12:52:42.444+0000] {dag.py:3508} INFO - Setting next_dagrun for example_short_circuit_decorator to 2024-02-24T12:52:42.444054+00:00, run_after=2024-02-25T12:52:42.444054+00:00
[2024-02-25T12:52:42.465+0000] {processor.py:179} INFO - Processing /home/airflow/.local/lib/python3.7/site-packages/airflow/example_dags/example_short_circuit_decorator.py took 0.087 seconds
[2024-02-25T12:53:12.524+0000] {processor.py:157} INFO - Started process (PID=5049) to work on /home/airflow/.local/lib/python3.7/site-packages/airflow/example_dags/example_short_circuit_decorator.py
[2024-02-25T12:53:12.525+0000] {processor.py:826} INFO - Processing file /home/airflow/.local/lib/python3.7/site-packages/airflow/example_dags/example_short_circuit_decorator.py for tasks to queue
[2024-02-25T12:53:12.526+0000] {logging_mixin.py:150} INFO - [2024-02-25T12:53:12.526+0000] {dagbag.py:541} INFO - Filling up the DagBag from /home/airflow/.local/lib/python3.7/site-packages/airflow/example_dags/example_short_circuit_decorator.py
[2024-02-25T12:53:12.540+0000] {processor.py:836} INFO - DAG(s) dict_keys(['example_short_circuit_decorator']) retrieved from /home/airflow/.local/lib/python3.7/site-packages/airflow/example_dags/example_short_circuit_decorator.py
[2024-02-25T12:53:12.565+0000] {logging_mixin.py:150} INFO - [2024-02-25T12:53:12.565+0000] {dag.py:2742} INFO - Sync 1 DAGs
[2024-02-25T12:53:12.588+0000] {logging_mixin.py:150} INFO - [2024-02-25T12:53:12.588+0000] {dag.py:3508} INFO - Setting next_dagrun for example_short_circuit_decorator to 2024-02-24T12:53:12.588621+00:00, run_after=2024-02-25T12:53:12.588621+00:00
[2024-02-25T12:53:12.611+0000] {processor.py:179} INFO - Processing /home/airflow/.local/lib/python3.7/site-packages/airflow/example_dags/example_short_circuit_decorator.py took 0.090 seconds
[2024-02-25T12:53:43.657+0000] {processor.py:157} INFO - Started process (PID=5290) to work on /home/airflow/.local/lib/python3.7/site-packages/airflow/example_dags/example_short_circuit_decorator.py
[2024-02-25T12:53:43.658+0000] {processor.py:826} INFO - Processing file /home/airflow/.local/lib/python3.7/site-packages/airflow/example_dags/example_short_circuit_decorator.py for tasks to queue
[2024-02-25T12:53:43.658+0000] {logging_mixin.py:150} INFO - [2024-02-25T12:53:43.658+0000] {dagbag.py:541} INFO - Filling up the DagBag from /home/airflow/.local/lib/python3.7/site-packages/airflow/example_dags/example_short_circuit_decorator.py
[2024-02-25T12:53:43.668+0000] {processor.py:836} INFO - DAG(s) dict_keys(['example_short_circuit_decorator']) retrieved from /home/airflow/.local/lib/python3.7/site-packages/airflow/example_dags/example_short_circuit_decorator.py
[2024-02-25T12:53:43.701+0000] {logging_mixin.py:150} INFO - [2024-02-25T12:53:43.701+0000] {dag.py:2742} INFO - Sync 1 DAGs
[2024-02-25T12:53:43.725+0000] {logging_mixin.py:150} INFO - [2024-02-25T12:53:43.725+0000] {dag.py:3508} INFO - Setting next_dagrun for example_short_circuit_decorator to 2024-02-24T12:53:43.725328+00:00, run_after=2024-02-25T12:53:43.725328+00:00
[2024-02-25T12:53:43.745+0000] {processor.py:179} INFO - Processing /home/airflow/.local/lib/python3.7/site-packages/airflow/example_dags/example_short_circuit_decorator.py took 0.092 seconds
[2024-02-25T12:54:14.325+0000] {processor.py:157} INFO - Started process (PID=5531) to work on /home/airflow/.local/lib/python3.7/site-packages/airflow/example_dags/example_short_circuit_decorator.py
[2024-02-25T12:54:14.326+0000] {processor.py:826} INFO - Processing file /home/airflow/.local/lib/python3.7/site-packages/airflow/example_dags/example_short_circuit_decorator.py for tasks to queue
[2024-02-25T12:54:14.327+0000] {logging_mixin.py:150} INFO - [2024-02-25T12:54:14.327+0000] {dagbag.py:541} INFO - Filling up the DagBag from /home/airflow/.local/lib/python3.7/site-packages/airflow/example_dags/example_short_circuit_decorator.py
[2024-02-25T12:54:14.340+0000] {processor.py:836} INFO - DAG(s) dict_keys(['example_short_circuit_decorator']) retrieved from /home/airflow/.local/lib/python3.7/site-packages/airflow/example_dags/example_short_circuit_decorator.py
[2024-02-25T12:54:14.373+0000] {logging_mixin.py:150} INFO - [2024-02-25T12:54:14.372+0000] {dag.py:2742} INFO - Sync 1 DAGs
[2024-02-25T12:54:14.404+0000] {logging_mixin.py:150} INFO - [2024-02-25T12:54:14.404+0000] {dag.py:3508} INFO - Setting next_dagrun for example_short_circuit_decorator to 2024-02-24T12:54:14.404530+00:00, run_after=2024-02-25T12:54:14.404530+00:00
[2024-02-25T12:54:14.438+0000] {processor.py:179} INFO - Processing /home/airflow/.local/lib/python3.7/site-packages/airflow/example_dags/example_short_circuit_decorator.py took 0.117 seconds
[2024-02-25T12:54:44.927+0000] {processor.py:157} INFO - Started process (PID=5772) to work on /home/airflow/.local/lib/python3.7/site-packages/airflow/example_dags/example_short_circuit_decorator.py
[2024-02-25T12:54:44.928+0000] {processor.py:826} INFO - Processing file /home/airflow/.local/lib/python3.7/site-packages/airflow/example_dags/example_short_circuit_decorator.py for tasks to queue
[2024-02-25T12:54:44.929+0000] {logging_mixin.py:150} INFO - [2024-02-25T12:54:44.928+0000] {dagbag.py:541} INFO - Filling up the DagBag from /home/airflow/.local/lib/python3.7/site-packages/airflow/example_dags/example_short_circuit_decorator.py
[2024-02-25T12:54:44.944+0000] {processor.py:836} INFO - DAG(s) dict_keys(['example_short_circuit_decorator']) retrieved from /home/airflow/.local/lib/python3.7/site-packages/airflow/example_dags/example_short_circuit_decorator.py
[2024-02-25T12:54:44.994+0000] {logging_mixin.py:150} INFO - [2024-02-25T12:54:44.994+0000] {dag.py:2742} INFO - Sync 1 DAGs
[2024-02-25T12:54:45.027+0000] {logging_mixin.py:150} INFO - [2024-02-25T12:54:45.026+0000] {dag.py:3508} INFO - Setting next_dagrun for example_short_circuit_decorator to 2024-02-24T12:54:45.026762+00:00, run_after=2024-02-25T12:54:45.026762+00:00
[2024-02-25T12:54:45.047+0000] {processor.py:179} INFO - Processing /home/airflow/.local/lib/python3.7/site-packages/airflow/example_dags/example_short_circuit_decorator.py took 0.126 seconds
[2024-02-25T12:55:15.558+0000] {processor.py:157} INFO - Started process (PID=6012) to work on /home/airflow/.local/lib/python3.7/site-packages/airflow/example_dags/example_short_circuit_decorator.py
[2024-02-25T12:55:15.559+0000] {processor.py:826} INFO - Processing file /home/airflow/.local/lib/python3.7/site-packages/airflow/example_dags/example_short_circuit_decorator.py for tasks to queue
[2024-02-25T12:55:15.560+0000] {logging_mixin.py:150} INFO - [2024-02-25T12:55:15.560+0000] {dagbag.py:541} INFO - Filling up the DagBag from /home/airflow/.local/lib/python3.7/site-packages/airflow/example_dags/example_short_circuit_decorator.py
[2024-02-25T12:55:15.570+0000] {processor.py:836} INFO - DAG(s) dict_keys(['example_short_circuit_decorator']) retrieved from /home/airflow/.local/lib/python3.7/site-packages/airflow/example_dags/example_short_circuit_decorator.py
[2024-02-25T12:55:15.602+0000] {logging_mixin.py:150} INFO - [2024-02-25T12:55:15.602+0000] {dag.py:2742} INFO - Sync 1 DAGs
[2024-02-25T12:55:15.629+0000] {logging_mixin.py:150} INFO - [2024-02-25T12:55:15.629+0000] {dag.py:3508} INFO - Setting next_dagrun for example_short_circuit_decorator to 2024-02-24T12:55:15.628841+00:00, run_after=2024-02-25T12:55:15.628841+00:00
[2024-02-25T12:55:15.651+0000] {processor.py:179} INFO - Processing /home/airflow/.local/lib/python3.7/site-packages/airflow/example_dags/example_short_circuit_decorator.py took 0.097 seconds
[2024-02-25T12:55:46.353+0000] {processor.py:157} INFO - Started process (PID=6253) to work on /home/airflow/.local/lib/python3.7/site-packages/airflow/example_dags/example_short_circuit_decorator.py
[2024-02-25T12:55:46.354+0000] {processor.py:826} INFO - Processing file /home/airflow/.local/lib/python3.7/site-packages/airflow/example_dags/example_short_circuit_decorator.py for tasks to queue
[2024-02-25T12:55:46.355+0000] {logging_mixin.py:150} INFO - [2024-02-25T12:55:46.355+0000] {dagbag.py:541} INFO - Filling up the DagBag from /home/airflow/.local/lib/python3.7/site-packages/airflow/example_dags/example_short_circuit_decorator.py
[2024-02-25T12:55:46.364+0000] {processor.py:836} INFO - DAG(s) dict_keys(['example_short_circuit_decorator']) retrieved from /home/airflow/.local/lib/python3.7/site-packages/airflow/example_dags/example_short_circuit_decorator.py
[2024-02-25T12:55:46.387+0000] {logging_mixin.py:150} INFO - [2024-02-25T12:55:46.387+0000] {dag.py:2742} INFO - Sync 1 DAGs
[2024-02-25T12:55:46.411+0000] {logging_mixin.py:150} INFO - [2024-02-25T12:55:46.411+0000] {dag.py:3508} INFO - Setting next_dagrun for example_short_circuit_decorator to 2024-02-24T12:55:46.411350+00:00, run_after=2024-02-25T12:55:46.411350+00:00
[2024-02-25T12:55:46.432+0000] {processor.py:179} INFO - Processing /home/airflow/.local/lib/python3.7/site-packages/airflow/example_dags/example_short_circuit_decorator.py took 0.084 seconds
[2024-02-25T12:56:16.525+0000] {processor.py:157} INFO - Started process (PID=6494) to work on /home/airflow/.local/lib/python3.7/site-packages/airflow/example_dags/example_short_circuit_decorator.py
[2024-02-25T12:56:16.527+0000] {processor.py:826} INFO - Processing file /home/airflow/.local/lib/python3.7/site-packages/airflow/example_dags/example_short_circuit_decorator.py for tasks to queue
[2024-02-25T12:56:16.528+0000] {logging_mixin.py:150} INFO - [2024-02-25T12:56:16.527+0000] {dagbag.py:541} INFO - Filling up the DagBag from /home/airflow/.local/lib/python3.7/site-packages/airflow/example_dags/example_short_circuit_decorator.py
[2024-02-25T12:56:16.540+0000] {processor.py:836} INFO - DAG(s) dict_keys(['example_short_circuit_decorator']) retrieved from /home/airflow/.local/lib/python3.7/site-packages/airflow/example_dags/example_short_circuit_decorator.py
[2024-02-25T12:56:16.565+0000] {logging_mixin.py:150} INFO - [2024-02-25T12:56:16.564+0000] {dag.py:2742} INFO - Sync 1 DAGs
[2024-02-25T12:56:16.589+0000] {logging_mixin.py:150} INFO - [2024-02-25T12:56:16.588+0000] {dag.py:3508} INFO - Setting next_dagrun for example_short_circuit_decorator to 2024-02-24T12:56:16.588739+00:00, run_after=2024-02-25T12:56:16.588739+00:00
[2024-02-25T12:56:16.608+0000] {processor.py:179} INFO - Processing /home/airflow/.local/lib/python3.7/site-packages/airflow/example_dags/example_short_circuit_decorator.py took 0.087 seconds
[2024-02-25T12:56:46.792+0000] {processor.py:157} INFO - Started process (PID=6735) to work on /home/airflow/.local/lib/python3.7/site-packages/airflow/example_dags/example_short_circuit_decorator.py
[2024-02-25T12:56:46.793+0000] {processor.py:826} INFO - Processing file /home/airflow/.local/lib/python3.7/site-packages/airflow/example_dags/example_short_circuit_decorator.py for tasks to queue
[2024-02-25T12:56:46.794+0000] {logging_mixin.py:150} INFO - [2024-02-25T12:56:46.794+0000] {dagbag.py:541} INFO - Filling up the DagBag from /home/airflow/.local/lib/python3.7/site-packages/airflow/example_dags/example_short_circuit_decorator.py
[2024-02-25T12:56:46.811+0000] {processor.py:836} INFO - DAG(s) dict_keys(['example_short_circuit_decorator']) retrieved from /home/airflow/.local/lib/python3.7/site-packages/airflow/example_dags/example_short_circuit_decorator.py
[2024-02-25T12:56:46.843+0000] {logging_mixin.py:150} INFO - [2024-02-25T12:56:46.843+0000] {dag.py:2742} INFO - Sync 1 DAGs
[2024-02-25T12:56:46.874+0000] {logging_mixin.py:150} INFO - [2024-02-25T12:56:46.873+0000] {dag.py:3508} INFO - Setting next_dagrun for example_short_circuit_decorator to 2024-02-24T12:56:46.873700+00:00, run_after=2024-02-25T12:56:46.873700+00:00
[2024-02-25T12:56:46.900+0000] {processor.py:179} INFO - Processing /home/airflow/.local/lib/python3.7/site-packages/airflow/example_dags/example_short_circuit_decorator.py took 0.112 seconds
