[2024-02-25T12:43:01.836+0000] {processor.py:157} INFO - Started process (PID=271) to work on /home/airflow/.local/lib/python3.7/site-packages/airflow/example_dags/example_time_delta_sensor_async.py
[2024-02-25T12:43:01.837+0000] {processor.py:826} INFO - Processing file /home/airflow/.local/lib/python3.7/site-packages/airflow/example_dags/example_time_delta_sensor_async.py for tasks to queue
[2024-02-25T12:43:01.838+0000] {logging_mixin.py:150} INFO - [2024-02-25T12:43:01.837+0000] {dagbag.py:541} INFO - Filling up the DagBag from /home/airflow/.local/lib/python3.7/site-packages/airflow/example_dags/example_time_delta_sensor_async.py
[2024-02-25T12:43:01.846+0000] {processor.py:836} INFO - DAG(s) dict_keys(['example_time_delta_sensor_async']) retrieved from /home/airflow/.local/lib/python3.7/site-packages/airflow/example_dags/example_time_delta_sensor_async.py
[2024-02-25T12:43:01.860+0000] {logging_mixin.py:150} INFO - [2024-02-25T12:43:01.860+0000] {dag.py:2742} INFO - Sync 1 DAGs
[2024-02-25T12:43:01.911+0000] {logging_mixin.py:150} INFO - [2024-02-25T12:43:01.910+0000] {dag.py:3508} INFO - Setting next_dagrun for example_time_delta_sensor_async to None, run_after=None
[2024-02-25T12:43:01.939+0000] {processor.py:179} INFO - Processing /home/airflow/.local/lib/python3.7/site-packages/airflow/example_dags/example_time_delta_sensor_async.py took 0.108 seconds
[2024-02-25T12:43:32.738+0000] {processor.py:157} INFO - Started process (PID=511) to work on /home/airflow/.local/lib/python3.7/site-packages/airflow/example_dags/example_time_delta_sensor_async.py
[2024-02-25T12:43:32.739+0000] {processor.py:826} INFO - Processing file /home/airflow/.local/lib/python3.7/site-packages/airflow/example_dags/example_time_delta_sensor_async.py for tasks to queue
[2024-02-25T12:43:32.740+0000] {logging_mixin.py:150} INFO - [2024-02-25T12:43:32.740+0000] {dagbag.py:541} INFO - Filling up the DagBag from /home/airflow/.local/lib/python3.7/site-packages/airflow/example_dags/example_time_delta_sensor_async.py
[2024-02-25T12:43:32.745+0000] {processor.py:836} INFO - DAG(s) dict_keys(['example_time_delta_sensor_async']) retrieved from /home/airflow/.local/lib/python3.7/site-packages/airflow/example_dags/example_time_delta_sensor_async.py
[2024-02-25T12:43:32.775+0000] {logging_mixin.py:150} INFO - [2024-02-25T12:43:32.775+0000] {dag.py:2742} INFO - Sync 1 DAGs
[2024-02-25T12:43:32.814+0000] {logging_mixin.py:150} INFO - [2024-02-25T12:43:32.813+0000] {dag.py:3508} INFO - Setting next_dagrun for example_time_delta_sensor_async to None, run_after=None
[2024-02-25T12:43:32.839+0000] {processor.py:179} INFO - Processing /home/airflow/.local/lib/python3.7/site-packages/airflow/example_dags/example_time_delta_sensor_async.py took 0.105 seconds
[2024-02-25T12:44:03.725+0000] {processor.py:157} INFO - Started process (PID=748) to work on /home/airflow/.local/lib/python3.7/site-packages/airflow/example_dags/example_time_delta_sensor_async.py
[2024-02-25T12:44:03.726+0000] {processor.py:826} INFO - Processing file /home/airflow/.local/lib/python3.7/site-packages/airflow/example_dags/example_time_delta_sensor_async.py for tasks to queue
[2024-02-25T12:44:03.727+0000] {logging_mixin.py:150} INFO - [2024-02-25T12:44:03.727+0000] {dagbag.py:541} INFO - Filling up the DagBag from /home/airflow/.local/lib/python3.7/site-packages/airflow/example_dags/example_time_delta_sensor_async.py
[2024-02-25T12:44:03.732+0000] {processor.py:836} INFO - DAG(s) dict_keys(['example_time_delta_sensor_async']) retrieved from /home/airflow/.local/lib/python3.7/site-packages/airflow/example_dags/example_time_delta_sensor_async.py
[2024-02-25T12:44:03.752+0000] {logging_mixin.py:150} INFO - [2024-02-25T12:44:03.752+0000] {dag.py:2742} INFO - Sync 1 DAGs
[2024-02-25T12:44:03.806+0000] {logging_mixin.py:150} INFO - [2024-02-25T12:44:03.806+0000] {dag.py:3508} INFO - Setting next_dagrun for example_time_delta_sensor_async to None, run_after=None
[2024-02-25T12:44:03.837+0000] {processor.py:179} INFO - Processing /home/airflow/.local/lib/python3.7/site-packages/airflow/example_dags/example_time_delta_sensor_async.py took 0.117 seconds
[2024-02-25T12:44:34.528+0000] {processor.py:157} INFO - Started process (PID=994) to work on /home/airflow/.local/lib/python3.7/site-packages/airflow/example_dags/example_time_delta_sensor_async.py
[2024-02-25T12:44:34.529+0000] {processor.py:826} INFO - Processing file /home/airflow/.local/lib/python3.7/site-packages/airflow/example_dags/example_time_delta_sensor_async.py for tasks to queue
[2024-02-25T12:44:34.530+0000] {logging_mixin.py:150} INFO - [2024-02-25T12:44:34.530+0000] {dagbag.py:541} INFO - Filling up the DagBag from /home/airflow/.local/lib/python3.7/site-packages/airflow/example_dags/example_time_delta_sensor_async.py
[2024-02-25T12:44:34.538+0000] {processor.py:836} INFO - DAG(s) dict_keys(['example_time_delta_sensor_async']) retrieved from /home/airflow/.local/lib/python3.7/site-packages/airflow/example_dags/example_time_delta_sensor_async.py
[2024-02-25T12:44:34.570+0000] {logging_mixin.py:150} INFO - [2024-02-25T12:44:34.569+0000] {dag.py:2742} INFO - Sync 1 DAGs
[2024-02-25T12:44:34.610+0000] {logging_mixin.py:150} INFO - [2024-02-25T12:44:34.609+0000] {dag.py:3508} INFO - Setting next_dagrun for example_time_delta_sensor_async to None, run_after=None
[2024-02-25T12:44:34.646+0000] {processor.py:179} INFO - Processing /home/airflow/.local/lib/python3.7/site-packages/airflow/example_dags/example_time_delta_sensor_async.py took 0.123 seconds
[2024-02-25T12:45:05.669+0000] {processor.py:157} INFO - Started process (PID=1235) to work on /home/airflow/.local/lib/python3.7/site-packages/airflow/example_dags/example_time_delta_sensor_async.py
[2024-02-25T12:45:05.670+0000] {processor.py:826} INFO - Processing file /home/airflow/.local/lib/python3.7/site-packages/airflow/example_dags/example_time_delta_sensor_async.py for tasks to queue
[2024-02-25T12:45:05.671+0000] {logging_mixin.py:150} INFO - [2024-02-25T12:45:05.671+0000] {dagbag.py:541} INFO - Filling up the DagBag from /home/airflow/.local/lib/python3.7/site-packages/airflow/example_dags/example_time_delta_sensor_async.py
[2024-02-25T12:45:05.678+0000] {processor.py:836} INFO - DAG(s) dict_keys(['example_time_delta_sensor_async']) retrieved from /home/airflow/.local/lib/python3.7/site-packages/airflow/example_dags/example_time_delta_sensor_async.py
[2024-02-25T12:45:05.713+0000] {logging_mixin.py:150} INFO - [2024-02-25T12:45:05.713+0000] {dag.py:2742} INFO - Sync 1 DAGs
[2024-02-25T12:45:05.760+0000] {logging_mixin.py:150} INFO - [2024-02-25T12:45:05.759+0000] {dag.py:3508} INFO - Setting next_dagrun for example_time_delta_sensor_async to None, run_after=None
[2024-02-25T12:45:05.808+0000] {processor.py:179} INFO - Processing /home/airflow/.local/lib/python3.7/site-packages/airflow/example_dags/example_time_delta_sensor_async.py took 0.144 seconds
[2024-02-25T12:45:36.216+0000] {processor.py:157} INFO - Started process (PID=1483) to work on /home/airflow/.local/lib/python3.7/site-packages/airflow/example_dags/example_time_delta_sensor_async.py
[2024-02-25T12:45:36.217+0000] {processor.py:826} INFO - Processing file /home/airflow/.local/lib/python3.7/site-packages/airflow/example_dags/example_time_delta_sensor_async.py for tasks to queue
[2024-02-25T12:45:36.218+0000] {logging_mixin.py:150} INFO - [2024-02-25T12:45:36.218+0000] {dagbag.py:541} INFO - Filling up the DagBag from /home/airflow/.local/lib/python3.7/site-packages/airflow/example_dags/example_time_delta_sensor_async.py
[2024-02-25T12:45:36.226+0000] {processor.py:836} INFO - DAG(s) dict_keys(['example_time_delta_sensor_async']) retrieved from /home/airflow/.local/lib/python3.7/site-packages/airflow/example_dags/example_time_delta_sensor_async.py
[2024-02-25T12:45:36.272+0000] {logging_mixin.py:150} INFO - [2024-02-25T12:45:36.272+0000] {dag.py:2742} INFO - Sync 1 DAGs
[2024-02-25T12:45:36.311+0000] {logging_mixin.py:150} INFO - [2024-02-25T12:45:36.311+0000] {dag.py:3508} INFO - Setting next_dagrun for example_time_delta_sensor_async to None, run_after=None
[2024-02-25T12:45:36.341+0000] {processor.py:179} INFO - Processing /home/airflow/.local/lib/python3.7/site-packages/airflow/example_dags/example_time_delta_sensor_async.py took 0.132 seconds
[2024-02-25T12:46:06.734+0000] {processor.py:157} INFO - Started process (PID=1724) to work on /home/airflow/.local/lib/python3.7/site-packages/airflow/example_dags/example_time_delta_sensor_async.py
[2024-02-25T12:46:06.735+0000] {processor.py:826} INFO - Processing file /home/airflow/.local/lib/python3.7/site-packages/airflow/example_dags/example_time_delta_sensor_async.py for tasks to queue
[2024-02-25T12:46:06.736+0000] {logging_mixin.py:150} INFO - [2024-02-25T12:46:06.735+0000] {dagbag.py:541} INFO - Filling up the DagBag from /home/airflow/.local/lib/python3.7/site-packages/airflow/example_dags/example_time_delta_sensor_async.py
[2024-02-25T12:46:06.740+0000] {processor.py:836} INFO - DAG(s) dict_keys(['example_time_delta_sensor_async']) retrieved from /home/airflow/.local/lib/python3.7/site-packages/airflow/example_dags/example_time_delta_sensor_async.py
[2024-02-25T12:46:06.771+0000] {logging_mixin.py:150} INFO - [2024-02-25T12:46:06.771+0000] {dag.py:2742} INFO - Sync 1 DAGs
[2024-02-25T12:46:06.806+0000] {logging_mixin.py:150} INFO - [2024-02-25T12:46:06.806+0000] {dag.py:3508} INFO - Setting next_dagrun for example_time_delta_sensor_async to None, run_after=None
[2024-02-25T12:46:06.836+0000] {processor.py:179} INFO - Processing /home/airflow/.local/lib/python3.7/site-packages/airflow/example_dags/example_time_delta_sensor_async.py took 0.108 seconds
[2024-02-25T12:46:37.204+0000] {processor.py:157} INFO - Started process (PID=1960) to work on /home/airflow/.local/lib/python3.7/site-packages/airflow/example_dags/example_time_delta_sensor_async.py
[2024-02-25T12:46:37.205+0000] {processor.py:826} INFO - Processing file /home/airflow/.local/lib/python3.7/site-packages/airflow/example_dags/example_time_delta_sensor_async.py for tasks to queue
[2024-02-25T12:46:37.206+0000] {logging_mixin.py:150} INFO - [2024-02-25T12:46:37.206+0000] {dagbag.py:541} INFO - Filling up the DagBag from /home/airflow/.local/lib/python3.7/site-packages/airflow/example_dags/example_time_delta_sensor_async.py
[2024-02-25T12:46:37.213+0000] {processor.py:836} INFO - DAG(s) dict_keys(['example_time_delta_sensor_async']) retrieved from /home/airflow/.local/lib/python3.7/site-packages/airflow/example_dags/example_time_delta_sensor_async.py
[2024-02-25T12:46:37.244+0000] {logging_mixin.py:150} INFO - [2024-02-25T12:46:37.244+0000] {dag.py:2742} INFO - Sync 1 DAGs
[2024-02-25T12:46:37.293+0000] {logging_mixin.py:150} INFO - [2024-02-25T12:46:37.292+0000] {dag.py:3508} INFO - Setting next_dagrun for example_time_delta_sensor_async to None, run_after=None
[2024-02-25T12:46:37.323+0000] {processor.py:179} INFO - Processing /home/airflow/.local/lib/python3.7/site-packages/airflow/example_dags/example_time_delta_sensor_async.py took 0.122 seconds
[2024-02-25T12:47:08.111+0000] {processor.py:157} INFO - Started process (PID=2203) to work on /home/airflow/.local/lib/python3.7/site-packages/airflow/example_dags/example_time_delta_sensor_async.py
[2024-02-25T12:47:08.112+0000] {processor.py:826} INFO - Processing file /home/airflow/.local/lib/python3.7/site-packages/airflow/example_dags/example_time_delta_sensor_async.py for tasks to queue
[2024-02-25T12:47:08.114+0000] {logging_mixin.py:150} INFO - [2024-02-25T12:47:08.114+0000] {dagbag.py:541} INFO - Filling up the DagBag from /home/airflow/.local/lib/python3.7/site-packages/airflow/example_dags/example_time_delta_sensor_async.py
[2024-02-25T12:47:08.121+0000] {processor.py:836} INFO - DAG(s) dict_keys(['example_time_delta_sensor_async']) retrieved from /home/airflow/.local/lib/python3.7/site-packages/airflow/example_dags/example_time_delta_sensor_async.py
[2024-02-25T12:47:08.171+0000] {logging_mixin.py:150} INFO - [2024-02-25T12:47:08.170+0000] {dag.py:2742} INFO - Sync 1 DAGs
[2024-02-25T12:47:08.219+0000] {logging_mixin.py:150} INFO - [2024-02-25T12:47:08.219+0000] {dag.py:3508} INFO - Setting next_dagrun for example_time_delta_sensor_async to None, run_after=None
[2024-02-25T12:47:08.252+0000] {processor.py:179} INFO - Processing /home/airflow/.local/lib/python3.7/site-packages/airflow/example_dags/example_time_delta_sensor_async.py took 0.147 seconds
[2024-02-25T12:47:38.752+0000] {processor.py:157} INFO - Started process (PID=2447) to work on /home/airflow/.local/lib/python3.7/site-packages/airflow/example_dags/example_time_delta_sensor_async.py
[2024-02-25T12:47:38.753+0000] {processor.py:826} INFO - Processing file /home/airflow/.local/lib/python3.7/site-packages/airflow/example_dags/example_time_delta_sensor_async.py for tasks to queue
[2024-02-25T12:47:38.754+0000] {logging_mixin.py:150} INFO - [2024-02-25T12:47:38.753+0000] {dagbag.py:541} INFO - Filling up the DagBag from /home/airflow/.local/lib/python3.7/site-packages/airflow/example_dags/example_time_delta_sensor_async.py
[2024-02-25T12:47:38.759+0000] {processor.py:836} INFO - DAG(s) dict_keys(['example_time_delta_sensor_async']) retrieved from /home/airflow/.local/lib/python3.7/site-packages/airflow/example_dags/example_time_delta_sensor_async.py
[2024-02-25T12:47:38.792+0000] {logging_mixin.py:150} INFO - [2024-02-25T12:47:38.792+0000] {dag.py:2742} INFO - Sync 1 DAGs
[2024-02-25T12:47:38.830+0000] {logging_mixin.py:150} INFO - [2024-02-25T12:47:38.830+0000] {dag.py:3508} INFO - Setting next_dagrun for example_time_delta_sensor_async to None, run_after=None
[2024-02-25T12:47:38.858+0000] {processor.py:179} INFO - Processing /home/airflow/.local/lib/python3.7/site-packages/airflow/example_dags/example_time_delta_sensor_async.py took 0.111 seconds
[2024-02-25T12:48:09.220+0000] {processor.py:157} INFO - Started process (PID=2688) to work on /home/airflow/.local/lib/python3.7/site-packages/airflow/example_dags/example_time_delta_sensor_async.py
[2024-02-25T12:48:09.221+0000] {processor.py:826} INFO - Processing file /home/airflow/.local/lib/python3.7/site-packages/airflow/example_dags/example_time_delta_sensor_async.py for tasks to queue
[2024-02-25T12:48:09.222+0000] {logging_mixin.py:150} INFO - [2024-02-25T12:48:09.222+0000] {dagbag.py:541} INFO - Filling up the DagBag from /home/airflow/.local/lib/python3.7/site-packages/airflow/example_dags/example_time_delta_sensor_async.py
[2024-02-25T12:48:09.227+0000] {processor.py:836} INFO - DAG(s) dict_keys(['example_time_delta_sensor_async']) retrieved from /home/airflow/.local/lib/python3.7/site-packages/airflow/example_dags/example_time_delta_sensor_async.py
[2024-02-25T12:48:09.257+0000] {logging_mixin.py:150} INFO - [2024-02-25T12:48:09.257+0000] {dag.py:2742} INFO - Sync 1 DAGs
[2024-02-25T12:48:09.295+0000] {logging_mixin.py:150} INFO - [2024-02-25T12:48:09.295+0000] {dag.py:3508} INFO - Setting next_dagrun for example_time_delta_sensor_async to None, run_after=None
[2024-02-25T12:48:09.323+0000] {processor.py:179} INFO - Processing /home/airflow/.local/lib/python3.7/site-packages/airflow/example_dags/example_time_delta_sensor_async.py took 0.107 seconds
[2024-02-25T12:48:39.806+0000] {processor.py:157} INFO - Started process (PID=2930) to work on /home/airflow/.local/lib/python3.7/site-packages/airflow/example_dags/example_time_delta_sensor_async.py
[2024-02-25T12:48:39.808+0000] {processor.py:826} INFO - Processing file /home/airflow/.local/lib/python3.7/site-packages/airflow/example_dags/example_time_delta_sensor_async.py for tasks to queue
[2024-02-25T12:48:39.809+0000] {logging_mixin.py:150} INFO - [2024-02-25T12:48:39.808+0000] {dagbag.py:541} INFO - Filling up the DagBag from /home/airflow/.local/lib/python3.7/site-packages/airflow/example_dags/example_time_delta_sensor_async.py
[2024-02-25T12:48:39.813+0000] {processor.py:836} INFO - DAG(s) dict_keys(['example_time_delta_sensor_async']) retrieved from /home/airflow/.local/lib/python3.7/site-packages/airflow/example_dags/example_time_delta_sensor_async.py
[2024-02-25T12:48:39.843+0000] {logging_mixin.py:150} INFO - [2024-02-25T12:48:39.842+0000] {dag.py:2742} INFO - Sync 1 DAGs
[2024-02-25T12:48:39.876+0000] {logging_mixin.py:150} INFO - [2024-02-25T12:48:39.876+0000] {dag.py:3508} INFO - Setting next_dagrun for example_time_delta_sensor_async to None, run_after=None
[2024-02-25T12:48:39.899+0000] {processor.py:179} INFO - Processing /home/airflow/.local/lib/python3.7/site-packages/airflow/example_dags/example_time_delta_sensor_async.py took 0.099 seconds
[2024-02-25T12:49:10.610+0000] {processor.py:157} INFO - Started process (PID=3171) to work on /home/airflow/.local/lib/python3.7/site-packages/airflow/example_dags/example_time_delta_sensor_async.py
[2024-02-25T12:49:10.611+0000] {processor.py:826} INFO - Processing file /home/airflow/.local/lib/python3.7/site-packages/airflow/example_dags/example_time_delta_sensor_async.py for tasks to queue
[2024-02-25T12:49:10.613+0000] {logging_mixin.py:150} INFO - [2024-02-25T12:49:10.612+0000] {dagbag.py:541} INFO - Filling up the DagBag from /home/airflow/.local/lib/python3.7/site-packages/airflow/example_dags/example_time_delta_sensor_async.py
[2024-02-25T12:49:10.623+0000] {processor.py:836} INFO - DAG(s) dict_keys(['example_time_delta_sensor_async']) retrieved from /home/airflow/.local/lib/python3.7/site-packages/airflow/example_dags/example_time_delta_sensor_async.py
[2024-02-25T12:49:10.675+0000] {logging_mixin.py:150} INFO - [2024-02-25T12:49:10.675+0000] {dag.py:2742} INFO - Sync 1 DAGs
[2024-02-25T12:49:10.730+0000] {logging_mixin.py:150} INFO - [2024-02-25T12:49:10.730+0000] {dag.py:3508} INFO - Setting next_dagrun for example_time_delta_sensor_async to None, run_after=None
[2024-02-25T12:49:10.778+0000] {processor.py:179} INFO - Processing /home/airflow/.local/lib/python3.7/site-packages/airflow/example_dags/example_time_delta_sensor_async.py took 0.174 seconds
[2024-02-25T12:49:41.311+0000] {processor.py:157} INFO - Started process (PID=3412) to work on /home/airflow/.local/lib/python3.7/site-packages/airflow/example_dags/example_time_delta_sensor_async.py
[2024-02-25T12:49:41.312+0000] {processor.py:826} INFO - Processing file /home/airflow/.local/lib/python3.7/site-packages/airflow/example_dags/example_time_delta_sensor_async.py for tasks to queue
[2024-02-25T12:49:41.313+0000] {logging_mixin.py:150} INFO - [2024-02-25T12:49:41.313+0000] {dagbag.py:541} INFO - Filling up the DagBag from /home/airflow/.local/lib/python3.7/site-packages/airflow/example_dags/example_time_delta_sensor_async.py
[2024-02-25T12:49:41.318+0000] {processor.py:836} INFO - DAG(s) dict_keys(['example_time_delta_sensor_async']) retrieved from /home/airflow/.local/lib/python3.7/site-packages/airflow/example_dags/example_time_delta_sensor_async.py
[2024-02-25T12:49:41.344+0000] {logging_mixin.py:150} INFO - [2024-02-25T12:49:41.344+0000] {dag.py:2742} INFO - Sync 1 DAGs
[2024-02-25T12:49:41.384+0000] {logging_mixin.py:150} INFO - [2024-02-25T12:49:41.383+0000] {dag.py:3508} INFO - Setting next_dagrun for example_time_delta_sensor_async to None, run_after=None
[2024-02-25T12:49:41.417+0000] {processor.py:179} INFO - Processing /home/airflow/.local/lib/python3.7/site-packages/airflow/example_dags/example_time_delta_sensor_async.py took 0.110 seconds
[2024-02-25T12:50:12.416+0000] {processor.py:157} INFO - Started process (PID=3653) to work on /home/airflow/.local/lib/python3.7/site-packages/airflow/example_dags/example_time_delta_sensor_async.py
[2024-02-25T12:50:12.417+0000] {processor.py:826} INFO - Processing file /home/airflow/.local/lib/python3.7/site-packages/airflow/example_dags/example_time_delta_sensor_async.py for tasks to queue
[2024-02-25T12:50:12.418+0000] {logging_mixin.py:150} INFO - [2024-02-25T12:50:12.418+0000] {dagbag.py:541} INFO - Filling up the DagBag from /home/airflow/.local/lib/python3.7/site-packages/airflow/example_dags/example_time_delta_sensor_async.py
[2024-02-25T12:50:12.422+0000] {processor.py:836} INFO - DAG(s) dict_keys(['example_time_delta_sensor_async']) retrieved from /home/airflow/.local/lib/python3.7/site-packages/airflow/example_dags/example_time_delta_sensor_async.py
[2024-02-25T12:50:12.449+0000] {logging_mixin.py:150} INFO - [2024-02-25T12:50:12.449+0000] {dag.py:2742} INFO - Sync 1 DAGs
[2024-02-25T12:50:12.477+0000] {logging_mixin.py:150} INFO - [2024-02-25T12:50:12.477+0000] {dag.py:3508} INFO - Setting next_dagrun for example_time_delta_sensor_async to None, run_after=None
[2024-02-25T12:50:12.501+0000] {processor.py:179} INFO - Processing /home/airflow/.local/lib/python3.7/site-packages/airflow/example_dags/example_time_delta_sensor_async.py took 0.088 seconds
[2024-02-25T12:50:43.014+0000] {processor.py:157} INFO - Started process (PID=3894) to work on /home/airflow/.local/lib/python3.7/site-packages/airflow/example_dags/example_time_delta_sensor_async.py
[2024-02-25T12:50:43.015+0000] {processor.py:826} INFO - Processing file /home/airflow/.local/lib/python3.7/site-packages/airflow/example_dags/example_time_delta_sensor_async.py for tasks to queue
[2024-02-25T12:50:43.016+0000] {logging_mixin.py:150} INFO - [2024-02-25T12:50:43.016+0000] {dagbag.py:541} INFO - Filling up the DagBag from /home/airflow/.local/lib/python3.7/site-packages/airflow/example_dags/example_time_delta_sensor_async.py
[2024-02-25T12:50:43.020+0000] {processor.py:836} INFO - DAG(s) dict_keys(['example_time_delta_sensor_async']) retrieved from /home/airflow/.local/lib/python3.7/site-packages/airflow/example_dags/example_time_delta_sensor_async.py
[2024-02-25T12:50:43.053+0000] {logging_mixin.py:150} INFO - [2024-02-25T12:50:43.053+0000] {dag.py:2742} INFO - Sync 1 DAGs
[2024-02-25T12:50:43.092+0000] {logging_mixin.py:150} INFO - [2024-02-25T12:50:43.092+0000] {dag.py:3508} INFO - Setting next_dagrun for example_time_delta_sensor_async to None, run_after=None
[2024-02-25T12:50:43.120+0000] {processor.py:179} INFO - Processing /home/airflow/.local/lib/python3.7/site-packages/airflow/example_dags/example_time_delta_sensor_async.py took 0.110 seconds
[2024-02-25T12:51:13.458+0000] {processor.py:157} INFO - Started process (PID=4135) to work on /home/airflow/.local/lib/python3.7/site-packages/airflow/example_dags/example_time_delta_sensor_async.py
[2024-02-25T12:51:13.460+0000] {processor.py:826} INFO - Processing file /home/airflow/.local/lib/python3.7/site-packages/airflow/example_dags/example_time_delta_sensor_async.py for tasks to queue
[2024-02-25T12:51:13.461+0000] {logging_mixin.py:150} INFO - [2024-02-25T12:51:13.460+0000] {dagbag.py:541} INFO - Filling up the DagBag from /home/airflow/.local/lib/python3.7/site-packages/airflow/example_dags/example_time_delta_sensor_async.py
[2024-02-25T12:51:13.465+0000] {processor.py:836} INFO - DAG(s) dict_keys(['example_time_delta_sensor_async']) retrieved from /home/airflow/.local/lib/python3.7/site-packages/airflow/example_dags/example_time_delta_sensor_async.py
[2024-02-25T12:51:13.490+0000] {logging_mixin.py:150} INFO - [2024-02-25T12:51:13.489+0000] {dag.py:2742} INFO - Sync 1 DAGs
[2024-02-25T12:51:13.518+0000] {logging_mixin.py:150} INFO - [2024-02-25T12:51:13.517+0000] {dag.py:3508} INFO - Setting next_dagrun for example_time_delta_sensor_async to None, run_after=None
[2024-02-25T12:51:13.541+0000] {processor.py:179} INFO - Processing /home/airflow/.local/lib/python3.7/site-packages/airflow/example_dags/example_time_delta_sensor_async.py took 0.086 seconds
[2024-02-25T12:51:44.220+0000] {processor.py:157} INFO - Started process (PID=4376) to work on /home/airflow/.local/lib/python3.7/site-packages/airflow/example_dags/example_time_delta_sensor_async.py
[2024-02-25T12:51:44.221+0000] {processor.py:826} INFO - Processing file /home/airflow/.local/lib/python3.7/site-packages/airflow/example_dags/example_time_delta_sensor_async.py for tasks to queue
[2024-02-25T12:51:44.222+0000] {logging_mixin.py:150} INFO - [2024-02-25T12:51:44.222+0000] {dagbag.py:541} INFO - Filling up the DagBag from /home/airflow/.local/lib/python3.7/site-packages/airflow/example_dags/example_time_delta_sensor_async.py
[2024-02-25T12:51:44.227+0000] {processor.py:836} INFO - DAG(s) dict_keys(['example_time_delta_sensor_async']) retrieved from /home/airflow/.local/lib/python3.7/site-packages/airflow/example_dags/example_time_delta_sensor_async.py
[2024-02-25T12:51:44.254+0000] {logging_mixin.py:150} INFO - [2024-02-25T12:51:44.254+0000] {dag.py:2742} INFO - Sync 1 DAGs
[2024-02-25T12:51:44.283+0000] {logging_mixin.py:150} INFO - [2024-02-25T12:51:44.282+0000] {dag.py:3508} INFO - Setting next_dagrun for example_time_delta_sensor_async to None, run_after=None
[2024-02-25T12:51:44.306+0000] {processor.py:179} INFO - Processing /home/airflow/.local/lib/python3.7/site-packages/airflow/example_dags/example_time_delta_sensor_async.py took 0.090 seconds
[2024-02-25T12:52:14.833+0000] {processor.py:157} INFO - Started process (PID=4617) to work on /home/airflow/.local/lib/python3.7/site-packages/airflow/example_dags/example_time_delta_sensor_async.py
[2024-02-25T12:52:14.834+0000] {processor.py:826} INFO - Processing file /home/airflow/.local/lib/python3.7/site-packages/airflow/example_dags/example_time_delta_sensor_async.py for tasks to queue
[2024-02-25T12:52:14.835+0000] {logging_mixin.py:150} INFO - [2024-02-25T12:52:14.835+0000] {dagbag.py:541} INFO - Filling up the DagBag from /home/airflow/.local/lib/python3.7/site-packages/airflow/example_dags/example_time_delta_sensor_async.py
[2024-02-25T12:52:14.840+0000] {processor.py:836} INFO - DAG(s) dict_keys(['example_time_delta_sensor_async']) retrieved from /home/airflow/.local/lib/python3.7/site-packages/airflow/example_dags/example_time_delta_sensor_async.py
[2024-02-25T12:52:14.865+0000] {logging_mixin.py:150} INFO - [2024-02-25T12:52:14.864+0000] {dag.py:2742} INFO - Sync 1 DAGs
[2024-02-25T12:52:14.893+0000] {logging_mixin.py:150} INFO - [2024-02-25T12:52:14.893+0000] {dag.py:3508} INFO - Setting next_dagrun for example_time_delta_sensor_async to None, run_after=None
[2024-02-25T12:52:14.916+0000] {processor.py:179} INFO - Processing /home/airflow/.local/lib/python3.7/site-packages/airflow/example_dags/example_time_delta_sensor_async.py took 0.087 seconds
[2024-02-25T12:52:45.439+0000] {processor.py:157} INFO - Started process (PID=4860) to work on /home/airflow/.local/lib/python3.7/site-packages/airflow/example_dags/example_time_delta_sensor_async.py
[2024-02-25T12:52:45.440+0000] {processor.py:826} INFO - Processing file /home/airflow/.local/lib/python3.7/site-packages/airflow/example_dags/example_time_delta_sensor_async.py for tasks to queue
[2024-02-25T12:52:45.441+0000] {logging_mixin.py:150} INFO - [2024-02-25T12:52:45.441+0000] {dagbag.py:541} INFO - Filling up the DagBag from /home/airflow/.local/lib/python3.7/site-packages/airflow/example_dags/example_time_delta_sensor_async.py
[2024-02-25T12:52:45.448+0000] {processor.py:836} INFO - DAG(s) dict_keys(['example_time_delta_sensor_async']) retrieved from /home/airflow/.local/lib/python3.7/site-packages/airflow/example_dags/example_time_delta_sensor_async.py
[2024-02-25T12:52:45.473+0000] {logging_mixin.py:150} INFO - [2024-02-25T12:52:45.473+0000] {dag.py:2742} INFO - Sync 1 DAGs
[2024-02-25T12:52:45.501+0000] {logging_mixin.py:150} INFO - [2024-02-25T12:52:45.501+0000] {dag.py:3508} INFO - Setting next_dagrun for example_time_delta_sensor_async to None, run_after=None
[2024-02-25T12:52:45.524+0000] {processor.py:179} INFO - Processing /home/airflow/.local/lib/python3.7/site-packages/airflow/example_dags/example_time_delta_sensor_async.py took 0.091 seconds
[2024-02-25T12:53:16.594+0000] {processor.py:157} INFO - Started process (PID=5101) to work on /home/airflow/.local/lib/python3.7/site-packages/airflow/example_dags/example_time_delta_sensor_async.py
[2024-02-25T12:53:16.595+0000] {processor.py:826} INFO - Processing file /home/airflow/.local/lib/python3.7/site-packages/airflow/example_dags/example_time_delta_sensor_async.py for tasks to queue
[2024-02-25T12:53:16.597+0000] {logging_mixin.py:150} INFO - [2024-02-25T12:53:16.596+0000] {dagbag.py:541} INFO - Filling up the DagBag from /home/airflow/.local/lib/python3.7/site-packages/airflow/example_dags/example_time_delta_sensor_async.py
[2024-02-25T12:53:16.603+0000] {processor.py:836} INFO - DAG(s) dict_keys(['example_time_delta_sensor_async']) retrieved from /home/airflow/.local/lib/python3.7/site-packages/airflow/example_dags/example_time_delta_sensor_async.py
[2024-02-25T12:53:16.636+0000] {logging_mixin.py:150} INFO - [2024-02-25T12:53:16.636+0000] {dag.py:2742} INFO - Sync 1 DAGs
[2024-02-25T12:53:16.675+0000] {logging_mixin.py:150} INFO - [2024-02-25T12:53:16.675+0000] {dag.py:3508} INFO - Setting next_dagrun for example_time_delta_sensor_async to None, run_after=None
[2024-02-25T12:53:16.704+0000] {processor.py:179} INFO - Processing /home/airflow/.local/lib/python3.7/site-packages/airflow/example_dags/example_time_delta_sensor_async.py took 0.115 seconds
[2024-02-25T12:53:47.619+0000] {processor.py:157} INFO - Started process (PID=5340) to work on /home/airflow/.local/lib/python3.7/site-packages/airflow/example_dags/example_time_delta_sensor_async.py
[2024-02-25T12:53:47.619+0000] {processor.py:826} INFO - Processing file /home/airflow/.local/lib/python3.7/site-packages/airflow/example_dags/example_time_delta_sensor_async.py for tasks to queue
[2024-02-25T12:53:47.620+0000] {logging_mixin.py:150} INFO - [2024-02-25T12:53:47.620+0000] {dagbag.py:541} INFO - Filling up the DagBag from /home/airflow/.local/lib/python3.7/site-packages/airflow/example_dags/example_time_delta_sensor_async.py
[2024-02-25T12:53:47.625+0000] {processor.py:836} INFO - DAG(s) dict_keys(['example_time_delta_sensor_async']) retrieved from /home/airflow/.local/lib/python3.7/site-packages/airflow/example_dags/example_time_delta_sensor_async.py
[2024-02-25T12:53:47.658+0000] {logging_mixin.py:150} INFO - [2024-02-25T12:53:47.658+0000] {dag.py:2742} INFO - Sync 1 DAGs
[2024-02-25T12:53:47.695+0000] {logging_mixin.py:150} INFO - [2024-02-25T12:53:47.694+0000] {dag.py:3508} INFO - Setting next_dagrun for example_time_delta_sensor_async to None, run_after=None
[2024-02-25T12:53:47.719+0000] {processor.py:179} INFO - Processing /home/airflow/.local/lib/python3.7/site-packages/airflow/example_dags/example_time_delta_sensor_async.py took 0.104 seconds
[2024-02-25T12:54:18.322+0000] {processor.py:157} INFO - Started process (PID=5581) to work on /home/airflow/.local/lib/python3.7/site-packages/airflow/example_dags/example_time_delta_sensor_async.py
[2024-02-25T12:54:18.323+0000] {processor.py:826} INFO - Processing file /home/airflow/.local/lib/python3.7/site-packages/airflow/example_dags/example_time_delta_sensor_async.py for tasks to queue
[2024-02-25T12:54:18.324+0000] {logging_mixin.py:150} INFO - [2024-02-25T12:54:18.324+0000] {dagbag.py:541} INFO - Filling up the DagBag from /home/airflow/.local/lib/python3.7/site-packages/airflow/example_dags/example_time_delta_sensor_async.py
[2024-02-25T12:54:18.329+0000] {processor.py:836} INFO - DAG(s) dict_keys(['example_time_delta_sensor_async']) retrieved from /home/airflow/.local/lib/python3.7/site-packages/airflow/example_dags/example_time_delta_sensor_async.py
[2024-02-25T12:54:18.358+0000] {logging_mixin.py:150} INFO - [2024-02-25T12:54:18.358+0000] {dag.py:2742} INFO - Sync 1 DAGs
[2024-02-25T12:54:18.395+0000] {logging_mixin.py:150} INFO - [2024-02-25T12:54:18.394+0000] {dag.py:3508} INFO - Setting next_dagrun for example_time_delta_sensor_async to None, run_after=None
[2024-02-25T12:54:18.424+0000] {processor.py:179} INFO - Processing /home/airflow/.local/lib/python3.7/site-packages/airflow/example_dags/example_time_delta_sensor_async.py took 0.106 seconds
[2024-02-25T12:54:48.830+0000] {processor.py:157} INFO - Started process (PID=5822) to work on /home/airflow/.local/lib/python3.7/site-packages/airflow/example_dags/example_time_delta_sensor_async.py
[2024-02-25T12:54:48.831+0000] {processor.py:826} INFO - Processing file /home/airflow/.local/lib/python3.7/site-packages/airflow/example_dags/example_time_delta_sensor_async.py for tasks to queue
[2024-02-25T12:54:48.832+0000] {logging_mixin.py:150} INFO - [2024-02-25T12:54:48.832+0000] {dagbag.py:541} INFO - Filling up the DagBag from /home/airflow/.local/lib/python3.7/site-packages/airflow/example_dags/example_time_delta_sensor_async.py
[2024-02-25T12:54:48.836+0000] {processor.py:836} INFO - DAG(s) dict_keys(['example_time_delta_sensor_async']) retrieved from /home/airflow/.local/lib/python3.7/site-packages/airflow/example_dags/example_time_delta_sensor_async.py
[2024-02-25T12:54:48.863+0000] {logging_mixin.py:150} INFO - [2024-02-25T12:54:48.863+0000] {dag.py:2742} INFO - Sync 1 DAGs
[2024-02-25T12:54:48.908+0000] {logging_mixin.py:150} INFO - [2024-02-25T12:54:48.908+0000] {dag.py:3508} INFO - Setting next_dagrun for example_time_delta_sensor_async to None, run_after=None
[2024-02-25T12:54:48.937+0000] {processor.py:179} INFO - Processing /home/airflow/.local/lib/python3.7/site-packages/airflow/example_dags/example_time_delta_sensor_async.py took 0.110 seconds
[2024-02-25T12:55:19.466+0000] {processor.py:157} INFO - Started process (PID=6062) to work on /home/airflow/.local/lib/python3.7/site-packages/airflow/example_dags/example_time_delta_sensor_async.py
[2024-02-25T12:55:19.467+0000] {processor.py:826} INFO - Processing file /home/airflow/.local/lib/python3.7/site-packages/airflow/example_dags/example_time_delta_sensor_async.py for tasks to queue
[2024-02-25T12:55:19.468+0000] {logging_mixin.py:150} INFO - [2024-02-25T12:55:19.468+0000] {dagbag.py:541} INFO - Filling up the DagBag from /home/airflow/.local/lib/python3.7/site-packages/airflow/example_dags/example_time_delta_sensor_async.py
[2024-02-25T12:55:19.475+0000] {processor.py:836} INFO - DAG(s) dict_keys(['example_time_delta_sensor_async']) retrieved from /home/airflow/.local/lib/python3.7/site-packages/airflow/example_dags/example_time_delta_sensor_async.py
[2024-02-25T12:55:19.514+0000] {logging_mixin.py:150} INFO - [2024-02-25T12:55:19.514+0000] {dag.py:2742} INFO - Sync 1 DAGs
[2024-02-25T12:55:19.550+0000] {logging_mixin.py:150} INFO - [2024-02-25T12:55:19.550+0000] {dag.py:3508} INFO - Setting next_dagrun for example_time_delta_sensor_async to None, run_after=None
[2024-02-25T12:55:19.575+0000] {processor.py:179} INFO - Processing /home/airflow/.local/lib/python3.7/site-packages/airflow/example_dags/example_time_delta_sensor_async.py took 0.114 seconds
[2024-02-25T12:55:50.356+0000] {processor.py:157} INFO - Started process (PID=6303) to work on /home/airflow/.local/lib/python3.7/site-packages/airflow/example_dags/example_time_delta_sensor_async.py
[2024-02-25T12:55:50.357+0000] {processor.py:826} INFO - Processing file /home/airflow/.local/lib/python3.7/site-packages/airflow/example_dags/example_time_delta_sensor_async.py for tasks to queue
[2024-02-25T12:55:50.359+0000] {logging_mixin.py:150} INFO - [2024-02-25T12:55:50.358+0000] {dagbag.py:541} INFO - Filling up the DagBag from /home/airflow/.local/lib/python3.7/site-packages/airflow/example_dags/example_time_delta_sensor_async.py
[2024-02-25T12:55:50.365+0000] {processor.py:836} INFO - DAG(s) dict_keys(['example_time_delta_sensor_async']) retrieved from /home/airflow/.local/lib/python3.7/site-packages/airflow/example_dags/example_time_delta_sensor_async.py
[2024-02-25T12:55:50.396+0000] {logging_mixin.py:150} INFO - [2024-02-25T12:55:50.396+0000] {dag.py:2742} INFO - Sync 1 DAGs
[2024-02-25T12:55:50.427+0000] {logging_mixin.py:150} INFO - [2024-02-25T12:55:50.427+0000] {dag.py:3508} INFO - Setting next_dagrun for example_time_delta_sensor_async to None, run_after=None
[2024-02-25T12:55:50.452+0000] {processor.py:179} INFO - Processing /home/airflow/.local/lib/python3.7/site-packages/airflow/example_dags/example_time_delta_sensor_async.py took 0.100 seconds
[2024-02-25T12:56:21.376+0000] {processor.py:157} INFO - Started process (PID=6544) to work on /home/airflow/.local/lib/python3.7/site-packages/airflow/example_dags/example_time_delta_sensor_async.py
[2024-02-25T12:56:21.377+0000] {processor.py:826} INFO - Processing file /home/airflow/.local/lib/python3.7/site-packages/airflow/example_dags/example_time_delta_sensor_async.py for tasks to queue
[2024-02-25T12:56:21.378+0000] {logging_mixin.py:150} INFO - [2024-02-25T12:56:21.378+0000] {dagbag.py:541} INFO - Filling up the DagBag from /home/airflow/.local/lib/python3.7/site-packages/airflow/example_dags/example_time_delta_sensor_async.py
[2024-02-25T12:56:21.382+0000] {processor.py:836} INFO - DAG(s) dict_keys(['example_time_delta_sensor_async']) retrieved from /home/airflow/.local/lib/python3.7/site-packages/airflow/example_dags/example_time_delta_sensor_async.py
[2024-02-25T12:56:21.412+0000] {logging_mixin.py:150} INFO - [2024-02-25T12:56:21.412+0000] {dag.py:2742} INFO - Sync 1 DAGs
[2024-02-25T12:56:21.448+0000] {logging_mixin.py:150} INFO - [2024-02-25T12:56:21.448+0000] {dag.py:3508} INFO - Setting next_dagrun for example_time_delta_sensor_async to None, run_after=None
[2024-02-25T12:56:21.477+0000] {processor.py:179} INFO - Processing /home/airflow/.local/lib/python3.7/site-packages/airflow/example_dags/example_time_delta_sensor_async.py took 0.105 seconds
[2024-02-25T12:56:51.617+0000] {processor.py:157} INFO - Started process (PID=6782) to work on /home/airflow/.local/lib/python3.7/site-packages/airflow/example_dags/example_time_delta_sensor_async.py
[2024-02-25T12:56:51.618+0000] {processor.py:826} INFO - Processing file /home/airflow/.local/lib/python3.7/site-packages/airflow/example_dags/example_time_delta_sensor_async.py for tasks to queue
[2024-02-25T12:56:51.619+0000] {logging_mixin.py:150} INFO - [2024-02-25T12:56:51.619+0000] {dagbag.py:541} INFO - Filling up the DagBag from /home/airflow/.local/lib/python3.7/site-packages/airflow/example_dags/example_time_delta_sensor_async.py
[2024-02-25T12:56:51.628+0000] {processor.py:836} INFO - DAG(s) dict_keys(['example_time_delta_sensor_async']) retrieved from /home/airflow/.local/lib/python3.7/site-packages/airflow/example_dags/example_time_delta_sensor_async.py
[2024-02-25T12:56:51.672+0000] {logging_mixin.py:150} INFO - [2024-02-25T12:56:51.672+0000] {dag.py:2742} INFO - Sync 1 DAGs
[2024-02-25T12:56:51.709+0000] {logging_mixin.py:150} INFO - [2024-02-25T12:56:51.708+0000] {dag.py:3508} INFO - Setting next_dagrun for example_time_delta_sensor_async to None, run_after=None
[2024-02-25T12:56:51.729+0000] {processor.py:179} INFO - Processing /home/airflow/.local/lib/python3.7/site-packages/airflow/example_dags/example_time_delta_sensor_async.py took 0.116 seconds
