[2024-02-25T12:43:02.210+0000] {processor.py:157} INFO - Started process (PID=296) to work on /home/airflow/.local/lib/python3.7/site-packages/airflow/example_dags/example_complex.py
[2024-02-25T12:43:02.211+0000] {processor.py:826} INFO - Processing file /home/airflow/.local/lib/python3.7/site-packages/airflow/example_dags/example_complex.py for tasks to queue
[2024-02-25T12:43:02.212+0000] {logging_mixin.py:150} INFO - [2024-02-25T12:43:02.211+0000] {dagbag.py:541} INFO - Filling up the DagBag from /home/airflow/.local/lib/python3.7/site-packages/airflow/example_dags/example_complex.py
[2024-02-25T12:43:02.231+0000] {processor.py:836} INFO - DAG(s) dict_keys(['example_complex']) retrieved from /home/airflow/.local/lib/python3.7/site-packages/airflow/example_dags/example_complex.py
[2024-02-25T12:43:02.245+0000] {logging_mixin.py:150} INFO - [2024-02-25T12:43:02.244+0000] {dag.py:2742} INFO - Sync 1 DAGs
[2024-02-25T12:43:02.293+0000] {logging_mixin.py:150} INFO - [2024-02-25T12:43:02.293+0000] {dag.py:3508} INFO - Setting next_dagrun for example_complex to None, run_after=None
[2024-02-25T12:43:02.324+0000] {processor.py:179} INFO - Processing /home/airflow/.local/lib/python3.7/site-packages/airflow/example_dags/example_complex.py took 0.118 seconds
[2024-02-25T12:43:33.109+0000] {processor.py:157} INFO - Started process (PID=536) to work on /home/airflow/.local/lib/python3.7/site-packages/airflow/example_dags/example_complex.py
[2024-02-25T12:43:33.110+0000] {processor.py:826} INFO - Processing file /home/airflow/.local/lib/python3.7/site-packages/airflow/example_dags/example_complex.py for tasks to queue
[2024-02-25T12:43:33.111+0000] {logging_mixin.py:150} INFO - [2024-02-25T12:43:33.111+0000] {dagbag.py:541} INFO - Filling up the DagBag from /home/airflow/.local/lib/python3.7/site-packages/airflow/example_dags/example_complex.py
[2024-02-25T12:43:33.131+0000] {processor.py:836} INFO - DAG(s) dict_keys(['example_complex']) retrieved from /home/airflow/.local/lib/python3.7/site-packages/airflow/example_dags/example_complex.py
[2024-02-25T12:43:33.183+0000] {logging_mixin.py:150} INFO - [2024-02-25T12:43:33.183+0000] {dag.py:2742} INFO - Sync 1 DAGs
[2024-02-25T12:43:33.222+0000] {logging_mixin.py:150} INFO - [2024-02-25T12:43:33.221+0000] {dag.py:3508} INFO - Setting next_dagrun for example_complex to None, run_after=None
[2024-02-25T12:43:33.252+0000] {processor.py:179} INFO - Processing /home/airflow/.local/lib/python3.7/site-packages/airflow/example_dags/example_complex.py took 0.148 seconds
[2024-02-25T12:44:04.221+0000] {processor.py:157} INFO - Started process (PID=778) to work on /home/airflow/.local/lib/python3.7/site-packages/airflow/example_dags/example_complex.py
[2024-02-25T12:44:04.222+0000] {processor.py:826} INFO - Processing file /home/airflow/.local/lib/python3.7/site-packages/airflow/example_dags/example_complex.py for tasks to queue
[2024-02-25T12:44:04.223+0000] {logging_mixin.py:150} INFO - [2024-02-25T12:44:04.223+0000] {dagbag.py:541} INFO - Filling up the DagBag from /home/airflow/.local/lib/python3.7/site-packages/airflow/example_dags/example_complex.py
[2024-02-25T12:44:04.241+0000] {processor.py:836} INFO - DAG(s) dict_keys(['example_complex']) retrieved from /home/airflow/.local/lib/python3.7/site-packages/airflow/example_dags/example_complex.py
[2024-02-25T12:44:04.257+0000] {logging_mixin.py:150} INFO - [2024-02-25T12:44:04.257+0000] {dag.py:2742} INFO - Sync 1 DAGs
[2024-02-25T12:44:04.304+0000] {logging_mixin.py:150} INFO - [2024-02-25T12:44:04.303+0000] {dag.py:3508} INFO - Setting next_dagrun for example_complex to None, run_after=None
[2024-02-25T12:44:04.337+0000] {processor.py:179} INFO - Processing /home/airflow/.local/lib/python3.7/site-packages/airflow/example_dags/example_complex.py took 0.120 seconds
[2024-02-25T12:44:34.997+0000] {processor.py:157} INFO - Started process (PID=1019) to work on /home/airflow/.local/lib/python3.7/site-packages/airflow/example_dags/example_complex.py
[2024-02-25T12:44:34.999+0000] {processor.py:826} INFO - Processing file /home/airflow/.local/lib/python3.7/site-packages/airflow/example_dags/example_complex.py for tasks to queue
[2024-02-25T12:44:35.000+0000] {logging_mixin.py:150} INFO - [2024-02-25T12:44:35.000+0000] {dagbag.py:541} INFO - Filling up the DagBag from /home/airflow/.local/lib/python3.7/site-packages/airflow/example_dags/example_complex.py
[2024-02-25T12:44:35.015+0000] {processor.py:836} INFO - DAG(s) dict_keys(['example_complex']) retrieved from /home/airflow/.local/lib/python3.7/site-packages/airflow/example_dags/example_complex.py
[2024-02-25T12:44:35.076+0000] {logging_mixin.py:150} INFO - [2024-02-25T12:44:35.075+0000] {dag.py:2742} INFO - Sync 1 DAGs
[2024-02-25T12:44:35.125+0000] {logging_mixin.py:150} INFO - [2024-02-25T12:44:35.124+0000] {dag.py:3508} INFO - Setting next_dagrun for example_complex to None, run_after=None
[2024-02-25T12:44:35.163+0000] {processor.py:179} INFO - Processing /home/airflow/.local/lib/python3.7/site-packages/airflow/example_dags/example_complex.py took 0.170 seconds
[2024-02-25T12:45:06.192+0000] {processor.py:157} INFO - Started process (PID=1260) to work on /home/airflow/.local/lib/python3.7/site-packages/airflow/example_dags/example_complex.py
[2024-02-25T12:45:06.194+0000] {processor.py:826} INFO - Processing file /home/airflow/.local/lib/python3.7/site-packages/airflow/example_dags/example_complex.py for tasks to queue
[2024-02-25T12:45:06.195+0000] {logging_mixin.py:150} INFO - [2024-02-25T12:45:06.194+0000] {dagbag.py:541} INFO - Filling up the DagBag from /home/airflow/.local/lib/python3.7/site-packages/airflow/example_dags/example_complex.py
[2024-02-25T12:45:06.211+0000] {processor.py:836} INFO - DAG(s) dict_keys(['example_complex']) retrieved from /home/airflow/.local/lib/python3.7/site-packages/airflow/example_dags/example_complex.py
[2024-02-25T12:45:06.267+0000] {logging_mixin.py:150} INFO - [2024-02-25T12:45:06.267+0000] {dag.py:2742} INFO - Sync 1 DAGs
[2024-02-25T12:45:06.318+0000] {logging_mixin.py:150} INFO - [2024-02-25T12:45:06.317+0000] {dag.py:3508} INFO - Setting next_dagrun for example_complex to None, run_after=None
[2024-02-25T12:45:06.356+0000] {processor.py:179} INFO - Processing /home/airflow/.local/lib/python3.7/site-packages/airflow/example_dags/example_complex.py took 0.169 seconds
[2024-02-25T12:45:36.695+0000] {processor.py:157} INFO - Started process (PID=1508) to work on /home/airflow/.local/lib/python3.7/site-packages/airflow/example_dags/example_complex.py
[2024-02-25T12:45:36.696+0000] {processor.py:826} INFO - Processing file /home/airflow/.local/lib/python3.7/site-packages/airflow/example_dags/example_complex.py for tasks to queue
[2024-02-25T12:45:36.697+0000] {logging_mixin.py:150} INFO - [2024-02-25T12:45:36.697+0000] {dagbag.py:541} INFO - Filling up the DagBag from /home/airflow/.local/lib/python3.7/site-packages/airflow/example_dags/example_complex.py
[2024-02-25T12:45:36.713+0000] {processor.py:836} INFO - DAG(s) dict_keys(['example_complex']) retrieved from /home/airflow/.local/lib/python3.7/site-packages/airflow/example_dags/example_complex.py
[2024-02-25T12:45:36.763+0000] {logging_mixin.py:150} INFO - [2024-02-25T12:45:36.763+0000] {dag.py:2742} INFO - Sync 1 DAGs
[2024-02-25T12:45:36.805+0000] {logging_mixin.py:150} INFO - [2024-02-25T12:45:36.805+0000] {dag.py:3508} INFO - Setting next_dagrun for example_complex to None, run_after=None
[2024-02-25T12:45:36.839+0000] {processor.py:179} INFO - Processing /home/airflow/.local/lib/python3.7/site-packages/airflow/example_dags/example_complex.py took 0.148 seconds
[2024-02-25T12:46:07.187+0000] {processor.py:157} INFO - Started process (PID=1749) to work on /home/airflow/.local/lib/python3.7/site-packages/airflow/example_dags/example_complex.py
[2024-02-25T12:46:07.198+0000] {processor.py:826} INFO - Processing file /home/airflow/.local/lib/python3.7/site-packages/airflow/example_dags/example_complex.py for tasks to queue
[2024-02-25T12:46:07.200+0000] {logging_mixin.py:150} INFO - [2024-02-25T12:46:07.199+0000] {dagbag.py:541} INFO - Filling up the DagBag from /home/airflow/.local/lib/python3.7/site-packages/airflow/example_dags/example_complex.py
[2024-02-25T12:46:07.244+0000] {processor.py:836} INFO - DAG(s) dict_keys(['example_complex']) retrieved from /home/airflow/.local/lib/python3.7/site-packages/airflow/example_dags/example_complex.py
[2024-02-25T12:46:07.317+0000] {logging_mixin.py:150} INFO - [2024-02-25T12:46:07.317+0000] {dag.py:2742} INFO - Sync 1 DAGs
[2024-02-25T12:46:07.363+0000] {logging_mixin.py:150} INFO - [2024-02-25T12:46:07.362+0000] {dag.py:3508} INFO - Setting next_dagrun for example_complex to None, run_after=None
[2024-02-25T12:46:07.431+0000] {processor.py:179} INFO - Processing /home/airflow/.local/lib/python3.7/site-packages/airflow/example_dags/example_complex.py took 0.253 seconds
[2024-02-25T12:46:37.763+0000] {processor.py:157} INFO - Started process (PID=1990) to work on /home/airflow/.local/lib/python3.7/site-packages/airflow/example_dags/example_complex.py
[2024-02-25T12:46:37.764+0000] {processor.py:826} INFO - Processing file /home/airflow/.local/lib/python3.7/site-packages/airflow/example_dags/example_complex.py for tasks to queue
[2024-02-25T12:46:37.765+0000] {logging_mixin.py:150} INFO - [2024-02-25T12:46:37.764+0000] {dagbag.py:541} INFO - Filling up the DagBag from /home/airflow/.local/lib/python3.7/site-packages/airflow/example_dags/example_complex.py
[2024-02-25T12:46:37.786+0000] {processor.py:836} INFO - DAG(s) dict_keys(['example_complex']) retrieved from /home/airflow/.local/lib/python3.7/site-packages/airflow/example_dags/example_complex.py
[2024-02-25T12:46:37.848+0000] {logging_mixin.py:150} INFO - [2024-02-25T12:46:37.848+0000] {dag.py:2742} INFO - Sync 1 DAGs
[2024-02-25T12:46:37.891+0000] {logging_mixin.py:150} INFO - [2024-02-25T12:46:37.891+0000] {dag.py:3508} INFO - Setting next_dagrun for example_complex to None, run_after=None
[2024-02-25T12:46:37.953+0000] {processor.py:179} INFO - Processing /home/airflow/.local/lib/python3.7/site-packages/airflow/example_dags/example_complex.py took 0.196 seconds
[2024-02-25T12:47:08.896+0000] {processor.py:157} INFO - Started process (PID=2233) to work on /home/airflow/.local/lib/python3.7/site-packages/airflow/example_dags/example_complex.py
[2024-02-25T12:47:08.898+0000] {processor.py:826} INFO - Processing file /home/airflow/.local/lib/python3.7/site-packages/airflow/example_dags/example_complex.py for tasks to queue
[2024-02-25T12:47:08.899+0000] {logging_mixin.py:150} INFO - [2024-02-25T12:47:08.899+0000] {dagbag.py:541} INFO - Filling up the DagBag from /home/airflow/.local/lib/python3.7/site-packages/airflow/example_dags/example_complex.py
[2024-02-25T12:47:08.926+0000] {processor.py:836} INFO - DAG(s) dict_keys(['example_complex']) retrieved from /home/airflow/.local/lib/python3.7/site-packages/airflow/example_dags/example_complex.py
[2024-02-25T12:47:09.021+0000] {logging_mixin.py:150} INFO - [2024-02-25T12:47:09.021+0000] {dag.py:2742} INFO - Sync 1 DAGs
[2024-02-25T12:47:09.065+0000] {logging_mixin.py:150} INFO - [2024-02-25T12:47:09.064+0000] {dag.py:3508} INFO - Setting next_dagrun for example_complex to None, run_after=None
[2024-02-25T12:47:09.103+0000] {processor.py:179} INFO - Processing /home/airflow/.local/lib/python3.7/site-packages/airflow/example_dags/example_complex.py took 0.211 seconds
[2024-02-25T12:47:39.296+0000] {processor.py:157} INFO - Started process (PID=2472) to work on /home/airflow/.local/lib/python3.7/site-packages/airflow/example_dags/example_complex.py
[2024-02-25T12:47:39.297+0000] {processor.py:826} INFO - Processing file /home/airflow/.local/lib/python3.7/site-packages/airflow/example_dags/example_complex.py for tasks to queue
[2024-02-25T12:47:39.298+0000] {logging_mixin.py:150} INFO - [2024-02-25T12:47:39.298+0000] {dagbag.py:541} INFO - Filling up the DagBag from /home/airflow/.local/lib/python3.7/site-packages/airflow/example_dags/example_complex.py
[2024-02-25T12:47:39.316+0000] {processor.py:836} INFO - DAG(s) dict_keys(['example_complex']) retrieved from /home/airflow/.local/lib/python3.7/site-packages/airflow/example_dags/example_complex.py
[2024-02-25T12:47:39.362+0000] {logging_mixin.py:150} INFO - [2024-02-25T12:47:39.362+0000] {dag.py:2742} INFO - Sync 1 DAGs
[2024-02-25T12:47:39.392+0000] {logging_mixin.py:150} INFO - [2024-02-25T12:47:39.392+0000] {dag.py:3508} INFO - Setting next_dagrun for example_complex to None, run_after=None
[2024-02-25T12:47:39.418+0000] {processor.py:179} INFO - Processing /home/airflow/.local/lib/python3.7/site-packages/airflow/example_dags/example_complex.py took 0.126 seconds
[2024-02-25T12:48:09.679+0000] {processor.py:157} INFO - Started process (PID=2713) to work on /home/airflow/.local/lib/python3.7/site-packages/airflow/example_dags/example_complex.py
[2024-02-25T12:48:09.680+0000] {processor.py:826} INFO - Processing file /home/airflow/.local/lib/python3.7/site-packages/airflow/example_dags/example_complex.py for tasks to queue
[2024-02-25T12:48:09.681+0000] {logging_mixin.py:150} INFO - [2024-02-25T12:48:09.681+0000] {dagbag.py:541} INFO - Filling up the DagBag from /home/airflow/.local/lib/python3.7/site-packages/airflow/example_dags/example_complex.py
[2024-02-25T12:48:09.697+0000] {processor.py:836} INFO - DAG(s) dict_keys(['example_complex']) retrieved from /home/airflow/.local/lib/python3.7/site-packages/airflow/example_dags/example_complex.py
[2024-02-25T12:48:09.738+0000] {logging_mixin.py:150} INFO - [2024-02-25T12:48:09.738+0000] {dag.py:2742} INFO - Sync 1 DAGs
[2024-02-25T12:48:09.779+0000] {logging_mixin.py:150} INFO - [2024-02-25T12:48:09.779+0000] {dag.py:3508} INFO - Setting next_dagrun for example_complex to None, run_after=None
[2024-02-25T12:48:09.807+0000] {processor.py:179} INFO - Processing /home/airflow/.local/lib/python3.7/site-packages/airflow/example_dags/example_complex.py took 0.133 seconds
[2024-02-25T12:48:40.257+0000] {processor.py:157} INFO - Started process (PID=2955) to work on /home/airflow/.local/lib/python3.7/site-packages/airflow/example_dags/example_complex.py
[2024-02-25T12:48:40.258+0000] {processor.py:826} INFO - Processing file /home/airflow/.local/lib/python3.7/site-packages/airflow/example_dags/example_complex.py for tasks to queue
[2024-02-25T12:48:40.259+0000] {logging_mixin.py:150} INFO - [2024-02-25T12:48:40.259+0000] {dagbag.py:541} INFO - Filling up the DagBag from /home/airflow/.local/lib/python3.7/site-packages/airflow/example_dags/example_complex.py
[2024-02-25T12:48:40.278+0000] {processor.py:836} INFO - DAG(s) dict_keys(['example_complex']) retrieved from /home/airflow/.local/lib/python3.7/site-packages/airflow/example_dags/example_complex.py
[2024-02-25T12:48:40.324+0000] {logging_mixin.py:150} INFO - [2024-02-25T12:48:40.323+0000] {dag.py:2742} INFO - Sync 1 DAGs
[2024-02-25T12:48:40.364+0000] {logging_mixin.py:150} INFO - [2024-02-25T12:48:40.363+0000] {dag.py:3508} INFO - Setting next_dagrun for example_complex to None, run_after=None
[2024-02-25T12:48:40.395+0000] {processor.py:179} INFO - Processing /home/airflow/.local/lib/python3.7/site-packages/airflow/example_dags/example_complex.py took 0.144 seconds
[2024-02-25T12:49:11.303+0000] {processor.py:157} INFO - Started process (PID=3196) to work on /home/airflow/.local/lib/python3.7/site-packages/airflow/example_dags/example_complex.py
[2024-02-25T12:49:11.305+0000] {processor.py:826} INFO - Processing file /home/airflow/.local/lib/python3.7/site-packages/airflow/example_dags/example_complex.py for tasks to queue
[2024-02-25T12:49:11.306+0000] {logging_mixin.py:150} INFO - [2024-02-25T12:49:11.305+0000] {dagbag.py:541} INFO - Filling up the DagBag from /home/airflow/.local/lib/python3.7/site-packages/airflow/example_dags/example_complex.py
[2024-02-25T12:49:11.328+0000] {processor.py:836} INFO - DAG(s) dict_keys(['example_complex']) retrieved from /home/airflow/.local/lib/python3.7/site-packages/airflow/example_dags/example_complex.py
[2024-02-25T12:49:11.387+0000] {logging_mixin.py:150} INFO - [2024-02-25T12:49:11.387+0000] {dag.py:2742} INFO - Sync 1 DAGs
[2024-02-25T12:49:11.430+0000] {logging_mixin.py:150} INFO - [2024-02-25T12:49:11.429+0000] {dag.py:3508} INFO - Setting next_dagrun for example_complex to None, run_after=None
[2024-02-25T12:49:11.461+0000] {processor.py:179} INFO - Processing /home/airflow/.local/lib/python3.7/site-packages/airflow/example_dags/example_complex.py took 0.163 seconds
[2024-02-25T12:49:41.694+0000] {processor.py:157} INFO - Started process (PID=3437) to work on /home/airflow/.local/lib/python3.7/site-packages/airflow/example_dags/example_complex.py
[2024-02-25T12:49:41.695+0000] {processor.py:826} INFO - Processing file /home/airflow/.local/lib/python3.7/site-packages/airflow/example_dags/example_complex.py for tasks to queue
[2024-02-25T12:49:41.695+0000] {logging_mixin.py:150} INFO - [2024-02-25T12:49:41.695+0000] {dagbag.py:541} INFO - Filling up the DagBag from /home/airflow/.local/lib/python3.7/site-packages/airflow/example_dags/example_complex.py
[2024-02-25T12:49:41.709+0000] {processor.py:836} INFO - DAG(s) dict_keys(['example_complex']) retrieved from /home/airflow/.local/lib/python3.7/site-packages/airflow/example_dags/example_complex.py
[2024-02-25T12:49:41.757+0000] {logging_mixin.py:150} INFO - [2024-02-25T12:49:41.757+0000] {dag.py:2742} INFO - Sync 1 DAGs
[2024-02-25T12:49:41.799+0000] {logging_mixin.py:150} INFO - [2024-02-25T12:49:41.798+0000] {dag.py:3508} INFO - Setting next_dagrun for example_complex to None, run_after=None
[2024-02-25T12:49:41.824+0000] {processor.py:179} INFO - Processing /home/airflow/.local/lib/python3.7/site-packages/airflow/example_dags/example_complex.py took 0.134 seconds
[2024-02-25T12:50:12.774+0000] {processor.py:157} INFO - Started process (PID=3678) to work on /home/airflow/.local/lib/python3.7/site-packages/airflow/example_dags/example_complex.py
[2024-02-25T12:50:12.776+0000] {processor.py:826} INFO - Processing file /home/airflow/.local/lib/python3.7/site-packages/airflow/example_dags/example_complex.py for tasks to queue
[2024-02-25T12:50:12.776+0000] {logging_mixin.py:150} INFO - [2024-02-25T12:50:12.776+0000] {dagbag.py:541} INFO - Filling up the DagBag from /home/airflow/.local/lib/python3.7/site-packages/airflow/example_dags/example_complex.py
[2024-02-25T12:50:12.795+0000] {processor.py:836} INFO - DAG(s) dict_keys(['example_complex']) retrieved from /home/airflow/.local/lib/python3.7/site-packages/airflow/example_dags/example_complex.py
[2024-02-25T12:50:12.842+0000] {logging_mixin.py:150} INFO - [2024-02-25T12:50:12.842+0000] {dag.py:2742} INFO - Sync 1 DAGs
[2024-02-25T12:50:12.875+0000] {logging_mixin.py:150} INFO - [2024-02-25T12:50:12.875+0000] {dag.py:3508} INFO - Setting next_dagrun for example_complex to None, run_after=None
[2024-02-25T12:50:12.900+0000] {processor.py:179} INFO - Processing /home/airflow/.local/lib/python3.7/site-packages/airflow/example_dags/example_complex.py took 0.129 seconds
[2024-02-25T12:50:43.392+0000] {processor.py:157} INFO - Started process (PID=3919) to work on /home/airflow/.local/lib/python3.7/site-packages/airflow/example_dags/example_complex.py
[2024-02-25T12:50:43.393+0000] {processor.py:826} INFO - Processing file /home/airflow/.local/lib/python3.7/site-packages/airflow/example_dags/example_complex.py for tasks to queue
[2024-02-25T12:50:43.394+0000] {logging_mixin.py:150} INFO - [2024-02-25T12:50:43.394+0000] {dagbag.py:541} INFO - Filling up the DagBag from /home/airflow/.local/lib/python3.7/site-packages/airflow/example_dags/example_complex.py
[2024-02-25T12:50:43.412+0000] {processor.py:836} INFO - DAG(s) dict_keys(['example_complex']) retrieved from /home/airflow/.local/lib/python3.7/site-packages/airflow/example_dags/example_complex.py
[2024-02-25T12:50:43.465+0000] {logging_mixin.py:150} INFO - [2024-02-25T12:50:43.465+0000] {dag.py:2742} INFO - Sync 1 DAGs
[2024-02-25T12:50:43.505+0000] {logging_mixin.py:150} INFO - [2024-02-25T12:50:43.505+0000] {dag.py:3508} INFO - Setting next_dagrun for example_complex to None, run_after=None
[2024-02-25T12:50:43.536+0000] {processor.py:179} INFO - Processing /home/airflow/.local/lib/python3.7/site-packages/airflow/example_dags/example_complex.py took 0.149 seconds
[2024-02-25T12:51:13.819+0000] {processor.py:157} INFO - Started process (PID=4160) to work on /home/airflow/.local/lib/python3.7/site-packages/airflow/example_dags/example_complex.py
[2024-02-25T12:51:13.820+0000] {processor.py:826} INFO - Processing file /home/airflow/.local/lib/python3.7/site-packages/airflow/example_dags/example_complex.py for tasks to queue
[2024-02-25T12:51:13.821+0000] {logging_mixin.py:150} INFO - [2024-02-25T12:51:13.821+0000] {dagbag.py:541} INFO - Filling up the DagBag from /home/airflow/.local/lib/python3.7/site-packages/airflow/example_dags/example_complex.py
[2024-02-25T12:51:13.840+0000] {processor.py:836} INFO - DAG(s) dict_keys(['example_complex']) retrieved from /home/airflow/.local/lib/python3.7/site-packages/airflow/example_dags/example_complex.py
[2024-02-25T12:51:13.877+0000] {logging_mixin.py:150} INFO - [2024-02-25T12:51:13.877+0000] {dag.py:2742} INFO - Sync 1 DAGs
[2024-02-25T12:51:13.921+0000] {logging_mixin.py:150} INFO - [2024-02-25T12:51:13.921+0000] {dag.py:3508} INFO - Setting next_dagrun for example_complex to None, run_after=None
[2024-02-25T12:51:13.945+0000] {processor.py:179} INFO - Processing /home/airflow/.local/lib/python3.7/site-packages/airflow/example_dags/example_complex.py took 0.130 seconds
[2024-02-25T12:51:44.586+0000] {processor.py:157} INFO - Started process (PID=4401) to work on /home/airflow/.local/lib/python3.7/site-packages/airflow/example_dags/example_complex.py
[2024-02-25T12:51:44.587+0000] {processor.py:826} INFO - Processing file /home/airflow/.local/lib/python3.7/site-packages/airflow/example_dags/example_complex.py for tasks to queue
[2024-02-25T12:51:44.588+0000] {logging_mixin.py:150} INFO - [2024-02-25T12:51:44.588+0000] {dagbag.py:541} INFO - Filling up the DagBag from /home/airflow/.local/lib/python3.7/site-packages/airflow/example_dags/example_complex.py
[2024-02-25T12:51:44.607+0000] {processor.py:836} INFO - DAG(s) dict_keys(['example_complex']) retrieved from /home/airflow/.local/lib/python3.7/site-packages/airflow/example_dags/example_complex.py
[2024-02-25T12:51:44.655+0000] {logging_mixin.py:150} INFO - [2024-02-25T12:51:44.655+0000] {dag.py:2742} INFO - Sync 1 DAGs
[2024-02-25T12:51:44.690+0000] {logging_mixin.py:150} INFO - [2024-02-25T12:51:44.690+0000] {dag.py:3508} INFO - Setting next_dagrun for example_complex to None, run_after=None
[2024-02-25T12:51:44.720+0000] {processor.py:179} INFO - Processing /home/airflow/.local/lib/python3.7/site-packages/airflow/example_dags/example_complex.py took 0.138 seconds
[2024-02-25T12:52:15.212+0000] {processor.py:157} INFO - Started process (PID=4642) to work on /home/airflow/.local/lib/python3.7/site-packages/airflow/example_dags/example_complex.py
[2024-02-25T12:52:15.213+0000] {processor.py:826} INFO - Processing file /home/airflow/.local/lib/python3.7/site-packages/airflow/example_dags/example_complex.py for tasks to queue
[2024-02-25T12:52:15.214+0000] {logging_mixin.py:150} INFO - [2024-02-25T12:52:15.214+0000] {dagbag.py:541} INFO - Filling up the DagBag from /home/airflow/.local/lib/python3.7/site-packages/airflow/example_dags/example_complex.py
[2024-02-25T12:52:15.229+0000] {processor.py:836} INFO - DAG(s) dict_keys(['example_complex']) retrieved from /home/airflow/.local/lib/python3.7/site-packages/airflow/example_dags/example_complex.py
[2024-02-25T12:52:15.282+0000] {logging_mixin.py:150} INFO - [2024-02-25T12:52:15.282+0000] {dag.py:2742} INFO - Sync 1 DAGs
[2024-02-25T12:52:15.318+0000] {logging_mixin.py:150} INFO - [2024-02-25T12:52:15.318+0000] {dag.py:3508} INFO - Setting next_dagrun for example_complex to None, run_after=None
[2024-02-25T12:52:15.345+0000] {processor.py:179} INFO - Processing /home/airflow/.local/lib/python3.7/site-packages/airflow/example_dags/example_complex.py took 0.138 seconds
[2024-02-25T12:52:45.733+0000] {processor.py:157} INFO - Started process (PID=4883) to work on /home/airflow/.local/lib/python3.7/site-packages/airflow/example_dags/example_complex.py
[2024-02-25T12:52:45.734+0000] {processor.py:826} INFO - Processing file /home/airflow/.local/lib/python3.7/site-packages/airflow/example_dags/example_complex.py for tasks to queue
[2024-02-25T12:52:45.734+0000] {logging_mixin.py:150} INFO - [2024-02-25T12:52:45.734+0000] {dagbag.py:541} INFO - Filling up the DagBag from /home/airflow/.local/lib/python3.7/site-packages/airflow/example_dags/example_complex.py
[2024-02-25T12:52:45.749+0000] {processor.py:836} INFO - DAG(s) dict_keys(['example_complex']) retrieved from /home/airflow/.local/lib/python3.7/site-packages/airflow/example_dags/example_complex.py
[2024-02-25T12:52:45.788+0000] {logging_mixin.py:150} INFO - [2024-02-25T12:52:45.787+0000] {dag.py:2742} INFO - Sync 1 DAGs
[2024-02-25T12:52:45.815+0000] {logging_mixin.py:150} INFO - [2024-02-25T12:52:45.815+0000] {dag.py:3508} INFO - Setting next_dagrun for example_complex to None, run_after=None
[2024-02-25T12:52:45.846+0000] {processor.py:179} INFO - Processing /home/airflow/.local/lib/python3.7/site-packages/airflow/example_dags/example_complex.py took 0.117 seconds
[2024-02-25T12:53:16.963+0000] {processor.py:157} INFO - Started process (PID=5126) to work on /home/airflow/.local/lib/python3.7/site-packages/airflow/example_dags/example_complex.py
[2024-02-25T12:53:16.965+0000] {processor.py:826} INFO - Processing file /home/airflow/.local/lib/python3.7/site-packages/airflow/example_dags/example_complex.py for tasks to queue
[2024-02-25T12:53:16.967+0000] {logging_mixin.py:150} INFO - [2024-02-25T12:53:16.966+0000] {dagbag.py:541} INFO - Filling up the DagBag from /home/airflow/.local/lib/python3.7/site-packages/airflow/example_dags/example_complex.py
[2024-02-25T12:53:16.992+0000] {processor.py:836} INFO - DAG(s) dict_keys(['example_complex']) retrieved from /home/airflow/.local/lib/python3.7/site-packages/airflow/example_dags/example_complex.py
[2024-02-25T12:53:17.061+0000] {logging_mixin.py:150} INFO - [2024-02-25T12:53:17.060+0000] {dag.py:2742} INFO - Sync 1 DAGs
[2024-02-25T12:53:17.095+0000] {logging_mixin.py:150} INFO - [2024-02-25T12:53:17.095+0000] {dag.py:3508} INFO - Setting next_dagrun for example_complex to None, run_after=None
[2024-02-25T12:53:17.125+0000] {processor.py:179} INFO - Processing /home/airflow/.local/lib/python3.7/site-packages/airflow/example_dags/example_complex.py took 0.169 seconds
[2024-02-25T12:53:47.921+0000] {processor.py:157} INFO - Started process (PID=5365) to work on /home/airflow/.local/lib/python3.7/site-packages/airflow/example_dags/example_complex.py
[2024-02-25T12:53:47.922+0000] {processor.py:826} INFO - Processing file /home/airflow/.local/lib/python3.7/site-packages/airflow/example_dags/example_complex.py for tasks to queue
[2024-02-25T12:53:47.923+0000] {logging_mixin.py:150} INFO - [2024-02-25T12:53:47.923+0000] {dagbag.py:541} INFO - Filling up the DagBag from /home/airflow/.local/lib/python3.7/site-packages/airflow/example_dags/example_complex.py
[2024-02-25T12:53:47.943+0000] {processor.py:836} INFO - DAG(s) dict_keys(['example_complex']) retrieved from /home/airflow/.local/lib/python3.7/site-packages/airflow/example_dags/example_complex.py
[2024-02-25T12:53:47.983+0000] {logging_mixin.py:150} INFO - [2024-02-25T12:53:47.983+0000] {dag.py:2742} INFO - Sync 1 DAGs
[2024-02-25T12:53:48.020+0000] {logging_mixin.py:150} INFO - [2024-02-25T12:53:48.020+0000] {dag.py:3508} INFO - Setting next_dagrun for example_complex to None, run_after=None
[2024-02-25T12:53:48.046+0000] {processor.py:179} INFO - Processing /home/airflow/.local/lib/python3.7/site-packages/airflow/example_dags/example_complex.py took 0.130 seconds
[2024-02-25T12:54:18.657+0000] {processor.py:157} INFO - Started process (PID=5606) to work on /home/airflow/.local/lib/python3.7/site-packages/airflow/example_dags/example_complex.py
[2024-02-25T12:54:18.658+0000] {processor.py:826} INFO - Processing file /home/airflow/.local/lib/python3.7/site-packages/airflow/example_dags/example_complex.py for tasks to queue
[2024-02-25T12:54:18.659+0000] {logging_mixin.py:150} INFO - [2024-02-25T12:54:18.658+0000] {dagbag.py:541} INFO - Filling up the DagBag from /home/airflow/.local/lib/python3.7/site-packages/airflow/example_dags/example_complex.py
[2024-02-25T12:54:18.673+0000] {processor.py:836} INFO - DAG(s) dict_keys(['example_complex']) retrieved from /home/airflow/.local/lib/python3.7/site-packages/airflow/example_dags/example_complex.py
[2024-02-25T12:54:18.711+0000] {logging_mixin.py:150} INFO - [2024-02-25T12:54:18.711+0000] {dag.py:2742} INFO - Sync 1 DAGs
[2024-02-25T12:54:18.755+0000] {logging_mixin.py:150} INFO - [2024-02-25T12:54:18.755+0000] {dag.py:3508} INFO - Setting next_dagrun for example_complex to None, run_after=None
[2024-02-25T12:54:18.778+0000] {processor.py:179} INFO - Processing /home/airflow/.local/lib/python3.7/site-packages/airflow/example_dags/example_complex.py took 0.125 seconds
[2024-02-25T12:54:49.156+0000] {processor.py:157} INFO - Started process (PID=5847) to work on /home/airflow/.local/lib/python3.7/site-packages/airflow/example_dags/example_complex.py
[2024-02-25T12:54:49.157+0000] {processor.py:826} INFO - Processing file /home/airflow/.local/lib/python3.7/site-packages/airflow/example_dags/example_complex.py for tasks to queue
[2024-02-25T12:54:49.158+0000] {logging_mixin.py:150} INFO - [2024-02-25T12:54:49.158+0000] {dagbag.py:541} INFO - Filling up the DagBag from /home/airflow/.local/lib/python3.7/site-packages/airflow/example_dags/example_complex.py
[2024-02-25T12:54:49.177+0000] {processor.py:836} INFO - DAG(s) dict_keys(['example_complex']) retrieved from /home/airflow/.local/lib/python3.7/site-packages/airflow/example_dags/example_complex.py
[2024-02-25T12:54:49.243+0000] {logging_mixin.py:150} INFO - [2024-02-25T12:54:49.243+0000] {dag.py:2742} INFO - Sync 1 DAGs
[2024-02-25T12:54:49.293+0000] {logging_mixin.py:150} INFO - [2024-02-25T12:54:49.292+0000] {dag.py:3508} INFO - Setting next_dagrun for example_complex to None, run_after=None
[2024-02-25T12:54:49.326+0000] {processor.py:179} INFO - Processing /home/airflow/.local/lib/python3.7/site-packages/airflow/example_dags/example_complex.py took 0.174 seconds
[2024-02-25T12:55:19.814+0000] {processor.py:157} INFO - Started process (PID=6087) to work on /home/airflow/.local/lib/python3.7/site-packages/airflow/example_dags/example_complex.py
[2024-02-25T12:55:19.816+0000] {processor.py:826} INFO - Processing file /home/airflow/.local/lib/python3.7/site-packages/airflow/example_dags/example_complex.py for tasks to queue
[2024-02-25T12:55:19.816+0000] {logging_mixin.py:150} INFO - [2024-02-25T12:55:19.816+0000] {dagbag.py:541} INFO - Filling up the DagBag from /home/airflow/.local/lib/python3.7/site-packages/airflow/example_dags/example_complex.py
[2024-02-25T12:55:19.830+0000] {processor.py:836} INFO - DAG(s) dict_keys(['example_complex']) retrieved from /home/airflow/.local/lib/python3.7/site-packages/airflow/example_dags/example_complex.py
[2024-02-25T12:55:19.873+0000] {logging_mixin.py:150} INFO - [2024-02-25T12:55:19.873+0000] {dag.py:2742} INFO - Sync 1 DAGs
[2024-02-25T12:55:19.915+0000] {logging_mixin.py:150} INFO - [2024-02-25T12:55:19.915+0000] {dag.py:3508} INFO - Setting next_dagrun for example_complex to None, run_after=None
[2024-02-25T12:55:19.943+0000] {processor.py:179} INFO - Processing /home/airflow/.local/lib/python3.7/site-packages/airflow/example_dags/example_complex.py took 0.133 seconds
[2024-02-25T12:55:50.704+0000] {processor.py:157} INFO - Started process (PID=6328) to work on /home/airflow/.local/lib/python3.7/site-packages/airflow/example_dags/example_complex.py
[2024-02-25T12:55:50.705+0000] {processor.py:826} INFO - Processing file /home/airflow/.local/lib/python3.7/site-packages/airflow/example_dags/example_complex.py for tasks to queue
[2024-02-25T12:55:50.706+0000] {logging_mixin.py:150} INFO - [2024-02-25T12:55:50.706+0000] {dagbag.py:541} INFO - Filling up the DagBag from /home/airflow/.local/lib/python3.7/site-packages/airflow/example_dags/example_complex.py
[2024-02-25T12:55:50.726+0000] {processor.py:836} INFO - DAG(s) dict_keys(['example_complex']) retrieved from /home/airflow/.local/lib/python3.7/site-packages/airflow/example_dags/example_complex.py
[2024-02-25T12:55:50.768+0000] {logging_mixin.py:150} INFO - [2024-02-25T12:55:50.768+0000] {dag.py:2742} INFO - Sync 1 DAGs
[2024-02-25T12:55:50.805+0000] {logging_mixin.py:150} INFO - [2024-02-25T12:55:50.805+0000] {dag.py:3508} INFO - Setting next_dagrun for example_complex to None, run_after=None
[2024-02-25T12:55:50.831+0000] {processor.py:179} INFO - Processing /home/airflow/.local/lib/python3.7/site-packages/airflow/example_dags/example_complex.py took 0.131 seconds
[2024-02-25T12:56:21.821+0000] {processor.py:157} INFO - Started process (PID=6576) to work on /home/airflow/.local/lib/python3.7/site-packages/airflow/example_dags/example_complex.py
[2024-02-25T12:56:21.822+0000] {processor.py:826} INFO - Processing file /home/airflow/.local/lib/python3.7/site-packages/airflow/example_dags/example_complex.py for tasks to queue
[2024-02-25T12:56:21.822+0000] {logging_mixin.py:150} INFO - [2024-02-25T12:56:21.822+0000] {dagbag.py:541} INFO - Filling up the DagBag from /home/airflow/.local/lib/python3.7/site-packages/airflow/example_dags/example_complex.py
[2024-02-25T12:56:21.835+0000] {processor.py:836} INFO - DAG(s) dict_keys(['example_complex']) retrieved from /home/airflow/.local/lib/python3.7/site-packages/airflow/example_dags/example_complex.py
[2024-02-25T12:56:21.873+0000] {logging_mixin.py:150} INFO - [2024-02-25T12:56:21.872+0000] {dag.py:2742} INFO - Sync 1 DAGs
[2024-02-25T12:56:21.904+0000] {logging_mixin.py:150} INFO - [2024-02-25T12:56:21.903+0000] {dag.py:3508} INFO - Setting next_dagrun for example_complex to None, run_after=None
[2024-02-25T12:56:21.929+0000] {processor.py:179} INFO - Processing /home/airflow/.local/lib/python3.7/site-packages/airflow/example_dags/example_complex.py took 0.112 seconds
[2024-02-25T12:56:52.181+0000] {processor.py:157} INFO - Started process (PID=6817) to work on /home/airflow/.local/lib/python3.7/site-packages/airflow/example_dags/example_complex.py
[2024-02-25T12:56:52.182+0000] {processor.py:826} INFO - Processing file /home/airflow/.local/lib/python3.7/site-packages/airflow/example_dags/example_complex.py for tasks to queue
[2024-02-25T12:56:52.182+0000] {logging_mixin.py:150} INFO - [2024-02-25T12:56:52.182+0000] {dagbag.py:541} INFO - Filling up the DagBag from /home/airflow/.local/lib/python3.7/site-packages/airflow/example_dags/example_complex.py
[2024-02-25T12:56:52.200+0000] {processor.py:836} INFO - DAG(s) dict_keys(['example_complex']) retrieved from /home/airflow/.local/lib/python3.7/site-packages/airflow/example_dags/example_complex.py
[2024-02-25T12:56:52.243+0000] {logging_mixin.py:150} INFO - [2024-02-25T12:56:52.242+0000] {dag.py:2742} INFO - Sync 1 DAGs
[2024-02-25T12:56:52.285+0000] {logging_mixin.py:150} INFO - [2024-02-25T12:56:52.284+0000] {dag.py:3508} INFO - Setting next_dagrun for example_complex to None, run_after=None
[2024-02-25T12:56:52.315+0000] {processor.py:179} INFO - Processing /home/airflow/.local/lib/python3.7/site-packages/airflow/example_dags/example_complex.py took 0.137 seconds
