[2024-02-25T12:43:03.459+0000] {processor.py:157} INFO - Started process (PID=366) to work on /home/airflow/.local/lib/python3.7/site-packages/airflow/example_dags/example_external_task_marker_dag.py
[2024-02-25T12:43:03.459+0000] {processor.py:826} INFO - Processing file /home/airflow/.local/lib/python3.7/site-packages/airflow/example_dags/example_external_task_marker_dag.py for tasks to queue
[2024-02-25T12:43:03.461+0000] {logging_mixin.py:150} INFO - [2024-02-25T12:43:03.460+0000] {dagbag.py:541} INFO - Filling up the DagBag from /home/airflow/.local/lib/python3.7/site-packages/airflow/example_dags/example_external_task_marker_dag.py
[2024-02-25T12:43:03.469+0000] {processor.py:836} INFO - DAG(s) dict_keys(['example_external_task_marker_child', 'example_external_task_marker_parent']) retrieved from /home/airflow/.local/lib/python3.7/site-packages/airflow/example_dags/example_external_task_marker_dag.py
[2024-02-25T12:43:03.491+0000] {logging_mixin.py:150} INFO - [2024-02-25T12:43:03.491+0000] {dag.py:2742} INFO - Sync 2 DAGs
[2024-02-25T12:43:03.545+0000] {logging_mixin.py:150} INFO - [2024-02-25T12:43:03.545+0000] {dag.py:3508} INFO - Setting next_dagrun for example_external_task_marker_child to None, run_after=None
[2024-02-25T12:43:03.550+0000] {logging_mixin.py:150} INFO - [2024-02-25T12:43:03.550+0000] {dag.py:3508} INFO - Setting next_dagrun for example_external_task_marker_parent to None, run_after=None
[2024-02-25T12:43:03.589+0000] {processor.py:179} INFO - Processing /home/airflow/.local/lib/python3.7/site-packages/airflow/example_dags/example_external_task_marker_dag.py took 0.136 seconds
[2024-02-25T12:43:34.450+0000] {processor.py:157} INFO - Started process (PID=606) to work on /home/airflow/.local/lib/python3.7/site-packages/airflow/example_dags/example_external_task_marker_dag.py
[2024-02-25T12:43:34.451+0000] {processor.py:826} INFO - Processing file /home/airflow/.local/lib/python3.7/site-packages/airflow/example_dags/example_external_task_marker_dag.py for tasks to queue
[2024-02-25T12:43:34.452+0000] {logging_mixin.py:150} INFO - [2024-02-25T12:43:34.452+0000] {dagbag.py:541} INFO - Filling up the DagBag from /home/airflow/.local/lib/python3.7/site-packages/airflow/example_dags/example_external_task_marker_dag.py
[2024-02-25T12:43:34.459+0000] {processor.py:836} INFO - DAG(s) dict_keys(['example_external_task_marker_parent', 'example_external_task_marker_child']) retrieved from /home/airflow/.local/lib/python3.7/site-packages/airflow/example_dags/example_external_task_marker_dag.py
[2024-02-25T12:43:34.495+0000] {logging_mixin.py:150} INFO - [2024-02-25T12:43:34.495+0000] {dag.py:2742} INFO - Sync 2 DAGs
[2024-02-25T12:43:34.533+0000] {logging_mixin.py:150} INFO - [2024-02-25T12:43:34.533+0000] {dag.py:3508} INFO - Setting next_dagrun for example_external_task_marker_child to None, run_after=None
[2024-02-25T12:43:34.538+0000] {logging_mixin.py:150} INFO - [2024-02-25T12:43:34.538+0000] {dag.py:3508} INFO - Setting next_dagrun for example_external_task_marker_parent to None, run_after=None
[2024-02-25T12:43:34.564+0000] {processor.py:179} INFO - Processing /home/airflow/.local/lib/python3.7/site-packages/airflow/example_dags/example_external_task_marker_dag.py took 0.118 seconds
[2024-02-25T12:44:05.796+0000] {processor.py:157} INFO - Started process (PID=848) to work on /home/airflow/.local/lib/python3.7/site-packages/airflow/example_dags/example_external_task_marker_dag.py
[2024-02-25T12:44:05.797+0000] {processor.py:826} INFO - Processing file /home/airflow/.local/lib/python3.7/site-packages/airflow/example_dags/example_external_task_marker_dag.py for tasks to queue
[2024-02-25T12:44:05.798+0000] {logging_mixin.py:150} INFO - [2024-02-25T12:44:05.798+0000] {dagbag.py:541} INFO - Filling up the DagBag from /home/airflow/.local/lib/python3.7/site-packages/airflow/example_dags/example_external_task_marker_dag.py
[2024-02-25T12:44:05.804+0000] {processor.py:836} INFO - DAG(s) dict_keys(['example_external_task_marker_parent', 'example_external_task_marker_child']) retrieved from /home/airflow/.local/lib/python3.7/site-packages/airflow/example_dags/example_external_task_marker_dag.py
[2024-02-25T12:44:05.825+0000] {logging_mixin.py:150} INFO - [2024-02-25T12:44:05.825+0000] {dag.py:2742} INFO - Sync 2 DAGs
[2024-02-25T12:44:05.861+0000] {logging_mixin.py:150} INFO - [2024-02-25T12:44:05.861+0000] {dag.py:3508} INFO - Setting next_dagrun for example_external_task_marker_child to None, run_after=None
[2024-02-25T12:44:05.866+0000] {logging_mixin.py:150} INFO - [2024-02-25T12:44:05.866+0000] {dag.py:3508} INFO - Setting next_dagrun for example_external_task_marker_parent to None, run_after=None
[2024-02-25T12:44:05.893+0000] {processor.py:179} INFO - Processing /home/airflow/.local/lib/python3.7/site-packages/airflow/example_dags/example_external_task_marker_dag.py took 0.102 seconds
[2024-02-25T12:44:36.768+0000] {processor.py:157} INFO - Started process (PID=1089) to work on /home/airflow/.local/lib/python3.7/site-packages/airflow/example_dags/example_external_task_marker_dag.py
[2024-02-25T12:44:36.770+0000] {processor.py:826} INFO - Processing file /home/airflow/.local/lib/python3.7/site-packages/airflow/example_dags/example_external_task_marker_dag.py for tasks to queue
[2024-02-25T12:44:36.771+0000] {logging_mixin.py:150} INFO - [2024-02-25T12:44:36.770+0000] {dagbag.py:541} INFO - Filling up the DagBag from /home/airflow/.local/lib/python3.7/site-packages/airflow/example_dags/example_external_task_marker_dag.py
[2024-02-25T12:44:36.781+0000] {processor.py:836} INFO - DAG(s) dict_keys(['example_external_task_marker_child', 'example_external_task_marker_parent']) retrieved from /home/airflow/.local/lib/python3.7/site-packages/airflow/example_dags/example_external_task_marker_dag.py
[2024-02-25T12:44:36.829+0000] {logging_mixin.py:150} INFO - [2024-02-25T12:44:36.829+0000] {dag.py:2742} INFO - Sync 2 DAGs
[2024-02-25T12:44:36.869+0000] {logging_mixin.py:150} INFO - [2024-02-25T12:44:36.868+0000] {dag.py:3508} INFO - Setting next_dagrun for example_external_task_marker_child to None, run_after=None
[2024-02-25T12:44:36.874+0000] {logging_mixin.py:150} INFO - [2024-02-25T12:44:36.874+0000] {dag.py:3508} INFO - Setting next_dagrun for example_external_task_marker_parent to None, run_after=None
[2024-02-25T12:44:36.906+0000] {processor.py:179} INFO - Processing /home/airflow/.local/lib/python3.7/site-packages/airflow/example_dags/example_external_task_marker_dag.py took 0.144 seconds
[2024-02-25T12:45:07.801+0000] {processor.py:157} INFO - Started process (PID=1330) to work on /home/airflow/.local/lib/python3.7/site-packages/airflow/example_dags/example_external_task_marker_dag.py
[2024-02-25T12:45:07.802+0000] {processor.py:826} INFO - Processing file /home/airflow/.local/lib/python3.7/site-packages/airflow/example_dags/example_external_task_marker_dag.py for tasks to queue
[2024-02-25T12:45:07.803+0000] {logging_mixin.py:150} INFO - [2024-02-25T12:45:07.802+0000] {dagbag.py:541} INFO - Filling up the DagBag from /home/airflow/.local/lib/python3.7/site-packages/airflow/example_dags/example_external_task_marker_dag.py
[2024-02-25T12:45:07.810+0000] {processor.py:836} INFO - DAG(s) dict_keys(['example_external_task_marker_child', 'example_external_task_marker_parent']) retrieved from /home/airflow/.local/lib/python3.7/site-packages/airflow/example_dags/example_external_task_marker_dag.py
[2024-02-25T12:45:07.847+0000] {logging_mixin.py:150} INFO - [2024-02-25T12:45:07.847+0000] {dag.py:2742} INFO - Sync 2 DAGs
[2024-02-25T12:45:07.895+0000] {logging_mixin.py:150} INFO - [2024-02-25T12:45:07.895+0000] {dag.py:3508} INFO - Setting next_dagrun for example_external_task_marker_child to None, run_after=None
[2024-02-25T12:45:07.902+0000] {logging_mixin.py:150} INFO - [2024-02-25T12:45:07.902+0000] {dag.py:3508} INFO - Setting next_dagrun for example_external_task_marker_parent to None, run_after=None
[2024-02-25T12:45:07.936+0000] {processor.py:179} INFO - Processing /home/airflow/.local/lib/python3.7/site-packages/airflow/example_dags/example_external_task_marker_dag.py took 0.139 seconds
[2024-02-25T12:45:38.302+0000] {processor.py:157} INFO - Started process (PID=1583) to work on /home/airflow/.local/lib/python3.7/site-packages/airflow/example_dags/example_external_task_marker_dag.py
[2024-02-25T12:45:38.303+0000] {processor.py:826} INFO - Processing file /home/airflow/.local/lib/python3.7/site-packages/airflow/example_dags/example_external_task_marker_dag.py for tasks to queue
[2024-02-25T12:45:38.304+0000] {logging_mixin.py:150} INFO - [2024-02-25T12:45:38.304+0000] {dagbag.py:541} INFO - Filling up the DagBag from /home/airflow/.local/lib/python3.7/site-packages/airflow/example_dags/example_external_task_marker_dag.py
[2024-02-25T12:45:38.310+0000] {processor.py:836} INFO - DAG(s) dict_keys(['example_external_task_marker_child', 'example_external_task_marker_parent']) retrieved from /home/airflow/.local/lib/python3.7/site-packages/airflow/example_dags/example_external_task_marker_dag.py
[2024-02-25T12:45:38.347+0000] {logging_mixin.py:150} INFO - [2024-02-25T12:45:38.347+0000] {dag.py:2742} INFO - Sync 2 DAGs
[2024-02-25T12:45:38.391+0000] {logging_mixin.py:150} INFO - [2024-02-25T12:45:38.391+0000] {dag.py:3508} INFO - Setting next_dagrun for example_external_task_marker_child to None, run_after=None
[2024-02-25T12:45:38.400+0000] {logging_mixin.py:150} INFO - [2024-02-25T12:45:38.400+0000] {dag.py:3508} INFO - Setting next_dagrun for example_external_task_marker_parent to None, run_after=None
[2024-02-25T12:45:38.431+0000] {processor.py:179} INFO - Processing /home/airflow/.local/lib/python3.7/site-packages/airflow/example_dags/example_external_task_marker_dag.py took 0.134 seconds
[2024-02-25T12:46:08.873+0000] {processor.py:157} INFO - Started process (PID=1819) to work on /home/airflow/.local/lib/python3.7/site-packages/airflow/example_dags/example_external_task_marker_dag.py
[2024-02-25T12:46:08.874+0000] {processor.py:826} INFO - Processing file /home/airflow/.local/lib/python3.7/site-packages/airflow/example_dags/example_external_task_marker_dag.py for tasks to queue
[2024-02-25T12:46:08.874+0000] {logging_mixin.py:150} INFO - [2024-02-25T12:46:08.874+0000] {dagbag.py:541} INFO - Filling up the DagBag from /home/airflow/.local/lib/python3.7/site-packages/airflow/example_dags/example_external_task_marker_dag.py
[2024-02-25T12:46:08.883+0000] {processor.py:836} INFO - DAG(s) dict_keys(['example_external_task_marker_child', 'example_external_task_marker_parent']) retrieved from /home/airflow/.local/lib/python3.7/site-packages/airflow/example_dags/example_external_task_marker_dag.py
[2024-02-25T12:46:08.921+0000] {logging_mixin.py:150} INFO - [2024-02-25T12:46:08.921+0000] {dag.py:2742} INFO - Sync 2 DAGs
[2024-02-25T12:46:08.965+0000] {logging_mixin.py:150} INFO - [2024-02-25T12:46:08.965+0000] {dag.py:3508} INFO - Setting next_dagrun for example_external_task_marker_child to None, run_after=None
[2024-02-25T12:46:08.971+0000] {logging_mixin.py:150} INFO - [2024-02-25T12:46:08.971+0000] {dag.py:3508} INFO - Setting next_dagrun for example_external_task_marker_parent to None, run_after=None
[2024-02-25T12:46:09.004+0000] {processor.py:179} INFO - Processing /home/airflow/.local/lib/python3.7/site-packages/airflow/example_dags/example_external_task_marker_dag.py took 0.135 seconds
[2024-02-25T12:46:39.380+0000] {processor.py:157} INFO - Started process (PID=2060) to work on /home/airflow/.local/lib/python3.7/site-packages/airflow/example_dags/example_external_task_marker_dag.py
[2024-02-25T12:46:39.380+0000] {processor.py:826} INFO - Processing file /home/airflow/.local/lib/python3.7/site-packages/airflow/example_dags/example_external_task_marker_dag.py for tasks to queue
[2024-02-25T12:46:39.381+0000] {logging_mixin.py:150} INFO - [2024-02-25T12:46:39.381+0000] {dagbag.py:541} INFO - Filling up the DagBag from /home/airflow/.local/lib/python3.7/site-packages/airflow/example_dags/example_external_task_marker_dag.py
[2024-02-25T12:46:39.389+0000] {processor.py:836} INFO - DAG(s) dict_keys(['example_external_task_marker_child', 'example_external_task_marker_parent']) retrieved from /home/airflow/.local/lib/python3.7/site-packages/airflow/example_dags/example_external_task_marker_dag.py
[2024-02-25T12:46:39.440+0000] {logging_mixin.py:150} INFO - [2024-02-25T12:46:39.440+0000] {dag.py:2742} INFO - Sync 2 DAGs
[2024-02-25T12:46:39.494+0000] {logging_mixin.py:150} INFO - [2024-02-25T12:46:39.493+0000] {dag.py:3508} INFO - Setting next_dagrun for example_external_task_marker_child to None, run_after=None
[2024-02-25T12:46:39.503+0000] {logging_mixin.py:150} INFO - [2024-02-25T12:46:39.502+0000] {dag.py:3508} INFO - Setting next_dagrun for example_external_task_marker_parent to None, run_after=None
[2024-02-25T12:46:39.554+0000] {processor.py:179} INFO - Processing /home/airflow/.local/lib/python3.7/site-packages/airflow/example_dags/example_external_task_marker_dag.py took 0.181 seconds
[2024-02-25T12:47:10.737+0000] {processor.py:157} INFO - Started process (PID=2301) to work on /home/airflow/.local/lib/python3.7/site-packages/airflow/example_dags/example_external_task_marker_dag.py
[2024-02-25T12:47:10.740+0000] {processor.py:826} INFO - Processing file /home/airflow/.local/lib/python3.7/site-packages/airflow/example_dags/example_external_task_marker_dag.py for tasks to queue
[2024-02-25T12:47:10.742+0000] {logging_mixin.py:150} INFO - [2024-02-25T12:47:10.741+0000] {dagbag.py:541} INFO - Filling up the DagBag from /home/airflow/.local/lib/python3.7/site-packages/airflow/example_dags/example_external_task_marker_dag.py
[2024-02-25T12:47:10.748+0000] {processor.py:836} INFO - DAG(s) dict_keys(['example_external_task_marker_parent', 'example_external_task_marker_child']) retrieved from /home/airflow/.local/lib/python3.7/site-packages/airflow/example_dags/example_external_task_marker_dag.py
[2024-02-25T12:47:10.794+0000] {logging_mixin.py:150} INFO - [2024-02-25T12:47:10.794+0000] {dag.py:2742} INFO - Sync 2 DAGs
[2024-02-25T12:47:10.846+0000] {logging_mixin.py:150} INFO - [2024-02-25T12:47:10.846+0000] {dag.py:3508} INFO - Setting next_dagrun for example_external_task_marker_child to None, run_after=None
[2024-02-25T12:47:10.854+0000] {logging_mixin.py:150} INFO - [2024-02-25T12:47:10.853+0000] {dag.py:3508} INFO - Setting next_dagrun for example_external_task_marker_parent to None, run_after=None
[2024-02-25T12:47:10.895+0000] {processor.py:179} INFO - Processing /home/airflow/.local/lib/python3.7/site-packages/airflow/example_dags/example_external_task_marker_dag.py took 0.164 seconds
[2024-02-25T12:47:41.498+0000] {processor.py:157} INFO - Started process (PID=2542) to work on /home/airflow/.local/lib/python3.7/site-packages/airflow/example_dags/example_external_task_marker_dag.py
[2024-02-25T12:47:41.499+0000] {processor.py:826} INFO - Processing file /home/airflow/.local/lib/python3.7/site-packages/airflow/example_dags/example_external_task_marker_dag.py for tasks to queue
[2024-02-25T12:47:41.499+0000] {logging_mixin.py:150} INFO - [2024-02-25T12:47:41.499+0000] {dagbag.py:541} INFO - Filling up the DagBag from /home/airflow/.local/lib/python3.7/site-packages/airflow/example_dags/example_external_task_marker_dag.py
[2024-02-25T12:47:41.505+0000] {processor.py:836} INFO - DAG(s) dict_keys(['example_external_task_marker_child', 'example_external_task_marker_parent']) retrieved from /home/airflow/.local/lib/python3.7/site-packages/airflow/example_dags/example_external_task_marker_dag.py
[2024-02-25T12:47:41.537+0000] {logging_mixin.py:150} INFO - [2024-02-25T12:47:41.537+0000] {dag.py:2742} INFO - Sync 2 DAGs
[2024-02-25T12:47:41.568+0000] {logging_mixin.py:150} INFO - [2024-02-25T12:47:41.568+0000] {dag.py:3508} INFO - Setting next_dagrun for example_external_task_marker_child to None, run_after=None
[2024-02-25T12:47:41.573+0000] {logging_mixin.py:150} INFO - [2024-02-25T12:47:41.573+0000] {dag.py:3508} INFO - Setting next_dagrun for example_external_task_marker_parent to None, run_after=None
[2024-02-25T12:47:41.596+0000] {processor.py:179} INFO - Processing /home/airflow/.local/lib/python3.7/site-packages/airflow/example_dags/example_external_task_marker_dag.py took 0.101 seconds
[2024-02-25T12:48:12.032+0000] {processor.py:157} INFO - Started process (PID=2783) to work on /home/airflow/.local/lib/python3.7/site-packages/airflow/example_dags/example_external_task_marker_dag.py
[2024-02-25T12:48:12.033+0000] {processor.py:826} INFO - Processing file /home/airflow/.local/lib/python3.7/site-packages/airflow/example_dags/example_external_task_marker_dag.py for tasks to queue
[2024-02-25T12:48:12.034+0000] {logging_mixin.py:150} INFO - [2024-02-25T12:48:12.034+0000] {dagbag.py:541} INFO - Filling up the DagBag from /home/airflow/.local/lib/python3.7/site-packages/airflow/example_dags/example_external_task_marker_dag.py
[2024-02-25T12:48:12.039+0000] {processor.py:836} INFO - DAG(s) dict_keys(['example_external_task_marker_parent', 'example_external_task_marker_child']) retrieved from /home/airflow/.local/lib/python3.7/site-packages/airflow/example_dags/example_external_task_marker_dag.py
[2024-02-25T12:48:12.079+0000] {logging_mixin.py:150} INFO - [2024-02-25T12:48:12.079+0000] {dag.py:2742} INFO - Sync 2 DAGs
[2024-02-25T12:48:12.111+0000] {logging_mixin.py:150} INFO - [2024-02-25T12:48:12.111+0000] {dag.py:3508} INFO - Setting next_dagrun for example_external_task_marker_child to None, run_after=None
[2024-02-25T12:48:12.115+0000] {logging_mixin.py:150} INFO - [2024-02-25T12:48:12.114+0000] {dag.py:3508} INFO - Setting next_dagrun for example_external_task_marker_parent to None, run_after=None
[2024-02-25T12:48:12.136+0000] {processor.py:179} INFO - Processing /home/airflow/.local/lib/python3.7/site-packages/airflow/example_dags/example_external_task_marker_dag.py took 0.108 seconds
[2024-02-25T12:48:42.639+0000] {processor.py:157} INFO - Started process (PID=3025) to work on /home/airflow/.local/lib/python3.7/site-packages/airflow/example_dags/example_external_task_marker_dag.py
[2024-02-25T12:48:42.640+0000] {processor.py:826} INFO - Processing file /home/airflow/.local/lib/python3.7/site-packages/airflow/example_dags/example_external_task_marker_dag.py for tasks to queue
[2024-02-25T12:48:42.641+0000] {logging_mixin.py:150} INFO - [2024-02-25T12:48:42.641+0000] {dagbag.py:541} INFO - Filling up the DagBag from /home/airflow/.local/lib/python3.7/site-packages/airflow/example_dags/example_external_task_marker_dag.py
[2024-02-25T12:48:42.648+0000] {processor.py:836} INFO - DAG(s) dict_keys(['example_external_task_marker_child', 'example_external_task_marker_parent']) retrieved from /home/airflow/.local/lib/python3.7/site-packages/airflow/example_dags/example_external_task_marker_dag.py
[2024-02-25T12:48:42.690+0000] {logging_mixin.py:150} INFO - [2024-02-25T12:48:42.689+0000] {dag.py:2742} INFO - Sync 2 DAGs
[2024-02-25T12:48:42.732+0000] {logging_mixin.py:150} INFO - [2024-02-25T12:48:42.732+0000] {dag.py:3508} INFO - Setting next_dagrun for example_external_task_marker_child to None, run_after=None
[2024-02-25T12:48:42.736+0000] {logging_mixin.py:150} INFO - [2024-02-25T12:48:42.736+0000] {dag.py:3508} INFO - Setting next_dagrun for example_external_task_marker_parent to None, run_after=None
[2024-02-25T12:48:42.762+0000] {processor.py:179} INFO - Processing /home/airflow/.local/lib/python3.7/site-packages/airflow/example_dags/example_external_task_marker_dag.py took 0.126 seconds
[2024-02-25T12:49:13.226+0000] {processor.py:157} INFO - Started process (PID=3266) to work on /home/airflow/.local/lib/python3.7/site-packages/airflow/example_dags/example_external_task_marker_dag.py
[2024-02-25T12:49:13.230+0000] {processor.py:826} INFO - Processing file /home/airflow/.local/lib/python3.7/site-packages/airflow/example_dags/example_external_task_marker_dag.py for tasks to queue
[2024-02-25T12:49:13.231+0000] {logging_mixin.py:150} INFO - [2024-02-25T12:49:13.231+0000] {dagbag.py:541} INFO - Filling up the DagBag from /home/airflow/.local/lib/python3.7/site-packages/airflow/example_dags/example_external_task_marker_dag.py
[2024-02-25T12:49:13.253+0000] {processor.py:836} INFO - DAG(s) dict_keys(['example_external_task_marker_parent', 'example_external_task_marker_child']) retrieved from /home/airflow/.local/lib/python3.7/site-packages/airflow/example_dags/example_external_task_marker_dag.py
[2024-02-25T12:49:13.338+0000] {logging_mixin.py:150} INFO - [2024-02-25T12:49:13.337+0000] {dag.py:2742} INFO - Sync 2 DAGs
[2024-02-25T12:49:13.414+0000] {logging_mixin.py:150} INFO - [2024-02-25T12:49:13.413+0000] {dag.py:3508} INFO - Setting next_dagrun for example_external_task_marker_child to None, run_after=None
[2024-02-25T12:49:13.424+0000] {logging_mixin.py:150} INFO - [2024-02-25T12:49:13.424+0000] {dag.py:3508} INFO - Setting next_dagrun for example_external_task_marker_parent to None, run_after=None
[2024-02-25T12:49:13.457+0000] {processor.py:179} INFO - Processing /home/airflow/.local/lib/python3.7/site-packages/airflow/example_dags/example_external_task_marker_dag.py took 0.236 seconds
[2024-02-25T12:49:43.869+0000] {processor.py:157} INFO - Started process (PID=3507) to work on /home/airflow/.local/lib/python3.7/site-packages/airflow/example_dags/example_external_task_marker_dag.py
[2024-02-25T12:49:43.870+0000] {processor.py:826} INFO - Processing file /home/airflow/.local/lib/python3.7/site-packages/airflow/example_dags/example_external_task_marker_dag.py for tasks to queue
[2024-02-25T12:49:43.871+0000] {logging_mixin.py:150} INFO - [2024-02-25T12:49:43.871+0000] {dagbag.py:541} INFO - Filling up the DagBag from /home/airflow/.local/lib/python3.7/site-packages/airflow/example_dags/example_external_task_marker_dag.py
[2024-02-25T12:49:43.876+0000] {processor.py:836} INFO - DAG(s) dict_keys(['example_external_task_marker_parent', 'example_external_task_marker_child']) retrieved from /home/airflow/.local/lib/python3.7/site-packages/airflow/example_dags/example_external_task_marker_dag.py
[2024-02-25T12:49:43.906+0000] {logging_mixin.py:150} INFO - [2024-02-25T12:49:43.906+0000] {dag.py:2742} INFO - Sync 2 DAGs
[2024-02-25T12:49:43.936+0000] {logging_mixin.py:150} INFO - [2024-02-25T12:49:43.935+0000] {dag.py:3508} INFO - Setting next_dagrun for example_external_task_marker_child to None, run_after=None
[2024-02-25T12:49:43.940+0000] {logging_mixin.py:150} INFO - [2024-02-25T12:49:43.939+0000] {dag.py:3508} INFO - Setting next_dagrun for example_external_task_marker_parent to None, run_after=None
[2024-02-25T12:49:43.964+0000] {processor.py:179} INFO - Processing /home/airflow/.local/lib/python3.7/site-packages/airflow/example_dags/example_external_task_marker_dag.py took 0.099 seconds
[2024-02-25T12:50:14.943+0000] {processor.py:157} INFO - Started process (PID=3748) to work on /home/airflow/.local/lib/python3.7/site-packages/airflow/example_dags/example_external_task_marker_dag.py
[2024-02-25T12:50:14.944+0000] {processor.py:826} INFO - Processing file /home/airflow/.local/lib/python3.7/site-packages/airflow/example_dags/example_external_task_marker_dag.py for tasks to queue
[2024-02-25T12:50:14.945+0000] {logging_mixin.py:150} INFO - [2024-02-25T12:50:14.945+0000] {dagbag.py:541} INFO - Filling up the DagBag from /home/airflow/.local/lib/python3.7/site-packages/airflow/example_dags/example_external_task_marker_dag.py
[2024-02-25T12:50:14.952+0000] {processor.py:836} INFO - DAG(s) dict_keys(['example_external_task_marker_child', 'example_external_task_marker_parent']) retrieved from /home/airflow/.local/lib/python3.7/site-packages/airflow/example_dags/example_external_task_marker_dag.py
[2024-02-25T12:50:14.988+0000] {logging_mixin.py:150} INFO - [2024-02-25T12:50:14.988+0000] {dag.py:2742} INFO - Sync 2 DAGs
[2024-02-25T12:50:15.026+0000] {logging_mixin.py:150} INFO - [2024-02-25T12:50:15.025+0000] {dag.py:3508} INFO - Setting next_dagrun for example_external_task_marker_child to None, run_after=None
[2024-02-25T12:50:15.030+0000] {logging_mixin.py:150} INFO - [2024-02-25T12:50:15.030+0000] {dag.py:3508} INFO - Setting next_dagrun for example_external_task_marker_parent to None, run_after=None
[2024-02-25T12:50:15.058+0000] {processor.py:179} INFO - Processing /home/airflow/.local/lib/python3.7/site-packages/airflow/example_dags/example_external_task_marker_dag.py took 0.120 seconds
[2024-02-25T12:50:45.853+0000] {processor.py:157} INFO - Started process (PID=3989) to work on /home/airflow/.local/lib/python3.7/site-packages/airflow/example_dags/example_external_task_marker_dag.py
[2024-02-25T12:50:45.856+0000] {processor.py:826} INFO - Processing file /home/airflow/.local/lib/python3.7/site-packages/airflow/example_dags/example_external_task_marker_dag.py for tasks to queue
[2024-02-25T12:50:45.857+0000] {logging_mixin.py:150} INFO - [2024-02-25T12:50:45.857+0000] {dagbag.py:541} INFO - Filling up the DagBag from /home/airflow/.local/lib/python3.7/site-packages/airflow/example_dags/example_external_task_marker_dag.py
[2024-02-25T12:50:45.867+0000] {processor.py:836} INFO - DAG(s) dict_keys(['example_external_task_marker_parent', 'example_external_task_marker_child']) retrieved from /home/airflow/.local/lib/python3.7/site-packages/airflow/example_dags/example_external_task_marker_dag.py
[2024-02-25T12:50:45.916+0000] {logging_mixin.py:150} INFO - [2024-02-25T12:50:45.916+0000] {dag.py:2742} INFO - Sync 2 DAGs
[2024-02-25T12:50:45.963+0000] {logging_mixin.py:150} INFO - [2024-02-25T12:50:45.962+0000] {dag.py:3508} INFO - Setting next_dagrun for example_external_task_marker_child to None, run_after=None
[2024-02-25T12:50:45.970+0000] {logging_mixin.py:150} INFO - [2024-02-25T12:50:45.970+0000] {dag.py:3508} INFO - Setting next_dagrun for example_external_task_marker_parent to None, run_after=None
[2024-02-25T12:50:45.996+0000] {processor.py:179} INFO - Processing /home/airflow/.local/lib/python3.7/site-packages/airflow/example_dags/example_external_task_marker_dag.py took 0.149 seconds
[2024-02-25T12:51:16.979+0000] {processor.py:157} INFO - Started process (PID=4230) to work on /home/airflow/.local/lib/python3.7/site-packages/airflow/example_dags/example_external_task_marker_dag.py
[2024-02-25T12:51:16.980+0000] {processor.py:826} INFO - Processing file /home/airflow/.local/lib/python3.7/site-packages/airflow/example_dags/example_external_task_marker_dag.py for tasks to queue
[2024-02-25T12:51:16.981+0000] {logging_mixin.py:150} INFO - [2024-02-25T12:51:16.981+0000] {dagbag.py:541} INFO - Filling up the DagBag from /home/airflow/.local/lib/python3.7/site-packages/airflow/example_dags/example_external_task_marker_dag.py
[2024-02-25T12:51:16.988+0000] {processor.py:836} INFO - DAG(s) dict_keys(['example_external_task_marker_parent', 'example_external_task_marker_child']) retrieved from /home/airflow/.local/lib/python3.7/site-packages/airflow/example_dags/example_external_task_marker_dag.py
[2024-02-25T12:51:17.021+0000] {logging_mixin.py:150} INFO - [2024-02-25T12:51:17.021+0000] {dag.py:2742} INFO - Sync 2 DAGs
[2024-02-25T12:51:17.054+0000] {logging_mixin.py:150} INFO - [2024-02-25T12:51:17.054+0000] {dag.py:3508} INFO - Setting next_dagrun for example_external_task_marker_child to None, run_after=None
[2024-02-25T12:51:17.058+0000] {logging_mixin.py:150} INFO - [2024-02-25T12:51:17.058+0000] {dag.py:3508} INFO - Setting next_dagrun for example_external_task_marker_parent to None, run_after=None
[2024-02-25T12:51:17.081+0000] {processor.py:179} INFO - Processing /home/airflow/.local/lib/python3.7/site-packages/airflow/example_dags/example_external_task_marker_dag.py took 0.106 seconds
[2024-02-25T12:51:47.788+0000] {processor.py:157} INFO - Started process (PID=4471) to work on /home/airflow/.local/lib/python3.7/site-packages/airflow/example_dags/example_external_task_marker_dag.py
[2024-02-25T12:51:47.789+0000] {processor.py:826} INFO - Processing file /home/airflow/.local/lib/python3.7/site-packages/airflow/example_dags/example_external_task_marker_dag.py for tasks to queue
[2024-02-25T12:51:47.790+0000] {logging_mixin.py:150} INFO - [2024-02-25T12:51:47.789+0000] {dagbag.py:541} INFO - Filling up the DagBag from /home/airflow/.local/lib/python3.7/site-packages/airflow/example_dags/example_external_task_marker_dag.py
[2024-02-25T12:51:47.797+0000] {processor.py:836} INFO - DAG(s) dict_keys(['example_external_task_marker_parent', 'example_external_task_marker_child']) retrieved from /home/airflow/.local/lib/python3.7/site-packages/airflow/example_dags/example_external_task_marker_dag.py
[2024-02-25T12:51:47.829+0000] {logging_mixin.py:150} INFO - [2024-02-25T12:51:47.829+0000] {dag.py:2742} INFO - Sync 2 DAGs
[2024-02-25T12:51:47.860+0000] {logging_mixin.py:150} INFO - [2024-02-25T12:51:47.860+0000] {dag.py:3508} INFO - Setting next_dagrun for example_external_task_marker_child to None, run_after=None
[2024-02-25T12:51:47.867+0000] {logging_mixin.py:150} INFO - [2024-02-25T12:51:47.867+0000] {dag.py:3508} INFO - Setting next_dagrun for example_external_task_marker_parent to None, run_after=None
[2024-02-25T12:51:47.891+0000] {processor.py:179} INFO - Processing /home/airflow/.local/lib/python3.7/site-packages/airflow/example_dags/example_external_task_marker_dag.py took 0.107 seconds
[2024-02-25T12:52:18.620+0000] {processor.py:157} INFO - Started process (PID=4714) to work on /home/airflow/.local/lib/python3.7/site-packages/airflow/example_dags/example_external_task_marker_dag.py
[2024-02-25T12:52:18.621+0000] {processor.py:826} INFO - Processing file /home/airflow/.local/lib/python3.7/site-packages/airflow/example_dags/example_external_task_marker_dag.py for tasks to queue
[2024-02-25T12:52:18.623+0000] {logging_mixin.py:150} INFO - [2024-02-25T12:52:18.622+0000] {dagbag.py:541} INFO - Filling up the DagBag from /home/airflow/.local/lib/python3.7/site-packages/airflow/example_dags/example_external_task_marker_dag.py
[2024-02-25T12:52:18.632+0000] {processor.py:836} INFO - DAG(s) dict_keys(['example_external_task_marker_child', 'example_external_task_marker_parent']) retrieved from /home/airflow/.local/lib/python3.7/site-packages/airflow/example_dags/example_external_task_marker_dag.py
[2024-02-25T12:52:18.675+0000] {logging_mixin.py:150} INFO - [2024-02-25T12:52:18.675+0000] {dag.py:2742} INFO - Sync 2 DAGs
[2024-02-25T12:52:18.718+0000] {logging_mixin.py:150} INFO - [2024-02-25T12:52:18.717+0000] {dag.py:3508} INFO - Setting next_dagrun for example_external_task_marker_child to None, run_after=None
[2024-02-25T12:52:18.723+0000] {logging_mixin.py:150} INFO - [2024-02-25T12:52:18.723+0000] {dag.py:3508} INFO - Setting next_dagrun for example_external_task_marker_parent to None, run_after=None
[2024-02-25T12:52:18.749+0000] {processor.py:179} INFO - Processing /home/airflow/.local/lib/python3.7/site-packages/airflow/example_dags/example_external_task_marker_dag.py took 0.134 seconds
[2024-02-25T12:52:48.932+0000] {processor.py:157} INFO - Started process (PID=4953) to work on /home/airflow/.local/lib/python3.7/site-packages/airflow/example_dags/example_external_task_marker_dag.py
[2024-02-25T12:52:48.933+0000] {processor.py:826} INFO - Processing file /home/airflow/.local/lib/python3.7/site-packages/airflow/example_dags/example_external_task_marker_dag.py for tasks to queue
[2024-02-25T12:52:48.933+0000] {logging_mixin.py:150} INFO - [2024-02-25T12:52:48.933+0000] {dagbag.py:541} INFO - Filling up the DagBag from /home/airflow/.local/lib/python3.7/site-packages/airflow/example_dags/example_external_task_marker_dag.py
[2024-02-25T12:52:48.939+0000] {processor.py:836} INFO - DAG(s) dict_keys(['example_external_task_marker_parent', 'example_external_task_marker_child']) retrieved from /home/airflow/.local/lib/python3.7/site-packages/airflow/example_dags/example_external_task_marker_dag.py
[2024-02-25T12:52:48.971+0000] {logging_mixin.py:150} INFO - [2024-02-25T12:52:48.970+0000] {dag.py:2742} INFO - Sync 2 DAGs
[2024-02-25T12:52:48.999+0000] {logging_mixin.py:150} INFO - [2024-02-25T12:52:48.999+0000] {dag.py:3508} INFO - Setting next_dagrun for example_external_task_marker_child to None, run_after=None
[2024-02-25T12:52:49.004+0000] {logging_mixin.py:150} INFO - [2024-02-25T12:52:49.004+0000] {dag.py:3508} INFO - Setting next_dagrun for example_external_task_marker_parent to None, run_after=None
[2024-02-25T12:52:49.025+0000] {processor.py:179} INFO - Processing /home/airflow/.local/lib/python3.7/site-packages/airflow/example_dags/example_external_task_marker_dag.py took 0.097 seconds
[2024-02-25T12:53:20.113+0000] {processor.py:157} INFO - Started process (PID=5194) to work on /home/airflow/.local/lib/python3.7/site-packages/airflow/example_dags/example_external_task_marker_dag.py
[2024-02-25T12:53:20.114+0000] {processor.py:826} INFO - Processing file /home/airflow/.local/lib/python3.7/site-packages/airflow/example_dags/example_external_task_marker_dag.py for tasks to queue
[2024-02-25T12:53:20.115+0000] {logging_mixin.py:150} INFO - [2024-02-25T12:53:20.114+0000] {dagbag.py:541} INFO - Filling up the DagBag from /home/airflow/.local/lib/python3.7/site-packages/airflow/example_dags/example_external_task_marker_dag.py
[2024-02-25T12:53:20.121+0000] {processor.py:836} INFO - DAG(s) dict_keys(['example_external_task_marker_child', 'example_external_task_marker_parent']) retrieved from /home/airflow/.local/lib/python3.7/site-packages/airflow/example_dags/example_external_task_marker_dag.py
[2024-02-25T12:53:20.161+0000] {logging_mixin.py:150} INFO - [2024-02-25T12:53:20.161+0000] {dag.py:2742} INFO - Sync 2 DAGs
[2024-02-25T12:53:20.205+0000] {logging_mixin.py:150} INFO - [2024-02-25T12:53:20.205+0000] {dag.py:3508} INFO - Setting next_dagrun for example_external_task_marker_child to None, run_after=None
[2024-02-25T12:53:20.211+0000] {logging_mixin.py:150} INFO - [2024-02-25T12:53:20.211+0000] {dag.py:3508} INFO - Setting next_dagrun for example_external_task_marker_parent to None, run_after=None
[2024-02-25T12:53:20.236+0000] {processor.py:179} INFO - Processing /home/airflow/.local/lib/python3.7/site-packages/airflow/example_dags/example_external_task_marker_dag.py took 0.126 seconds
[2024-02-25T12:53:51.192+0000] {processor.py:157} INFO - Started process (PID=5444) to work on /home/airflow/.local/lib/python3.7/site-packages/airflow/example_dags/example_external_task_marker_dag.py
[2024-02-25T12:53:51.193+0000] {processor.py:826} INFO - Processing file /home/airflow/.local/lib/python3.7/site-packages/airflow/example_dags/example_external_task_marker_dag.py for tasks to queue
[2024-02-25T12:53:51.194+0000] {logging_mixin.py:150} INFO - [2024-02-25T12:53:51.193+0000] {dagbag.py:541} INFO - Filling up the DagBag from /home/airflow/.local/lib/python3.7/site-packages/airflow/example_dags/example_external_task_marker_dag.py
[2024-02-25T12:53:51.198+0000] {processor.py:836} INFO - DAG(s) dict_keys(['example_external_task_marker_parent', 'example_external_task_marker_child']) retrieved from /home/airflow/.local/lib/python3.7/site-packages/airflow/example_dags/example_external_task_marker_dag.py
[2024-02-25T12:53:51.224+0000] {logging_mixin.py:150} INFO - [2024-02-25T12:53:51.224+0000] {dag.py:2742} INFO - Sync 2 DAGs
[2024-02-25T12:53:51.249+0000] {logging_mixin.py:150} INFO - [2024-02-25T12:53:51.248+0000] {dag.py:3508} INFO - Setting next_dagrun for example_external_task_marker_child to None, run_after=None
[2024-02-25T12:53:51.252+0000] {logging_mixin.py:150} INFO - [2024-02-25T12:53:51.252+0000] {dag.py:3508} INFO - Setting next_dagrun for example_external_task_marker_parent to None, run_after=None
[2024-02-25T12:53:51.271+0000] {processor.py:179} INFO - Processing /home/airflow/.local/lib/python3.7/site-packages/airflow/example_dags/example_external_task_marker_dag.py took 0.082 seconds
[2024-02-25T12:54:21.811+0000] {processor.py:157} INFO - Started process (PID=5683) to work on /home/airflow/.local/lib/python3.7/site-packages/airflow/example_dags/example_external_task_marker_dag.py
[2024-02-25T12:54:21.814+0000] {processor.py:826} INFO - Processing file /home/airflow/.local/lib/python3.7/site-packages/airflow/example_dags/example_external_task_marker_dag.py for tasks to queue
[2024-02-25T12:54:21.815+0000] {logging_mixin.py:150} INFO - [2024-02-25T12:54:21.815+0000] {dagbag.py:541} INFO - Filling up the DagBag from /home/airflow/.local/lib/python3.7/site-packages/airflow/example_dags/example_external_task_marker_dag.py
[2024-02-25T12:54:21.826+0000] {processor.py:836} INFO - DAG(s) dict_keys(['example_external_task_marker_parent', 'example_external_task_marker_child']) retrieved from /home/airflow/.local/lib/python3.7/site-packages/airflow/example_dags/example_external_task_marker_dag.py
[2024-02-25T12:54:21.873+0000] {logging_mixin.py:150} INFO - [2024-02-25T12:54:21.873+0000] {dag.py:2742} INFO - Sync 2 DAGs
[2024-02-25T12:54:21.923+0000] {logging_mixin.py:150} INFO - [2024-02-25T12:54:21.923+0000] {dag.py:3508} INFO - Setting next_dagrun for example_external_task_marker_child to None, run_after=None
[2024-02-25T12:54:21.927+0000] {logging_mixin.py:150} INFO - [2024-02-25T12:54:21.926+0000] {dag.py:3508} INFO - Setting next_dagrun for example_external_task_marker_parent to None, run_after=None
[2024-02-25T12:54:21.952+0000] {processor.py:179} INFO - Processing /home/airflow/.local/lib/python3.7/site-packages/airflow/example_dags/example_external_task_marker_dag.py took 0.146 seconds
[2024-02-25T12:54:52.455+0000] {processor.py:157} INFO - Started process (PID=5923) to work on /home/airflow/.local/lib/python3.7/site-packages/airflow/example_dags/example_external_task_marker_dag.py
[2024-02-25T12:54:52.455+0000] {processor.py:826} INFO - Processing file /home/airflow/.local/lib/python3.7/site-packages/airflow/example_dags/example_external_task_marker_dag.py for tasks to queue
[2024-02-25T12:54:52.456+0000] {logging_mixin.py:150} INFO - [2024-02-25T12:54:52.456+0000] {dagbag.py:541} INFO - Filling up the DagBag from /home/airflow/.local/lib/python3.7/site-packages/airflow/example_dags/example_external_task_marker_dag.py
[2024-02-25T12:54:52.463+0000] {processor.py:836} INFO - DAG(s) dict_keys(['example_external_task_marker_parent', 'example_external_task_marker_child']) retrieved from /home/airflow/.local/lib/python3.7/site-packages/airflow/example_dags/example_external_task_marker_dag.py
[2024-02-25T12:54:52.501+0000] {logging_mixin.py:150} INFO - [2024-02-25T12:54:52.501+0000] {dag.py:2742} INFO - Sync 2 DAGs
[2024-02-25T12:54:52.539+0000] {logging_mixin.py:150} INFO - [2024-02-25T12:54:52.538+0000] {dag.py:3508} INFO - Setting next_dagrun for example_external_task_marker_child to None, run_after=None
[2024-02-25T12:54:52.545+0000] {logging_mixin.py:150} INFO - [2024-02-25T12:54:52.544+0000] {dag.py:3508} INFO - Setting next_dagrun for example_external_task_marker_parent to None, run_after=None
[2024-02-25T12:54:52.571+0000] {processor.py:179} INFO - Processing /home/airflow/.local/lib/python3.7/site-packages/airflow/example_dags/example_external_task_marker_dag.py took 0.120 seconds
[2024-02-25T12:55:23.041+0000] {processor.py:157} INFO - Started process (PID=6164) to work on /home/airflow/.local/lib/python3.7/site-packages/airflow/example_dags/example_external_task_marker_dag.py
[2024-02-25T12:55:23.042+0000] {processor.py:826} INFO - Processing file /home/airflow/.local/lib/python3.7/site-packages/airflow/example_dags/example_external_task_marker_dag.py for tasks to queue
[2024-02-25T12:55:23.043+0000] {logging_mixin.py:150} INFO - [2024-02-25T12:55:23.043+0000] {dagbag.py:541} INFO - Filling up the DagBag from /home/airflow/.local/lib/python3.7/site-packages/airflow/example_dags/example_external_task_marker_dag.py
[2024-02-25T12:55:23.050+0000] {processor.py:836} INFO - DAG(s) dict_keys(['example_external_task_marker_child', 'example_external_task_marker_parent']) retrieved from /home/airflow/.local/lib/python3.7/site-packages/airflow/example_dags/example_external_task_marker_dag.py
[2024-02-25T12:55:23.092+0000] {logging_mixin.py:150} INFO - [2024-02-25T12:55:23.092+0000] {dag.py:2742} INFO - Sync 2 DAGs
[2024-02-25T12:55:23.137+0000] {logging_mixin.py:150} INFO - [2024-02-25T12:55:23.137+0000] {dag.py:3508} INFO - Setting next_dagrun for example_external_task_marker_child to None, run_after=None
[2024-02-25T12:55:23.143+0000] {logging_mixin.py:150} INFO - [2024-02-25T12:55:23.143+0000] {dag.py:3508} INFO - Setting next_dagrun for example_external_task_marker_parent to None, run_after=None
[2024-02-25T12:55:23.172+0000] {processor.py:179} INFO - Processing /home/airflow/.local/lib/python3.7/site-packages/airflow/example_dags/example_external_task_marker_dag.py took 0.133 seconds
[2024-02-25T12:55:53.861+0000] {processor.py:157} INFO - Started process (PID=6405) to work on /home/airflow/.local/lib/python3.7/site-packages/airflow/example_dags/example_external_task_marker_dag.py
[2024-02-25T12:55:53.863+0000] {processor.py:826} INFO - Processing file /home/airflow/.local/lib/python3.7/site-packages/airflow/example_dags/example_external_task_marker_dag.py for tasks to queue
[2024-02-25T12:55:53.863+0000] {logging_mixin.py:150} INFO - [2024-02-25T12:55:53.863+0000] {dagbag.py:541} INFO - Filling up the DagBag from /home/airflow/.local/lib/python3.7/site-packages/airflow/example_dags/example_external_task_marker_dag.py
[2024-02-25T12:55:53.871+0000] {processor.py:836} INFO - DAG(s) dict_keys(['example_external_task_marker_child', 'example_external_task_marker_parent']) retrieved from /home/airflow/.local/lib/python3.7/site-packages/airflow/example_dags/example_external_task_marker_dag.py
[2024-02-25T12:55:53.914+0000] {logging_mixin.py:150} INFO - [2024-02-25T12:55:53.914+0000] {dag.py:2742} INFO - Sync 2 DAGs
[2024-02-25T12:55:53.954+0000] {logging_mixin.py:150} INFO - [2024-02-25T12:55:53.954+0000] {dag.py:3508} INFO - Setting next_dagrun for example_external_task_marker_child to None, run_after=None
[2024-02-25T12:55:53.960+0000] {logging_mixin.py:150} INFO - [2024-02-25T12:55:53.960+0000] {dag.py:3508} INFO - Setting next_dagrun for example_external_task_marker_parent to None, run_after=None
[2024-02-25T12:55:53.987+0000] {processor.py:179} INFO - Processing /home/airflow/.local/lib/python3.7/site-packages/airflow/example_dags/example_external_task_marker_dag.py took 0.128 seconds
[2024-02-25T12:56:24.128+0000] {processor.py:157} INFO - Started process (PID=6651) to work on /home/airflow/.local/lib/python3.7/site-packages/airflow/example_dags/example_external_task_marker_dag.py
[2024-02-25T12:56:24.129+0000] {processor.py:826} INFO - Processing file /home/airflow/.local/lib/python3.7/site-packages/airflow/example_dags/example_external_task_marker_dag.py for tasks to queue
[2024-02-25T12:56:24.130+0000] {logging_mixin.py:150} INFO - [2024-02-25T12:56:24.130+0000] {dagbag.py:541} INFO - Filling up the DagBag from /home/airflow/.local/lib/python3.7/site-packages/airflow/example_dags/example_external_task_marker_dag.py
[2024-02-25T12:56:24.137+0000] {processor.py:836} INFO - DAG(s) dict_keys(['example_external_task_marker_parent', 'example_external_task_marker_child']) retrieved from /home/airflow/.local/lib/python3.7/site-packages/airflow/example_dags/example_external_task_marker_dag.py
[2024-02-25T12:56:24.176+0000] {logging_mixin.py:150} INFO - [2024-02-25T12:56:24.175+0000] {dag.py:2742} INFO - Sync 2 DAGs
[2024-02-25T12:56:24.216+0000] {logging_mixin.py:150} INFO - [2024-02-25T12:56:24.215+0000] {dag.py:3508} INFO - Setting next_dagrun for example_external_task_marker_child to None, run_after=None
[2024-02-25T12:56:24.221+0000] {logging_mixin.py:150} INFO - [2024-02-25T12:56:24.221+0000] {dag.py:3508} INFO - Setting next_dagrun for example_external_task_marker_parent to None, run_after=None
[2024-02-25T12:56:24.247+0000] {processor.py:179} INFO - Processing /home/airflow/.local/lib/python3.7/site-packages/airflow/example_dags/example_external_task_marker_dag.py took 0.124 seconds
[2024-02-25T12:56:54.389+0000] {processor.py:157} INFO - Started process (PID=6889) to work on /home/airflow/.local/lib/python3.7/site-packages/airflow/example_dags/example_external_task_marker_dag.py
[2024-02-25T12:56:54.390+0000] {processor.py:826} INFO - Processing file /home/airflow/.local/lib/python3.7/site-packages/airflow/example_dags/example_external_task_marker_dag.py for tasks to queue
[2024-02-25T12:56:54.391+0000] {logging_mixin.py:150} INFO - [2024-02-25T12:56:54.391+0000] {dagbag.py:541} INFO - Filling up the DagBag from /home/airflow/.local/lib/python3.7/site-packages/airflow/example_dags/example_external_task_marker_dag.py
[2024-02-25T12:56:54.400+0000] {processor.py:836} INFO - DAG(s) dict_keys(['example_external_task_marker_parent', 'example_external_task_marker_child']) retrieved from /home/airflow/.local/lib/python3.7/site-packages/airflow/example_dags/example_external_task_marker_dag.py
[2024-02-25T12:56:54.442+0000] {logging_mixin.py:150} INFO - [2024-02-25T12:56:54.442+0000] {dag.py:2742} INFO - Sync 2 DAGs
[2024-02-25T12:56:54.479+0000] {logging_mixin.py:150} INFO - [2024-02-25T12:56:54.479+0000] {dag.py:3508} INFO - Setting next_dagrun for example_external_task_marker_child to None, run_after=None
[2024-02-25T12:56:54.486+0000] {logging_mixin.py:150} INFO - [2024-02-25T12:56:54.486+0000] {dag.py:3508} INFO - Setting next_dagrun for example_external_task_marker_parent to None, run_after=None
[2024-02-25T12:56:54.511+0000] {processor.py:179} INFO - Processing /home/airflow/.local/lib/python3.7/site-packages/airflow/example_dags/example_external_task_marker_dag.py took 0.126 seconds
