[2024-02-25T12:43:01.967+0000] {processor.py:157} INFO - Started process (PID=281) to work on /home/airflow/.local/lib/python3.7/site-packages/airflow/example_dags/example_branch_labels.py
[2024-02-25T12:43:01.968+0000] {processor.py:826} INFO - Processing file /home/airflow/.local/lib/python3.7/site-packages/airflow/example_dags/example_branch_labels.py for tasks to queue
[2024-02-25T12:43:01.969+0000] {logging_mixin.py:150} INFO - [2024-02-25T12:43:01.969+0000] {dagbag.py:541} INFO - Filling up the DagBag from /home/airflow/.local/lib/python3.7/site-packages/airflow/example_dags/example_branch_labels.py
[2024-02-25T12:43:01.982+0000] {processor.py:836} INFO - DAG(s) dict_keys(['example_branch_labels']) retrieved from /home/airflow/.local/lib/python3.7/site-packages/airflow/example_dags/example_branch_labels.py
[2024-02-25T12:43:02.000+0000] {logging_mixin.py:150} INFO - [2024-02-25T12:43:01.999+0000] {dag.py:2742} INFO - Sync 1 DAGs
[2024-02-25T12:43:02.069+0000] {logging_mixin.py:150} INFO - [2024-02-25T12:43:02.069+0000] {dag.py:3508} INFO - Setting next_dagrun for example_branch_labels to 2024-02-24T00:00:00+00:00, run_after=2024-02-25T00:00:00+00:00
[2024-02-25T12:43:02.108+0000] {processor.py:179} INFO - Processing /home/airflow/.local/lib/python3.7/site-packages/airflow/example_dags/example_branch_labels.py took 0.145 seconds
[2024-02-25T12:43:32.957+0000] {processor.py:157} INFO - Started process (PID=521) to work on /home/airflow/.local/lib/python3.7/site-packages/airflow/example_dags/example_branch_labels.py
[2024-02-25T12:43:32.958+0000] {processor.py:826} INFO - Processing file /home/airflow/.local/lib/python3.7/site-packages/airflow/example_dags/example_branch_labels.py for tasks to queue
[2024-02-25T12:43:32.959+0000] {logging_mixin.py:150} INFO - [2024-02-25T12:43:32.959+0000] {dagbag.py:541} INFO - Filling up the DagBag from /home/airflow/.local/lib/python3.7/site-packages/airflow/example_dags/example_branch_labels.py
[2024-02-25T12:43:32.969+0000] {processor.py:836} INFO - DAG(s) dict_keys(['example_branch_labels']) retrieved from /home/airflow/.local/lib/python3.7/site-packages/airflow/example_dags/example_branch_labels.py
[2024-02-25T12:43:32.997+0000] {logging_mixin.py:150} INFO - [2024-02-25T12:43:32.997+0000] {dag.py:2742} INFO - Sync 1 DAGs
[2024-02-25T12:43:33.034+0000] {logging_mixin.py:150} INFO - [2024-02-25T12:43:33.033+0000] {dag.py:3508} INFO - Setting next_dagrun for example_branch_labels to 2024-02-24T00:00:00+00:00, run_after=2024-02-25T00:00:00+00:00
[2024-02-25T12:43:33.058+0000] {processor.py:179} INFO - Processing /home/airflow/.local/lib/python3.7/site-packages/airflow/example_dags/example_branch_labels.py took 0.105 seconds
[2024-02-25T12:44:03.939+0000] {processor.py:157} INFO - Started process (PID=763) to work on /home/airflow/.local/lib/python3.7/site-packages/airflow/example_dags/example_branch_labels.py
[2024-02-25T12:44:03.941+0000] {processor.py:826} INFO - Processing file /home/airflow/.local/lib/python3.7/site-packages/airflow/example_dags/example_branch_labels.py for tasks to queue
[2024-02-25T12:44:03.942+0000] {logging_mixin.py:150} INFO - [2024-02-25T12:44:03.941+0000] {dagbag.py:541} INFO - Filling up the DagBag from /home/airflow/.local/lib/python3.7/site-packages/airflow/example_dags/example_branch_labels.py
[2024-02-25T12:44:03.953+0000] {processor.py:836} INFO - DAG(s) dict_keys(['example_branch_labels']) retrieved from /home/airflow/.local/lib/python3.7/site-packages/airflow/example_dags/example_branch_labels.py
[2024-02-25T12:44:03.969+0000] {logging_mixin.py:150} INFO - [2024-02-25T12:44:03.969+0000] {dag.py:2742} INFO - Sync 1 DAGs
[2024-02-25T12:44:04.014+0000] {logging_mixin.py:150} INFO - [2024-02-25T12:44:04.014+0000] {dag.py:3508} INFO - Setting next_dagrun for example_branch_labels to 2024-02-24T00:00:00+00:00, run_after=2024-02-25T00:00:00+00:00
[2024-02-25T12:44:04.066+0000] {processor.py:179} INFO - Processing /home/airflow/.local/lib/python3.7/site-packages/airflow/example_dags/example_branch_labels.py took 0.132 seconds
[2024-02-25T12:44:34.823+0000] {processor.py:157} INFO - Started process (PID=1005) to work on /home/airflow/.local/lib/python3.7/site-packages/airflow/example_dags/example_branch_labels.py
[2024-02-25T12:44:34.824+0000] {processor.py:826} INFO - Processing file /home/airflow/.local/lib/python3.7/site-packages/airflow/example_dags/example_branch_labels.py for tasks to queue
[2024-02-25T12:44:34.825+0000] {logging_mixin.py:150} INFO - [2024-02-25T12:44:34.825+0000] {dagbag.py:541} INFO - Filling up the DagBag from /home/airflow/.local/lib/python3.7/site-packages/airflow/example_dags/example_branch_labels.py
[2024-02-25T12:44:34.839+0000] {processor.py:836} INFO - DAG(s) dict_keys(['example_branch_labels']) retrieved from /home/airflow/.local/lib/python3.7/site-packages/airflow/example_dags/example_branch_labels.py
[2024-02-25T12:44:34.876+0000] {logging_mixin.py:150} INFO - [2024-02-25T12:44:34.875+0000] {dag.py:2742} INFO - Sync 1 DAGs
[2024-02-25T12:44:34.918+0000] {logging_mixin.py:150} INFO - [2024-02-25T12:44:34.918+0000] {dag.py:3508} INFO - Setting next_dagrun for example_branch_labels to 2024-02-24T00:00:00+00:00, run_after=2024-02-25T00:00:00+00:00
[2024-02-25T12:44:34.944+0000] {processor.py:179} INFO - Processing /home/airflow/.local/lib/python3.7/site-packages/airflow/example_dags/example_branch_labels.py took 0.125 seconds
[2024-02-25T12:45:06.007+0000] {processor.py:157} INFO - Started process (PID=1245) to work on /home/airflow/.local/lib/python3.7/site-packages/airflow/example_dags/example_branch_labels.py
[2024-02-25T12:45:06.011+0000] {processor.py:826} INFO - Processing file /home/airflow/.local/lib/python3.7/site-packages/airflow/example_dags/example_branch_labels.py for tasks to queue
[2024-02-25T12:45:06.012+0000] {logging_mixin.py:150} INFO - [2024-02-25T12:45:06.011+0000] {dagbag.py:541} INFO - Filling up the DagBag from /home/airflow/.local/lib/python3.7/site-packages/airflow/example_dags/example_branch_labels.py
[2024-02-25T12:45:06.028+0000] {processor.py:836} INFO - DAG(s) dict_keys(['example_branch_labels']) retrieved from /home/airflow/.local/lib/python3.7/site-packages/airflow/example_dags/example_branch_labels.py
[2024-02-25T12:45:06.066+0000] {logging_mixin.py:150} INFO - [2024-02-25T12:45:06.065+0000] {dag.py:2742} INFO - Sync 1 DAGs
[2024-02-25T12:45:06.110+0000] {logging_mixin.py:150} INFO - [2024-02-25T12:45:06.110+0000] {dag.py:3508} INFO - Setting next_dagrun for example_branch_labels to 2024-02-24T00:00:00+00:00, run_after=2024-02-25T00:00:00+00:00
[2024-02-25T12:45:06.134+0000] {processor.py:179} INFO - Processing /home/airflow/.local/lib/python3.7/site-packages/airflow/example_dags/example_branch_labels.py took 0.132 seconds
[2024-02-25T12:45:36.507+0000] {processor.py:157} INFO - Started process (PID=1493) to work on /home/airflow/.local/lib/python3.7/site-packages/airflow/example_dags/example_branch_labels.py
[2024-02-25T12:45:36.508+0000] {processor.py:826} INFO - Processing file /home/airflow/.local/lib/python3.7/site-packages/airflow/example_dags/example_branch_labels.py for tasks to queue
[2024-02-25T12:45:36.509+0000] {logging_mixin.py:150} INFO - [2024-02-25T12:45:36.509+0000] {dagbag.py:541} INFO - Filling up the DagBag from /home/airflow/.local/lib/python3.7/site-packages/airflow/example_dags/example_branch_labels.py
[2024-02-25T12:45:36.521+0000] {processor.py:836} INFO - DAG(s) dict_keys(['example_branch_labels']) retrieved from /home/airflow/.local/lib/python3.7/site-packages/airflow/example_dags/example_branch_labels.py
[2024-02-25T12:45:36.558+0000] {logging_mixin.py:150} INFO - [2024-02-25T12:45:36.557+0000] {dag.py:2742} INFO - Sync 1 DAGs
[2024-02-25T12:45:36.599+0000] {logging_mixin.py:150} INFO - [2024-02-25T12:45:36.599+0000] {dag.py:3508} INFO - Setting next_dagrun for example_branch_labels to 2024-02-24T00:00:00+00:00, run_after=2024-02-25T00:00:00+00:00
[2024-02-25T12:45:36.627+0000] {processor.py:179} INFO - Processing /home/airflow/.local/lib/python3.7/site-packages/airflow/example_dags/example_branch_labels.py took 0.124 seconds
[2024-02-25T12:46:06.978+0000] {processor.py:157} INFO - Started process (PID=1734) to work on /home/airflow/.local/lib/python3.7/site-packages/airflow/example_dags/example_branch_labels.py
[2024-02-25T12:46:06.979+0000] {processor.py:826} INFO - Processing file /home/airflow/.local/lib/python3.7/site-packages/airflow/example_dags/example_branch_labels.py for tasks to queue
[2024-02-25T12:46:06.980+0000] {logging_mixin.py:150} INFO - [2024-02-25T12:46:06.980+0000] {dagbag.py:541} INFO - Filling up the DagBag from /home/airflow/.local/lib/python3.7/site-packages/airflow/example_dags/example_branch_labels.py
[2024-02-25T12:46:06.994+0000] {processor.py:836} INFO - DAG(s) dict_keys(['example_branch_labels']) retrieved from /home/airflow/.local/lib/python3.7/site-packages/airflow/example_dags/example_branch_labels.py
[2024-02-25T12:46:07.029+0000] {logging_mixin.py:150} INFO - [2024-02-25T12:46:07.029+0000] {dag.py:2742} INFO - Sync 1 DAGs
[2024-02-25T12:46:07.069+0000] {logging_mixin.py:150} INFO - [2024-02-25T12:46:07.069+0000] {dag.py:3508} INFO - Setting next_dagrun for example_branch_labels to 2024-02-24T00:00:00+00:00, run_after=2024-02-25T00:00:00+00:00
[2024-02-25T12:46:07.097+0000] {processor.py:179} INFO - Processing /home/airflow/.local/lib/python3.7/site-packages/airflow/example_dags/example_branch_labels.py took 0.123 seconds
[2024-02-25T12:46:37.527+0000] {processor.py:157} INFO - Started process (PID=1975) to work on /home/airflow/.local/lib/python3.7/site-packages/airflow/example_dags/example_branch_labels.py
[2024-02-25T12:46:37.528+0000] {processor.py:826} INFO - Processing file /home/airflow/.local/lib/python3.7/site-packages/airflow/example_dags/example_branch_labels.py for tasks to queue
[2024-02-25T12:46:37.530+0000] {logging_mixin.py:150} INFO - [2024-02-25T12:46:37.529+0000] {dagbag.py:541} INFO - Filling up the DagBag from /home/airflow/.local/lib/python3.7/site-packages/airflow/example_dags/example_branch_labels.py
[2024-02-25T12:46:37.539+0000] {processor.py:836} INFO - DAG(s) dict_keys(['example_branch_labels']) retrieved from /home/airflow/.local/lib/python3.7/site-packages/airflow/example_dags/example_branch_labels.py
[2024-02-25T12:46:37.573+0000] {logging_mixin.py:150} INFO - [2024-02-25T12:46:37.573+0000] {dag.py:2742} INFO - Sync 1 DAGs
[2024-02-25T12:46:37.631+0000] {logging_mixin.py:150} INFO - [2024-02-25T12:46:37.631+0000] {dag.py:3508} INFO - Setting next_dagrun for example_branch_labels to 2024-02-24T00:00:00+00:00, run_after=2024-02-25T00:00:00+00:00
[2024-02-25T12:46:37.681+0000] {processor.py:179} INFO - Processing /home/airflow/.local/lib/python3.7/site-packages/airflow/example_dags/example_branch_labels.py took 0.158 seconds
[2024-02-25T12:47:08.449+0000] {processor.py:157} INFO - Started process (PID=2216) to work on /home/airflow/.local/lib/python3.7/site-packages/airflow/example_dags/example_branch_labels.py
[2024-02-25T12:47:08.450+0000] {processor.py:826} INFO - Processing file /home/airflow/.local/lib/python3.7/site-packages/airflow/example_dags/example_branch_labels.py for tasks to queue
[2024-02-25T12:47:08.452+0000] {logging_mixin.py:150} INFO - [2024-02-25T12:47:08.451+0000] {dagbag.py:541} INFO - Filling up the DagBag from /home/airflow/.local/lib/python3.7/site-packages/airflow/example_dags/example_branch_labels.py
[2024-02-25T12:47:08.464+0000] {processor.py:836} INFO - DAG(s) dict_keys(['example_branch_labels']) retrieved from /home/airflow/.local/lib/python3.7/site-packages/airflow/example_dags/example_branch_labels.py
[2024-02-25T12:47:08.580+0000] {logging_mixin.py:150} INFO - [2024-02-25T12:47:08.579+0000] {dag.py:2742} INFO - Sync 1 DAGs
[2024-02-25T12:47:08.644+0000] {logging_mixin.py:150} INFO - [2024-02-25T12:47:08.643+0000] {dag.py:3508} INFO - Setting next_dagrun for example_branch_labels to 2024-02-24T00:00:00+00:00, run_after=2024-02-25T00:00:00+00:00
[2024-02-25T12:47:08.692+0000] {processor.py:179} INFO - Processing /home/airflow/.local/lib/python3.7/site-packages/airflow/example_dags/example_branch_labels.py took 0.250 seconds
[2024-02-25T12:47:39.009+0000] {processor.py:157} INFO - Started process (PID=2459) to work on /home/airflow/.local/lib/python3.7/site-packages/airflow/example_dags/example_branch_labels.py
[2024-02-25T12:47:39.010+0000] {processor.py:826} INFO - Processing file /home/airflow/.local/lib/python3.7/site-packages/airflow/example_dags/example_branch_labels.py for tasks to queue
[2024-02-25T12:47:39.010+0000] {logging_mixin.py:150} INFO - [2024-02-25T12:47:39.010+0000] {dagbag.py:541} INFO - Filling up the DagBag from /home/airflow/.local/lib/python3.7/site-packages/airflow/example_dags/example_branch_labels.py
[2024-02-25T12:47:39.017+0000] {processor.py:836} INFO - DAG(s) dict_keys(['example_branch_labels']) retrieved from /home/airflow/.local/lib/python3.7/site-packages/airflow/example_dags/example_branch_labels.py
[2024-02-25T12:47:39.064+0000] {logging_mixin.py:150} INFO - [2024-02-25T12:47:39.063+0000] {dag.py:2742} INFO - Sync 1 DAGs
[2024-02-25T12:47:39.115+0000] {logging_mixin.py:150} INFO - [2024-02-25T12:47:39.115+0000] {dag.py:3508} INFO - Setting next_dagrun for example_branch_labels to 2024-02-24T00:00:00+00:00, run_after=2024-02-25T00:00:00+00:00
[2024-02-25T12:47:39.146+0000] {processor.py:179} INFO - Processing /home/airflow/.local/lib/python3.7/site-packages/airflow/example_dags/example_branch_labels.py took 0.139 seconds
[2024-02-25T12:48:09.441+0000] {processor.py:157} INFO - Started process (PID=2698) to work on /home/airflow/.local/lib/python3.7/site-packages/airflow/example_dags/example_branch_labels.py
[2024-02-25T12:48:09.442+0000] {processor.py:826} INFO - Processing file /home/airflow/.local/lib/python3.7/site-packages/airflow/example_dags/example_branch_labels.py for tasks to queue
[2024-02-25T12:48:09.443+0000] {logging_mixin.py:150} INFO - [2024-02-25T12:48:09.443+0000] {dagbag.py:541} INFO - Filling up the DagBag from /home/airflow/.local/lib/python3.7/site-packages/airflow/example_dags/example_branch_labels.py
[2024-02-25T12:48:09.452+0000] {processor.py:836} INFO - DAG(s) dict_keys(['example_branch_labels']) retrieved from /home/airflow/.local/lib/python3.7/site-packages/airflow/example_dags/example_branch_labels.py
[2024-02-25T12:48:09.495+0000] {logging_mixin.py:150} INFO - [2024-02-25T12:48:09.495+0000] {dag.py:2742} INFO - Sync 1 DAGs
[2024-02-25T12:48:09.553+0000] {logging_mixin.py:150} INFO - [2024-02-25T12:48:09.553+0000] {dag.py:3508} INFO - Setting next_dagrun for example_branch_labels to 2024-02-24T00:00:00+00:00, run_after=2024-02-25T00:00:00+00:00
[2024-02-25T12:48:09.587+0000] {processor.py:179} INFO - Processing /home/airflow/.local/lib/python3.7/site-packages/airflow/example_dags/example_branch_labels.py took 0.150 seconds
[2024-02-25T12:48:40.067+0000] {processor.py:157} INFO - Started process (PID=2940) to work on /home/airflow/.local/lib/python3.7/site-packages/airflow/example_dags/example_branch_labels.py
[2024-02-25T12:48:40.070+0000] {processor.py:826} INFO - Processing file /home/airflow/.local/lib/python3.7/site-packages/airflow/example_dags/example_branch_labels.py for tasks to queue
[2024-02-25T12:48:40.071+0000] {logging_mixin.py:150} INFO - [2024-02-25T12:48:40.070+0000] {dagbag.py:541} INFO - Filling up the DagBag from /home/airflow/.local/lib/python3.7/site-packages/airflow/example_dags/example_branch_labels.py
[2024-02-25T12:48:40.083+0000] {processor.py:836} INFO - DAG(s) dict_keys(['example_branch_labels']) retrieved from /home/airflow/.local/lib/python3.7/site-packages/airflow/example_dags/example_branch_labels.py
[2024-02-25T12:48:40.120+0000] {logging_mixin.py:150} INFO - [2024-02-25T12:48:40.120+0000] {dag.py:2742} INFO - Sync 1 DAGs
[2024-02-25T12:48:40.166+0000] {logging_mixin.py:150} INFO - [2024-02-25T12:48:40.166+0000] {dag.py:3508} INFO - Setting next_dagrun for example_branch_labels to 2024-02-24T00:00:00+00:00, run_after=2024-02-25T00:00:00+00:00
[2024-02-25T12:48:40.193+0000] {processor.py:179} INFO - Processing /home/airflow/.local/lib/python3.7/site-packages/airflow/example_dags/example_branch_labels.py took 0.131 seconds
[2024-02-25T12:49:10.947+0000] {processor.py:157} INFO - Started process (PID=3183) to work on /home/airflow/.local/lib/python3.7/site-packages/airflow/example_dags/example_branch_labels.py
[2024-02-25T12:49:10.949+0000] {processor.py:826} INFO - Processing file /home/airflow/.local/lib/python3.7/site-packages/airflow/example_dags/example_branch_labels.py for tasks to queue
[2024-02-25T12:49:10.951+0000] {logging_mixin.py:150} INFO - [2024-02-25T12:49:10.950+0000] {dagbag.py:541} INFO - Filling up the DagBag from /home/airflow/.local/lib/python3.7/site-packages/airflow/example_dags/example_branch_labels.py
[2024-02-25T12:49:10.959+0000] {processor.py:836} INFO - DAG(s) dict_keys(['example_branch_labels']) retrieved from /home/airflow/.local/lib/python3.7/site-packages/airflow/example_dags/example_branch_labels.py
[2024-02-25T12:49:10.991+0000] {logging_mixin.py:150} INFO - [2024-02-25T12:49:10.990+0000] {dag.py:2742} INFO - Sync 1 DAGs
[2024-02-25T12:49:11.042+0000] {logging_mixin.py:150} INFO - [2024-02-25T12:49:11.042+0000] {dag.py:3508} INFO - Setting next_dagrun for example_branch_labels to 2024-02-24T00:00:00+00:00, run_after=2024-02-25T00:00:00+00:00
[2024-02-25T12:49:11.080+0000] {processor.py:179} INFO - Processing /home/airflow/.local/lib/python3.7/site-packages/airflow/example_dags/example_branch_labels.py took 0.137 seconds
[2024-02-25T12:49:41.509+0000] {processor.py:157} INFO - Started process (PID=3422) to work on /home/airflow/.local/lib/python3.7/site-packages/airflow/example_dags/example_branch_labels.py
[2024-02-25T12:49:41.510+0000] {processor.py:826} INFO - Processing file /home/airflow/.local/lib/python3.7/site-packages/airflow/example_dags/example_branch_labels.py for tasks to queue
[2024-02-25T12:49:41.511+0000] {logging_mixin.py:150} INFO - [2024-02-25T12:49:41.511+0000] {dagbag.py:541} INFO - Filling up the DagBag from /home/airflow/.local/lib/python3.7/site-packages/airflow/example_dags/example_branch_labels.py
[2024-02-25T12:49:41.519+0000] {processor.py:836} INFO - DAG(s) dict_keys(['example_branch_labels']) retrieved from /home/airflow/.local/lib/python3.7/site-packages/airflow/example_dags/example_branch_labels.py
[2024-02-25T12:49:41.551+0000] {logging_mixin.py:150} INFO - [2024-02-25T12:49:41.551+0000] {dag.py:2742} INFO - Sync 1 DAGs
[2024-02-25T12:49:41.594+0000] {logging_mixin.py:150} INFO - [2024-02-25T12:49:41.593+0000] {dag.py:3508} INFO - Setting next_dagrun for example_branch_labels to 2024-02-24T00:00:00+00:00, run_after=2024-02-25T00:00:00+00:00
[2024-02-25T12:49:41.618+0000] {processor.py:179} INFO - Processing /home/airflow/.local/lib/python3.7/site-packages/airflow/example_dags/example_branch_labels.py took 0.112 seconds
[2024-02-25T12:50:12.577+0000] {processor.py:157} INFO - Started process (PID=3663) to work on /home/airflow/.local/lib/python3.7/site-packages/airflow/example_dags/example_branch_labels.py
[2024-02-25T12:50:12.578+0000] {processor.py:826} INFO - Processing file /home/airflow/.local/lib/python3.7/site-packages/airflow/example_dags/example_branch_labels.py for tasks to queue
[2024-02-25T12:50:12.579+0000] {logging_mixin.py:150} INFO - [2024-02-25T12:50:12.579+0000] {dagbag.py:541} INFO - Filling up the DagBag from /home/airflow/.local/lib/python3.7/site-packages/airflow/example_dags/example_branch_labels.py
[2024-02-25T12:50:12.587+0000] {processor.py:836} INFO - DAG(s) dict_keys(['example_branch_labels']) retrieved from /home/airflow/.local/lib/python3.7/site-packages/airflow/example_dags/example_branch_labels.py
[2024-02-25T12:50:12.613+0000] {logging_mixin.py:150} INFO - [2024-02-25T12:50:12.613+0000] {dag.py:2742} INFO - Sync 1 DAGs
[2024-02-25T12:50:12.650+0000] {logging_mixin.py:150} INFO - [2024-02-25T12:50:12.650+0000] {dag.py:3508} INFO - Setting next_dagrun for example_branch_labels to 2024-02-24T00:00:00+00:00, run_after=2024-02-25T00:00:00+00:00
[2024-02-25T12:50:12.676+0000] {processor.py:179} INFO - Processing /home/airflow/.local/lib/python3.7/site-packages/airflow/example_dags/example_branch_labels.py took 0.103 seconds
[2024-02-25T12:50:43.218+0000] {processor.py:157} INFO - Started process (PID=3904) to work on /home/airflow/.local/lib/python3.7/site-packages/airflow/example_dags/example_branch_labels.py
[2024-02-25T12:50:43.219+0000] {processor.py:826} INFO - Processing file /home/airflow/.local/lib/python3.7/site-packages/airflow/example_dags/example_branch_labels.py for tasks to queue
[2024-02-25T12:50:43.220+0000] {logging_mixin.py:150} INFO - [2024-02-25T12:50:43.220+0000] {dagbag.py:541} INFO - Filling up the DagBag from /home/airflow/.local/lib/python3.7/site-packages/airflow/example_dags/example_branch_labels.py
[2024-02-25T12:50:43.229+0000] {processor.py:836} INFO - DAG(s) dict_keys(['example_branch_labels']) retrieved from /home/airflow/.local/lib/python3.7/site-packages/airflow/example_dags/example_branch_labels.py
[2024-02-25T12:50:43.261+0000] {logging_mixin.py:150} INFO - [2024-02-25T12:50:43.261+0000] {dag.py:2742} INFO - Sync 1 DAGs
[2024-02-25T12:50:43.296+0000] {logging_mixin.py:150} INFO - [2024-02-25T12:50:43.296+0000] {dag.py:3508} INFO - Setting next_dagrun for example_branch_labels to 2024-02-24T00:00:00+00:00, run_after=2024-02-25T00:00:00+00:00
[2024-02-25T12:50:43.318+0000] {processor.py:179} INFO - Processing /home/airflow/.local/lib/python3.7/site-packages/airflow/example_dags/example_branch_labels.py took 0.104 seconds
[2024-02-25T12:51:13.629+0000] {processor.py:157} INFO - Started process (PID=4145) to work on /home/airflow/.local/lib/python3.7/site-packages/airflow/example_dags/example_branch_labels.py
[2024-02-25T12:51:13.631+0000] {processor.py:826} INFO - Processing file /home/airflow/.local/lib/python3.7/site-packages/airflow/example_dags/example_branch_labels.py for tasks to queue
[2024-02-25T12:51:13.631+0000] {logging_mixin.py:150} INFO - [2024-02-25T12:51:13.631+0000] {dagbag.py:541} INFO - Filling up the DagBag from /home/airflow/.local/lib/python3.7/site-packages/airflow/example_dags/example_branch_labels.py
[2024-02-25T12:51:13.641+0000] {processor.py:836} INFO - DAG(s) dict_keys(['example_branch_labels']) retrieved from /home/airflow/.local/lib/python3.7/site-packages/airflow/example_dags/example_branch_labels.py
[2024-02-25T12:51:13.674+0000] {logging_mixin.py:150} INFO - [2024-02-25T12:51:13.674+0000] {dag.py:2742} INFO - Sync 1 DAGs
[2024-02-25T12:51:13.710+0000] {logging_mixin.py:150} INFO - [2024-02-25T12:51:13.710+0000] {dag.py:3508} INFO - Setting next_dagrun for example_branch_labels to 2024-02-24T00:00:00+00:00, run_after=2024-02-25T00:00:00+00:00
[2024-02-25T12:51:13.733+0000] {processor.py:179} INFO - Processing /home/airflow/.local/lib/python3.7/site-packages/airflow/example_dags/example_branch_labels.py took 0.108 seconds
[2024-02-25T12:51:44.407+0000] {processor.py:157} INFO - Started process (PID=4386) to work on /home/airflow/.local/lib/python3.7/site-packages/airflow/example_dags/example_branch_labels.py
[2024-02-25T12:51:44.408+0000] {processor.py:826} INFO - Processing file /home/airflow/.local/lib/python3.7/site-packages/airflow/example_dags/example_branch_labels.py for tasks to queue
[2024-02-25T12:51:44.409+0000] {logging_mixin.py:150} INFO - [2024-02-25T12:51:44.408+0000] {dagbag.py:541} INFO - Filling up the DagBag from /home/airflow/.local/lib/python3.7/site-packages/airflow/example_dags/example_branch_labels.py
[2024-02-25T12:51:44.417+0000] {processor.py:836} INFO - DAG(s) dict_keys(['example_branch_labels']) retrieved from /home/airflow/.local/lib/python3.7/site-packages/airflow/example_dags/example_branch_labels.py
[2024-02-25T12:51:44.450+0000] {logging_mixin.py:150} INFO - [2024-02-25T12:51:44.450+0000] {dag.py:2742} INFO - Sync 1 DAGs
[2024-02-25T12:51:44.494+0000] {logging_mixin.py:150} INFO - [2024-02-25T12:51:44.494+0000] {dag.py:3508} INFO - Setting next_dagrun for example_branch_labels to 2024-02-24T00:00:00+00:00, run_after=2024-02-25T00:00:00+00:00
[2024-02-25T12:51:44.518+0000] {processor.py:179} INFO - Processing /home/airflow/.local/lib/python3.7/site-packages/airflow/example_dags/example_branch_labels.py took 0.115 seconds
[2024-02-25T12:52:14.987+0000] {processor.py:157} INFO - Started process (PID=4627) to work on /home/airflow/.local/lib/python3.7/site-packages/airflow/example_dags/example_branch_labels.py
[2024-02-25T12:52:14.989+0000] {processor.py:826} INFO - Processing file /home/airflow/.local/lib/python3.7/site-packages/airflow/example_dags/example_branch_labels.py for tasks to queue
[2024-02-25T12:52:14.990+0000] {logging_mixin.py:150} INFO - [2024-02-25T12:52:14.989+0000] {dagbag.py:541} INFO - Filling up the DagBag from /home/airflow/.local/lib/python3.7/site-packages/airflow/example_dags/example_branch_labels.py
[2024-02-25T12:52:15.001+0000] {processor.py:836} INFO - DAG(s) dict_keys(['example_branch_labels']) retrieved from /home/airflow/.local/lib/python3.7/site-packages/airflow/example_dags/example_branch_labels.py
[2024-02-25T12:52:15.031+0000] {logging_mixin.py:150} INFO - [2024-02-25T12:52:15.031+0000] {dag.py:2742} INFO - Sync 1 DAGs
[2024-02-25T12:52:15.069+0000] {logging_mixin.py:150} INFO - [2024-02-25T12:52:15.068+0000] {dag.py:3508} INFO - Setting next_dagrun for example_branch_labels to 2024-02-24T00:00:00+00:00, run_after=2024-02-25T00:00:00+00:00
[2024-02-25T12:52:15.102+0000] {processor.py:179} INFO - Processing /home/airflow/.local/lib/python3.7/site-packages/airflow/example_dags/example_branch_labels.py took 0.120 seconds
[2024-02-25T12:52:45.553+0000] {processor.py:157} INFO - Started process (PID=4870) to work on /home/airflow/.local/lib/python3.7/site-packages/airflow/example_dags/example_branch_labels.py
[2024-02-25T12:52:45.555+0000] {processor.py:826} INFO - Processing file /home/airflow/.local/lib/python3.7/site-packages/airflow/example_dags/example_branch_labels.py for tasks to queue
[2024-02-25T12:52:45.556+0000] {logging_mixin.py:150} INFO - [2024-02-25T12:52:45.556+0000] {dagbag.py:541} INFO - Filling up the DagBag from /home/airflow/.local/lib/python3.7/site-packages/airflow/example_dags/example_branch_labels.py
[2024-02-25T12:52:45.570+0000] {processor.py:836} INFO - DAG(s) dict_keys(['example_branch_labels']) retrieved from /home/airflow/.local/lib/python3.7/site-packages/airflow/example_dags/example_branch_labels.py
[2024-02-25T12:52:45.608+0000] {logging_mixin.py:150} INFO - [2024-02-25T12:52:45.608+0000] {dag.py:2742} INFO - Sync 1 DAGs
[2024-02-25T12:52:45.662+0000] {logging_mixin.py:150} INFO - [2024-02-25T12:52:45.661+0000] {dag.py:3508} INFO - Setting next_dagrun for example_branch_labels to 2024-02-24T00:00:00+00:00, run_after=2024-02-25T00:00:00+00:00
[2024-02-25T12:52:45.690+0000] {processor.py:179} INFO - Processing /home/airflow/.local/lib/python3.7/site-packages/airflow/example_dags/example_branch_labels.py took 0.142 seconds
[2024-02-25T12:53:16.730+0000] {processor.py:157} INFO - Started process (PID=5111) to work on /home/airflow/.local/lib/python3.7/site-packages/airflow/example_dags/example_branch_labels.py
[2024-02-25T12:53:16.731+0000] {processor.py:826} INFO - Processing file /home/airflow/.local/lib/python3.7/site-packages/airflow/example_dags/example_branch_labels.py for tasks to queue
[2024-02-25T12:53:16.732+0000] {logging_mixin.py:150} INFO - [2024-02-25T12:53:16.732+0000] {dagbag.py:541} INFO - Filling up the DagBag from /home/airflow/.local/lib/python3.7/site-packages/airflow/example_dags/example_branch_labels.py
[2024-02-25T12:53:16.740+0000] {processor.py:836} INFO - DAG(s) dict_keys(['example_branch_labels']) retrieved from /home/airflow/.local/lib/python3.7/site-packages/airflow/example_dags/example_branch_labels.py
[2024-02-25T12:53:16.771+0000] {logging_mixin.py:150} INFO - [2024-02-25T12:53:16.770+0000] {dag.py:2742} INFO - Sync 1 DAGs
[2024-02-25T12:53:16.804+0000] {logging_mixin.py:150} INFO - [2024-02-25T12:53:16.804+0000] {dag.py:3508} INFO - Setting next_dagrun for example_branch_labels to 2024-02-24T00:00:00+00:00, run_after=2024-02-25T00:00:00+00:00
[2024-02-25T12:53:16.825+0000] {processor.py:179} INFO - Processing /home/airflow/.local/lib/python3.7/site-packages/airflow/example_dags/example_branch_labels.py took 0.099 seconds
[2024-02-25T12:53:47.746+0000] {processor.py:157} INFO - Started process (PID=5350) to work on /home/airflow/.local/lib/python3.7/site-packages/airflow/example_dags/example_branch_labels.py
[2024-02-25T12:53:47.747+0000] {processor.py:826} INFO - Processing file /home/airflow/.local/lib/python3.7/site-packages/airflow/example_dags/example_branch_labels.py for tasks to queue
[2024-02-25T12:53:47.748+0000] {logging_mixin.py:150} INFO - [2024-02-25T12:53:47.748+0000] {dagbag.py:541} INFO - Filling up the DagBag from /home/airflow/.local/lib/python3.7/site-packages/airflow/example_dags/example_branch_labels.py
[2024-02-25T12:53:47.759+0000] {processor.py:836} INFO - DAG(s) dict_keys(['example_branch_labels']) retrieved from /home/airflow/.local/lib/python3.7/site-packages/airflow/example_dags/example_branch_labels.py
[2024-02-25T12:53:47.793+0000] {logging_mixin.py:150} INFO - [2024-02-25T12:53:47.793+0000] {dag.py:2742} INFO - Sync 1 DAGs
[2024-02-25T12:53:47.838+0000] {logging_mixin.py:150} INFO - [2024-02-25T12:53:47.837+0000] {dag.py:3508} INFO - Setting next_dagrun for example_branch_labels to 2024-02-24T00:00:00+00:00, run_after=2024-02-25T00:00:00+00:00
[2024-02-25T12:53:47.860+0000] {processor.py:179} INFO - Processing /home/airflow/.local/lib/python3.7/site-packages/airflow/example_dags/example_branch_labels.py took 0.118 seconds
[2024-02-25T12:54:18.451+0000] {processor.py:157} INFO - Started process (PID=5591) to work on /home/airflow/.local/lib/python3.7/site-packages/airflow/example_dags/example_branch_labels.py
[2024-02-25T12:54:18.452+0000] {processor.py:826} INFO - Processing file /home/airflow/.local/lib/python3.7/site-packages/airflow/example_dags/example_branch_labels.py for tasks to queue
[2024-02-25T12:54:18.453+0000] {logging_mixin.py:150} INFO - [2024-02-25T12:54:18.453+0000] {dagbag.py:541} INFO - Filling up the DagBag from /home/airflow/.local/lib/python3.7/site-packages/airflow/example_dags/example_branch_labels.py
[2024-02-25T12:54:18.461+0000] {processor.py:836} INFO - DAG(s) dict_keys(['example_branch_labels']) retrieved from /home/airflow/.local/lib/python3.7/site-packages/airflow/example_dags/example_branch_labels.py
[2024-02-25T12:54:18.491+0000] {logging_mixin.py:150} INFO - [2024-02-25T12:54:18.491+0000] {dag.py:2742} INFO - Sync 1 DAGs
[2024-02-25T12:54:18.541+0000] {logging_mixin.py:150} INFO - [2024-02-25T12:54:18.541+0000] {dag.py:3508} INFO - Setting next_dagrun for example_branch_labels to 2024-02-24T00:00:00+00:00, run_after=2024-02-25T00:00:00+00:00
[2024-02-25T12:54:18.572+0000] {processor.py:179} INFO - Processing /home/airflow/.local/lib/python3.7/site-packages/airflow/example_dags/example_branch_labels.py took 0.125 seconds
[2024-02-25T12:54:48.963+0000] {processor.py:157} INFO - Started process (PID=5832) to work on /home/airflow/.local/lib/python3.7/site-packages/airflow/example_dags/example_branch_labels.py
[2024-02-25T12:54:48.964+0000] {processor.py:826} INFO - Processing file /home/airflow/.local/lib/python3.7/site-packages/airflow/example_dags/example_branch_labels.py for tasks to queue
[2024-02-25T12:54:48.965+0000] {logging_mixin.py:150} INFO - [2024-02-25T12:54:48.965+0000] {dagbag.py:541} INFO - Filling up the DagBag from /home/airflow/.local/lib/python3.7/site-packages/airflow/example_dags/example_branch_labels.py
[2024-02-25T12:54:48.975+0000] {processor.py:836} INFO - DAG(s) dict_keys(['example_branch_labels']) retrieved from /home/airflow/.local/lib/python3.7/site-packages/airflow/example_dags/example_branch_labels.py
[2024-02-25T12:54:49.010+0000] {logging_mixin.py:150} INFO - [2024-02-25T12:54:49.010+0000] {dag.py:2742} INFO - Sync 1 DAGs
[2024-02-25T12:54:49.049+0000] {logging_mixin.py:150} INFO - [2024-02-25T12:54:49.049+0000] {dag.py:3508} INFO - Setting next_dagrun for example_branch_labels to 2024-02-24T00:00:00+00:00, run_after=2024-02-25T00:00:00+00:00
[2024-02-25T12:54:49.071+0000] {processor.py:179} INFO - Processing /home/airflow/.local/lib/python3.7/site-packages/airflow/example_dags/example_branch_labels.py took 0.112 seconds
[2024-02-25T12:55:19.604+0000] {processor.py:157} INFO - Started process (PID=6072) to work on /home/airflow/.local/lib/python3.7/site-packages/airflow/example_dags/example_branch_labels.py
[2024-02-25T12:55:19.605+0000] {processor.py:826} INFO - Processing file /home/airflow/.local/lib/python3.7/site-packages/airflow/example_dags/example_branch_labels.py for tasks to queue
[2024-02-25T12:55:19.606+0000] {logging_mixin.py:150} INFO - [2024-02-25T12:55:19.606+0000] {dagbag.py:541} INFO - Filling up the DagBag from /home/airflow/.local/lib/python3.7/site-packages/airflow/example_dags/example_branch_labels.py
[2024-02-25T12:55:19.618+0000] {processor.py:836} INFO - DAG(s) dict_keys(['example_branch_labels']) retrieved from /home/airflow/.local/lib/python3.7/site-packages/airflow/example_dags/example_branch_labels.py
[2024-02-25T12:55:19.649+0000] {logging_mixin.py:150} INFO - [2024-02-25T12:55:19.649+0000] {dag.py:2742} INFO - Sync 1 DAGs
[2024-02-25T12:55:19.688+0000] {logging_mixin.py:150} INFO - [2024-02-25T12:55:19.688+0000] {dag.py:3508} INFO - Setting next_dagrun for example_branch_labels to 2024-02-24T00:00:00+00:00, run_after=2024-02-25T00:00:00+00:00
[2024-02-25T12:55:19.712+0000] {processor.py:179} INFO - Processing /home/airflow/.local/lib/python3.7/site-packages/airflow/example_dags/example_branch_labels.py took 0.113 seconds
[2024-02-25T12:55:50.482+0000] {processor.py:157} INFO - Started process (PID=6313) to work on /home/airflow/.local/lib/python3.7/site-packages/airflow/example_dags/example_branch_labels.py
[2024-02-25T12:55:50.483+0000] {processor.py:826} INFO - Processing file /home/airflow/.local/lib/python3.7/site-packages/airflow/example_dags/example_branch_labels.py for tasks to queue
[2024-02-25T12:55:50.484+0000] {logging_mixin.py:150} INFO - [2024-02-25T12:55:50.483+0000] {dagbag.py:541} INFO - Filling up the DagBag from /home/airflow/.local/lib/python3.7/site-packages/airflow/example_dags/example_branch_labels.py
[2024-02-25T12:55:50.492+0000] {processor.py:836} INFO - DAG(s) dict_keys(['example_branch_labels']) retrieved from /home/airflow/.local/lib/python3.7/site-packages/airflow/example_dags/example_branch_labels.py
[2024-02-25T12:55:50.521+0000] {logging_mixin.py:150} INFO - [2024-02-25T12:55:50.521+0000] {dag.py:2742} INFO - Sync 1 DAGs
[2024-02-25T12:55:50.571+0000] {logging_mixin.py:150} INFO - [2024-02-25T12:55:50.571+0000] {dag.py:3508} INFO - Setting next_dagrun for example_branch_labels to 2024-02-24T00:00:00+00:00, run_after=2024-02-25T00:00:00+00:00
[2024-02-25T12:55:50.594+0000] {processor.py:179} INFO - Processing /home/airflow/.local/lib/python3.7/site-packages/airflow/example_dags/example_branch_labels.py took 0.116 seconds
[2024-02-25T12:56:21.658+0000] {processor.py:157} INFO - Started process (PID=6561) to work on /home/airflow/.local/lib/python3.7/site-packages/airflow/example_dags/example_branch_labels.py
[2024-02-25T12:56:21.659+0000] {processor.py:826} INFO - Processing file /home/airflow/.local/lib/python3.7/site-packages/airflow/example_dags/example_branch_labels.py for tasks to queue
[2024-02-25T12:56:21.660+0000] {logging_mixin.py:150} INFO - [2024-02-25T12:56:21.660+0000] {dagbag.py:541} INFO - Filling up the DagBag from /home/airflow/.local/lib/python3.7/site-packages/airflow/example_dags/example_branch_labels.py
[2024-02-25T12:56:21.669+0000] {processor.py:836} INFO - DAG(s) dict_keys(['example_branch_labels']) retrieved from /home/airflow/.local/lib/python3.7/site-packages/airflow/example_dags/example_branch_labels.py
[2024-02-25T12:56:21.704+0000] {logging_mixin.py:150} INFO - [2024-02-25T12:56:21.703+0000] {dag.py:2742} INFO - Sync 1 DAGs
[2024-02-25T12:56:21.746+0000] {logging_mixin.py:150} INFO - [2024-02-25T12:56:21.746+0000] {dag.py:3508} INFO - Setting next_dagrun for example_branch_labels to 2024-02-24T00:00:00+00:00, run_after=2024-02-25T00:00:00+00:00
[2024-02-25T12:56:21.770+0000] {processor.py:179} INFO - Processing /home/airflow/.local/lib/python3.7/site-packages/airflow/example_dags/example_branch_labels.py took 0.118 seconds
[2024-02-25T12:56:51.859+0000] {processor.py:157} INFO - Started process (PID=6802) to work on /home/airflow/.local/lib/python3.7/site-packages/airflow/example_dags/example_branch_labels.py
[2024-02-25T12:56:51.859+0000] {processor.py:826} INFO - Processing file /home/airflow/.local/lib/python3.7/site-packages/airflow/example_dags/example_branch_labels.py for tasks to queue
[2024-02-25T12:56:51.860+0000] {logging_mixin.py:150} INFO - [2024-02-25T12:56:51.860+0000] {dagbag.py:541} INFO - Filling up the DagBag from /home/airflow/.local/lib/python3.7/site-packages/airflow/example_dags/example_branch_labels.py
[2024-02-25T12:56:51.871+0000] {processor.py:836} INFO - DAG(s) dict_keys(['example_branch_labels']) retrieved from /home/airflow/.local/lib/python3.7/site-packages/airflow/example_dags/example_branch_labels.py
[2024-02-25T12:56:51.925+0000] {logging_mixin.py:150} INFO - [2024-02-25T12:56:51.925+0000] {dag.py:2742} INFO - Sync 1 DAGs
[2024-02-25T12:56:51.966+0000] {logging_mixin.py:150} INFO - [2024-02-25T12:56:51.966+0000] {dag.py:3508} INFO - Setting next_dagrun for example_branch_labels to 2024-02-24T00:00:00+00:00, run_after=2024-02-25T00:00:00+00:00
[2024-02-25T12:56:51.988+0000] {processor.py:179} INFO - Processing /home/airflow/.local/lib/python3.7/site-packages/airflow/example_dags/example_branch_labels.py took 0.134 seconds
