[2024-02-25T12:43:03.351+0000] {processor.py:157} INFO - Started process (PID=361) to work on /home/airflow/.local/lib/python3.7/site-packages/airflow/example_dags/example_dynamic_task_mapping_with_no_taskflow_operators.py
[2024-02-25T12:43:03.351+0000] {processor.py:826} INFO - Processing file /home/airflow/.local/lib/python3.7/site-packages/airflow/example_dags/example_dynamic_task_mapping_with_no_taskflow_operators.py for tasks to queue
[2024-02-25T12:43:03.352+0000] {logging_mixin.py:150} INFO - [2024-02-25T12:43:03.352+0000] {dagbag.py:541} INFO - Filling up the DagBag from /home/airflow/.local/lib/python3.7/site-packages/airflow/example_dags/example_dynamic_task_mapping_with_no_taskflow_operators.py
[2024-02-25T12:43:03.361+0000] {processor.py:836} INFO - DAG(s) dict_keys(['example_dynamic_task_mapping_with_no_taskflow_operators']) retrieved from /home/airflow/.local/lib/python3.7/site-packages/airflow/example_dags/example_dynamic_task_mapping_with_no_taskflow_operators.py
[2024-02-25T12:43:03.376+0000] {logging_mixin.py:150} INFO - [2024-02-25T12:43:03.376+0000] {dag.py:2742} INFO - Sync 1 DAGs
[2024-02-25T12:43:03.418+0000] {logging_mixin.py:150} INFO - [2024-02-25T12:43:03.418+0000] {dag.py:3508} INFO - Setting next_dagrun for example_dynamic_task_mapping_with_no_taskflow_operators to 2024-02-24T12:43:03.418033+00:00, run_after=2024-02-25T12:43:03.418033+00:00
[2024-02-25T12:43:03.452+0000] {processor.py:179} INFO - Processing /home/airflow/.local/lib/python3.7/site-packages/airflow/example_dags/example_dynamic_task_mapping_with_no_taskflow_operators.py took 0.106 seconds
[2024-02-25T12:43:34.341+0000] {processor.py:157} INFO - Started process (PID=601) to work on /home/airflow/.local/lib/python3.7/site-packages/airflow/example_dags/example_dynamic_task_mapping_with_no_taskflow_operators.py
[2024-02-25T12:43:34.342+0000] {processor.py:826} INFO - Processing file /home/airflow/.local/lib/python3.7/site-packages/airflow/example_dags/example_dynamic_task_mapping_with_no_taskflow_operators.py for tasks to queue
[2024-02-25T12:43:34.343+0000] {logging_mixin.py:150} INFO - [2024-02-25T12:43:34.343+0000] {dagbag.py:541} INFO - Filling up the DagBag from /home/airflow/.local/lib/python3.7/site-packages/airflow/example_dags/example_dynamic_task_mapping_with_no_taskflow_operators.py
[2024-02-25T12:43:34.350+0000] {processor.py:836} INFO - DAG(s) dict_keys(['example_dynamic_task_mapping_with_no_taskflow_operators']) retrieved from /home/airflow/.local/lib/python3.7/site-packages/airflow/example_dags/example_dynamic_task_mapping_with_no_taskflow_operators.py
[2024-02-25T12:43:34.374+0000] {logging_mixin.py:150} INFO - [2024-02-25T12:43:34.374+0000] {dag.py:2742} INFO - Sync 1 DAGs
[2024-02-25T12:43:34.402+0000] {logging_mixin.py:150} INFO - [2024-02-25T12:43:34.402+0000] {dag.py:3508} INFO - Setting next_dagrun for example_dynamic_task_mapping_with_no_taskflow_operators to 2024-02-24T12:43:34.402106+00:00, run_after=2024-02-25T12:43:34.402106+00:00
[2024-02-25T12:43:34.425+0000] {processor.py:179} INFO - Processing /home/airflow/.local/lib/python3.7/site-packages/airflow/example_dags/example_dynamic_task_mapping_with_no_taskflow_operators.py took 0.088 seconds
[2024-02-25T12:44:05.789+0000] {processor.py:157} INFO - Started process (PID=845) to work on /home/airflow/.local/lib/python3.7/site-packages/airflow/example_dags/example_dynamic_task_mapping_with_no_taskflow_operators.py
[2024-02-25T12:44:05.791+0000] {processor.py:826} INFO - Processing file /home/airflow/.local/lib/python3.7/site-packages/airflow/example_dags/example_dynamic_task_mapping_with_no_taskflow_operators.py for tasks to queue
[2024-02-25T12:44:05.792+0000] {logging_mixin.py:150} INFO - [2024-02-25T12:44:05.791+0000] {dagbag.py:541} INFO - Filling up the DagBag from /home/airflow/.local/lib/python3.7/site-packages/airflow/example_dags/example_dynamic_task_mapping_with_no_taskflow_operators.py
[2024-02-25T12:44:05.802+0000] {processor.py:836} INFO - DAG(s) dict_keys(['example_dynamic_task_mapping_with_no_taskflow_operators']) retrieved from /home/airflow/.local/lib/python3.7/site-packages/airflow/example_dags/example_dynamic_task_mapping_with_no_taskflow_operators.py
[2024-02-25T12:44:05.821+0000] {logging_mixin.py:150} INFO - [2024-02-25T12:44:05.821+0000] {dag.py:2742} INFO - Sync 1 DAGs
[2024-02-25T12:44:05.870+0000] {logging_mixin.py:150} INFO - [2024-02-25T12:44:05.870+0000] {dag.py:3508} INFO - Setting next_dagrun for example_dynamic_task_mapping_with_no_taskflow_operators to 2024-02-24T12:44:05.870023+00:00, run_after=2024-02-25T12:44:05.870023+00:00
[2024-02-25T12:44:05.910+0000] {processor.py:179} INFO - Processing /home/airflow/.local/lib/python3.7/site-packages/airflow/example_dags/example_dynamic_task_mapping_with_no_taskflow_operators.py took 0.125 seconds
[2024-02-25T12:44:36.759+0000] {processor.py:157} INFO - Started process (PID=1086) to work on /home/airflow/.local/lib/python3.7/site-packages/airflow/example_dags/example_dynamic_task_mapping_with_no_taskflow_operators.py
[2024-02-25T12:44:36.760+0000] {processor.py:826} INFO - Processing file /home/airflow/.local/lib/python3.7/site-packages/airflow/example_dags/example_dynamic_task_mapping_with_no_taskflow_operators.py for tasks to queue
[2024-02-25T12:44:36.761+0000] {logging_mixin.py:150} INFO - [2024-02-25T12:44:36.761+0000] {dagbag.py:541} INFO - Filling up the DagBag from /home/airflow/.local/lib/python3.7/site-packages/airflow/example_dags/example_dynamic_task_mapping_with_no_taskflow_operators.py
[2024-02-25T12:44:36.773+0000] {processor.py:836} INFO - DAG(s) dict_keys(['example_dynamic_task_mapping_with_no_taskflow_operators']) retrieved from /home/airflow/.local/lib/python3.7/site-packages/airflow/example_dags/example_dynamic_task_mapping_with_no_taskflow_operators.py
[2024-02-25T12:44:36.814+0000] {logging_mixin.py:150} INFO - [2024-02-25T12:44:36.814+0000] {dag.py:2742} INFO - Sync 1 DAGs
[2024-02-25T12:44:36.857+0000] {logging_mixin.py:150} INFO - [2024-02-25T12:44:36.856+0000] {dag.py:3508} INFO - Setting next_dagrun for example_dynamic_task_mapping_with_no_taskflow_operators to 2024-02-24T12:44:36.856448+00:00, run_after=2024-02-25T12:44:36.856448+00:00
[2024-02-25T12:44:36.888+0000] {processor.py:179} INFO - Processing /home/airflow/.local/lib/python3.7/site-packages/airflow/example_dags/example_dynamic_task_mapping_with_no_taskflow_operators.py took 0.135 seconds
[2024-02-25T12:45:07.664+0000] {processor.py:157} INFO - Started process (PID=1325) to work on /home/airflow/.local/lib/python3.7/site-packages/airflow/example_dags/example_dynamic_task_mapping_with_no_taskflow_operators.py
[2024-02-25T12:45:07.665+0000] {processor.py:826} INFO - Processing file /home/airflow/.local/lib/python3.7/site-packages/airflow/example_dags/example_dynamic_task_mapping_with_no_taskflow_operators.py for tasks to queue
[2024-02-25T12:45:07.666+0000] {logging_mixin.py:150} INFO - [2024-02-25T12:45:07.665+0000] {dagbag.py:541} INFO - Filling up the DagBag from /home/airflow/.local/lib/python3.7/site-packages/airflow/example_dags/example_dynamic_task_mapping_with_no_taskflow_operators.py
[2024-02-25T12:45:07.672+0000] {processor.py:836} INFO - DAG(s) dict_keys(['example_dynamic_task_mapping_with_no_taskflow_operators']) retrieved from /home/airflow/.local/lib/python3.7/site-packages/airflow/example_dags/example_dynamic_task_mapping_with_no_taskflow_operators.py
[2024-02-25T12:45:07.702+0000] {logging_mixin.py:150} INFO - [2024-02-25T12:45:07.702+0000] {dag.py:2742} INFO - Sync 1 DAGs
[2024-02-25T12:45:07.742+0000] {logging_mixin.py:150} INFO - [2024-02-25T12:45:07.742+0000] {dag.py:3508} INFO - Setting next_dagrun for example_dynamic_task_mapping_with_no_taskflow_operators to 2024-02-24T12:45:07.742095+00:00, run_after=2024-02-25T12:45:07.742095+00:00
[2024-02-25T12:45:07.773+0000] {processor.py:179} INFO - Processing /home/airflow/.local/lib/python3.7/site-packages/airflow/example_dags/example_dynamic_task_mapping_with_no_taskflow_operators.py took 0.113 seconds
[2024-02-25T12:45:38.101+0000] {processor.py:157} INFO - Started process (PID=1573) to work on /home/airflow/.local/lib/python3.7/site-packages/airflow/example_dags/example_dynamic_task_mapping_with_no_taskflow_operators.py
[2024-02-25T12:45:38.102+0000] {processor.py:826} INFO - Processing file /home/airflow/.local/lib/python3.7/site-packages/airflow/example_dags/example_dynamic_task_mapping_with_no_taskflow_operators.py for tasks to queue
[2024-02-25T12:45:38.103+0000] {logging_mixin.py:150} INFO - [2024-02-25T12:45:38.103+0000] {dagbag.py:541} INFO - Filling up the DagBag from /home/airflow/.local/lib/python3.7/site-packages/airflow/example_dags/example_dynamic_task_mapping_with_no_taskflow_operators.py
[2024-02-25T12:45:38.113+0000] {processor.py:836} INFO - DAG(s) dict_keys(['example_dynamic_task_mapping_with_no_taskflow_operators']) retrieved from /home/airflow/.local/lib/python3.7/site-packages/airflow/example_dags/example_dynamic_task_mapping_with_no_taskflow_operators.py
[2024-02-25T12:45:38.149+0000] {logging_mixin.py:150} INFO - [2024-02-25T12:45:38.148+0000] {dag.py:2742} INFO - Sync 1 DAGs
[2024-02-25T12:45:38.192+0000] {logging_mixin.py:150} INFO - [2024-02-25T12:45:38.192+0000] {dag.py:3508} INFO - Setting next_dagrun for example_dynamic_task_mapping_with_no_taskflow_operators to 2024-02-24T12:45:38.192207+00:00, run_after=2024-02-25T12:45:38.192207+00:00
[2024-02-25T12:45:38.224+0000] {processor.py:179} INFO - Processing /home/airflow/.local/lib/python3.7/site-packages/airflow/example_dags/example_dynamic_task_mapping_with_no_taskflow_operators.py took 0.129 seconds
[2024-02-25T12:46:08.737+0000] {processor.py:157} INFO - Started process (PID=1814) to work on /home/airflow/.local/lib/python3.7/site-packages/airflow/example_dags/example_dynamic_task_mapping_with_no_taskflow_operators.py
[2024-02-25T12:46:08.738+0000] {processor.py:826} INFO - Processing file /home/airflow/.local/lib/python3.7/site-packages/airflow/example_dags/example_dynamic_task_mapping_with_no_taskflow_operators.py for tasks to queue
[2024-02-25T12:46:08.738+0000] {logging_mixin.py:150} INFO - [2024-02-25T12:46:08.738+0000] {dagbag.py:541} INFO - Filling up the DagBag from /home/airflow/.local/lib/python3.7/site-packages/airflow/example_dags/example_dynamic_task_mapping_with_no_taskflow_operators.py
[2024-02-25T12:46:08.747+0000] {processor.py:836} INFO - DAG(s) dict_keys(['example_dynamic_task_mapping_with_no_taskflow_operators']) retrieved from /home/airflow/.local/lib/python3.7/site-packages/airflow/example_dags/example_dynamic_task_mapping_with_no_taskflow_operators.py
[2024-02-25T12:46:08.776+0000] {logging_mixin.py:150} INFO - [2024-02-25T12:46:08.776+0000] {dag.py:2742} INFO - Sync 1 DAGs
[2024-02-25T12:46:08.814+0000] {logging_mixin.py:150} INFO - [2024-02-25T12:46:08.814+0000] {dag.py:3508} INFO - Setting next_dagrun for example_dynamic_task_mapping_with_no_taskflow_operators to 2024-02-24T12:46:08.813805+00:00, run_after=2024-02-25T12:46:08.813805+00:00
[2024-02-25T12:46:08.844+0000] {processor.py:179} INFO - Processing /home/airflow/.local/lib/python3.7/site-packages/airflow/example_dags/example_dynamic_task_mapping_with_no_taskflow_operators.py took 0.111 seconds
[2024-02-25T12:46:39.271+0000] {processor.py:157} INFO - Started process (PID=2055) to work on /home/airflow/.local/lib/python3.7/site-packages/airflow/example_dags/example_dynamic_task_mapping_with_no_taskflow_operators.py
[2024-02-25T12:46:39.271+0000] {processor.py:826} INFO - Processing file /home/airflow/.local/lib/python3.7/site-packages/airflow/example_dags/example_dynamic_task_mapping_with_no_taskflow_operators.py for tasks to queue
[2024-02-25T12:46:39.272+0000] {logging_mixin.py:150} INFO - [2024-02-25T12:46:39.272+0000] {dagbag.py:541} INFO - Filling up the DagBag from /home/airflow/.local/lib/python3.7/site-packages/airflow/example_dags/example_dynamic_task_mapping_with_no_taskflow_operators.py
[2024-02-25T12:46:39.282+0000] {processor.py:836} INFO - DAG(s) dict_keys(['example_dynamic_task_mapping_with_no_taskflow_operators']) retrieved from /home/airflow/.local/lib/python3.7/site-packages/airflow/example_dags/example_dynamic_task_mapping_with_no_taskflow_operators.py
[2024-02-25T12:46:39.316+0000] {logging_mixin.py:150} INFO - [2024-02-25T12:46:39.316+0000] {dag.py:2742} INFO - Sync 1 DAGs
[2024-02-25T12:46:39.362+0000] {logging_mixin.py:150} INFO - [2024-02-25T12:46:39.362+0000] {dag.py:3508} INFO - Setting next_dagrun for example_dynamic_task_mapping_with_no_taskflow_operators to 2024-02-24T12:46:39.361777+00:00, run_after=2024-02-25T12:46:39.361777+00:00
[2024-02-25T12:46:39.394+0000] {processor.py:179} INFO - Processing /home/airflow/.local/lib/python3.7/site-packages/airflow/example_dags/example_dynamic_task_mapping_with_no_taskflow_operators.py took 0.128 seconds
[2024-02-25T12:47:10.677+0000] {processor.py:157} INFO - Started process (PID=2296) to work on /home/airflow/.local/lib/python3.7/site-packages/airflow/example_dags/example_dynamic_task_mapping_with_no_taskflow_operators.py
[2024-02-25T12:47:10.678+0000] {processor.py:826} INFO - Processing file /home/airflow/.local/lib/python3.7/site-packages/airflow/example_dags/example_dynamic_task_mapping_with_no_taskflow_operators.py for tasks to queue
[2024-02-25T12:47:10.680+0000] {logging_mixin.py:150} INFO - [2024-02-25T12:47:10.679+0000] {dagbag.py:541} INFO - Filling up the DagBag from /home/airflow/.local/lib/python3.7/site-packages/airflow/example_dags/example_dynamic_task_mapping_with_no_taskflow_operators.py
[2024-02-25T12:47:10.691+0000] {processor.py:836} INFO - DAG(s) dict_keys(['example_dynamic_task_mapping_with_no_taskflow_operators']) retrieved from /home/airflow/.local/lib/python3.7/site-packages/airflow/example_dags/example_dynamic_task_mapping_with_no_taskflow_operators.py
[2024-02-25T12:47:10.741+0000] {logging_mixin.py:150} INFO - [2024-02-25T12:47:10.741+0000] {dag.py:2742} INFO - Sync 1 DAGs
[2024-02-25T12:47:10.790+0000] {logging_mixin.py:150} INFO - [2024-02-25T12:47:10.789+0000] {dag.py:3508} INFO - Setting next_dagrun for example_dynamic_task_mapping_with_no_taskflow_operators to 2024-02-24T12:47:10.789521+00:00, run_after=2024-02-25T12:47:10.789521+00:00
[2024-02-25T12:47:10.829+0000] {processor.py:179} INFO - Processing /home/airflow/.local/lib/python3.7/site-packages/airflow/example_dags/example_dynamic_task_mapping_with_no_taskflow_operators.py took 0.158 seconds
[2024-02-25T12:47:41.493+0000] {processor.py:157} INFO - Started process (PID=2539) to work on /home/airflow/.local/lib/python3.7/site-packages/airflow/example_dags/example_dynamic_task_mapping_with_no_taskflow_operators.py
[2024-02-25T12:47:41.494+0000] {processor.py:826} INFO - Processing file /home/airflow/.local/lib/python3.7/site-packages/airflow/example_dags/example_dynamic_task_mapping_with_no_taskflow_operators.py for tasks to queue
[2024-02-25T12:47:41.495+0000] {logging_mixin.py:150} INFO - [2024-02-25T12:47:41.495+0000] {dagbag.py:541} INFO - Filling up the DagBag from /home/airflow/.local/lib/python3.7/site-packages/airflow/example_dags/example_dynamic_task_mapping_with_no_taskflow_operators.py
[2024-02-25T12:47:41.502+0000] {processor.py:836} INFO - DAG(s) dict_keys(['example_dynamic_task_mapping_with_no_taskflow_operators']) retrieved from /home/airflow/.local/lib/python3.7/site-packages/airflow/example_dags/example_dynamic_task_mapping_with_no_taskflow_operators.py
[2024-02-25T12:47:41.530+0000] {logging_mixin.py:150} INFO - [2024-02-25T12:47:41.530+0000] {dag.py:2742} INFO - Sync 1 DAGs
[2024-02-25T12:47:41.562+0000] {logging_mixin.py:150} INFO - [2024-02-25T12:47:41.562+0000] {dag.py:3508} INFO - Setting next_dagrun for example_dynamic_task_mapping_with_no_taskflow_operators to 2024-02-24T12:47:41.562288+00:00, run_after=2024-02-25T12:47:41.562288+00:00
[2024-02-25T12:47:41.586+0000] {processor.py:179} INFO - Processing /home/airflow/.local/lib/python3.7/site-packages/airflow/example_dags/example_dynamic_task_mapping_with_no_taskflow_operators.py took 0.098 seconds
[2024-02-25T12:48:11.893+0000] {processor.py:157} INFO - Started process (PID=2778) to work on /home/airflow/.local/lib/python3.7/site-packages/airflow/example_dags/example_dynamic_task_mapping_with_no_taskflow_operators.py
[2024-02-25T12:48:11.894+0000] {processor.py:826} INFO - Processing file /home/airflow/.local/lib/python3.7/site-packages/airflow/example_dags/example_dynamic_task_mapping_with_no_taskflow_operators.py for tasks to queue
[2024-02-25T12:48:11.895+0000] {logging_mixin.py:150} INFO - [2024-02-25T12:48:11.895+0000] {dagbag.py:541} INFO - Filling up the DagBag from /home/airflow/.local/lib/python3.7/site-packages/airflow/example_dags/example_dynamic_task_mapping_with_no_taskflow_operators.py
[2024-02-25T12:48:11.904+0000] {processor.py:836} INFO - DAG(s) dict_keys(['example_dynamic_task_mapping_with_no_taskflow_operators']) retrieved from /home/airflow/.local/lib/python3.7/site-packages/airflow/example_dags/example_dynamic_task_mapping_with_no_taskflow_operators.py
[2024-02-25T12:48:11.934+0000] {logging_mixin.py:150} INFO - [2024-02-25T12:48:11.934+0000] {dag.py:2742} INFO - Sync 1 DAGs
[2024-02-25T12:48:11.973+0000] {logging_mixin.py:150} INFO - [2024-02-25T12:48:11.973+0000] {dag.py:3508} INFO - Setting next_dagrun for example_dynamic_task_mapping_with_no_taskflow_operators to 2024-02-24T12:48:11.973262+00:00, run_after=2024-02-25T12:48:11.973262+00:00
[2024-02-25T12:48:12.005+0000] {processor.py:179} INFO - Processing /home/airflow/.local/lib/python3.7/site-packages/airflow/example_dags/example_dynamic_task_mapping_with_no_taskflow_operators.py took 0.116 seconds
[2024-02-25T12:48:42.509+0000] {processor.py:157} INFO - Started process (PID=3020) to work on /home/airflow/.local/lib/python3.7/site-packages/airflow/example_dags/example_dynamic_task_mapping_with_no_taskflow_operators.py
[2024-02-25T12:48:42.510+0000] {processor.py:826} INFO - Processing file /home/airflow/.local/lib/python3.7/site-packages/airflow/example_dags/example_dynamic_task_mapping_with_no_taskflow_operators.py for tasks to queue
[2024-02-25T12:48:42.511+0000] {logging_mixin.py:150} INFO - [2024-02-25T12:48:42.510+0000] {dagbag.py:541} INFO - Filling up the DagBag from /home/airflow/.local/lib/python3.7/site-packages/airflow/example_dags/example_dynamic_task_mapping_with_no_taskflow_operators.py
[2024-02-25T12:48:42.520+0000] {processor.py:836} INFO - DAG(s) dict_keys(['example_dynamic_task_mapping_with_no_taskflow_operators']) retrieved from /home/airflow/.local/lib/python3.7/site-packages/airflow/example_dags/example_dynamic_task_mapping_with_no_taskflow_operators.py
[2024-02-25T12:48:42.549+0000] {logging_mixin.py:150} INFO - [2024-02-25T12:48:42.549+0000] {dag.py:2742} INFO - Sync 1 DAGs
[2024-02-25T12:48:42.583+0000] {logging_mixin.py:150} INFO - [2024-02-25T12:48:42.583+0000] {dag.py:3508} INFO - Setting next_dagrun for example_dynamic_task_mapping_with_no_taskflow_operators to 2024-02-24T12:48:42.583167+00:00, run_after=2024-02-25T12:48:42.583167+00:00
[2024-02-25T12:48:42.610+0000] {processor.py:179} INFO - Processing /home/airflow/.local/lib/python3.7/site-packages/airflow/example_dags/example_dynamic_task_mapping_with_no_taskflow_operators.py took 0.104 seconds
[2024-02-25T12:49:12.700+0000] {processor.py:157} INFO - Started process (PID=3256) to work on /home/airflow/.local/lib/python3.7/site-packages/airflow/example_dags/example_dynamic_task_mapping_with_no_taskflow_operators.py
[2024-02-25T12:49:12.701+0000] {processor.py:826} INFO - Processing file /home/airflow/.local/lib/python3.7/site-packages/airflow/example_dags/example_dynamic_task_mapping_with_no_taskflow_operators.py for tasks to queue
[2024-02-25T12:49:12.702+0000] {logging_mixin.py:150} INFO - [2024-02-25T12:49:12.702+0000] {dagbag.py:541} INFO - Filling up the DagBag from /home/airflow/.local/lib/python3.7/site-packages/airflow/example_dags/example_dynamic_task_mapping_with_no_taskflow_operators.py
[2024-02-25T12:49:12.710+0000] {processor.py:836} INFO - DAG(s) dict_keys(['example_dynamic_task_mapping_with_no_taskflow_operators']) retrieved from /home/airflow/.local/lib/python3.7/site-packages/airflow/example_dags/example_dynamic_task_mapping_with_no_taskflow_operators.py
[2024-02-25T12:49:12.745+0000] {logging_mixin.py:150} INFO - [2024-02-25T12:49:12.745+0000] {dag.py:2742} INFO - Sync 1 DAGs
[2024-02-25T12:49:12.800+0000] {logging_mixin.py:150} INFO - [2024-02-25T12:49:12.800+0000] {dag.py:3508} INFO - Setting next_dagrun for example_dynamic_task_mapping_with_no_taskflow_operators to 2024-02-24T12:49:12.799784+00:00, run_after=2024-02-25T12:49:12.799784+00:00
[2024-02-25T12:49:12.843+0000] {processor.py:179} INFO - Processing /home/airflow/.local/lib/python3.7/site-packages/airflow/example_dags/example_dynamic_task_mapping_with_no_taskflow_operators.py took 0.148 seconds
[2024-02-25T12:49:43.701+0000] {processor.py:157} INFO - Started process (PID=3497) to work on /home/airflow/.local/lib/python3.7/site-packages/airflow/example_dags/example_dynamic_task_mapping_with_no_taskflow_operators.py
[2024-02-25T12:49:43.702+0000] {processor.py:826} INFO - Processing file /home/airflow/.local/lib/python3.7/site-packages/airflow/example_dags/example_dynamic_task_mapping_with_no_taskflow_operators.py for tasks to queue
[2024-02-25T12:49:43.703+0000] {logging_mixin.py:150} INFO - [2024-02-25T12:49:43.703+0000] {dagbag.py:541} INFO - Filling up the DagBag from /home/airflow/.local/lib/python3.7/site-packages/airflow/example_dags/example_dynamic_task_mapping_with_no_taskflow_operators.py
[2024-02-25T12:49:43.709+0000] {processor.py:836} INFO - DAG(s) dict_keys(['example_dynamic_task_mapping_with_no_taskflow_operators']) retrieved from /home/airflow/.local/lib/python3.7/site-packages/airflow/example_dags/example_dynamic_task_mapping_with_no_taskflow_operators.py
[2024-02-25T12:49:43.737+0000] {logging_mixin.py:150} INFO - [2024-02-25T12:49:43.737+0000] {dag.py:2742} INFO - Sync 1 DAGs
[2024-02-25T12:49:43.782+0000] {logging_mixin.py:150} INFO - [2024-02-25T12:49:43.782+0000] {dag.py:3508} INFO - Setting next_dagrun for example_dynamic_task_mapping_with_no_taskflow_operators to 2024-02-24T12:49:43.782269+00:00, run_after=2024-02-25T12:49:43.782269+00:00
[2024-02-25T12:49:43.810+0000] {processor.py:179} INFO - Processing /home/airflow/.local/lib/python3.7/site-packages/airflow/example_dags/example_dynamic_task_mapping_with_no_taskflow_operators.py took 0.113 seconds
[2024-02-25T12:50:14.811+0000] {processor.py:157} INFO - Started process (PID=3743) to work on /home/airflow/.local/lib/python3.7/site-packages/airflow/example_dags/example_dynamic_task_mapping_with_no_taskflow_operators.py
[2024-02-25T12:50:14.812+0000] {processor.py:826} INFO - Processing file /home/airflow/.local/lib/python3.7/site-packages/airflow/example_dags/example_dynamic_task_mapping_with_no_taskflow_operators.py for tasks to queue
[2024-02-25T12:50:14.813+0000] {logging_mixin.py:150} INFO - [2024-02-25T12:50:14.812+0000] {dagbag.py:541} INFO - Filling up the DagBag from /home/airflow/.local/lib/python3.7/site-packages/airflow/example_dags/example_dynamic_task_mapping_with_no_taskflow_operators.py
[2024-02-25T12:50:14.820+0000] {processor.py:836} INFO - DAG(s) dict_keys(['example_dynamic_task_mapping_with_no_taskflow_operators']) retrieved from /home/airflow/.local/lib/python3.7/site-packages/airflow/example_dags/example_dynamic_task_mapping_with_no_taskflow_operators.py
[2024-02-25T12:50:14.848+0000] {logging_mixin.py:150} INFO - [2024-02-25T12:50:14.848+0000] {dag.py:2742} INFO - Sync 1 DAGs
[2024-02-25T12:50:14.885+0000] {logging_mixin.py:150} INFO - [2024-02-25T12:50:14.885+0000] {dag.py:3508} INFO - Setting next_dagrun for example_dynamic_task_mapping_with_no_taskflow_operators to 2024-02-24T12:50:14.885155+00:00, run_after=2024-02-25T12:50:14.885155+00:00
[2024-02-25T12:50:14.917+0000] {processor.py:179} INFO - Processing /home/airflow/.local/lib/python3.7/site-packages/airflow/example_dags/example_dynamic_task_mapping_with_no_taskflow_operators.py took 0.110 seconds
[2024-02-25T12:50:45.726+0000] {processor.py:157} INFO - Started process (PID=3984) to work on /home/airflow/.local/lib/python3.7/site-packages/airflow/example_dags/example_dynamic_task_mapping_with_no_taskflow_operators.py
[2024-02-25T12:50:45.727+0000] {processor.py:826} INFO - Processing file /home/airflow/.local/lib/python3.7/site-packages/airflow/example_dags/example_dynamic_task_mapping_with_no_taskflow_operators.py for tasks to queue
[2024-02-25T12:50:45.728+0000] {logging_mixin.py:150} INFO - [2024-02-25T12:50:45.727+0000] {dagbag.py:541} INFO - Filling up the DagBag from /home/airflow/.local/lib/python3.7/site-packages/airflow/example_dags/example_dynamic_task_mapping_with_no_taskflow_operators.py
[2024-02-25T12:50:45.734+0000] {processor.py:836} INFO - DAG(s) dict_keys(['example_dynamic_task_mapping_with_no_taskflow_operators']) retrieved from /home/airflow/.local/lib/python3.7/site-packages/airflow/example_dags/example_dynamic_task_mapping_with_no_taskflow_operators.py
[2024-02-25T12:50:45.761+0000] {logging_mixin.py:150} INFO - [2024-02-25T12:50:45.761+0000] {dag.py:2742} INFO - Sync 1 DAGs
[2024-02-25T12:50:45.793+0000] {logging_mixin.py:150} INFO - [2024-02-25T12:50:45.793+0000] {dag.py:3508} INFO - Setting next_dagrun for example_dynamic_task_mapping_with_no_taskflow_operators to 2024-02-24T12:50:45.792782+00:00, run_after=2024-02-25T12:50:45.792782+00:00
[2024-02-25T12:50:45.818+0000] {processor.py:179} INFO - Processing /home/airflow/.local/lib/python3.7/site-packages/airflow/example_dags/example_dynamic_task_mapping_with_no_taskflow_operators.py took 0.097 seconds
[2024-02-25T12:51:16.949+0000] {processor.py:157} INFO - Started process (PID=4225) to work on /home/airflow/.local/lib/python3.7/site-packages/airflow/example_dags/example_dynamic_task_mapping_with_no_taskflow_operators.py
[2024-02-25T12:51:16.950+0000] {processor.py:826} INFO - Processing file /home/airflow/.local/lib/python3.7/site-packages/airflow/example_dags/example_dynamic_task_mapping_with_no_taskflow_operators.py for tasks to queue
[2024-02-25T12:51:16.951+0000] {logging_mixin.py:150} INFO - [2024-02-25T12:51:16.951+0000] {dagbag.py:541} INFO - Filling up the DagBag from /home/airflow/.local/lib/python3.7/site-packages/airflow/example_dags/example_dynamic_task_mapping_with_no_taskflow_operators.py
[2024-02-25T12:51:16.959+0000] {processor.py:836} INFO - DAG(s) dict_keys(['example_dynamic_task_mapping_with_no_taskflow_operators']) retrieved from /home/airflow/.local/lib/python3.7/site-packages/airflow/example_dags/example_dynamic_task_mapping_with_no_taskflow_operators.py
[2024-02-25T12:51:16.991+0000] {logging_mixin.py:150} INFO - [2024-02-25T12:51:16.991+0000] {dag.py:2742} INFO - Sync 1 DAGs
[2024-02-25T12:51:17.022+0000] {logging_mixin.py:150} INFO - [2024-02-25T12:51:17.022+0000] {dag.py:3508} INFO - Setting next_dagrun for example_dynamic_task_mapping_with_no_taskflow_operators to 2024-02-24T12:51:17.021937+00:00, run_after=2024-02-25T12:51:17.021937+00:00
[2024-02-25T12:51:17.045+0000] {processor.py:179} INFO - Processing /home/airflow/.local/lib/python3.7/site-packages/airflow/example_dags/example_dynamic_task_mapping_with_no_taskflow_operators.py took 0.099 seconds
[2024-02-25T12:51:47.758+0000] {processor.py:157} INFO - Started process (PID=4466) to work on /home/airflow/.local/lib/python3.7/site-packages/airflow/example_dags/example_dynamic_task_mapping_with_no_taskflow_operators.py
[2024-02-25T12:51:47.758+0000] {processor.py:826} INFO - Processing file /home/airflow/.local/lib/python3.7/site-packages/airflow/example_dags/example_dynamic_task_mapping_with_no_taskflow_operators.py for tasks to queue
[2024-02-25T12:51:47.759+0000] {logging_mixin.py:150} INFO - [2024-02-25T12:51:47.759+0000] {dagbag.py:541} INFO - Filling up the DagBag from /home/airflow/.local/lib/python3.7/site-packages/airflow/example_dags/example_dynamic_task_mapping_with_no_taskflow_operators.py
[2024-02-25T12:51:47.767+0000] {processor.py:836} INFO - DAG(s) dict_keys(['example_dynamic_task_mapping_with_no_taskflow_operators']) retrieved from /home/airflow/.local/lib/python3.7/site-packages/airflow/example_dags/example_dynamic_task_mapping_with_no_taskflow_operators.py
[2024-02-25T12:51:47.797+0000] {logging_mixin.py:150} INFO - [2024-02-25T12:51:47.797+0000] {dag.py:2742} INFO - Sync 1 DAGs
[2024-02-25T12:51:47.835+0000] {logging_mixin.py:150} INFO - [2024-02-25T12:51:47.835+0000] {dag.py:3508} INFO - Setting next_dagrun for example_dynamic_task_mapping_with_no_taskflow_operators to 2024-02-24T12:51:47.835457+00:00, run_after=2024-02-25T12:51:47.835457+00:00
[2024-02-25T12:51:47.859+0000] {processor.py:179} INFO - Processing /home/airflow/.local/lib/python3.7/site-packages/airflow/example_dags/example_dynamic_task_mapping_with_no_taskflow_operators.py took 0.106 seconds
[2024-02-25T12:52:18.515+0000] {processor.py:157} INFO - Started process (PID=4709) to work on /home/airflow/.local/lib/python3.7/site-packages/airflow/example_dags/example_dynamic_task_mapping_with_no_taskflow_operators.py
[2024-02-25T12:52:18.516+0000] {processor.py:826} INFO - Processing file /home/airflow/.local/lib/python3.7/site-packages/airflow/example_dags/example_dynamic_task_mapping_with_no_taskflow_operators.py for tasks to queue
[2024-02-25T12:52:18.517+0000] {logging_mixin.py:150} INFO - [2024-02-25T12:52:18.517+0000] {dagbag.py:541} INFO - Filling up the DagBag from /home/airflow/.local/lib/python3.7/site-packages/airflow/example_dags/example_dynamic_task_mapping_with_no_taskflow_operators.py
[2024-02-25T12:52:18.523+0000] {processor.py:836} INFO - DAG(s) dict_keys(['example_dynamic_task_mapping_with_no_taskflow_operators']) retrieved from /home/airflow/.local/lib/python3.7/site-packages/airflow/example_dags/example_dynamic_task_mapping_with_no_taskflow_operators.py
[2024-02-25T12:52:18.544+0000] {logging_mixin.py:150} INFO - [2024-02-25T12:52:18.544+0000] {dag.py:2742} INFO - Sync 1 DAGs
[2024-02-25T12:52:18.575+0000] {logging_mixin.py:150} INFO - [2024-02-25T12:52:18.575+0000] {dag.py:3508} INFO - Setting next_dagrun for example_dynamic_task_mapping_with_no_taskflow_operators to 2024-02-24T12:52:18.575099+00:00, run_after=2024-02-25T12:52:18.575099+00:00
[2024-02-25T12:52:18.596+0000] {processor.py:179} INFO - Processing /home/airflow/.local/lib/python3.7/site-packages/airflow/example_dags/example_dynamic_task_mapping_with_no_taskflow_operators.py took 0.084 seconds
[2024-02-25T12:52:48.820+0000] {processor.py:157} INFO - Started process (PID=4948) to work on /home/airflow/.local/lib/python3.7/site-packages/airflow/example_dags/example_dynamic_task_mapping_with_no_taskflow_operators.py
[2024-02-25T12:52:48.821+0000] {processor.py:826} INFO - Processing file /home/airflow/.local/lib/python3.7/site-packages/airflow/example_dags/example_dynamic_task_mapping_with_no_taskflow_operators.py for tasks to queue
[2024-02-25T12:52:48.821+0000] {logging_mixin.py:150} INFO - [2024-02-25T12:52:48.821+0000] {dagbag.py:541} INFO - Filling up the DagBag from /home/airflow/.local/lib/python3.7/site-packages/airflow/example_dags/example_dynamic_task_mapping_with_no_taskflow_operators.py
[2024-02-25T12:52:48.830+0000] {processor.py:836} INFO - DAG(s) dict_keys(['example_dynamic_task_mapping_with_no_taskflow_operators']) retrieved from /home/airflow/.local/lib/python3.7/site-packages/airflow/example_dags/example_dynamic_task_mapping_with_no_taskflow_operators.py
[2024-02-25T12:52:48.855+0000] {logging_mixin.py:150} INFO - [2024-02-25T12:52:48.855+0000] {dag.py:2742} INFO - Sync 1 DAGs
[2024-02-25T12:52:48.884+0000] {logging_mixin.py:150} INFO - [2024-02-25T12:52:48.883+0000] {dag.py:3508} INFO - Setting next_dagrun for example_dynamic_task_mapping_with_no_taskflow_operators to 2024-02-24T12:52:48.883754+00:00, run_after=2024-02-25T12:52:48.883754+00:00
[2024-02-25T12:52:48.906+0000] {processor.py:179} INFO - Processing /home/airflow/.local/lib/python3.7/site-packages/airflow/example_dags/example_dynamic_task_mapping_with_no_taskflow_operators.py took 0.091 seconds
[2024-02-25T12:53:19.987+0000] {processor.py:157} INFO - Started process (PID=5189) to work on /home/airflow/.local/lib/python3.7/site-packages/airflow/example_dags/example_dynamic_task_mapping_with_no_taskflow_operators.py
[2024-02-25T12:53:19.988+0000] {processor.py:826} INFO - Processing file /home/airflow/.local/lib/python3.7/site-packages/airflow/example_dags/example_dynamic_task_mapping_with_no_taskflow_operators.py for tasks to queue
[2024-02-25T12:53:19.989+0000] {logging_mixin.py:150} INFO - [2024-02-25T12:53:19.989+0000] {dagbag.py:541} INFO - Filling up the DagBag from /home/airflow/.local/lib/python3.7/site-packages/airflow/example_dags/example_dynamic_task_mapping_with_no_taskflow_operators.py
[2024-02-25T12:53:19.996+0000] {processor.py:836} INFO - DAG(s) dict_keys(['example_dynamic_task_mapping_with_no_taskflow_operators']) retrieved from /home/airflow/.local/lib/python3.7/site-packages/airflow/example_dags/example_dynamic_task_mapping_with_no_taskflow_operators.py
[2024-02-25T12:53:20.024+0000] {logging_mixin.py:150} INFO - [2024-02-25T12:53:20.024+0000] {dag.py:2742} INFO - Sync 1 DAGs
[2024-02-25T12:53:20.060+0000] {logging_mixin.py:150} INFO - [2024-02-25T12:53:20.060+0000] {dag.py:3508} INFO - Setting next_dagrun for example_dynamic_task_mapping_with_no_taskflow_operators to 2024-02-24T12:53:20.060137+00:00, run_after=2024-02-25T12:53:20.060137+00:00
[2024-02-25T12:53:20.088+0000] {processor.py:179} INFO - Processing /home/airflow/.local/lib/python3.7/site-packages/airflow/example_dags/example_dynamic_task_mapping_with_no_taskflow_operators.py took 0.105 seconds
[2024-02-25T12:53:51.066+0000] {processor.py:157} INFO - Started process (PID=5437) to work on /home/airflow/.local/lib/python3.7/site-packages/airflow/example_dags/example_dynamic_task_mapping_with_no_taskflow_operators.py
[2024-02-25T12:53:51.067+0000] {processor.py:826} INFO - Processing file /home/airflow/.local/lib/python3.7/site-packages/airflow/example_dags/example_dynamic_task_mapping_with_no_taskflow_operators.py for tasks to queue
[2024-02-25T12:53:51.068+0000] {logging_mixin.py:150} INFO - [2024-02-25T12:53:51.068+0000] {dagbag.py:541} INFO - Filling up the DagBag from /home/airflow/.local/lib/python3.7/site-packages/airflow/example_dags/example_dynamic_task_mapping_with_no_taskflow_operators.py
[2024-02-25T12:53:51.078+0000] {processor.py:836} INFO - DAG(s) dict_keys(['example_dynamic_task_mapping_with_no_taskflow_operators']) retrieved from /home/airflow/.local/lib/python3.7/site-packages/airflow/example_dags/example_dynamic_task_mapping_with_no_taskflow_operators.py
[2024-02-25T12:53:51.116+0000] {logging_mixin.py:150} INFO - [2024-02-25T12:53:51.116+0000] {dag.py:2742} INFO - Sync 1 DAGs
[2024-02-25T12:53:51.146+0000] {logging_mixin.py:150} INFO - [2024-02-25T12:53:51.146+0000] {dag.py:3508} INFO - Setting next_dagrun for example_dynamic_task_mapping_with_no_taskflow_operators to 2024-02-24T12:53:51.145973+00:00, run_after=2024-02-25T12:53:51.145973+00:00
[2024-02-25T12:53:51.168+0000] {processor.py:179} INFO - Processing /home/airflow/.local/lib/python3.7/site-packages/airflow/example_dags/example_dynamic_task_mapping_with_no_taskflow_operators.py took 0.106 seconds
[2024-02-25T12:54:21.690+0000] {processor.py:157} INFO - Started process (PID=5678) to work on /home/airflow/.local/lib/python3.7/site-packages/airflow/example_dags/example_dynamic_task_mapping_with_no_taskflow_operators.py
[2024-02-25T12:54:21.691+0000] {processor.py:826} INFO - Processing file /home/airflow/.local/lib/python3.7/site-packages/airflow/example_dags/example_dynamic_task_mapping_with_no_taskflow_operators.py for tasks to queue
[2024-02-25T12:54:21.692+0000] {logging_mixin.py:150} INFO - [2024-02-25T12:54:21.691+0000] {dagbag.py:541} INFO - Filling up the DagBag from /home/airflow/.local/lib/python3.7/site-packages/airflow/example_dags/example_dynamic_task_mapping_with_no_taskflow_operators.py
[2024-02-25T12:54:21.699+0000] {processor.py:836} INFO - DAG(s) dict_keys(['example_dynamic_task_mapping_with_no_taskflow_operators']) retrieved from /home/airflow/.local/lib/python3.7/site-packages/airflow/example_dags/example_dynamic_task_mapping_with_no_taskflow_operators.py
[2024-02-25T12:54:21.725+0000] {logging_mixin.py:150} INFO - [2024-02-25T12:54:21.725+0000] {dag.py:2742} INFO - Sync 1 DAGs
[2024-02-25T12:54:21.755+0000] {logging_mixin.py:150} INFO - [2024-02-25T12:54:21.755+0000] {dag.py:3508} INFO - Setting next_dagrun for example_dynamic_task_mapping_with_no_taskflow_operators to 2024-02-24T12:54:21.754931+00:00, run_after=2024-02-25T12:54:21.754931+00:00
[2024-02-25T12:54:21.778+0000] {processor.py:179} INFO - Processing /home/airflow/.local/lib/python3.7/site-packages/airflow/example_dags/example_dynamic_task_mapping_with_no_taskflow_operators.py took 0.093 seconds
[2024-02-25T12:54:52.343+0000] {processor.py:157} INFO - Started process (PID=5918) to work on /home/airflow/.local/lib/python3.7/site-packages/airflow/example_dags/example_dynamic_task_mapping_with_no_taskflow_operators.py
[2024-02-25T12:54:52.343+0000] {processor.py:826} INFO - Processing file /home/airflow/.local/lib/python3.7/site-packages/airflow/example_dags/example_dynamic_task_mapping_with_no_taskflow_operators.py for tasks to queue
[2024-02-25T12:54:52.344+0000] {logging_mixin.py:150} INFO - [2024-02-25T12:54:52.344+0000] {dagbag.py:541} INFO - Filling up the DagBag from /home/airflow/.local/lib/python3.7/site-packages/airflow/example_dags/example_dynamic_task_mapping_with_no_taskflow_operators.py
[2024-02-25T12:54:52.352+0000] {processor.py:836} INFO - DAG(s) dict_keys(['example_dynamic_task_mapping_with_no_taskflow_operators']) retrieved from /home/airflow/.local/lib/python3.7/site-packages/airflow/example_dags/example_dynamic_task_mapping_with_no_taskflow_operators.py
[2024-02-25T12:54:52.378+0000] {logging_mixin.py:150} INFO - [2024-02-25T12:54:52.378+0000] {dag.py:2742} INFO - Sync 1 DAGs
[2024-02-25T12:54:52.407+0000] {logging_mixin.py:150} INFO - [2024-02-25T12:54:52.407+0000] {dag.py:3508} INFO - Setting next_dagrun for example_dynamic_task_mapping_with_no_taskflow_operators to 2024-02-24T12:54:52.407022+00:00, run_after=2024-02-25T12:54:52.407022+00:00
[2024-02-25T12:54:52.430+0000] {processor.py:179} INFO - Processing /home/airflow/.local/lib/python3.7/site-packages/airflow/example_dags/example_dynamic_task_mapping_with_no_taskflow_operators.py took 0.091 seconds
[2024-02-25T12:55:22.925+0000] {processor.py:157} INFO - Started process (PID=6159) to work on /home/airflow/.local/lib/python3.7/site-packages/airflow/example_dags/example_dynamic_task_mapping_with_no_taskflow_operators.py
[2024-02-25T12:55:22.926+0000] {processor.py:826} INFO - Processing file /home/airflow/.local/lib/python3.7/site-packages/airflow/example_dags/example_dynamic_task_mapping_with_no_taskflow_operators.py for tasks to queue
[2024-02-25T12:55:22.926+0000] {logging_mixin.py:150} INFO - [2024-02-25T12:55:22.926+0000] {dagbag.py:541} INFO - Filling up the DagBag from /home/airflow/.local/lib/python3.7/site-packages/airflow/example_dags/example_dynamic_task_mapping_with_no_taskflow_operators.py
[2024-02-25T12:55:22.933+0000] {processor.py:836} INFO - DAG(s) dict_keys(['example_dynamic_task_mapping_with_no_taskflow_operators']) retrieved from /home/airflow/.local/lib/python3.7/site-packages/airflow/example_dags/example_dynamic_task_mapping_with_no_taskflow_operators.py
[2024-02-25T12:55:22.960+0000] {logging_mixin.py:150} INFO - [2024-02-25T12:55:22.959+0000] {dag.py:2742} INFO - Sync 1 DAGs
[2024-02-25T12:55:22.993+0000] {logging_mixin.py:150} INFO - [2024-02-25T12:55:22.993+0000] {dag.py:3508} INFO - Setting next_dagrun for example_dynamic_task_mapping_with_no_taskflow_operators to 2024-02-24T12:55:22.993193+00:00, run_after=2024-02-25T12:55:22.993193+00:00
[2024-02-25T12:55:23.017+0000] {processor.py:179} INFO - Processing /home/airflow/.local/lib/python3.7/site-packages/airflow/example_dags/example_dynamic_task_mapping_with_no_taskflow_operators.py took 0.096 seconds
[2024-02-25T12:55:53.742+0000] {processor.py:157} INFO - Started process (PID=6400) to work on /home/airflow/.local/lib/python3.7/site-packages/airflow/example_dags/example_dynamic_task_mapping_with_no_taskflow_operators.py
[2024-02-25T12:55:53.743+0000] {processor.py:826} INFO - Processing file /home/airflow/.local/lib/python3.7/site-packages/airflow/example_dags/example_dynamic_task_mapping_with_no_taskflow_operators.py for tasks to queue
[2024-02-25T12:55:53.744+0000] {logging_mixin.py:150} INFO - [2024-02-25T12:55:53.744+0000] {dagbag.py:541} INFO - Filling up the DagBag from /home/airflow/.local/lib/python3.7/site-packages/airflow/example_dags/example_dynamic_task_mapping_with_no_taskflow_operators.py
[2024-02-25T12:55:53.750+0000] {processor.py:836} INFO - DAG(s) dict_keys(['example_dynamic_task_mapping_with_no_taskflow_operators']) retrieved from /home/airflow/.local/lib/python3.7/site-packages/airflow/example_dags/example_dynamic_task_mapping_with_no_taskflow_operators.py
[2024-02-25T12:55:53.780+0000] {logging_mixin.py:150} INFO - [2024-02-25T12:55:53.779+0000] {dag.py:2742} INFO - Sync 1 DAGs
[2024-02-25T12:55:53.811+0000] {logging_mixin.py:150} INFO - [2024-02-25T12:55:53.811+0000] {dag.py:3508} INFO - Setting next_dagrun for example_dynamic_task_mapping_with_no_taskflow_operators to 2024-02-24T12:55:53.811467+00:00, run_after=2024-02-25T12:55:53.811467+00:00
[2024-02-25T12:55:53.836+0000] {processor.py:179} INFO - Processing /home/airflow/.local/lib/python3.7/site-packages/airflow/example_dags/example_dynamic_task_mapping_with_no_taskflow_operators.py took 0.098 seconds
[2024-02-25T12:56:23.971+0000] {processor.py:157} INFO - Started process (PID=6641) to work on /home/airflow/.local/lib/python3.7/site-packages/airflow/example_dags/example_dynamic_task_mapping_with_no_taskflow_operators.py
[2024-02-25T12:56:23.972+0000] {processor.py:826} INFO - Processing file /home/airflow/.local/lib/python3.7/site-packages/airflow/example_dags/example_dynamic_task_mapping_with_no_taskflow_operators.py for tasks to queue
[2024-02-25T12:56:23.973+0000] {logging_mixin.py:150} INFO - [2024-02-25T12:56:23.972+0000] {dagbag.py:541} INFO - Filling up the DagBag from /home/airflow/.local/lib/python3.7/site-packages/airflow/example_dags/example_dynamic_task_mapping_with_no_taskflow_operators.py
[2024-02-25T12:56:23.979+0000] {processor.py:836} INFO - DAG(s) dict_keys(['example_dynamic_task_mapping_with_no_taskflow_operators']) retrieved from /home/airflow/.local/lib/python3.7/site-packages/airflow/example_dags/example_dynamic_task_mapping_with_no_taskflow_operators.py
[2024-02-25T12:56:24.003+0000] {logging_mixin.py:150} INFO - [2024-02-25T12:56:24.003+0000] {dag.py:2742} INFO - Sync 1 DAGs
[2024-02-25T12:56:24.032+0000] {logging_mixin.py:150} INFO - [2024-02-25T12:56:24.031+0000] {dag.py:3508} INFO - Setting next_dagrun for example_dynamic_task_mapping_with_no_taskflow_operators to 2024-02-24T12:56:24.031667+00:00, run_after=2024-02-25T12:56:24.031667+00:00
[2024-02-25T12:56:24.055+0000] {processor.py:179} INFO - Processing /home/airflow/.local/lib/python3.7/site-packages/airflow/example_dags/example_dynamic_task_mapping_with_no_taskflow_operators.py took 0.087 seconds
[2024-02-25T12:56:54.151+0000] {processor.py:157} INFO - Started process (PID=6877) to work on /home/airflow/.local/lib/python3.7/site-packages/airflow/example_dags/example_dynamic_task_mapping_with_no_taskflow_operators.py
[2024-02-25T12:56:54.152+0000] {processor.py:826} INFO - Processing file /home/airflow/.local/lib/python3.7/site-packages/airflow/example_dags/example_dynamic_task_mapping_with_no_taskflow_operators.py for tasks to queue
[2024-02-25T12:56:54.153+0000] {logging_mixin.py:150} INFO - [2024-02-25T12:56:54.153+0000] {dagbag.py:541} INFO - Filling up the DagBag from /home/airflow/.local/lib/python3.7/site-packages/airflow/example_dags/example_dynamic_task_mapping_with_no_taskflow_operators.py
[2024-02-25T12:56:54.160+0000] {processor.py:836} INFO - DAG(s) dict_keys(['example_dynamic_task_mapping_with_no_taskflow_operators']) retrieved from /home/airflow/.local/lib/python3.7/site-packages/airflow/example_dags/example_dynamic_task_mapping_with_no_taskflow_operators.py
[2024-02-25T12:56:54.187+0000] {logging_mixin.py:150} INFO - [2024-02-25T12:56:54.186+0000] {dag.py:2742} INFO - Sync 1 DAGs
[2024-02-25T12:56:54.239+0000] {logging_mixin.py:150} INFO - [2024-02-25T12:56:54.239+0000] {dag.py:3508} INFO - Setting next_dagrun for example_dynamic_task_mapping_with_no_taskflow_operators to 2024-02-24T12:56:54.238989+00:00, run_after=2024-02-25T12:56:54.238989+00:00
[2024-02-25T12:56:54.278+0000] {processor.py:179} INFO - Processing /home/airflow/.local/lib/python3.7/site-packages/airflow/example_dags/example_dynamic_task_mapping_with_no_taskflow_operators.py took 0.130 seconds
