[2024-02-25T12:43:01.763+0000] {processor.py:157} INFO - Started process (PID=266) to work on /home/airflow/.local/lib/python3.7/site-packages/airflow/example_dags/example_params_trigger_ui.py
[2024-02-25T12:43:01.764+0000] {processor.py:826} INFO - Processing file /home/airflow/.local/lib/python3.7/site-packages/airflow/example_dags/example_params_trigger_ui.py for tasks to queue
[2024-02-25T12:43:01.764+0000] {logging_mixin.py:150} INFO - [2024-02-25T12:43:01.764+0000] {dagbag.py:541} INFO - Filling up the DagBag from /home/airflow/.local/lib/python3.7/site-packages/airflow/example_dags/example_params_trigger_ui.py
[2024-02-25T12:43:01.794+0000] {processor.py:836} INFO - DAG(s) dict_keys(['example_params_trigger_ui']) retrieved from /home/airflow/.local/lib/python3.7/site-packages/airflow/example_dags/example_params_trigger_ui.py
[2024-02-25T12:43:01.808+0000] {logging_mixin.py:150} INFO - [2024-02-25T12:43:01.808+0000] {dag.py:2742} INFO - Sync 1 DAGs
[2024-02-25T12:43:01.847+0000] {logging_mixin.py:150} INFO - [2024-02-25T12:43:01.846+0000] {dag.py:3508} INFO - Setting next_dagrun for example_params_trigger_ui to None, run_after=None
[2024-02-25T12:43:01.875+0000] {processor.py:179} INFO - Processing /home/airflow/.local/lib/python3.7/site-packages/airflow/example_dags/example_params_trigger_ui.py took 0.116 seconds
[2024-02-25T12:43:32.680+0000] {processor.py:157} INFO - Started process (PID=506) to work on /home/airflow/.local/lib/python3.7/site-packages/airflow/example_dags/example_params_trigger_ui.py
[2024-02-25T12:43:32.681+0000] {processor.py:826} INFO - Processing file /home/airflow/.local/lib/python3.7/site-packages/airflow/example_dags/example_params_trigger_ui.py for tasks to queue
[2024-02-25T12:43:32.682+0000] {logging_mixin.py:150} INFO - [2024-02-25T12:43:32.682+0000] {dagbag.py:541} INFO - Filling up the DagBag from /home/airflow/.local/lib/python3.7/site-packages/airflow/example_dags/example_params_trigger_ui.py
[2024-02-25T12:43:32.720+0000] {processor.py:836} INFO - DAG(s) dict_keys(['example_params_trigger_ui']) retrieved from /home/airflow/.local/lib/python3.7/site-packages/airflow/example_dags/example_params_trigger_ui.py
[2024-02-25T12:43:32.869+0000] {logging_mixin.py:150} INFO - [2024-02-25T12:43:32.869+0000] {dag.py:2742} INFO - Sync 1 DAGs
[2024-02-25T12:43:32.908+0000] {logging_mixin.py:150} INFO - [2024-02-25T12:43:32.907+0000] {dag.py:3508} INFO - Setting next_dagrun for example_params_trigger_ui to None, run_after=None
[2024-02-25T12:43:32.931+0000] {processor.py:179} INFO - Processing /home/airflow/.local/lib/python3.7/site-packages/airflow/example_dags/example_params_trigger_ui.py took 0.254 seconds
[2024-02-25T12:44:03.768+0000] {processor.py:157} INFO - Started process (PID=753) to work on /home/airflow/.local/lib/python3.7/site-packages/airflow/example_dags/example_params_trigger_ui.py
[2024-02-25T12:44:03.769+0000] {processor.py:826} INFO - Processing file /home/airflow/.local/lib/python3.7/site-packages/airflow/example_dags/example_params_trigger_ui.py for tasks to queue
[2024-02-25T12:44:03.771+0000] {logging_mixin.py:150} INFO - [2024-02-25T12:44:03.770+0000] {dagbag.py:541} INFO - Filling up the DagBag from /home/airflow/.local/lib/python3.7/site-packages/airflow/example_dags/example_params_trigger_ui.py
[2024-02-25T12:44:03.810+0000] {processor.py:836} INFO - DAG(s) dict_keys(['example_params_trigger_ui']) retrieved from /home/airflow/.local/lib/python3.7/site-packages/airflow/example_dags/example_params_trigger_ui.py
[2024-02-25T12:44:03.827+0000] {logging_mixin.py:150} INFO - [2024-02-25T12:44:03.826+0000] {dag.py:2742} INFO - Sync 1 DAGs
[2024-02-25T12:44:03.871+0000] {logging_mixin.py:150} INFO - [2024-02-25T12:44:03.871+0000] {dag.py:3508} INFO - Setting next_dagrun for example_params_trigger_ui to None, run_after=None
[2024-02-25T12:44:03.907+0000] {processor.py:179} INFO - Processing /home/airflow/.local/lib/python3.7/site-packages/airflow/example_dags/example_params_trigger_ui.py took 0.144 seconds
[2024-02-25T12:44:34.492+0000] {processor.py:157} INFO - Started process (PID=989) to work on /home/airflow/.local/lib/python3.7/site-packages/airflow/example_dags/example_params_trigger_ui.py
[2024-02-25T12:44:34.493+0000] {processor.py:826} INFO - Processing file /home/airflow/.local/lib/python3.7/site-packages/airflow/example_dags/example_params_trigger_ui.py for tasks to queue
[2024-02-25T12:44:34.493+0000] {logging_mixin.py:150} INFO - [2024-02-25T12:44:34.493+0000] {dagbag.py:541} INFO - Filling up the DagBag from /home/airflow/.local/lib/python3.7/site-packages/airflow/example_dags/example_params_trigger_ui.py
[2024-02-25T12:44:34.534+0000] {processor.py:836} INFO - DAG(s) dict_keys(['example_params_trigger_ui']) retrieved from /home/airflow/.local/lib/python3.7/site-packages/airflow/example_dags/example_params_trigger_ui.py
[2024-02-25T12:44:34.722+0000] {logging_mixin.py:150} INFO - [2024-02-25T12:44:34.722+0000] {dag.py:2742} INFO - Sync 1 DAGs
[2024-02-25T12:44:34.760+0000] {logging_mixin.py:150} INFO - [2024-02-25T12:44:34.760+0000] {dag.py:3508} INFO - Setting next_dagrun for example_params_trigger_ui to None, run_after=None
[2024-02-25T12:44:34.791+0000] {processor.py:179} INFO - Processing /home/airflow/.local/lib/python3.7/site-packages/airflow/example_dags/example_params_trigger_ui.py took 0.304 seconds
[2024-02-25T12:45:05.632+0000] {processor.py:157} INFO - Started process (PID=1230) to work on /home/airflow/.local/lib/python3.7/site-packages/airflow/example_dags/example_params_trigger_ui.py
[2024-02-25T12:45:05.633+0000] {processor.py:826} INFO - Processing file /home/airflow/.local/lib/python3.7/site-packages/airflow/example_dags/example_params_trigger_ui.py for tasks to queue
[2024-02-25T12:45:05.634+0000] {logging_mixin.py:150} INFO - [2024-02-25T12:45:05.634+0000] {dagbag.py:541} INFO - Filling up the DagBag from /home/airflow/.local/lib/python3.7/site-packages/airflow/example_dags/example_params_trigger_ui.py
[2024-02-25T12:45:05.678+0000] {processor.py:836} INFO - DAG(s) dict_keys(['example_params_trigger_ui']) retrieved from /home/airflow/.local/lib/python3.7/site-packages/airflow/example_dags/example_params_trigger_ui.py
[2024-02-25T12:45:05.882+0000] {logging_mixin.py:150} INFO - [2024-02-25T12:45:05.882+0000] {dag.py:2742} INFO - Sync 1 DAGs
[2024-02-25T12:45:05.937+0000] {logging_mixin.py:150} INFO - [2024-02-25T12:45:05.936+0000] {dag.py:3508} INFO - Setting next_dagrun for example_params_trigger_ui to None, run_after=None
[2024-02-25T12:45:05.969+0000] {processor.py:179} INFO - Processing /home/airflow/.local/lib/python3.7/site-packages/airflow/example_dags/example_params_trigger_ui.py took 0.342 seconds
[2024-02-25T12:45:36.133+0000] {processor.py:157} INFO - Started process (PID=1478) to work on /home/airflow/.local/lib/python3.7/site-packages/airflow/example_dags/example_params_trigger_ui.py
[2024-02-25T12:45:36.134+0000] {processor.py:826} INFO - Processing file /home/airflow/.local/lib/python3.7/site-packages/airflow/example_dags/example_params_trigger_ui.py for tasks to queue
[2024-02-25T12:45:36.137+0000] {logging_mixin.py:150} INFO - [2024-02-25T12:45:36.135+0000] {dagbag.py:541} INFO - Filling up the DagBag from /home/airflow/.local/lib/python3.7/site-packages/airflow/example_dags/example_params_trigger_ui.py
[2024-02-25T12:45:36.214+0000] {processor.py:836} INFO - DAG(s) dict_keys(['example_params_trigger_ui']) retrieved from /home/airflow/.local/lib/python3.7/site-packages/airflow/example_dags/example_params_trigger_ui.py
[2024-02-25T12:45:36.384+0000] {logging_mixin.py:150} INFO - [2024-02-25T12:45:36.384+0000] {dag.py:2742} INFO - Sync 1 DAGs
[2024-02-25T12:45:36.434+0000] {logging_mixin.py:150} INFO - [2024-02-25T12:45:36.433+0000] {dag.py:3508} INFO - Setting next_dagrun for example_params_trigger_ui to None, run_after=None
[2024-02-25T12:45:36.474+0000] {processor.py:179} INFO - Processing /home/airflow/.local/lib/python3.7/site-packages/airflow/example_dags/example_params_trigger_ui.py took 0.354 seconds
[2024-02-25T12:46:06.681+0000] {processor.py:157} INFO - Started process (PID=1719) to work on /home/airflow/.local/lib/python3.7/site-packages/airflow/example_dags/example_params_trigger_ui.py
[2024-02-25T12:46:06.683+0000] {processor.py:826} INFO - Processing file /home/airflow/.local/lib/python3.7/site-packages/airflow/example_dags/example_params_trigger_ui.py for tasks to queue
[2024-02-25T12:46:06.684+0000] {logging_mixin.py:150} INFO - [2024-02-25T12:46:06.684+0000] {dagbag.py:541} INFO - Filling up the DagBag from /home/airflow/.local/lib/python3.7/site-packages/airflow/example_dags/example_params_trigger_ui.py
[2024-02-25T12:46:06.722+0000] {processor.py:836} INFO - DAG(s) dict_keys(['example_params_trigger_ui']) retrieved from /home/airflow/.local/lib/python3.7/site-packages/airflow/example_dags/example_params_trigger_ui.py
[2024-02-25T12:46:06.870+0000] {logging_mixin.py:150} INFO - [2024-02-25T12:46:06.870+0000] {dag.py:2742} INFO - Sync 1 DAGs
[2024-02-25T12:46:06.919+0000] {logging_mixin.py:150} INFO - [2024-02-25T12:46:06.919+0000] {dag.py:3508} INFO - Setting next_dagrun for example_params_trigger_ui to None, run_after=None
[2024-02-25T12:46:06.950+0000] {processor.py:179} INFO - Processing /home/airflow/.local/lib/python3.7/site-packages/airflow/example_dags/example_params_trigger_ui.py took 0.274 seconds
[2024-02-25T12:46:37.252+0000] {processor.py:157} INFO - Started process (PID=1965) to work on /home/airflow/.local/lib/python3.7/site-packages/airflow/example_dags/example_params_trigger_ui.py
[2024-02-25T12:46:37.253+0000] {processor.py:826} INFO - Processing file /home/airflow/.local/lib/python3.7/site-packages/airflow/example_dags/example_params_trigger_ui.py for tasks to queue
[2024-02-25T12:46:37.254+0000] {logging_mixin.py:150} INFO - [2024-02-25T12:46:37.253+0000] {dagbag.py:541} INFO - Filling up the DagBag from /home/airflow/.local/lib/python3.7/site-packages/airflow/example_dags/example_params_trigger_ui.py
[2024-02-25T12:46:37.290+0000] {processor.py:836} INFO - DAG(s) dict_keys(['example_params_trigger_ui']) retrieved from /home/airflow/.local/lib/python3.7/site-packages/airflow/example_dags/example_params_trigger_ui.py
[2024-02-25T12:46:37.459+0000] {logging_mixin.py:150} INFO - [2024-02-25T12:46:37.459+0000] {dag.py:2742} INFO - Sync 1 DAGs
[2024-02-25T12:46:37.509+0000] {logging_mixin.py:150} INFO - [2024-02-25T12:46:37.508+0000] {dag.py:3508} INFO - Setting next_dagrun for example_params_trigger_ui to None, run_after=None
[2024-02-25T12:46:37.539+0000] {processor.py:179} INFO - Processing /home/airflow/.local/lib/python3.7/site-packages/airflow/example_dags/example_params_trigger_ui.py took 0.292 seconds
[2024-02-25T12:47:08.150+0000] {processor.py:157} INFO - Started process (PID=2206) to work on /home/airflow/.local/lib/python3.7/site-packages/airflow/example_dags/example_params_trigger_ui.py
[2024-02-25T12:47:08.152+0000] {processor.py:826} INFO - Processing file /home/airflow/.local/lib/python3.7/site-packages/airflow/example_dags/example_params_trigger_ui.py for tasks to queue
[2024-02-25T12:47:08.152+0000] {logging_mixin.py:150} INFO - [2024-02-25T12:47:08.152+0000] {dagbag.py:541} INFO - Filling up the DagBag from /home/airflow/.local/lib/python3.7/site-packages/airflow/example_dags/example_params_trigger_ui.py
[2024-02-25T12:47:08.192+0000] {processor.py:836} INFO - DAG(s) dict_keys(['example_params_trigger_ui']) retrieved from /home/airflow/.local/lib/python3.7/site-packages/airflow/example_dags/example_params_trigger_ui.py
[2024-02-25T12:47:08.366+0000] {logging_mixin.py:150} INFO - [2024-02-25T12:47:08.366+0000] {dag.py:2742} INFO - Sync 1 DAGs
[2024-02-25T12:47:08.410+0000] {logging_mixin.py:150} INFO - [2024-02-25T12:47:08.410+0000] {dag.py:3508} INFO - Setting next_dagrun for example_params_trigger_ui to None, run_after=None
[2024-02-25T12:47:08.447+0000] {processor.py:179} INFO - Processing /home/airflow/.local/lib/python3.7/site-packages/airflow/example_dags/example_params_trigger_ui.py took 0.307 seconds
[2024-02-25T12:47:38.732+0000] {processor.py:157} INFO - Started process (PID=2442) to work on /home/airflow/.local/lib/python3.7/site-packages/airflow/example_dags/example_params_trigger_ui.py
[2024-02-25T12:47:38.732+0000] {processor.py:826} INFO - Processing file /home/airflow/.local/lib/python3.7/site-packages/airflow/example_dags/example_params_trigger_ui.py for tasks to queue
[2024-02-25T12:47:38.733+0000] {logging_mixin.py:150} INFO - [2024-02-25T12:47:38.733+0000] {dagbag.py:541} INFO - Filling up the DagBag from /home/airflow/.local/lib/python3.7/site-packages/airflow/example_dags/example_params_trigger_ui.py
[2024-02-25T12:47:38.765+0000] {processor.py:836} INFO - DAG(s) dict_keys(['example_params_trigger_ui']) retrieved from /home/airflow/.local/lib/python3.7/site-packages/airflow/example_dags/example_params_trigger_ui.py
[2024-02-25T12:47:38.916+0000] {logging_mixin.py:150} INFO - [2024-02-25T12:47:38.916+0000] {dag.py:2742} INFO - Sync 1 DAGs
[2024-02-25T12:47:38.959+0000] {logging_mixin.py:150} INFO - [2024-02-25T12:47:38.959+0000] {dag.py:3508} INFO - Setting next_dagrun for example_params_trigger_ui to None, run_after=None
[2024-02-25T12:47:38.984+0000] {processor.py:179} INFO - Processing /home/airflow/.local/lib/python3.7/site-packages/airflow/example_dags/example_params_trigger_ui.py took 0.256 seconds
[2024-02-25T12:48:09.174+0000] {processor.py:157} INFO - Started process (PID=2683) to work on /home/airflow/.local/lib/python3.7/site-packages/airflow/example_dags/example_params_trigger_ui.py
[2024-02-25T12:48:09.175+0000] {processor.py:826} INFO - Processing file /home/airflow/.local/lib/python3.7/site-packages/airflow/example_dags/example_params_trigger_ui.py for tasks to queue
[2024-02-25T12:48:09.176+0000] {logging_mixin.py:150} INFO - [2024-02-25T12:48:09.176+0000] {dagbag.py:541} INFO - Filling up the DagBag from /home/airflow/.local/lib/python3.7/site-packages/airflow/example_dags/example_params_trigger_ui.py
[2024-02-25T12:48:09.204+0000] {processor.py:836} INFO - DAG(s) dict_keys(['example_params_trigger_ui']) retrieved from /home/airflow/.local/lib/python3.7/site-packages/airflow/example_dags/example_params_trigger_ui.py
[2024-02-25T12:48:09.343+0000] {logging_mixin.py:150} INFO - [2024-02-25T12:48:09.343+0000] {dag.py:2742} INFO - Sync 1 DAGs
[2024-02-25T12:48:09.381+0000] {logging_mixin.py:150} INFO - [2024-02-25T12:48:09.381+0000] {dag.py:3508} INFO - Setting next_dagrun for example_params_trigger_ui to None, run_after=None
[2024-02-25T12:48:09.413+0000] {processor.py:179} INFO - Processing /home/airflow/.local/lib/python3.7/site-packages/airflow/example_dags/example_params_trigger_ui.py took 0.243 seconds
[2024-02-25T12:48:39.769+0000] {processor.py:157} INFO - Started process (PID=2925) to work on /home/airflow/.local/lib/python3.7/site-packages/airflow/example_dags/example_params_trigger_ui.py
[2024-02-25T12:48:39.770+0000] {processor.py:826} INFO - Processing file /home/airflow/.local/lib/python3.7/site-packages/airflow/example_dags/example_params_trigger_ui.py for tasks to queue
[2024-02-25T12:48:39.772+0000] {logging_mixin.py:150} INFO - [2024-02-25T12:48:39.771+0000] {dagbag.py:541} INFO - Filling up the DagBag from /home/airflow/.local/lib/python3.7/site-packages/airflow/example_dags/example_params_trigger_ui.py
[2024-02-25T12:48:39.799+0000] {processor.py:836} INFO - DAG(s) dict_keys(['example_params_trigger_ui']) retrieved from /home/airflow/.local/lib/python3.7/site-packages/airflow/example_dags/example_params_trigger_ui.py
[2024-02-25T12:48:39.925+0000] {logging_mixin.py:150} INFO - [2024-02-25T12:48:39.925+0000] {dag.py:2742} INFO - Sync 1 DAGs
[2024-02-25T12:48:39.995+0000] {logging_mixin.py:150} INFO - [2024-02-25T12:48:39.994+0000] {dag.py:3508} INFO - Setting next_dagrun for example_params_trigger_ui to None, run_after=None
[2024-02-25T12:48:40.030+0000] {processor.py:179} INFO - Processing /home/airflow/.local/lib/python3.7/site-packages/airflow/example_dags/example_params_trigger_ui.py took 0.265 seconds
[2024-02-25T12:49:10.585+0000] {processor.py:157} INFO - Started process (PID=3166) to work on /home/airflow/.local/lib/python3.7/site-packages/airflow/example_dags/example_params_trigger_ui.py
[2024-02-25T12:49:10.586+0000] {processor.py:826} INFO - Processing file /home/airflow/.local/lib/python3.7/site-packages/airflow/example_dags/example_params_trigger_ui.py for tasks to queue
[2024-02-25T12:49:10.587+0000] {logging_mixin.py:150} INFO - [2024-02-25T12:49:10.586+0000] {dagbag.py:541} INFO - Filling up the DagBag from /home/airflow/.local/lib/python3.7/site-packages/airflow/example_dags/example_params_trigger_ui.py
[2024-02-25T12:49:10.629+0000] {processor.py:836} INFO - DAG(s) dict_keys(['example_params_trigger_ui']) retrieved from /home/airflow/.local/lib/python3.7/site-packages/airflow/example_dags/example_params_trigger_ui.py
[2024-02-25T12:49:10.841+0000] {logging_mixin.py:150} INFO - [2024-02-25T12:49:10.841+0000] {dag.py:2742} INFO - Sync 1 DAGs
[2024-02-25T12:49:10.877+0000] {logging_mixin.py:150} INFO - [2024-02-25T12:49:10.877+0000] {dag.py:3508} INFO - Setting next_dagrun for example_params_trigger_ui to None, run_after=None
[2024-02-25T12:49:10.917+0000] {processor.py:179} INFO - Processing /home/airflow/.local/lib/python3.7/site-packages/airflow/example_dags/example_params_trigger_ui.py took 0.338 seconds
[2024-02-25T12:49:41.250+0000] {processor.py:157} INFO - Started process (PID=3407) to work on /home/airflow/.local/lib/python3.7/site-packages/airflow/example_dags/example_params_trigger_ui.py
[2024-02-25T12:49:41.251+0000] {processor.py:826} INFO - Processing file /home/airflow/.local/lib/python3.7/site-packages/airflow/example_dags/example_params_trigger_ui.py for tasks to queue
[2024-02-25T12:49:41.252+0000] {logging_mixin.py:150} INFO - [2024-02-25T12:49:41.252+0000] {dagbag.py:541} INFO - Filling up the DagBag from /home/airflow/.local/lib/python3.7/site-packages/airflow/example_dags/example_params_trigger_ui.py
[2024-02-25T12:49:41.281+0000] {processor.py:836} INFO - DAG(s) dict_keys(['example_params_trigger_ui']) retrieved from /home/airflow/.local/lib/python3.7/site-packages/airflow/example_dags/example_params_trigger_ui.py
[2024-02-25T12:49:41.417+0000] {logging_mixin.py:150} INFO - [2024-02-25T12:49:41.417+0000] {dag.py:2742} INFO - Sync 1 DAGs
[2024-02-25T12:49:41.457+0000] {logging_mixin.py:150} INFO - [2024-02-25T12:49:41.457+0000] {dag.py:3508} INFO - Setting next_dagrun for example_params_trigger_ui to None, run_after=None
[2024-02-25T12:49:41.484+0000] {processor.py:179} INFO - Processing /home/airflow/.local/lib/python3.7/site-packages/airflow/example_dags/example_params_trigger_ui.py took 0.239 seconds
[2024-02-25T12:50:12.345+0000] {processor.py:157} INFO - Started process (PID=3648) to work on /home/airflow/.local/lib/python3.7/site-packages/airflow/example_dags/example_params_trigger_ui.py
[2024-02-25T12:50:12.346+0000] {processor.py:826} INFO - Processing file /home/airflow/.local/lib/python3.7/site-packages/airflow/example_dags/example_params_trigger_ui.py for tasks to queue
[2024-02-25T12:50:12.347+0000] {logging_mixin.py:150} INFO - [2024-02-25T12:50:12.347+0000] {dagbag.py:541} INFO - Filling up the DagBag from /home/airflow/.local/lib/python3.7/site-packages/airflow/example_dags/example_params_trigger_ui.py
[2024-02-25T12:50:12.370+0000] {processor.py:836} INFO - DAG(s) dict_keys(['example_params_trigger_ui']) retrieved from /home/airflow/.local/lib/python3.7/site-packages/airflow/example_dags/example_params_trigger_ui.py
[2024-02-25T12:50:12.484+0000] {logging_mixin.py:150} INFO - [2024-02-25T12:50:12.484+0000] {dag.py:2742} INFO - Sync 1 DAGs
[2024-02-25T12:50:12.520+0000] {logging_mixin.py:150} INFO - [2024-02-25T12:50:12.520+0000] {dag.py:3508} INFO - Setting next_dagrun for example_params_trigger_ui to None, run_after=None
[2024-02-25T12:50:12.550+0000] {processor.py:179} INFO - Processing /home/airflow/.local/lib/python3.7/site-packages/airflow/example_dags/example_params_trigger_ui.py took 0.210 seconds
[2024-02-25T12:50:42.950+0000] {processor.py:157} INFO - Started process (PID=3889) to work on /home/airflow/.local/lib/python3.7/site-packages/airflow/example_dags/example_params_trigger_ui.py
[2024-02-25T12:50:42.951+0000] {processor.py:826} INFO - Processing file /home/airflow/.local/lib/python3.7/site-packages/airflow/example_dags/example_params_trigger_ui.py for tasks to queue
[2024-02-25T12:50:42.952+0000] {logging_mixin.py:150} INFO - [2024-02-25T12:50:42.951+0000] {dagbag.py:541} INFO - Filling up the DagBag from /home/airflow/.local/lib/python3.7/site-packages/airflow/example_dags/example_params_trigger_ui.py
[2024-02-25T12:50:42.974+0000] {processor.py:836} INFO - DAG(s) dict_keys(['example_params_trigger_ui']) retrieved from /home/airflow/.local/lib/python3.7/site-packages/airflow/example_dags/example_params_trigger_ui.py
[2024-02-25T12:50:43.119+0000] {logging_mixin.py:150} INFO - [2024-02-25T12:50:43.119+0000] {dag.py:2742} INFO - Sync 1 DAGs
[2024-02-25T12:50:43.167+0000] {logging_mixin.py:150} INFO - [2024-02-25T12:50:43.166+0000] {dag.py:3508} INFO - Setting next_dagrun for example_params_trigger_ui to None, run_after=None
[2024-02-25T12:50:43.192+0000] {processor.py:179} INFO - Processing /home/airflow/.local/lib/python3.7/site-packages/airflow/example_dags/example_params_trigger_ui.py took 0.246 seconds
[2024-02-25T12:51:13.409+0000] {processor.py:157} INFO - Started process (PID=4130) to work on /home/airflow/.local/lib/python3.7/site-packages/airflow/example_dags/example_params_trigger_ui.py
[2024-02-25T12:51:13.410+0000] {processor.py:826} INFO - Processing file /home/airflow/.local/lib/python3.7/site-packages/airflow/example_dags/example_params_trigger_ui.py for tasks to queue
[2024-02-25T12:51:13.411+0000] {logging_mixin.py:150} INFO - [2024-02-25T12:51:13.411+0000] {dagbag.py:541} INFO - Filling up the DagBag from /home/airflow/.local/lib/python3.7/site-packages/airflow/example_dags/example_params_trigger_ui.py
[2024-02-25T12:51:13.439+0000] {processor.py:836} INFO - DAG(s) dict_keys(['example_params_trigger_ui']) retrieved from /home/airflow/.local/lib/python3.7/site-packages/airflow/example_dags/example_params_trigger_ui.py
[2024-02-25T12:51:13.539+0000] {logging_mixin.py:150} INFO - [2024-02-25T12:51:13.539+0000] {dag.py:2742} INFO - Sync 1 DAGs
[2024-02-25T12:51:13.575+0000] {logging_mixin.py:150} INFO - [2024-02-25T12:51:13.575+0000] {dag.py:3508} INFO - Setting next_dagrun for example_params_trigger_ui to None, run_after=None
[2024-02-25T12:51:13.603+0000] {processor.py:179} INFO - Processing /home/airflow/.local/lib/python3.7/site-packages/airflow/example_dags/example_params_trigger_ui.py took 0.199 seconds
[2024-02-25T12:51:44.164+0000] {processor.py:157} INFO - Started process (PID=4371) to work on /home/airflow/.local/lib/python3.7/site-packages/airflow/example_dags/example_params_trigger_ui.py
[2024-02-25T12:51:44.165+0000] {processor.py:826} INFO - Processing file /home/airflow/.local/lib/python3.7/site-packages/airflow/example_dags/example_params_trigger_ui.py for tasks to queue
[2024-02-25T12:51:44.166+0000] {logging_mixin.py:150} INFO - [2024-02-25T12:51:44.166+0000] {dagbag.py:541} INFO - Filling up the DagBag from /home/airflow/.local/lib/python3.7/site-packages/airflow/example_dags/example_params_trigger_ui.py
[2024-02-25T12:51:44.190+0000] {processor.py:836} INFO - DAG(s) dict_keys(['example_params_trigger_ui']) retrieved from /home/airflow/.local/lib/python3.7/site-packages/airflow/example_dags/example_params_trigger_ui.py
[2024-02-25T12:51:44.315+0000] {logging_mixin.py:150} INFO - [2024-02-25T12:51:44.315+0000] {dag.py:2742} INFO - Sync 1 DAGs
[2024-02-25T12:51:44.354+0000] {logging_mixin.py:150} INFO - [2024-02-25T12:51:44.354+0000] {dag.py:3508} INFO - Setting next_dagrun for example_params_trigger_ui to None, run_after=None
[2024-02-25T12:51:44.381+0000] {processor.py:179} INFO - Processing /home/airflow/.local/lib/python3.7/site-packages/airflow/example_dags/example_params_trigger_ui.py took 0.220 seconds
[2024-02-25T12:52:14.764+0000] {processor.py:157} INFO - Started process (PID=4612) to work on /home/airflow/.local/lib/python3.7/site-packages/airflow/example_dags/example_params_trigger_ui.py
[2024-02-25T12:52:14.765+0000] {processor.py:826} INFO - Processing file /home/airflow/.local/lib/python3.7/site-packages/airflow/example_dags/example_params_trigger_ui.py for tasks to queue
[2024-02-25T12:52:14.766+0000] {logging_mixin.py:150} INFO - [2024-02-25T12:52:14.766+0000] {dagbag.py:541} INFO - Filling up the DagBag from /home/airflow/.local/lib/python3.7/site-packages/airflow/example_dags/example_params_trigger_ui.py
[2024-02-25T12:52:14.789+0000] {processor.py:836} INFO - DAG(s) dict_keys(['example_params_trigger_ui']) retrieved from /home/airflow/.local/lib/python3.7/site-packages/airflow/example_dags/example_params_trigger_ui.py
[2024-02-25T12:52:14.898+0000] {logging_mixin.py:150} INFO - [2024-02-25T12:52:14.898+0000] {dag.py:2742} INFO - Sync 1 DAGs
[2024-02-25T12:52:14.932+0000] {logging_mixin.py:150} INFO - [2024-02-25T12:52:14.932+0000] {dag.py:3508} INFO - Setting next_dagrun for example_params_trigger_ui to None, run_after=None
[2024-02-25T12:52:14.959+0000] {processor.py:179} INFO - Processing /home/airflow/.local/lib/python3.7/site-packages/airflow/example_dags/example_params_trigger_ui.py took 0.199 seconds
[2024-02-25T12:52:45.248+0000] {processor.py:157} INFO - Started process (PID=4855) to work on /home/airflow/.local/lib/python3.7/site-packages/airflow/example_dags/example_params_trigger_ui.py
[2024-02-25T12:52:45.249+0000] {processor.py:826} INFO - Processing file /home/airflow/.local/lib/python3.7/site-packages/airflow/example_dags/example_params_trigger_ui.py for tasks to queue
[2024-02-25T12:52:45.249+0000] {logging_mixin.py:150} INFO - [2024-02-25T12:52:45.249+0000] {dagbag.py:541} INFO - Filling up the DagBag from /home/airflow/.local/lib/python3.7/site-packages/airflow/example_dags/example_params_trigger_ui.py
[2024-02-25T12:52:45.275+0000] {processor.py:836} INFO - DAG(s) dict_keys(['example_params_trigger_ui']) retrieved from /home/airflow/.local/lib/python3.7/site-packages/airflow/example_dags/example_params_trigger_ui.py
[2024-02-25T12:52:45.356+0000] {logging_mixin.py:150} INFO - [2024-02-25T12:52:45.356+0000] {dag.py:2742} INFO - Sync 1 DAGs
[2024-02-25T12:52:45.380+0000] {logging_mixin.py:150} INFO - [2024-02-25T12:52:45.379+0000] {dag.py:3508} INFO - Setting next_dagrun for example_params_trigger_ui to None, run_after=None
[2024-02-25T12:52:45.410+0000] {processor.py:179} INFO - Processing /home/airflow/.local/lib/python3.7/site-packages/airflow/example_dags/example_params_trigger_ui.py took 0.166 seconds
[2024-02-25T12:53:16.325+0000] {processor.py:157} INFO - Started process (PID=5094) to work on /home/airflow/.local/lib/python3.7/site-packages/airflow/example_dags/example_params_trigger_ui.py
[2024-02-25T12:53:16.326+0000] {processor.py:826} INFO - Processing file /home/airflow/.local/lib/python3.7/site-packages/airflow/example_dags/example_params_trigger_ui.py for tasks to queue
[2024-02-25T12:53:16.327+0000] {logging_mixin.py:150} INFO - [2024-02-25T12:53:16.327+0000] {dagbag.py:541} INFO - Filling up the DagBag from /home/airflow/.local/lib/python3.7/site-packages/airflow/example_dags/example_params_trigger_ui.py
[2024-02-25T12:53:16.349+0000] {processor.py:836} INFO - DAG(s) dict_keys(['example_params_trigger_ui']) retrieved from /home/airflow/.local/lib/python3.7/site-packages/airflow/example_dags/example_params_trigger_ui.py
[2024-02-25T12:53:16.504+0000] {logging_mixin.py:150} INFO - [2024-02-25T12:53:16.504+0000] {dag.py:2742} INFO - Sync 1 DAGs
[2024-02-25T12:53:16.543+0000] {logging_mixin.py:150} INFO - [2024-02-25T12:53:16.543+0000] {dag.py:3508} INFO - Setting next_dagrun for example_params_trigger_ui to None, run_after=None
[2024-02-25T12:53:16.566+0000] {processor.py:179} INFO - Processing /home/airflow/.local/lib/python3.7/site-packages/airflow/example_dags/example_params_trigger_ui.py took 0.246 seconds
[2024-02-25T12:53:47.407+0000] {processor.py:157} INFO - Started process (PID=5335) to work on /home/airflow/.local/lib/python3.7/site-packages/airflow/example_dags/example_params_trigger_ui.py
[2024-02-25T12:53:47.407+0000] {processor.py:826} INFO - Processing file /home/airflow/.local/lib/python3.7/site-packages/airflow/example_dags/example_params_trigger_ui.py for tasks to queue
[2024-02-25T12:53:47.408+0000] {logging_mixin.py:150} INFO - [2024-02-25T12:53:47.408+0000] {dagbag.py:541} INFO - Filling up the DagBag from /home/airflow/.local/lib/python3.7/site-packages/airflow/example_dags/example_params_trigger_ui.py
[2024-02-25T12:53:47.430+0000] {processor.py:836} INFO - DAG(s) dict_keys(['example_params_trigger_ui']) retrieved from /home/airflow/.local/lib/python3.7/site-packages/airflow/example_dags/example_params_trigger_ui.py
[2024-02-25T12:53:47.527+0000] {logging_mixin.py:150} INFO - [2024-02-25T12:53:47.527+0000] {dag.py:2742} INFO - Sync 1 DAGs
[2024-02-25T12:53:47.565+0000] {logging_mixin.py:150} INFO - [2024-02-25T12:53:47.564+0000] {dag.py:3508} INFO - Setting next_dagrun for example_params_trigger_ui to None, run_after=None
[2024-02-25T12:53:47.593+0000] {processor.py:179} INFO - Processing /home/airflow/.local/lib/python3.7/site-packages/airflow/example_dags/example_params_trigger_ui.py took 0.190 seconds
[2024-02-25T12:54:18.107+0000] {processor.py:157} INFO - Started process (PID=5576) to work on /home/airflow/.local/lib/python3.7/site-packages/airflow/example_dags/example_params_trigger_ui.py
[2024-02-25T12:54:18.108+0000] {processor.py:826} INFO - Processing file /home/airflow/.local/lib/python3.7/site-packages/airflow/example_dags/example_params_trigger_ui.py for tasks to queue
[2024-02-25T12:54:18.109+0000] {logging_mixin.py:150} INFO - [2024-02-25T12:54:18.109+0000] {dagbag.py:541} INFO - Filling up the DagBag from /home/airflow/.local/lib/python3.7/site-packages/airflow/example_dags/example_params_trigger_ui.py
[2024-02-25T12:54:18.132+0000] {processor.py:836} INFO - DAG(s) dict_keys(['example_params_trigger_ui']) retrieved from /home/airflow/.local/lib/python3.7/site-packages/airflow/example_dags/example_params_trigger_ui.py
[2024-02-25T12:54:18.229+0000] {logging_mixin.py:150} INFO - [2024-02-25T12:54:18.228+0000] {dag.py:2742} INFO - Sync 1 DAGs
[2024-02-25T12:54:18.265+0000] {logging_mixin.py:150} INFO - [2024-02-25T12:54:18.265+0000] {dag.py:3508} INFO - Setting next_dagrun for example_params_trigger_ui to None, run_after=None
[2024-02-25T12:54:18.295+0000] {processor.py:179} INFO - Processing /home/airflow/.local/lib/python3.7/site-packages/airflow/example_dags/example_params_trigger_ui.py took 0.192 seconds
[2024-02-25T12:54:48.632+0000] {processor.py:157} INFO - Started process (PID=5817) to work on /home/airflow/.local/lib/python3.7/site-packages/airflow/example_dags/example_params_trigger_ui.py
[2024-02-25T12:54:48.632+0000] {processor.py:826} INFO - Processing file /home/airflow/.local/lib/python3.7/site-packages/airflow/example_dags/example_params_trigger_ui.py for tasks to queue
[2024-02-25T12:54:48.633+0000] {logging_mixin.py:150} INFO - [2024-02-25T12:54:48.633+0000] {dagbag.py:541} INFO - Filling up the DagBag from /home/airflow/.local/lib/python3.7/site-packages/airflow/example_dags/example_params_trigger_ui.py
[2024-02-25T12:54:48.655+0000] {processor.py:836} INFO - DAG(s) dict_keys(['example_params_trigger_ui']) retrieved from /home/airflow/.local/lib/python3.7/site-packages/airflow/example_dags/example_params_trigger_ui.py
[2024-02-25T12:54:48.753+0000] {logging_mixin.py:150} INFO - [2024-02-25T12:54:48.753+0000] {dag.py:2742} INFO - Sync 1 DAGs
[2024-02-25T12:54:48.782+0000] {logging_mixin.py:150} INFO - [2024-02-25T12:54:48.782+0000] {dag.py:3508} INFO - Setting next_dagrun for example_params_trigger_ui to None, run_after=None
[2024-02-25T12:54:48.804+0000] {processor.py:179} INFO - Processing /home/airflow/.local/lib/python3.7/site-packages/airflow/example_dags/example_params_trigger_ui.py took 0.177 seconds
[2024-02-25T12:55:19.234+0000] {processor.py:157} INFO - Started process (PID=6057) to work on /home/airflow/.local/lib/python3.7/site-packages/airflow/example_dags/example_params_trigger_ui.py
[2024-02-25T12:55:19.235+0000] {processor.py:826} INFO - Processing file /home/airflow/.local/lib/python3.7/site-packages/airflow/example_dags/example_params_trigger_ui.py for tasks to queue
[2024-02-25T12:55:19.236+0000] {logging_mixin.py:150} INFO - [2024-02-25T12:55:19.236+0000] {dagbag.py:541} INFO - Filling up the DagBag from /home/airflow/.local/lib/python3.7/site-packages/airflow/example_dags/example_params_trigger_ui.py
[2024-02-25T12:55:19.258+0000] {processor.py:836} INFO - DAG(s) dict_keys(['example_params_trigger_ui']) retrieved from /home/airflow/.local/lib/python3.7/site-packages/airflow/example_dags/example_params_trigger_ui.py
[2024-02-25T12:55:19.356+0000] {logging_mixin.py:150} INFO - [2024-02-25T12:55:19.356+0000] {dag.py:2742} INFO - Sync 1 DAGs
[2024-02-25T12:55:19.391+0000] {logging_mixin.py:150} INFO - [2024-02-25T12:55:19.390+0000] {dag.py:3508} INFO - Setting next_dagrun for example_params_trigger_ui to None, run_after=None
[2024-02-25T12:55:19.431+0000] {processor.py:179} INFO - Processing /home/airflow/.local/lib/python3.7/site-packages/airflow/example_dags/example_params_trigger_ui.py took 0.201 seconds
[2024-02-25T12:55:50.089+0000] {processor.py:157} INFO - Started process (PID=6298) to work on /home/airflow/.local/lib/python3.7/site-packages/airflow/example_dags/example_params_trigger_ui.py
[2024-02-25T12:55:50.091+0000] {processor.py:826} INFO - Processing file /home/airflow/.local/lib/python3.7/site-packages/airflow/example_dags/example_params_trigger_ui.py for tasks to queue
[2024-02-25T12:55:50.092+0000] {logging_mixin.py:150} INFO - [2024-02-25T12:55:50.091+0000] {dagbag.py:541} INFO - Filling up the DagBag from /home/airflow/.local/lib/python3.7/site-packages/airflow/example_dags/example_params_trigger_ui.py
[2024-02-25T12:55:50.114+0000] {processor.py:836} INFO - DAG(s) dict_keys(['example_params_trigger_ui']) retrieved from /home/airflow/.local/lib/python3.7/site-packages/airflow/example_dags/example_params_trigger_ui.py
[2024-02-25T12:55:50.212+0000] {logging_mixin.py:150} INFO - [2024-02-25T12:55:50.212+0000] {dag.py:2742} INFO - Sync 1 DAGs
[2024-02-25T12:55:50.281+0000] {logging_mixin.py:150} INFO - [2024-02-25T12:55:50.281+0000] {dag.py:3508} INFO - Setting next_dagrun for example_params_trigger_ui to None, run_after=None
[2024-02-25T12:55:50.317+0000] {processor.py:179} INFO - Processing /home/airflow/.local/lib/python3.7/site-packages/airflow/example_dags/example_params_trigger_ui.py took 0.232 seconds
[2024-02-25T12:56:21.162+0000] {processor.py:157} INFO - Started process (PID=6539) to work on /home/airflow/.local/lib/python3.7/site-packages/airflow/example_dags/example_params_trigger_ui.py
[2024-02-25T12:56:21.163+0000] {processor.py:826} INFO - Processing file /home/airflow/.local/lib/python3.7/site-packages/airflow/example_dags/example_params_trigger_ui.py for tasks to queue
[2024-02-25T12:56:21.164+0000] {logging_mixin.py:150} INFO - [2024-02-25T12:56:21.164+0000] {dagbag.py:541} INFO - Filling up the DagBag from /home/airflow/.local/lib/python3.7/site-packages/airflow/example_dags/example_params_trigger_ui.py
[2024-02-25T12:56:21.203+0000] {processor.py:836} INFO - DAG(s) dict_keys(['example_params_trigger_ui']) retrieved from /home/airflow/.local/lib/python3.7/site-packages/airflow/example_dags/example_params_trigger_ui.py
[2024-02-25T12:56:21.300+0000] {logging_mixin.py:150} INFO - [2024-02-25T12:56:21.300+0000] {dag.py:2742} INFO - Sync 1 DAGs
[2024-02-25T12:56:21.328+0000] {logging_mixin.py:150} INFO - [2024-02-25T12:56:21.328+0000] {dag.py:3508} INFO - Setting next_dagrun for example_params_trigger_ui to None, run_after=None
[2024-02-25T12:56:21.351+0000] {processor.py:179} INFO - Processing /home/airflow/.local/lib/python3.7/site-packages/airflow/example_dags/example_params_trigger_ui.py took 0.194 seconds
[2024-02-25T12:56:51.409+0000] {processor.py:157} INFO - Started process (PID=6777) to work on /home/airflow/.local/lib/python3.7/site-packages/airflow/example_dags/example_params_trigger_ui.py
[2024-02-25T12:56:51.411+0000] {processor.py:826} INFO - Processing file /home/airflow/.local/lib/python3.7/site-packages/airflow/example_dags/example_params_trigger_ui.py for tasks to queue
[2024-02-25T12:56:51.412+0000] {logging_mixin.py:150} INFO - [2024-02-25T12:56:51.412+0000] {dagbag.py:541} INFO - Filling up the DagBag from /home/airflow/.local/lib/python3.7/site-packages/airflow/example_dags/example_params_trigger_ui.py
[2024-02-25T12:56:51.441+0000] {processor.py:836} INFO - DAG(s) dict_keys(['example_params_trigger_ui']) retrieved from /home/airflow/.local/lib/python3.7/site-packages/airflow/example_dags/example_params_trigger_ui.py
[2024-02-25T12:56:51.536+0000] {logging_mixin.py:150} INFO - [2024-02-25T12:56:51.536+0000] {dag.py:2742} INFO - Sync 1 DAGs
[2024-02-25T12:56:51.563+0000] {logging_mixin.py:150} INFO - [2024-02-25T12:56:51.563+0000] {dag.py:3508} INFO - Setting next_dagrun for example_params_trigger_ui to None, run_after=None
[2024-02-25T12:56:51.592+0000] {processor.py:179} INFO - Processing /home/airflow/.local/lib/python3.7/site-packages/airflow/example_dags/example_params_trigger_ui.py took 0.195 seconds
