[2024-02-25T12:42:59.202+0000] {processor.py:157} INFO - Started process (PID=171) to work on /home/airflow/.local/lib/python3.7/site-packages/airflow/example_dags/example_branch_python_dop_operator_3.py
[2024-02-25T12:42:59.203+0000] {processor.py:826} INFO - Processing file /home/airflow/.local/lib/python3.7/site-packages/airflow/example_dags/example_branch_python_dop_operator_3.py for tasks to queue
[2024-02-25T12:42:59.203+0000] {logging_mixin.py:150} INFO - [2024-02-25T12:42:59.203+0000] {dagbag.py:541} INFO - Filling up the DagBag from /home/airflow/.local/lib/python3.7/site-packages/airflow/example_dags/example_branch_python_dop_operator_3.py
[2024-02-25T12:42:59.219+0000] {processor.py:836} INFO - DAG(s) dict_keys(['example_branch_dop_operator_v3']) retrieved from /home/airflow/.local/lib/python3.7/site-packages/airflow/example_dags/example_branch_python_dop_operator_3.py
[2024-02-25T12:42:59.235+0000] {logging_mixin.py:150} INFO - [2024-02-25T12:42:59.234+0000] {dag.py:2742} INFO - Sync 1 DAGs
[2024-02-25T12:42:59.290+0000] {logging_mixin.py:150} INFO - [2024-02-25T12:42:59.290+0000] {dag.py:3508} INFO - Setting next_dagrun for example_branch_dop_operator_v3 to 2024-02-25T12:41:00+00:00, run_after=2024-02-25T12:42:00+00:00
[2024-02-25T12:42:59.324+0000] {processor.py:179} INFO - Processing /home/airflow/.local/lib/python3.7/site-packages/airflow/example_dags/example_branch_python_dop_operator_3.py took 0.128 seconds
[2024-02-25T12:43:29.574+0000] {processor.py:157} INFO - Started process (PID=406) to work on /home/airflow/.local/lib/python3.7/site-packages/airflow/example_dags/example_branch_python_dop_operator_3.py
[2024-02-25T12:43:29.575+0000] {processor.py:826} INFO - Processing file /home/airflow/.local/lib/python3.7/site-packages/airflow/example_dags/example_branch_python_dop_operator_3.py for tasks to queue
[2024-02-25T12:43:29.576+0000] {logging_mixin.py:150} INFO - [2024-02-25T12:43:29.576+0000] {dagbag.py:541} INFO - Filling up the DagBag from /home/airflow/.local/lib/python3.7/site-packages/airflow/example_dags/example_branch_python_dop_operator_3.py
[2024-02-25T12:43:29.589+0000] {processor.py:836} INFO - DAG(s) dict_keys(['example_branch_dop_operator_v3']) retrieved from /home/airflow/.local/lib/python3.7/site-packages/airflow/example_dags/example_branch_python_dop_operator_3.py
[2024-02-25T12:43:29.621+0000] {logging_mixin.py:150} INFO - [2024-02-25T12:43:29.621+0000] {dag.py:2742} INFO - Sync 1 DAGs
[2024-02-25T12:43:29.666+0000] {logging_mixin.py:150} INFO - [2024-02-25T12:43:29.666+0000] {dag.py:3508} INFO - Setting next_dagrun for example_branch_dop_operator_v3 to 2024-02-25T12:42:00+00:00, run_after=2024-02-25T12:43:00+00:00
[2024-02-25T12:43:29.689+0000] {processor.py:179} INFO - Processing /home/airflow/.local/lib/python3.7/site-packages/airflow/example_dags/example_branch_python_dop_operator_3.py took 0.121 seconds
[2024-02-25T12:43:59.887+0000] {processor.py:157} INFO - Started process (PID=648) to work on /home/airflow/.local/lib/python3.7/site-packages/airflow/example_dags/example_branch_python_dop_operator_3.py
[2024-02-25T12:43:59.889+0000] {processor.py:826} INFO - Processing file /home/airflow/.local/lib/python3.7/site-packages/airflow/example_dags/example_branch_python_dop_operator_3.py for tasks to queue
[2024-02-25T12:43:59.890+0000] {logging_mixin.py:150} INFO - [2024-02-25T12:43:59.890+0000] {dagbag.py:541} INFO - Filling up the DagBag from /home/airflow/.local/lib/python3.7/site-packages/airflow/example_dags/example_branch_python_dop_operator_3.py
[2024-02-25T12:43:59.903+0000] {processor.py:836} INFO - DAG(s) dict_keys(['example_branch_dop_operator_v3']) retrieved from /home/airflow/.local/lib/python3.7/site-packages/airflow/example_dags/example_branch_python_dop_operator_3.py
[2024-02-25T12:43:59.919+0000] {logging_mixin.py:150} INFO - [2024-02-25T12:43:59.918+0000] {dag.py:2742} INFO - Sync 1 DAGs
[2024-02-25T12:43:59.964+0000] {logging_mixin.py:150} INFO - [2024-02-25T12:43:59.964+0000] {dag.py:3508} INFO - Setting next_dagrun for example_branch_dop_operator_v3 to 2024-02-25T12:42:00+00:00, run_after=2024-02-25T12:43:00+00:00
[2024-02-25T12:44:00.004+0000] {processor.py:179} INFO - Processing /home/airflow/.local/lib/python3.7/site-packages/airflow/example_dags/example_branch_python_dop_operator_3.py took 0.127 seconds
[2024-02-25T12:44:30.283+0000] {processor.py:157} INFO - Started process (PID=889) to work on /home/airflow/.local/lib/python3.7/site-packages/airflow/example_dags/example_branch_python_dop_operator_3.py
[2024-02-25T12:44:30.284+0000] {processor.py:826} INFO - Processing file /home/airflow/.local/lib/python3.7/site-packages/airflow/example_dags/example_branch_python_dop_operator_3.py for tasks to queue
[2024-02-25T12:44:30.286+0000] {logging_mixin.py:150} INFO - [2024-02-25T12:44:30.286+0000] {dagbag.py:541} INFO - Filling up the DagBag from /home/airflow/.local/lib/python3.7/site-packages/airflow/example_dags/example_branch_python_dop_operator_3.py
[2024-02-25T12:44:30.300+0000] {processor.py:836} INFO - DAG(s) dict_keys(['example_branch_dop_operator_v3']) retrieved from /home/airflow/.local/lib/python3.7/site-packages/airflow/example_dags/example_branch_python_dop_operator_3.py
[2024-02-25T12:44:30.332+0000] {logging_mixin.py:150} INFO - [2024-02-25T12:44:30.332+0000] {dag.py:2742} INFO - Sync 1 DAGs
[2024-02-25T12:44:30.379+0000] {logging_mixin.py:150} INFO - [2024-02-25T12:44:30.379+0000] {dag.py:3508} INFO - Setting next_dagrun for example_branch_dop_operator_v3 to 2024-02-25T12:43:00+00:00, run_after=2024-02-25T12:44:00+00:00
[2024-02-25T12:44:30.409+0000] {processor.py:179} INFO - Processing /home/airflow/.local/lib/python3.7/site-packages/airflow/example_dags/example_branch_python_dop_operator_3.py took 0.132 seconds
[2024-02-25T12:45:01.088+0000] {processor.py:157} INFO - Started process (PID=1130) to work on /home/airflow/.local/lib/python3.7/site-packages/airflow/example_dags/example_branch_python_dop_operator_3.py
[2024-02-25T12:45:01.097+0000] {processor.py:826} INFO - Processing file /home/airflow/.local/lib/python3.7/site-packages/airflow/example_dags/example_branch_python_dop_operator_3.py for tasks to queue
[2024-02-25T12:45:01.099+0000] {logging_mixin.py:150} INFO - [2024-02-25T12:45:01.098+0000] {dagbag.py:541} INFO - Filling up the DagBag from /home/airflow/.local/lib/python3.7/site-packages/airflow/example_dags/example_branch_python_dop_operator_3.py
[2024-02-25T12:45:01.120+0000] {processor.py:836} INFO - DAG(s) dict_keys(['example_branch_dop_operator_v3']) retrieved from /home/airflow/.local/lib/python3.7/site-packages/airflow/example_dags/example_branch_python_dop_operator_3.py
[2024-02-25T12:45:01.160+0000] {logging_mixin.py:150} INFO - [2024-02-25T12:45:01.160+0000] {dag.py:2742} INFO - Sync 1 DAGs
[2024-02-25T12:45:01.225+0000] {logging_mixin.py:150} INFO - [2024-02-25T12:45:01.225+0000] {dag.py:3508} INFO - Setting next_dagrun for example_branch_dop_operator_v3 to 2024-02-25T12:44:00+00:00, run_after=2024-02-25T12:45:00+00:00
[2024-02-25T12:45:01.260+0000] {processor.py:179} INFO - Processing /home/airflow/.local/lib/python3.7/site-packages/airflow/example_dags/example_branch_python_dop_operator_3.py took 0.179 seconds
[2024-02-25T12:45:31.718+0000] {processor.py:157} INFO - Started process (PID=1377) to work on /home/airflow/.local/lib/python3.7/site-packages/airflow/example_dags/example_branch_python_dop_operator_3.py
[2024-02-25T12:45:31.719+0000] {processor.py:826} INFO - Processing file /home/airflow/.local/lib/python3.7/site-packages/airflow/example_dags/example_branch_python_dop_operator_3.py for tasks to queue
[2024-02-25T12:45:31.721+0000] {logging_mixin.py:150} INFO - [2024-02-25T12:45:31.720+0000] {dagbag.py:541} INFO - Filling up the DagBag from /home/airflow/.local/lib/python3.7/site-packages/airflow/example_dags/example_branch_python_dop_operator_3.py
[2024-02-25T12:45:31.742+0000] {processor.py:836} INFO - DAG(s) dict_keys(['example_branch_dop_operator_v3']) retrieved from /home/airflow/.local/lib/python3.7/site-packages/airflow/example_dags/example_branch_python_dop_operator_3.py
[2024-02-25T12:45:31.784+0000] {logging_mixin.py:150} INFO - [2024-02-25T12:45:31.784+0000] {dag.py:2742} INFO - Sync 1 DAGs
[2024-02-25T12:45:31.840+0000] {logging_mixin.py:150} INFO - [2024-02-25T12:45:31.840+0000] {dag.py:3508} INFO - Setting next_dagrun for example_branch_dop_operator_v3 to 2024-02-25T12:44:00+00:00, run_after=2024-02-25T12:45:00+00:00
[2024-02-25T12:45:31.873+0000] {processor.py:179} INFO - Processing /home/airflow/.local/lib/python3.7/site-packages/airflow/example_dags/example_branch_python_dop_operator_3.py took 0.163 seconds
[2024-02-25T12:46:02.453+0000] {processor.py:157} INFO - Started process (PID=1619) to work on /home/airflow/.local/lib/python3.7/site-packages/airflow/example_dags/example_branch_python_dop_operator_3.py
[2024-02-25T12:46:02.456+0000] {processor.py:826} INFO - Processing file /home/airflow/.local/lib/python3.7/site-packages/airflow/example_dags/example_branch_python_dop_operator_3.py for tasks to queue
[2024-02-25T12:46:02.458+0000] {logging_mixin.py:150} INFO - [2024-02-25T12:46:02.457+0000] {dagbag.py:541} INFO - Filling up the DagBag from /home/airflow/.local/lib/python3.7/site-packages/airflow/example_dags/example_branch_python_dop_operator_3.py
[2024-02-25T12:46:02.475+0000] {processor.py:836} INFO - DAG(s) dict_keys(['example_branch_dop_operator_v3']) retrieved from /home/airflow/.local/lib/python3.7/site-packages/airflow/example_dags/example_branch_python_dop_operator_3.py
[2024-02-25T12:46:02.510+0000] {logging_mixin.py:150} INFO - [2024-02-25T12:46:02.509+0000] {dag.py:2742} INFO - Sync 1 DAGs
[2024-02-25T12:46:02.566+0000] {logging_mixin.py:150} INFO - [2024-02-25T12:46:02.566+0000] {dag.py:3508} INFO - Setting next_dagrun for example_branch_dop_operator_v3 to 2024-02-25T12:45:00+00:00, run_after=2024-02-25T12:46:00+00:00
[2024-02-25T12:46:02.598+0000] {processor.py:179} INFO - Processing /home/airflow/.local/lib/python3.7/site-packages/airflow/example_dags/example_branch_python_dop_operator_3.py took 0.155 seconds
[2024-02-25T12:46:32.852+0000] {processor.py:157} INFO - Started process (PID=1860) to work on /home/airflow/.local/lib/python3.7/site-packages/airflow/example_dags/example_branch_python_dop_operator_3.py
[2024-02-25T12:46:32.853+0000] {processor.py:826} INFO - Processing file /home/airflow/.local/lib/python3.7/site-packages/airflow/example_dags/example_branch_python_dop_operator_3.py for tasks to queue
[2024-02-25T12:46:32.855+0000] {logging_mixin.py:150} INFO - [2024-02-25T12:46:32.854+0000] {dagbag.py:541} INFO - Filling up the DagBag from /home/airflow/.local/lib/python3.7/site-packages/airflow/example_dags/example_branch_python_dop_operator_3.py
[2024-02-25T12:46:32.873+0000] {processor.py:836} INFO - DAG(s) dict_keys(['example_branch_dop_operator_v3']) retrieved from /home/airflow/.local/lib/python3.7/site-packages/airflow/example_dags/example_branch_python_dop_operator_3.py
[2024-02-25T12:46:32.915+0000] {logging_mixin.py:150} INFO - [2024-02-25T12:46:32.915+0000] {dag.py:2742} INFO - Sync 1 DAGs
[2024-02-25T12:46:32.979+0000] {logging_mixin.py:150} INFO - [2024-02-25T12:46:32.978+0000] {dag.py:3508} INFO - Setting next_dagrun for example_branch_dop_operator_v3 to 2024-02-25T12:45:00+00:00, run_after=2024-02-25T12:46:00+00:00
[2024-02-25T12:46:33.017+0000] {processor.py:179} INFO - Processing /home/airflow/.local/lib/python3.7/site-packages/airflow/example_dags/example_branch_python_dop_operator_3.py took 0.175 seconds
[2024-02-25T12:47:03.558+0000] {processor.py:157} INFO - Started process (PID=2101) to work on /home/airflow/.local/lib/python3.7/site-packages/airflow/example_dags/example_branch_python_dop_operator_3.py
[2024-02-25T12:47:03.559+0000] {processor.py:826} INFO - Processing file /home/airflow/.local/lib/python3.7/site-packages/airflow/example_dags/example_branch_python_dop_operator_3.py for tasks to queue
[2024-02-25T12:47:03.561+0000] {logging_mixin.py:150} INFO - [2024-02-25T12:47:03.560+0000] {dagbag.py:541} INFO - Filling up the DagBag from /home/airflow/.local/lib/python3.7/site-packages/airflow/example_dags/example_branch_python_dop_operator_3.py
[2024-02-25T12:47:03.577+0000] {processor.py:836} INFO - DAG(s) dict_keys(['example_branch_dop_operator_v3']) retrieved from /home/airflow/.local/lib/python3.7/site-packages/airflow/example_dags/example_branch_python_dop_operator_3.py
[2024-02-25T12:47:03.655+0000] {logging_mixin.py:150} INFO - [2024-02-25T12:47:03.655+0000] {dag.py:2742} INFO - Sync 1 DAGs
[2024-02-25T12:47:03.723+0000] {logging_mixin.py:150} INFO - [2024-02-25T12:47:03.723+0000] {dag.py:3508} INFO - Setting next_dagrun for example_branch_dop_operator_v3 to 2024-02-25T12:46:00+00:00, run_after=2024-02-25T12:47:00+00:00
[2024-02-25T12:47:03.789+0000] {processor.py:179} INFO - Processing /home/airflow/.local/lib/python3.7/site-packages/airflow/example_dags/example_branch_python_dop_operator_3.py took 0.237 seconds
[2024-02-25T12:47:33.900+0000] {processor.py:157} INFO - Started process (PID=2339) to work on /home/airflow/.local/lib/python3.7/site-packages/airflow/example_dags/example_branch_python_dop_operator_3.py
[2024-02-25T12:47:33.901+0000] {processor.py:826} INFO - Processing file /home/airflow/.local/lib/python3.7/site-packages/airflow/example_dags/example_branch_python_dop_operator_3.py for tasks to queue
[2024-02-25T12:47:33.902+0000] {logging_mixin.py:150} INFO - [2024-02-25T12:47:33.901+0000] {dagbag.py:541} INFO - Filling up the DagBag from /home/airflow/.local/lib/python3.7/site-packages/airflow/example_dags/example_branch_python_dop_operator_3.py
[2024-02-25T12:47:33.912+0000] {processor.py:836} INFO - DAG(s) dict_keys(['example_branch_dop_operator_v3']) retrieved from /home/airflow/.local/lib/python3.7/site-packages/airflow/example_dags/example_branch_python_dop_operator_3.py
[2024-02-25T12:47:33.936+0000] {logging_mixin.py:150} INFO - [2024-02-25T12:47:33.935+0000] {dag.py:2742} INFO - Sync 1 DAGs
[2024-02-25T12:47:33.965+0000] {logging_mixin.py:150} INFO - [2024-02-25T12:47:33.965+0000] {dag.py:3508} INFO - Setting next_dagrun for example_branch_dop_operator_v3 to 2024-02-25T12:46:00+00:00, run_after=2024-02-25T12:47:00+00:00
[2024-02-25T12:47:33.998+0000] {processor.py:179} INFO - Processing /home/airflow/.local/lib/python3.7/site-packages/airflow/example_dags/example_branch_python_dop_operator_3.py took 0.104 seconds
[2024-02-25T12:48:04.426+0000] {processor.py:157} INFO - Started process (PID=2583) to work on /home/airflow/.local/lib/python3.7/site-packages/airflow/example_dags/example_branch_python_dop_operator_3.py
[2024-02-25T12:48:04.427+0000] {processor.py:826} INFO - Processing file /home/airflow/.local/lib/python3.7/site-packages/airflow/example_dags/example_branch_python_dop_operator_3.py for tasks to queue
[2024-02-25T12:48:04.428+0000] {logging_mixin.py:150} INFO - [2024-02-25T12:48:04.428+0000] {dagbag.py:541} INFO - Filling up the DagBag from /home/airflow/.local/lib/python3.7/site-packages/airflow/example_dags/example_branch_python_dop_operator_3.py
[2024-02-25T12:48:04.436+0000] {processor.py:836} INFO - DAG(s) dict_keys(['example_branch_dop_operator_v3']) retrieved from /home/airflow/.local/lib/python3.7/site-packages/airflow/example_dags/example_branch_python_dop_operator_3.py
[2024-02-25T12:48:04.464+0000] {logging_mixin.py:150} INFO - [2024-02-25T12:48:04.464+0000] {dag.py:2742} INFO - Sync 1 DAGs
[2024-02-25T12:48:04.498+0000] {logging_mixin.py:150} INFO - [2024-02-25T12:48:04.498+0000] {dag.py:3508} INFO - Setting next_dagrun for example_branch_dop_operator_v3 to 2024-02-25T12:47:00+00:00, run_after=2024-02-25T12:48:00+00:00
[2024-02-25T12:48:04.521+0000] {processor.py:179} INFO - Processing /home/airflow/.local/lib/python3.7/site-packages/airflow/example_dags/example_branch_python_dop_operator_3.py took 0.098 seconds
[2024-02-25T12:48:34.968+0000] {processor.py:157} INFO - Started process (PID=2825) to work on /home/airflow/.local/lib/python3.7/site-packages/airflow/example_dags/example_branch_python_dop_operator_3.py
[2024-02-25T12:48:34.972+0000] {processor.py:826} INFO - Processing file /home/airflow/.local/lib/python3.7/site-packages/airflow/example_dags/example_branch_python_dop_operator_3.py for tasks to queue
[2024-02-25T12:48:34.976+0000] {logging_mixin.py:150} INFO - [2024-02-25T12:48:34.975+0000] {dagbag.py:541} INFO - Filling up the DagBag from /home/airflow/.local/lib/python3.7/site-packages/airflow/example_dags/example_branch_python_dop_operator_3.py
[2024-02-25T12:48:35.004+0000] {processor.py:836} INFO - DAG(s) dict_keys(['example_branch_dop_operator_v3']) retrieved from /home/airflow/.local/lib/python3.7/site-packages/airflow/example_dags/example_branch_python_dop_operator_3.py
[2024-02-25T12:48:35.036+0000] {logging_mixin.py:150} INFO - [2024-02-25T12:48:35.036+0000] {dag.py:2742} INFO - Sync 1 DAGs
[2024-02-25T12:48:35.078+0000] {logging_mixin.py:150} INFO - [2024-02-25T12:48:35.078+0000] {dag.py:3508} INFO - Setting next_dagrun for example_branch_dop_operator_v3 to 2024-02-25T12:47:00+00:00, run_after=2024-02-25T12:48:00+00:00
[2024-02-25T12:48:35.108+0000] {processor.py:179} INFO - Processing /home/airflow/.local/lib/python3.7/site-packages/airflow/example_dags/example_branch_python_dop_operator_3.py took 0.158 seconds
[2024-02-25T12:49:05.729+0000] {processor.py:157} INFO - Started process (PID=3066) to work on /home/airflow/.local/lib/python3.7/site-packages/airflow/example_dags/example_branch_python_dop_operator_3.py
[2024-02-25T12:49:05.730+0000] {processor.py:826} INFO - Processing file /home/airflow/.local/lib/python3.7/site-packages/airflow/example_dags/example_branch_python_dop_operator_3.py for tasks to queue
[2024-02-25T12:49:05.731+0000] {logging_mixin.py:150} INFO - [2024-02-25T12:49:05.731+0000] {dagbag.py:541} INFO - Filling up the DagBag from /home/airflow/.local/lib/python3.7/site-packages/airflow/example_dags/example_branch_python_dop_operator_3.py
[2024-02-25T12:49:05.745+0000] {processor.py:836} INFO - DAG(s) dict_keys(['example_branch_dop_operator_v3']) retrieved from /home/airflow/.local/lib/python3.7/site-packages/airflow/example_dags/example_branch_python_dop_operator_3.py
[2024-02-25T12:49:05.775+0000] {logging_mixin.py:150} INFO - [2024-02-25T12:49:05.774+0000] {dag.py:2742} INFO - Sync 1 DAGs
[2024-02-25T12:49:05.815+0000] {logging_mixin.py:150} INFO - [2024-02-25T12:49:05.814+0000] {dag.py:3508} INFO - Setting next_dagrun for example_branch_dop_operator_v3 to 2024-02-25T12:48:00+00:00, run_after=2024-02-25T12:49:00+00:00
[2024-02-25T12:49:05.842+0000] {processor.py:179} INFO - Processing /home/airflow/.local/lib/python3.7/site-packages/airflow/example_dags/example_branch_python_dop_operator_3.py took 0.120 seconds
[2024-02-25T12:49:36.409+0000] {processor.py:157} INFO - Started process (PID=3307) to work on /home/airflow/.local/lib/python3.7/site-packages/airflow/example_dags/example_branch_python_dop_operator_3.py
[2024-02-25T12:49:36.410+0000] {processor.py:826} INFO - Processing file /home/airflow/.local/lib/python3.7/site-packages/airflow/example_dags/example_branch_python_dop_operator_3.py for tasks to queue
[2024-02-25T12:49:36.411+0000] {logging_mixin.py:150} INFO - [2024-02-25T12:49:36.410+0000] {dagbag.py:541} INFO - Filling up the DagBag from /home/airflow/.local/lib/python3.7/site-packages/airflow/example_dags/example_branch_python_dop_operator_3.py
[2024-02-25T12:49:36.419+0000] {processor.py:836} INFO - DAG(s) dict_keys(['example_branch_dop_operator_v3']) retrieved from /home/airflow/.local/lib/python3.7/site-packages/airflow/example_dags/example_branch_python_dop_operator_3.py
[2024-02-25T12:49:36.446+0000] {logging_mixin.py:150} INFO - [2024-02-25T12:49:36.446+0000] {dag.py:2742} INFO - Sync 1 DAGs
[2024-02-25T12:49:36.489+0000] {logging_mixin.py:150} INFO - [2024-02-25T12:49:36.489+0000] {dag.py:3508} INFO - Setting next_dagrun for example_branch_dop_operator_v3 to 2024-02-25T12:48:00+00:00, run_after=2024-02-25T12:49:00+00:00
[2024-02-25T12:49:36.513+0000] {processor.py:179} INFO - Processing /home/airflow/.local/lib/python3.7/site-packages/airflow/example_dags/example_branch_python_dop_operator_3.py took 0.109 seconds
[2024-02-25T12:50:06.720+0000] {processor.py:157} INFO - Started process (PID=3548) to work on /home/airflow/.local/lib/python3.7/site-packages/airflow/example_dags/example_branch_python_dop_operator_3.py
[2024-02-25T12:50:06.721+0000] {processor.py:826} INFO - Processing file /home/airflow/.local/lib/python3.7/site-packages/airflow/example_dags/example_branch_python_dop_operator_3.py for tasks to queue
[2024-02-25T12:50:06.722+0000] {logging_mixin.py:150} INFO - [2024-02-25T12:50:06.722+0000] {dagbag.py:541} INFO - Filling up the DagBag from /home/airflow/.local/lib/python3.7/site-packages/airflow/example_dags/example_branch_python_dop_operator_3.py
[2024-02-25T12:50:06.730+0000] {processor.py:836} INFO - DAG(s) dict_keys(['example_branch_dop_operator_v3']) retrieved from /home/airflow/.local/lib/python3.7/site-packages/airflow/example_dags/example_branch_python_dop_operator_3.py
[2024-02-25T12:50:06.756+0000] {logging_mixin.py:150} INFO - [2024-02-25T12:50:06.756+0000] {dag.py:2742} INFO - Sync 1 DAGs
[2024-02-25T12:50:06.800+0000] {logging_mixin.py:150} INFO - [2024-02-25T12:50:06.799+0000] {dag.py:3508} INFO - Setting next_dagrun for example_branch_dop_operator_v3 to 2024-02-25T12:49:00+00:00, run_after=2024-02-25T12:50:00+00:00
[2024-02-25T12:50:06.824+0000] {processor.py:179} INFO - Processing /home/airflow/.local/lib/python3.7/site-packages/airflow/example_dags/example_branch_python_dop_operator_3.py took 0.108 seconds
[2024-02-25T12:50:37.325+0000] {processor.py:157} INFO - Started process (PID=3789) to work on /home/airflow/.local/lib/python3.7/site-packages/airflow/example_dags/example_branch_python_dop_operator_3.py
[2024-02-25T12:50:37.326+0000] {processor.py:826} INFO - Processing file /home/airflow/.local/lib/python3.7/site-packages/airflow/example_dags/example_branch_python_dop_operator_3.py for tasks to queue
[2024-02-25T12:50:37.327+0000] {logging_mixin.py:150} INFO - [2024-02-25T12:50:37.327+0000] {dagbag.py:541} INFO - Filling up the DagBag from /home/airflow/.local/lib/python3.7/site-packages/airflow/example_dags/example_branch_python_dop_operator_3.py
[2024-02-25T12:50:37.341+0000] {processor.py:836} INFO - DAG(s) dict_keys(['example_branch_dop_operator_v3']) retrieved from /home/airflow/.local/lib/python3.7/site-packages/airflow/example_dags/example_branch_python_dop_operator_3.py
[2024-02-25T12:50:37.378+0000] {logging_mixin.py:150} INFO - [2024-02-25T12:50:37.378+0000] {dag.py:2742} INFO - Sync 1 DAGs
[2024-02-25T12:50:37.432+0000] {logging_mixin.py:150} INFO - [2024-02-25T12:50:37.432+0000] {dag.py:3508} INFO - Setting next_dagrun for example_branch_dop_operator_v3 to 2024-02-25T12:49:00+00:00, run_after=2024-02-25T12:50:00+00:00
[2024-02-25T12:50:37.455+0000] {processor.py:179} INFO - Processing /home/airflow/.local/lib/python3.7/site-packages/airflow/example_dags/example_branch_python_dop_operator_3.py took 0.136 seconds
[2024-02-25T12:51:07.739+0000] {processor.py:157} INFO - Started process (PID=4030) to work on /home/airflow/.local/lib/python3.7/site-packages/airflow/example_dags/example_branch_python_dop_operator_3.py
[2024-02-25T12:51:07.740+0000] {processor.py:826} INFO - Processing file /home/airflow/.local/lib/python3.7/site-packages/airflow/example_dags/example_branch_python_dop_operator_3.py for tasks to queue
[2024-02-25T12:51:07.741+0000] {logging_mixin.py:150} INFO - [2024-02-25T12:51:07.741+0000] {dagbag.py:541} INFO - Filling up the DagBag from /home/airflow/.local/lib/python3.7/site-packages/airflow/example_dags/example_branch_python_dop_operator_3.py
[2024-02-25T12:51:07.750+0000] {processor.py:836} INFO - DAG(s) dict_keys(['example_branch_dop_operator_v3']) retrieved from /home/airflow/.local/lib/python3.7/site-packages/airflow/example_dags/example_branch_python_dop_operator_3.py
[2024-02-25T12:51:07.775+0000] {logging_mixin.py:150} INFO - [2024-02-25T12:51:07.775+0000] {dag.py:2742} INFO - Sync 1 DAGs
[2024-02-25T12:51:07.815+0000] {logging_mixin.py:150} INFO - [2024-02-25T12:51:07.815+0000] {dag.py:3508} INFO - Setting next_dagrun for example_branch_dop_operator_v3 to 2024-02-25T12:50:00+00:00, run_after=2024-02-25T12:51:00+00:00
[2024-02-25T12:51:07.843+0000] {processor.py:179} INFO - Processing /home/airflow/.local/lib/python3.7/site-packages/airflow/example_dags/example_branch_python_dop_operator_3.py took 0.110 seconds
[2024-02-25T12:51:38.537+0000] {processor.py:157} INFO - Started process (PID=4271) to work on /home/airflow/.local/lib/python3.7/site-packages/airflow/example_dags/example_branch_python_dop_operator_3.py
[2024-02-25T12:51:38.538+0000] {processor.py:826} INFO - Processing file /home/airflow/.local/lib/python3.7/site-packages/airflow/example_dags/example_branch_python_dop_operator_3.py for tasks to queue
[2024-02-25T12:51:38.539+0000] {logging_mixin.py:150} INFO - [2024-02-25T12:51:38.539+0000] {dagbag.py:541} INFO - Filling up the DagBag from /home/airflow/.local/lib/python3.7/site-packages/airflow/example_dags/example_branch_python_dop_operator_3.py
[2024-02-25T12:51:38.551+0000] {processor.py:836} INFO - DAG(s) dict_keys(['example_branch_dop_operator_v3']) retrieved from /home/airflow/.local/lib/python3.7/site-packages/airflow/example_dags/example_branch_python_dop_operator_3.py
[2024-02-25T12:51:38.578+0000] {logging_mixin.py:150} INFO - [2024-02-25T12:51:38.578+0000] {dag.py:2742} INFO - Sync 1 DAGs
[2024-02-25T12:51:38.612+0000] {logging_mixin.py:150} INFO - [2024-02-25T12:51:38.612+0000] {dag.py:3508} INFO - Setting next_dagrun for example_branch_dop_operator_v3 to 2024-02-25T12:50:00+00:00, run_after=2024-02-25T12:51:00+00:00
[2024-02-25T12:51:38.635+0000] {processor.py:179} INFO - Processing /home/airflow/.local/lib/python3.7/site-packages/airflow/example_dags/example_branch_python_dop_operator_3.py took 0.102 seconds
[2024-02-25T12:52:09.224+0000] {processor.py:157} INFO - Started process (PID=4512) to work on /home/airflow/.local/lib/python3.7/site-packages/airflow/example_dags/example_branch_python_dop_operator_3.py
[2024-02-25T12:52:09.225+0000] {processor.py:826} INFO - Processing file /home/airflow/.local/lib/python3.7/site-packages/airflow/example_dags/example_branch_python_dop_operator_3.py for tasks to queue
[2024-02-25T12:52:09.226+0000] {logging_mixin.py:150} INFO - [2024-02-25T12:52:09.226+0000] {dagbag.py:541} INFO - Filling up the DagBag from /home/airflow/.local/lib/python3.7/site-packages/airflow/example_dags/example_branch_python_dop_operator_3.py
[2024-02-25T12:52:09.239+0000] {processor.py:836} INFO - DAG(s) dict_keys(['example_branch_dop_operator_v3']) retrieved from /home/airflow/.local/lib/python3.7/site-packages/airflow/example_dags/example_branch_python_dop_operator_3.py
[2024-02-25T12:52:09.265+0000] {logging_mixin.py:150} INFO - [2024-02-25T12:52:09.265+0000] {dag.py:2742} INFO - Sync 1 DAGs
[2024-02-25T12:52:09.308+0000] {logging_mixin.py:150} INFO - [2024-02-25T12:52:09.307+0000] {dag.py:3508} INFO - Setting next_dagrun for example_branch_dop_operator_v3 to 2024-02-25T12:51:00+00:00, run_after=2024-02-25T12:52:00+00:00
[2024-02-25T12:52:09.345+0000] {processor.py:179} INFO - Processing /home/airflow/.local/lib/python3.7/site-packages/airflow/example_dags/example_branch_python_dop_operator_3.py took 0.128 seconds
[2024-02-25T12:52:39.461+0000] {processor.py:157} INFO - Started process (PID=4750) to work on /home/airflow/.local/lib/python3.7/site-packages/airflow/example_dags/example_branch_python_dop_operator_3.py
[2024-02-25T12:52:39.463+0000] {processor.py:826} INFO - Processing file /home/airflow/.local/lib/python3.7/site-packages/airflow/example_dags/example_branch_python_dop_operator_3.py for tasks to queue
[2024-02-25T12:52:39.464+0000] {logging_mixin.py:150} INFO - [2024-02-25T12:52:39.464+0000] {dagbag.py:541} INFO - Filling up the DagBag from /home/airflow/.local/lib/python3.7/site-packages/airflow/example_dags/example_branch_python_dop_operator_3.py
[2024-02-25T12:52:39.475+0000] {processor.py:836} INFO - DAG(s) dict_keys(['example_branch_dop_operator_v3']) retrieved from /home/airflow/.local/lib/python3.7/site-packages/airflow/example_dags/example_branch_python_dop_operator_3.py
[2024-02-25T12:52:39.502+0000] {logging_mixin.py:150} INFO - [2024-02-25T12:52:39.501+0000] {dag.py:2742} INFO - Sync 1 DAGs
[2024-02-25T12:52:39.531+0000] {logging_mixin.py:150} INFO - [2024-02-25T12:52:39.530+0000] {dag.py:3508} INFO - Setting next_dagrun for example_branch_dop_operator_v3 to 2024-02-25T12:51:00+00:00, run_after=2024-02-25T12:52:00+00:00
[2024-02-25T12:52:39.552+0000] {processor.py:179} INFO - Processing /home/airflow/.local/lib/python3.7/site-packages/airflow/example_dags/example_branch_python_dop_operator_3.py took 0.098 seconds
[2024-02-25T12:53:09.770+0000] {processor.py:157} INFO - Started process (PID=4991) to work on /home/airflow/.local/lib/python3.7/site-packages/airflow/example_dags/example_branch_python_dop_operator_3.py
[2024-02-25T12:53:09.772+0000] {processor.py:826} INFO - Processing file /home/airflow/.local/lib/python3.7/site-packages/airflow/example_dags/example_branch_python_dop_operator_3.py for tasks to queue
[2024-02-25T12:53:09.774+0000] {logging_mixin.py:150} INFO - [2024-02-25T12:53:09.773+0000] {dagbag.py:541} INFO - Filling up the DagBag from /home/airflow/.local/lib/python3.7/site-packages/airflow/example_dags/example_branch_python_dop_operator_3.py
[2024-02-25T12:53:09.787+0000] {processor.py:836} INFO - DAG(s) dict_keys(['example_branch_dop_operator_v3']) retrieved from /home/airflow/.local/lib/python3.7/site-packages/airflow/example_dags/example_branch_python_dop_operator_3.py
[2024-02-25T12:53:09.810+0000] {logging_mixin.py:150} INFO - [2024-02-25T12:53:09.810+0000] {dag.py:2742} INFO - Sync 1 DAGs
[2024-02-25T12:53:09.838+0000] {logging_mixin.py:150} INFO - [2024-02-25T12:53:09.838+0000] {dag.py:3508} INFO - Setting next_dagrun for example_branch_dop_operator_v3 to 2024-02-25T12:52:00+00:00, run_after=2024-02-25T12:53:00+00:00
[2024-02-25T12:53:09.860+0000] {processor.py:179} INFO - Processing /home/airflow/.local/lib/python3.7/site-packages/airflow/example_dags/example_branch_python_dop_operator_3.py took 0.101 seconds
[2024-02-25T12:53:39.906+0000] {processor.py:157} INFO - Started process (PID=5232) to work on /home/airflow/.local/lib/python3.7/site-packages/airflow/example_dags/example_branch_python_dop_operator_3.py
[2024-02-25T12:53:39.907+0000] {processor.py:826} INFO - Processing file /home/airflow/.local/lib/python3.7/site-packages/airflow/example_dags/example_branch_python_dop_operator_3.py for tasks to queue
[2024-02-25T12:53:39.908+0000] {logging_mixin.py:150} INFO - [2024-02-25T12:53:39.907+0000] {dagbag.py:541} INFO - Filling up the DagBag from /home/airflow/.local/lib/python3.7/site-packages/airflow/example_dags/example_branch_python_dop_operator_3.py
[2024-02-25T12:53:39.917+0000] {processor.py:836} INFO - DAG(s) dict_keys(['example_branch_dop_operator_v3']) retrieved from /home/airflow/.local/lib/python3.7/site-packages/airflow/example_dags/example_branch_python_dop_operator_3.py
[2024-02-25T12:53:39.939+0000] {logging_mixin.py:150} INFO - [2024-02-25T12:53:39.939+0000] {dag.py:2742} INFO - Sync 1 DAGs
[2024-02-25T12:53:39.967+0000] {logging_mixin.py:150} INFO - [2024-02-25T12:53:39.967+0000] {dag.py:3508} INFO - Setting next_dagrun for example_branch_dop_operator_v3 to 2024-02-25T12:52:00+00:00, run_after=2024-02-25T12:53:00+00:00
[2024-02-25T12:53:39.988+0000] {processor.py:179} INFO - Processing /home/airflow/.local/lib/python3.7/site-packages/airflow/example_dags/example_branch_python_dop_operator_3.py took 0.087 seconds
[2024-02-25T12:54:10.614+0000] {processor.py:157} INFO - Started process (PID=5473) to work on /home/airflow/.local/lib/python3.7/site-packages/airflow/example_dags/example_branch_python_dop_operator_3.py
[2024-02-25T12:54:10.615+0000] {processor.py:826} INFO - Processing file /home/airflow/.local/lib/python3.7/site-packages/airflow/example_dags/example_branch_python_dop_operator_3.py for tasks to queue
[2024-02-25T12:54:10.616+0000] {logging_mixin.py:150} INFO - [2024-02-25T12:54:10.616+0000] {dagbag.py:541} INFO - Filling up the DagBag from /home/airflow/.local/lib/python3.7/site-packages/airflow/example_dags/example_branch_python_dop_operator_3.py
[2024-02-25T12:54:10.624+0000] {processor.py:836} INFO - DAG(s) dict_keys(['example_branch_dop_operator_v3']) retrieved from /home/airflow/.local/lib/python3.7/site-packages/airflow/example_dags/example_branch_python_dop_operator_3.py
[2024-02-25T12:54:10.646+0000] {logging_mixin.py:150} INFO - [2024-02-25T12:54:10.646+0000] {dag.py:2742} INFO - Sync 1 DAGs
[2024-02-25T12:54:10.674+0000] {logging_mixin.py:150} INFO - [2024-02-25T12:54:10.674+0000] {dag.py:3508} INFO - Setting next_dagrun for example_branch_dop_operator_v3 to 2024-02-25T12:53:00+00:00, run_after=2024-02-25T12:54:00+00:00
[2024-02-25T12:54:10.695+0000] {processor.py:179} INFO - Processing /home/airflow/.local/lib/python3.7/site-packages/airflow/example_dags/example_branch_python_dop_operator_3.py took 0.085 seconds
[2024-02-25T12:54:41.211+0000] {processor.py:157} INFO - Started process (PID=5714) to work on /home/airflow/.local/lib/python3.7/site-packages/airflow/example_dags/example_branch_python_dop_operator_3.py
[2024-02-25T12:54:41.211+0000] {processor.py:826} INFO - Processing file /home/airflow/.local/lib/python3.7/site-packages/airflow/example_dags/example_branch_python_dop_operator_3.py for tasks to queue
[2024-02-25T12:54:41.212+0000] {logging_mixin.py:150} INFO - [2024-02-25T12:54:41.212+0000] {dagbag.py:541} INFO - Filling up the DagBag from /home/airflow/.local/lib/python3.7/site-packages/airflow/example_dags/example_branch_python_dop_operator_3.py
[2024-02-25T12:54:41.220+0000] {processor.py:836} INFO - DAG(s) dict_keys(['example_branch_dop_operator_v3']) retrieved from /home/airflow/.local/lib/python3.7/site-packages/airflow/example_dags/example_branch_python_dop_operator_3.py
[2024-02-25T12:54:41.245+0000] {logging_mixin.py:150} INFO - [2024-02-25T12:54:41.244+0000] {dag.py:2742} INFO - Sync 1 DAGs
[2024-02-25T12:54:41.273+0000] {logging_mixin.py:150} INFO - [2024-02-25T12:54:41.273+0000] {dag.py:3508} INFO - Setting next_dagrun for example_branch_dop_operator_v3 to 2024-02-25T12:53:00+00:00, run_after=2024-02-25T12:54:00+00:00
[2024-02-25T12:54:41.294+0000] {processor.py:179} INFO - Processing /home/airflow/.local/lib/python3.7/site-packages/airflow/example_dags/example_branch_python_dop_operator_3.py took 0.087 seconds
[2024-02-25T12:55:11.845+0000] {processor.py:157} INFO - Started process (PID=5954) to work on /home/airflow/.local/lib/python3.7/site-packages/airflow/example_dags/example_branch_python_dop_operator_3.py
[2024-02-25T12:55:11.846+0000] {processor.py:826} INFO - Processing file /home/airflow/.local/lib/python3.7/site-packages/airflow/example_dags/example_branch_python_dop_operator_3.py for tasks to queue
[2024-02-25T12:55:11.848+0000] {logging_mixin.py:150} INFO - [2024-02-25T12:55:11.847+0000] {dagbag.py:541} INFO - Filling up the DagBag from /home/airflow/.local/lib/python3.7/site-packages/airflow/example_dags/example_branch_python_dop_operator_3.py
[2024-02-25T12:55:11.859+0000] {processor.py:836} INFO - DAG(s) dict_keys(['example_branch_dop_operator_v3']) retrieved from /home/airflow/.local/lib/python3.7/site-packages/airflow/example_dags/example_branch_python_dop_operator_3.py
[2024-02-25T12:55:11.882+0000] {logging_mixin.py:150} INFO - [2024-02-25T12:55:11.882+0000] {dag.py:2742} INFO - Sync 1 DAGs
[2024-02-25T12:55:11.910+0000] {logging_mixin.py:150} INFO - [2024-02-25T12:55:11.910+0000] {dag.py:3508} INFO - Setting next_dagrun for example_branch_dop_operator_v3 to 2024-02-25T12:54:00+00:00, run_after=2024-02-25T12:55:00+00:00
[2024-02-25T12:55:11.931+0000] {processor.py:179} INFO - Processing /home/airflow/.local/lib/python3.7/site-packages/airflow/example_dags/example_branch_python_dop_operator_3.py took 0.092 seconds
[2024-02-25T12:55:42.536+0000] {processor.py:157} INFO - Started process (PID=6195) to work on /home/airflow/.local/lib/python3.7/site-packages/airflow/example_dags/example_branch_python_dop_operator_3.py
[2024-02-25T12:55:42.537+0000] {processor.py:826} INFO - Processing file /home/airflow/.local/lib/python3.7/site-packages/airflow/example_dags/example_branch_python_dop_operator_3.py for tasks to queue
[2024-02-25T12:55:42.537+0000] {logging_mixin.py:150} INFO - [2024-02-25T12:55:42.537+0000] {dagbag.py:541} INFO - Filling up the DagBag from /home/airflow/.local/lib/python3.7/site-packages/airflow/example_dags/example_branch_python_dop_operator_3.py
[2024-02-25T12:55:42.545+0000] {processor.py:836} INFO - DAG(s) dict_keys(['example_branch_dop_operator_v3']) retrieved from /home/airflow/.local/lib/python3.7/site-packages/airflow/example_dags/example_branch_python_dop_operator_3.py
[2024-02-25T12:55:42.570+0000] {logging_mixin.py:150} INFO - [2024-02-25T12:55:42.570+0000] {dag.py:2742} INFO - Sync 1 DAGs
[2024-02-25T12:55:42.598+0000] {logging_mixin.py:150} INFO - [2024-02-25T12:55:42.598+0000] {dag.py:3508} INFO - Setting next_dagrun for example_branch_dop_operator_v3 to 2024-02-25T12:54:00+00:00, run_after=2024-02-25T12:55:00+00:00
[2024-02-25T12:55:42.619+0000] {processor.py:179} INFO - Processing /home/airflow/.local/lib/python3.7/site-packages/airflow/example_dags/example_branch_python_dop_operator_3.py took 0.086 seconds
[2024-02-25T12:56:12.694+0000] {processor.py:157} INFO - Started process (PID=6436) to work on /home/airflow/.local/lib/python3.7/site-packages/airflow/example_dags/example_branch_python_dop_operator_3.py
[2024-02-25T12:56:12.695+0000] {processor.py:826} INFO - Processing file /home/airflow/.local/lib/python3.7/site-packages/airflow/example_dags/example_branch_python_dop_operator_3.py for tasks to queue
[2024-02-25T12:56:12.696+0000] {logging_mixin.py:150} INFO - [2024-02-25T12:56:12.696+0000] {dagbag.py:541} INFO - Filling up the DagBag from /home/airflow/.local/lib/python3.7/site-packages/airflow/example_dags/example_branch_python_dop_operator_3.py
[2024-02-25T12:56:12.704+0000] {processor.py:836} INFO - DAG(s) dict_keys(['example_branch_dop_operator_v3']) retrieved from /home/airflow/.local/lib/python3.7/site-packages/airflow/example_dags/example_branch_python_dop_operator_3.py
[2024-02-25T12:56:12.729+0000] {logging_mixin.py:150} INFO - [2024-02-25T12:56:12.729+0000] {dag.py:2742} INFO - Sync 1 DAGs
[2024-02-25T12:56:12.757+0000] {logging_mixin.py:150} INFO - [2024-02-25T12:56:12.757+0000] {dag.py:3508} INFO - Setting next_dagrun for example_branch_dop_operator_v3 to 2024-02-25T12:55:00+00:00, run_after=2024-02-25T12:56:00+00:00
[2024-02-25T12:56:12.779+0000] {processor.py:179} INFO - Processing /home/airflow/.local/lib/python3.7/site-packages/airflow/example_dags/example_branch_python_dop_operator_3.py took 0.088 seconds
[2024-02-25T12:56:42.981+0000] {processor.py:157} INFO - Started process (PID=6677) to work on /home/airflow/.local/lib/python3.7/site-packages/airflow/example_dags/example_branch_python_dop_operator_3.py
[2024-02-25T12:56:42.982+0000] {processor.py:826} INFO - Processing file /home/airflow/.local/lib/python3.7/site-packages/airflow/example_dags/example_branch_python_dop_operator_3.py for tasks to queue
[2024-02-25T12:56:42.983+0000] {logging_mixin.py:150} INFO - [2024-02-25T12:56:42.982+0000] {dagbag.py:541} INFO - Filling up the DagBag from /home/airflow/.local/lib/python3.7/site-packages/airflow/example_dags/example_branch_python_dop_operator_3.py
[2024-02-25T12:56:42.990+0000] {processor.py:836} INFO - DAG(s) dict_keys(['example_branch_dop_operator_v3']) retrieved from /home/airflow/.local/lib/python3.7/site-packages/airflow/example_dags/example_branch_python_dop_operator_3.py
[2024-02-25T12:56:43.012+0000] {logging_mixin.py:150} INFO - [2024-02-25T12:56:43.011+0000] {dag.py:2742} INFO - Sync 1 DAGs
[2024-02-25T12:56:43.047+0000] {logging_mixin.py:150} INFO - [2024-02-25T12:56:43.047+0000] {dag.py:3508} INFO - Setting next_dagrun for example_branch_dop_operator_v3 to 2024-02-25T12:55:00+00:00, run_after=2024-02-25T12:56:00+00:00
[2024-02-25T12:56:43.073+0000] {processor.py:179} INFO - Processing /home/airflow/.local/lib/python3.7/site-packages/airflow/example_dags/example_branch_python_dop_operator_3.py took 0.095 seconds
[2024-02-25T12:57:13.183+0000] {processor.py:157} INFO - Started process (PID=6918) to work on /home/airflow/.local/lib/python3.7/site-packages/airflow/example_dags/example_branch_python_dop_operator_3.py
[2024-02-25T12:57:13.186+0000] {processor.py:826} INFO - Processing file /home/airflow/.local/lib/python3.7/site-packages/airflow/example_dags/example_branch_python_dop_operator_3.py for tasks to queue
[2024-02-25T12:57:13.188+0000] {logging_mixin.py:150} INFO - [2024-02-25T12:57:13.187+0000] {dagbag.py:541} INFO - Filling up the DagBag from /home/airflow/.local/lib/python3.7/site-packages/airflow/example_dags/example_branch_python_dop_operator_3.py
[2024-02-25T12:57:13.212+0000] {processor.py:836} INFO - DAG(s) dict_keys(['example_branch_dop_operator_v3']) retrieved from /home/airflow/.local/lib/python3.7/site-packages/airflow/example_dags/example_branch_python_dop_operator_3.py
[2024-02-25T12:57:13.241+0000] {logging_mixin.py:150} INFO - [2024-02-25T12:57:13.241+0000] {dag.py:2742} INFO - Sync 1 DAGs
[2024-02-25T12:57:13.273+0000] {logging_mixin.py:150} INFO - [2024-02-25T12:57:13.273+0000] {dag.py:3508} INFO - Setting next_dagrun for example_branch_dop_operator_v3 to 2024-02-25T12:56:00+00:00, run_after=2024-02-25T12:57:00+00:00
[2024-02-25T12:57:13.294+0000] {processor.py:179} INFO - Processing /home/airflow/.local/lib/python3.7/site-packages/airflow/example_dags/example_branch_python_dop_operator_3.py took 0.122 seconds
