[2024-02-25T12:42:58.862+0000] {processor.py:157} INFO - Started process (PID=165) to work on /home/airflow/.local/lib/python3.7/site-packages/airflow/example_dags/example_local_kubernetes_executor.py
[2024-02-25T12:42:58.863+0000] {processor.py:826} INFO - Processing file /home/airflow/.local/lib/python3.7/site-packages/airflow/example_dags/example_local_kubernetes_executor.py for tasks to queue
[2024-02-25T12:42:58.865+0000] {logging_mixin.py:150} INFO - [2024-02-25T12:42:58.864+0000] {dagbag.py:541} INFO - Filling up the DagBag from /home/airflow/.local/lib/python3.7/site-packages/airflow/example_dags/example_local_kubernetes_executor.py
[2024-02-25T12:43:01.070+0000] {processor.py:836} INFO - DAG(s) dict_keys(['example_local_kubernetes_executor']) retrieved from /home/airflow/.local/lib/python3.7/site-packages/airflow/example_dags/example_local_kubernetes_executor.py
[2024-02-25T12:43:01.114+0000] {logging_mixin.py:150} INFO - [2024-02-25T12:43:01.114+0000] {dag.py:2742} INFO - Sync 1 DAGs
[2024-02-25T12:43:01.178+0000] {logging_mixin.py:150} INFO - [2024-02-25T12:43:01.178+0000] {dag.py:3508} INFO - Setting next_dagrun for example_local_kubernetes_executor to None, run_after=None
[2024-02-25T12:43:01.241+0000] {processor.py:179} INFO - Processing /home/airflow/.local/lib/python3.7/site-packages/airflow/example_dags/example_local_kubernetes_executor.py took 2.385 seconds
[2024-02-25T12:43:31.597+0000] {processor.py:157} INFO - Started process (PID=463) to work on /home/airflow/.local/lib/python3.7/site-packages/airflow/example_dags/example_local_kubernetes_executor.py
[2024-02-25T12:43:31.598+0000] {processor.py:826} INFO - Processing file /home/airflow/.local/lib/python3.7/site-packages/airflow/example_dags/example_local_kubernetes_executor.py for tasks to queue
[2024-02-25T12:43:31.599+0000] {logging_mixin.py:150} INFO - [2024-02-25T12:43:31.599+0000] {dagbag.py:541} INFO - Filling up the DagBag from /home/airflow/.local/lib/python3.7/site-packages/airflow/example_dags/example_local_kubernetes_executor.py
[2024-02-25T12:43:32.021+0000] {processor.py:836} INFO - DAG(s) dict_keys(['example_local_kubernetes_executor']) retrieved from /home/airflow/.local/lib/python3.7/site-packages/airflow/example_dags/example_local_kubernetes_executor.py
[2024-02-25T12:43:32.147+0000] {logging_mixin.py:150} INFO - [2024-02-25T12:43:32.147+0000] {dag.py:2742} INFO - Sync 1 DAGs
[2024-02-25T12:43:32.197+0000] {logging_mixin.py:150} INFO - [2024-02-25T12:43:32.197+0000] {dag.py:3508} INFO - Setting next_dagrun for example_local_kubernetes_executor to None, run_after=None
[2024-02-25T12:43:32.229+0000] {processor.py:179} INFO - Processing /home/airflow/.local/lib/python3.7/site-packages/airflow/example_dags/example_local_kubernetes_executor.py took 0.636 seconds
[2024-02-25T12:44:02.901+0000] {processor.py:157} INFO - Started process (PID=710) to work on /home/airflow/.local/lib/python3.7/site-packages/airflow/example_dags/example_local_kubernetes_executor.py
[2024-02-25T12:44:02.902+0000] {processor.py:826} INFO - Processing file /home/airflow/.local/lib/python3.7/site-packages/airflow/example_dags/example_local_kubernetes_executor.py for tasks to queue
[2024-02-25T12:44:02.903+0000] {logging_mixin.py:150} INFO - [2024-02-25T12:44:02.903+0000] {dagbag.py:541} INFO - Filling up the DagBag from /home/airflow/.local/lib/python3.7/site-packages/airflow/example_dags/example_local_kubernetes_executor.py
[2024-02-25T12:44:03.337+0000] {processor.py:836} INFO - DAG(s) dict_keys(['example_local_kubernetes_executor']) retrieved from /home/airflow/.local/lib/python3.7/site-packages/airflow/example_dags/example_local_kubernetes_executor.py
[2024-02-25T12:44:03.352+0000] {logging_mixin.py:150} INFO - [2024-02-25T12:44:03.351+0000] {dag.py:2742} INFO - Sync 1 DAGs
[2024-02-25T12:44:03.393+0000] {logging_mixin.py:150} INFO - [2024-02-25T12:44:03.392+0000] {dag.py:3508} INFO - Setting next_dagrun for example_local_kubernetes_executor to None, run_after=None
[2024-02-25T12:44:03.425+0000] {processor.py:179} INFO - Processing /home/airflow/.local/lib/python3.7/site-packages/airflow/example_dags/example_local_kubernetes_executor.py took 0.530 seconds
[2024-02-25T12:44:33.560+0000] {processor.py:157} INFO - Started process (PID=951) to work on /home/airflow/.local/lib/python3.7/site-packages/airflow/example_dags/example_local_kubernetes_executor.py
[2024-02-25T12:44:33.564+0000] {processor.py:826} INFO - Processing file /home/airflow/.local/lib/python3.7/site-packages/airflow/example_dags/example_local_kubernetes_executor.py for tasks to queue
[2024-02-25T12:44:33.568+0000] {logging_mixin.py:150} INFO - [2024-02-25T12:44:33.567+0000] {dagbag.py:541} INFO - Filling up the DagBag from /home/airflow/.local/lib/python3.7/site-packages/airflow/example_dags/example_local_kubernetes_executor.py
[2024-02-25T12:44:33.896+0000] {processor.py:836} INFO - DAG(s) dict_keys(['example_local_kubernetes_executor']) retrieved from /home/airflow/.local/lib/python3.7/site-packages/airflow/example_dags/example_local_kubernetes_executor.py
[2024-02-25T12:44:33.994+0000] {logging_mixin.py:150} INFO - [2024-02-25T12:44:33.994+0000] {dag.py:2742} INFO - Sync 1 DAGs
[2024-02-25T12:44:34.064+0000] {logging_mixin.py:150} INFO - [2024-02-25T12:44:34.064+0000] {dag.py:3508} INFO - Setting next_dagrun for example_local_kubernetes_executor to None, run_after=None
[2024-02-25T12:44:34.105+0000] {processor.py:179} INFO - Processing /home/airflow/.local/lib/python3.7/site-packages/airflow/example_dags/example_local_kubernetes_executor.py took 0.563 seconds
[2024-02-25T12:45:04.536+0000] {processor.py:157} INFO - Started process (PID=1192) to work on /home/airflow/.local/lib/python3.7/site-packages/airflow/example_dags/example_local_kubernetes_executor.py
[2024-02-25T12:45:04.537+0000] {processor.py:826} INFO - Processing file /home/airflow/.local/lib/python3.7/site-packages/airflow/example_dags/example_local_kubernetes_executor.py for tasks to queue
[2024-02-25T12:45:04.538+0000] {logging_mixin.py:150} INFO - [2024-02-25T12:45:04.538+0000] {dagbag.py:541} INFO - Filling up the DagBag from /home/airflow/.local/lib/python3.7/site-packages/airflow/example_dags/example_local_kubernetes_executor.py
[2024-02-25T12:45:04.996+0000] {processor.py:836} INFO - DAG(s) dict_keys(['example_local_kubernetes_executor']) retrieved from /home/airflow/.local/lib/python3.7/site-packages/airflow/example_dags/example_local_kubernetes_executor.py
[2024-02-25T12:45:05.153+0000] {logging_mixin.py:150} INFO - [2024-02-25T12:45:05.152+0000] {dag.py:2742} INFO - Sync 1 DAGs
[2024-02-25T12:45:05.218+0000] {logging_mixin.py:150} INFO - [2024-02-25T12:45:05.218+0000] {dag.py:3508} INFO - Setting next_dagrun for example_local_kubernetes_executor to None, run_after=None
[2024-02-25T12:45:05.257+0000] {processor.py:179} INFO - Processing /home/airflow/.local/lib/python3.7/site-packages/airflow/example_dags/example_local_kubernetes_executor.py took 0.728 seconds
[2024-02-25T12:45:35.330+0000] {processor.py:157} INFO - Started process (PID=1455) to work on /home/airflow/.local/lib/python3.7/site-packages/airflow/example_dags/example_local_kubernetes_executor.py
[2024-02-25T12:45:35.331+0000] {processor.py:826} INFO - Processing file /home/airflow/.local/lib/python3.7/site-packages/airflow/example_dags/example_local_kubernetes_executor.py for tasks to queue
[2024-02-25T12:45:35.331+0000] {logging_mixin.py:150} INFO - [2024-02-25T12:45:35.331+0000] {dagbag.py:541} INFO - Filling up the DagBag from /home/airflow/.local/lib/python3.7/site-packages/airflow/example_dags/example_local_kubernetes_executor.py
[2024-02-25T12:45:35.612+0000] {processor.py:836} INFO - DAG(s) dict_keys(['example_local_kubernetes_executor']) retrieved from /home/airflow/.local/lib/python3.7/site-packages/airflow/example_dags/example_local_kubernetes_executor.py
[2024-02-25T12:45:35.654+0000] {logging_mixin.py:150} INFO - [2024-02-25T12:45:35.653+0000] {dag.py:2742} INFO - Sync 1 DAGs
[2024-02-25T12:45:35.681+0000] {logging_mixin.py:150} INFO - [2024-02-25T12:45:35.681+0000] {dag.py:3508} INFO - Setting next_dagrun for example_local_kubernetes_executor to None, run_after=None
[2024-02-25T12:45:35.710+0000] {processor.py:179} INFO - Processing /home/airflow/.local/lib/python3.7/site-packages/airflow/example_dags/example_local_kubernetes_executor.py took 0.384 seconds
[2024-02-25T12:46:05.936+0000] {processor.py:157} INFO - Started process (PID=1696) to work on /home/airflow/.local/lib/python3.7/site-packages/airflow/example_dags/example_local_kubernetes_executor.py
[2024-02-25T12:46:05.938+0000] {processor.py:826} INFO - Processing file /home/airflow/.local/lib/python3.7/site-packages/airflow/example_dags/example_local_kubernetes_executor.py for tasks to queue
[2024-02-25T12:46:05.940+0000] {logging_mixin.py:150} INFO - [2024-02-25T12:46:05.939+0000] {dagbag.py:541} INFO - Filling up the DagBag from /home/airflow/.local/lib/python3.7/site-packages/airflow/example_dags/example_local_kubernetes_executor.py
[2024-02-25T12:46:06.204+0000] {processor.py:836} INFO - DAG(s) dict_keys(['example_local_kubernetes_executor']) retrieved from /home/airflow/.local/lib/python3.7/site-packages/airflow/example_dags/example_local_kubernetes_executor.py
[2024-02-25T12:46:06.242+0000] {logging_mixin.py:150} INFO - [2024-02-25T12:46:06.242+0000] {dag.py:2742} INFO - Sync 1 DAGs
[2024-02-25T12:46:06.283+0000] {logging_mixin.py:150} INFO - [2024-02-25T12:46:06.283+0000] {dag.py:3508} INFO - Setting next_dagrun for example_local_kubernetes_executor to None, run_after=None
[2024-02-25T12:46:06.311+0000] {processor.py:179} INFO - Processing /home/airflow/.local/lib/python3.7/site-packages/airflow/example_dags/example_local_kubernetes_executor.py took 0.384 seconds
[2024-02-25T12:46:36.471+0000] {processor.py:157} INFO - Started process (PID=1937) to work on /home/airflow/.local/lib/python3.7/site-packages/airflow/example_dags/example_local_kubernetes_executor.py
[2024-02-25T12:46:36.473+0000] {processor.py:826} INFO - Processing file /home/airflow/.local/lib/python3.7/site-packages/airflow/example_dags/example_local_kubernetes_executor.py for tasks to queue
[2024-02-25T12:46:36.474+0000] {logging_mixin.py:150} INFO - [2024-02-25T12:46:36.473+0000] {dagbag.py:541} INFO - Filling up the DagBag from /home/airflow/.local/lib/python3.7/site-packages/airflow/example_dags/example_local_kubernetes_executor.py
[2024-02-25T12:46:36.748+0000] {processor.py:836} INFO - DAG(s) dict_keys(['example_local_kubernetes_executor']) retrieved from /home/airflow/.local/lib/python3.7/site-packages/airflow/example_dags/example_local_kubernetes_executor.py
[2024-02-25T12:46:36.786+0000] {logging_mixin.py:150} INFO - [2024-02-25T12:46:36.785+0000] {dag.py:2742} INFO - Sync 1 DAGs
[2024-02-25T12:46:36.819+0000] {logging_mixin.py:150} INFO - [2024-02-25T12:46:36.819+0000] {dag.py:3508} INFO - Setting next_dagrun for example_local_kubernetes_executor to None, run_after=None
[2024-02-25T12:46:36.847+0000] {processor.py:179} INFO - Processing /home/airflow/.local/lib/python3.7/site-packages/airflow/example_dags/example_local_kubernetes_executor.py took 0.380 seconds
[2024-02-25T12:47:07.009+0000] {processor.py:157} INFO - Started process (PID=2163) to work on /home/airflow/.local/lib/python3.7/site-packages/airflow/example_dags/example_local_kubernetes_executor.py
[2024-02-25T12:47:07.010+0000] {processor.py:826} INFO - Processing file /home/airflow/.local/lib/python3.7/site-packages/airflow/example_dags/example_local_kubernetes_executor.py for tasks to queue
[2024-02-25T12:47:07.012+0000] {logging_mixin.py:150} INFO - [2024-02-25T12:47:07.011+0000] {dagbag.py:541} INFO - Filling up the DagBag from /home/airflow/.local/lib/python3.7/site-packages/airflow/example_dags/example_local_kubernetes_executor.py
[2024-02-25T12:47:07.401+0000] {processor.py:836} INFO - DAG(s) dict_keys(['example_local_kubernetes_executor']) retrieved from /home/airflow/.local/lib/python3.7/site-packages/airflow/example_dags/example_local_kubernetes_executor.py
[2024-02-25T12:47:07.464+0000] {logging_mixin.py:150} INFO - [2024-02-25T12:47:07.463+0000] {dag.py:2742} INFO - Sync 1 DAGs
[2024-02-25T12:47:07.507+0000] {logging_mixin.py:150} INFO - [2024-02-25T12:47:07.507+0000] {dag.py:3508} INFO - Setting next_dagrun for example_local_kubernetes_executor to None, run_after=None
[2024-02-25T12:47:07.535+0000] {processor.py:179} INFO - Processing /home/airflow/.local/lib/python3.7/site-packages/airflow/example_dags/example_local_kubernetes_executor.py took 0.532 seconds
[2024-02-25T12:47:38.033+0000] {processor.py:157} INFO - Started process (PID=2404) to work on /home/airflow/.local/lib/python3.7/site-packages/airflow/example_dags/example_local_kubernetes_executor.py
[2024-02-25T12:47:38.037+0000] {processor.py:826} INFO - Processing file /home/airflow/.local/lib/python3.7/site-packages/airflow/example_dags/example_local_kubernetes_executor.py for tasks to queue
[2024-02-25T12:47:38.041+0000] {logging_mixin.py:150} INFO - [2024-02-25T12:47:38.039+0000] {dagbag.py:541} INFO - Filling up the DagBag from /home/airflow/.local/lib/python3.7/site-packages/airflow/example_dags/example_local_kubernetes_executor.py
[2024-02-25T12:47:38.338+0000] {processor.py:836} INFO - DAG(s) dict_keys(['example_local_kubernetes_executor']) retrieved from /home/airflow/.local/lib/python3.7/site-packages/airflow/example_dags/example_local_kubernetes_executor.py
[2024-02-25T12:47:38.376+0000] {logging_mixin.py:150} INFO - [2024-02-25T12:47:38.376+0000] {dag.py:2742} INFO - Sync 1 DAGs
[2024-02-25T12:47:38.407+0000] {logging_mixin.py:150} INFO - [2024-02-25T12:47:38.407+0000] {dag.py:3508} INFO - Setting next_dagrun for example_local_kubernetes_executor to None, run_after=None
[2024-02-25T12:47:38.435+0000] {processor.py:179} INFO - Processing /home/airflow/.local/lib/python3.7/site-packages/airflow/example_dags/example_local_kubernetes_executor.py took 0.424 seconds
[2024-02-25T12:48:08.589+0000] {processor.py:157} INFO - Started process (PID=2658) to work on /home/airflow/.local/lib/python3.7/site-packages/airflow/example_dags/example_local_kubernetes_executor.py
[2024-02-25T12:48:08.591+0000] {processor.py:826} INFO - Processing file /home/airflow/.local/lib/python3.7/site-packages/airflow/example_dags/example_local_kubernetes_executor.py for tasks to queue
[2024-02-25T12:48:08.591+0000] {logging_mixin.py:150} INFO - [2024-02-25T12:48:08.591+0000] {dagbag.py:541} INFO - Filling up the DagBag from /home/airflow/.local/lib/python3.7/site-packages/airflow/example_dags/example_local_kubernetes_executor.py
[2024-02-25T12:48:08.867+0000] {processor.py:836} INFO - DAG(s) dict_keys(['example_local_kubernetes_executor']) retrieved from /home/airflow/.local/lib/python3.7/site-packages/airflow/example_dags/example_local_kubernetes_executor.py
[2024-02-25T12:48:08.918+0000] {logging_mixin.py:150} INFO - [2024-02-25T12:48:08.918+0000] {dag.py:2742} INFO - Sync 1 DAGs
[2024-02-25T12:48:08.956+0000] {logging_mixin.py:150} INFO - [2024-02-25T12:48:08.956+0000] {dag.py:3508} INFO - Setting next_dagrun for example_local_kubernetes_executor to None, run_after=None
[2024-02-25T12:48:08.981+0000] {processor.py:179} INFO - Processing /home/airflow/.local/lib/python3.7/site-packages/airflow/example_dags/example_local_kubernetes_executor.py took 0.396 seconds
[2024-02-25T12:48:39.037+0000] {processor.py:157} INFO - Started process (PID=2887) to work on /home/airflow/.local/lib/python3.7/site-packages/airflow/example_dags/example_local_kubernetes_executor.py
[2024-02-25T12:48:39.038+0000] {processor.py:826} INFO - Processing file /home/airflow/.local/lib/python3.7/site-packages/airflow/example_dags/example_local_kubernetes_executor.py for tasks to queue
[2024-02-25T12:48:39.039+0000] {logging_mixin.py:150} INFO - [2024-02-25T12:48:39.039+0000] {dagbag.py:541} INFO - Filling up the DagBag from /home/airflow/.local/lib/python3.7/site-packages/airflow/example_dags/example_local_kubernetes_executor.py
[2024-02-25T12:48:39.345+0000] {processor.py:836} INFO - DAG(s) dict_keys(['example_local_kubernetes_executor']) retrieved from /home/airflow/.local/lib/python3.7/site-packages/airflow/example_dags/example_local_kubernetes_executor.py
[2024-02-25T12:48:39.390+0000] {logging_mixin.py:150} INFO - [2024-02-25T12:48:39.390+0000] {dag.py:2742} INFO - Sync 1 DAGs
[2024-02-25T12:48:39.428+0000] {logging_mixin.py:150} INFO - [2024-02-25T12:48:39.428+0000] {dag.py:3508} INFO - Setting next_dagrun for example_local_kubernetes_executor to None, run_after=None
[2024-02-25T12:48:39.456+0000] {processor.py:179} INFO - Processing /home/airflow/.local/lib/python3.7/site-packages/airflow/example_dags/example_local_kubernetes_executor.py took 0.424 seconds
[2024-02-25T12:49:09.771+0000] {processor.py:157} INFO - Started process (PID=3128) to work on /home/airflow/.local/lib/python3.7/site-packages/airflow/example_dags/example_local_kubernetes_executor.py
[2024-02-25T12:49:09.772+0000] {processor.py:826} INFO - Processing file /home/airflow/.local/lib/python3.7/site-packages/airflow/example_dags/example_local_kubernetes_executor.py for tasks to queue
[2024-02-25T12:49:09.774+0000] {logging_mixin.py:150} INFO - [2024-02-25T12:49:09.773+0000] {dagbag.py:541} INFO - Filling up the DagBag from /home/airflow/.local/lib/python3.7/site-packages/airflow/example_dags/example_local_kubernetes_executor.py
[2024-02-25T12:49:10.064+0000] {processor.py:836} INFO - DAG(s) dict_keys(['example_local_kubernetes_executor']) retrieved from /home/airflow/.local/lib/python3.7/site-packages/airflow/example_dags/example_local_kubernetes_executor.py
[2024-02-25T12:49:10.112+0000] {logging_mixin.py:150} INFO - [2024-02-25T12:49:10.112+0000] {dag.py:2742} INFO - Sync 1 DAGs
[2024-02-25T12:49:10.142+0000] {logging_mixin.py:150} INFO - [2024-02-25T12:49:10.142+0000] {dag.py:3508} INFO - Setting next_dagrun for example_local_kubernetes_executor to None, run_after=None
[2024-02-25T12:49:10.175+0000] {processor.py:179} INFO - Processing /home/airflow/.local/lib/python3.7/site-packages/airflow/example_dags/example_local_kubernetes_executor.py took 0.412 seconds
[2024-02-25T12:49:40.451+0000] {processor.py:157} INFO - Started process (PID=3369) to work on /home/airflow/.local/lib/python3.7/site-packages/airflow/example_dags/example_local_kubernetes_executor.py
[2024-02-25T12:49:40.452+0000] {processor.py:826} INFO - Processing file /home/airflow/.local/lib/python3.7/site-packages/airflow/example_dags/example_local_kubernetes_executor.py for tasks to queue
[2024-02-25T12:49:40.453+0000] {logging_mixin.py:150} INFO - [2024-02-25T12:49:40.453+0000] {dagbag.py:541} INFO - Filling up the DagBag from /home/airflow/.local/lib/python3.7/site-packages/airflow/example_dags/example_local_kubernetes_executor.py
[2024-02-25T12:49:40.777+0000] {processor.py:836} INFO - DAG(s) dict_keys(['example_local_kubernetes_executor']) retrieved from /home/airflow/.local/lib/python3.7/site-packages/airflow/example_dags/example_local_kubernetes_executor.py
[2024-02-25T12:49:40.817+0000] {logging_mixin.py:150} INFO - [2024-02-25T12:49:40.817+0000] {dag.py:2742} INFO - Sync 1 DAGs
[2024-02-25T12:49:40.847+0000] {logging_mixin.py:150} INFO - [2024-02-25T12:49:40.847+0000] {dag.py:3508} INFO - Setting next_dagrun for example_local_kubernetes_executor to None, run_after=None
[2024-02-25T12:49:40.872+0000] {processor.py:179} INFO - Processing /home/airflow/.local/lib/python3.7/site-packages/airflow/example_dags/example_local_kubernetes_executor.py took 0.427 seconds
[2024-02-25T12:50:11.784+0000] {processor.py:157} INFO - Started process (PID=3620) to work on /home/airflow/.local/lib/python3.7/site-packages/airflow/example_dags/example_local_kubernetes_executor.py
[2024-02-25T12:50:11.785+0000] {processor.py:826} INFO - Processing file /home/airflow/.local/lib/python3.7/site-packages/airflow/example_dags/example_local_kubernetes_executor.py for tasks to queue
[2024-02-25T12:50:11.786+0000] {logging_mixin.py:150} INFO - [2024-02-25T12:50:11.786+0000] {dagbag.py:541} INFO - Filling up the DagBag from /home/airflow/.local/lib/python3.7/site-packages/airflow/example_dags/example_local_kubernetes_executor.py
[2024-02-25T12:50:12.051+0000] {processor.py:836} INFO - DAG(s) dict_keys(['example_local_kubernetes_executor']) retrieved from /home/airflow/.local/lib/python3.7/site-packages/airflow/example_dags/example_local_kubernetes_executor.py
[2024-02-25T12:50:12.112+0000] {logging_mixin.py:150} INFO - [2024-02-25T12:50:12.112+0000] {dag.py:2742} INFO - Sync 1 DAGs
[2024-02-25T12:50:12.157+0000] {logging_mixin.py:150} INFO - [2024-02-25T12:50:12.157+0000] {dag.py:3508} INFO - Setting next_dagrun for example_local_kubernetes_executor to None, run_after=None
[2024-02-25T12:50:12.197+0000] {processor.py:179} INFO - Processing /home/airflow/.local/lib/python3.7/site-packages/airflow/example_dags/example_local_kubernetes_executor.py took 0.418 seconds
[2024-02-25T12:50:42.393+0000] {processor.py:157} INFO - Started process (PID=3861) to work on /home/airflow/.local/lib/python3.7/site-packages/airflow/example_dags/example_local_kubernetes_executor.py
[2024-02-25T12:50:42.395+0000] {processor.py:826} INFO - Processing file /home/airflow/.local/lib/python3.7/site-packages/airflow/example_dags/example_local_kubernetes_executor.py for tasks to queue
[2024-02-25T12:50:42.397+0000] {logging_mixin.py:150} INFO - [2024-02-25T12:50:42.396+0000] {dagbag.py:541} INFO - Filling up the DagBag from /home/airflow/.local/lib/python3.7/site-packages/airflow/example_dags/example_local_kubernetes_executor.py
[2024-02-25T12:50:42.693+0000] {processor.py:836} INFO - DAG(s) dict_keys(['example_local_kubernetes_executor']) retrieved from /home/airflow/.local/lib/python3.7/site-packages/airflow/example_dags/example_local_kubernetes_executor.py
[2024-02-25T12:50:42.741+0000] {logging_mixin.py:150} INFO - [2024-02-25T12:50:42.741+0000] {dag.py:2742} INFO - Sync 1 DAGs
[2024-02-25T12:50:42.771+0000] {logging_mixin.py:150} INFO - [2024-02-25T12:50:42.771+0000] {dag.py:3508} INFO - Setting next_dagrun for example_local_kubernetes_executor to None, run_after=None
[2024-02-25T12:50:42.795+0000] {processor.py:179} INFO - Processing /home/airflow/.local/lib/python3.7/site-packages/airflow/example_dags/example_local_kubernetes_executor.py took 0.407 seconds
[2024-02-25T12:51:12.977+0000] {processor.py:157} INFO - Started process (PID=4110) to work on /home/airflow/.local/lib/python3.7/site-packages/airflow/example_dags/example_local_kubernetes_executor.py
[2024-02-25T12:51:12.978+0000] {processor.py:826} INFO - Processing file /home/airflow/.local/lib/python3.7/site-packages/airflow/example_dags/example_local_kubernetes_executor.py for tasks to queue
[2024-02-25T12:51:12.979+0000] {logging_mixin.py:150} INFO - [2024-02-25T12:51:12.979+0000] {dagbag.py:541} INFO - Filling up the DagBag from /home/airflow/.local/lib/python3.7/site-packages/airflow/example_dags/example_local_kubernetes_executor.py
[2024-02-25T12:51:13.240+0000] {processor.py:836} INFO - DAG(s) dict_keys(['example_local_kubernetes_executor']) retrieved from /home/airflow/.local/lib/python3.7/site-packages/airflow/example_dags/example_local_kubernetes_executor.py
[2024-02-25T12:51:13.300+0000] {logging_mixin.py:150} INFO - [2024-02-25T12:51:13.300+0000] {dag.py:2742} INFO - Sync 1 DAGs
[2024-02-25T12:51:13.353+0000] {logging_mixin.py:150} INFO - [2024-02-25T12:51:13.353+0000] {dag.py:3508} INFO - Setting next_dagrun for example_local_kubernetes_executor to None, run_after=None
[2024-02-25T12:51:13.376+0000] {processor.py:179} INFO - Processing /home/airflow/.local/lib/python3.7/site-packages/airflow/example_dags/example_local_kubernetes_executor.py took 0.403 seconds
[2024-02-25T12:51:43.568+0000] {processor.py:157} INFO - Started process (PID=4343) to work on /home/airflow/.local/lib/python3.7/site-packages/airflow/example_dags/example_local_kubernetes_executor.py
[2024-02-25T12:51:43.571+0000] {processor.py:826} INFO - Processing file /home/airflow/.local/lib/python3.7/site-packages/airflow/example_dags/example_local_kubernetes_executor.py for tasks to queue
[2024-02-25T12:51:43.575+0000] {logging_mixin.py:150} INFO - [2024-02-25T12:51:43.573+0000] {dagbag.py:541} INFO - Filling up the DagBag from /home/airflow/.local/lib/python3.7/site-packages/airflow/example_dags/example_local_kubernetes_executor.py
[2024-02-25T12:51:43.894+0000] {processor.py:836} INFO - DAG(s) dict_keys(['example_local_kubernetes_executor']) retrieved from /home/airflow/.local/lib/python3.7/site-packages/airflow/example_dags/example_local_kubernetes_executor.py
[2024-02-25T12:51:43.948+0000] {logging_mixin.py:150} INFO - [2024-02-25T12:51:43.948+0000] {dag.py:2742} INFO - Sync 1 DAGs
[2024-02-25T12:51:43.987+0000] {logging_mixin.py:150} INFO - [2024-02-25T12:51:43.987+0000] {dag.py:3508} INFO - Setting next_dagrun for example_local_kubernetes_executor to None, run_after=None
[2024-02-25T12:51:44.015+0000] {processor.py:179} INFO - Processing /home/airflow/.local/lib/python3.7/site-packages/airflow/example_dags/example_local_kubernetes_executor.py took 0.459 seconds
[2024-02-25T12:52:14.192+0000] {processor.py:157} INFO - Started process (PID=4584) to work on /home/airflow/.local/lib/python3.7/site-packages/airflow/example_dags/example_local_kubernetes_executor.py
[2024-02-25T12:52:14.193+0000] {processor.py:826} INFO - Processing file /home/airflow/.local/lib/python3.7/site-packages/airflow/example_dags/example_local_kubernetes_executor.py for tasks to queue
[2024-02-25T12:52:14.194+0000] {logging_mixin.py:150} INFO - [2024-02-25T12:52:14.194+0000] {dagbag.py:541} INFO - Filling up the DagBag from /home/airflow/.local/lib/python3.7/site-packages/airflow/example_dags/example_local_kubernetes_executor.py
[2024-02-25T12:52:14.489+0000] {processor.py:836} INFO - DAG(s) dict_keys(['example_local_kubernetes_executor']) retrieved from /home/airflow/.local/lib/python3.7/site-packages/airflow/example_dags/example_local_kubernetes_executor.py
[2024-02-25T12:52:14.533+0000] {logging_mixin.py:150} INFO - [2024-02-25T12:52:14.533+0000] {dag.py:2742} INFO - Sync 1 DAGs
[2024-02-25T12:52:14.578+0000] {logging_mixin.py:150} INFO - [2024-02-25T12:52:14.578+0000] {dag.py:3508} INFO - Setting next_dagrun for example_local_kubernetes_executor to None, run_after=None
[2024-02-25T12:52:14.605+0000] {processor.py:179} INFO - Processing /home/airflow/.local/lib/python3.7/site-packages/airflow/example_dags/example_local_kubernetes_executor.py took 0.417 seconds
[2024-02-25T12:52:44.737+0000] {processor.py:157} INFO - Started process (PID=4833) to work on /home/airflow/.local/lib/python3.7/site-packages/airflow/example_dags/example_local_kubernetes_executor.py
[2024-02-25T12:52:44.738+0000] {processor.py:826} INFO - Processing file /home/airflow/.local/lib/python3.7/site-packages/airflow/example_dags/example_local_kubernetes_executor.py for tasks to queue
[2024-02-25T12:52:44.739+0000] {logging_mixin.py:150} INFO - [2024-02-25T12:52:44.738+0000] {dagbag.py:541} INFO - Filling up the DagBag from /home/airflow/.local/lib/python3.7/site-packages/airflow/example_dags/example_local_kubernetes_executor.py
[2024-02-25T12:52:45.108+0000] {processor.py:836} INFO - DAG(s) dict_keys(['example_local_kubernetes_executor']) retrieved from /home/airflow/.local/lib/python3.7/site-packages/airflow/example_dags/example_local_kubernetes_executor.py
[2024-02-25T12:52:45.149+0000] {logging_mixin.py:150} INFO - [2024-02-25T12:52:45.148+0000] {dag.py:2742} INFO - Sync 1 DAGs
[2024-02-25T12:52:45.189+0000] {logging_mixin.py:150} INFO - [2024-02-25T12:52:45.189+0000] {dag.py:3508} INFO - Setting next_dagrun for example_local_kubernetes_executor to None, run_after=None
[2024-02-25T12:52:45.216+0000] {processor.py:179} INFO - Processing /home/airflow/.local/lib/python3.7/site-packages/airflow/example_dags/example_local_kubernetes_executor.py took 0.483 seconds
[2024-02-25T12:53:16.171+0000] {processor.py:157} INFO - Started process (PID=5086) to work on /home/airflow/.local/lib/python3.7/site-packages/airflow/example_dags/example_local_kubernetes_executor.py
[2024-02-25T12:53:16.173+0000] {processor.py:826} INFO - Processing file /home/airflow/.local/lib/python3.7/site-packages/airflow/example_dags/example_local_kubernetes_executor.py for tasks to queue
[2024-02-25T12:53:16.174+0000] {logging_mixin.py:150} INFO - [2024-02-25T12:53:16.173+0000] {dagbag.py:541} INFO - Filling up the DagBag from /home/airflow/.local/lib/python3.7/site-packages/airflow/example_dags/example_local_kubernetes_executor.py
[2024-02-25T12:53:16.467+0000] {processor.py:836} INFO - DAG(s) dict_keys(['example_local_kubernetes_executor']) retrieved from /home/airflow/.local/lib/python3.7/site-packages/airflow/example_dags/example_local_kubernetes_executor.py
[2024-02-25T12:53:16.514+0000] {logging_mixin.py:150} INFO - [2024-02-25T12:53:16.514+0000] {dag.py:2742} INFO - Sync 1 DAGs
[2024-02-25T12:53:16.550+0000] {logging_mixin.py:150} INFO - [2024-02-25T12:53:16.550+0000] {dag.py:3508} INFO - Setting next_dagrun for example_local_kubernetes_executor to None, run_after=None
[2024-02-25T12:53:16.575+0000] {processor.py:179} INFO - Processing /home/airflow/.local/lib/python3.7/site-packages/airflow/example_dags/example_local_kubernetes_executor.py took 0.412 seconds
[2024-02-25T12:53:47.260+0000] {processor.py:157} INFO - Started process (PID=5327) to work on /home/airflow/.local/lib/python3.7/site-packages/airflow/example_dags/example_local_kubernetes_executor.py
[2024-02-25T12:53:47.261+0000] {processor.py:826} INFO - Processing file /home/airflow/.local/lib/python3.7/site-packages/airflow/example_dags/example_local_kubernetes_executor.py for tasks to queue
[2024-02-25T12:53:47.263+0000] {logging_mixin.py:150} INFO - [2024-02-25T12:53:47.262+0000] {dagbag.py:541} INFO - Filling up the DagBag from /home/airflow/.local/lib/python3.7/site-packages/airflow/example_dags/example_local_kubernetes_executor.py
[2024-02-25T12:53:47.532+0000] {processor.py:836} INFO - DAG(s) dict_keys(['example_local_kubernetes_executor']) retrieved from /home/airflow/.local/lib/python3.7/site-packages/airflow/example_dags/example_local_kubernetes_executor.py
[2024-02-25T12:53:47.578+0000] {logging_mixin.py:150} INFO - [2024-02-25T12:53:47.578+0000] {dag.py:2742} INFO - Sync 1 DAGs
[2024-02-25T12:53:47.611+0000] {logging_mixin.py:150} INFO - [2024-02-25T12:53:47.611+0000] {dag.py:3508} INFO - Setting next_dagrun for example_local_kubernetes_executor to None, run_after=None
[2024-02-25T12:53:47.642+0000] {processor.py:179} INFO - Processing /home/airflow/.local/lib/python3.7/site-packages/airflow/example_dags/example_local_kubernetes_executor.py took 0.386 seconds
[2024-02-25T12:54:17.896+0000] {processor.py:157} INFO - Started process (PID=5568) to work on /home/airflow/.local/lib/python3.7/site-packages/airflow/example_dags/example_local_kubernetes_executor.py
[2024-02-25T12:54:17.899+0000] {processor.py:826} INFO - Processing file /home/airflow/.local/lib/python3.7/site-packages/airflow/example_dags/example_local_kubernetes_executor.py for tasks to queue
[2024-02-25T12:54:17.903+0000] {logging_mixin.py:150} INFO - [2024-02-25T12:54:17.902+0000] {dagbag.py:541} INFO - Filling up the DagBag from /home/airflow/.local/lib/python3.7/site-packages/airflow/example_dags/example_local_kubernetes_executor.py
[2024-02-25T12:54:18.235+0000] {processor.py:836} INFO - DAG(s) dict_keys(['example_local_kubernetes_executor']) retrieved from /home/airflow/.local/lib/python3.7/site-packages/airflow/example_dags/example_local_kubernetes_executor.py
[2024-02-25T12:54:18.283+0000] {logging_mixin.py:150} INFO - [2024-02-25T12:54:18.283+0000] {dag.py:2742} INFO - Sync 1 DAGs
[2024-02-25T12:54:18.327+0000] {logging_mixin.py:150} INFO - [2024-02-25T12:54:18.327+0000] {dag.py:3508} INFO - Setting next_dagrun for example_local_kubernetes_executor to None, run_after=None
[2024-02-25T12:54:18.357+0000] {processor.py:179} INFO - Processing /home/airflow/.local/lib/python3.7/site-packages/airflow/example_dags/example_local_kubernetes_executor.py took 0.478 seconds
[2024-02-25T12:54:48.477+0000] {processor.py:157} INFO - Started process (PID=5809) to work on /home/airflow/.local/lib/python3.7/site-packages/airflow/example_dags/example_local_kubernetes_executor.py
[2024-02-25T12:54:48.478+0000] {processor.py:826} INFO - Processing file /home/airflow/.local/lib/python3.7/site-packages/airflow/example_dags/example_local_kubernetes_executor.py for tasks to queue
[2024-02-25T12:54:48.479+0000] {logging_mixin.py:150} INFO - [2024-02-25T12:54:48.479+0000] {dagbag.py:541} INFO - Filling up the DagBag from /home/airflow/.local/lib/python3.7/site-packages/airflow/example_dags/example_local_kubernetes_executor.py
[2024-02-25T12:54:48.759+0000] {processor.py:836} INFO - DAG(s) dict_keys(['example_local_kubernetes_executor']) retrieved from /home/airflow/.local/lib/python3.7/site-packages/airflow/example_dags/example_local_kubernetes_executor.py
[2024-02-25T12:54:48.795+0000] {logging_mixin.py:150} INFO - [2024-02-25T12:54:48.795+0000] {dag.py:2742} INFO - Sync 1 DAGs
[2024-02-25T12:54:48.831+0000] {logging_mixin.py:150} INFO - [2024-02-25T12:54:48.831+0000] {dag.py:3508} INFO - Setting next_dagrun for example_local_kubernetes_executor to None, run_after=None
[2024-02-25T12:54:48.855+0000] {processor.py:179} INFO - Processing /home/airflow/.local/lib/python3.7/site-packages/airflow/example_dags/example_local_kubernetes_executor.py took 0.383 seconds
[2024-02-25T12:55:19.070+0000] {processor.py:157} INFO - Started process (PID=6049) to work on /home/airflow/.local/lib/python3.7/site-packages/airflow/example_dags/example_local_kubernetes_executor.py
[2024-02-25T12:55:19.076+0000] {processor.py:826} INFO - Processing file /home/airflow/.local/lib/python3.7/site-packages/airflow/example_dags/example_local_kubernetes_executor.py for tasks to queue
[2024-02-25T12:55:19.079+0000] {logging_mixin.py:150} INFO - [2024-02-25T12:55:19.078+0000] {dagbag.py:541} INFO - Filling up the DagBag from /home/airflow/.local/lib/python3.7/site-packages/airflow/example_dags/example_local_kubernetes_executor.py
[2024-02-25T12:55:19.370+0000] {processor.py:836} INFO - DAG(s) dict_keys(['example_local_kubernetes_executor']) retrieved from /home/airflow/.local/lib/python3.7/site-packages/airflow/example_dags/example_local_kubernetes_executor.py
[2024-02-25T12:55:19.431+0000] {logging_mixin.py:150} INFO - [2024-02-25T12:55:19.431+0000] {dag.py:2742} INFO - Sync 1 DAGs
[2024-02-25T12:55:19.484+0000] {logging_mixin.py:150} INFO - [2024-02-25T12:55:19.484+0000] {dag.py:3508} INFO - Setting next_dagrun for example_local_kubernetes_executor to None, run_after=None
[2024-02-25T12:55:19.519+0000] {processor.py:179} INFO - Processing /home/airflow/.local/lib/python3.7/site-packages/airflow/example_dags/example_local_kubernetes_executor.py took 0.467 seconds
[2024-02-25T12:55:49.891+0000] {processor.py:157} INFO - Started process (PID=6290) to work on /home/airflow/.local/lib/python3.7/site-packages/airflow/example_dags/example_local_kubernetes_executor.py
[2024-02-25T12:55:49.899+0000] {processor.py:826} INFO - Processing file /home/airflow/.local/lib/python3.7/site-packages/airflow/example_dags/example_local_kubernetes_executor.py for tasks to queue
[2024-02-25T12:55:49.901+0000] {logging_mixin.py:150} INFO - [2024-02-25T12:55:49.900+0000] {dagbag.py:541} INFO - Filling up the DagBag from /home/airflow/.local/lib/python3.7/site-packages/airflow/example_dags/example_local_kubernetes_executor.py
[2024-02-25T12:55:50.226+0000] {processor.py:836} INFO - DAG(s) dict_keys(['example_local_kubernetes_executor']) retrieved from /home/airflow/.local/lib/python3.7/site-packages/airflow/example_dags/example_local_kubernetes_executor.py
[2024-02-25T12:55:50.305+0000] {logging_mixin.py:150} INFO - [2024-02-25T12:55:50.305+0000] {dag.py:2742} INFO - Sync 1 DAGs
[2024-02-25T12:55:50.358+0000] {logging_mixin.py:150} INFO - [2024-02-25T12:55:50.358+0000] {dag.py:3508} INFO - Setting next_dagrun for example_local_kubernetes_executor to None, run_after=None
[2024-02-25T12:55:50.387+0000] {processor.py:179} INFO - Processing /home/airflow/.local/lib/python3.7/site-packages/airflow/example_dags/example_local_kubernetes_executor.py took 0.503 seconds
[2024-02-25T12:56:21.151+0000] {processor.py:157} INFO - Started process (PID=6536) to work on /home/airflow/.local/lib/python3.7/site-packages/airflow/example_dags/example_local_kubernetes_executor.py
[2024-02-25T12:56:21.152+0000] {processor.py:826} INFO - Processing file /home/airflow/.local/lib/python3.7/site-packages/airflow/example_dags/example_local_kubernetes_executor.py for tasks to queue
[2024-02-25T12:56:21.153+0000] {logging_mixin.py:150} INFO - [2024-02-25T12:56:21.153+0000] {dagbag.py:541} INFO - Filling up the DagBag from /home/airflow/.local/lib/python3.7/site-packages/airflow/example_dags/example_local_kubernetes_executor.py
[2024-02-25T12:56:21.419+0000] {processor.py:836} INFO - DAG(s) dict_keys(['example_local_kubernetes_executor']) retrieved from /home/airflow/.local/lib/python3.7/site-packages/airflow/example_dags/example_local_kubernetes_executor.py
[2024-02-25T12:56:21.463+0000] {logging_mixin.py:150} INFO - [2024-02-25T12:56:21.463+0000] {dag.py:2742} INFO - Sync 1 DAGs
[2024-02-25T12:56:21.528+0000] {logging_mixin.py:150} INFO - [2024-02-25T12:56:21.528+0000] {dag.py:3508} INFO - Setting next_dagrun for example_local_kubernetes_executor to None, run_after=None
[2024-02-25T12:56:21.612+0000] {processor.py:179} INFO - Processing /home/airflow/.local/lib/python3.7/site-packages/airflow/example_dags/example_local_kubernetes_executor.py took 0.466 seconds
[2024-02-25T12:56:51.754+0000] {processor.py:157} INFO - Started process (PID=6794) to work on /home/airflow/.local/lib/python3.7/site-packages/airflow/example_dags/example_local_kubernetes_executor.py
[2024-02-25T12:56:51.754+0000] {processor.py:826} INFO - Processing file /home/airflow/.local/lib/python3.7/site-packages/airflow/example_dags/example_local_kubernetes_executor.py for tasks to queue
[2024-02-25T12:56:51.755+0000] {logging_mixin.py:150} INFO - [2024-02-25T12:56:51.755+0000] {dagbag.py:541} INFO - Filling up the DagBag from /home/airflow/.local/lib/python3.7/site-packages/airflow/example_dags/example_local_kubernetes_executor.py
[2024-02-25T12:56:52.064+0000] {processor.py:836} INFO - DAG(s) dict_keys(['example_local_kubernetes_executor']) retrieved from /home/airflow/.local/lib/python3.7/site-packages/airflow/example_dags/example_local_kubernetes_executor.py
[2024-02-25T12:56:52.099+0000] {logging_mixin.py:150} INFO - [2024-02-25T12:56:52.099+0000] {dag.py:2742} INFO - Sync 1 DAGs
[2024-02-25T12:56:52.131+0000] {logging_mixin.py:150} INFO - [2024-02-25T12:56:52.130+0000] {dag.py:3508} INFO - Setting next_dagrun for example_local_kubernetes_executor to None, run_after=None
[2024-02-25T12:56:52.155+0000] {processor.py:179} INFO - Processing /home/airflow/.local/lib/python3.7/site-packages/airflow/example_dags/example_local_kubernetes_executor.py took 0.406 seconds
