[2024-02-25T12:43:02.355+0000] {processor.py:157} INFO - Started process (PID=306) to work on /home/airflow/.local/lib/python3.7/site-packages/airflow/example_dags/example_short_circuit_operator.py
[2024-02-25T12:43:02.356+0000] {processor.py:826} INFO - Processing file /home/airflow/.local/lib/python3.7/site-packages/airflow/example_dags/example_short_circuit_operator.py for tasks to queue
[2024-02-25T12:43:02.357+0000] {logging_mixin.py:150} INFO - [2024-02-25T12:43:02.357+0000] {dagbag.py:541} INFO - Filling up the DagBag from /home/airflow/.local/lib/python3.7/site-packages/airflow/example_dags/example_short_circuit_operator.py
[2024-02-25T12:43:02.374+0000] {processor.py:836} INFO - DAG(s) dict_keys(['example_short_circuit_operator']) retrieved from /home/airflow/.local/lib/python3.7/site-packages/airflow/example_dags/example_short_circuit_operator.py
[2024-02-25T12:43:02.389+0000] {logging_mixin.py:150} INFO - [2024-02-25T12:43:02.389+0000] {dag.py:2742} INFO - Sync 1 DAGs
[2024-02-25T12:43:02.449+0000] {logging_mixin.py:150} INFO - [2024-02-25T12:43:02.448+0000] {dag.py:3508} INFO - Setting next_dagrun for example_short_circuit_operator to 2024-02-24T12:43:02.448307+00:00, run_after=2024-02-25T12:43:02.448307+00:00
[2024-02-25T12:43:02.488+0000] {processor.py:179} INFO - Processing /home/airflow/.local/lib/python3.7/site-packages/airflow/example_dags/example_short_circuit_operator.py took 0.138 seconds
[2024-02-25T12:43:33.279+0000] {processor.py:157} INFO - Started process (PID=546) to work on /home/airflow/.local/lib/python3.7/site-packages/airflow/example_dags/example_short_circuit_operator.py
[2024-02-25T12:43:33.280+0000] {processor.py:826} INFO - Processing file /home/airflow/.local/lib/python3.7/site-packages/airflow/example_dags/example_short_circuit_operator.py for tasks to queue
[2024-02-25T12:43:33.281+0000] {logging_mixin.py:150} INFO - [2024-02-25T12:43:33.280+0000] {dagbag.py:541} INFO - Filling up the DagBag from /home/airflow/.local/lib/python3.7/site-packages/airflow/example_dags/example_short_circuit_operator.py
[2024-02-25T12:43:33.292+0000] {processor.py:836} INFO - DAG(s) dict_keys(['example_short_circuit_operator']) retrieved from /home/airflow/.local/lib/python3.7/site-packages/airflow/example_dags/example_short_circuit_operator.py
[2024-02-25T12:43:33.327+0000] {logging_mixin.py:150} INFO - [2024-02-25T12:43:33.327+0000] {dag.py:2742} INFO - Sync 1 DAGs
[2024-02-25T12:43:33.367+0000] {logging_mixin.py:150} INFO - [2024-02-25T12:43:33.367+0000] {dag.py:3508} INFO - Setting next_dagrun for example_short_circuit_operator to 2024-02-24T12:43:33.367353+00:00, run_after=2024-02-25T12:43:33.367353+00:00
[2024-02-25T12:43:33.392+0000] {processor.py:179} INFO - Processing /home/airflow/.local/lib/python3.7/site-packages/airflow/example_dags/example_short_circuit_operator.py took 0.118 seconds
[2024-02-25T12:44:04.376+0000] {processor.py:157} INFO - Started process (PID=788) to work on /home/airflow/.local/lib/python3.7/site-packages/airflow/example_dags/example_short_circuit_operator.py
[2024-02-25T12:44:04.378+0000] {processor.py:826} INFO - Processing file /home/airflow/.local/lib/python3.7/site-packages/airflow/example_dags/example_short_circuit_operator.py for tasks to queue
[2024-02-25T12:44:04.380+0000] {logging_mixin.py:150} INFO - [2024-02-25T12:44:04.379+0000] {dagbag.py:541} INFO - Filling up the DagBag from /home/airflow/.local/lib/python3.7/site-packages/airflow/example_dags/example_short_circuit_operator.py
[2024-02-25T12:44:04.395+0000] {processor.py:836} INFO - DAG(s) dict_keys(['example_short_circuit_operator']) retrieved from /home/airflow/.local/lib/python3.7/site-packages/airflow/example_dags/example_short_circuit_operator.py
[2024-02-25T12:44:04.414+0000] {logging_mixin.py:150} INFO - [2024-02-25T12:44:04.414+0000] {dag.py:2742} INFO - Sync 1 DAGs
[2024-02-25T12:44:04.466+0000] {logging_mixin.py:150} INFO - [2024-02-25T12:44:04.465+0000] {dag.py:3508} INFO - Setting next_dagrun for example_short_circuit_operator to 2024-02-24T12:44:04.465688+00:00, run_after=2024-02-25T12:44:04.465688+00:00
[2024-02-25T12:44:04.500+0000] {processor.py:179} INFO - Processing /home/airflow/.local/lib/python3.7/site-packages/airflow/example_dags/example_short_circuit_operator.py took 0.129 seconds
[2024-02-25T12:44:35.197+0000] {processor.py:157} INFO - Started process (PID=1029) to work on /home/airflow/.local/lib/python3.7/site-packages/airflow/example_dags/example_short_circuit_operator.py
[2024-02-25T12:44:35.199+0000] {processor.py:826} INFO - Processing file /home/airflow/.local/lib/python3.7/site-packages/airflow/example_dags/example_short_circuit_operator.py for tasks to queue
[2024-02-25T12:44:35.201+0000] {logging_mixin.py:150} INFO - [2024-02-25T12:44:35.200+0000] {dagbag.py:541} INFO - Filling up the DagBag from /home/airflow/.local/lib/python3.7/site-packages/airflow/example_dags/example_short_circuit_operator.py
[2024-02-25T12:44:35.214+0000] {processor.py:836} INFO - DAG(s) dict_keys(['example_short_circuit_operator']) retrieved from /home/airflow/.local/lib/python3.7/site-packages/airflow/example_dags/example_short_circuit_operator.py
[2024-02-25T12:44:35.253+0000] {logging_mixin.py:150} INFO - [2024-02-25T12:44:35.252+0000] {dag.py:2742} INFO - Sync 1 DAGs
[2024-02-25T12:44:35.292+0000] {logging_mixin.py:150} INFO - [2024-02-25T12:44:35.292+0000] {dag.py:3508} INFO - Setting next_dagrun for example_short_circuit_operator to 2024-02-24T12:44:35.291810+00:00, run_after=2024-02-25T12:44:35.291810+00:00
[2024-02-25T12:44:35.329+0000] {processor.py:179} INFO - Processing /home/airflow/.local/lib/python3.7/site-packages/airflow/example_dags/example_short_circuit_operator.py took 0.136 seconds
[2024-02-25T12:45:06.405+0000] {processor.py:157} INFO - Started process (PID=1270) to work on /home/airflow/.local/lib/python3.7/site-packages/airflow/example_dags/example_short_circuit_operator.py
[2024-02-25T12:45:06.416+0000] {processor.py:826} INFO - Processing file /home/airflow/.local/lib/python3.7/site-packages/airflow/example_dags/example_short_circuit_operator.py for tasks to queue
[2024-02-25T12:45:06.417+0000] {logging_mixin.py:150} INFO - [2024-02-25T12:45:06.416+0000] {dagbag.py:541} INFO - Filling up the DagBag from /home/airflow/.local/lib/python3.7/site-packages/airflow/example_dags/example_short_circuit_operator.py
[2024-02-25T12:45:06.433+0000] {processor.py:836} INFO - DAG(s) dict_keys(['example_short_circuit_operator']) retrieved from /home/airflow/.local/lib/python3.7/site-packages/airflow/example_dags/example_short_circuit_operator.py
[2024-02-25T12:45:06.499+0000] {logging_mixin.py:150} INFO - [2024-02-25T12:45:06.499+0000] {dag.py:2742} INFO - Sync 1 DAGs
[2024-02-25T12:45:06.544+0000] {logging_mixin.py:150} INFO - [2024-02-25T12:45:06.543+0000] {dag.py:3508} INFO - Setting next_dagrun for example_short_circuit_operator to 2024-02-24T12:45:06.543243+00:00, run_after=2024-02-25T12:45:06.543243+00:00
[2024-02-25T12:45:06.604+0000] {processor.py:179} INFO - Processing /home/airflow/.local/lib/python3.7/site-packages/airflow/example_dags/example_short_circuit_operator.py took 0.206 seconds
[2024-02-25T12:45:36.873+0000] {processor.py:157} INFO - Started process (PID=1518) to work on /home/airflow/.local/lib/python3.7/site-packages/airflow/example_dags/example_short_circuit_operator.py
[2024-02-25T12:45:36.874+0000] {processor.py:826} INFO - Processing file /home/airflow/.local/lib/python3.7/site-packages/airflow/example_dags/example_short_circuit_operator.py for tasks to queue
[2024-02-25T12:45:36.874+0000] {logging_mixin.py:150} INFO - [2024-02-25T12:45:36.874+0000] {dagbag.py:541} INFO - Filling up the DagBag from /home/airflow/.local/lib/python3.7/site-packages/airflow/example_dags/example_short_circuit_operator.py
[2024-02-25T12:45:36.886+0000] {processor.py:836} INFO - DAG(s) dict_keys(['example_short_circuit_operator']) retrieved from /home/airflow/.local/lib/python3.7/site-packages/airflow/example_dags/example_short_circuit_operator.py
[2024-02-25T12:45:36.982+0000] {logging_mixin.py:150} INFO - [2024-02-25T12:45:36.982+0000] {dag.py:2742} INFO - Sync 1 DAGs
[2024-02-25T12:45:37.056+0000] {logging_mixin.py:150} INFO - [2024-02-25T12:45:37.055+0000] {dag.py:3508} INFO - Setting next_dagrun for example_short_circuit_operator to 2024-02-24T12:45:37.055385+00:00, run_after=2024-02-25T12:45:37.055385+00:00
[2024-02-25T12:45:37.092+0000] {processor.py:179} INFO - Processing /home/airflow/.local/lib/python3.7/site-packages/airflow/example_dags/example_short_circuit_operator.py took 0.224 seconds
[2024-02-25T12:46:07.471+0000] {processor.py:157} INFO - Started process (PID=1759) to work on /home/airflow/.local/lib/python3.7/site-packages/airflow/example_dags/example_short_circuit_operator.py
[2024-02-25T12:46:07.473+0000] {processor.py:826} INFO - Processing file /home/airflow/.local/lib/python3.7/site-packages/airflow/example_dags/example_short_circuit_operator.py for tasks to queue
[2024-02-25T12:46:07.475+0000] {logging_mixin.py:150} INFO - [2024-02-25T12:46:07.474+0000] {dagbag.py:541} INFO - Filling up the DagBag from /home/airflow/.local/lib/python3.7/site-packages/airflow/example_dags/example_short_circuit_operator.py
[2024-02-25T12:46:07.493+0000] {processor.py:836} INFO - DAG(s) dict_keys(['example_short_circuit_operator']) retrieved from /home/airflow/.local/lib/python3.7/site-packages/airflow/example_dags/example_short_circuit_operator.py
[2024-02-25T12:46:07.543+0000] {logging_mixin.py:150} INFO - [2024-02-25T12:46:07.542+0000] {dag.py:2742} INFO - Sync 1 DAGs
[2024-02-25T12:46:07.603+0000] {logging_mixin.py:150} INFO - [2024-02-25T12:46:07.603+0000] {dag.py:3508} INFO - Setting next_dagrun for example_short_circuit_operator to 2024-02-24T12:46:07.603149+00:00, run_after=2024-02-25T12:46:07.603149+00:00
[2024-02-25T12:46:07.645+0000] {processor.py:179} INFO - Processing /home/airflow/.local/lib/python3.7/site-packages/airflow/example_dags/example_short_circuit_operator.py took 0.179 seconds
[2024-02-25T12:46:38.048+0000] {processor.py:157} INFO - Started process (PID=2000) to work on /home/airflow/.local/lib/python3.7/site-packages/airflow/example_dags/example_short_circuit_operator.py
[2024-02-25T12:46:38.049+0000] {processor.py:826} INFO - Processing file /home/airflow/.local/lib/python3.7/site-packages/airflow/example_dags/example_short_circuit_operator.py for tasks to queue
[2024-02-25T12:46:38.050+0000] {logging_mixin.py:150} INFO - [2024-02-25T12:46:38.050+0000] {dagbag.py:541} INFO - Filling up the DagBag from /home/airflow/.local/lib/python3.7/site-packages/airflow/example_dags/example_short_circuit_operator.py
[2024-02-25T12:46:38.068+0000] {processor.py:836} INFO - DAG(s) dict_keys(['example_short_circuit_operator']) retrieved from /home/airflow/.local/lib/python3.7/site-packages/airflow/example_dags/example_short_circuit_operator.py
[2024-02-25T12:46:38.115+0000] {logging_mixin.py:150} INFO - [2024-02-25T12:46:38.115+0000] {dag.py:2742} INFO - Sync 1 DAGs
[2024-02-25T12:46:38.159+0000] {logging_mixin.py:150} INFO - [2024-02-25T12:46:38.158+0000] {dag.py:3508} INFO - Setting next_dagrun for example_short_circuit_operator to 2024-02-24T12:46:38.158349+00:00, run_after=2024-02-25T12:46:38.158349+00:00
[2024-02-25T12:46:38.189+0000] {processor.py:179} INFO - Processing /home/airflow/.local/lib/python3.7/site-packages/airflow/example_dags/example_short_circuit_operator.py took 0.147 seconds
[2024-02-25T12:47:09.099+0000] {processor.py:157} INFO - Started process (PID=2241) to work on /home/airflow/.local/lib/python3.7/site-packages/airflow/example_dags/example_short_circuit_operator.py
[2024-02-25T12:47:09.101+0000] {processor.py:826} INFO - Processing file /home/airflow/.local/lib/python3.7/site-packages/airflow/example_dags/example_short_circuit_operator.py for tasks to queue
[2024-02-25T12:47:09.102+0000] {logging_mixin.py:150} INFO - [2024-02-25T12:47:09.102+0000] {dagbag.py:541} INFO - Filling up the DagBag from /home/airflow/.local/lib/python3.7/site-packages/airflow/example_dags/example_short_circuit_operator.py
[2024-02-25T12:47:09.116+0000] {processor.py:836} INFO - DAG(s) dict_keys(['example_short_circuit_operator']) retrieved from /home/airflow/.local/lib/python3.7/site-packages/airflow/example_dags/example_short_circuit_operator.py
[2024-02-25T12:47:09.157+0000] {logging_mixin.py:150} INFO - [2024-02-25T12:47:09.156+0000] {dag.py:2742} INFO - Sync 1 DAGs
[2024-02-25T12:47:09.207+0000] {logging_mixin.py:150} INFO - [2024-02-25T12:47:09.206+0000] {dag.py:3508} INFO - Setting next_dagrun for example_short_circuit_operator to 2024-02-24T12:47:09.206314+00:00, run_after=2024-02-25T12:47:09.206314+00:00
[2024-02-25T12:47:09.249+0000] {processor.py:179} INFO - Processing /home/airflow/.local/lib/python3.7/site-packages/airflow/example_dags/example_short_circuit_operator.py took 0.153 seconds
[2024-02-25T12:47:39.433+0000] {processor.py:157} INFO - Started process (PID=2484) to work on /home/airflow/.local/lib/python3.7/site-packages/airflow/example_dags/example_short_circuit_operator.py
[2024-02-25T12:47:39.434+0000] {processor.py:826} INFO - Processing file /home/airflow/.local/lib/python3.7/site-packages/airflow/example_dags/example_short_circuit_operator.py for tasks to queue
[2024-02-25T12:47:39.435+0000] {logging_mixin.py:150} INFO - [2024-02-25T12:47:39.435+0000] {dagbag.py:541} INFO - Filling up the DagBag from /home/airflow/.local/lib/python3.7/site-packages/airflow/example_dags/example_short_circuit_operator.py
[2024-02-25T12:47:39.448+0000] {processor.py:836} INFO - DAG(s) dict_keys(['example_short_circuit_operator']) retrieved from /home/airflow/.local/lib/python3.7/site-packages/airflow/example_dags/example_short_circuit_operator.py
[2024-02-25T12:47:39.479+0000] {logging_mixin.py:150} INFO - [2024-02-25T12:47:39.479+0000] {dag.py:2742} INFO - Sync 1 DAGs
[2024-02-25T12:47:39.508+0000] {logging_mixin.py:150} INFO - [2024-02-25T12:47:39.508+0000] {dag.py:3508} INFO - Setting next_dagrun for example_short_circuit_operator to 2024-02-24T12:47:39.508229+00:00, run_after=2024-02-25T12:47:39.508229+00:00
[2024-02-25T12:47:39.533+0000] {processor.py:179} INFO - Processing /home/airflow/.local/lib/python3.7/site-packages/airflow/example_dags/example_short_circuit_operator.py took 0.103 seconds
[2024-02-25T12:48:09.834+0000] {processor.py:157} INFO - Started process (PID=2723) to work on /home/airflow/.local/lib/python3.7/site-packages/airflow/example_dags/example_short_circuit_operator.py
[2024-02-25T12:48:09.835+0000] {processor.py:826} INFO - Processing file /home/airflow/.local/lib/python3.7/site-packages/airflow/example_dags/example_short_circuit_operator.py for tasks to queue
[2024-02-25T12:48:09.836+0000] {logging_mixin.py:150} INFO - [2024-02-25T12:48:09.836+0000] {dagbag.py:541} INFO - Filling up the DagBag from /home/airflow/.local/lib/python3.7/site-packages/airflow/example_dags/example_short_circuit_operator.py
[2024-02-25T12:48:09.846+0000] {processor.py:836} INFO - DAG(s) dict_keys(['example_short_circuit_operator']) retrieved from /home/airflow/.local/lib/python3.7/site-packages/airflow/example_dags/example_short_circuit_operator.py
[2024-02-25T12:48:09.879+0000] {logging_mixin.py:150} INFO - [2024-02-25T12:48:09.879+0000] {dag.py:2742} INFO - Sync 1 DAGs
[2024-02-25T12:48:09.921+0000] {logging_mixin.py:150} INFO - [2024-02-25T12:48:09.920+0000] {dag.py:3508} INFO - Setting next_dagrun for example_short_circuit_operator to 2024-02-24T12:48:09.920649+00:00, run_after=2024-02-25T12:48:09.920649+00:00
[2024-02-25T12:48:09.945+0000] {processor.py:179} INFO - Processing /home/airflow/.local/lib/python3.7/site-packages/airflow/example_dags/example_short_circuit_operator.py took 0.115 seconds
[2024-02-25T12:48:40.427+0000] {processor.py:157} INFO - Started process (PID=2965) to work on /home/airflow/.local/lib/python3.7/site-packages/airflow/example_dags/example_short_circuit_operator.py
[2024-02-25T12:48:40.428+0000] {processor.py:826} INFO - Processing file /home/airflow/.local/lib/python3.7/site-packages/airflow/example_dags/example_short_circuit_operator.py for tasks to queue
[2024-02-25T12:48:40.429+0000] {logging_mixin.py:150} INFO - [2024-02-25T12:48:40.429+0000] {dagbag.py:541} INFO - Filling up the DagBag from /home/airflow/.local/lib/python3.7/site-packages/airflow/example_dags/example_short_circuit_operator.py
[2024-02-25T12:48:40.438+0000] {processor.py:836} INFO - DAG(s) dict_keys(['example_short_circuit_operator']) retrieved from /home/airflow/.local/lib/python3.7/site-packages/airflow/example_dags/example_short_circuit_operator.py
[2024-02-25T12:48:40.470+0000] {logging_mixin.py:150} INFO - [2024-02-25T12:48:40.470+0000] {dag.py:2742} INFO - Sync 1 DAGs
[2024-02-25T12:48:40.515+0000] {logging_mixin.py:150} INFO - [2024-02-25T12:48:40.515+0000] {dag.py:3508} INFO - Setting next_dagrun for example_short_circuit_operator to 2024-02-24T12:48:40.515417+00:00, run_after=2024-02-25T12:48:40.515417+00:00
[2024-02-25T12:48:40.546+0000] {processor.py:179} INFO - Processing /home/airflow/.local/lib/python3.7/site-packages/airflow/example_dags/example_short_circuit_operator.py took 0.123 seconds
[2024-02-25T12:49:11.481+0000] {processor.py:157} INFO - Started process (PID=3208) to work on /home/airflow/.local/lib/python3.7/site-packages/airflow/example_dags/example_short_circuit_operator.py
[2024-02-25T12:49:11.482+0000] {processor.py:826} INFO - Processing file /home/airflow/.local/lib/python3.7/site-packages/airflow/example_dags/example_short_circuit_operator.py for tasks to queue
[2024-02-25T12:49:11.483+0000] {logging_mixin.py:150} INFO - [2024-02-25T12:49:11.483+0000] {dagbag.py:541} INFO - Filling up the DagBag from /home/airflow/.local/lib/python3.7/site-packages/airflow/example_dags/example_short_circuit_operator.py
[2024-02-25T12:49:11.493+0000] {processor.py:836} INFO - DAG(s) dict_keys(['example_short_circuit_operator']) retrieved from /home/airflow/.local/lib/python3.7/site-packages/airflow/example_dags/example_short_circuit_operator.py
[2024-02-25T12:49:11.531+0000] {logging_mixin.py:150} INFO - [2024-02-25T12:49:11.530+0000] {dag.py:2742} INFO - Sync 1 DAGs
[2024-02-25T12:49:11.580+0000] {logging_mixin.py:150} INFO - [2024-02-25T12:49:11.580+0000] {dag.py:3508} INFO - Setting next_dagrun for example_short_circuit_operator to 2024-02-24T12:49:11.579882+00:00, run_after=2024-02-25T12:49:11.579882+00:00
[2024-02-25T12:49:11.614+0000] {processor.py:179} INFO - Processing /home/airflow/.local/lib/python3.7/site-packages/airflow/example_dags/example_short_circuit_operator.py took 0.136 seconds
[2024-02-25T12:49:41.855+0000] {processor.py:157} INFO - Started process (PID=3447) to work on /home/airflow/.local/lib/python3.7/site-packages/airflow/example_dags/example_short_circuit_operator.py
[2024-02-25T12:49:41.856+0000] {processor.py:826} INFO - Processing file /home/airflow/.local/lib/python3.7/site-packages/airflow/example_dags/example_short_circuit_operator.py for tasks to queue
[2024-02-25T12:49:41.857+0000] {logging_mixin.py:150} INFO - [2024-02-25T12:49:41.857+0000] {dagbag.py:541} INFO - Filling up the DagBag from /home/airflow/.local/lib/python3.7/site-packages/airflow/example_dags/example_short_circuit_operator.py
[2024-02-25T12:49:41.868+0000] {processor.py:836} INFO - DAG(s) dict_keys(['example_short_circuit_operator']) retrieved from /home/airflow/.local/lib/python3.7/site-packages/airflow/example_dags/example_short_circuit_operator.py
[2024-02-25T12:49:41.908+0000] {logging_mixin.py:150} INFO - [2024-02-25T12:49:41.908+0000] {dag.py:2742} INFO - Sync 1 DAGs
[2024-02-25T12:49:41.938+0000] {logging_mixin.py:150} INFO - [2024-02-25T12:49:41.938+0000] {dag.py:3508} INFO - Setting next_dagrun for example_short_circuit_operator to 2024-02-24T12:49:41.937806+00:00, run_after=2024-02-25T12:49:41.937806+00:00
[2024-02-25T12:49:41.970+0000] {processor.py:179} INFO - Processing /home/airflow/.local/lib/python3.7/site-packages/airflow/example_dags/example_short_circuit_operator.py took 0.119 seconds
[2024-02-25T12:50:12.924+0000] {processor.py:157} INFO - Started process (PID=3688) to work on /home/airflow/.local/lib/python3.7/site-packages/airflow/example_dags/example_short_circuit_operator.py
[2024-02-25T12:50:12.925+0000] {processor.py:826} INFO - Processing file /home/airflow/.local/lib/python3.7/site-packages/airflow/example_dags/example_short_circuit_operator.py for tasks to queue
[2024-02-25T12:50:12.926+0000] {logging_mixin.py:150} INFO - [2024-02-25T12:50:12.926+0000] {dagbag.py:541} INFO - Filling up the DagBag from /home/airflow/.local/lib/python3.7/site-packages/airflow/example_dags/example_short_circuit_operator.py
[2024-02-25T12:50:12.936+0000] {processor.py:836} INFO - DAG(s) dict_keys(['example_short_circuit_operator']) retrieved from /home/airflow/.local/lib/python3.7/site-packages/airflow/example_dags/example_short_circuit_operator.py
[2024-02-25T12:50:12.975+0000] {logging_mixin.py:150} INFO - [2024-02-25T12:50:12.975+0000] {dag.py:2742} INFO - Sync 1 DAGs
[2024-02-25T12:50:13.007+0000] {logging_mixin.py:150} INFO - [2024-02-25T12:50:13.006+0000] {dag.py:3508} INFO - Setting next_dagrun for example_short_circuit_operator to 2024-02-24T12:50:13.006627+00:00, run_after=2024-02-25T12:50:13.006627+00:00
[2024-02-25T12:50:13.031+0000] {processor.py:179} INFO - Processing /home/airflow/.local/lib/python3.7/site-packages/airflow/example_dags/example_short_circuit_operator.py took 0.110 seconds
[2024-02-25T12:50:43.577+0000] {processor.py:157} INFO - Started process (PID=3929) to work on /home/airflow/.local/lib/python3.7/site-packages/airflow/example_dags/example_short_circuit_operator.py
[2024-02-25T12:50:43.578+0000] {processor.py:826} INFO - Processing file /home/airflow/.local/lib/python3.7/site-packages/airflow/example_dags/example_short_circuit_operator.py for tasks to queue
[2024-02-25T12:50:43.580+0000] {logging_mixin.py:150} INFO - [2024-02-25T12:50:43.579+0000] {dagbag.py:541} INFO - Filling up the DagBag from /home/airflow/.local/lib/python3.7/site-packages/airflow/example_dags/example_short_circuit_operator.py
[2024-02-25T12:50:43.589+0000] {processor.py:836} INFO - DAG(s) dict_keys(['example_short_circuit_operator']) retrieved from /home/airflow/.local/lib/python3.7/site-packages/airflow/example_dags/example_short_circuit_operator.py
[2024-02-25T12:50:43.637+0000] {logging_mixin.py:150} INFO - [2024-02-25T12:50:43.637+0000] {dag.py:2742} INFO - Sync 1 DAGs
[2024-02-25T12:50:43.703+0000] {logging_mixin.py:150} INFO - [2024-02-25T12:50:43.703+0000] {dag.py:3508} INFO - Setting next_dagrun for example_short_circuit_operator to 2024-02-24T12:50:43.702629+00:00, run_after=2024-02-25T12:50:43.702629+00:00
[2024-02-25T12:50:43.765+0000] {processor.py:179} INFO - Processing /home/airflow/.local/lib/python3.7/site-packages/airflow/example_dags/example_short_circuit_operator.py took 0.193 seconds
[2024-02-25T12:51:13.972+0000] {processor.py:157} INFO - Started process (PID=4170) to work on /home/airflow/.local/lib/python3.7/site-packages/airflow/example_dags/example_short_circuit_operator.py
[2024-02-25T12:51:13.974+0000] {processor.py:826} INFO - Processing file /home/airflow/.local/lib/python3.7/site-packages/airflow/example_dags/example_short_circuit_operator.py for tasks to queue
[2024-02-25T12:51:13.975+0000] {logging_mixin.py:150} INFO - [2024-02-25T12:51:13.974+0000] {dagbag.py:541} INFO - Filling up the DagBag from /home/airflow/.local/lib/python3.7/site-packages/airflow/example_dags/example_short_circuit_operator.py
[2024-02-25T12:51:13.985+0000] {processor.py:836} INFO - DAG(s) dict_keys(['example_short_circuit_operator']) retrieved from /home/airflow/.local/lib/python3.7/site-packages/airflow/example_dags/example_short_circuit_operator.py
[2024-02-25T12:51:14.017+0000] {logging_mixin.py:150} INFO - [2024-02-25T12:51:14.017+0000] {dag.py:2742} INFO - Sync 1 DAGs
[2024-02-25T12:51:14.060+0000] {logging_mixin.py:150} INFO - [2024-02-25T12:51:14.060+0000] {dag.py:3508} INFO - Setting next_dagrun for example_short_circuit_operator to 2024-02-24T12:51:14.060305+00:00, run_after=2024-02-25T12:51:14.060305+00:00
[2024-02-25T12:51:14.086+0000] {processor.py:179} INFO - Processing /home/airflow/.local/lib/python3.7/site-packages/airflow/example_dags/example_short_circuit_operator.py took 0.118 seconds
[2024-02-25T12:51:44.766+0000] {processor.py:157} INFO - Started process (PID=4411) to work on /home/airflow/.local/lib/python3.7/site-packages/airflow/example_dags/example_short_circuit_operator.py
[2024-02-25T12:51:44.767+0000] {processor.py:826} INFO - Processing file /home/airflow/.local/lib/python3.7/site-packages/airflow/example_dags/example_short_circuit_operator.py for tasks to queue
[2024-02-25T12:51:44.768+0000] {logging_mixin.py:150} INFO - [2024-02-25T12:51:44.768+0000] {dagbag.py:541} INFO - Filling up the DagBag from /home/airflow/.local/lib/python3.7/site-packages/airflow/example_dags/example_short_circuit_operator.py
[2024-02-25T12:51:44.782+0000] {processor.py:836} INFO - DAG(s) dict_keys(['example_short_circuit_operator']) retrieved from /home/airflow/.local/lib/python3.7/site-packages/airflow/example_dags/example_short_circuit_operator.py
[2024-02-25T12:51:44.827+0000] {logging_mixin.py:150} INFO - [2024-02-25T12:51:44.827+0000] {dag.py:2742} INFO - Sync 1 DAGs
[2024-02-25T12:51:44.860+0000] {logging_mixin.py:150} INFO - [2024-02-25T12:51:44.860+0000] {dag.py:3508} INFO - Setting next_dagrun for example_short_circuit_operator to 2024-02-24T12:51:44.860403+00:00, run_after=2024-02-25T12:51:44.860403+00:00
[2024-02-25T12:51:44.889+0000] {processor.py:179} INFO - Processing /home/airflow/.local/lib/python3.7/site-packages/airflow/example_dags/example_short_circuit_operator.py took 0.130 seconds
[2024-02-25T12:52:15.371+0000] {processor.py:157} INFO - Started process (PID=4652) to work on /home/airflow/.local/lib/python3.7/site-packages/airflow/example_dags/example_short_circuit_operator.py
[2024-02-25T12:52:15.372+0000] {processor.py:826} INFO - Processing file /home/airflow/.local/lib/python3.7/site-packages/airflow/example_dags/example_short_circuit_operator.py for tasks to queue
[2024-02-25T12:52:15.373+0000] {logging_mixin.py:150} INFO - [2024-02-25T12:52:15.373+0000] {dagbag.py:541} INFO - Filling up the DagBag from /home/airflow/.local/lib/python3.7/site-packages/airflow/example_dags/example_short_circuit_operator.py
[2024-02-25T12:52:15.382+0000] {processor.py:836} INFO - DAG(s) dict_keys(['example_short_circuit_operator']) retrieved from /home/airflow/.local/lib/python3.7/site-packages/airflow/example_dags/example_short_circuit_operator.py
[2024-02-25T12:52:15.420+0000] {logging_mixin.py:150} INFO - [2024-02-25T12:52:15.420+0000] {dag.py:2742} INFO - Sync 1 DAGs
[2024-02-25T12:52:15.448+0000] {logging_mixin.py:150} INFO - [2024-02-25T12:52:15.447+0000] {dag.py:3508} INFO - Setting next_dagrun for example_short_circuit_operator to 2024-02-24T12:52:15.447766+00:00, run_after=2024-02-25T12:52:15.447766+00:00
[2024-02-25T12:52:15.471+0000] {processor.py:179} INFO - Processing /home/airflow/.local/lib/python3.7/site-packages/airflow/example_dags/example_short_circuit_operator.py took 0.104 seconds
[2024-02-25T12:52:45.873+0000] {processor.py:157} INFO - Started process (PID=4893) to work on /home/airflow/.local/lib/python3.7/site-packages/airflow/example_dags/example_short_circuit_operator.py
[2024-02-25T12:52:45.874+0000] {processor.py:826} INFO - Processing file /home/airflow/.local/lib/python3.7/site-packages/airflow/example_dags/example_short_circuit_operator.py for tasks to queue
[2024-02-25T12:52:45.875+0000] {logging_mixin.py:150} INFO - [2024-02-25T12:52:45.874+0000] {dagbag.py:541} INFO - Filling up the DagBag from /home/airflow/.local/lib/python3.7/site-packages/airflow/example_dags/example_short_circuit_operator.py
[2024-02-25T12:52:45.883+0000] {processor.py:836} INFO - DAG(s) dict_keys(['example_short_circuit_operator']) retrieved from /home/airflow/.local/lib/python3.7/site-packages/airflow/example_dags/example_short_circuit_operator.py
[2024-02-25T12:52:45.912+0000] {logging_mixin.py:150} INFO - [2024-02-25T12:52:45.912+0000] {dag.py:2742} INFO - Sync 1 DAGs
[2024-02-25T12:52:45.940+0000] {logging_mixin.py:150} INFO - [2024-02-25T12:52:45.940+0000] {dag.py:3508} INFO - Setting next_dagrun for example_short_circuit_operator to 2024-02-24T12:52:45.940114+00:00, run_after=2024-02-25T12:52:45.940114+00:00
[2024-02-25T12:52:45.967+0000] {processor.py:179} INFO - Processing /home/airflow/.local/lib/python3.7/site-packages/airflow/example_dags/example_short_circuit_operator.py took 0.098 seconds
[2024-02-25T12:53:17.123+0000] {processor.py:157} INFO - Started process (PID=5134) to work on /home/airflow/.local/lib/python3.7/site-packages/airflow/example_dags/example_short_circuit_operator.py
[2024-02-25T12:53:17.124+0000] {processor.py:826} INFO - Processing file /home/airflow/.local/lib/python3.7/site-packages/airflow/example_dags/example_short_circuit_operator.py for tasks to queue
[2024-02-25T12:53:17.125+0000] {logging_mixin.py:150} INFO - [2024-02-25T12:53:17.124+0000] {dagbag.py:541} INFO - Filling up the DagBag from /home/airflow/.local/lib/python3.7/site-packages/airflow/example_dags/example_short_circuit_operator.py
[2024-02-25T12:53:17.139+0000] {processor.py:836} INFO - DAG(s) dict_keys(['example_short_circuit_operator']) retrieved from /home/airflow/.local/lib/python3.7/site-packages/airflow/example_dags/example_short_circuit_operator.py
[2024-02-25T12:53:17.170+0000] {logging_mixin.py:150} INFO - [2024-02-25T12:53:17.170+0000] {dag.py:2742} INFO - Sync 1 DAGs
[2024-02-25T12:53:17.201+0000] {logging_mixin.py:150} INFO - [2024-02-25T12:53:17.200+0000] {dag.py:3508} INFO - Setting next_dagrun for example_short_circuit_operator to 2024-02-24T12:53:17.200619+00:00, run_after=2024-02-25T12:53:17.200619+00:00
[2024-02-25T12:53:17.228+0000] {processor.py:179} INFO - Processing /home/airflow/.local/lib/python3.7/site-packages/airflow/example_dags/example_short_circuit_operator.py took 0.109 seconds
[2024-02-25T12:53:48.074+0000] {processor.py:157} INFO - Started process (PID=5375) to work on /home/airflow/.local/lib/python3.7/site-packages/airflow/example_dags/example_short_circuit_operator.py
[2024-02-25T12:53:48.075+0000] {processor.py:826} INFO - Processing file /home/airflow/.local/lib/python3.7/site-packages/airflow/example_dags/example_short_circuit_operator.py for tasks to queue
[2024-02-25T12:53:48.076+0000] {logging_mixin.py:150} INFO - [2024-02-25T12:53:48.075+0000] {dagbag.py:541} INFO - Filling up the DagBag from /home/airflow/.local/lib/python3.7/site-packages/airflow/example_dags/example_short_circuit_operator.py
[2024-02-25T12:53:48.087+0000] {processor.py:836} INFO - DAG(s) dict_keys(['example_short_circuit_operator']) retrieved from /home/airflow/.local/lib/python3.7/site-packages/airflow/example_dags/example_short_circuit_operator.py
[2024-02-25T12:53:48.122+0000] {logging_mixin.py:150} INFO - [2024-02-25T12:53:48.121+0000] {dag.py:2742} INFO - Sync 1 DAGs
[2024-02-25T12:53:48.159+0000] {logging_mixin.py:150} INFO - [2024-02-25T12:53:48.158+0000] {dag.py:3508} INFO - Setting next_dagrun for example_short_circuit_operator to 2024-02-24T12:53:48.158719+00:00, run_after=2024-02-25T12:53:48.158719+00:00
[2024-02-25T12:53:48.186+0000] {processor.py:179} INFO - Processing /home/airflow/.local/lib/python3.7/site-packages/airflow/example_dags/example_short_circuit_operator.py took 0.116 seconds
[2024-02-25T12:54:18.804+0000] {processor.py:157} INFO - Started process (PID=5616) to work on /home/airflow/.local/lib/python3.7/site-packages/airflow/example_dags/example_short_circuit_operator.py
[2024-02-25T12:54:18.806+0000] {processor.py:826} INFO - Processing file /home/airflow/.local/lib/python3.7/site-packages/airflow/example_dags/example_short_circuit_operator.py for tasks to queue
[2024-02-25T12:54:18.807+0000] {logging_mixin.py:150} INFO - [2024-02-25T12:54:18.806+0000] {dagbag.py:541} INFO - Filling up the DagBag from /home/airflow/.local/lib/python3.7/site-packages/airflow/example_dags/example_short_circuit_operator.py
[2024-02-25T12:54:18.815+0000] {processor.py:836} INFO - DAG(s) dict_keys(['example_short_circuit_operator']) retrieved from /home/airflow/.local/lib/python3.7/site-packages/airflow/example_dags/example_short_circuit_operator.py
[2024-02-25T12:54:18.848+0000] {logging_mixin.py:150} INFO - [2024-02-25T12:54:18.848+0000] {dag.py:2742} INFO - Sync 1 DAGs
[2024-02-25T12:54:18.891+0000] {logging_mixin.py:150} INFO - [2024-02-25T12:54:18.891+0000] {dag.py:3508} INFO - Setting next_dagrun for example_short_circuit_operator to 2024-02-24T12:54:18.890852+00:00, run_after=2024-02-25T12:54:18.890852+00:00
[2024-02-25T12:54:18.915+0000] {processor.py:179} INFO - Processing /home/airflow/.local/lib/python3.7/site-packages/airflow/example_dags/example_short_circuit_operator.py took 0.115 seconds
[2024-02-25T12:54:49.352+0000] {processor.py:157} INFO - Started process (PID=5857) to work on /home/airflow/.local/lib/python3.7/site-packages/airflow/example_dags/example_short_circuit_operator.py
[2024-02-25T12:54:49.353+0000] {processor.py:826} INFO - Processing file /home/airflow/.local/lib/python3.7/site-packages/airflow/example_dags/example_short_circuit_operator.py for tasks to queue
[2024-02-25T12:54:49.354+0000] {logging_mixin.py:150} INFO - [2024-02-25T12:54:49.354+0000] {dagbag.py:541} INFO - Filling up the DagBag from /home/airflow/.local/lib/python3.7/site-packages/airflow/example_dags/example_short_circuit_operator.py
[2024-02-25T12:54:49.363+0000] {processor.py:836} INFO - DAG(s) dict_keys(['example_short_circuit_operator']) retrieved from /home/airflow/.local/lib/python3.7/site-packages/airflow/example_dags/example_short_circuit_operator.py
[2024-02-25T12:54:49.401+0000] {logging_mixin.py:150} INFO - [2024-02-25T12:54:49.401+0000] {dag.py:2742} INFO - Sync 1 DAGs
[2024-02-25T12:54:49.447+0000] {logging_mixin.py:150} INFO - [2024-02-25T12:54:49.447+0000] {dag.py:3508} INFO - Setting next_dagrun for example_short_circuit_operator to 2024-02-24T12:54:49.446963+00:00, run_after=2024-02-25T12:54:49.446963+00:00
[2024-02-25T12:54:49.477+0000] {processor.py:179} INFO - Processing /home/airflow/.local/lib/python3.7/site-packages/airflow/example_dags/example_short_circuit_operator.py took 0.128 seconds
[2024-02-25T12:55:19.968+0000] {processor.py:157} INFO - Started process (PID=6097) to work on /home/airflow/.local/lib/python3.7/site-packages/airflow/example_dags/example_short_circuit_operator.py
[2024-02-25T12:55:19.969+0000] {processor.py:826} INFO - Processing file /home/airflow/.local/lib/python3.7/site-packages/airflow/example_dags/example_short_circuit_operator.py for tasks to queue
[2024-02-25T12:55:19.970+0000] {logging_mixin.py:150} INFO - [2024-02-25T12:55:19.969+0000] {dagbag.py:541} INFO - Filling up the DagBag from /home/airflow/.local/lib/python3.7/site-packages/airflow/example_dags/example_short_circuit_operator.py
[2024-02-25T12:55:19.980+0000] {processor.py:836} INFO - DAG(s) dict_keys(['example_short_circuit_operator']) retrieved from /home/airflow/.local/lib/python3.7/site-packages/airflow/example_dags/example_short_circuit_operator.py
[2024-02-25T12:55:20.017+0000] {logging_mixin.py:150} INFO - [2024-02-25T12:55:20.017+0000] {dag.py:2742} INFO - Sync 1 DAGs
[2024-02-25T12:55:20.060+0000] {logging_mixin.py:150} INFO - [2024-02-25T12:55:20.060+0000] {dag.py:3508} INFO - Setting next_dagrun for example_short_circuit_operator to 2024-02-24T12:55:20.059978+00:00, run_after=2024-02-25T12:55:20.059978+00:00
[2024-02-25T12:55:20.088+0000] {processor.py:179} INFO - Processing /home/airflow/.local/lib/python3.7/site-packages/airflow/example_dags/example_short_circuit_operator.py took 0.123 seconds
[2024-02-25T12:55:50.858+0000] {processor.py:157} INFO - Started process (PID=6338) to work on /home/airflow/.local/lib/python3.7/site-packages/airflow/example_dags/example_short_circuit_operator.py
[2024-02-25T12:55:50.860+0000] {processor.py:826} INFO - Processing file /home/airflow/.local/lib/python3.7/site-packages/airflow/example_dags/example_short_circuit_operator.py for tasks to queue
[2024-02-25T12:55:50.861+0000] {logging_mixin.py:150} INFO - [2024-02-25T12:55:50.860+0000] {dagbag.py:541} INFO - Filling up the DagBag from /home/airflow/.local/lib/python3.7/site-packages/airflow/example_dags/example_short_circuit_operator.py
[2024-02-25T12:55:50.874+0000] {processor.py:836} INFO - DAG(s) dict_keys(['example_short_circuit_operator']) retrieved from /home/airflow/.local/lib/python3.7/site-packages/airflow/example_dags/example_short_circuit_operator.py
[2024-02-25T12:55:50.909+0000] {logging_mixin.py:150} INFO - [2024-02-25T12:55:50.909+0000] {dag.py:2742} INFO - Sync 1 DAGs
[2024-02-25T12:55:50.940+0000] {logging_mixin.py:150} INFO - [2024-02-25T12:55:50.940+0000] {dag.py:3508} INFO - Setting next_dagrun for example_short_circuit_operator to 2024-02-24T12:55:50.940180+00:00, run_after=2024-02-25T12:55:50.940180+00:00
[2024-02-25T12:55:50.964+0000] {processor.py:179} INFO - Processing /home/airflow/.local/lib/python3.7/site-packages/airflow/example_dags/example_short_circuit_operator.py took 0.109 seconds
[2024-02-25T12:56:21.957+0000] {processor.py:157} INFO - Started process (PID=6586) to work on /home/airflow/.local/lib/python3.7/site-packages/airflow/example_dags/example_short_circuit_operator.py
[2024-02-25T12:56:21.958+0000] {processor.py:826} INFO - Processing file /home/airflow/.local/lib/python3.7/site-packages/airflow/example_dags/example_short_circuit_operator.py for tasks to queue
[2024-02-25T12:56:21.959+0000] {logging_mixin.py:150} INFO - [2024-02-25T12:56:21.959+0000] {dagbag.py:541} INFO - Filling up the DagBag from /home/airflow/.local/lib/python3.7/site-packages/airflow/example_dags/example_short_circuit_operator.py
[2024-02-25T12:56:21.971+0000] {processor.py:836} INFO - DAG(s) dict_keys(['example_short_circuit_operator']) retrieved from /home/airflow/.local/lib/python3.7/site-packages/airflow/example_dags/example_short_circuit_operator.py
[2024-02-25T12:56:22.001+0000] {logging_mixin.py:150} INFO - [2024-02-25T12:56:22.001+0000] {dag.py:2742} INFO - Sync 1 DAGs
[2024-02-25T12:56:22.033+0000] {logging_mixin.py:150} INFO - [2024-02-25T12:56:22.033+0000] {dag.py:3508} INFO - Setting next_dagrun for example_short_circuit_operator to 2024-02-24T12:56:22.033263+00:00, run_after=2024-02-25T12:56:22.033263+00:00
[2024-02-25T12:56:22.063+0000] {processor.py:179} INFO - Processing /home/airflow/.local/lib/python3.7/site-packages/airflow/example_dags/example_short_circuit_operator.py took 0.110 seconds
[2024-02-25T12:56:52.337+0000] {processor.py:157} INFO - Started process (PID=6827) to work on /home/airflow/.local/lib/python3.7/site-packages/airflow/example_dags/example_short_circuit_operator.py
[2024-02-25T12:56:52.338+0000] {processor.py:826} INFO - Processing file /home/airflow/.local/lib/python3.7/site-packages/airflow/example_dags/example_short_circuit_operator.py for tasks to queue
[2024-02-25T12:56:52.339+0000] {logging_mixin.py:150} INFO - [2024-02-25T12:56:52.339+0000] {dagbag.py:541} INFO - Filling up the DagBag from /home/airflow/.local/lib/python3.7/site-packages/airflow/example_dags/example_short_circuit_operator.py
[2024-02-25T12:56:52.348+0000] {processor.py:836} INFO - DAG(s) dict_keys(['example_short_circuit_operator']) retrieved from /home/airflow/.local/lib/python3.7/site-packages/airflow/example_dags/example_short_circuit_operator.py
[2024-02-25T12:56:52.386+0000] {logging_mixin.py:150} INFO - [2024-02-25T12:56:52.386+0000] {dag.py:2742} INFO - Sync 1 DAGs
[2024-02-25T12:56:52.419+0000] {logging_mixin.py:150} INFO - [2024-02-25T12:56:52.419+0000] {dag.py:3508} INFO - Setting next_dagrun for example_short_circuit_operator to 2024-02-24T12:56:52.419257+00:00, run_after=2024-02-25T12:56:52.419257+00:00
[2024-02-25T12:56:52.442+0000] {processor.py:179} INFO - Processing /home/airflow/.local/lib/python3.7/site-packages/airflow/example_dags/example_short_circuit_operator.py took 0.108 seconds
