[2024-02-25T12:43:01.439+0000] {processor.py:157} INFO - Started process (PID=246) to work on /home/airflow/.local/lib/python3.7/site-packages/airflow/example_dags/example_datasets.py
[2024-02-25T12:43:01.440+0000] {processor.py:826} INFO - Processing file /home/airflow/.local/lib/python3.7/site-packages/airflow/example_dags/example_datasets.py for tasks to queue
[2024-02-25T12:43:01.442+0000] {logging_mixin.py:150} INFO - [2024-02-25T12:43:01.442+0000] {dagbag.py:541} INFO - Filling up the DagBag from /home/airflow/.local/lib/python3.7/site-packages/airflow/example_dags/example_datasets.py
[2024-02-25T12:43:01.462+0000] {processor.py:836} INFO - DAG(s) dict_keys(['dataset_produces_1', 'dataset_consumes_1_and_2', 'dataset_consumes_1', 'dataset_produces_2', 'dataset_consumes_1_never_scheduled', 'dataset_consumes_unknown_never_scheduled']) retrieved from /home/airflow/.local/lib/python3.7/site-packages/airflow/example_dags/example_datasets.py
[2024-02-25T12:43:01.484+0000] {logging_mixin.py:150} INFO - [2024-02-25T12:43:01.484+0000] {dag.py:2742} INFO - Sync 6 DAGs
[2024-02-25T12:43:01.521+0000] {logging_mixin.py:150} INFO - [2024-02-25T12:43:01.520+0000] {dag.py:3508} INFO - Setting next_dagrun for dataset_consumes_1 to None, run_after=None
[2024-02-25T12:43:01.525+0000] {logging_mixin.py:150} INFO - [2024-02-25T12:43:01.525+0000] {dag.py:3508} INFO - Setting next_dagrun for dataset_consumes_1_and_2 to None, run_after=None
[2024-02-25T12:43:01.527+0000] {logging_mixin.py:150} INFO - [2024-02-25T12:43:01.527+0000] {dag.py:3508} INFO - Setting next_dagrun for dataset_consumes_1_never_scheduled to None, run_after=None
[2024-02-25T12:43:01.529+0000] {logging_mixin.py:150} INFO - [2024-02-25T12:43:01.529+0000] {dag.py:3508} INFO - Setting next_dagrun for dataset_consumes_unknown_never_scheduled to None, run_after=None
[2024-02-25T12:43:01.534+0000] {logging_mixin.py:150} INFO - [2024-02-25T12:43:01.534+0000] {dag.py:3508} INFO - Setting next_dagrun for dataset_produces_1 to 2024-02-24T00:00:00+00:00, run_after=2024-02-25T00:00:00+00:00
[2024-02-25T12:43:01.536+0000] {logging_mixin.py:150} INFO - [2024-02-25T12:43:01.536+0000] {dag.py:3508} INFO - Setting next_dagrun for dataset_produces_2 to None, run_after=None
[2024-02-25T12:43:01.585+0000] {processor.py:179} INFO - Processing /home/airflow/.local/lib/python3.7/site-packages/airflow/example_dags/example_datasets.py took 0.151 seconds
[2024-02-25T12:43:32.365+0000] {processor.py:157} INFO - Started process (PID=488) to work on /home/airflow/.local/lib/python3.7/site-packages/airflow/example_dags/example_datasets.py
[2024-02-25T12:43:32.366+0000] {processor.py:826} INFO - Processing file /home/airflow/.local/lib/python3.7/site-packages/airflow/example_dags/example_datasets.py for tasks to queue
[2024-02-25T12:43:32.367+0000] {logging_mixin.py:150} INFO - [2024-02-25T12:43:32.367+0000] {dagbag.py:541} INFO - Filling up the DagBag from /home/airflow/.local/lib/python3.7/site-packages/airflow/example_dags/example_datasets.py
[2024-02-25T12:43:32.382+0000] {processor.py:836} INFO - DAG(s) dict_keys(['dataset_produces_1', 'dataset_consumes_1_never_scheduled', 'dataset_consumes_1', 'dataset_produces_2', 'dataset_consumes_unknown_never_scheduled', 'dataset_consumes_1_and_2']) retrieved from /home/airflow/.local/lib/python3.7/site-packages/airflow/example_dags/example_datasets.py
[2024-02-25T12:43:32.444+0000] {logging_mixin.py:150} INFO - [2024-02-25T12:43:32.444+0000] {dag.py:2742} INFO - Sync 6 DAGs
[2024-02-25T12:43:32.486+0000] {logging_mixin.py:150} INFO - [2024-02-25T12:43:32.486+0000] {dag.py:3508} INFO - Setting next_dagrun for dataset_consumes_1 to None, run_after=None
[2024-02-25T12:43:32.491+0000] {logging_mixin.py:150} INFO - [2024-02-25T12:43:32.491+0000] {dag.py:3508} INFO - Setting next_dagrun for dataset_consumes_1_and_2 to None, run_after=None
[2024-02-25T12:43:32.493+0000] {logging_mixin.py:150} INFO - [2024-02-25T12:43:32.492+0000] {dag.py:3508} INFO - Setting next_dagrun for dataset_consumes_1_never_scheduled to None, run_after=None
[2024-02-25T12:43:32.494+0000] {logging_mixin.py:150} INFO - [2024-02-25T12:43:32.494+0000] {dag.py:3508} INFO - Setting next_dagrun for dataset_consumes_unknown_never_scheduled to None, run_after=None
[2024-02-25T12:43:32.499+0000] {logging_mixin.py:150} INFO - [2024-02-25T12:43:32.498+0000] {dag.py:3508} INFO - Setting next_dagrun for dataset_produces_1 to 2024-02-24T00:00:00+00:00, run_after=2024-02-25T00:00:00+00:00
[2024-02-25T12:43:32.500+0000] {logging_mixin.py:150} INFO - [2024-02-25T12:43:32.500+0000] {dag.py:3508} INFO - Setting next_dagrun for dataset_produces_2 to None, run_after=None
[2024-02-25T12:43:32.557+0000] {processor.py:179} INFO - Processing /home/airflow/.local/lib/python3.7/site-packages/airflow/example_dags/example_datasets.py took 0.196 seconds
[2024-02-25T12:44:03.433+0000] {processor.py:157} INFO - Started process (PID=728) to work on /home/airflow/.local/lib/python3.7/site-packages/airflow/example_dags/example_datasets.py
[2024-02-25T12:44:03.435+0000] {processor.py:826} INFO - Processing file /home/airflow/.local/lib/python3.7/site-packages/airflow/example_dags/example_datasets.py for tasks to queue
[2024-02-25T12:44:03.436+0000] {logging_mixin.py:150} INFO - [2024-02-25T12:44:03.436+0000] {dagbag.py:541} INFO - Filling up the DagBag from /home/airflow/.local/lib/python3.7/site-packages/airflow/example_dags/example_datasets.py
[2024-02-25T12:44:03.450+0000] {processor.py:836} INFO - DAG(s) dict_keys(['dataset_produces_2', 'dataset_consumes_1_and_2', 'dataset_consumes_1', 'dataset_produces_1', 'dataset_consumes_1_never_scheduled', 'dataset_consumes_unknown_never_scheduled']) retrieved from /home/airflow/.local/lib/python3.7/site-packages/airflow/example_dags/example_datasets.py
[2024-02-25T12:44:03.475+0000] {logging_mixin.py:150} INFO - [2024-02-25T12:44:03.475+0000] {dag.py:2742} INFO - Sync 6 DAGs
[2024-02-25T12:44:03.521+0000] {logging_mixin.py:150} INFO - [2024-02-25T12:44:03.521+0000] {dag.py:3508} INFO - Setting next_dagrun for dataset_consumes_1 to None, run_after=None
[2024-02-25T12:44:03.527+0000] {logging_mixin.py:150} INFO - [2024-02-25T12:44:03.526+0000] {dag.py:3508} INFO - Setting next_dagrun for dataset_consumes_1_and_2 to None, run_after=None
[2024-02-25T12:44:03.528+0000] {logging_mixin.py:150} INFO - [2024-02-25T12:44:03.528+0000] {dag.py:3508} INFO - Setting next_dagrun for dataset_consumes_1_never_scheduled to None, run_after=None
[2024-02-25T12:44:03.530+0000] {logging_mixin.py:150} INFO - [2024-02-25T12:44:03.530+0000] {dag.py:3508} INFO - Setting next_dagrun for dataset_consumes_unknown_never_scheduled to None, run_after=None
[2024-02-25T12:44:03.535+0000] {logging_mixin.py:150} INFO - [2024-02-25T12:44:03.535+0000] {dag.py:3508} INFO - Setting next_dagrun for dataset_produces_1 to 2024-02-24T00:00:00+00:00, run_after=2024-02-25T00:00:00+00:00
[2024-02-25T12:44:03.537+0000] {logging_mixin.py:150} INFO - [2024-02-25T12:44:03.537+0000] {dag.py:3508} INFO - Setting next_dagrun for dataset_produces_2 to None, run_after=None
[2024-02-25T12:44:03.596+0000] {processor.py:179} INFO - Processing /home/airflow/.local/lib/python3.7/site-packages/airflow/example_dags/example_datasets.py took 0.168 seconds
[2024-02-25T12:44:34.140+0000] {processor.py:157} INFO - Started process (PID=969) to work on /home/airflow/.local/lib/python3.7/site-packages/airflow/example_dags/example_datasets.py
[2024-02-25T12:44:34.142+0000] {processor.py:826} INFO - Processing file /home/airflow/.local/lib/python3.7/site-packages/airflow/example_dags/example_datasets.py for tasks to queue
[2024-02-25T12:44:34.143+0000] {logging_mixin.py:150} INFO - [2024-02-25T12:44:34.143+0000] {dagbag.py:541} INFO - Filling up the DagBag from /home/airflow/.local/lib/python3.7/site-packages/airflow/example_dags/example_datasets.py
[2024-02-25T12:44:34.155+0000] {processor.py:836} INFO - DAG(s) dict_keys(['dataset_consumes_1', 'dataset_consumes_1_never_scheduled', 'dataset_produces_2', 'dataset_produces_1', 'dataset_consumes_unknown_never_scheduled', 'dataset_consumes_1_and_2']) retrieved from /home/airflow/.local/lib/python3.7/site-packages/airflow/example_dags/example_datasets.py
[2024-02-25T12:44:34.218+0000] {logging_mixin.py:150} INFO - [2024-02-25T12:44:34.218+0000] {dag.py:2742} INFO - Sync 6 DAGs
[2024-02-25T12:44:34.260+0000] {logging_mixin.py:150} INFO - [2024-02-25T12:44:34.260+0000] {dag.py:3508} INFO - Setting next_dagrun for dataset_consumes_1 to None, run_after=None
[2024-02-25T12:44:34.264+0000] {logging_mixin.py:150} INFO - [2024-02-25T12:44:34.264+0000] {dag.py:3508} INFO - Setting next_dagrun for dataset_consumes_1_and_2 to None, run_after=None
[2024-02-25T12:44:34.267+0000] {logging_mixin.py:150} INFO - [2024-02-25T12:44:34.266+0000] {dag.py:3508} INFO - Setting next_dagrun for dataset_consumes_1_never_scheduled to None, run_after=None
[2024-02-25T12:44:34.269+0000] {logging_mixin.py:150} INFO - [2024-02-25T12:44:34.269+0000] {dag.py:3508} INFO - Setting next_dagrun for dataset_consumes_unknown_never_scheduled to None, run_after=None
[2024-02-25T12:44:34.275+0000] {logging_mixin.py:150} INFO - [2024-02-25T12:44:34.274+0000] {dag.py:3508} INFO - Setting next_dagrun for dataset_produces_1 to 2024-02-24T00:00:00+00:00, run_after=2024-02-25T00:00:00+00:00
[2024-02-25T12:44:34.277+0000] {logging_mixin.py:150} INFO - [2024-02-25T12:44:34.276+0000] {dag.py:3508} INFO - Setting next_dagrun for dataset_produces_2 to None, run_after=None
[2024-02-25T12:44:34.334+0000] {processor.py:179} INFO - Processing /home/airflow/.local/lib/python3.7/site-packages/airflow/example_dags/example_datasets.py took 0.199 seconds
[2024-02-25T12:45:05.213+0000] {processor.py:157} INFO - Started process (PID=1210) to work on /home/airflow/.local/lib/python3.7/site-packages/airflow/example_dags/example_datasets.py
[2024-02-25T12:45:05.214+0000] {processor.py:826} INFO - Processing file /home/airflow/.local/lib/python3.7/site-packages/airflow/example_dags/example_datasets.py for tasks to queue
[2024-02-25T12:45:05.215+0000] {logging_mixin.py:150} INFO - [2024-02-25T12:45:05.215+0000] {dagbag.py:541} INFO - Filling up the DagBag from /home/airflow/.local/lib/python3.7/site-packages/airflow/example_dags/example_datasets.py
[2024-02-25T12:45:05.229+0000] {processor.py:836} INFO - DAG(s) dict_keys(['dataset_produces_1', 'dataset_produces_2', 'dataset_consumes_unknown_never_scheduled', 'dataset_consumes_1_never_scheduled', 'dataset_consumes_1', 'dataset_consumes_1_and_2']) retrieved from /home/airflow/.local/lib/python3.7/site-packages/airflow/example_dags/example_datasets.py
[2024-02-25T12:45:05.302+0000] {logging_mixin.py:150} INFO - [2024-02-25T12:45:05.302+0000] {dag.py:2742} INFO - Sync 6 DAGs
[2024-02-25T12:45:05.350+0000] {logging_mixin.py:150} INFO - [2024-02-25T12:45:05.350+0000] {dag.py:3508} INFO - Setting next_dagrun for dataset_consumes_1 to None, run_after=None
[2024-02-25T12:45:05.355+0000] {logging_mixin.py:150} INFO - [2024-02-25T12:45:05.355+0000] {dag.py:3508} INFO - Setting next_dagrun for dataset_consumes_1_and_2 to None, run_after=None
[2024-02-25T12:45:05.357+0000] {logging_mixin.py:150} INFO - [2024-02-25T12:45:05.357+0000] {dag.py:3508} INFO - Setting next_dagrun for dataset_consumes_1_never_scheduled to None, run_after=None
[2024-02-25T12:45:05.358+0000] {logging_mixin.py:150} INFO - [2024-02-25T12:45:05.358+0000] {dag.py:3508} INFO - Setting next_dagrun for dataset_consumes_unknown_never_scheduled to None, run_after=None
[2024-02-25T12:45:05.362+0000] {logging_mixin.py:150} INFO - [2024-02-25T12:45:05.361+0000] {dag.py:3508} INFO - Setting next_dagrun for dataset_produces_1 to 2024-02-24T00:00:00+00:00, run_after=2024-02-25T00:00:00+00:00
[2024-02-25T12:45:05.365+0000] {logging_mixin.py:150} INFO - [2024-02-25T12:45:05.364+0000] {dag.py:3508} INFO - Setting next_dagrun for dataset_produces_2 to None, run_after=None
[2024-02-25T12:45:05.425+0000] {processor.py:179} INFO - Processing /home/airflow/.local/lib/python3.7/site-packages/airflow/example_dags/example_datasets.py took 0.217 seconds
[2024-02-25T12:45:35.742+0000] {processor.py:157} INFO - Started process (PID=1460) to work on /home/airflow/.local/lib/python3.7/site-packages/airflow/example_dags/example_datasets.py
[2024-02-25T12:45:35.742+0000] {processor.py:826} INFO - Processing file /home/airflow/.local/lib/python3.7/site-packages/airflow/example_dags/example_datasets.py for tasks to queue
[2024-02-25T12:45:35.743+0000] {logging_mixin.py:150} INFO - [2024-02-25T12:45:35.743+0000] {dagbag.py:541} INFO - Filling up the DagBag from /home/airflow/.local/lib/python3.7/site-packages/airflow/example_dags/example_datasets.py
[2024-02-25T12:45:35.756+0000] {processor.py:836} INFO - DAG(s) dict_keys(['dataset_consumes_unknown_never_scheduled', 'dataset_produces_2', 'dataset_consumes_1_and_2', 'dataset_consumes_1', 'dataset_consumes_1_never_scheduled', 'dataset_produces_1']) retrieved from /home/airflow/.local/lib/python3.7/site-packages/airflow/example_dags/example_datasets.py
[2024-02-25T12:45:35.821+0000] {logging_mixin.py:150} INFO - [2024-02-25T12:45:35.820+0000] {dag.py:2742} INFO - Sync 6 DAGs
[2024-02-25T12:45:35.865+0000] {logging_mixin.py:150} INFO - [2024-02-25T12:45:35.864+0000] {dag.py:3508} INFO - Setting next_dagrun for dataset_consumes_1 to None, run_after=None
[2024-02-25T12:45:35.871+0000] {logging_mixin.py:150} INFO - [2024-02-25T12:45:35.871+0000] {dag.py:3508} INFO - Setting next_dagrun for dataset_consumes_1_and_2 to None, run_after=None
[2024-02-25T12:45:35.873+0000] {logging_mixin.py:150} INFO - [2024-02-25T12:45:35.873+0000] {dag.py:3508} INFO - Setting next_dagrun for dataset_consumes_1_never_scheduled to None, run_after=None
[2024-02-25T12:45:35.874+0000] {logging_mixin.py:150} INFO - [2024-02-25T12:45:35.874+0000] {dag.py:3508} INFO - Setting next_dagrun for dataset_consumes_unknown_never_scheduled to None, run_after=None
[2024-02-25T12:45:35.877+0000] {logging_mixin.py:150} INFO - [2024-02-25T12:45:35.877+0000] {dag.py:3508} INFO - Setting next_dagrun for dataset_produces_1 to 2024-02-24T00:00:00+00:00, run_after=2024-02-25T00:00:00+00:00
[2024-02-25T12:45:35.879+0000] {logging_mixin.py:150} INFO - [2024-02-25T12:45:35.879+0000] {dag.py:3508} INFO - Setting next_dagrun for dataset_produces_2 to None, run_after=None
[2024-02-25T12:45:35.931+0000] {processor.py:179} INFO - Processing /home/airflow/.local/lib/python3.7/site-packages/airflow/example_dags/example_datasets.py took 0.194 seconds
[2024-02-25T12:46:06.344+0000] {processor.py:157} INFO - Started process (PID=1701) to work on /home/airflow/.local/lib/python3.7/site-packages/airflow/example_dags/example_datasets.py
[2024-02-25T12:46:06.345+0000] {processor.py:826} INFO - Processing file /home/airflow/.local/lib/python3.7/site-packages/airflow/example_dags/example_datasets.py for tasks to queue
[2024-02-25T12:46:06.346+0000] {logging_mixin.py:150} INFO - [2024-02-25T12:46:06.346+0000] {dagbag.py:541} INFO - Filling up the DagBag from /home/airflow/.local/lib/python3.7/site-packages/airflow/example_dags/example_datasets.py
[2024-02-25T12:46:06.359+0000] {processor.py:836} INFO - DAG(s) dict_keys(['dataset_consumes_1', 'dataset_consumes_unknown_never_scheduled', 'dataset_produces_2', 'dataset_consumes_1_and_2', 'dataset_consumes_1_never_scheduled', 'dataset_produces_1']) retrieved from /home/airflow/.local/lib/python3.7/site-packages/airflow/example_dags/example_datasets.py
[2024-02-25T12:46:06.419+0000] {logging_mixin.py:150} INFO - [2024-02-25T12:46:06.419+0000] {dag.py:2742} INFO - Sync 6 DAGs
[2024-02-25T12:46:06.459+0000] {logging_mixin.py:150} INFO - [2024-02-25T12:46:06.459+0000] {dag.py:3508} INFO - Setting next_dagrun for dataset_consumes_1 to None, run_after=None
[2024-02-25T12:46:06.465+0000] {logging_mixin.py:150} INFO - [2024-02-25T12:46:06.465+0000] {dag.py:3508} INFO - Setting next_dagrun for dataset_consumes_1_and_2 to None, run_after=None
[2024-02-25T12:46:06.468+0000] {logging_mixin.py:150} INFO - [2024-02-25T12:46:06.468+0000] {dag.py:3508} INFO - Setting next_dagrun for dataset_consumes_1_never_scheduled to None, run_after=None
[2024-02-25T12:46:06.470+0000] {logging_mixin.py:150} INFO - [2024-02-25T12:46:06.469+0000] {dag.py:3508} INFO - Setting next_dagrun for dataset_consumes_unknown_never_scheduled to None, run_after=None
[2024-02-25T12:46:06.473+0000] {logging_mixin.py:150} INFO - [2024-02-25T12:46:06.473+0000] {dag.py:3508} INFO - Setting next_dagrun for dataset_produces_1 to 2024-02-24T00:00:00+00:00, run_after=2024-02-25T00:00:00+00:00
[2024-02-25T12:46:06.474+0000] {logging_mixin.py:150} INFO - [2024-02-25T12:46:06.474+0000] {dag.py:3508} INFO - Setting next_dagrun for dataset_produces_2 to None, run_after=None
[2024-02-25T12:46:06.530+0000] {processor.py:179} INFO - Processing /home/airflow/.local/lib/python3.7/site-packages/airflow/example_dags/example_datasets.py took 0.191 seconds
[2024-02-25T12:46:36.877+0000] {processor.py:157} INFO - Started process (PID=1942) to work on /home/airflow/.local/lib/python3.7/site-packages/airflow/example_dags/example_datasets.py
[2024-02-25T12:46:36.878+0000] {processor.py:826} INFO - Processing file /home/airflow/.local/lib/python3.7/site-packages/airflow/example_dags/example_datasets.py for tasks to queue
[2024-02-25T12:46:36.879+0000] {logging_mixin.py:150} INFO - [2024-02-25T12:46:36.879+0000] {dagbag.py:541} INFO - Filling up the DagBag from /home/airflow/.local/lib/python3.7/site-packages/airflow/example_dags/example_datasets.py
[2024-02-25T12:46:36.890+0000] {processor.py:836} INFO - DAG(s) dict_keys(['dataset_consumes_1', 'dataset_produces_2', 'dataset_consumes_unknown_never_scheduled', 'dataset_consumes_1_and_2', 'dataset_produces_1', 'dataset_consumes_1_never_scheduled']) retrieved from /home/airflow/.local/lib/python3.7/site-packages/airflow/example_dags/example_datasets.py
[2024-02-25T12:46:36.947+0000] {logging_mixin.py:150} INFO - [2024-02-25T12:46:36.946+0000] {dag.py:2742} INFO - Sync 6 DAGs
[2024-02-25T12:46:36.985+0000] {logging_mixin.py:150} INFO - [2024-02-25T12:46:36.985+0000] {dag.py:3508} INFO - Setting next_dagrun for dataset_consumes_1 to None, run_after=None
[2024-02-25T12:46:36.989+0000] {logging_mixin.py:150} INFO - [2024-02-25T12:46:36.989+0000] {dag.py:3508} INFO - Setting next_dagrun for dataset_consumes_1_and_2 to None, run_after=None
[2024-02-25T12:46:36.991+0000] {logging_mixin.py:150} INFO - [2024-02-25T12:46:36.991+0000] {dag.py:3508} INFO - Setting next_dagrun for dataset_consumes_1_never_scheduled to None, run_after=None
[2024-02-25T12:46:36.994+0000] {logging_mixin.py:150} INFO - [2024-02-25T12:46:36.993+0000] {dag.py:3508} INFO - Setting next_dagrun for dataset_consumes_unknown_never_scheduled to None, run_after=None
[2024-02-25T12:46:36.998+0000] {logging_mixin.py:150} INFO - [2024-02-25T12:46:36.998+0000] {dag.py:3508} INFO - Setting next_dagrun for dataset_produces_1 to 2024-02-24T00:00:00+00:00, run_after=2024-02-25T00:00:00+00:00
[2024-02-25T12:46:37.000+0000] {logging_mixin.py:150} INFO - [2024-02-25T12:46:36.999+0000] {dag.py:3508} INFO - Setting next_dagrun for dataset_produces_2 to None, run_after=None
[2024-02-25T12:46:37.057+0000] {processor.py:179} INFO - Processing /home/airflow/.local/lib/python3.7/site-packages/airflow/example_dags/example_datasets.py took 0.185 seconds
[2024-02-25T12:47:07.518+0000] {processor.py:157} INFO - Started process (PID=2181) to work on /home/airflow/.local/lib/python3.7/site-packages/airflow/example_dags/example_datasets.py
[2024-02-25T12:47:07.519+0000] {processor.py:826} INFO - Processing file /home/airflow/.local/lib/python3.7/site-packages/airflow/example_dags/example_datasets.py for tasks to queue
[2024-02-25T12:47:07.520+0000] {logging_mixin.py:150} INFO - [2024-02-25T12:47:07.520+0000] {dagbag.py:541} INFO - Filling up the DagBag from /home/airflow/.local/lib/python3.7/site-packages/airflow/example_dags/example_datasets.py
[2024-02-25T12:47:07.532+0000] {processor.py:836} INFO - DAG(s) dict_keys(['dataset_consumes_unknown_never_scheduled', 'dataset_consumes_1', 'dataset_consumes_1_and_2', 'dataset_consumes_1_never_scheduled', 'dataset_produces_2', 'dataset_produces_1']) retrieved from /home/airflow/.local/lib/python3.7/site-packages/airflow/example_dags/example_datasets.py
[2024-02-25T12:47:07.617+0000] {logging_mixin.py:150} INFO - [2024-02-25T12:47:07.617+0000] {dag.py:2742} INFO - Sync 6 DAGs
[2024-02-25T12:47:07.698+0000] {logging_mixin.py:150} INFO - [2024-02-25T12:47:07.698+0000] {dag.py:3508} INFO - Setting next_dagrun for dataset_consumes_1 to None, run_after=None
[2024-02-25T12:47:07.719+0000] {logging_mixin.py:150} INFO - [2024-02-25T12:47:07.719+0000] {dag.py:3508} INFO - Setting next_dagrun for dataset_consumes_1_and_2 to None, run_after=None
[2024-02-25T12:47:07.722+0000] {logging_mixin.py:150} INFO - [2024-02-25T12:47:07.722+0000] {dag.py:3508} INFO - Setting next_dagrun for dataset_consumes_1_never_scheduled to None, run_after=None
[2024-02-25T12:47:07.728+0000] {logging_mixin.py:150} INFO - [2024-02-25T12:47:07.727+0000] {dag.py:3508} INFO - Setting next_dagrun for dataset_consumes_unknown_never_scheduled to None, run_after=None
[2024-02-25T12:47:07.741+0000] {logging_mixin.py:150} INFO - [2024-02-25T12:47:07.738+0000] {dag.py:3508} INFO - Setting next_dagrun for dataset_produces_1 to 2024-02-24T00:00:00+00:00, run_after=2024-02-25T00:00:00+00:00
[2024-02-25T12:47:07.748+0000] {logging_mixin.py:150} INFO - [2024-02-25T12:47:07.747+0000] {dag.py:3508} INFO - Setting next_dagrun for dataset_produces_2 to None, run_after=None
[2024-02-25T12:47:07.875+0000] {processor.py:179} INFO - Processing /home/airflow/.local/lib/python3.7/site-packages/airflow/example_dags/example_datasets.py took 0.361 seconds
[2024-02-25T12:47:38.446+0000] {processor.py:157} INFO - Started process (PID=2422) to work on /home/airflow/.local/lib/python3.7/site-packages/airflow/example_dags/example_datasets.py
[2024-02-25T12:47:38.447+0000] {processor.py:826} INFO - Processing file /home/airflow/.local/lib/python3.7/site-packages/airflow/example_dags/example_datasets.py for tasks to queue
[2024-02-25T12:47:38.448+0000] {logging_mixin.py:150} INFO - [2024-02-25T12:47:38.448+0000] {dagbag.py:541} INFO - Filling up the DagBag from /home/airflow/.local/lib/python3.7/site-packages/airflow/example_dags/example_datasets.py
[2024-02-25T12:47:38.458+0000] {processor.py:836} INFO - DAG(s) dict_keys(['dataset_produces_1', 'dataset_consumes_unknown_never_scheduled', 'dataset_produces_2', 'dataset_consumes_1_never_scheduled', 'dataset_consumes_1_and_2', 'dataset_consumes_1']) retrieved from /home/airflow/.local/lib/python3.7/site-packages/airflow/example_dags/example_datasets.py
[2024-02-25T12:47:38.505+0000] {logging_mixin.py:150} INFO - [2024-02-25T12:47:38.505+0000] {dag.py:2742} INFO - Sync 6 DAGs
[2024-02-25T12:47:38.535+0000] {logging_mixin.py:150} INFO - [2024-02-25T12:47:38.535+0000] {dag.py:3508} INFO - Setting next_dagrun for dataset_consumes_1 to None, run_after=None
[2024-02-25T12:47:38.539+0000] {logging_mixin.py:150} INFO - [2024-02-25T12:47:38.539+0000] {dag.py:3508} INFO - Setting next_dagrun for dataset_consumes_1_and_2 to None, run_after=None
[2024-02-25T12:47:38.540+0000] {logging_mixin.py:150} INFO - [2024-02-25T12:47:38.540+0000] {dag.py:3508} INFO - Setting next_dagrun for dataset_consumes_1_never_scheduled to None, run_after=None
[2024-02-25T12:47:38.541+0000] {logging_mixin.py:150} INFO - [2024-02-25T12:47:38.541+0000] {dag.py:3508} INFO - Setting next_dagrun for dataset_consumes_unknown_never_scheduled to None, run_after=None
[2024-02-25T12:47:38.545+0000] {logging_mixin.py:150} INFO - [2024-02-25T12:47:38.544+0000] {dag.py:3508} INFO - Setting next_dagrun for dataset_produces_1 to 2024-02-24T00:00:00+00:00, run_after=2024-02-25T00:00:00+00:00
[2024-02-25T12:47:38.546+0000] {logging_mixin.py:150} INFO - [2024-02-25T12:47:38.546+0000] {dag.py:3508} INFO - Setting next_dagrun for dataset_produces_2 to None, run_after=None
[2024-02-25T12:47:38.589+0000] {processor.py:179} INFO - Processing /home/airflow/.local/lib/python3.7/site-packages/airflow/example_dags/example_datasets.py took 0.148 seconds
[2024-02-25T12:48:08.724+0000] {processor.py:157} INFO - Started process (PID=2663) to work on /home/airflow/.local/lib/python3.7/site-packages/airflow/example_dags/example_datasets.py
[2024-02-25T12:48:08.725+0000] {processor.py:826} INFO - Processing file /home/airflow/.local/lib/python3.7/site-packages/airflow/example_dags/example_datasets.py for tasks to queue
[2024-02-25T12:48:08.726+0000] {logging_mixin.py:150} INFO - [2024-02-25T12:48:08.726+0000] {dagbag.py:541} INFO - Filling up the DagBag from /home/airflow/.local/lib/python3.7/site-packages/airflow/example_dags/example_datasets.py
[2024-02-25T12:48:08.737+0000] {processor.py:836} INFO - DAG(s) dict_keys(['dataset_consumes_1_never_scheduled', 'dataset_consumes_unknown_never_scheduled', 'dataset_consumes_1', 'dataset_produces_1', 'dataset_produces_2', 'dataset_consumes_1_and_2']) retrieved from /home/airflow/.local/lib/python3.7/site-packages/airflow/example_dags/example_datasets.py
[2024-02-25T12:48:08.784+0000] {logging_mixin.py:150} INFO - [2024-02-25T12:48:08.784+0000] {dag.py:2742} INFO - Sync 6 DAGs
[2024-02-25T12:48:08.814+0000] {logging_mixin.py:150} INFO - [2024-02-25T12:48:08.814+0000] {dag.py:3508} INFO - Setting next_dagrun for dataset_consumes_1 to None, run_after=None
[2024-02-25T12:48:08.818+0000] {logging_mixin.py:150} INFO - [2024-02-25T12:48:08.817+0000] {dag.py:3508} INFO - Setting next_dagrun for dataset_consumes_1_and_2 to None, run_after=None
[2024-02-25T12:48:08.819+0000] {logging_mixin.py:150} INFO - [2024-02-25T12:48:08.819+0000] {dag.py:3508} INFO - Setting next_dagrun for dataset_consumes_1_never_scheduled to None, run_after=None
[2024-02-25T12:48:08.820+0000] {logging_mixin.py:150} INFO - [2024-02-25T12:48:08.820+0000] {dag.py:3508} INFO - Setting next_dagrun for dataset_consumes_unknown_never_scheduled to None, run_after=None
[2024-02-25T12:48:08.823+0000] {logging_mixin.py:150} INFO - [2024-02-25T12:48:08.823+0000] {dag.py:3508} INFO - Setting next_dagrun for dataset_produces_1 to 2024-02-24T00:00:00+00:00, run_after=2024-02-25T00:00:00+00:00
[2024-02-25T12:48:08.825+0000] {logging_mixin.py:150} INFO - [2024-02-25T12:48:08.825+0000] {dag.py:3508} INFO - Setting next_dagrun for dataset_produces_2 to None, run_after=None
[2024-02-25T12:48:08.864+0000] {processor.py:179} INFO - Processing /home/airflow/.local/lib/python3.7/site-packages/airflow/example_dags/example_datasets.py took 0.144 seconds
[2024-02-25T12:48:39.450+0000] {processor.py:157} INFO - Started process (PID=2905) to work on /home/airflow/.local/lib/python3.7/site-packages/airflow/example_dags/example_datasets.py
[2024-02-25T12:48:39.451+0000] {processor.py:826} INFO - Processing file /home/airflow/.local/lib/python3.7/site-packages/airflow/example_dags/example_datasets.py for tasks to queue
[2024-02-25T12:48:39.452+0000] {logging_mixin.py:150} INFO - [2024-02-25T12:48:39.451+0000] {dagbag.py:541} INFO - Filling up the DagBag from /home/airflow/.local/lib/python3.7/site-packages/airflow/example_dags/example_datasets.py
[2024-02-25T12:48:39.466+0000] {processor.py:836} INFO - DAG(s) dict_keys(['dataset_consumes_1_never_scheduled', 'dataset_consumes_1_and_2', 'dataset_consumes_1', 'dataset_produces_2', 'dataset_consumes_unknown_never_scheduled', 'dataset_produces_1']) retrieved from /home/airflow/.local/lib/python3.7/site-packages/airflow/example_dags/example_datasets.py
[2024-02-25T12:48:39.526+0000] {logging_mixin.py:150} INFO - [2024-02-25T12:48:39.526+0000] {dag.py:2742} INFO - Sync 6 DAGs
[2024-02-25T12:48:39.563+0000] {logging_mixin.py:150} INFO - [2024-02-25T12:48:39.563+0000] {dag.py:3508} INFO - Setting next_dagrun for dataset_consumes_1 to None, run_after=None
[2024-02-25T12:48:39.567+0000] {logging_mixin.py:150} INFO - [2024-02-25T12:48:39.566+0000] {dag.py:3508} INFO - Setting next_dagrun for dataset_consumes_1_and_2 to None, run_after=None
[2024-02-25T12:48:39.568+0000] {logging_mixin.py:150} INFO - [2024-02-25T12:48:39.568+0000] {dag.py:3508} INFO - Setting next_dagrun for dataset_consumes_1_never_scheduled to None, run_after=None
[2024-02-25T12:48:39.569+0000] {logging_mixin.py:150} INFO - [2024-02-25T12:48:39.569+0000] {dag.py:3508} INFO - Setting next_dagrun for dataset_consumes_unknown_never_scheduled to None, run_after=None
[2024-02-25T12:48:39.574+0000] {logging_mixin.py:150} INFO - [2024-02-25T12:48:39.574+0000] {dag.py:3508} INFO - Setting next_dagrun for dataset_produces_1 to 2024-02-24T00:00:00+00:00, run_after=2024-02-25T00:00:00+00:00
[2024-02-25T12:48:39.576+0000] {logging_mixin.py:150} INFO - [2024-02-25T12:48:39.576+0000] {dag.py:3508} INFO - Setting next_dagrun for dataset_produces_2 to None, run_after=None
[2024-02-25T12:48:39.629+0000] {processor.py:179} INFO - Processing /home/airflow/.local/lib/python3.7/site-packages/airflow/example_dags/example_datasets.py took 0.182 seconds
[2024-02-25T12:49:10.183+0000] {processor.py:157} INFO - Started process (PID=3146) to work on /home/airflow/.local/lib/python3.7/site-packages/airflow/example_dags/example_datasets.py
[2024-02-25T12:49:10.184+0000] {processor.py:826} INFO - Processing file /home/airflow/.local/lib/python3.7/site-packages/airflow/example_dags/example_datasets.py for tasks to queue
[2024-02-25T12:49:10.185+0000] {logging_mixin.py:150} INFO - [2024-02-25T12:49:10.185+0000] {dagbag.py:541} INFO - Filling up the DagBag from /home/airflow/.local/lib/python3.7/site-packages/airflow/example_dags/example_datasets.py
[2024-02-25T12:49:10.200+0000] {processor.py:836} INFO - DAG(s) dict_keys(['dataset_consumes_unknown_never_scheduled', 'dataset_consumes_1_never_scheduled', 'dataset_consumes_1_and_2', 'dataset_produces_2', 'dataset_consumes_1', 'dataset_produces_1']) retrieved from /home/airflow/.local/lib/python3.7/site-packages/airflow/example_dags/example_datasets.py
[2024-02-25T12:49:10.255+0000] {logging_mixin.py:150} INFO - [2024-02-25T12:49:10.255+0000] {dag.py:2742} INFO - Sync 6 DAGs
[2024-02-25T12:49:10.298+0000] {logging_mixin.py:150} INFO - [2024-02-25T12:49:10.298+0000] {dag.py:3508} INFO - Setting next_dagrun for dataset_consumes_1 to None, run_after=None
[2024-02-25T12:49:10.305+0000] {logging_mixin.py:150} INFO - [2024-02-25T12:49:10.305+0000] {dag.py:3508} INFO - Setting next_dagrun for dataset_consumes_1_and_2 to None, run_after=None
[2024-02-25T12:49:10.306+0000] {logging_mixin.py:150} INFO - [2024-02-25T12:49:10.306+0000] {dag.py:3508} INFO - Setting next_dagrun for dataset_consumes_1_never_scheduled to None, run_after=None
[2024-02-25T12:49:10.308+0000] {logging_mixin.py:150} INFO - [2024-02-25T12:49:10.307+0000] {dag.py:3508} INFO - Setting next_dagrun for dataset_consumes_unknown_never_scheduled to None, run_after=None
[2024-02-25T12:49:10.311+0000] {logging_mixin.py:150} INFO - [2024-02-25T12:49:10.311+0000] {dag.py:3508} INFO - Setting next_dagrun for dataset_produces_1 to 2024-02-24T00:00:00+00:00, run_after=2024-02-25T00:00:00+00:00
[2024-02-25T12:49:10.313+0000] {logging_mixin.py:150} INFO - [2024-02-25T12:49:10.312+0000] {dag.py:3508} INFO - Setting next_dagrun for dataset_produces_2 to None, run_after=None
[2024-02-25T12:49:10.366+0000] {processor.py:179} INFO - Processing /home/airflow/.local/lib/python3.7/site-packages/airflow/example_dags/example_datasets.py took 0.188 seconds
[2024-02-25T12:49:40.889+0000] {processor.py:157} INFO - Started process (PID=3389) to work on /home/airflow/.local/lib/python3.7/site-packages/airflow/example_dags/example_datasets.py
[2024-02-25T12:49:40.890+0000] {processor.py:826} INFO - Processing file /home/airflow/.local/lib/python3.7/site-packages/airflow/example_dags/example_datasets.py for tasks to queue
[2024-02-25T12:49:40.891+0000] {logging_mixin.py:150} INFO - [2024-02-25T12:49:40.891+0000] {dagbag.py:541} INFO - Filling up the DagBag from /home/airflow/.local/lib/python3.7/site-packages/airflow/example_dags/example_datasets.py
[2024-02-25T12:49:40.904+0000] {processor.py:836} INFO - DAG(s) dict_keys(['dataset_produces_2', 'dataset_consumes_1_and_2', 'dataset_consumes_unknown_never_scheduled', 'dataset_consumes_1_never_scheduled', 'dataset_consumes_1', 'dataset_produces_1']) retrieved from /home/airflow/.local/lib/python3.7/site-packages/airflow/example_dags/example_datasets.py
[2024-02-25T12:49:40.993+0000] {logging_mixin.py:150} INFO - [2024-02-25T12:49:40.993+0000] {dag.py:2742} INFO - Sync 6 DAGs
[2024-02-25T12:49:41.037+0000] {logging_mixin.py:150} INFO - [2024-02-25T12:49:41.037+0000] {dag.py:3508} INFO - Setting next_dagrun for dataset_consumes_1 to None, run_after=None
[2024-02-25T12:49:41.047+0000] {logging_mixin.py:150} INFO - [2024-02-25T12:49:41.047+0000] {dag.py:3508} INFO - Setting next_dagrun for dataset_consumes_1_and_2 to None, run_after=None
[2024-02-25T12:49:41.050+0000] {logging_mixin.py:150} INFO - [2024-02-25T12:49:41.050+0000] {dag.py:3508} INFO - Setting next_dagrun for dataset_consumes_1_never_scheduled to None, run_after=None
[2024-02-25T12:49:41.056+0000] {logging_mixin.py:150} INFO - [2024-02-25T12:49:41.055+0000] {dag.py:3508} INFO - Setting next_dagrun for dataset_consumes_unknown_never_scheduled to None, run_after=None
[2024-02-25T12:49:41.062+0000] {logging_mixin.py:150} INFO - [2024-02-25T12:49:41.062+0000] {dag.py:3508} INFO - Setting next_dagrun for dataset_produces_1 to 2024-02-24T00:00:00+00:00, run_after=2024-02-25T00:00:00+00:00
[2024-02-25T12:49:41.065+0000] {logging_mixin.py:150} INFO - [2024-02-25T12:49:41.064+0000] {dag.py:3508} INFO - Setting next_dagrun for dataset_produces_2 to None, run_after=None
[2024-02-25T12:49:41.134+0000] {processor.py:179} INFO - Processing /home/airflow/.local/lib/python3.7/site-packages/airflow/example_dags/example_datasets.py took 0.249 seconds
[2024-02-25T12:50:11.923+0000] {processor.py:157} INFO - Started process (PID=3628) to work on /home/airflow/.local/lib/python3.7/site-packages/airflow/example_dags/example_datasets.py
[2024-02-25T12:50:11.924+0000] {processor.py:826} INFO - Processing file /home/airflow/.local/lib/python3.7/site-packages/airflow/example_dags/example_datasets.py for tasks to queue
[2024-02-25T12:50:11.925+0000] {logging_mixin.py:150} INFO - [2024-02-25T12:50:11.924+0000] {dagbag.py:541} INFO - Filling up the DagBag from /home/airflow/.local/lib/python3.7/site-packages/airflow/example_dags/example_datasets.py
[2024-02-25T12:50:11.934+0000] {processor.py:836} INFO - DAG(s) dict_keys(['dataset_consumes_1_never_scheduled', 'dataset_produces_2', 'dataset_produces_1', 'dataset_consumes_unknown_never_scheduled', 'dataset_consumes_1', 'dataset_consumes_1_and_2']) retrieved from /home/airflow/.local/lib/python3.7/site-packages/airflow/example_dags/example_datasets.py
[2024-02-25T12:50:11.979+0000] {logging_mixin.py:150} INFO - [2024-02-25T12:50:11.979+0000] {dag.py:2742} INFO - Sync 6 DAGs
[2024-02-25T12:50:12.010+0000] {logging_mixin.py:150} INFO - [2024-02-25T12:50:12.010+0000] {dag.py:3508} INFO - Setting next_dagrun for dataset_consumes_1 to None, run_after=None
[2024-02-25T12:50:12.014+0000] {logging_mixin.py:150} INFO - [2024-02-25T12:50:12.013+0000] {dag.py:3508} INFO - Setting next_dagrun for dataset_consumes_1_and_2 to None, run_after=None
[2024-02-25T12:50:12.015+0000] {logging_mixin.py:150} INFO - [2024-02-25T12:50:12.015+0000] {dag.py:3508} INFO - Setting next_dagrun for dataset_consumes_1_never_scheduled to None, run_after=None
[2024-02-25T12:50:12.016+0000] {logging_mixin.py:150} INFO - [2024-02-25T12:50:12.016+0000] {dag.py:3508} INFO - Setting next_dagrun for dataset_consumes_unknown_never_scheduled to None, run_after=None
[2024-02-25T12:50:12.019+0000] {logging_mixin.py:150} INFO - [2024-02-25T12:50:12.019+0000] {dag.py:3508} INFO - Setting next_dagrun for dataset_produces_1 to 2024-02-24T00:00:00+00:00, run_after=2024-02-25T00:00:00+00:00
[2024-02-25T12:50:12.021+0000] {logging_mixin.py:150} INFO - [2024-02-25T12:50:12.021+0000] {dag.py:3508} INFO - Setting next_dagrun for dataset_produces_2 to None, run_after=None
[2024-02-25T12:50:12.076+0000] {processor.py:179} INFO - Processing /home/airflow/.local/lib/python3.7/site-packages/airflow/example_dags/example_datasets.py took 0.158 seconds
[2024-02-25T12:50:42.550+0000] {processor.py:157} INFO - Started process (PID=3869) to work on /home/airflow/.local/lib/python3.7/site-packages/airflow/example_dags/example_datasets.py
[2024-02-25T12:50:42.551+0000] {processor.py:826} INFO - Processing file /home/airflow/.local/lib/python3.7/site-packages/airflow/example_dags/example_datasets.py for tasks to queue
[2024-02-25T12:50:42.552+0000] {logging_mixin.py:150} INFO - [2024-02-25T12:50:42.552+0000] {dagbag.py:541} INFO - Filling up the DagBag from /home/airflow/.local/lib/python3.7/site-packages/airflow/example_dags/example_datasets.py
[2024-02-25T12:50:42.565+0000] {processor.py:836} INFO - DAG(s) dict_keys(['dataset_produces_2', 'dataset_produces_1', 'dataset_consumes_1', 'dataset_consumes_1_and_2', 'dataset_consumes_unknown_never_scheduled', 'dataset_consumes_1_never_scheduled']) retrieved from /home/airflow/.local/lib/python3.7/site-packages/airflow/example_dags/example_datasets.py
[2024-02-25T12:50:42.623+0000] {logging_mixin.py:150} INFO - [2024-02-25T12:50:42.623+0000] {dag.py:2742} INFO - Sync 6 DAGs
[2024-02-25T12:50:42.654+0000] {logging_mixin.py:150} INFO - [2024-02-25T12:50:42.654+0000] {dag.py:3508} INFO - Setting next_dagrun for dataset_consumes_1 to None, run_after=None
[2024-02-25T12:50:42.658+0000] {logging_mixin.py:150} INFO - [2024-02-25T12:50:42.658+0000] {dag.py:3508} INFO - Setting next_dagrun for dataset_consumes_1_and_2 to None, run_after=None
[2024-02-25T12:50:42.659+0000] {logging_mixin.py:150} INFO - [2024-02-25T12:50:42.659+0000] {dag.py:3508} INFO - Setting next_dagrun for dataset_consumes_1_never_scheduled to None, run_after=None
[2024-02-25T12:50:42.661+0000] {logging_mixin.py:150} INFO - [2024-02-25T12:50:42.660+0000] {dag.py:3508} INFO - Setting next_dagrun for dataset_consumes_unknown_never_scheduled to None, run_after=None
[2024-02-25T12:50:42.664+0000] {logging_mixin.py:150} INFO - [2024-02-25T12:50:42.663+0000] {dag.py:3508} INFO - Setting next_dagrun for dataset_produces_1 to 2024-02-24T00:00:00+00:00, run_after=2024-02-25T00:00:00+00:00
[2024-02-25T12:50:42.665+0000] {logging_mixin.py:150} INFO - [2024-02-25T12:50:42.665+0000] {dag.py:3508} INFO - Setting next_dagrun for dataset_produces_2 to None, run_after=None
[2024-02-25T12:50:42.708+0000] {processor.py:179} INFO - Processing /home/airflow/.local/lib/python3.7/site-packages/airflow/example_dags/example_datasets.py took 0.162 seconds
[2024-02-25T12:51:12.848+0000] {processor.py:157} INFO - Started process (PID=4105) to work on /home/airflow/.local/lib/python3.7/site-packages/airflow/example_dags/example_datasets.py
[2024-02-25T12:51:12.850+0000] {processor.py:826} INFO - Processing file /home/airflow/.local/lib/python3.7/site-packages/airflow/example_dags/example_datasets.py for tasks to queue
[2024-02-25T12:51:12.851+0000] {logging_mixin.py:150} INFO - [2024-02-25T12:51:12.851+0000] {dagbag.py:541} INFO - Filling up the DagBag from /home/airflow/.local/lib/python3.7/site-packages/airflow/example_dags/example_datasets.py
[2024-02-25T12:51:12.865+0000] {processor.py:836} INFO - DAG(s) dict_keys(['dataset_produces_2', 'dataset_consumes_1_and_2', 'dataset_produces_1', 'dataset_consumes_unknown_never_scheduled', 'dataset_consumes_1_never_scheduled', 'dataset_consumes_1']) retrieved from /home/airflow/.local/lib/python3.7/site-packages/airflow/example_dags/example_datasets.py
[2024-02-25T12:51:12.918+0000] {logging_mixin.py:150} INFO - [2024-02-25T12:51:12.918+0000] {dag.py:2742} INFO - Sync 6 DAGs
[2024-02-25T12:51:12.952+0000] {logging_mixin.py:150} INFO - [2024-02-25T12:51:12.952+0000] {dag.py:3508} INFO - Setting next_dagrun for dataset_consumes_1 to None, run_after=None
[2024-02-25T12:51:12.958+0000] {logging_mixin.py:150} INFO - [2024-02-25T12:51:12.958+0000] {dag.py:3508} INFO - Setting next_dagrun for dataset_consumes_1_and_2 to None, run_after=None
[2024-02-25T12:51:12.959+0000] {logging_mixin.py:150} INFO - [2024-02-25T12:51:12.959+0000] {dag.py:3508} INFO - Setting next_dagrun for dataset_consumes_1_never_scheduled to None, run_after=None
[2024-02-25T12:51:12.961+0000] {logging_mixin.py:150} INFO - [2024-02-25T12:51:12.961+0000] {dag.py:3508} INFO - Setting next_dagrun for dataset_consumes_unknown_never_scheduled to None, run_after=None
[2024-02-25T12:51:12.966+0000] {logging_mixin.py:150} INFO - [2024-02-25T12:51:12.966+0000] {dag.py:3508} INFO - Setting next_dagrun for dataset_produces_1 to 2024-02-24T00:00:00+00:00, run_after=2024-02-25T00:00:00+00:00
[2024-02-25T12:51:12.969+0000] {logging_mixin.py:150} INFO - [2024-02-25T12:51:12.968+0000] {dag.py:3508} INFO - Setting next_dagrun for dataset_produces_2 to None, run_after=None
[2024-02-25T12:51:13.011+0000] {processor.py:179} INFO - Processing /home/airflow/.local/lib/python3.7/site-packages/airflow/example_dags/example_datasets.py took 0.169 seconds
[2024-02-25T12:51:43.753+0000] {processor.py:157} INFO - Started process (PID=4351) to work on /home/airflow/.local/lib/python3.7/site-packages/airflow/example_dags/example_datasets.py
[2024-02-25T12:51:43.754+0000] {processor.py:826} INFO - Processing file /home/airflow/.local/lib/python3.7/site-packages/airflow/example_dags/example_datasets.py for tasks to queue
[2024-02-25T12:51:43.755+0000] {logging_mixin.py:150} INFO - [2024-02-25T12:51:43.755+0000] {dagbag.py:541} INFO - Filling up the DagBag from /home/airflow/.local/lib/python3.7/site-packages/airflow/example_dags/example_datasets.py
[2024-02-25T12:51:43.764+0000] {processor.py:836} INFO - DAG(s) dict_keys(['dataset_produces_2', 'dataset_consumes_1_and_2', 'dataset_produces_1', 'dataset_consumes_1', 'dataset_consumes_1_never_scheduled', 'dataset_consumes_unknown_never_scheduled']) retrieved from /home/airflow/.local/lib/python3.7/site-packages/airflow/example_dags/example_datasets.py
[2024-02-25T12:51:43.808+0000] {logging_mixin.py:150} INFO - [2024-02-25T12:51:43.808+0000] {dag.py:2742} INFO - Sync 6 DAGs
[2024-02-25T12:51:43.846+0000] {logging_mixin.py:150} INFO - [2024-02-25T12:51:43.846+0000] {dag.py:3508} INFO - Setting next_dagrun for dataset_consumes_1 to None, run_after=None
[2024-02-25T12:51:43.850+0000] {logging_mixin.py:150} INFO - [2024-02-25T12:51:43.850+0000] {dag.py:3508} INFO - Setting next_dagrun for dataset_consumes_1_and_2 to None, run_after=None
[2024-02-25T12:51:43.852+0000] {logging_mixin.py:150} INFO - [2024-02-25T12:51:43.852+0000] {dag.py:3508} INFO - Setting next_dagrun for dataset_consumes_1_never_scheduled to None, run_after=None
[2024-02-25T12:51:43.853+0000] {logging_mixin.py:150} INFO - [2024-02-25T12:51:43.853+0000] {dag.py:3508} INFO - Setting next_dagrun for dataset_consumes_unknown_never_scheduled to None, run_after=None
[2024-02-25T12:51:43.857+0000] {logging_mixin.py:150} INFO - [2024-02-25T12:51:43.856+0000] {dag.py:3508} INFO - Setting next_dagrun for dataset_produces_1 to 2024-02-24T00:00:00+00:00, run_after=2024-02-25T00:00:00+00:00
[2024-02-25T12:51:43.858+0000] {logging_mixin.py:150} INFO - [2024-02-25T12:51:43.858+0000] {dag.py:3508} INFO - Setting next_dagrun for dataset_produces_2 to None, run_after=None
[2024-02-25T12:51:43.901+0000] {processor.py:179} INFO - Processing /home/airflow/.local/lib/python3.7/site-packages/airflow/example_dags/example_datasets.py took 0.152 seconds
[2024-02-25T12:52:14.341+0000] {processor.py:157} INFO - Started process (PID=4592) to work on /home/airflow/.local/lib/python3.7/site-packages/airflow/example_dags/example_datasets.py
[2024-02-25T12:52:14.342+0000] {processor.py:826} INFO - Processing file /home/airflow/.local/lib/python3.7/site-packages/airflow/example_dags/example_datasets.py for tasks to queue
[2024-02-25T12:52:14.343+0000] {logging_mixin.py:150} INFO - [2024-02-25T12:52:14.343+0000] {dagbag.py:541} INFO - Filling up the DagBag from /home/airflow/.local/lib/python3.7/site-packages/airflow/example_dags/example_datasets.py
[2024-02-25T12:52:14.352+0000] {processor.py:836} INFO - DAG(s) dict_keys(['dataset_consumes_1_and_2', 'dataset_produces_2', 'dataset_produces_1', 'dataset_consumes_1_never_scheduled', 'dataset_consumes_unknown_never_scheduled', 'dataset_consumes_1']) retrieved from /home/airflow/.local/lib/python3.7/site-packages/airflow/example_dags/example_datasets.py
[2024-02-25T12:52:14.410+0000] {logging_mixin.py:150} INFO - [2024-02-25T12:52:14.410+0000] {dag.py:2742} INFO - Sync 6 DAGs
[2024-02-25T12:52:14.452+0000] {logging_mixin.py:150} INFO - [2024-02-25T12:52:14.452+0000] {dag.py:3508} INFO - Setting next_dagrun for dataset_consumes_1 to None, run_after=None
[2024-02-25T12:52:14.457+0000] {logging_mixin.py:150} INFO - [2024-02-25T12:52:14.457+0000] {dag.py:3508} INFO - Setting next_dagrun for dataset_consumes_1_and_2 to None, run_after=None
[2024-02-25T12:52:14.459+0000] {logging_mixin.py:150} INFO - [2024-02-25T12:52:14.459+0000] {dag.py:3508} INFO - Setting next_dagrun for dataset_consumes_1_never_scheduled to None, run_after=None
[2024-02-25T12:52:14.461+0000] {logging_mixin.py:150} INFO - [2024-02-25T12:52:14.461+0000] {dag.py:3508} INFO - Setting next_dagrun for dataset_consumes_unknown_never_scheduled to None, run_after=None
[2024-02-25T12:52:14.465+0000] {logging_mixin.py:150} INFO - [2024-02-25T12:52:14.465+0000] {dag.py:3508} INFO - Setting next_dagrun for dataset_produces_1 to 2024-02-24T00:00:00+00:00, run_after=2024-02-25T00:00:00+00:00
[2024-02-25T12:52:14.467+0000] {logging_mixin.py:150} INFO - [2024-02-25T12:52:14.467+0000] {dag.py:3508} INFO - Setting next_dagrun for dataset_produces_2 to None, run_after=None
[2024-02-25T12:52:14.519+0000] {processor.py:179} INFO - Processing /home/airflow/.local/lib/python3.7/site-packages/airflow/example_dags/example_datasets.py took 0.182 seconds
[2024-02-25T12:52:44.622+0000] {processor.py:157} INFO - Started process (PID=4828) to work on /home/airflow/.local/lib/python3.7/site-packages/airflow/example_dags/example_datasets.py
[2024-02-25T12:52:44.623+0000] {processor.py:826} INFO - Processing file /home/airflow/.local/lib/python3.7/site-packages/airflow/example_dags/example_datasets.py for tasks to queue
[2024-02-25T12:52:44.624+0000] {logging_mixin.py:150} INFO - [2024-02-25T12:52:44.624+0000] {dagbag.py:541} INFO - Filling up the DagBag from /home/airflow/.local/lib/python3.7/site-packages/airflow/example_dags/example_datasets.py
[2024-02-25T12:52:44.636+0000] {processor.py:836} INFO - DAG(s) dict_keys(['dataset_produces_2', 'dataset_consumes_1_never_scheduled', 'dataset_consumes_unknown_never_scheduled', 'dataset_produces_1', 'dataset_consumes_1_and_2', 'dataset_consumes_1']) retrieved from /home/airflow/.local/lib/python3.7/site-packages/airflow/example_dags/example_datasets.py
[2024-02-25T12:52:44.679+0000] {logging_mixin.py:150} INFO - [2024-02-25T12:52:44.679+0000] {dag.py:2742} INFO - Sync 6 DAGs
[2024-02-25T12:52:44.708+0000] {logging_mixin.py:150} INFO - [2024-02-25T12:52:44.708+0000] {dag.py:3508} INFO - Setting next_dagrun for dataset_consumes_1 to None, run_after=None
[2024-02-25T12:52:44.712+0000] {logging_mixin.py:150} INFO - [2024-02-25T12:52:44.712+0000] {dag.py:3508} INFO - Setting next_dagrun for dataset_consumes_1_and_2 to None, run_after=None
[2024-02-25T12:52:44.714+0000] {logging_mixin.py:150} INFO - [2024-02-25T12:52:44.713+0000] {dag.py:3508} INFO - Setting next_dagrun for dataset_consumes_1_never_scheduled to None, run_after=None
[2024-02-25T12:52:44.716+0000] {logging_mixin.py:150} INFO - [2024-02-25T12:52:44.716+0000] {dag.py:3508} INFO - Setting next_dagrun for dataset_consumes_unknown_never_scheduled to None, run_after=None
[2024-02-25T12:52:44.722+0000] {logging_mixin.py:150} INFO - [2024-02-25T12:52:44.722+0000] {dag.py:3508} INFO - Setting next_dagrun for dataset_produces_1 to 2024-02-24T00:00:00+00:00, run_after=2024-02-25T00:00:00+00:00
[2024-02-25T12:52:44.724+0000] {logging_mixin.py:150} INFO - [2024-02-25T12:52:44.724+0000] {dag.py:3508} INFO - Setting next_dagrun for dataset_produces_2 to None, run_after=None
[2024-02-25T12:52:44.764+0000] {processor.py:179} INFO - Processing /home/airflow/.local/lib/python3.7/site-packages/airflow/example_dags/example_datasets.py took 0.147 seconds
[2024-02-25T12:53:14.839+0000] {processor.py:157} INFO - Started process (PID=5069) to work on /home/airflow/.local/lib/python3.7/site-packages/airflow/example_dags/example_datasets.py
[2024-02-25T12:53:14.840+0000] {processor.py:826} INFO - Processing file /home/airflow/.local/lib/python3.7/site-packages/airflow/example_dags/example_datasets.py for tasks to queue
[2024-02-25T12:53:14.841+0000] {logging_mixin.py:150} INFO - [2024-02-25T12:53:14.841+0000] {dagbag.py:541} INFO - Filling up the DagBag from /home/airflow/.local/lib/python3.7/site-packages/airflow/example_dags/example_datasets.py
[2024-02-25T12:53:14.859+0000] {processor.py:836} INFO - DAG(s) dict_keys(['dataset_produces_2', 'dataset_consumes_unknown_never_scheduled', 'dataset_produces_1', 'dataset_consumes_1_never_scheduled', 'dataset_consumes_1_and_2', 'dataset_consumes_1']) retrieved from /home/airflow/.local/lib/python3.7/site-packages/airflow/example_dags/example_datasets.py
[2024-02-25T12:53:14.925+0000] {logging_mixin.py:150} INFO - [2024-02-25T12:53:14.925+0000] {dag.py:2742} INFO - Sync 6 DAGs
[2024-02-25T12:53:14.976+0000] {logging_mixin.py:150} INFO - [2024-02-25T12:53:14.976+0000] {dag.py:3508} INFO - Setting next_dagrun for dataset_consumes_1 to None, run_after=None
[2024-02-25T12:53:14.980+0000] {logging_mixin.py:150} INFO - [2024-02-25T12:53:14.980+0000] {dag.py:3508} INFO - Setting next_dagrun for dataset_consumes_1_and_2 to None, run_after=None
[2024-02-25T12:53:14.982+0000] {logging_mixin.py:150} INFO - [2024-02-25T12:53:14.982+0000] {dag.py:3508} INFO - Setting next_dagrun for dataset_consumes_1_never_scheduled to None, run_after=None
[2024-02-25T12:53:14.984+0000] {logging_mixin.py:150} INFO - [2024-02-25T12:53:14.984+0000] {dag.py:3508} INFO - Setting next_dagrun for dataset_consumes_unknown_never_scheduled to None, run_after=None
[2024-02-25T12:53:14.990+0000] {logging_mixin.py:150} INFO - [2024-02-25T12:53:14.990+0000] {dag.py:3508} INFO - Setting next_dagrun for dataset_produces_1 to 2024-02-24T00:00:00+00:00, run_after=2024-02-25T00:00:00+00:00
[2024-02-25T12:53:14.992+0000] {logging_mixin.py:150} INFO - [2024-02-25T12:53:14.992+0000] {dag.py:3508} INFO - Setting next_dagrun for dataset_produces_2 to None, run_after=None
[2024-02-25T12:53:15.041+0000] {processor.py:179} INFO - Processing /home/airflow/.local/lib/python3.7/site-packages/airflow/example_dags/example_datasets.py took 0.206 seconds
[2024-02-25T12:53:45.949+0000] {processor.py:157} INFO - Started process (PID=5310) to work on /home/airflow/.local/lib/python3.7/site-packages/airflow/example_dags/example_datasets.py
[2024-02-25T12:53:45.950+0000] {processor.py:826} INFO - Processing file /home/airflow/.local/lib/python3.7/site-packages/airflow/example_dags/example_datasets.py for tasks to queue
[2024-02-25T12:53:45.951+0000] {logging_mixin.py:150} INFO - [2024-02-25T12:53:45.951+0000] {dagbag.py:541} INFO - Filling up the DagBag from /home/airflow/.local/lib/python3.7/site-packages/airflow/example_dags/example_datasets.py
[2024-02-25T12:53:45.963+0000] {processor.py:836} INFO - DAG(s) dict_keys(['dataset_consumes_unknown_never_scheduled', 'dataset_consumes_1', 'dataset_produces_2', 'dataset_consumes_1_never_scheduled', 'dataset_consumes_1_and_2', 'dataset_produces_1']) retrieved from /home/airflow/.local/lib/python3.7/site-packages/airflow/example_dags/example_datasets.py
[2024-02-25T12:53:46.023+0000] {logging_mixin.py:150} INFO - [2024-02-25T12:53:46.023+0000] {dag.py:2742} INFO - Sync 6 DAGs
[2024-02-25T12:53:46.060+0000] {logging_mixin.py:150} INFO - [2024-02-25T12:53:46.059+0000] {dag.py:3508} INFO - Setting next_dagrun for dataset_consumes_1 to None, run_after=None
[2024-02-25T12:53:46.065+0000] {logging_mixin.py:150} INFO - [2024-02-25T12:53:46.065+0000] {dag.py:3508} INFO - Setting next_dagrun for dataset_consumes_1_and_2 to None, run_after=None
[2024-02-25T12:53:46.067+0000] {logging_mixin.py:150} INFO - [2024-02-25T12:53:46.067+0000] {dag.py:3508} INFO - Setting next_dagrun for dataset_consumes_1_never_scheduled to None, run_after=None
[2024-02-25T12:53:46.068+0000] {logging_mixin.py:150} INFO - [2024-02-25T12:53:46.068+0000] {dag.py:3508} INFO - Setting next_dagrun for dataset_consumes_unknown_never_scheduled to None, run_after=None
[2024-02-25T12:53:46.072+0000] {logging_mixin.py:150} INFO - [2024-02-25T12:53:46.072+0000] {dag.py:3508} INFO - Setting next_dagrun for dataset_produces_1 to 2024-02-24T00:00:00+00:00, run_after=2024-02-25T00:00:00+00:00
[2024-02-25T12:53:46.074+0000] {logging_mixin.py:150} INFO - [2024-02-25T12:53:46.074+0000] {dag.py:3508} INFO - Setting next_dagrun for dataset_produces_2 to None, run_after=None
[2024-02-25T12:53:46.126+0000] {processor.py:179} INFO - Processing /home/airflow/.local/lib/python3.7/site-packages/airflow/example_dags/example_datasets.py took 0.181 seconds
[2024-02-25T12:54:16.580+0000] {processor.py:157} INFO - Started process (PID=5551) to work on /home/airflow/.local/lib/python3.7/site-packages/airflow/example_dags/example_datasets.py
[2024-02-25T12:54:16.581+0000] {processor.py:826} INFO - Processing file /home/airflow/.local/lib/python3.7/site-packages/airflow/example_dags/example_datasets.py for tasks to queue
[2024-02-25T12:54:16.582+0000] {logging_mixin.py:150} INFO - [2024-02-25T12:54:16.582+0000] {dagbag.py:541} INFO - Filling up the DagBag from /home/airflow/.local/lib/python3.7/site-packages/airflow/example_dags/example_datasets.py
[2024-02-25T12:54:16.592+0000] {processor.py:836} INFO - DAG(s) dict_keys(['dataset_produces_1', 'dataset_consumes_1_never_scheduled', 'dataset_consumes_1', 'dataset_produces_2', 'dataset_consumes_1_and_2', 'dataset_consumes_unknown_never_scheduled']) retrieved from /home/airflow/.local/lib/python3.7/site-packages/airflow/example_dags/example_datasets.py
[2024-02-25T12:54:16.646+0000] {logging_mixin.py:150} INFO - [2024-02-25T12:54:16.646+0000] {dag.py:2742} INFO - Sync 6 DAGs
[2024-02-25T12:54:16.682+0000] {logging_mixin.py:150} INFO - [2024-02-25T12:54:16.682+0000] {dag.py:3508} INFO - Setting next_dagrun for dataset_consumes_1 to None, run_after=None
[2024-02-25T12:54:16.687+0000] {logging_mixin.py:150} INFO - [2024-02-25T12:54:16.687+0000] {dag.py:3508} INFO - Setting next_dagrun for dataset_consumes_1_and_2 to None, run_after=None
[2024-02-25T12:54:16.690+0000] {logging_mixin.py:150} INFO - [2024-02-25T12:54:16.689+0000] {dag.py:3508} INFO - Setting next_dagrun for dataset_consumes_1_never_scheduled to None, run_after=None
[2024-02-25T12:54:16.691+0000] {logging_mixin.py:150} INFO - [2024-02-25T12:54:16.691+0000] {dag.py:3508} INFO - Setting next_dagrun for dataset_consumes_unknown_never_scheduled to None, run_after=None
[2024-02-25T12:54:16.695+0000] {logging_mixin.py:150} INFO - [2024-02-25T12:54:16.695+0000] {dag.py:3508} INFO - Setting next_dagrun for dataset_produces_1 to 2024-02-24T00:00:00+00:00, run_after=2024-02-25T00:00:00+00:00
[2024-02-25T12:54:16.697+0000] {logging_mixin.py:150} INFO - [2024-02-25T12:54:16.697+0000] {dag.py:3508} INFO - Setting next_dagrun for dataset_produces_2 to None, run_after=None
[2024-02-25T12:54:16.747+0000] {processor.py:179} INFO - Processing /home/airflow/.local/lib/python3.7/site-packages/airflow/example_dags/example_datasets.py took 0.171 seconds
[2024-02-25T12:54:47.160+0000] {processor.py:157} INFO - Started process (PID=5792) to work on /home/airflow/.local/lib/python3.7/site-packages/airflow/example_dags/example_datasets.py
[2024-02-25T12:54:47.161+0000] {processor.py:826} INFO - Processing file /home/airflow/.local/lib/python3.7/site-packages/airflow/example_dags/example_datasets.py for tasks to queue
[2024-02-25T12:54:47.163+0000] {logging_mixin.py:150} INFO - [2024-02-25T12:54:47.162+0000] {dagbag.py:541} INFO - Filling up the DagBag from /home/airflow/.local/lib/python3.7/site-packages/airflow/example_dags/example_datasets.py
[2024-02-25T12:54:47.181+0000] {processor.py:836} INFO - DAG(s) dict_keys(['dataset_consumes_1', 'dataset_consumes_1_and_2', 'dataset_produces_2', 'dataset_consumes_unknown_never_scheduled', 'dataset_produces_1', 'dataset_consumes_1_never_scheduled']) retrieved from /home/airflow/.local/lib/python3.7/site-packages/airflow/example_dags/example_datasets.py
[2024-02-25T12:54:47.242+0000] {logging_mixin.py:150} INFO - [2024-02-25T12:54:47.241+0000] {dag.py:2742} INFO - Sync 6 DAGs
[2024-02-25T12:54:47.279+0000] {logging_mixin.py:150} INFO - [2024-02-25T12:54:47.278+0000] {dag.py:3508} INFO - Setting next_dagrun for dataset_consumes_1 to None, run_after=None
[2024-02-25T12:54:47.285+0000] {logging_mixin.py:150} INFO - [2024-02-25T12:54:47.284+0000] {dag.py:3508} INFO - Setting next_dagrun for dataset_consumes_1_and_2 to None, run_after=None
[2024-02-25T12:54:47.286+0000] {logging_mixin.py:150} INFO - [2024-02-25T12:54:47.286+0000] {dag.py:3508} INFO - Setting next_dagrun for dataset_consumes_1_never_scheduled to None, run_after=None
[2024-02-25T12:54:47.288+0000] {logging_mixin.py:150} INFO - [2024-02-25T12:54:47.287+0000] {dag.py:3508} INFO - Setting next_dagrun for dataset_consumes_unknown_never_scheduled to None, run_after=None
[2024-02-25T12:54:47.292+0000] {logging_mixin.py:150} INFO - [2024-02-25T12:54:47.292+0000] {dag.py:3508} INFO - Setting next_dagrun for dataset_produces_1 to 2024-02-24T00:00:00+00:00, run_after=2024-02-25T00:00:00+00:00
[2024-02-25T12:54:47.295+0000] {logging_mixin.py:150} INFO - [2024-02-25T12:54:47.295+0000] {dag.py:3508} INFO - Setting next_dagrun for dataset_produces_2 to None, run_after=None
[2024-02-25T12:54:47.352+0000] {processor.py:179} INFO - Processing /home/airflow/.local/lib/python3.7/site-packages/airflow/example_dags/example_datasets.py took 0.199 seconds
[2024-02-25T12:55:17.741+0000] {processor.py:157} INFO - Started process (PID=6032) to work on /home/airflow/.local/lib/python3.7/site-packages/airflow/example_dags/example_datasets.py
[2024-02-25T12:55:17.742+0000] {processor.py:826} INFO - Processing file /home/airflow/.local/lib/python3.7/site-packages/airflow/example_dags/example_datasets.py for tasks to queue
[2024-02-25T12:55:17.743+0000] {logging_mixin.py:150} INFO - [2024-02-25T12:55:17.743+0000] {dagbag.py:541} INFO - Filling up the DagBag from /home/airflow/.local/lib/python3.7/site-packages/airflow/example_dags/example_datasets.py
[2024-02-25T12:55:17.754+0000] {processor.py:836} INFO - DAG(s) dict_keys(['dataset_consumes_1_never_scheduled', 'dataset_consumes_1', 'dataset_produces_1', 'dataset_consumes_unknown_never_scheduled', 'dataset_produces_2', 'dataset_consumes_1_and_2']) retrieved from /home/airflow/.local/lib/python3.7/site-packages/airflow/example_dags/example_datasets.py
[2024-02-25T12:55:17.799+0000] {logging_mixin.py:150} INFO - [2024-02-25T12:55:17.799+0000] {dag.py:2742} INFO - Sync 6 DAGs
[2024-02-25T12:55:17.832+0000] {logging_mixin.py:150} INFO - [2024-02-25T12:55:17.832+0000] {dag.py:3508} INFO - Setting next_dagrun for dataset_consumes_1 to None, run_after=None
[2024-02-25T12:55:17.839+0000] {logging_mixin.py:150} INFO - [2024-02-25T12:55:17.839+0000] {dag.py:3508} INFO - Setting next_dagrun for dataset_consumes_1_and_2 to None, run_after=None
[2024-02-25T12:55:17.842+0000] {logging_mixin.py:150} INFO - [2024-02-25T12:55:17.841+0000] {dag.py:3508} INFO - Setting next_dagrun for dataset_consumes_1_never_scheduled to None, run_after=None
[2024-02-25T12:55:17.843+0000] {logging_mixin.py:150} INFO - [2024-02-25T12:55:17.843+0000] {dag.py:3508} INFO - Setting next_dagrun for dataset_consumes_unknown_never_scheduled to None, run_after=None
[2024-02-25T12:55:17.846+0000] {logging_mixin.py:150} INFO - [2024-02-25T12:55:17.846+0000] {dag.py:3508} INFO - Setting next_dagrun for dataset_produces_1 to 2024-02-24T00:00:00+00:00, run_after=2024-02-25T00:00:00+00:00
[2024-02-25T12:55:17.848+0000] {logging_mixin.py:150} INFO - [2024-02-25T12:55:17.847+0000] {dag.py:3508} INFO - Setting next_dagrun for dataset_produces_2 to None, run_after=None
[2024-02-25T12:55:17.881+0000] {processor.py:179} INFO - Processing /home/airflow/.local/lib/python3.7/site-packages/airflow/example_dags/example_datasets.py took 0.144 seconds
[2024-02-25T12:55:48.558+0000] {processor.py:157} INFO - Started process (PID=6273) to work on /home/airflow/.local/lib/python3.7/site-packages/airflow/example_dags/example_datasets.py
[2024-02-25T12:55:48.559+0000] {processor.py:826} INFO - Processing file /home/airflow/.local/lib/python3.7/site-packages/airflow/example_dags/example_datasets.py for tasks to queue
[2024-02-25T12:55:48.560+0000] {logging_mixin.py:150} INFO - [2024-02-25T12:55:48.560+0000] {dagbag.py:541} INFO - Filling up the DagBag from /home/airflow/.local/lib/python3.7/site-packages/airflow/example_dags/example_datasets.py
[2024-02-25T12:55:48.571+0000] {processor.py:836} INFO - DAG(s) dict_keys(['dataset_produces_1', 'dataset_consumes_1', 'dataset_produces_2', 'dataset_consumes_unknown_never_scheduled', 'dataset_consumes_1_and_2', 'dataset_consumes_1_never_scheduled']) retrieved from /home/airflow/.local/lib/python3.7/site-packages/airflow/example_dags/example_datasets.py
[2024-02-25T12:55:48.628+0000] {logging_mixin.py:150} INFO - [2024-02-25T12:55:48.628+0000] {dag.py:2742} INFO - Sync 6 DAGs
[2024-02-25T12:55:48.668+0000] {logging_mixin.py:150} INFO - [2024-02-25T12:55:48.668+0000] {dag.py:3508} INFO - Setting next_dagrun for dataset_consumes_1 to None, run_after=None
[2024-02-25T12:55:48.673+0000] {logging_mixin.py:150} INFO - [2024-02-25T12:55:48.673+0000] {dag.py:3508} INFO - Setting next_dagrun for dataset_consumes_1_and_2 to None, run_after=None
[2024-02-25T12:55:48.675+0000] {logging_mixin.py:150} INFO - [2024-02-25T12:55:48.674+0000] {dag.py:3508} INFO - Setting next_dagrun for dataset_consumes_1_never_scheduled to None, run_after=None
[2024-02-25T12:55:48.676+0000] {logging_mixin.py:150} INFO - [2024-02-25T12:55:48.676+0000] {dag.py:3508} INFO - Setting next_dagrun for dataset_consumes_unknown_never_scheduled to None, run_after=None
[2024-02-25T12:55:48.682+0000] {logging_mixin.py:150} INFO - [2024-02-25T12:55:48.682+0000] {dag.py:3508} INFO - Setting next_dagrun for dataset_produces_1 to 2024-02-24T00:00:00+00:00, run_after=2024-02-25T00:00:00+00:00
[2024-02-25T12:55:48.684+0000] {logging_mixin.py:150} INFO - [2024-02-25T12:55:48.684+0000] {dag.py:3508} INFO - Setting next_dagrun for dataset_produces_2 to None, run_after=None
[2024-02-25T12:55:48.738+0000] {processor.py:179} INFO - Processing /home/airflow/.local/lib/python3.7/site-packages/airflow/example_dags/example_datasets.py took 0.184 seconds
[2024-02-25T12:56:18.879+0000] {processor.py:157} INFO - Started process (PID=6516) to work on /home/airflow/.local/lib/python3.7/site-packages/airflow/example_dags/example_datasets.py
[2024-02-25T12:56:18.880+0000] {processor.py:826} INFO - Processing file /home/airflow/.local/lib/python3.7/site-packages/airflow/example_dags/example_datasets.py for tasks to queue
[2024-02-25T12:56:18.881+0000] {logging_mixin.py:150} INFO - [2024-02-25T12:56:18.881+0000] {dagbag.py:541} INFO - Filling up the DagBag from /home/airflow/.local/lib/python3.7/site-packages/airflow/example_dags/example_datasets.py
[2024-02-25T12:56:18.890+0000] {processor.py:836} INFO - DAG(s) dict_keys(['dataset_consumes_unknown_never_scheduled', 'dataset_produces_2', 'dataset_consumes_1_and_2', 'dataset_produces_1', 'dataset_consumes_1_never_scheduled', 'dataset_consumes_1']) retrieved from /home/airflow/.local/lib/python3.7/site-packages/airflow/example_dags/example_datasets.py
[2024-02-25T12:56:18.934+0000] {logging_mixin.py:150} INFO - [2024-02-25T12:56:18.934+0000] {dag.py:2742} INFO - Sync 6 DAGs
[2024-02-25T12:56:18.962+0000] {logging_mixin.py:150} INFO - [2024-02-25T12:56:18.962+0000] {dag.py:3508} INFO - Setting next_dagrun for dataset_consumes_1 to None, run_after=None
[2024-02-25T12:56:18.966+0000] {logging_mixin.py:150} INFO - [2024-02-25T12:56:18.966+0000] {dag.py:3508} INFO - Setting next_dagrun for dataset_consumes_1_and_2 to None, run_after=None
[2024-02-25T12:56:18.967+0000] {logging_mixin.py:150} INFO - [2024-02-25T12:56:18.967+0000] {dag.py:3508} INFO - Setting next_dagrun for dataset_consumes_1_never_scheduled to None, run_after=None
[2024-02-25T12:56:18.968+0000] {logging_mixin.py:150} INFO - [2024-02-25T12:56:18.968+0000] {dag.py:3508} INFO - Setting next_dagrun for dataset_consumes_unknown_never_scheduled to None, run_after=None
[2024-02-25T12:56:18.971+0000] {logging_mixin.py:150} INFO - [2024-02-25T12:56:18.971+0000] {dag.py:3508} INFO - Setting next_dagrun for dataset_produces_1 to 2024-02-24T00:00:00+00:00, run_after=2024-02-25T00:00:00+00:00
[2024-02-25T12:56:18.973+0000] {logging_mixin.py:150} INFO - [2024-02-25T12:56:18.972+0000] {dag.py:3508} INFO - Setting next_dagrun for dataset_produces_2 to None, run_after=None
[2024-02-25T12:56:19.013+0000] {processor.py:179} INFO - Processing /home/airflow/.local/lib/python3.7/site-packages/airflow/example_dags/example_datasets.py took 0.138 seconds
[2024-02-25T12:56:49.077+0000] {processor.py:157} INFO - Started process (PID=6755) to work on /home/airflow/.local/lib/python3.7/site-packages/airflow/example_dags/example_datasets.py
[2024-02-25T12:56:49.078+0000] {processor.py:826} INFO - Processing file /home/airflow/.local/lib/python3.7/site-packages/airflow/example_dags/example_datasets.py for tasks to queue
[2024-02-25T12:56:49.079+0000] {logging_mixin.py:150} INFO - [2024-02-25T12:56:49.079+0000] {dagbag.py:541} INFO - Filling up the DagBag from /home/airflow/.local/lib/python3.7/site-packages/airflow/example_dags/example_datasets.py
[2024-02-25T12:56:49.092+0000] {processor.py:836} INFO - DAG(s) dict_keys(['dataset_consumes_unknown_never_scheduled', 'dataset_consumes_1_and_2', 'dataset_consumes_1_never_scheduled', 'dataset_consumes_1', 'dataset_produces_1', 'dataset_produces_2']) retrieved from /home/airflow/.local/lib/python3.7/site-packages/airflow/example_dags/example_datasets.py
[2024-02-25T12:56:49.132+0000] {logging_mixin.py:150} INFO - [2024-02-25T12:56:49.132+0000] {dag.py:2742} INFO - Sync 6 DAGs
[2024-02-25T12:56:49.167+0000] {logging_mixin.py:150} INFO - [2024-02-25T12:56:49.167+0000] {dag.py:3508} INFO - Setting next_dagrun for dataset_consumes_1 to None, run_after=None
[2024-02-25T12:56:49.172+0000] {logging_mixin.py:150} INFO - [2024-02-25T12:56:49.172+0000] {dag.py:3508} INFO - Setting next_dagrun for dataset_consumes_1_and_2 to None, run_after=None
[2024-02-25T12:56:49.173+0000] {logging_mixin.py:150} INFO - [2024-02-25T12:56:49.173+0000] {dag.py:3508} INFO - Setting next_dagrun for dataset_consumes_1_never_scheduled to None, run_after=None
[2024-02-25T12:56:49.174+0000] {logging_mixin.py:150} INFO - [2024-02-25T12:56:49.174+0000] {dag.py:3508} INFO - Setting next_dagrun for dataset_consumes_unknown_never_scheduled to None, run_after=None
[2024-02-25T12:56:49.177+0000] {logging_mixin.py:150} INFO - [2024-02-25T12:56:49.177+0000] {dag.py:3508} INFO - Setting next_dagrun for dataset_produces_1 to 2024-02-24T00:00:00+00:00, run_after=2024-02-25T00:00:00+00:00
[2024-02-25T12:56:49.180+0000] {logging_mixin.py:150} INFO - [2024-02-25T12:56:49.179+0000] {dag.py:3508} INFO - Setting next_dagrun for dataset_produces_2 to None, run_after=None
[2024-02-25T12:56:49.217+0000] {processor.py:179} INFO - Processing /home/airflow/.local/lib/python3.7/site-packages/airflow/example_dags/example_datasets.py took 0.146 seconds
