[2024-02-25T12:43:00.284+0000] {processor.py:157} INFO - Started process (PID=206) to work on /home/airflow/.local/lib/python3.7/site-packages/airflow/example_dags/example_task_group_decorator.py
[2024-02-25T12:43:00.285+0000] {processor.py:826} INFO - Processing file /home/airflow/.local/lib/python3.7/site-packages/airflow/example_dags/example_task_group_decorator.py for tasks to queue
[2024-02-25T12:43:00.286+0000] {logging_mixin.py:150} INFO - [2024-02-25T12:43:00.286+0000] {dagbag.py:541} INFO - Filling up the DagBag from /home/airflow/.local/lib/python3.7/site-packages/airflow/example_dags/example_task_group_decorator.py
[2024-02-25T12:43:00.305+0000] {processor.py:836} INFO - DAG(s) dict_keys(['example_task_group_decorator']) retrieved from /home/airflow/.local/lib/python3.7/site-packages/airflow/example_dags/example_task_group_decorator.py
[2024-02-25T12:43:00.319+0000] {logging_mixin.py:150} INFO - [2024-02-25T12:43:00.318+0000] {dag.py:2742} INFO - Sync 1 DAGs
[2024-02-25T12:43:00.387+0000] {logging_mixin.py:150} INFO - [2024-02-25T12:43:00.387+0000] {dag.py:3508} INFO - Setting next_dagrun for example_task_group_decorator to 2024-02-24T12:43:00.387002+00:00, run_after=2024-02-25T12:43:00.387002+00:00
[2024-02-25T12:43:00.430+0000] {processor.py:179} INFO - Processing /home/airflow/.local/lib/python3.7/site-packages/airflow/example_dags/example_task_group_decorator.py took 0.150 seconds
[2024-02-25T12:43:31.217+0000] {processor.py:157} INFO - Started process (PID=443) to work on /home/airflow/.local/lib/python3.7/site-packages/airflow/example_dags/example_task_group_decorator.py
[2024-02-25T12:43:31.218+0000] {processor.py:826} INFO - Processing file /home/airflow/.local/lib/python3.7/site-packages/airflow/example_dags/example_task_group_decorator.py for tasks to queue
[2024-02-25T12:43:31.219+0000] {logging_mixin.py:150} INFO - [2024-02-25T12:43:31.219+0000] {dagbag.py:541} INFO - Filling up the DagBag from /home/airflow/.local/lib/python3.7/site-packages/airflow/example_dags/example_task_group_decorator.py
[2024-02-25T12:43:31.252+0000] {processor.py:836} INFO - DAG(s) dict_keys(['example_task_group_decorator']) retrieved from /home/airflow/.local/lib/python3.7/site-packages/airflow/example_dags/example_task_group_decorator.py
[2024-02-25T12:43:31.352+0000] {logging_mixin.py:150} INFO - [2024-02-25T12:43:31.352+0000] {dag.py:2742} INFO - Sync 1 DAGs
[2024-02-25T12:43:31.412+0000] {logging_mixin.py:150} INFO - [2024-02-25T12:43:31.412+0000] {dag.py:3508} INFO - Setting next_dagrun for example_task_group_decorator to 2024-02-24T12:43:31.412167+00:00, run_after=2024-02-25T12:43:31.412167+00:00
[2024-02-25T12:43:31.468+0000] {processor.py:179} INFO - Processing /home/airflow/.local/lib/python3.7/site-packages/airflow/example_dags/example_task_group_decorator.py took 0.256 seconds
[2024-02-25T12:44:01.609+0000] {processor.py:157} INFO - Started process (PID=688) to work on /home/airflow/.local/lib/python3.7/site-packages/airflow/example_dags/example_task_group_decorator.py
[2024-02-25T12:44:01.613+0000] {processor.py:826} INFO - Processing file /home/airflow/.local/lib/python3.7/site-packages/airflow/example_dags/example_task_group_decorator.py for tasks to queue
[2024-02-25T12:44:01.615+0000] {logging_mixin.py:150} INFO - [2024-02-25T12:44:01.614+0000] {dagbag.py:541} INFO - Filling up the DagBag from /home/airflow/.local/lib/python3.7/site-packages/airflow/example_dags/example_task_group_decorator.py
[2024-02-25T12:44:01.649+0000] {processor.py:836} INFO - DAG(s) dict_keys(['example_task_group_decorator']) retrieved from /home/airflow/.local/lib/python3.7/site-packages/airflow/example_dags/example_task_group_decorator.py
[2024-02-25T12:44:01.674+0000] {logging_mixin.py:150} INFO - [2024-02-25T12:44:01.673+0000] {dag.py:2742} INFO - Sync 1 DAGs
[2024-02-25T12:44:01.729+0000] {logging_mixin.py:150} INFO - [2024-02-25T12:44:01.729+0000] {dag.py:3508} INFO - Setting next_dagrun for example_task_group_decorator to 2024-02-24T12:44:01.729402+00:00, run_after=2024-02-25T12:44:01.729402+00:00
[2024-02-25T12:44:01.762+0000] {processor.py:179} INFO - Processing /home/airflow/.local/lib/python3.7/site-packages/airflow/example_dags/example_task_group_decorator.py took 0.158 seconds
[2024-02-25T12:44:32.195+0000] {processor.py:157} INFO - Started process (PID=936) to work on /home/airflow/.local/lib/python3.7/site-packages/airflow/example_dags/example_task_group_decorator.py
[2024-02-25T12:44:32.196+0000] {processor.py:826} INFO - Processing file /home/airflow/.local/lib/python3.7/site-packages/airflow/example_dags/example_task_group_decorator.py for tasks to queue
[2024-02-25T12:44:32.197+0000] {logging_mixin.py:150} INFO - [2024-02-25T12:44:32.197+0000] {dagbag.py:541} INFO - Filling up the DagBag from /home/airflow/.local/lib/python3.7/site-packages/airflow/example_dags/example_task_group_decorator.py
[2024-02-25T12:44:32.215+0000] {processor.py:836} INFO - DAG(s) dict_keys(['example_task_group_decorator']) retrieved from /home/airflow/.local/lib/python3.7/site-packages/airflow/example_dags/example_task_group_decorator.py
[2024-02-25T12:44:32.258+0000] {logging_mixin.py:150} INFO - [2024-02-25T12:44:32.258+0000] {dag.py:2742} INFO - Sync 1 DAGs
[2024-02-25T12:44:32.294+0000] {logging_mixin.py:150} INFO - [2024-02-25T12:44:32.293+0000] {dag.py:3508} INFO - Setting next_dagrun for example_task_group_decorator to 2024-02-24T12:44:32.293720+00:00, run_after=2024-02-25T12:44:32.293720+00:00
[2024-02-25T12:44:32.323+0000] {processor.py:179} INFO - Processing /home/airflow/.local/lib/python3.7/site-packages/airflow/example_dags/example_task_group_decorator.py took 0.132 seconds
[2024-02-25T12:45:03.044+0000] {processor.py:157} INFO - Started process (PID=1165) to work on /home/airflow/.local/lib/python3.7/site-packages/airflow/example_dags/example_task_group_decorator.py
[2024-02-25T12:45:03.047+0000] {processor.py:826} INFO - Processing file /home/airflow/.local/lib/python3.7/site-packages/airflow/example_dags/example_task_group_decorator.py for tasks to queue
[2024-02-25T12:45:03.048+0000] {logging_mixin.py:150} INFO - [2024-02-25T12:45:03.048+0000] {dagbag.py:541} INFO - Filling up the DagBag from /home/airflow/.local/lib/python3.7/site-packages/airflow/example_dags/example_task_group_decorator.py
[2024-02-25T12:45:03.083+0000] {processor.py:836} INFO - DAG(s) dict_keys(['example_task_group_decorator']) retrieved from /home/airflow/.local/lib/python3.7/site-packages/airflow/example_dags/example_task_group_decorator.py
[2024-02-25T12:45:03.141+0000] {logging_mixin.py:150} INFO - [2024-02-25T12:45:03.141+0000] {dag.py:2742} INFO - Sync 1 DAGs
[2024-02-25T12:45:03.205+0000] {logging_mixin.py:150} INFO - [2024-02-25T12:45:03.205+0000] {dag.py:3508} INFO - Setting next_dagrun for example_task_group_decorator to 2024-02-24T12:45:03.204760+00:00, run_after=2024-02-25T12:45:03.204760+00:00
[2024-02-25T12:45:03.252+0000] {processor.py:179} INFO - Processing /home/airflow/.local/lib/python3.7/site-packages/airflow/example_dags/example_task_group_decorator.py took 0.213 seconds
[2024-02-25T12:45:33.660+0000] {processor.py:157} INFO - Started process (PID=1415) to work on /home/airflow/.local/lib/python3.7/site-packages/airflow/example_dags/example_task_group_decorator.py
[2024-02-25T12:45:33.661+0000] {processor.py:826} INFO - Processing file /home/airflow/.local/lib/python3.7/site-packages/airflow/example_dags/example_task_group_decorator.py for tasks to queue
[2024-02-25T12:45:33.661+0000] {logging_mixin.py:150} INFO - [2024-02-25T12:45:33.661+0000] {dagbag.py:541} INFO - Filling up the DagBag from /home/airflow/.local/lib/python3.7/site-packages/airflow/example_dags/example_task_group_decorator.py
[2024-02-25T12:45:33.680+0000] {processor.py:836} INFO - DAG(s) dict_keys(['example_task_group_decorator']) retrieved from /home/airflow/.local/lib/python3.7/site-packages/airflow/example_dags/example_task_group_decorator.py
[2024-02-25T12:45:33.712+0000] {logging_mixin.py:150} INFO - [2024-02-25T12:45:33.712+0000] {dag.py:2742} INFO - Sync 1 DAGs
[2024-02-25T12:45:33.744+0000] {logging_mixin.py:150} INFO - [2024-02-25T12:45:33.743+0000] {dag.py:3508} INFO - Setting next_dagrun for example_task_group_decorator to 2024-02-24T12:45:33.743669+00:00, run_after=2024-02-25T12:45:33.743669+00:00
[2024-02-25T12:45:33.773+0000] {processor.py:179} INFO - Processing /home/airflow/.local/lib/python3.7/site-packages/airflow/example_dags/example_task_group_decorator.py took 0.117 seconds
[2024-02-25T12:46:04.328+0000] {processor.py:157} INFO - Started process (PID=1656) to work on /home/airflow/.local/lib/python3.7/site-packages/airflow/example_dags/example_task_group_decorator.py
[2024-02-25T12:46:04.329+0000] {processor.py:826} INFO - Processing file /home/airflow/.local/lib/python3.7/site-packages/airflow/example_dags/example_task_group_decorator.py for tasks to queue
[2024-02-25T12:46:04.330+0000] {logging_mixin.py:150} INFO - [2024-02-25T12:46:04.330+0000] {dagbag.py:541} INFO - Filling up the DagBag from /home/airflow/.local/lib/python3.7/site-packages/airflow/example_dags/example_task_group_decorator.py
[2024-02-25T12:46:04.353+0000] {processor.py:836} INFO - DAG(s) dict_keys(['example_task_group_decorator']) retrieved from /home/airflow/.local/lib/python3.7/site-packages/airflow/example_dags/example_task_group_decorator.py
[2024-02-25T12:46:04.405+0000] {logging_mixin.py:150} INFO - [2024-02-25T12:46:04.405+0000] {dag.py:2742} INFO - Sync 1 DAGs
[2024-02-25T12:46:04.453+0000] {logging_mixin.py:150} INFO - [2024-02-25T12:46:04.453+0000] {dag.py:3508} INFO - Setting next_dagrun for example_task_group_decorator to 2024-02-24T12:46:04.453373+00:00, run_after=2024-02-25T12:46:04.453373+00:00
[2024-02-25T12:46:04.484+0000] {processor.py:179} INFO - Processing /home/airflow/.local/lib/python3.7/site-packages/airflow/example_dags/example_task_group_decorator.py took 0.160 seconds
[2024-02-25T12:46:34.895+0000] {processor.py:157} INFO - Started process (PID=1905) to work on /home/airflow/.local/lib/python3.7/site-packages/airflow/example_dags/example_task_group_decorator.py
[2024-02-25T12:46:34.896+0000] {processor.py:826} INFO - Processing file /home/airflow/.local/lib/python3.7/site-packages/airflow/example_dags/example_task_group_decorator.py for tasks to queue
[2024-02-25T12:46:34.897+0000] {logging_mixin.py:150} INFO - [2024-02-25T12:46:34.897+0000] {dagbag.py:541} INFO - Filling up the DagBag from /home/airflow/.local/lib/python3.7/site-packages/airflow/example_dags/example_task_group_decorator.py
[2024-02-25T12:46:34.931+0000] {processor.py:836} INFO - DAG(s) dict_keys(['example_task_group_decorator']) retrieved from /home/airflow/.local/lib/python3.7/site-packages/airflow/example_dags/example_task_group_decorator.py
[2024-02-25T12:46:34.996+0000] {logging_mixin.py:150} INFO - [2024-02-25T12:46:34.996+0000] {dag.py:2742} INFO - Sync 1 DAGs
[2024-02-25T12:46:35.047+0000] {logging_mixin.py:150} INFO - [2024-02-25T12:46:35.047+0000] {dag.py:3508} INFO - Setting next_dagrun for example_task_group_decorator to 2024-02-24T12:46:35.047064+00:00, run_after=2024-02-25T12:46:35.047064+00:00
[2024-02-25T12:46:35.091+0000] {processor.py:179} INFO - Processing /home/airflow/.local/lib/python3.7/site-packages/airflow/example_dags/example_task_group_decorator.py took 0.201 seconds
[2024-02-25T12:47:05.633+0000] {processor.py:157} INFO - Started process (PID=2136) to work on /home/airflow/.local/lib/python3.7/site-packages/airflow/example_dags/example_task_group_decorator.py
[2024-02-25T12:47:05.636+0000] {processor.py:826} INFO - Processing file /home/airflow/.local/lib/python3.7/site-packages/airflow/example_dags/example_task_group_decorator.py for tasks to queue
[2024-02-25T12:47:05.637+0000] {logging_mixin.py:150} INFO - [2024-02-25T12:47:05.636+0000] {dagbag.py:541} INFO - Filling up the DagBag from /home/airflow/.local/lib/python3.7/site-packages/airflow/example_dags/example_task_group_decorator.py
[2024-02-25T12:47:05.664+0000] {processor.py:836} INFO - DAG(s) dict_keys(['example_task_group_decorator']) retrieved from /home/airflow/.local/lib/python3.7/site-packages/airflow/example_dags/example_task_group_decorator.py
[2024-02-25T12:47:05.705+0000] {logging_mixin.py:150} INFO - [2024-02-25T12:47:05.705+0000] {dag.py:2742} INFO - Sync 1 DAGs
[2024-02-25T12:47:05.746+0000] {logging_mixin.py:150} INFO - [2024-02-25T12:47:05.746+0000] {dag.py:3508} INFO - Setting next_dagrun for example_task_group_decorator to 2024-02-24T12:47:05.746091+00:00, run_after=2024-02-25T12:47:05.746091+00:00
[2024-02-25T12:47:05.786+0000] {processor.py:179} INFO - Processing /home/airflow/.local/lib/python3.7/site-packages/airflow/example_dags/example_task_group_decorator.py took 0.157 seconds
[2024-02-25T12:47:36.701+0000] {processor.py:157} INFO - Started process (PID=2377) to work on /home/airflow/.local/lib/python3.7/site-packages/airflow/example_dags/example_task_group_decorator.py
[2024-02-25T12:47:36.701+0000] {processor.py:826} INFO - Processing file /home/airflow/.local/lib/python3.7/site-packages/airflow/example_dags/example_task_group_decorator.py for tasks to queue
[2024-02-25T12:47:36.702+0000] {logging_mixin.py:150} INFO - [2024-02-25T12:47:36.702+0000] {dagbag.py:541} INFO - Filling up the DagBag from /home/airflow/.local/lib/python3.7/site-packages/airflow/example_dags/example_task_group_decorator.py
[2024-02-25T12:47:36.724+0000] {processor.py:836} INFO - DAG(s) dict_keys(['example_task_group_decorator']) retrieved from /home/airflow/.local/lib/python3.7/site-packages/airflow/example_dags/example_task_group_decorator.py
[2024-02-25T12:47:36.759+0000] {logging_mixin.py:150} INFO - [2024-02-25T12:47:36.758+0000] {dag.py:2742} INFO - Sync 1 DAGs
[2024-02-25T12:47:36.790+0000] {logging_mixin.py:150} INFO - [2024-02-25T12:47:36.790+0000] {dag.py:3508} INFO - Setting next_dagrun for example_task_group_decorator to 2024-02-24T12:47:36.789894+00:00, run_after=2024-02-25T12:47:36.789894+00:00
[2024-02-25T12:47:36.817+0000] {processor.py:179} INFO - Processing /home/airflow/.local/lib/python3.7/site-packages/airflow/example_dags/example_task_group_decorator.py took 0.120 seconds
[2024-02-25T12:48:07.204+0000] {processor.py:157} INFO - Started process (PID=2620) to work on /home/airflow/.local/lib/python3.7/site-packages/airflow/example_dags/example_task_group_decorator.py
[2024-02-25T12:48:07.205+0000] {processor.py:826} INFO - Processing file /home/airflow/.local/lib/python3.7/site-packages/airflow/example_dags/example_task_group_decorator.py for tasks to queue
[2024-02-25T12:48:07.206+0000] {logging_mixin.py:150} INFO - [2024-02-25T12:48:07.206+0000] {dagbag.py:541} INFO - Filling up the DagBag from /home/airflow/.local/lib/python3.7/site-packages/airflow/example_dags/example_task_group_decorator.py
[2024-02-25T12:48:07.235+0000] {processor.py:836} INFO - DAG(s) dict_keys(['example_task_group_decorator']) retrieved from /home/airflow/.local/lib/python3.7/site-packages/airflow/example_dags/example_task_group_decorator.py
[2024-02-25T12:48:07.272+0000] {logging_mixin.py:150} INFO - [2024-02-25T12:48:07.272+0000] {dag.py:2742} INFO - Sync 1 DAGs
[2024-02-25T12:48:07.310+0000] {logging_mixin.py:150} INFO - [2024-02-25T12:48:07.310+0000] {dag.py:3508} INFO - Setting next_dagrun for example_task_group_decorator to 2024-02-24T12:48:07.310428+00:00, run_after=2024-02-25T12:48:07.310428+00:00
[2024-02-25T12:48:07.340+0000] {processor.py:179} INFO - Processing /home/airflow/.local/lib/python3.7/site-packages/airflow/example_dags/example_task_group_decorator.py took 0.140 seconds
[2024-02-25T12:48:37.731+0000] {processor.py:157} INFO - Started process (PID=2860) to work on /home/airflow/.local/lib/python3.7/site-packages/airflow/example_dags/example_task_group_decorator.py
[2024-02-25T12:48:37.732+0000] {processor.py:826} INFO - Processing file /home/airflow/.local/lib/python3.7/site-packages/airflow/example_dags/example_task_group_decorator.py for tasks to queue
[2024-02-25T12:48:37.733+0000] {logging_mixin.py:150} INFO - [2024-02-25T12:48:37.733+0000] {dagbag.py:541} INFO - Filling up the DagBag from /home/airflow/.local/lib/python3.7/site-packages/airflow/example_dags/example_task_group_decorator.py
[2024-02-25T12:48:37.754+0000] {processor.py:836} INFO - DAG(s) dict_keys(['example_task_group_decorator']) retrieved from /home/airflow/.local/lib/python3.7/site-packages/airflow/example_dags/example_task_group_decorator.py
[2024-02-25T12:48:37.791+0000] {logging_mixin.py:150} INFO - [2024-02-25T12:48:37.791+0000] {dag.py:2742} INFO - Sync 1 DAGs
[2024-02-25T12:48:37.826+0000] {logging_mixin.py:150} INFO - [2024-02-25T12:48:37.825+0000] {dag.py:3508} INFO - Setting next_dagrun for example_task_group_decorator to 2024-02-24T12:48:37.825638+00:00, run_after=2024-02-25T12:48:37.825638+00:00
[2024-02-25T12:48:37.856+0000] {processor.py:179} INFO - Processing /home/airflow/.local/lib/python3.7/site-packages/airflow/example_dags/example_task_group_decorator.py took 0.128 seconds
[2024-02-25T12:49:08.493+0000] {processor.py:157} INFO - Started process (PID=3103) to work on /home/airflow/.local/lib/python3.7/site-packages/airflow/example_dags/example_task_group_decorator.py
[2024-02-25T12:49:08.494+0000] {processor.py:826} INFO - Processing file /home/airflow/.local/lib/python3.7/site-packages/airflow/example_dags/example_task_group_decorator.py for tasks to queue
[2024-02-25T12:49:08.496+0000] {logging_mixin.py:150} INFO - [2024-02-25T12:49:08.495+0000] {dagbag.py:541} INFO - Filling up the DagBag from /home/airflow/.local/lib/python3.7/site-packages/airflow/example_dags/example_task_group_decorator.py
[2024-02-25T12:49:08.529+0000] {processor.py:836} INFO - DAG(s) dict_keys(['example_task_group_decorator']) retrieved from /home/airflow/.local/lib/python3.7/site-packages/airflow/example_dags/example_task_group_decorator.py
[2024-02-25T12:49:08.589+0000] {logging_mixin.py:150} INFO - [2024-02-25T12:49:08.588+0000] {dag.py:2742} INFO - Sync 1 DAGs
[2024-02-25T12:49:08.637+0000] {logging_mixin.py:150} INFO - [2024-02-25T12:49:08.637+0000] {dag.py:3508} INFO - Setting next_dagrun for example_task_group_decorator to 2024-02-24T12:49:08.636683+00:00, run_after=2024-02-25T12:49:08.636683+00:00
[2024-02-25T12:49:08.665+0000] {processor.py:179} INFO - Processing /home/airflow/.local/lib/python3.7/site-packages/airflow/example_dags/example_task_group_decorator.py took 0.178 seconds
[2024-02-25T12:49:39.061+0000] {processor.py:157} INFO - Started process (PID=3342) to work on /home/airflow/.local/lib/python3.7/site-packages/airflow/example_dags/example_task_group_decorator.py
[2024-02-25T12:49:39.062+0000] {processor.py:826} INFO - Processing file /home/airflow/.local/lib/python3.7/site-packages/airflow/example_dags/example_task_group_decorator.py for tasks to queue
[2024-02-25T12:49:39.063+0000] {logging_mixin.py:150} INFO - [2024-02-25T12:49:39.063+0000] {dagbag.py:541} INFO - Filling up the DagBag from /home/airflow/.local/lib/python3.7/site-packages/airflow/example_dags/example_task_group_decorator.py
[2024-02-25T12:49:39.080+0000] {processor.py:836} INFO - DAG(s) dict_keys(['example_task_group_decorator']) retrieved from /home/airflow/.local/lib/python3.7/site-packages/airflow/example_dags/example_task_group_decorator.py
[2024-02-25T12:49:39.125+0000] {logging_mixin.py:150} INFO - [2024-02-25T12:49:39.125+0000] {dag.py:2742} INFO - Sync 1 DAGs
[2024-02-25T12:49:39.196+0000] {logging_mixin.py:150} INFO - [2024-02-25T12:49:39.196+0000] {dag.py:3508} INFO - Setting next_dagrun for example_task_group_decorator to 2024-02-24T12:49:39.195959+00:00, run_after=2024-02-25T12:49:39.195959+00:00
[2024-02-25T12:49:39.231+0000] {processor.py:179} INFO - Processing /home/airflow/.local/lib/python3.7/site-packages/airflow/example_dags/example_task_group_decorator.py took 0.174 seconds
[2024-02-25T12:50:09.358+0000] {processor.py:157} INFO - Started process (PID=3585) to work on /home/airflow/.local/lib/python3.7/site-packages/airflow/example_dags/example_task_group_decorator.py
[2024-02-25T12:50:09.359+0000] {processor.py:826} INFO - Processing file /home/airflow/.local/lib/python3.7/site-packages/airflow/example_dags/example_task_group_decorator.py for tasks to queue
[2024-02-25T12:50:09.360+0000] {logging_mixin.py:150} INFO - [2024-02-25T12:50:09.360+0000] {dagbag.py:541} INFO - Filling up the DagBag from /home/airflow/.local/lib/python3.7/site-packages/airflow/example_dags/example_task_group_decorator.py
[2024-02-25T12:50:09.382+0000] {processor.py:836} INFO - DAG(s) dict_keys(['example_task_group_decorator']) retrieved from /home/airflow/.local/lib/python3.7/site-packages/airflow/example_dags/example_task_group_decorator.py
[2024-02-25T12:50:09.421+0000] {logging_mixin.py:150} INFO - [2024-02-25T12:50:09.421+0000] {dag.py:2742} INFO - Sync 1 DAGs
[2024-02-25T12:50:09.460+0000] {logging_mixin.py:150} INFO - [2024-02-25T12:50:09.460+0000] {dag.py:3508} INFO - Setting next_dagrun for example_task_group_decorator to 2024-02-24T12:50:09.460585+00:00, run_after=2024-02-25T12:50:09.460585+00:00
[2024-02-25T12:50:09.486+0000] {processor.py:179} INFO - Processing /home/airflow/.local/lib/python3.7/site-packages/airflow/example_dags/example_task_group_decorator.py took 0.133 seconds
[2024-02-25T12:50:39.960+0000] {processor.py:157} INFO - Started process (PID=3824) to work on /home/airflow/.local/lib/python3.7/site-packages/airflow/example_dags/example_task_group_decorator.py
[2024-02-25T12:50:39.960+0000] {processor.py:826} INFO - Processing file /home/airflow/.local/lib/python3.7/site-packages/airflow/example_dags/example_task_group_decorator.py for tasks to queue
[2024-02-25T12:50:39.961+0000] {logging_mixin.py:150} INFO - [2024-02-25T12:50:39.961+0000] {dagbag.py:541} INFO - Filling up the DagBag from /home/airflow/.local/lib/python3.7/site-packages/airflow/example_dags/example_task_group_decorator.py
[2024-02-25T12:50:39.982+0000] {processor.py:836} INFO - DAG(s) dict_keys(['example_task_group_decorator']) retrieved from /home/airflow/.local/lib/python3.7/site-packages/airflow/example_dags/example_task_group_decorator.py
[2024-02-25T12:50:40.012+0000] {logging_mixin.py:150} INFO - [2024-02-25T12:50:40.012+0000] {dag.py:2742} INFO - Sync 1 DAGs
[2024-02-25T12:50:40.044+0000] {logging_mixin.py:150} INFO - [2024-02-25T12:50:40.044+0000] {dag.py:3508} INFO - Setting next_dagrun for example_task_group_decorator to 2024-02-24T12:50:40.043996+00:00, run_after=2024-02-25T12:50:40.043996+00:00
[2024-02-25T12:50:40.079+0000] {processor.py:179} INFO - Processing /home/airflow/.local/lib/python3.7/site-packages/airflow/example_dags/example_task_group_decorator.py took 0.124 seconds
[2024-02-25T12:51:10.436+0000] {processor.py:157} INFO - Started process (PID=4067) to work on /home/airflow/.local/lib/python3.7/site-packages/airflow/example_dags/example_task_group_decorator.py
[2024-02-25T12:51:10.437+0000] {processor.py:826} INFO - Processing file /home/airflow/.local/lib/python3.7/site-packages/airflow/example_dags/example_task_group_decorator.py for tasks to queue
[2024-02-25T12:51:10.438+0000] {logging_mixin.py:150} INFO - [2024-02-25T12:51:10.438+0000] {dagbag.py:541} INFO - Filling up the DagBag from /home/airflow/.local/lib/python3.7/site-packages/airflow/example_dags/example_task_group_decorator.py
[2024-02-25T12:51:10.460+0000] {processor.py:836} INFO - DAG(s) dict_keys(['example_task_group_decorator']) retrieved from /home/airflow/.local/lib/python3.7/site-packages/airflow/example_dags/example_task_group_decorator.py
[2024-02-25T12:51:10.500+0000] {logging_mixin.py:150} INFO - [2024-02-25T12:51:10.499+0000] {dag.py:2742} INFO - Sync 1 DAGs
[2024-02-25T12:51:10.538+0000] {logging_mixin.py:150} INFO - [2024-02-25T12:51:10.537+0000] {dag.py:3508} INFO - Setting next_dagrun for example_task_group_decorator to 2024-02-24T12:51:10.537717+00:00, run_after=2024-02-25T12:51:10.537717+00:00
[2024-02-25T12:51:10.569+0000] {processor.py:179} INFO - Processing /home/airflow/.local/lib/python3.7/site-packages/airflow/example_dags/example_task_group_decorator.py took 0.137 seconds
[2024-02-25T12:51:41.169+0000] {processor.py:157} INFO - Started process (PID=4308) to work on /home/airflow/.local/lib/python3.7/site-packages/airflow/example_dags/example_task_group_decorator.py
[2024-02-25T12:51:41.170+0000] {processor.py:826} INFO - Processing file /home/airflow/.local/lib/python3.7/site-packages/airflow/example_dags/example_task_group_decorator.py for tasks to queue
[2024-02-25T12:51:41.171+0000] {logging_mixin.py:150} INFO - [2024-02-25T12:51:41.171+0000] {dagbag.py:541} INFO - Filling up the DagBag from /home/airflow/.local/lib/python3.7/site-packages/airflow/example_dags/example_task_group_decorator.py
[2024-02-25T12:51:41.191+0000] {processor.py:836} INFO - DAG(s) dict_keys(['example_task_group_decorator']) retrieved from /home/airflow/.local/lib/python3.7/site-packages/airflow/example_dags/example_task_group_decorator.py
[2024-02-25T12:51:41.235+0000] {logging_mixin.py:150} INFO - [2024-02-25T12:51:41.235+0000] {dag.py:2742} INFO - Sync 1 DAGs
[2024-02-25T12:51:41.274+0000] {logging_mixin.py:150} INFO - [2024-02-25T12:51:41.274+0000] {dag.py:3508} INFO - Setting next_dagrun for example_task_group_decorator to 2024-02-24T12:51:41.274292+00:00, run_after=2024-02-25T12:51:41.274292+00:00
[2024-02-25T12:51:41.298+0000] {processor.py:179} INFO - Processing /home/airflow/.local/lib/python3.7/site-packages/airflow/example_dags/example_task_group_decorator.py took 0.133 seconds
[2024-02-25T12:52:11.864+0000] {processor.py:157} INFO - Started process (PID=4549) to work on /home/airflow/.local/lib/python3.7/site-packages/airflow/example_dags/example_task_group_decorator.py
[2024-02-25T12:52:11.865+0000] {processor.py:826} INFO - Processing file /home/airflow/.local/lib/python3.7/site-packages/airflow/example_dags/example_task_group_decorator.py for tasks to queue
[2024-02-25T12:52:11.865+0000] {logging_mixin.py:150} INFO - [2024-02-25T12:52:11.865+0000] {dagbag.py:541} INFO - Filling up the DagBag from /home/airflow/.local/lib/python3.7/site-packages/airflow/example_dags/example_task_group_decorator.py
[2024-02-25T12:52:11.886+0000] {processor.py:836} INFO - DAG(s) dict_keys(['example_task_group_decorator']) retrieved from /home/airflow/.local/lib/python3.7/site-packages/airflow/example_dags/example_task_group_decorator.py
[2024-02-25T12:52:11.923+0000] {logging_mixin.py:150} INFO - [2024-02-25T12:52:11.923+0000] {dag.py:2742} INFO - Sync 1 DAGs
[2024-02-25T12:52:11.963+0000] {logging_mixin.py:150} INFO - [2024-02-25T12:52:11.963+0000] {dag.py:3508} INFO - Setting next_dagrun for example_task_group_decorator to 2024-02-24T12:52:11.963144+00:00, run_after=2024-02-25T12:52:11.963144+00:00
[2024-02-25T12:52:11.991+0000] {processor.py:179} INFO - Processing /home/airflow/.local/lib/python3.7/site-packages/airflow/example_dags/example_task_group_decorator.py took 0.132 seconds
[2024-02-25T12:52:42.231+0000] {processor.py:157} INFO - Started process (PID=4795) to work on /home/airflow/.local/lib/python3.7/site-packages/airflow/example_dags/example_task_group_decorator.py
[2024-02-25T12:52:42.232+0000] {processor.py:826} INFO - Processing file /home/airflow/.local/lib/python3.7/site-packages/airflow/example_dags/example_task_group_decorator.py for tasks to queue
[2024-02-25T12:52:42.233+0000] {logging_mixin.py:150} INFO - [2024-02-25T12:52:42.233+0000] {dagbag.py:541} INFO - Filling up the DagBag from /home/airflow/.local/lib/python3.7/site-packages/airflow/example_dags/example_task_group_decorator.py
[2024-02-25T12:52:42.254+0000] {processor.py:836} INFO - DAG(s) dict_keys(['example_task_group_decorator']) retrieved from /home/airflow/.local/lib/python3.7/site-packages/airflow/example_dags/example_task_group_decorator.py
[2024-02-25T12:52:42.294+0000] {logging_mixin.py:150} INFO - [2024-02-25T12:52:42.294+0000] {dag.py:2742} INFO - Sync 1 DAGs
[2024-02-25T12:52:42.330+0000] {logging_mixin.py:150} INFO - [2024-02-25T12:52:42.330+0000] {dag.py:3508} INFO - Setting next_dagrun for example_task_group_decorator to 2024-02-24T12:52:42.330202+00:00, run_after=2024-02-25T12:52:42.330202+00:00
[2024-02-25T12:52:42.353+0000] {processor.py:179} INFO - Processing /home/airflow/.local/lib/python3.7/site-packages/airflow/example_dags/example_task_group_decorator.py took 0.127 seconds
[2024-02-25T12:53:12.392+0000] {processor.py:157} INFO - Started process (PID=5036) to work on /home/airflow/.local/lib/python3.7/site-packages/airflow/example_dags/example_task_group_decorator.py
[2024-02-25T12:53:12.393+0000] {processor.py:826} INFO - Processing file /home/airflow/.local/lib/python3.7/site-packages/airflow/example_dags/example_task_group_decorator.py for tasks to queue
[2024-02-25T12:53:12.394+0000] {logging_mixin.py:150} INFO - [2024-02-25T12:53:12.394+0000] {dagbag.py:541} INFO - Filling up the DagBag from /home/airflow/.local/lib/python3.7/site-packages/airflow/example_dags/example_task_group_decorator.py
[2024-02-25T12:53:12.412+0000] {processor.py:836} INFO - DAG(s) dict_keys(['example_task_group_decorator']) retrieved from /home/airflow/.local/lib/python3.7/site-packages/airflow/example_dags/example_task_group_decorator.py
[2024-02-25T12:53:12.443+0000] {logging_mixin.py:150} INFO - [2024-02-25T12:53:12.443+0000] {dag.py:2742} INFO - Sync 1 DAGs
[2024-02-25T12:53:12.471+0000] {logging_mixin.py:150} INFO - [2024-02-25T12:53:12.471+0000] {dag.py:3508} INFO - Setting next_dagrun for example_task_group_decorator to 2024-02-24T12:53:12.471231+00:00, run_after=2024-02-25T12:53:12.471231+00:00
[2024-02-25T12:53:12.496+0000] {processor.py:179} INFO - Processing /home/airflow/.local/lib/python3.7/site-packages/airflow/example_dags/example_task_group_decorator.py took 0.108 seconds
[2024-02-25T12:53:43.451+0000] {processor.py:157} INFO - Started process (PID=5270) to work on /home/airflow/.local/lib/python3.7/site-packages/airflow/example_dags/example_task_group_decorator.py
[2024-02-25T12:53:43.452+0000] {processor.py:826} INFO - Processing file /home/airflow/.local/lib/python3.7/site-packages/airflow/example_dags/example_task_group_decorator.py for tasks to queue
[2024-02-25T12:53:43.452+0000] {logging_mixin.py:150} INFO - [2024-02-25T12:53:43.452+0000] {dagbag.py:541} INFO - Filling up the DagBag from /home/airflow/.local/lib/python3.7/site-packages/airflow/example_dags/example_task_group_decorator.py
[2024-02-25T12:53:43.473+0000] {processor.py:836} INFO - DAG(s) dict_keys(['example_task_group_decorator']) retrieved from /home/airflow/.local/lib/python3.7/site-packages/airflow/example_dags/example_task_group_decorator.py
[2024-02-25T12:53:43.503+0000] {logging_mixin.py:150} INFO - [2024-02-25T12:53:43.502+0000] {dag.py:2742} INFO - Sync 1 DAGs
[2024-02-25T12:53:43.535+0000] {logging_mixin.py:150} INFO - [2024-02-25T12:53:43.535+0000] {dag.py:3508} INFO - Setting next_dagrun for example_task_group_decorator to 2024-02-24T12:53:43.535284+00:00, run_after=2024-02-25T12:53:43.535284+00:00
[2024-02-25T12:53:43.571+0000] {processor.py:179} INFO - Processing /home/airflow/.local/lib/python3.7/site-packages/airflow/example_dags/example_task_group_decorator.py took 0.125 seconds
[2024-02-25T12:54:14.120+0000] {processor.py:157} INFO - Started process (PID=5511) to work on /home/airflow/.local/lib/python3.7/site-packages/airflow/example_dags/example_task_group_decorator.py
[2024-02-25T12:54:14.121+0000] {processor.py:826} INFO - Processing file /home/airflow/.local/lib/python3.7/site-packages/airflow/example_dags/example_task_group_decorator.py for tasks to queue
[2024-02-25T12:54:14.122+0000] {logging_mixin.py:150} INFO - [2024-02-25T12:54:14.121+0000] {dagbag.py:541} INFO - Filling up the DagBag from /home/airflow/.local/lib/python3.7/site-packages/airflow/example_dags/example_task_group_decorator.py
[2024-02-25T12:54:14.141+0000] {processor.py:836} INFO - DAG(s) dict_keys(['example_task_group_decorator']) retrieved from /home/airflow/.local/lib/python3.7/site-packages/airflow/example_dags/example_task_group_decorator.py
[2024-02-25T12:54:14.170+0000] {logging_mixin.py:150} INFO - [2024-02-25T12:54:14.170+0000] {dag.py:2742} INFO - Sync 1 DAGs
[2024-02-25T12:54:14.198+0000] {logging_mixin.py:150} INFO - [2024-02-25T12:54:14.197+0000] {dag.py:3508} INFO - Setting next_dagrun for example_task_group_decorator to 2024-02-24T12:54:14.197683+00:00, run_after=2024-02-25T12:54:14.197683+00:00
[2024-02-25T12:54:14.226+0000] {processor.py:179} INFO - Processing /home/airflow/.local/lib/python3.7/site-packages/airflow/example_dags/example_task_group_decorator.py took 0.111 seconds
[2024-02-25T12:54:44.705+0000] {processor.py:157} INFO - Started process (PID=5752) to work on /home/airflow/.local/lib/python3.7/site-packages/airflow/example_dags/example_task_group_decorator.py
[2024-02-25T12:54:44.705+0000] {processor.py:826} INFO - Processing file /home/airflow/.local/lib/python3.7/site-packages/airflow/example_dags/example_task_group_decorator.py for tasks to queue
[2024-02-25T12:54:44.706+0000] {logging_mixin.py:150} INFO - [2024-02-25T12:54:44.706+0000] {dagbag.py:541} INFO - Filling up the DagBag from /home/airflow/.local/lib/python3.7/site-packages/airflow/example_dags/example_task_group_decorator.py
[2024-02-25T12:54:44.725+0000] {processor.py:836} INFO - DAG(s) dict_keys(['example_task_group_decorator']) retrieved from /home/airflow/.local/lib/python3.7/site-packages/airflow/example_dags/example_task_group_decorator.py
[2024-02-25T12:54:44.757+0000] {logging_mixin.py:150} INFO - [2024-02-25T12:54:44.756+0000] {dag.py:2742} INFO - Sync 1 DAGs
[2024-02-25T12:54:44.790+0000] {logging_mixin.py:150} INFO - [2024-02-25T12:54:44.789+0000] {dag.py:3508} INFO - Setting next_dagrun for example_task_group_decorator to 2024-02-24T12:54:44.789634+00:00, run_after=2024-02-25T12:54:44.789634+00:00
[2024-02-25T12:54:44.822+0000] {processor.py:179} INFO - Processing /home/airflow/.local/lib/python3.7/site-packages/airflow/example_dags/example_task_group_decorator.py took 0.121 seconds
[2024-02-25T12:55:15.352+0000] {processor.py:157} INFO - Started process (PID=5992) to work on /home/airflow/.local/lib/python3.7/site-packages/airflow/example_dags/example_task_group_decorator.py
[2024-02-25T12:55:15.353+0000] {processor.py:826} INFO - Processing file /home/airflow/.local/lib/python3.7/site-packages/airflow/example_dags/example_task_group_decorator.py for tasks to queue
[2024-02-25T12:55:15.354+0000] {logging_mixin.py:150} INFO - [2024-02-25T12:55:15.354+0000] {dagbag.py:541} INFO - Filling up the DagBag from /home/airflow/.local/lib/python3.7/site-packages/airflow/example_dags/example_task_group_decorator.py
[2024-02-25T12:55:15.374+0000] {processor.py:836} INFO - DAG(s) dict_keys(['example_task_group_decorator']) retrieved from /home/airflow/.local/lib/python3.7/site-packages/airflow/example_dags/example_task_group_decorator.py
[2024-02-25T12:55:15.410+0000] {logging_mixin.py:150} INFO - [2024-02-25T12:55:15.410+0000] {dag.py:2742} INFO - Sync 1 DAGs
[2024-02-25T12:55:15.442+0000] {logging_mixin.py:150} INFO - [2024-02-25T12:55:15.442+0000] {dag.py:3508} INFO - Setting next_dagrun for example_task_group_decorator to 2024-02-24T12:55:15.441992+00:00, run_after=2024-02-25T12:55:15.441992+00:00
[2024-02-25T12:55:15.471+0000] {processor.py:179} INFO - Processing /home/airflow/.local/lib/python3.7/site-packages/airflow/example_dags/example_task_group_decorator.py took 0.123 seconds
[2024-02-25T12:55:46.184+0000] {processor.py:157} INFO - Started process (PID=6235) to work on /home/airflow/.local/lib/python3.7/site-packages/airflow/example_dags/example_task_group_decorator.py
[2024-02-25T12:55:46.186+0000] {processor.py:826} INFO - Processing file /home/airflow/.local/lib/python3.7/site-packages/airflow/example_dags/example_task_group_decorator.py for tasks to queue
[2024-02-25T12:55:46.187+0000] {logging_mixin.py:150} INFO - [2024-02-25T12:55:46.186+0000] {dagbag.py:541} INFO - Filling up the DagBag from /home/airflow/.local/lib/python3.7/site-packages/airflow/example_dags/example_task_group_decorator.py
[2024-02-25T12:55:46.214+0000] {processor.py:836} INFO - DAG(s) dict_keys(['example_task_group_decorator']) retrieved from /home/airflow/.local/lib/python3.7/site-packages/airflow/example_dags/example_task_group_decorator.py
[2024-02-25T12:55:46.247+0000] {logging_mixin.py:150} INFO - [2024-02-25T12:55:46.246+0000] {dag.py:2742} INFO - Sync 1 DAGs
[2024-02-25T12:55:46.278+0000] {logging_mixin.py:150} INFO - [2024-02-25T12:55:46.277+0000] {dag.py:3508} INFO - Setting next_dagrun for example_task_group_decorator to 2024-02-24T12:55:46.277760+00:00, run_after=2024-02-25T12:55:46.277760+00:00
[2024-02-25T12:55:46.301+0000] {processor.py:179} INFO - Processing /home/airflow/.local/lib/python3.7/site-packages/airflow/example_dags/example_task_group_decorator.py took 0.121 seconds
[2024-02-25T12:56:16.385+0000] {processor.py:157} INFO - Started process (PID=6481) to work on /home/airflow/.local/lib/python3.7/site-packages/airflow/example_dags/example_task_group_decorator.py
[2024-02-25T12:56:16.386+0000] {processor.py:826} INFO - Processing file /home/airflow/.local/lib/python3.7/site-packages/airflow/example_dags/example_task_group_decorator.py for tasks to queue
[2024-02-25T12:56:16.387+0000] {logging_mixin.py:150} INFO - [2024-02-25T12:56:16.387+0000] {dagbag.py:541} INFO - Filling up the DagBag from /home/airflow/.local/lib/python3.7/site-packages/airflow/example_dags/example_task_group_decorator.py
[2024-02-25T12:56:16.414+0000] {processor.py:836} INFO - DAG(s) dict_keys(['example_task_group_decorator']) retrieved from /home/airflow/.local/lib/python3.7/site-packages/airflow/example_dags/example_task_group_decorator.py
[2024-02-25T12:56:16.445+0000] {logging_mixin.py:150} INFO - [2024-02-25T12:56:16.445+0000] {dag.py:2742} INFO - Sync 1 DAGs
[2024-02-25T12:56:16.473+0000] {logging_mixin.py:150} INFO - [2024-02-25T12:56:16.472+0000] {dag.py:3508} INFO - Setting next_dagrun for example_task_group_decorator to 2024-02-24T12:56:16.472623+00:00, run_after=2024-02-25T12:56:16.472623+00:00
[2024-02-25T12:56:16.497+0000] {processor.py:179} INFO - Processing /home/airflow/.local/lib/python3.7/site-packages/airflow/example_dags/example_task_group_decorator.py took 0.116 seconds
[2024-02-25T12:56:46.635+0000] {processor.py:157} INFO - Started process (PID=6722) to work on /home/airflow/.local/lib/python3.7/site-packages/airflow/example_dags/example_task_group_decorator.py
[2024-02-25T12:56:46.636+0000] {processor.py:826} INFO - Processing file /home/airflow/.local/lib/python3.7/site-packages/airflow/example_dags/example_task_group_decorator.py for tasks to queue
[2024-02-25T12:56:46.637+0000] {logging_mixin.py:150} INFO - [2024-02-25T12:56:46.636+0000] {dagbag.py:541} INFO - Filling up the DagBag from /home/airflow/.local/lib/python3.7/site-packages/airflow/example_dags/example_task_group_decorator.py
[2024-02-25T12:56:46.663+0000] {processor.py:836} INFO - DAG(s) dict_keys(['example_task_group_decorator']) retrieved from /home/airflow/.local/lib/python3.7/site-packages/airflow/example_dags/example_task_group_decorator.py
[2024-02-25T12:56:46.692+0000] {logging_mixin.py:150} INFO - [2024-02-25T12:56:46.692+0000] {dag.py:2742} INFO - Sync 1 DAGs
[2024-02-25T12:56:46.720+0000] {logging_mixin.py:150} INFO - [2024-02-25T12:56:46.720+0000] {dag.py:3508} INFO - Setting next_dagrun for example_task_group_decorator to 2024-02-24T12:56:46.720055+00:00, run_after=2024-02-25T12:56:46.720055+00:00
[2024-02-25T12:56:46.745+0000] {processor.py:179} INFO - Processing /home/airflow/.local/lib/python3.7/site-packages/airflow/example_dags/example_task_group_decorator.py took 0.114 seconds
