[2024-02-25T12:42:58.825+0000] {processor.py:157} INFO - Started process (PID=162) to work on /home/airflow/.local/lib/python3.7/site-packages/airflow/example_dags/example_params_ui_tutorial.py
[2024-02-25T12:42:58.826+0000] {processor.py:826} INFO - Processing file /home/airflow/.local/lib/python3.7/site-packages/airflow/example_dags/example_params_ui_tutorial.py for tasks to queue
[2024-02-25T12:42:58.827+0000] {logging_mixin.py:150} INFO - [2024-02-25T12:42:58.827+0000] {dagbag.py:541} INFO - Filling up the DagBag from /home/airflow/.local/lib/python3.7/site-packages/airflow/example_dags/example_params_ui_tutorial.py
[2024-02-25T12:42:59.065+0000] {processor.py:836} INFO - DAG(s) dict_keys(['example_params_ui_tutorial']) retrieved from /home/airflow/.local/lib/python3.7/site-packages/airflow/example_dags/example_params_ui_tutorial.py
[2024-02-25T12:42:59.093+0000] {logging_mixin.py:150} INFO - [2024-02-25T12:42:59.093+0000] {dag.py:2742} INFO - Sync 1 DAGs
[2024-02-25T12:42:59.128+0000] {logging_mixin.py:150} INFO - [2024-02-25T12:42:59.128+0000] {dag.py:3508} INFO - Setting next_dagrun for example_params_ui_tutorial to None, run_after=None
[2024-02-25T12:42:59.159+0000] {processor.py:179} INFO - Processing /home/airflow/.local/lib/python3.7/site-packages/airflow/example_dags/example_params_ui_tutorial.py took 0.340 seconds
[2024-02-25T12:43:29.565+0000] {processor.py:157} INFO - Started process (PID=403) to work on /home/airflow/.local/lib/python3.7/site-packages/airflow/example_dags/example_params_ui_tutorial.py
[2024-02-25T12:43:29.566+0000] {processor.py:826} INFO - Processing file /home/airflow/.local/lib/python3.7/site-packages/airflow/example_dags/example_params_ui_tutorial.py for tasks to queue
[2024-02-25T12:43:29.568+0000] {logging_mixin.py:150} INFO - [2024-02-25T12:43:29.567+0000] {dagbag.py:541} INFO - Filling up the DagBag from /home/airflow/.local/lib/python3.7/site-packages/airflow/example_dags/example_params_ui_tutorial.py
[2024-02-25T12:43:29.645+0000] {processor.py:836} INFO - DAG(s) dict_keys(['example_params_ui_tutorial']) retrieved from /home/airflow/.local/lib/python3.7/site-packages/airflow/example_dags/example_params_ui_tutorial.py
[2024-02-25T12:43:29.729+0000] {logging_mixin.py:150} INFO - [2024-02-25T12:43:29.729+0000] {dag.py:2742} INFO - Sync 1 DAGs
[2024-02-25T12:43:29.758+0000] {logging_mixin.py:150} INFO - [2024-02-25T12:43:29.758+0000] {dag.py:3508} INFO - Setting next_dagrun for example_params_ui_tutorial to None, run_after=None
[2024-02-25T12:43:29.781+0000] {processor.py:179} INFO - Processing /home/airflow/.local/lib/python3.7/site-packages/airflow/example_dags/example_params_ui_tutorial.py took 0.222 seconds
[2024-02-25T12:43:59.867+0000] {processor.py:157} INFO - Started process (PID=645) to work on /home/airflow/.local/lib/python3.7/site-packages/airflow/example_dags/example_params_ui_tutorial.py
[2024-02-25T12:43:59.869+0000] {processor.py:826} INFO - Processing file /home/airflow/.local/lib/python3.7/site-packages/airflow/example_dags/example_params_ui_tutorial.py for tasks to queue
[2024-02-25T12:43:59.871+0000] {logging_mixin.py:150} INFO - [2024-02-25T12:43:59.870+0000] {dagbag.py:541} INFO - Filling up the DagBag from /home/airflow/.local/lib/python3.7/site-packages/airflow/example_dags/example_params_ui_tutorial.py
[2024-02-25T12:43:59.964+0000] {processor.py:836} INFO - DAG(s) dict_keys(['example_params_ui_tutorial']) retrieved from /home/airflow/.local/lib/python3.7/site-packages/airflow/example_dags/example_params_ui_tutorial.py
[2024-02-25T12:43:59.986+0000] {logging_mixin.py:150} INFO - [2024-02-25T12:43:59.986+0000] {dag.py:2742} INFO - Sync 1 DAGs
[2024-02-25T12:44:00.040+0000] {logging_mixin.py:150} INFO - [2024-02-25T12:44:00.040+0000] {dag.py:3508} INFO - Setting next_dagrun for example_params_ui_tutorial to None, run_after=None
[2024-02-25T12:44:00.080+0000] {processor.py:179} INFO - Processing /home/airflow/.local/lib/python3.7/site-packages/airflow/example_dags/example_params_ui_tutorial.py took 0.218 seconds
[2024-02-25T12:44:30.264+0000] {processor.py:157} INFO - Started process (PID=886) to work on /home/airflow/.local/lib/python3.7/site-packages/airflow/example_dags/example_params_ui_tutorial.py
[2024-02-25T12:44:30.267+0000] {processor.py:826} INFO - Processing file /home/airflow/.local/lib/python3.7/site-packages/airflow/example_dags/example_params_ui_tutorial.py for tasks to queue
[2024-02-25T12:44:30.269+0000] {logging_mixin.py:150} INFO - [2024-02-25T12:44:30.269+0000] {dagbag.py:541} INFO - Filling up the DagBag from /home/airflow/.local/lib/python3.7/site-packages/airflow/example_dags/example_params_ui_tutorial.py
[2024-02-25T12:44:30.344+0000] {processor.py:836} INFO - DAG(s) dict_keys(['example_params_ui_tutorial']) retrieved from /home/airflow/.local/lib/python3.7/site-packages/airflow/example_dags/example_params_ui_tutorial.py
[2024-02-25T12:44:30.465+0000] {logging_mixin.py:150} INFO - [2024-02-25T12:44:30.464+0000] {dag.py:2742} INFO - Sync 1 DAGs
[2024-02-25T12:44:30.513+0000] {logging_mixin.py:150} INFO - [2024-02-25T12:44:30.513+0000] {dag.py:3508} INFO - Setting next_dagrun for example_params_ui_tutorial to None, run_after=None
[2024-02-25T12:44:30.546+0000] {processor.py:179} INFO - Processing /home/airflow/.local/lib/python3.7/site-packages/airflow/example_dags/example_params_ui_tutorial.py took 0.300 seconds
[2024-02-25T12:45:01.070+0000] {processor.py:157} INFO - Started process (PID=1127) to work on /home/airflow/.local/lib/python3.7/site-packages/airflow/example_dags/example_params_ui_tutorial.py
[2024-02-25T12:45:01.071+0000] {processor.py:826} INFO - Processing file /home/airflow/.local/lib/python3.7/site-packages/airflow/example_dags/example_params_ui_tutorial.py for tasks to queue
[2024-02-25T12:45:01.074+0000] {logging_mixin.py:150} INFO - [2024-02-25T12:45:01.073+0000] {dagbag.py:541} INFO - Filling up the DagBag from /home/airflow/.local/lib/python3.7/site-packages/airflow/example_dags/example_params_ui_tutorial.py
[2024-02-25T12:45:01.169+0000] {processor.py:836} INFO - DAG(s) dict_keys(['example_params_ui_tutorial']) retrieved from /home/airflow/.local/lib/python3.7/site-packages/airflow/example_dags/example_params_ui_tutorial.py
[2024-02-25T12:45:01.318+0000] {logging_mixin.py:150} INFO - [2024-02-25T12:45:01.318+0000] {dag.py:2742} INFO - Sync 1 DAGs
[2024-02-25T12:45:01.403+0000] {logging_mixin.py:150} INFO - [2024-02-25T12:45:01.402+0000] {dag.py:3508} INFO - Setting next_dagrun for example_params_ui_tutorial to None, run_after=None
[2024-02-25T12:45:01.473+0000] {processor.py:179} INFO - Processing /home/airflow/.local/lib/python3.7/site-packages/airflow/example_dags/example_params_ui_tutorial.py took 0.411 seconds
[2024-02-25T12:45:31.718+0000] {processor.py:157} INFO - Started process (PID=1375) to work on /home/airflow/.local/lib/python3.7/site-packages/airflow/example_dags/example_params_ui_tutorial.py
[2024-02-25T12:45:31.720+0000] {processor.py:826} INFO - Processing file /home/airflow/.local/lib/python3.7/site-packages/airflow/example_dags/example_params_ui_tutorial.py for tasks to queue
[2024-02-25T12:45:31.721+0000] {logging_mixin.py:150} INFO - [2024-02-25T12:45:31.721+0000] {dagbag.py:541} INFO - Filling up the DagBag from /home/airflow/.local/lib/python3.7/site-packages/airflow/example_dags/example_params_ui_tutorial.py
[2024-02-25T12:45:31.802+0000] {processor.py:836} INFO - DAG(s) dict_keys(['example_params_ui_tutorial']) retrieved from /home/airflow/.local/lib/python3.7/site-packages/airflow/example_dags/example_params_ui_tutorial.py
[2024-02-25T12:45:31.941+0000] {logging_mixin.py:150} INFO - [2024-02-25T12:45:31.940+0000] {dag.py:2742} INFO - Sync 1 DAGs
[2024-02-25T12:45:31.979+0000] {logging_mixin.py:150} INFO - [2024-02-25T12:45:31.979+0000] {dag.py:3508} INFO - Setting next_dagrun for example_params_ui_tutorial to None, run_after=None
[2024-02-25T12:45:32.012+0000] {processor.py:179} INFO - Processing /home/airflow/.local/lib/python3.7/site-packages/airflow/example_dags/example_params_ui_tutorial.py took 0.304 seconds
[2024-02-25T12:46:02.430+0000] {processor.py:157} INFO - Started process (PID=1616) to work on /home/airflow/.local/lib/python3.7/site-packages/airflow/example_dags/example_params_ui_tutorial.py
[2024-02-25T12:46:02.435+0000] {processor.py:826} INFO - Processing file /home/airflow/.local/lib/python3.7/site-packages/airflow/example_dags/example_params_ui_tutorial.py for tasks to queue
[2024-02-25T12:46:02.440+0000] {logging_mixin.py:150} INFO - [2024-02-25T12:46:02.438+0000] {dagbag.py:541} INFO - Filling up the DagBag from /home/airflow/.local/lib/python3.7/site-packages/airflow/example_dags/example_params_ui_tutorial.py
[2024-02-25T12:46:02.531+0000] {processor.py:836} INFO - DAG(s) dict_keys(['example_params_ui_tutorial']) retrieved from /home/airflow/.local/lib/python3.7/site-packages/airflow/example_dags/example_params_ui_tutorial.py
[2024-02-25T12:46:02.633+0000] {logging_mixin.py:150} INFO - [2024-02-25T12:46:02.633+0000] {dag.py:2742} INFO - Sync 1 DAGs
[2024-02-25T12:46:02.676+0000] {logging_mixin.py:150} INFO - [2024-02-25T12:46:02.676+0000] {dag.py:3508} INFO - Setting next_dagrun for example_params_ui_tutorial to None, run_after=None
[2024-02-25T12:46:02.710+0000] {processor.py:179} INFO - Processing /home/airflow/.local/lib/python3.7/site-packages/airflow/example_dags/example_params_ui_tutorial.py took 0.300 seconds
[2024-02-25T12:46:32.835+0000] {processor.py:157} INFO - Started process (PID=1857) to work on /home/airflow/.local/lib/python3.7/site-packages/airflow/example_dags/example_params_ui_tutorial.py
[2024-02-25T12:46:32.837+0000] {processor.py:826} INFO - Processing file /home/airflow/.local/lib/python3.7/site-packages/airflow/example_dags/example_params_ui_tutorial.py for tasks to queue
[2024-02-25T12:46:32.838+0000] {logging_mixin.py:150} INFO - [2024-02-25T12:46:32.838+0000] {dagbag.py:541} INFO - Filling up the DagBag from /home/airflow/.local/lib/python3.7/site-packages/airflow/example_dags/example_params_ui_tutorial.py
[2024-02-25T12:46:32.936+0000] {processor.py:836} INFO - DAG(s) dict_keys(['example_params_ui_tutorial']) retrieved from /home/airflow/.local/lib/python3.7/site-packages/airflow/example_dags/example_params_ui_tutorial.py
[2024-02-25T12:46:33.100+0000] {logging_mixin.py:150} INFO - [2024-02-25T12:46:33.100+0000] {dag.py:2742} INFO - Sync 1 DAGs
[2024-02-25T12:46:33.182+0000] {logging_mixin.py:150} INFO - [2024-02-25T12:46:33.182+0000] {dag.py:3508} INFO - Setting next_dagrun for example_params_ui_tutorial to None, run_after=None
[2024-02-25T12:46:33.259+0000] {processor.py:179} INFO - Processing /home/airflow/.local/lib/python3.7/site-packages/airflow/example_dags/example_params_ui_tutorial.py took 0.431 seconds
[2024-02-25T12:47:03.548+0000] {processor.py:157} INFO - Started process (PID=2098) to work on /home/airflow/.local/lib/python3.7/site-packages/airflow/example_dags/example_params_ui_tutorial.py
[2024-02-25T12:47:03.552+0000] {processor.py:826} INFO - Processing file /home/airflow/.local/lib/python3.7/site-packages/airflow/example_dags/example_params_ui_tutorial.py for tasks to queue
[2024-02-25T12:47:03.554+0000] {logging_mixin.py:150} INFO - [2024-02-25T12:47:03.553+0000] {dagbag.py:541} INFO - Filling up the DagBag from /home/airflow/.local/lib/python3.7/site-packages/airflow/example_dags/example_params_ui_tutorial.py
[2024-02-25T12:47:03.674+0000] {processor.py:836} INFO - DAG(s) dict_keys(['example_params_ui_tutorial']) retrieved from /home/airflow/.local/lib/python3.7/site-packages/airflow/example_dags/example_params_ui_tutorial.py
[2024-02-25T12:47:03.849+0000] {logging_mixin.py:150} INFO - [2024-02-25T12:47:03.848+0000] {dag.py:2742} INFO - Sync 1 DAGs
[2024-02-25T12:47:03.914+0000] {logging_mixin.py:150} INFO - [2024-02-25T12:47:03.913+0000] {dag.py:3508} INFO - Setting next_dagrun for example_params_ui_tutorial to None, run_after=None
[2024-02-25T12:47:03.958+0000] {processor.py:179} INFO - Processing /home/airflow/.local/lib/python3.7/site-packages/airflow/example_dags/example_params_ui_tutorial.py took 0.417 seconds
[2024-02-25T12:47:34.026+0000] {processor.py:157} INFO - Started process (PID=2344) to work on /home/airflow/.local/lib/python3.7/site-packages/airflow/example_dags/example_params_ui_tutorial.py
[2024-02-25T12:47:34.027+0000] {processor.py:826} INFO - Processing file /home/airflow/.local/lib/python3.7/site-packages/airflow/example_dags/example_params_ui_tutorial.py for tasks to queue
[2024-02-25T12:47:34.028+0000] {logging_mixin.py:150} INFO - [2024-02-25T12:47:34.027+0000] {dagbag.py:541} INFO - Filling up the DagBag from /home/airflow/.local/lib/python3.7/site-packages/airflow/example_dags/example_params_ui_tutorial.py
[2024-02-25T12:47:34.068+0000] {processor.py:836} INFO - DAG(s) dict_keys(['example_params_ui_tutorial']) retrieved from /home/airflow/.local/lib/python3.7/site-packages/airflow/example_dags/example_params_ui_tutorial.py
[2024-02-25T12:47:34.136+0000] {logging_mixin.py:150} INFO - [2024-02-25T12:47:34.136+0000] {dag.py:2742} INFO - Sync 1 DAGs
[2024-02-25T12:47:34.161+0000] {logging_mixin.py:150} INFO - [2024-02-25T12:47:34.161+0000] {dag.py:3508} INFO - Setting next_dagrun for example_params_ui_tutorial to None, run_after=None
[2024-02-25T12:47:34.182+0000] {processor.py:179} INFO - Processing /home/airflow/.local/lib/python3.7/site-packages/airflow/example_dags/example_params_ui_tutorial.py took 0.160 seconds
[2024-02-25T12:48:04.420+0000] {processor.py:157} INFO - Started process (PID=2580) to work on /home/airflow/.local/lib/python3.7/site-packages/airflow/example_dags/example_params_ui_tutorial.py
[2024-02-25T12:48:04.422+0000] {processor.py:826} INFO - Processing file /home/airflow/.local/lib/python3.7/site-packages/airflow/example_dags/example_params_ui_tutorial.py for tasks to queue
[2024-02-25T12:48:04.423+0000] {logging_mixin.py:150} INFO - [2024-02-25T12:48:04.423+0000] {dagbag.py:541} INFO - Filling up the DagBag from /home/airflow/.local/lib/python3.7/site-packages/airflow/example_dags/example_params_ui_tutorial.py
[2024-02-25T12:48:04.475+0000] {processor.py:836} INFO - DAG(s) dict_keys(['example_params_ui_tutorial']) retrieved from /home/airflow/.local/lib/python3.7/site-packages/airflow/example_dags/example_params_ui_tutorial.py
[2024-02-25T12:48:04.571+0000] {logging_mixin.py:150} INFO - [2024-02-25T12:48:04.570+0000] {dag.py:2742} INFO - Sync 1 DAGs
[2024-02-25T12:48:04.609+0000] {logging_mixin.py:150} INFO - [2024-02-25T12:48:04.608+0000] {dag.py:3508} INFO - Setting next_dagrun for example_params_ui_tutorial to None, run_after=None
[2024-02-25T12:48:04.636+0000] {processor.py:179} INFO - Processing /home/airflow/.local/lib/python3.7/site-packages/airflow/example_dags/example_params_ui_tutorial.py took 0.225 seconds
[2024-02-25T12:48:34.939+0000] {processor.py:157} INFO - Started process (PID=2822) to work on /home/airflow/.local/lib/python3.7/site-packages/airflow/example_dags/example_params_ui_tutorial.py
[2024-02-25T12:48:34.943+0000] {processor.py:826} INFO - Processing file /home/airflow/.local/lib/python3.7/site-packages/airflow/example_dags/example_params_ui_tutorial.py for tasks to queue
[2024-02-25T12:48:34.949+0000] {logging_mixin.py:150} INFO - [2024-02-25T12:48:34.947+0000] {dagbag.py:541} INFO - Filling up the DagBag from /home/airflow/.local/lib/python3.7/site-packages/airflow/example_dags/example_params_ui_tutorial.py
[2024-02-25T12:48:35.054+0000] {processor.py:836} INFO - DAG(s) dict_keys(['example_params_ui_tutorial']) retrieved from /home/airflow/.local/lib/python3.7/site-packages/airflow/example_dags/example_params_ui_tutorial.py
[2024-02-25T12:48:35.170+0000] {logging_mixin.py:150} INFO - [2024-02-25T12:48:35.170+0000] {dag.py:2742} INFO - Sync 1 DAGs
[2024-02-25T12:48:35.206+0000] {logging_mixin.py:150} INFO - [2024-02-25T12:48:35.206+0000] {dag.py:3508} INFO - Setting next_dagrun for example_params_ui_tutorial to None, run_after=None
[2024-02-25T12:48:35.235+0000] {processor.py:179} INFO - Processing /home/airflow/.local/lib/python3.7/site-packages/airflow/example_dags/example_params_ui_tutorial.py took 0.313 seconds
[2024-02-25T12:49:05.719+0000] {processor.py:157} INFO - Started process (PID=3063) to work on /home/airflow/.local/lib/python3.7/site-packages/airflow/example_dags/example_params_ui_tutorial.py
[2024-02-25T12:49:05.722+0000] {processor.py:826} INFO - Processing file /home/airflow/.local/lib/python3.7/site-packages/airflow/example_dags/example_params_ui_tutorial.py for tasks to queue
[2024-02-25T12:49:05.724+0000] {logging_mixin.py:150} INFO - [2024-02-25T12:49:05.723+0000] {dagbag.py:541} INFO - Filling up the DagBag from /home/airflow/.local/lib/python3.7/site-packages/airflow/example_dags/example_params_ui_tutorial.py
[2024-02-25T12:49:05.784+0000] {processor.py:836} INFO - DAG(s) dict_keys(['example_params_ui_tutorial']) retrieved from /home/airflow/.local/lib/python3.7/site-packages/airflow/example_dags/example_params_ui_tutorial.py
[2024-02-25T12:49:05.891+0000] {logging_mixin.py:150} INFO - [2024-02-25T12:49:05.890+0000] {dag.py:2742} INFO - Sync 1 DAGs
[2024-02-25T12:49:05.924+0000] {logging_mixin.py:150} INFO - [2024-02-25T12:49:05.924+0000] {dag.py:3508} INFO - Setting next_dagrun for example_params_ui_tutorial to None, run_after=None
[2024-02-25T12:49:05.950+0000] {processor.py:179} INFO - Processing /home/airflow/.local/lib/python3.7/site-packages/airflow/example_dags/example_params_ui_tutorial.py took 0.240 seconds
[2024-02-25T12:49:36.402+0000] {processor.py:157} INFO - Started process (PID=3304) to work on /home/airflow/.local/lib/python3.7/site-packages/airflow/example_dags/example_params_ui_tutorial.py
[2024-02-25T12:49:36.403+0000] {processor.py:826} INFO - Processing file /home/airflow/.local/lib/python3.7/site-packages/airflow/example_dags/example_params_ui_tutorial.py for tasks to queue
[2024-02-25T12:49:36.404+0000] {logging_mixin.py:150} INFO - [2024-02-25T12:49:36.404+0000] {dagbag.py:541} INFO - Filling up the DagBag from /home/airflow/.local/lib/python3.7/site-packages/airflow/example_dags/example_params_ui_tutorial.py
[2024-02-25T12:49:36.458+0000] {processor.py:836} INFO - DAG(s) dict_keys(['example_params_ui_tutorial']) retrieved from /home/airflow/.local/lib/python3.7/site-packages/airflow/example_dags/example_params_ui_tutorial.py
[2024-02-25T12:49:36.547+0000] {logging_mixin.py:150} INFO - [2024-02-25T12:49:36.547+0000] {dag.py:2742} INFO - Sync 1 DAGs
[2024-02-25T12:49:36.581+0000] {logging_mixin.py:150} INFO - [2024-02-25T12:49:36.580+0000] {dag.py:3508} INFO - Setting next_dagrun for example_params_ui_tutorial to None, run_after=None
[2024-02-25T12:49:36.608+0000] {processor.py:179} INFO - Processing /home/airflow/.local/lib/python3.7/site-packages/airflow/example_dags/example_params_ui_tutorial.py took 0.211 seconds
[2024-02-25T12:50:06.714+0000] {processor.py:157} INFO - Started process (PID=3545) to work on /home/airflow/.local/lib/python3.7/site-packages/airflow/example_dags/example_params_ui_tutorial.py
[2024-02-25T12:50:06.715+0000] {processor.py:826} INFO - Processing file /home/airflow/.local/lib/python3.7/site-packages/airflow/example_dags/example_params_ui_tutorial.py for tasks to queue
[2024-02-25T12:50:06.716+0000] {logging_mixin.py:150} INFO - [2024-02-25T12:50:06.716+0000] {dagbag.py:541} INFO - Filling up the DagBag from /home/airflow/.local/lib/python3.7/site-packages/airflow/example_dags/example_params_ui_tutorial.py
[2024-02-25T12:50:06.762+0000] {processor.py:836} INFO - DAG(s) dict_keys(['example_params_ui_tutorial']) retrieved from /home/airflow/.local/lib/python3.7/site-packages/airflow/example_dags/example_params_ui_tutorial.py
[2024-02-25T12:50:06.855+0000] {logging_mixin.py:150} INFO - [2024-02-25T12:50:06.855+0000] {dag.py:2742} INFO - Sync 1 DAGs
[2024-02-25T12:50:06.886+0000] {logging_mixin.py:150} INFO - [2024-02-25T12:50:06.886+0000] {dag.py:3508} INFO - Setting next_dagrun for example_params_ui_tutorial to None, run_after=None
[2024-02-25T12:50:06.911+0000] {processor.py:179} INFO - Processing /home/airflow/.local/lib/python3.7/site-packages/airflow/example_dags/example_params_ui_tutorial.py took 0.201 seconds
[2024-02-25T12:50:37.311+0000] {processor.py:157} INFO - Started process (PID=3786) to work on /home/airflow/.local/lib/python3.7/site-packages/airflow/example_dags/example_params_ui_tutorial.py
[2024-02-25T12:50:37.313+0000] {processor.py:826} INFO - Processing file /home/airflow/.local/lib/python3.7/site-packages/airflow/example_dags/example_params_ui_tutorial.py for tasks to queue
[2024-02-25T12:50:37.315+0000] {logging_mixin.py:150} INFO - [2024-02-25T12:50:37.314+0000] {dagbag.py:541} INFO - Filling up the DagBag from /home/airflow/.local/lib/python3.7/site-packages/airflow/example_dags/example_params_ui_tutorial.py
[2024-02-25T12:50:37.410+0000] {processor.py:836} INFO - DAG(s) dict_keys(['example_params_ui_tutorial']) retrieved from /home/airflow/.local/lib/python3.7/site-packages/airflow/example_dags/example_params_ui_tutorial.py
[2024-02-25T12:50:37.507+0000] {logging_mixin.py:150} INFO - [2024-02-25T12:50:37.507+0000] {dag.py:2742} INFO - Sync 1 DAGs
[2024-02-25T12:50:37.540+0000] {logging_mixin.py:150} INFO - [2024-02-25T12:50:37.540+0000] {dag.py:3508} INFO - Setting next_dagrun for example_params_ui_tutorial to None, run_after=None
[2024-02-25T12:50:37.568+0000] {processor.py:179} INFO - Processing /home/airflow/.local/lib/python3.7/site-packages/airflow/example_dags/example_params_ui_tutorial.py took 0.265 seconds
[2024-02-25T12:51:07.729+0000] {processor.py:157} INFO - Started process (PID=4027) to work on /home/airflow/.local/lib/python3.7/site-packages/airflow/example_dags/example_params_ui_tutorial.py
[2024-02-25T12:51:07.731+0000] {processor.py:826} INFO - Processing file /home/airflow/.local/lib/python3.7/site-packages/airflow/example_dags/example_params_ui_tutorial.py for tasks to queue
[2024-02-25T12:51:07.732+0000] {logging_mixin.py:150} INFO - [2024-02-25T12:51:07.732+0000] {dagbag.py:541} INFO - Filling up the DagBag from /home/airflow/.local/lib/python3.7/site-packages/airflow/example_dags/example_params_ui_tutorial.py
[2024-02-25T12:51:07.786+0000] {processor.py:836} INFO - DAG(s) dict_keys(['example_params_ui_tutorial']) retrieved from /home/airflow/.local/lib/python3.7/site-packages/airflow/example_dags/example_params_ui_tutorial.py
[2024-02-25T12:51:07.884+0000] {logging_mixin.py:150} INFO - [2024-02-25T12:51:07.884+0000] {dag.py:2742} INFO - Sync 1 DAGs
[2024-02-25T12:51:07.925+0000] {logging_mixin.py:150} INFO - [2024-02-25T12:51:07.925+0000] {dag.py:3508} INFO - Setting next_dagrun for example_params_ui_tutorial to None, run_after=None
[2024-02-25T12:51:07.953+0000] {processor.py:179} INFO - Processing /home/airflow/.local/lib/python3.7/site-packages/airflow/example_dags/example_params_ui_tutorial.py took 0.232 seconds
[2024-02-25T12:51:38.530+0000] {processor.py:157} INFO - Started process (PID=4268) to work on /home/airflow/.local/lib/python3.7/site-packages/airflow/example_dags/example_params_ui_tutorial.py
[2024-02-25T12:51:38.531+0000] {processor.py:826} INFO - Processing file /home/airflow/.local/lib/python3.7/site-packages/airflow/example_dags/example_params_ui_tutorial.py for tasks to queue
[2024-02-25T12:51:38.533+0000] {logging_mixin.py:150} INFO - [2024-02-25T12:51:38.532+0000] {dagbag.py:541} INFO - Filling up the DagBag from /home/airflow/.local/lib/python3.7/site-packages/airflow/example_dags/example_params_ui_tutorial.py
[2024-02-25T12:51:38.590+0000] {processor.py:836} INFO - DAG(s) dict_keys(['example_params_ui_tutorial']) retrieved from /home/airflow/.local/lib/python3.7/site-packages/airflow/example_dags/example_params_ui_tutorial.py
[2024-02-25T12:51:38.668+0000] {logging_mixin.py:150} INFO - [2024-02-25T12:51:38.667+0000] {dag.py:2742} INFO - Sync 1 DAGs
[2024-02-25T12:51:38.697+0000] {logging_mixin.py:150} INFO - [2024-02-25T12:51:38.697+0000] {dag.py:3508} INFO - Setting next_dagrun for example_params_ui_tutorial to None, run_after=None
[2024-02-25T12:51:38.721+0000] {processor.py:179} INFO - Processing /home/airflow/.local/lib/python3.7/site-packages/airflow/example_dags/example_params_ui_tutorial.py took 0.195 seconds
[2024-02-25T12:52:09.214+0000] {processor.py:157} INFO - Started process (PID=4509) to work on /home/airflow/.local/lib/python3.7/site-packages/airflow/example_dags/example_params_ui_tutorial.py
[2024-02-25T12:52:09.216+0000] {processor.py:826} INFO - Processing file /home/airflow/.local/lib/python3.7/site-packages/airflow/example_dags/example_params_ui_tutorial.py for tasks to queue
[2024-02-25T12:52:09.218+0000] {logging_mixin.py:150} INFO - [2024-02-25T12:52:09.217+0000] {dagbag.py:541} INFO - Filling up the DagBag from /home/airflow/.local/lib/python3.7/site-packages/airflow/example_dags/example_params_ui_tutorial.py
[2024-02-25T12:52:09.277+0000] {processor.py:836} INFO - DAG(s) dict_keys(['example_params_ui_tutorial']) retrieved from /home/airflow/.local/lib/python3.7/site-packages/airflow/example_dags/example_params_ui_tutorial.py
[2024-02-25T12:52:09.378+0000] {logging_mixin.py:150} INFO - [2024-02-25T12:52:09.377+0000] {dag.py:2742} INFO - Sync 1 DAGs
[2024-02-25T12:52:09.409+0000] {logging_mixin.py:150} INFO - [2024-02-25T12:52:09.409+0000] {dag.py:3508} INFO - Setting next_dagrun for example_params_ui_tutorial to None, run_after=None
[2024-02-25T12:52:09.431+0000] {processor.py:179} INFO - Processing /home/airflow/.local/lib/python3.7/site-packages/airflow/example_dags/example_params_ui_tutorial.py took 0.225 seconds
[2024-02-25T12:52:39.575+0000] {processor.py:157} INFO - Started process (PID=4755) to work on /home/airflow/.local/lib/python3.7/site-packages/airflow/example_dags/example_params_ui_tutorial.py
[2024-02-25T12:52:39.576+0000] {processor.py:826} INFO - Processing file /home/airflow/.local/lib/python3.7/site-packages/airflow/example_dags/example_params_ui_tutorial.py for tasks to queue
[2024-02-25T12:52:39.577+0000] {logging_mixin.py:150} INFO - [2024-02-25T12:52:39.577+0000] {dagbag.py:541} INFO - Filling up the DagBag from /home/airflow/.local/lib/python3.7/site-packages/airflow/example_dags/example_params_ui_tutorial.py
[2024-02-25T12:52:39.642+0000] {processor.py:836} INFO - DAG(s) dict_keys(['example_params_ui_tutorial']) retrieved from /home/airflow/.local/lib/python3.7/site-packages/airflow/example_dags/example_params_ui_tutorial.py
[2024-02-25T12:52:39.769+0000] {logging_mixin.py:150} INFO - [2024-02-25T12:52:39.769+0000] {dag.py:2742} INFO - Sync 1 DAGs
[2024-02-25T12:52:39.804+0000] {logging_mixin.py:150} INFO - [2024-02-25T12:52:39.804+0000] {dag.py:3508} INFO - Setting next_dagrun for example_params_ui_tutorial to None, run_after=None
[2024-02-25T12:52:39.827+0000] {processor.py:179} INFO - Processing /home/airflow/.local/lib/python3.7/site-packages/airflow/example_dags/example_params_ui_tutorial.py took 0.256 seconds
[2024-02-25T12:53:09.886+0000] {processor.py:157} INFO - Started process (PID=4996) to work on /home/airflow/.local/lib/python3.7/site-packages/airflow/example_dags/example_params_ui_tutorial.py
[2024-02-25T12:53:09.888+0000] {processor.py:826} INFO - Processing file /home/airflow/.local/lib/python3.7/site-packages/airflow/example_dags/example_params_ui_tutorial.py for tasks to queue
[2024-02-25T12:53:09.889+0000] {logging_mixin.py:150} INFO - [2024-02-25T12:53:09.889+0000] {dagbag.py:541} INFO - Filling up the DagBag from /home/airflow/.local/lib/python3.7/site-packages/airflow/example_dags/example_params_ui_tutorial.py
[2024-02-25T12:53:09.959+0000] {processor.py:836} INFO - DAG(s) dict_keys(['example_params_ui_tutorial']) retrieved from /home/airflow/.local/lib/python3.7/site-packages/airflow/example_dags/example_params_ui_tutorial.py
[2024-02-25T12:53:10.044+0000] {logging_mixin.py:150} INFO - [2024-02-25T12:53:10.044+0000] {dag.py:2742} INFO - Sync 1 DAGs
[2024-02-25T12:53:10.069+0000] {logging_mixin.py:150} INFO - [2024-02-25T12:53:10.069+0000] {dag.py:3508} INFO - Setting next_dagrun for example_params_ui_tutorial to None, run_after=None
[2024-02-25T12:53:10.089+0000] {processor.py:179} INFO - Processing /home/airflow/.local/lib/python3.7/site-packages/airflow/example_dags/example_params_ui_tutorial.py took 0.208 seconds
[2024-02-25T12:53:40.949+0000] {processor.py:157} INFO - Started process (PID=5237) to work on /home/airflow/.local/lib/python3.7/site-packages/airflow/example_dags/example_params_ui_tutorial.py
[2024-02-25T12:53:40.950+0000] {processor.py:826} INFO - Processing file /home/airflow/.local/lib/python3.7/site-packages/airflow/example_dags/example_params_ui_tutorial.py for tasks to queue
[2024-02-25T12:53:40.951+0000] {logging_mixin.py:150} INFO - [2024-02-25T12:53:40.951+0000] {dagbag.py:541} INFO - Filling up the DagBag from /home/airflow/.local/lib/python3.7/site-packages/airflow/example_dags/example_params_ui_tutorial.py
[2024-02-25T12:53:41.009+0000] {processor.py:836} INFO - DAG(s) dict_keys(['example_params_ui_tutorial']) retrieved from /home/airflow/.local/lib/python3.7/site-packages/airflow/example_dags/example_params_ui_tutorial.py
[2024-02-25T12:53:41.100+0000] {logging_mixin.py:150} INFO - [2024-02-25T12:53:41.100+0000] {dag.py:2742} INFO - Sync 1 DAGs
[2024-02-25T12:53:41.124+0000] {logging_mixin.py:150} INFO - [2024-02-25T12:53:41.123+0000] {dag.py:3508} INFO - Setting next_dagrun for example_params_ui_tutorial to None, run_after=None
[2024-02-25T12:53:41.145+0000] {processor.py:179} INFO - Processing /home/airflow/.local/lib/python3.7/site-packages/airflow/example_dags/example_params_ui_tutorial.py took 0.203 seconds
[2024-02-25T12:54:11.653+0000] {processor.py:157} INFO - Started process (PID=5478) to work on /home/airflow/.local/lib/python3.7/site-packages/airflow/example_dags/example_params_ui_tutorial.py
[2024-02-25T12:54:11.654+0000] {processor.py:826} INFO - Processing file /home/airflow/.local/lib/python3.7/site-packages/airflow/example_dags/example_params_ui_tutorial.py for tasks to queue
[2024-02-25T12:54:11.655+0000] {logging_mixin.py:150} INFO - [2024-02-25T12:54:11.655+0000] {dagbag.py:541} INFO - Filling up the DagBag from /home/airflow/.local/lib/python3.7/site-packages/airflow/example_dags/example_params_ui_tutorial.py
[2024-02-25T12:54:11.704+0000] {processor.py:836} INFO - DAG(s) dict_keys(['example_params_ui_tutorial']) retrieved from /home/airflow/.local/lib/python3.7/site-packages/airflow/example_dags/example_params_ui_tutorial.py
[2024-02-25T12:54:11.782+0000] {logging_mixin.py:150} INFO - [2024-02-25T12:54:11.781+0000] {dag.py:2742} INFO - Sync 1 DAGs
[2024-02-25T12:54:11.806+0000] {logging_mixin.py:150} INFO - [2024-02-25T12:54:11.805+0000] {dag.py:3508} INFO - Setting next_dagrun for example_params_ui_tutorial to None, run_after=None
[2024-02-25T12:54:11.825+0000] {processor.py:179} INFO - Processing /home/airflow/.local/lib/python3.7/site-packages/airflow/example_dags/example_params_ui_tutorial.py took 0.179 seconds
[2024-02-25T12:54:42.255+0000] {processor.py:157} INFO - Started process (PID=5719) to work on /home/airflow/.local/lib/python3.7/site-packages/airflow/example_dags/example_params_ui_tutorial.py
[2024-02-25T12:54:42.256+0000] {processor.py:826} INFO - Processing file /home/airflow/.local/lib/python3.7/site-packages/airflow/example_dags/example_params_ui_tutorial.py for tasks to queue
[2024-02-25T12:54:42.258+0000] {logging_mixin.py:150} INFO - [2024-02-25T12:54:42.257+0000] {dagbag.py:541} INFO - Filling up the DagBag from /home/airflow/.local/lib/python3.7/site-packages/airflow/example_dags/example_params_ui_tutorial.py
[2024-02-25T12:54:42.332+0000] {processor.py:836} INFO - DAG(s) dict_keys(['example_params_ui_tutorial']) retrieved from /home/airflow/.local/lib/python3.7/site-packages/airflow/example_dags/example_params_ui_tutorial.py
[2024-02-25T12:54:42.403+0000] {logging_mixin.py:150} INFO - [2024-02-25T12:54:42.403+0000] {dag.py:2742} INFO - Sync 1 DAGs
[2024-02-25T12:54:42.427+0000] {logging_mixin.py:150} INFO - [2024-02-25T12:54:42.426+0000] {dag.py:3508} INFO - Setting next_dagrun for example_params_ui_tutorial to None, run_after=None
[2024-02-25T12:54:42.448+0000] {processor.py:179} INFO - Processing /home/airflow/.local/lib/python3.7/site-packages/airflow/example_dags/example_params_ui_tutorial.py took 0.201 seconds
[2024-02-25T12:55:12.861+0000] {processor.py:157} INFO - Started process (PID=5959) to work on /home/airflow/.local/lib/python3.7/site-packages/airflow/example_dags/example_params_ui_tutorial.py
[2024-02-25T12:55:12.862+0000] {processor.py:826} INFO - Processing file /home/airflow/.local/lib/python3.7/site-packages/airflow/example_dags/example_params_ui_tutorial.py for tasks to queue
[2024-02-25T12:55:12.863+0000] {logging_mixin.py:150} INFO - [2024-02-25T12:55:12.863+0000] {dagbag.py:541} INFO - Filling up the DagBag from /home/airflow/.local/lib/python3.7/site-packages/airflow/example_dags/example_params_ui_tutorial.py
[2024-02-25T12:55:12.926+0000] {processor.py:836} INFO - DAG(s) dict_keys(['example_params_ui_tutorial']) retrieved from /home/airflow/.local/lib/python3.7/site-packages/airflow/example_dags/example_params_ui_tutorial.py
[2024-02-25T12:55:13.000+0000] {logging_mixin.py:150} INFO - [2024-02-25T12:55:13.000+0000] {dag.py:2742} INFO - Sync 1 DAGs
[2024-02-25T12:55:13.024+0000] {logging_mixin.py:150} INFO - [2024-02-25T12:55:13.024+0000] {dag.py:3508} INFO - Setting next_dagrun for example_params_ui_tutorial to None, run_after=None
[2024-02-25T12:55:13.047+0000] {processor.py:179} INFO - Processing /home/airflow/.local/lib/python3.7/site-packages/airflow/example_dags/example_params_ui_tutorial.py took 0.191 seconds
[2024-02-25T12:55:43.569+0000] {processor.py:157} INFO - Started process (PID=6200) to work on /home/airflow/.local/lib/python3.7/site-packages/airflow/example_dags/example_params_ui_tutorial.py
[2024-02-25T12:55:43.570+0000] {processor.py:826} INFO - Processing file /home/airflow/.local/lib/python3.7/site-packages/airflow/example_dags/example_params_ui_tutorial.py for tasks to queue
[2024-02-25T12:55:43.572+0000] {logging_mixin.py:150} INFO - [2024-02-25T12:55:43.571+0000] {dagbag.py:541} INFO - Filling up the DagBag from /home/airflow/.local/lib/python3.7/site-packages/airflow/example_dags/example_params_ui_tutorial.py
[2024-02-25T12:55:43.645+0000] {processor.py:836} INFO - DAG(s) dict_keys(['example_params_ui_tutorial']) retrieved from /home/airflow/.local/lib/python3.7/site-packages/airflow/example_dags/example_params_ui_tutorial.py
[2024-02-25T12:55:43.759+0000] {logging_mixin.py:150} INFO - [2024-02-25T12:55:43.759+0000] {dag.py:2742} INFO - Sync 1 DAGs
[2024-02-25T12:55:43.783+0000] {logging_mixin.py:150} INFO - [2024-02-25T12:55:43.782+0000] {dag.py:3508} INFO - Setting next_dagrun for example_params_ui_tutorial to None, run_after=None
[2024-02-25T12:55:43.805+0000] {processor.py:179} INFO - Processing /home/airflow/.local/lib/python3.7/site-packages/airflow/example_dags/example_params_ui_tutorial.py took 0.241 seconds
[2024-02-25T12:56:13.935+0000] {processor.py:157} INFO - Started process (PID=6446) to work on /home/airflow/.local/lib/python3.7/site-packages/airflow/example_dags/example_params_ui_tutorial.py
[2024-02-25T12:56:13.936+0000] {processor.py:826} INFO - Processing file /home/airflow/.local/lib/python3.7/site-packages/airflow/example_dags/example_params_ui_tutorial.py for tasks to queue
[2024-02-25T12:56:13.937+0000] {logging_mixin.py:150} INFO - [2024-02-25T12:56:13.936+0000] {dagbag.py:541} INFO - Filling up the DagBag from /home/airflow/.local/lib/python3.7/site-packages/airflow/example_dags/example_params_ui_tutorial.py
[2024-02-25T12:56:13.976+0000] {processor.py:836} INFO - DAG(s) dict_keys(['example_params_ui_tutorial']) retrieved from /home/airflow/.local/lib/python3.7/site-packages/airflow/example_dags/example_params_ui_tutorial.py
[2024-02-25T12:56:14.040+0000] {logging_mixin.py:150} INFO - [2024-02-25T12:56:14.040+0000] {dag.py:2742} INFO - Sync 1 DAGs
[2024-02-25T12:56:14.063+0000] {logging_mixin.py:150} INFO - [2024-02-25T12:56:14.063+0000] {dag.py:3508} INFO - Setting next_dagrun for example_params_ui_tutorial to None, run_after=None
[2024-02-25T12:56:14.092+0000] {processor.py:179} INFO - Processing /home/airflow/.local/lib/python3.7/site-packages/airflow/example_dags/example_params_ui_tutorial.py took 0.161 seconds
[2024-02-25T12:56:45.004+0000] {processor.py:157} INFO - Started process (PID=6687) to work on /home/airflow/.local/lib/python3.7/site-packages/airflow/example_dags/example_params_ui_tutorial.py
[2024-02-25T12:56:45.005+0000] {processor.py:826} INFO - Processing file /home/airflow/.local/lib/python3.7/site-packages/airflow/example_dags/example_params_ui_tutorial.py for tasks to queue
[2024-02-25T12:56:45.006+0000] {logging_mixin.py:150} INFO - [2024-02-25T12:56:45.005+0000] {dagbag.py:541} INFO - Filling up the DagBag from /home/airflow/.local/lib/python3.7/site-packages/airflow/example_dags/example_params_ui_tutorial.py
[2024-02-25T12:56:45.046+0000] {processor.py:836} INFO - DAG(s) dict_keys(['example_params_ui_tutorial']) retrieved from /home/airflow/.local/lib/python3.7/site-packages/airflow/example_dags/example_params_ui_tutorial.py
[2024-02-25T12:56:45.134+0000] {logging_mixin.py:150} INFO - [2024-02-25T12:56:45.133+0000] {dag.py:2742} INFO - Sync 1 DAGs
[2024-02-25T12:56:45.157+0000] {logging_mixin.py:150} INFO - [2024-02-25T12:56:45.157+0000] {dag.py:3508} INFO - Setting next_dagrun for example_params_ui_tutorial to None, run_after=None
[2024-02-25T12:56:45.178+0000] {processor.py:179} INFO - Processing /home/airflow/.local/lib/python3.7/site-packages/airflow/example_dags/example_params_ui_tutorial.py took 0.177 seconds
