[2024-02-25T12:43:01.561+0000] {processor.py:157} INFO - Started process (PID=251) to work on /home/airflow/.local/lib/python3.7/site-packages/airflow/example_dags/example_branch_datetime_operator.py
[2024-02-25T12:43:01.562+0000] {processor.py:826} INFO - Processing file /home/airflow/.local/lib/python3.7/site-packages/airflow/example_dags/example_branch_datetime_operator.py for tasks to queue
[2024-02-25T12:43:01.563+0000] {logging_mixin.py:150} INFO - [2024-02-25T12:43:01.563+0000] {dagbag.py:541} INFO - Filling up the DagBag from /home/airflow/.local/lib/python3.7/site-packages/airflow/example_dags/example_branch_datetime_operator.py
[2024-02-25T12:43:01.582+0000] {processor.py:836} INFO - DAG(s) dict_keys(['example_branch_datetime_operator_2', 'example_branch_datetime_operator_3', 'example_branch_datetime_operator']) retrieved from /home/airflow/.local/lib/python3.7/site-packages/airflow/example_dags/example_branch_datetime_operator.py
[2024-02-25T12:43:01.599+0000] {logging_mixin.py:150} INFO - [2024-02-25T12:43:01.599+0000] {dag.py:2742} INFO - Sync 3 DAGs
[2024-02-25T12:43:01.647+0000] {logging_mixin.py:150} INFO - [2024-02-25T12:43:01.647+0000] {dag.py:3508} INFO - Setting next_dagrun for example_branch_datetime_operator to 2024-02-24T00:00:00+00:00, run_after=2024-02-25T00:00:00+00:00
[2024-02-25T12:43:01.654+0000] {logging_mixin.py:150} INFO - [2024-02-25T12:43:01.654+0000] {dag.py:3508} INFO - Setting next_dagrun for example_branch_datetime_operator_2 to 2024-02-24T00:00:00+00:00, run_after=2024-02-25T00:00:00+00:00
[2024-02-25T12:43:01.658+0000] {logging_mixin.py:150} INFO - [2024-02-25T12:43:01.658+0000] {dag.py:3508} INFO - Setting next_dagrun for example_branch_datetime_operator_3 to 2024-02-24T00:00:00+00:00, run_after=2024-02-25T00:00:00+00:00
[2024-02-25T12:43:01.682+0000] {processor.py:179} INFO - Processing /home/airflow/.local/lib/python3.7/site-packages/airflow/example_dags/example_branch_datetime_operator.py took 0.125 seconds
[2024-02-25T12:43:32.372+0000] {processor.py:157} INFO - Started process (PID=491) to work on /home/airflow/.local/lib/python3.7/site-packages/airflow/example_dags/example_branch_datetime_operator.py
[2024-02-25T12:43:32.374+0000] {processor.py:826} INFO - Processing file /home/airflow/.local/lib/python3.7/site-packages/airflow/example_dags/example_branch_datetime_operator.py for tasks to queue
[2024-02-25T12:43:32.375+0000] {logging_mixin.py:150} INFO - [2024-02-25T12:43:32.375+0000] {dagbag.py:541} INFO - Filling up the DagBag from /home/airflow/.local/lib/python3.7/site-packages/airflow/example_dags/example_branch_datetime_operator.py
[2024-02-25T12:43:32.388+0000] {processor.py:836} INFO - DAG(s) dict_keys(['example_branch_datetime_operator_3', 'example_branch_datetime_operator_2', 'example_branch_datetime_operator']) retrieved from /home/airflow/.local/lib/python3.7/site-packages/airflow/example_dags/example_branch_datetime_operator.py
[2024-02-25T12:43:32.434+0000] {logging_mixin.py:150} INFO - [2024-02-25T12:43:32.434+0000] {dag.py:2742} INFO - Sync 3 DAGs
[2024-02-25T12:43:32.479+0000] {logging_mixin.py:150} INFO - [2024-02-25T12:43:32.479+0000] {dag.py:3508} INFO - Setting next_dagrun for example_branch_datetime_operator to 2024-02-24T00:00:00+00:00, run_after=2024-02-25T00:00:00+00:00
[2024-02-25T12:43:32.486+0000] {logging_mixin.py:150} INFO - [2024-02-25T12:43:32.486+0000] {dag.py:3508} INFO - Setting next_dagrun for example_branch_datetime_operator_2 to 2024-02-24T00:00:00+00:00, run_after=2024-02-25T00:00:00+00:00
[2024-02-25T12:43:32.489+0000] {logging_mixin.py:150} INFO - [2024-02-25T12:43:32.489+0000] {dag.py:3508} INFO - Setting next_dagrun for example_branch_datetime_operator_3 to 2024-02-24T00:00:00+00:00, run_after=2024-02-25T00:00:00+00:00
[2024-02-25T12:43:32.514+0000] {processor.py:179} INFO - Processing /home/airflow/.local/lib/python3.7/site-packages/airflow/example_dags/example_branch_datetime_operator.py took 0.146 seconds
[2024-02-25T12:44:03.459+0000] {processor.py:157} INFO - Started process (PID=733) to work on /home/airflow/.local/lib/python3.7/site-packages/airflow/example_dags/example_branch_datetime_operator.py
[2024-02-25T12:44:03.460+0000] {processor.py:826} INFO - Processing file /home/airflow/.local/lib/python3.7/site-packages/airflow/example_dags/example_branch_datetime_operator.py for tasks to queue
[2024-02-25T12:44:03.461+0000] {logging_mixin.py:150} INFO - [2024-02-25T12:44:03.461+0000] {dagbag.py:541} INFO - Filling up the DagBag from /home/airflow/.local/lib/python3.7/site-packages/airflow/example_dags/example_branch_datetime_operator.py
[2024-02-25T12:44:03.478+0000] {processor.py:836} INFO - DAG(s) dict_keys(['example_branch_datetime_operator_3', 'example_branch_datetime_operator', 'example_branch_datetime_operator_2']) retrieved from /home/airflow/.local/lib/python3.7/site-packages/airflow/example_dags/example_branch_datetime_operator.py
[2024-02-25T12:44:03.496+0000] {logging_mixin.py:150} INFO - [2024-02-25T12:44:03.496+0000] {dag.py:2742} INFO - Sync 3 DAGs
[2024-02-25T12:44:03.535+0000] {logging_mixin.py:150} INFO - [2024-02-25T12:44:03.534+0000] {dag.py:3508} INFO - Setting next_dagrun for example_branch_datetime_operator to 2024-02-24T00:00:00+00:00, run_after=2024-02-25T00:00:00+00:00
[2024-02-25T12:44:03.542+0000] {logging_mixin.py:150} INFO - [2024-02-25T12:44:03.541+0000] {dag.py:3508} INFO - Setting next_dagrun for example_branch_datetime_operator_2 to 2024-02-24T00:00:00+00:00, run_after=2024-02-25T00:00:00+00:00
[2024-02-25T12:44:03.546+0000] {logging_mixin.py:150} INFO - [2024-02-25T12:44:03.546+0000] {dag.py:3508} INFO - Setting next_dagrun for example_branch_datetime_operator_3 to 2024-02-24T00:00:00+00:00, run_after=2024-02-25T00:00:00+00:00
[2024-02-25T12:44:03.572+0000] {processor.py:179} INFO - Processing /home/airflow/.local/lib/python3.7/site-packages/airflow/example_dags/example_branch_datetime_operator.py took 0.117 seconds
[2024-02-25T12:44:34.162+0000] {processor.py:157} INFO - Started process (PID=974) to work on /home/airflow/.local/lib/python3.7/site-packages/airflow/example_dags/example_branch_datetime_operator.py
[2024-02-25T12:44:34.163+0000] {processor.py:826} INFO - Processing file /home/airflow/.local/lib/python3.7/site-packages/airflow/example_dags/example_branch_datetime_operator.py for tasks to queue
[2024-02-25T12:44:34.164+0000] {logging_mixin.py:150} INFO - [2024-02-25T12:44:34.164+0000] {dagbag.py:541} INFO - Filling up the DagBag from /home/airflow/.local/lib/python3.7/site-packages/airflow/example_dags/example_branch_datetime_operator.py
[2024-02-25T12:44:34.177+0000] {processor.py:836} INFO - DAG(s) dict_keys(['example_branch_datetime_operator_3', 'example_branch_datetime_operator_2', 'example_branch_datetime_operator']) retrieved from /home/airflow/.local/lib/python3.7/site-packages/airflow/example_dags/example_branch_datetime_operator.py
[2024-02-25T12:44:34.225+0000] {logging_mixin.py:150} INFO - [2024-02-25T12:44:34.225+0000] {dag.py:2742} INFO - Sync 3 DAGs
[2024-02-25T12:44:34.267+0000] {logging_mixin.py:150} INFO - [2024-02-25T12:44:34.266+0000] {dag.py:3508} INFO - Setting next_dagrun for example_branch_datetime_operator to 2024-02-24T00:00:00+00:00, run_after=2024-02-25T00:00:00+00:00
[2024-02-25T12:44:34.275+0000] {logging_mixin.py:150} INFO - [2024-02-25T12:44:34.275+0000] {dag.py:3508} INFO - Setting next_dagrun for example_branch_datetime_operator_2 to 2024-02-24T00:00:00+00:00, run_after=2024-02-25T00:00:00+00:00
[2024-02-25T12:44:34.279+0000] {logging_mixin.py:150} INFO - [2024-02-25T12:44:34.279+0000] {dag.py:3508} INFO - Setting next_dagrun for example_branch_datetime_operator_3 to 2024-02-24T00:00:00+00:00, run_after=2024-02-25T00:00:00+00:00
[2024-02-25T12:44:34.310+0000] {processor.py:179} INFO - Processing /home/airflow/.local/lib/python3.7/site-packages/airflow/example_dags/example_branch_datetime_operator.py took 0.154 seconds
[2024-02-25T12:45:05.298+0000] {processor.py:157} INFO - Started process (PID=1215) to work on /home/airflow/.local/lib/python3.7/site-packages/airflow/example_dags/example_branch_datetime_operator.py
[2024-02-25T12:45:05.300+0000] {processor.py:826} INFO - Processing file /home/airflow/.local/lib/python3.7/site-packages/airflow/example_dags/example_branch_datetime_operator.py for tasks to queue
[2024-02-25T12:45:05.301+0000] {logging_mixin.py:150} INFO - [2024-02-25T12:45:05.301+0000] {dagbag.py:541} INFO - Filling up the DagBag from /home/airflow/.local/lib/python3.7/site-packages/airflow/example_dags/example_branch_datetime_operator.py
[2024-02-25T12:45:05.315+0000] {processor.py:836} INFO - DAG(s) dict_keys(['example_branch_datetime_operator_3', 'example_branch_datetime_operator', 'example_branch_datetime_operator_2']) retrieved from /home/airflow/.local/lib/python3.7/site-packages/airflow/example_dags/example_branch_datetime_operator.py
[2024-02-25T12:45:05.362+0000] {logging_mixin.py:150} INFO - [2024-02-25T12:45:05.362+0000] {dag.py:2742} INFO - Sync 3 DAGs
[2024-02-25T12:45:05.410+0000] {logging_mixin.py:150} INFO - [2024-02-25T12:45:05.410+0000] {dag.py:3508} INFO - Setting next_dagrun for example_branch_datetime_operator to 2024-02-24T00:00:00+00:00, run_after=2024-02-25T00:00:00+00:00
[2024-02-25T12:45:05.419+0000] {logging_mixin.py:150} INFO - [2024-02-25T12:45:05.419+0000] {dag.py:3508} INFO - Setting next_dagrun for example_branch_datetime_operator_2 to 2024-02-24T00:00:00+00:00, run_after=2024-02-25T00:00:00+00:00
[2024-02-25T12:45:05.424+0000] {logging_mixin.py:150} INFO - [2024-02-25T12:45:05.424+0000] {dag.py:3508} INFO - Setting next_dagrun for example_branch_datetime_operator_3 to 2024-02-24T00:00:00+00:00, run_after=2024-02-25T00:00:00+00:00
[2024-02-25T12:45:05.460+0000] {processor.py:179} INFO - Processing /home/airflow/.local/lib/python3.7/site-packages/airflow/example_dags/example_branch_datetime_operator.py took 0.169 seconds
[2024-02-25T12:45:35.747+0000] {processor.py:157} INFO - Started process (PID=1463) to work on /home/airflow/.local/lib/python3.7/site-packages/airflow/example_dags/example_branch_datetime_operator.py
[2024-02-25T12:45:35.748+0000] {processor.py:826} INFO - Processing file /home/airflow/.local/lib/python3.7/site-packages/airflow/example_dags/example_branch_datetime_operator.py for tasks to queue
[2024-02-25T12:45:35.750+0000] {logging_mixin.py:150} INFO - [2024-02-25T12:45:35.749+0000] {dagbag.py:541} INFO - Filling up the DagBag from /home/airflow/.local/lib/python3.7/site-packages/airflow/example_dags/example_branch_datetime_operator.py
[2024-02-25T12:45:35.768+0000] {processor.py:836} INFO - DAG(s) dict_keys(['example_branch_datetime_operator_2', 'example_branch_datetime_operator_3', 'example_branch_datetime_operator']) retrieved from /home/airflow/.local/lib/python3.7/site-packages/airflow/example_dags/example_branch_datetime_operator.py
[2024-02-25T12:45:35.812+0000] {logging_mixin.py:150} INFO - [2024-02-25T12:45:35.812+0000] {dag.py:2742} INFO - Sync 3 DAGs
[2024-02-25T12:45:35.859+0000] {logging_mixin.py:150} INFO - [2024-02-25T12:45:35.859+0000] {dag.py:3508} INFO - Setting next_dagrun for example_branch_datetime_operator to 2024-02-24T00:00:00+00:00, run_after=2024-02-25T00:00:00+00:00
[2024-02-25T12:45:35.865+0000] {logging_mixin.py:150} INFO - [2024-02-25T12:45:35.865+0000] {dag.py:3508} INFO - Setting next_dagrun for example_branch_datetime_operator_2 to 2024-02-24T00:00:00+00:00, run_after=2024-02-25T00:00:00+00:00
[2024-02-25T12:45:35.871+0000] {logging_mixin.py:150} INFO - [2024-02-25T12:45:35.871+0000] {dag.py:3508} INFO - Setting next_dagrun for example_branch_datetime_operator_3 to 2024-02-24T00:00:00+00:00, run_after=2024-02-25T00:00:00+00:00
[2024-02-25T12:45:35.896+0000] {processor.py:179} INFO - Processing /home/airflow/.local/lib/python3.7/site-packages/airflow/example_dags/example_branch_datetime_operator.py took 0.153 seconds
[2024-02-25T12:46:06.352+0000] {processor.py:157} INFO - Started process (PID=1704) to work on /home/airflow/.local/lib/python3.7/site-packages/airflow/example_dags/example_branch_datetime_operator.py
[2024-02-25T12:46:06.354+0000] {processor.py:826} INFO - Processing file /home/airflow/.local/lib/python3.7/site-packages/airflow/example_dags/example_branch_datetime_operator.py for tasks to queue
[2024-02-25T12:46:06.354+0000] {logging_mixin.py:150} INFO - [2024-02-25T12:46:06.354+0000] {dagbag.py:541} INFO - Filling up the DagBag from /home/airflow/.local/lib/python3.7/site-packages/airflow/example_dags/example_branch_datetime_operator.py
[2024-02-25T12:46:06.369+0000] {processor.py:836} INFO - DAG(s) dict_keys(['example_branch_datetime_operator_3', 'example_branch_datetime_operator_2', 'example_branch_datetime_operator']) retrieved from /home/airflow/.local/lib/python3.7/site-packages/airflow/example_dags/example_branch_datetime_operator.py
[2024-02-25T12:46:06.413+0000] {logging_mixin.py:150} INFO - [2024-02-25T12:46:06.412+0000] {dag.py:2742} INFO - Sync 3 DAGs
[2024-02-25T12:46:06.457+0000] {logging_mixin.py:150} INFO - [2024-02-25T12:46:06.456+0000] {dag.py:3508} INFO - Setting next_dagrun for example_branch_datetime_operator to 2024-02-24T00:00:00+00:00, run_after=2024-02-25T00:00:00+00:00
[2024-02-25T12:46:06.464+0000] {logging_mixin.py:150} INFO - [2024-02-25T12:46:06.463+0000] {dag.py:3508} INFO - Setting next_dagrun for example_branch_datetime_operator_2 to 2024-02-24T00:00:00+00:00, run_after=2024-02-25T00:00:00+00:00
[2024-02-25T12:46:06.469+0000] {logging_mixin.py:150} INFO - [2024-02-25T12:46:06.469+0000] {dag.py:3508} INFO - Setting next_dagrun for example_branch_datetime_operator_3 to 2024-02-24T00:00:00+00:00, run_after=2024-02-25T00:00:00+00:00
[2024-02-25T12:46:06.493+0000] {processor.py:179} INFO - Processing /home/airflow/.local/lib/python3.7/site-packages/airflow/example_dags/example_branch_datetime_operator.py took 0.146 seconds
[2024-02-25T12:46:36.885+0000] {processor.py:157} INFO - Started process (PID=1945) to work on /home/airflow/.local/lib/python3.7/site-packages/airflow/example_dags/example_branch_datetime_operator.py
[2024-02-25T12:46:36.886+0000] {processor.py:826} INFO - Processing file /home/airflow/.local/lib/python3.7/site-packages/airflow/example_dags/example_branch_datetime_operator.py for tasks to queue
[2024-02-25T12:46:36.887+0000] {logging_mixin.py:150} INFO - [2024-02-25T12:46:36.886+0000] {dagbag.py:541} INFO - Filling up the DagBag from /home/airflow/.local/lib/python3.7/site-packages/airflow/example_dags/example_branch_datetime_operator.py
[2024-02-25T12:46:36.901+0000] {processor.py:836} INFO - DAG(s) dict_keys(['example_branch_datetime_operator_3', 'example_branch_datetime_operator', 'example_branch_datetime_operator_2']) retrieved from /home/airflow/.local/lib/python3.7/site-packages/airflow/example_dags/example_branch_datetime_operator.py
[2024-02-25T12:46:36.942+0000] {logging_mixin.py:150} INFO - [2024-02-25T12:46:36.942+0000] {dag.py:2742} INFO - Sync 3 DAGs
[2024-02-25T12:46:36.988+0000] {logging_mixin.py:150} INFO - [2024-02-25T12:46:36.988+0000] {dag.py:3508} INFO - Setting next_dagrun for example_branch_datetime_operator to 2024-02-24T00:00:00+00:00, run_after=2024-02-25T00:00:00+00:00
[2024-02-25T12:46:36.998+0000] {logging_mixin.py:150} INFO - [2024-02-25T12:46:36.997+0000] {dag.py:3508} INFO - Setting next_dagrun for example_branch_datetime_operator_2 to 2024-02-24T00:00:00+00:00, run_after=2024-02-25T00:00:00+00:00
[2024-02-25T12:46:37.001+0000] {logging_mixin.py:150} INFO - [2024-02-25T12:46:37.001+0000] {dag.py:3508} INFO - Setting next_dagrun for example_branch_datetime_operator_3 to 2024-02-24T00:00:00+00:00, run_after=2024-02-25T00:00:00+00:00
[2024-02-25T12:46:37.028+0000] {processor.py:179} INFO - Processing /home/airflow/.local/lib/python3.7/site-packages/airflow/example_dags/example_branch_datetime_operator.py took 0.146 seconds
[2024-02-25T12:47:07.582+0000] {processor.py:157} INFO - Started process (PID=2186) to work on /home/airflow/.local/lib/python3.7/site-packages/airflow/example_dags/example_branch_datetime_operator.py
[2024-02-25T12:47:07.587+0000] {processor.py:826} INFO - Processing file /home/airflow/.local/lib/python3.7/site-packages/airflow/example_dags/example_branch_datetime_operator.py for tasks to queue
[2024-02-25T12:47:07.589+0000] {logging_mixin.py:150} INFO - [2024-02-25T12:47:07.589+0000] {dagbag.py:541} INFO - Filling up the DagBag from /home/airflow/.local/lib/python3.7/site-packages/airflow/example_dags/example_branch_datetime_operator.py
[2024-02-25T12:47:07.610+0000] {processor.py:836} INFO - DAG(s) dict_keys(['example_branch_datetime_operator_2', 'example_branch_datetime_operator_3', 'example_branch_datetime_operator']) retrieved from /home/airflow/.local/lib/python3.7/site-packages/airflow/example_dags/example_branch_datetime_operator.py
[2024-02-25T12:47:07.679+0000] {logging_mixin.py:150} INFO - [2024-02-25T12:47:07.679+0000] {dag.py:2742} INFO - Sync 3 DAGs
[2024-02-25T12:47:07.803+0000] {logging_mixin.py:150} INFO - [2024-02-25T12:47:07.803+0000] {dag.py:3508} INFO - Setting next_dagrun for example_branch_datetime_operator to 2024-02-24T00:00:00+00:00, run_after=2024-02-25T00:00:00+00:00
[2024-02-25T12:47:07.825+0000] {logging_mixin.py:150} INFO - [2024-02-25T12:47:07.825+0000] {dag.py:3508} INFO - Setting next_dagrun for example_branch_datetime_operator_2 to 2024-02-24T00:00:00+00:00, run_after=2024-02-25T00:00:00+00:00
[2024-02-25T12:47:07.832+0000] {logging_mixin.py:150} INFO - [2024-02-25T12:47:07.832+0000] {dag.py:3508} INFO - Setting next_dagrun for example_branch_datetime_operator_3 to 2024-02-24T00:00:00+00:00, run_after=2024-02-25T00:00:00+00:00
[2024-02-25T12:47:07.879+0000] {processor.py:179} INFO - Processing /home/airflow/.local/lib/python3.7/site-packages/airflow/example_dags/example_branch_datetime_operator.py took 0.303 seconds
[2024-02-25T12:47:38.466+0000] {processor.py:157} INFO - Started process (PID=2427) to work on /home/airflow/.local/lib/python3.7/site-packages/airflow/example_dags/example_branch_datetime_operator.py
[2024-02-25T12:47:38.467+0000] {processor.py:826} INFO - Processing file /home/airflow/.local/lib/python3.7/site-packages/airflow/example_dags/example_branch_datetime_operator.py for tasks to queue
[2024-02-25T12:47:38.468+0000] {logging_mixin.py:150} INFO - [2024-02-25T12:47:38.468+0000] {dagbag.py:541} INFO - Filling up the DagBag from /home/airflow/.local/lib/python3.7/site-packages/airflow/example_dags/example_branch_datetime_operator.py
[2024-02-25T12:47:38.478+0000] {processor.py:836} INFO - DAG(s) dict_keys(['example_branch_datetime_operator_3', 'example_branch_datetime_operator_2', 'example_branch_datetime_operator']) retrieved from /home/airflow/.local/lib/python3.7/site-packages/airflow/example_dags/example_branch_datetime_operator.py
[2024-02-25T12:47:38.513+0000] {logging_mixin.py:150} INFO - [2024-02-25T12:47:38.513+0000] {dag.py:2742} INFO - Sync 3 DAGs
[2024-02-25T12:47:38.543+0000] {logging_mixin.py:150} INFO - [2024-02-25T12:47:38.543+0000] {dag.py:3508} INFO - Setting next_dagrun for example_branch_datetime_operator to 2024-02-24T00:00:00+00:00, run_after=2024-02-25T00:00:00+00:00
[2024-02-25T12:47:38.549+0000] {logging_mixin.py:150} INFO - [2024-02-25T12:47:38.549+0000] {dag.py:3508} INFO - Setting next_dagrun for example_branch_datetime_operator_2 to 2024-02-24T00:00:00+00:00, run_after=2024-02-25T00:00:00+00:00
[2024-02-25T12:47:38.552+0000] {logging_mixin.py:150} INFO - [2024-02-25T12:47:38.552+0000] {dag.py:3508} INFO - Setting next_dagrun for example_branch_datetime_operator_3 to 2024-02-24T00:00:00+00:00, run_after=2024-02-25T00:00:00+00:00
[2024-02-25T12:47:38.576+0000] {processor.py:179} INFO - Processing /home/airflow/.local/lib/python3.7/site-packages/airflow/example_dags/example_branch_datetime_operator.py took 0.113 seconds
[2024-02-25T12:48:08.891+0000] {processor.py:157} INFO - Started process (PID=2668) to work on /home/airflow/.local/lib/python3.7/site-packages/airflow/example_dags/example_branch_datetime_operator.py
[2024-02-25T12:48:08.892+0000] {processor.py:826} INFO - Processing file /home/airflow/.local/lib/python3.7/site-packages/airflow/example_dags/example_branch_datetime_operator.py for tasks to queue
[2024-02-25T12:48:08.893+0000] {logging_mixin.py:150} INFO - [2024-02-25T12:48:08.893+0000] {dagbag.py:541} INFO - Filling up the DagBag from /home/airflow/.local/lib/python3.7/site-packages/airflow/example_dags/example_branch_datetime_operator.py
[2024-02-25T12:48:08.907+0000] {processor.py:836} INFO - DAG(s) dict_keys(['example_branch_datetime_operator', 'example_branch_datetime_operator_3', 'example_branch_datetime_operator_2']) retrieved from /home/airflow/.local/lib/python3.7/site-packages/airflow/example_dags/example_branch_datetime_operator.py
[2024-02-25T12:48:08.950+0000] {logging_mixin.py:150} INFO - [2024-02-25T12:48:08.950+0000] {dag.py:2742} INFO - Sync 3 DAGs
[2024-02-25T12:48:08.982+0000] {logging_mixin.py:150} INFO - [2024-02-25T12:48:08.982+0000] {dag.py:3508} INFO - Setting next_dagrun for example_branch_datetime_operator to 2024-02-24T00:00:00+00:00, run_after=2024-02-25T00:00:00+00:00
[2024-02-25T12:48:08.989+0000] {logging_mixin.py:150} INFO - [2024-02-25T12:48:08.988+0000] {dag.py:3508} INFO - Setting next_dagrun for example_branch_datetime_operator_2 to 2024-02-24T00:00:00+00:00, run_after=2024-02-25T00:00:00+00:00
[2024-02-25T12:48:08.993+0000] {logging_mixin.py:150} INFO - [2024-02-25T12:48:08.993+0000] {dag.py:3508} INFO - Setting next_dagrun for example_branch_datetime_operator_3 to 2024-02-24T00:00:00+00:00, run_after=2024-02-25T00:00:00+00:00
[2024-02-25T12:48:09.023+0000] {processor.py:179} INFO - Processing /home/airflow/.local/lib/python3.7/site-packages/airflow/example_dags/example_branch_datetime_operator.py took 0.137 seconds
[2024-02-25T12:48:39.491+0000] {processor.py:157} INFO - Started process (PID=2910) to work on /home/airflow/.local/lib/python3.7/site-packages/airflow/example_dags/example_branch_datetime_operator.py
[2024-02-25T12:48:39.492+0000] {processor.py:826} INFO - Processing file /home/airflow/.local/lib/python3.7/site-packages/airflow/example_dags/example_branch_datetime_operator.py for tasks to queue
[2024-02-25T12:48:39.493+0000] {logging_mixin.py:150} INFO - [2024-02-25T12:48:39.493+0000] {dagbag.py:541} INFO - Filling up the DagBag from /home/airflow/.local/lib/python3.7/site-packages/airflow/example_dags/example_branch_datetime_operator.py
[2024-02-25T12:48:39.508+0000] {processor.py:836} INFO - DAG(s) dict_keys(['example_branch_datetime_operator', 'example_branch_datetime_operator_2', 'example_branch_datetime_operator_3']) retrieved from /home/airflow/.local/lib/python3.7/site-packages/airflow/example_dags/example_branch_datetime_operator.py
[2024-02-25T12:48:39.545+0000] {logging_mixin.py:150} INFO - [2024-02-25T12:48:39.545+0000] {dag.py:2742} INFO - Sync 3 DAGs
[2024-02-25T12:48:39.581+0000] {logging_mixin.py:150} INFO - [2024-02-25T12:48:39.580+0000] {dag.py:3508} INFO - Setting next_dagrun for example_branch_datetime_operator to 2024-02-24T00:00:00+00:00, run_after=2024-02-25T00:00:00+00:00
[2024-02-25T12:48:39.589+0000] {logging_mixin.py:150} INFO - [2024-02-25T12:48:39.588+0000] {dag.py:3508} INFO - Setting next_dagrun for example_branch_datetime_operator_2 to 2024-02-24T00:00:00+00:00, run_after=2024-02-25T00:00:00+00:00
[2024-02-25T12:48:39.592+0000] {logging_mixin.py:150} INFO - [2024-02-25T12:48:39.592+0000] {dag.py:3508} INFO - Setting next_dagrun for example_branch_datetime_operator_3 to 2024-02-24T00:00:00+00:00, run_after=2024-02-25T00:00:00+00:00
[2024-02-25T12:48:39.617+0000] {processor.py:179} INFO - Processing /home/airflow/.local/lib/python3.7/site-packages/airflow/example_dags/example_branch_datetime_operator.py took 0.132 seconds
[2024-02-25T12:49:10.209+0000] {processor.py:157} INFO - Started process (PID=3151) to work on /home/airflow/.local/lib/python3.7/site-packages/airflow/example_dags/example_branch_datetime_operator.py
[2024-02-25T12:49:10.210+0000] {processor.py:826} INFO - Processing file /home/airflow/.local/lib/python3.7/site-packages/airflow/example_dags/example_branch_datetime_operator.py for tasks to queue
[2024-02-25T12:49:10.211+0000] {logging_mixin.py:150} INFO - [2024-02-25T12:49:10.211+0000] {dagbag.py:541} INFO - Filling up the DagBag from /home/airflow/.local/lib/python3.7/site-packages/airflow/example_dags/example_branch_datetime_operator.py
[2024-02-25T12:49:10.223+0000] {processor.py:836} INFO - DAG(s) dict_keys(['example_branch_datetime_operator_3', 'example_branch_datetime_operator', 'example_branch_datetime_operator_2']) retrieved from /home/airflow/.local/lib/python3.7/site-packages/airflow/example_dags/example_branch_datetime_operator.py
[2024-02-25T12:49:10.268+0000] {logging_mixin.py:150} INFO - [2024-02-25T12:49:10.268+0000] {dag.py:2742} INFO - Sync 3 DAGs
[2024-02-25T12:49:10.307+0000] {logging_mixin.py:150} INFO - [2024-02-25T12:49:10.307+0000] {dag.py:3508} INFO - Setting next_dagrun for example_branch_datetime_operator to 2024-02-24T00:00:00+00:00, run_after=2024-02-25T00:00:00+00:00
[2024-02-25T12:49:10.314+0000] {logging_mixin.py:150} INFO - [2024-02-25T12:49:10.314+0000] {dag.py:3508} INFO - Setting next_dagrun for example_branch_datetime_operator_2 to 2024-02-24T00:00:00+00:00, run_after=2024-02-25T00:00:00+00:00
[2024-02-25T12:49:10.319+0000] {logging_mixin.py:150} INFO - [2024-02-25T12:49:10.319+0000] {dag.py:3508} INFO - Setting next_dagrun for example_branch_datetime_operator_3 to 2024-02-24T00:00:00+00:00, run_after=2024-02-25T00:00:00+00:00
[2024-02-25T12:49:10.347+0000] {processor.py:179} INFO - Processing /home/airflow/.local/lib/python3.7/site-packages/airflow/example_dags/example_branch_datetime_operator.py took 0.142 seconds
[2024-02-25T12:49:40.908+0000] {processor.py:157} INFO - Started process (PID=3392) to work on /home/airflow/.local/lib/python3.7/site-packages/airflow/example_dags/example_branch_datetime_operator.py
[2024-02-25T12:49:40.909+0000] {processor.py:826} INFO - Processing file /home/airflow/.local/lib/python3.7/site-packages/airflow/example_dags/example_branch_datetime_operator.py for tasks to queue
[2024-02-25T12:49:40.910+0000] {logging_mixin.py:150} INFO - [2024-02-25T12:49:40.910+0000] {dagbag.py:541} INFO - Filling up the DagBag from /home/airflow/.local/lib/python3.7/site-packages/airflow/example_dags/example_branch_datetime_operator.py
[2024-02-25T12:49:40.921+0000] {processor.py:836} INFO - DAG(s) dict_keys(['example_branch_datetime_operator', 'example_branch_datetime_operator_3', 'example_branch_datetime_operator_2']) retrieved from /home/airflow/.local/lib/python3.7/site-packages/airflow/example_dags/example_branch_datetime_operator.py
[2024-02-25T12:49:41.006+0000] {logging_mixin.py:150} INFO - [2024-02-25T12:49:41.006+0000] {dag.py:2742} INFO - Sync 3 DAGs
[2024-02-25T12:49:41.059+0000] {logging_mixin.py:150} INFO - [2024-02-25T12:49:41.059+0000] {dag.py:3508} INFO - Setting next_dagrun for example_branch_datetime_operator to 2024-02-24T00:00:00+00:00, run_after=2024-02-25T00:00:00+00:00
[2024-02-25T12:49:41.067+0000] {logging_mixin.py:150} INFO - [2024-02-25T12:49:41.066+0000] {dag.py:3508} INFO - Setting next_dagrun for example_branch_datetime_operator_2 to 2024-02-24T00:00:00+00:00, run_after=2024-02-25T00:00:00+00:00
[2024-02-25T12:49:41.070+0000] {logging_mixin.py:150} INFO - [2024-02-25T12:49:41.070+0000] {dag.py:3508} INFO - Setting next_dagrun for example_branch_datetime_operator_3 to 2024-02-24T00:00:00+00:00, run_after=2024-02-25T00:00:00+00:00
[2024-02-25T12:49:41.098+0000] {processor.py:179} INFO - Processing /home/airflow/.local/lib/python3.7/site-packages/airflow/example_dags/example_branch_datetime_operator.py took 0.195 seconds
[2024-02-25T12:50:12.121+0000] {processor.py:157} INFO - Started process (PID=3633) to work on /home/airflow/.local/lib/python3.7/site-packages/airflow/example_dags/example_branch_datetime_operator.py
[2024-02-25T12:50:12.123+0000] {processor.py:826} INFO - Processing file /home/airflow/.local/lib/python3.7/site-packages/airflow/example_dags/example_branch_datetime_operator.py for tasks to queue
[2024-02-25T12:50:12.124+0000] {logging_mixin.py:150} INFO - [2024-02-25T12:50:12.123+0000] {dagbag.py:541} INFO - Filling up the DagBag from /home/airflow/.local/lib/python3.7/site-packages/airflow/example_dags/example_branch_datetime_operator.py
[2024-02-25T12:50:12.141+0000] {processor.py:836} INFO - DAG(s) dict_keys(['example_branch_datetime_operator', 'example_branch_datetime_operator_3', 'example_branch_datetime_operator_2']) retrieved from /home/airflow/.local/lib/python3.7/site-packages/airflow/example_dags/example_branch_datetime_operator.py
[2024-02-25T12:50:12.201+0000] {logging_mixin.py:150} INFO - [2024-02-25T12:50:12.201+0000] {dag.py:2742} INFO - Sync 3 DAGs
[2024-02-25T12:50:12.246+0000] {logging_mixin.py:150} INFO - [2024-02-25T12:50:12.246+0000] {dag.py:3508} INFO - Setting next_dagrun for example_branch_datetime_operator to 2024-02-24T00:00:00+00:00, run_after=2024-02-25T00:00:00+00:00
[2024-02-25T12:50:12.252+0000] {logging_mixin.py:150} INFO - [2024-02-25T12:50:12.252+0000] {dag.py:3508} INFO - Setting next_dagrun for example_branch_datetime_operator_2 to 2024-02-24T00:00:00+00:00, run_after=2024-02-25T00:00:00+00:00
[2024-02-25T12:50:12.255+0000] {logging_mixin.py:150} INFO - [2024-02-25T12:50:12.255+0000] {dag.py:3508} INFO - Setting next_dagrun for example_branch_datetime_operator_3 to 2024-02-24T00:00:00+00:00, run_after=2024-02-25T00:00:00+00:00
[2024-02-25T12:50:12.276+0000] {processor.py:179} INFO - Processing /home/airflow/.local/lib/python3.7/site-packages/airflow/example_dags/example_branch_datetime_operator.py took 0.159 seconds
[2024-02-25T12:50:42.737+0000] {processor.py:157} INFO - Started process (PID=3874) to work on /home/airflow/.local/lib/python3.7/site-packages/airflow/example_dags/example_branch_datetime_operator.py
[2024-02-25T12:50:42.738+0000] {processor.py:826} INFO - Processing file /home/airflow/.local/lib/python3.7/site-packages/airflow/example_dags/example_branch_datetime_operator.py for tasks to queue
[2024-02-25T12:50:42.738+0000] {logging_mixin.py:150} INFO - [2024-02-25T12:50:42.738+0000] {dagbag.py:541} INFO - Filling up the DagBag from /home/airflow/.local/lib/python3.7/site-packages/airflow/example_dags/example_branch_datetime_operator.py
[2024-02-25T12:50:42.749+0000] {processor.py:836} INFO - DAG(s) dict_keys(['example_branch_datetime_operator', 'example_branch_datetime_operator_3', 'example_branch_datetime_operator_2']) retrieved from /home/airflow/.local/lib/python3.7/site-packages/airflow/example_dags/example_branch_datetime_operator.py
[2024-02-25T12:50:42.784+0000] {logging_mixin.py:150} INFO - [2024-02-25T12:50:42.784+0000] {dag.py:2742} INFO - Sync 3 DAGs
[2024-02-25T12:50:42.819+0000] {logging_mixin.py:150} INFO - [2024-02-25T12:50:42.819+0000] {dag.py:3508} INFO - Setting next_dagrun for example_branch_datetime_operator to 2024-02-24T00:00:00+00:00, run_after=2024-02-25T00:00:00+00:00
[2024-02-25T12:50:42.828+0000] {logging_mixin.py:150} INFO - [2024-02-25T12:50:42.828+0000] {dag.py:3508} INFO - Setting next_dagrun for example_branch_datetime_operator_2 to 2024-02-24T00:00:00+00:00, run_after=2024-02-25T00:00:00+00:00
[2024-02-25T12:50:42.833+0000] {logging_mixin.py:150} INFO - [2024-02-25T12:50:42.833+0000] {dag.py:3508} INFO - Setting next_dagrun for example_branch_datetime_operator_3 to 2024-02-24T00:00:00+00:00, run_after=2024-02-25T00:00:00+00:00
[2024-02-25T12:50:42.860+0000] {processor.py:179} INFO - Processing /home/airflow/.local/lib/python3.7/site-packages/airflow/example_dags/example_branch_datetime_operator.py took 0.128 seconds
[2024-02-25T12:51:13.039+0000] {processor.py:157} INFO - Started process (PID=4115) to work on /home/airflow/.local/lib/python3.7/site-packages/airflow/example_dags/example_branch_datetime_operator.py
[2024-02-25T12:51:13.040+0000] {processor.py:826} INFO - Processing file /home/airflow/.local/lib/python3.7/site-packages/airflow/example_dags/example_branch_datetime_operator.py for tasks to queue
[2024-02-25T12:51:13.041+0000] {logging_mixin.py:150} INFO - [2024-02-25T12:51:13.040+0000] {dagbag.py:541} INFO - Filling up the DagBag from /home/airflow/.local/lib/python3.7/site-packages/airflow/example_dags/example_branch_datetime_operator.py
[2024-02-25T12:51:13.055+0000] {processor.py:836} INFO - DAG(s) dict_keys(['example_branch_datetime_operator', 'example_branch_datetime_operator_3', 'example_branch_datetime_operator_2']) retrieved from /home/airflow/.local/lib/python3.7/site-packages/airflow/example_dags/example_branch_datetime_operator.py
[2024-02-25T12:51:13.091+0000] {logging_mixin.py:150} INFO - [2024-02-25T12:51:13.091+0000] {dag.py:2742} INFO - Sync 3 DAGs
[2024-02-25T12:51:13.125+0000] {logging_mixin.py:150} INFO - [2024-02-25T12:51:13.124+0000] {dag.py:3508} INFO - Setting next_dagrun for example_branch_datetime_operator to 2024-02-24T00:00:00+00:00, run_after=2024-02-25T00:00:00+00:00
[2024-02-25T12:51:13.131+0000] {logging_mixin.py:150} INFO - [2024-02-25T12:51:13.131+0000] {dag.py:3508} INFO - Setting next_dagrun for example_branch_datetime_operator_2 to 2024-02-24T00:00:00+00:00, run_after=2024-02-25T00:00:00+00:00
[2024-02-25T12:51:13.134+0000] {logging_mixin.py:150} INFO - [2024-02-25T12:51:13.134+0000] {dag.py:3508} INFO - Setting next_dagrun for example_branch_datetime_operator_3 to 2024-02-24T00:00:00+00:00, run_after=2024-02-25T00:00:00+00:00
[2024-02-25T12:51:13.156+0000] {processor.py:179} INFO - Processing /home/airflow/.local/lib/python3.7/site-packages/airflow/example_dags/example_branch_datetime_operator.py took 0.122 seconds
[2024-02-25T12:51:43.929+0000] {processor.py:157} INFO - Started process (PID=4356) to work on /home/airflow/.local/lib/python3.7/site-packages/airflow/example_dags/example_branch_datetime_operator.py
[2024-02-25T12:51:43.930+0000] {processor.py:826} INFO - Processing file /home/airflow/.local/lib/python3.7/site-packages/airflow/example_dags/example_branch_datetime_operator.py for tasks to queue
[2024-02-25T12:51:43.930+0000] {logging_mixin.py:150} INFO - [2024-02-25T12:51:43.930+0000] {dagbag.py:541} INFO - Filling up the DagBag from /home/airflow/.local/lib/python3.7/site-packages/airflow/example_dags/example_branch_datetime_operator.py
[2024-02-25T12:51:43.945+0000] {processor.py:836} INFO - DAG(s) dict_keys(['example_branch_datetime_operator', 'example_branch_datetime_operator_2', 'example_branch_datetime_operator_3']) retrieved from /home/airflow/.local/lib/python3.7/site-packages/airflow/example_dags/example_branch_datetime_operator.py
[2024-02-25T12:51:43.987+0000] {logging_mixin.py:150} INFO - [2024-02-25T12:51:43.986+0000] {dag.py:2742} INFO - Sync 3 DAGs
[2024-02-25T12:51:44.029+0000] {logging_mixin.py:150} INFO - [2024-02-25T12:51:44.029+0000] {dag.py:3508} INFO - Setting next_dagrun for example_branch_datetime_operator to 2024-02-24T00:00:00+00:00, run_after=2024-02-25T00:00:00+00:00
[2024-02-25T12:51:44.035+0000] {logging_mixin.py:150} INFO - [2024-02-25T12:51:44.035+0000] {dag.py:3508} INFO - Setting next_dagrun for example_branch_datetime_operator_2 to 2024-02-24T00:00:00+00:00, run_after=2024-02-25T00:00:00+00:00
[2024-02-25T12:51:44.039+0000] {logging_mixin.py:150} INFO - [2024-02-25T12:51:44.038+0000] {dag.py:3508} INFO - Setting next_dagrun for example_branch_datetime_operator_3 to 2024-02-24T00:00:00+00:00, run_after=2024-02-25T00:00:00+00:00
[2024-02-25T12:51:44.063+0000] {processor.py:179} INFO - Processing /home/airflow/.local/lib/python3.7/site-packages/airflow/example_dags/example_branch_datetime_operator.py took 0.138 seconds
[2024-02-25T12:52:14.547+0000] {processor.py:157} INFO - Started process (PID=4597) to work on /home/airflow/.local/lib/python3.7/site-packages/airflow/example_dags/example_branch_datetime_operator.py
[2024-02-25T12:52:14.548+0000] {processor.py:826} INFO - Processing file /home/airflow/.local/lib/python3.7/site-packages/airflow/example_dags/example_branch_datetime_operator.py for tasks to queue
[2024-02-25T12:52:14.549+0000] {logging_mixin.py:150} INFO - [2024-02-25T12:52:14.549+0000] {dagbag.py:541} INFO - Filling up the DagBag from /home/airflow/.local/lib/python3.7/site-packages/airflow/example_dags/example_branch_datetime_operator.py
[2024-02-25T12:52:14.564+0000] {processor.py:836} INFO - DAG(s) dict_keys(['example_branch_datetime_operator_2', 'example_branch_datetime_operator_3', 'example_branch_datetime_operator']) retrieved from /home/airflow/.local/lib/python3.7/site-packages/airflow/example_dags/example_branch_datetime_operator.py
[2024-02-25T12:52:14.602+0000] {logging_mixin.py:150} INFO - [2024-02-25T12:52:14.602+0000] {dag.py:2742} INFO - Sync 3 DAGs
[2024-02-25T12:52:14.642+0000] {logging_mixin.py:150} INFO - [2024-02-25T12:52:14.642+0000] {dag.py:3508} INFO - Setting next_dagrun for example_branch_datetime_operator to 2024-02-24T00:00:00+00:00, run_after=2024-02-25T00:00:00+00:00
[2024-02-25T12:52:14.649+0000] {logging_mixin.py:150} INFO - [2024-02-25T12:52:14.649+0000] {dag.py:3508} INFO - Setting next_dagrun for example_branch_datetime_operator_2 to 2024-02-24T00:00:00+00:00, run_after=2024-02-25T00:00:00+00:00
[2024-02-25T12:52:14.654+0000] {logging_mixin.py:150} INFO - [2024-02-25T12:52:14.654+0000] {dag.py:3508} INFO - Setting next_dagrun for example_branch_datetime_operator_3 to 2024-02-24T00:00:00+00:00, run_after=2024-02-25T00:00:00+00:00
[2024-02-25T12:52:14.681+0000] {processor.py:179} INFO - Processing /home/airflow/.local/lib/python3.7/site-packages/airflow/example_dags/example_branch_datetime_operator.py took 0.137 seconds
[2024-02-25T12:52:44.794+0000] {processor.py:157} INFO - Started process (PID=4838) to work on /home/airflow/.local/lib/python3.7/site-packages/airflow/example_dags/example_branch_datetime_operator.py
[2024-02-25T12:52:44.795+0000] {processor.py:826} INFO - Processing file /home/airflow/.local/lib/python3.7/site-packages/airflow/example_dags/example_branch_datetime_operator.py for tasks to queue
[2024-02-25T12:52:44.797+0000] {logging_mixin.py:150} INFO - [2024-02-25T12:52:44.796+0000] {dagbag.py:541} INFO - Filling up the DagBag from /home/airflow/.local/lib/python3.7/site-packages/airflow/example_dags/example_branch_datetime_operator.py
[2024-02-25T12:52:44.818+0000] {processor.py:836} INFO - DAG(s) dict_keys(['example_branch_datetime_operator_3', 'example_branch_datetime_operator', 'example_branch_datetime_operator_2']) retrieved from /home/airflow/.local/lib/python3.7/site-packages/airflow/example_dags/example_branch_datetime_operator.py
[2024-02-25T12:52:44.883+0000] {logging_mixin.py:150} INFO - [2024-02-25T12:52:44.883+0000] {dag.py:2742} INFO - Sync 3 DAGs
[2024-02-25T12:52:44.925+0000] {logging_mixin.py:150} INFO - [2024-02-25T12:52:44.925+0000] {dag.py:3508} INFO - Setting next_dagrun for example_branch_datetime_operator to 2024-02-24T00:00:00+00:00, run_after=2024-02-25T00:00:00+00:00
[2024-02-25T12:52:44.931+0000] {logging_mixin.py:150} INFO - [2024-02-25T12:52:44.931+0000] {dag.py:3508} INFO - Setting next_dagrun for example_branch_datetime_operator_2 to 2024-02-24T00:00:00+00:00, run_after=2024-02-25T00:00:00+00:00
[2024-02-25T12:52:44.934+0000] {logging_mixin.py:150} INFO - [2024-02-25T12:52:44.934+0000] {dag.py:3508} INFO - Setting next_dagrun for example_branch_datetime_operator_3 to 2024-02-24T00:00:00+00:00, run_after=2024-02-25T00:00:00+00:00
[2024-02-25T12:52:44.956+0000] {processor.py:179} INFO - Processing /home/airflow/.local/lib/python3.7/site-packages/airflow/example_dags/example_branch_datetime_operator.py took 0.167 seconds
[2024-02-25T12:53:14.997+0000] {processor.py:157} INFO - Started process (PID=5074) to work on /home/airflow/.local/lib/python3.7/site-packages/airflow/example_dags/example_branch_datetime_operator.py
[2024-02-25T12:53:14.998+0000] {processor.py:826} INFO - Processing file /home/airflow/.local/lib/python3.7/site-packages/airflow/example_dags/example_branch_datetime_operator.py for tasks to queue
[2024-02-25T12:53:14.999+0000] {logging_mixin.py:150} INFO - [2024-02-25T12:53:14.999+0000] {dagbag.py:541} INFO - Filling up the DagBag from /home/airflow/.local/lib/python3.7/site-packages/airflow/example_dags/example_branch_datetime_operator.py
[2024-02-25T12:53:15.013+0000] {processor.py:836} INFO - DAG(s) dict_keys(['example_branch_datetime_operator', 'example_branch_datetime_operator_3', 'example_branch_datetime_operator_2']) retrieved from /home/airflow/.local/lib/python3.7/site-packages/airflow/example_dags/example_branch_datetime_operator.py
[2024-02-25T12:53:15.053+0000] {logging_mixin.py:150} INFO - [2024-02-25T12:53:15.053+0000] {dag.py:2742} INFO - Sync 3 DAGs
[2024-02-25T12:53:15.079+0000] {logging_mixin.py:150} INFO - [2024-02-25T12:53:15.079+0000] {dag.py:3508} INFO - Setting next_dagrun for example_branch_datetime_operator to 2024-02-24T00:00:00+00:00, run_after=2024-02-25T00:00:00+00:00
[2024-02-25T12:53:15.084+0000] {logging_mixin.py:150} INFO - [2024-02-25T12:53:15.084+0000] {dag.py:3508} INFO - Setting next_dagrun for example_branch_datetime_operator_2 to 2024-02-24T00:00:00+00:00, run_after=2024-02-25T00:00:00+00:00
[2024-02-25T12:53:15.086+0000] {logging_mixin.py:150} INFO - [2024-02-25T12:53:15.086+0000] {dag.py:3508} INFO - Setting next_dagrun for example_branch_datetime_operator_3 to 2024-02-24T00:00:00+00:00, run_after=2024-02-25T00:00:00+00:00
[2024-02-25T12:53:15.107+0000] {processor.py:179} INFO - Processing /home/airflow/.local/lib/python3.7/site-packages/airflow/example_dags/example_branch_datetime_operator.py took 0.114 seconds
[2024-02-25T12:53:46.087+0000] {processor.py:157} INFO - Started process (PID=5315) to work on /home/airflow/.local/lib/python3.7/site-packages/airflow/example_dags/example_branch_datetime_operator.py
[2024-02-25T12:53:46.088+0000] {processor.py:826} INFO - Processing file /home/airflow/.local/lib/python3.7/site-packages/airflow/example_dags/example_branch_datetime_operator.py for tasks to queue
[2024-02-25T12:53:46.089+0000] {logging_mixin.py:150} INFO - [2024-02-25T12:53:46.089+0000] {dagbag.py:541} INFO - Filling up the DagBag from /home/airflow/.local/lib/python3.7/site-packages/airflow/example_dags/example_branch_datetime_operator.py
[2024-02-25T12:53:46.103+0000] {processor.py:836} INFO - DAG(s) dict_keys(['example_branch_datetime_operator', 'example_branch_datetime_operator_2', 'example_branch_datetime_operator_3']) retrieved from /home/airflow/.local/lib/python3.7/site-packages/airflow/example_dags/example_branch_datetime_operator.py
[2024-02-25T12:53:46.139+0000] {logging_mixin.py:150} INFO - [2024-02-25T12:53:46.139+0000] {dag.py:2742} INFO - Sync 3 DAGs
[2024-02-25T12:53:46.170+0000] {logging_mixin.py:150} INFO - [2024-02-25T12:53:46.170+0000] {dag.py:3508} INFO - Setting next_dagrun for example_branch_datetime_operator to 2024-02-24T00:00:00+00:00, run_after=2024-02-25T00:00:00+00:00
[2024-02-25T12:53:46.176+0000] {logging_mixin.py:150} INFO - [2024-02-25T12:53:46.176+0000] {dag.py:3508} INFO - Setting next_dagrun for example_branch_datetime_operator_2 to 2024-02-24T00:00:00+00:00, run_after=2024-02-25T00:00:00+00:00
[2024-02-25T12:53:46.181+0000] {logging_mixin.py:150} INFO - [2024-02-25T12:53:46.180+0000] {dag.py:3508} INFO - Setting next_dagrun for example_branch_datetime_operator_3 to 2024-02-24T00:00:00+00:00, run_after=2024-02-25T00:00:00+00:00
[2024-02-25T12:53:46.207+0000] {processor.py:179} INFO - Processing /home/airflow/.local/lib/python3.7/site-packages/airflow/example_dags/example_branch_datetime_operator.py took 0.123 seconds
[2024-02-25T12:54:16.711+0000] {processor.py:157} INFO - Started process (PID=5556) to work on /home/airflow/.local/lib/python3.7/site-packages/airflow/example_dags/example_branch_datetime_operator.py
[2024-02-25T12:54:16.712+0000] {processor.py:826} INFO - Processing file /home/airflow/.local/lib/python3.7/site-packages/airflow/example_dags/example_branch_datetime_operator.py for tasks to queue
[2024-02-25T12:54:16.712+0000] {logging_mixin.py:150} INFO - [2024-02-25T12:54:16.712+0000] {dagbag.py:541} INFO - Filling up the DagBag from /home/airflow/.local/lib/python3.7/site-packages/airflow/example_dags/example_branch_datetime_operator.py
[2024-02-25T12:54:16.723+0000] {processor.py:836} INFO - DAG(s) dict_keys(['example_branch_datetime_operator_3', 'example_branch_datetime_operator_2', 'example_branch_datetime_operator']) retrieved from /home/airflow/.local/lib/python3.7/site-packages/airflow/example_dags/example_branch_datetime_operator.py
[2024-02-25T12:54:16.763+0000] {logging_mixin.py:150} INFO - [2024-02-25T12:54:16.763+0000] {dag.py:2742} INFO - Sync 3 DAGs
[2024-02-25T12:54:16.797+0000] {logging_mixin.py:150} INFO - [2024-02-25T12:54:16.796+0000] {dag.py:3508} INFO - Setting next_dagrun for example_branch_datetime_operator to 2024-02-24T00:00:00+00:00, run_after=2024-02-25T00:00:00+00:00
[2024-02-25T12:54:16.802+0000] {logging_mixin.py:150} INFO - [2024-02-25T12:54:16.802+0000] {dag.py:3508} INFO - Setting next_dagrun for example_branch_datetime_operator_2 to 2024-02-24T00:00:00+00:00, run_after=2024-02-25T00:00:00+00:00
[2024-02-25T12:54:16.805+0000] {logging_mixin.py:150} INFO - [2024-02-25T12:54:16.805+0000] {dag.py:3508} INFO - Setting next_dagrun for example_branch_datetime_operator_3 to 2024-02-24T00:00:00+00:00, run_after=2024-02-25T00:00:00+00:00
[2024-02-25T12:54:16.826+0000] {processor.py:179} INFO - Processing /home/airflow/.local/lib/python3.7/site-packages/airflow/example_dags/example_branch_datetime_operator.py took 0.120 seconds
[2024-02-25T12:54:47.306+0000] {processor.py:157} INFO - Started process (PID=5797) to work on /home/airflow/.local/lib/python3.7/site-packages/airflow/example_dags/example_branch_datetime_operator.py
[2024-02-25T12:54:47.307+0000] {processor.py:826} INFO - Processing file /home/airflow/.local/lib/python3.7/site-packages/airflow/example_dags/example_branch_datetime_operator.py for tasks to queue
[2024-02-25T12:54:47.308+0000] {logging_mixin.py:150} INFO - [2024-02-25T12:54:47.307+0000] {dagbag.py:541} INFO - Filling up the DagBag from /home/airflow/.local/lib/python3.7/site-packages/airflow/example_dags/example_branch_datetime_operator.py
[2024-02-25T12:54:47.322+0000] {processor.py:836} INFO - DAG(s) dict_keys(['example_branch_datetime_operator_2', 'example_branch_datetime_operator', 'example_branch_datetime_operator_3']) retrieved from /home/airflow/.local/lib/python3.7/site-packages/airflow/example_dags/example_branch_datetime_operator.py
[2024-02-25T12:54:47.369+0000] {logging_mixin.py:150} INFO - [2024-02-25T12:54:47.369+0000] {dag.py:2742} INFO - Sync 3 DAGs
[2024-02-25T12:54:47.410+0000] {logging_mixin.py:150} INFO - [2024-02-25T12:54:47.410+0000] {dag.py:3508} INFO - Setting next_dagrun for example_branch_datetime_operator to 2024-02-24T00:00:00+00:00, run_after=2024-02-25T00:00:00+00:00
[2024-02-25T12:54:47.418+0000] {logging_mixin.py:150} INFO - [2024-02-25T12:54:47.417+0000] {dag.py:3508} INFO - Setting next_dagrun for example_branch_datetime_operator_2 to 2024-02-24T00:00:00+00:00, run_after=2024-02-25T00:00:00+00:00
[2024-02-25T12:54:47.422+0000] {logging_mixin.py:150} INFO - [2024-02-25T12:54:47.422+0000] {dag.py:3508} INFO - Setting next_dagrun for example_branch_datetime_operator_3 to 2024-02-24T00:00:00+00:00, run_after=2024-02-25T00:00:00+00:00
[2024-02-25T12:54:47.443+0000] {processor.py:179} INFO - Processing /home/airflow/.local/lib/python3.7/site-packages/airflow/example_dags/example_branch_datetime_operator.py took 0.142 seconds
[2024-02-25T12:55:17.903+0000] {processor.py:157} INFO - Started process (PID=6039) to work on /home/airflow/.local/lib/python3.7/site-packages/airflow/example_dags/example_branch_datetime_operator.py
[2024-02-25T12:55:17.905+0000] {processor.py:826} INFO - Processing file /home/airflow/.local/lib/python3.7/site-packages/airflow/example_dags/example_branch_datetime_operator.py for tasks to queue
[2024-02-25T12:55:17.906+0000] {logging_mixin.py:150} INFO - [2024-02-25T12:55:17.905+0000] {dagbag.py:541} INFO - Filling up the DagBag from /home/airflow/.local/lib/python3.7/site-packages/airflow/example_dags/example_branch_datetime_operator.py
[2024-02-25T12:55:17.922+0000] {processor.py:836} INFO - DAG(s) dict_keys(['example_branch_datetime_operator', 'example_branch_datetime_operator_2', 'example_branch_datetime_operator_3']) retrieved from /home/airflow/.local/lib/python3.7/site-packages/airflow/example_dags/example_branch_datetime_operator.py
[2024-02-25T12:55:17.957+0000] {logging_mixin.py:150} INFO - [2024-02-25T12:55:17.956+0000] {dag.py:2742} INFO - Sync 3 DAGs
[2024-02-25T12:55:17.988+0000] {logging_mixin.py:150} INFO - [2024-02-25T12:55:17.987+0000] {dag.py:3508} INFO - Setting next_dagrun for example_branch_datetime_operator to 2024-02-24T00:00:00+00:00, run_after=2024-02-25T00:00:00+00:00
[2024-02-25T12:55:17.994+0000] {logging_mixin.py:150} INFO - [2024-02-25T12:55:17.994+0000] {dag.py:3508} INFO - Setting next_dagrun for example_branch_datetime_operator_2 to 2024-02-24T00:00:00+00:00, run_after=2024-02-25T00:00:00+00:00
[2024-02-25T12:55:17.998+0000] {logging_mixin.py:150} INFO - [2024-02-25T12:55:17.998+0000] {dag.py:3508} INFO - Setting next_dagrun for example_branch_datetime_operator_3 to 2024-02-24T00:00:00+00:00, run_after=2024-02-25T00:00:00+00:00
[2024-02-25T12:55:18.041+0000] {processor.py:179} INFO - Processing /home/airflow/.local/lib/python3.7/site-packages/airflow/example_dags/example_branch_datetime_operator.py took 0.142 seconds
[2024-02-25T12:55:48.691+0000] {processor.py:157} INFO - Started process (PID=6278) to work on /home/airflow/.local/lib/python3.7/site-packages/airflow/example_dags/example_branch_datetime_operator.py
[2024-02-25T12:55:48.692+0000] {processor.py:826} INFO - Processing file /home/airflow/.local/lib/python3.7/site-packages/airflow/example_dags/example_branch_datetime_operator.py for tasks to queue
[2024-02-25T12:55:48.693+0000] {logging_mixin.py:150} INFO - [2024-02-25T12:55:48.693+0000] {dagbag.py:541} INFO - Filling up the DagBag from /home/airflow/.local/lib/python3.7/site-packages/airflow/example_dags/example_branch_datetime_operator.py
[2024-02-25T12:55:48.707+0000] {processor.py:836} INFO - DAG(s) dict_keys(['example_branch_datetime_operator_3', 'example_branch_datetime_operator_2', 'example_branch_datetime_operator']) retrieved from /home/airflow/.local/lib/python3.7/site-packages/airflow/example_dags/example_branch_datetime_operator.py
[2024-02-25T12:55:48.750+0000] {logging_mixin.py:150} INFO - [2024-02-25T12:55:48.750+0000] {dag.py:2742} INFO - Sync 3 DAGs
[2024-02-25T12:55:48.792+0000] {logging_mixin.py:150} INFO - [2024-02-25T12:55:48.791+0000] {dag.py:3508} INFO - Setting next_dagrun for example_branch_datetime_operator to 2024-02-24T00:00:00+00:00, run_after=2024-02-25T00:00:00+00:00
[2024-02-25T12:55:48.797+0000] {logging_mixin.py:150} INFO - [2024-02-25T12:55:48.797+0000] {dag.py:3508} INFO - Setting next_dagrun for example_branch_datetime_operator_2 to 2024-02-24T00:00:00+00:00, run_after=2024-02-25T00:00:00+00:00
[2024-02-25T12:55:48.800+0000] {logging_mixin.py:150} INFO - [2024-02-25T12:55:48.800+0000] {dag.py:3508} INFO - Setting next_dagrun for example_branch_datetime_operator_3 to 2024-02-24T00:00:00+00:00, run_after=2024-02-25T00:00:00+00:00
[2024-02-25T12:55:48.822+0000] {processor.py:179} INFO - Processing /home/airflow/.local/lib/python3.7/site-packages/airflow/example_dags/example_branch_datetime_operator.py took 0.135 seconds
[2024-02-25T12:56:18.884+0000] {processor.py:157} INFO - Started process (PID=6519) to work on /home/airflow/.local/lib/python3.7/site-packages/airflow/example_dags/example_branch_datetime_operator.py
[2024-02-25T12:56:18.885+0000] {processor.py:826} INFO - Processing file /home/airflow/.local/lib/python3.7/site-packages/airflow/example_dags/example_branch_datetime_operator.py for tasks to queue
[2024-02-25T12:56:18.886+0000] {logging_mixin.py:150} INFO - [2024-02-25T12:56:18.885+0000] {dagbag.py:541} INFO - Filling up the DagBag from /home/airflow/.local/lib/python3.7/site-packages/airflow/example_dags/example_branch_datetime_operator.py
[2024-02-25T12:56:18.898+0000] {processor.py:836} INFO - DAG(s) dict_keys(['example_branch_datetime_operator_3', 'example_branch_datetime_operator_2', 'example_branch_datetime_operator']) retrieved from /home/airflow/.local/lib/python3.7/site-packages/airflow/example_dags/example_branch_datetime_operator.py
[2024-02-25T12:56:18.932+0000] {logging_mixin.py:150} INFO - [2024-02-25T12:56:18.932+0000] {dag.py:2742} INFO - Sync 3 DAGs
[2024-02-25T12:56:18.962+0000] {logging_mixin.py:150} INFO - [2024-02-25T12:56:18.962+0000] {dag.py:3508} INFO - Setting next_dagrun for example_branch_datetime_operator to 2024-02-24T00:00:00+00:00, run_after=2024-02-25T00:00:00+00:00
[2024-02-25T12:56:18.967+0000] {logging_mixin.py:150} INFO - [2024-02-25T12:56:18.967+0000] {dag.py:3508} INFO - Setting next_dagrun for example_branch_datetime_operator_2 to 2024-02-24T00:00:00+00:00, run_after=2024-02-25T00:00:00+00:00
[2024-02-25T12:56:18.970+0000] {logging_mixin.py:150} INFO - [2024-02-25T12:56:18.970+0000] {dag.py:3508} INFO - Setting next_dagrun for example_branch_datetime_operator_3 to 2024-02-24T00:00:00+00:00, run_after=2024-02-25T00:00:00+00:00
[2024-02-25T12:56:18.992+0000] {processor.py:179} INFO - Processing /home/airflow/.local/lib/python3.7/site-packages/airflow/example_dags/example_branch_datetime_operator.py took 0.111 seconds
[2024-02-25T12:56:49.183+0000] {processor.py:157} INFO - Started process (PID=6760) to work on /home/airflow/.local/lib/python3.7/site-packages/airflow/example_dags/example_branch_datetime_operator.py
[2024-02-25T12:56:49.184+0000] {processor.py:826} INFO - Processing file /home/airflow/.local/lib/python3.7/site-packages/airflow/example_dags/example_branch_datetime_operator.py for tasks to queue
[2024-02-25T12:56:49.184+0000] {logging_mixin.py:150} INFO - [2024-02-25T12:56:49.184+0000] {dagbag.py:541} INFO - Filling up the DagBag from /home/airflow/.local/lib/python3.7/site-packages/airflow/example_dags/example_branch_datetime_operator.py
[2024-02-25T12:56:49.195+0000] {processor.py:836} INFO - DAG(s) dict_keys(['example_branch_datetime_operator_2', 'example_branch_datetime_operator_3', 'example_branch_datetime_operator']) retrieved from /home/airflow/.local/lib/python3.7/site-packages/airflow/example_dags/example_branch_datetime_operator.py
[2024-02-25T12:56:49.231+0000] {logging_mixin.py:150} INFO - [2024-02-25T12:56:49.231+0000] {dag.py:2742} INFO - Sync 3 DAGs
[2024-02-25T12:56:49.266+0000] {logging_mixin.py:150} INFO - [2024-02-25T12:56:49.266+0000] {dag.py:3508} INFO - Setting next_dagrun for example_branch_datetime_operator to 2024-02-24T00:00:00+00:00, run_after=2024-02-25T00:00:00+00:00
[2024-02-25T12:56:49.271+0000] {logging_mixin.py:150} INFO - [2024-02-25T12:56:49.271+0000] {dag.py:3508} INFO - Setting next_dagrun for example_branch_datetime_operator_2 to 2024-02-24T00:00:00+00:00, run_after=2024-02-25T00:00:00+00:00
[2024-02-25T12:56:49.274+0000] {logging_mixin.py:150} INFO - [2024-02-25T12:56:49.274+0000] {dag.py:3508} INFO - Setting next_dagrun for example_branch_datetime_operator_3 to 2024-02-24T00:00:00+00:00, run_after=2024-02-25T00:00:00+00:00
[2024-02-25T12:56:49.294+0000] {processor.py:179} INFO - Processing /home/airflow/.local/lib/python3.7/site-packages/airflow/example_dags/example_branch_datetime_operator.py took 0.115 seconds
