[2024-02-25T12:43:02.055+0000] {processor.py:157} INFO - Started process (PID=286) to work on /home/airflow/.local/lib/python3.7/site-packages/airflow/example_dags/example_dynamic_task_mapping.py
[2024-02-25T12:43:02.056+0000] {processor.py:826} INFO - Processing file /home/airflow/.local/lib/python3.7/site-packages/airflow/example_dags/example_dynamic_task_mapping.py for tasks to queue
[2024-02-25T12:43:02.057+0000] {logging_mixin.py:150} INFO - [2024-02-25T12:43:02.057+0000] {dagbag.py:541} INFO - Filling up the DagBag from /home/airflow/.local/lib/python3.7/site-packages/airflow/example_dags/example_dynamic_task_mapping.py
[2024-02-25T12:43:02.076+0000] {processor.py:836} INFO - DAG(s) dict_keys(['example_dynamic_task_mapping']) retrieved from /home/airflow/.local/lib/python3.7/site-packages/airflow/example_dags/example_dynamic_task_mapping.py
[2024-02-25T12:43:02.095+0000] {logging_mixin.py:150} INFO - [2024-02-25T12:43:02.095+0000] {dag.py:2742} INFO - Sync 1 DAGs
[2024-02-25T12:43:02.156+0000] {logging_mixin.py:150} INFO - [2024-02-25T12:43:02.156+0000] {dag.py:3508} INFO - Setting next_dagrun for example_dynamic_task_mapping to 2022-03-04T00:00:00+00:00, run_after=2022-03-05T00:00:00+00:00
[2024-02-25T12:43:02.180+0000] {processor.py:179} INFO - Processing /home/airflow/.local/lib/python3.7/site-packages/airflow/example_dags/example_dynamic_task_mapping.py took 0.130 seconds
[2024-02-25T12:43:32.982+0000] {processor.py:157} INFO - Started process (PID=526) to work on /home/airflow/.local/lib/python3.7/site-packages/airflow/example_dags/example_dynamic_task_mapping.py
[2024-02-25T12:43:32.983+0000] {processor.py:826} INFO - Processing file /home/airflow/.local/lib/python3.7/site-packages/airflow/example_dags/example_dynamic_task_mapping.py for tasks to queue
[2024-02-25T12:43:32.984+0000] {logging_mixin.py:150} INFO - [2024-02-25T12:43:32.983+0000] {dagbag.py:541} INFO - Filling up the DagBag from /home/airflow/.local/lib/python3.7/site-packages/airflow/example_dags/example_dynamic_task_mapping.py
[2024-02-25T12:43:32.991+0000] {processor.py:836} INFO - DAG(s) dict_keys(['example_dynamic_task_mapping']) retrieved from /home/airflow/.local/lib/python3.7/site-packages/airflow/example_dags/example_dynamic_task_mapping.py
[2024-02-25T12:43:33.015+0000] {logging_mixin.py:150} INFO - [2024-02-25T12:43:33.015+0000] {dag.py:2742} INFO - Sync 1 DAGs
[2024-02-25T12:43:33.050+0000] {logging_mixin.py:150} INFO - [2024-02-25T12:43:33.050+0000] {dag.py:3508} INFO - Setting next_dagrun for example_dynamic_task_mapping to 2022-03-04T00:00:00+00:00, run_after=2022-03-05T00:00:00+00:00
[2024-02-25T12:43:33.079+0000] {processor.py:179} INFO - Processing /home/airflow/.local/lib/python3.7/site-packages/airflow/example_dags/example_dynamic_task_mapping.py took 0.101 seconds
[2024-02-25T12:44:04.012+0000] {processor.py:157} INFO - Started process (PID=768) to work on /home/airflow/.local/lib/python3.7/site-packages/airflow/example_dags/example_dynamic_task_mapping.py
[2024-02-25T12:44:04.013+0000] {processor.py:826} INFO - Processing file /home/airflow/.local/lib/python3.7/site-packages/airflow/example_dags/example_dynamic_task_mapping.py for tasks to queue
[2024-02-25T12:44:04.014+0000] {logging_mixin.py:150} INFO - [2024-02-25T12:44:04.014+0000] {dagbag.py:541} INFO - Filling up the DagBag from /home/airflow/.local/lib/python3.7/site-packages/airflow/example_dags/example_dynamic_task_mapping.py
[2024-02-25T12:44:04.024+0000] {processor.py:836} INFO - DAG(s) dict_keys(['example_dynamic_task_mapping']) retrieved from /home/airflow/.local/lib/python3.7/site-packages/airflow/example_dags/example_dynamic_task_mapping.py
[2024-02-25T12:44:04.042+0000] {logging_mixin.py:150} INFO - [2024-02-25T12:44:04.041+0000] {dag.py:2742} INFO - Sync 1 DAGs
[2024-02-25T12:44:04.095+0000] {logging_mixin.py:150} INFO - [2024-02-25T12:44:04.095+0000] {dag.py:3508} INFO - Setting next_dagrun for example_dynamic_task_mapping to 2022-03-04T00:00:00+00:00, run_after=2022-03-05T00:00:00+00:00
[2024-02-25T12:44:04.145+0000] {processor.py:179} INFO - Processing /home/airflow/.local/lib/python3.7/site-packages/airflow/example_dags/example_dynamic_task_mapping.py took 0.137 seconds
[2024-02-25T12:44:34.843+0000] {processor.py:157} INFO - Started process (PID=1009) to work on /home/airflow/.local/lib/python3.7/site-packages/airflow/example_dags/example_dynamic_task_mapping.py
[2024-02-25T12:44:34.845+0000] {processor.py:826} INFO - Processing file /home/airflow/.local/lib/python3.7/site-packages/airflow/example_dags/example_dynamic_task_mapping.py for tasks to queue
[2024-02-25T12:44:34.847+0000] {logging_mixin.py:150} INFO - [2024-02-25T12:44:34.846+0000] {dagbag.py:541} INFO - Filling up the DagBag from /home/airflow/.local/lib/python3.7/site-packages/airflow/example_dags/example_dynamic_task_mapping.py
[2024-02-25T12:44:34.858+0000] {processor.py:836} INFO - DAG(s) dict_keys(['example_dynamic_task_mapping']) retrieved from /home/airflow/.local/lib/python3.7/site-packages/airflow/example_dags/example_dynamic_task_mapping.py
[2024-02-25T12:44:34.889+0000] {logging_mixin.py:150} INFO - [2024-02-25T12:44:34.889+0000] {dag.py:2742} INFO - Sync 1 DAGs
[2024-02-25T12:44:34.932+0000] {logging_mixin.py:150} INFO - [2024-02-25T12:44:34.932+0000] {dag.py:3508} INFO - Setting next_dagrun for example_dynamic_task_mapping to 2022-03-04T00:00:00+00:00, run_after=2022-03-05T00:00:00+00:00
[2024-02-25T12:44:34.962+0000] {processor.py:179} INFO - Processing /home/airflow/.local/lib/python3.7/site-packages/airflow/example_dags/example_dynamic_task_mapping.py took 0.123 seconds
[2024-02-25T12:45:06.046+0000] {processor.py:157} INFO - Started process (PID=1250) to work on /home/airflow/.local/lib/python3.7/site-packages/airflow/example_dags/example_dynamic_task_mapping.py
[2024-02-25T12:45:06.047+0000] {processor.py:826} INFO - Processing file /home/airflow/.local/lib/python3.7/site-packages/airflow/example_dags/example_dynamic_task_mapping.py for tasks to queue
[2024-02-25T12:45:06.048+0000] {logging_mixin.py:150} INFO - [2024-02-25T12:45:06.048+0000] {dagbag.py:541} INFO - Filling up the DagBag from /home/airflow/.local/lib/python3.7/site-packages/airflow/example_dags/example_dynamic_task_mapping.py
[2024-02-25T12:45:06.057+0000] {processor.py:836} INFO - DAG(s) dict_keys(['example_dynamic_task_mapping']) retrieved from /home/airflow/.local/lib/python3.7/site-packages/airflow/example_dags/example_dynamic_task_mapping.py
[2024-02-25T12:45:06.088+0000] {logging_mixin.py:150} INFO - [2024-02-25T12:45:06.088+0000] {dag.py:2742} INFO - Sync 1 DAGs
[2024-02-25T12:45:06.126+0000] {logging_mixin.py:150} INFO - [2024-02-25T12:45:06.125+0000] {dag.py:3508} INFO - Setting next_dagrun for example_dynamic_task_mapping to 2022-03-04T00:00:00+00:00, run_after=2022-03-05T00:00:00+00:00
[2024-02-25T12:45:06.155+0000] {processor.py:179} INFO - Processing /home/airflow/.local/lib/python3.7/site-packages/airflow/example_dags/example_dynamic_task_mapping.py took 0.113 seconds
[2024-02-25T12:45:36.542+0000] {processor.py:157} INFO - Started process (PID=1498) to work on /home/airflow/.local/lib/python3.7/site-packages/airflow/example_dags/example_dynamic_task_mapping.py
[2024-02-25T12:45:36.543+0000] {processor.py:826} INFO - Processing file /home/airflow/.local/lib/python3.7/site-packages/airflow/example_dags/example_dynamic_task_mapping.py for tasks to queue
[2024-02-25T12:45:36.544+0000] {logging_mixin.py:150} INFO - [2024-02-25T12:45:36.544+0000] {dagbag.py:541} INFO - Filling up the DagBag from /home/airflow/.local/lib/python3.7/site-packages/airflow/example_dags/example_dynamic_task_mapping.py
[2024-02-25T12:45:36.554+0000] {processor.py:836} INFO - DAG(s) dict_keys(['example_dynamic_task_mapping']) retrieved from /home/airflow/.local/lib/python3.7/site-packages/airflow/example_dags/example_dynamic_task_mapping.py
[2024-02-25T12:45:36.586+0000] {logging_mixin.py:150} INFO - [2024-02-25T12:45:36.586+0000] {dag.py:2742} INFO - Sync 1 DAGs
[2024-02-25T12:45:36.623+0000] {logging_mixin.py:150} INFO - [2024-02-25T12:45:36.623+0000] {dag.py:3508} INFO - Setting next_dagrun for example_dynamic_task_mapping to 2022-03-04T00:00:00+00:00, run_after=2022-03-05T00:00:00+00:00
[2024-02-25T12:45:36.660+0000] {processor.py:179} INFO - Processing /home/airflow/.local/lib/python3.7/site-packages/airflow/example_dags/example_dynamic_task_mapping.py took 0.121 seconds
[2024-02-25T12:46:07.023+0000] {processor.py:157} INFO - Started process (PID=1739) to work on /home/airflow/.local/lib/python3.7/site-packages/airflow/example_dags/example_dynamic_task_mapping.py
[2024-02-25T12:46:07.025+0000] {processor.py:826} INFO - Processing file /home/airflow/.local/lib/python3.7/site-packages/airflow/example_dags/example_dynamic_task_mapping.py for tasks to queue
[2024-02-25T12:46:07.025+0000] {logging_mixin.py:150} INFO - [2024-02-25T12:46:07.025+0000] {dagbag.py:541} INFO - Filling up the DagBag from /home/airflow/.local/lib/python3.7/site-packages/airflow/example_dags/example_dynamic_task_mapping.py
[2024-02-25T12:46:07.032+0000] {processor.py:836} INFO - DAG(s) dict_keys(['example_dynamic_task_mapping']) retrieved from /home/airflow/.local/lib/python3.7/site-packages/airflow/example_dags/example_dynamic_task_mapping.py
[2024-02-25T12:46:07.065+0000] {logging_mixin.py:150} INFO - [2024-02-25T12:46:07.065+0000] {dag.py:2742} INFO - Sync 1 DAGs
[2024-02-25T12:46:07.103+0000] {logging_mixin.py:150} INFO - [2024-02-25T12:46:07.102+0000] {dag.py:3508} INFO - Setting next_dagrun for example_dynamic_task_mapping to 2022-03-04T00:00:00+00:00, run_after=2022-03-05T00:00:00+00:00
[2024-02-25T12:46:07.134+0000] {processor.py:179} INFO - Processing /home/airflow/.local/lib/python3.7/site-packages/airflow/example_dags/example_dynamic_task_mapping.py took 0.114 seconds
[2024-02-25T12:46:37.569+0000] {processor.py:157} INFO - Started process (PID=1980) to work on /home/airflow/.local/lib/python3.7/site-packages/airflow/example_dags/example_dynamic_task_mapping.py
[2024-02-25T12:46:37.570+0000] {processor.py:826} INFO - Processing file /home/airflow/.local/lib/python3.7/site-packages/airflow/example_dags/example_dynamic_task_mapping.py for tasks to queue
[2024-02-25T12:46:37.570+0000] {logging_mixin.py:150} INFO - [2024-02-25T12:46:37.570+0000] {dagbag.py:541} INFO - Filling up the DagBag from /home/airflow/.local/lib/python3.7/site-packages/airflow/example_dags/example_dynamic_task_mapping.py
[2024-02-25T12:46:37.580+0000] {processor.py:836} INFO - DAG(s) dict_keys(['example_dynamic_task_mapping']) retrieved from /home/airflow/.local/lib/python3.7/site-packages/airflow/example_dags/example_dynamic_task_mapping.py
[2024-02-25T12:46:37.622+0000] {logging_mixin.py:150} INFO - [2024-02-25T12:46:37.622+0000] {dag.py:2742} INFO - Sync 1 DAGs
[2024-02-25T12:46:37.684+0000] {logging_mixin.py:150} INFO - [2024-02-25T12:46:37.684+0000] {dag.py:3508} INFO - Setting next_dagrun for example_dynamic_task_mapping to 2022-03-04T00:00:00+00:00, run_after=2022-03-05T00:00:00+00:00
[2024-02-25T12:46:37.723+0000] {processor.py:179} INFO - Processing /home/airflow/.local/lib/python3.7/site-packages/airflow/example_dags/example_dynamic_task_mapping.py took 0.157 seconds
[2024-02-25T12:47:08.495+0000] {processor.py:157} INFO - Started process (PID=2221) to work on /home/airflow/.local/lib/python3.7/site-packages/airflow/example_dags/example_dynamic_task_mapping.py
[2024-02-25T12:47:08.501+0000] {processor.py:826} INFO - Processing file /home/airflow/.local/lib/python3.7/site-packages/airflow/example_dags/example_dynamic_task_mapping.py for tasks to queue
[2024-02-25T12:47:08.503+0000] {logging_mixin.py:150} INFO - [2024-02-25T12:47:08.502+0000] {dagbag.py:541} INFO - Filling up the DagBag from /home/airflow/.local/lib/python3.7/site-packages/airflow/example_dags/example_dynamic_task_mapping.py
[2024-02-25T12:47:08.527+0000] {processor.py:836} INFO - DAG(s) dict_keys(['example_dynamic_task_mapping']) retrieved from /home/airflow/.local/lib/python3.7/site-packages/airflow/example_dags/example_dynamic_task_mapping.py
[2024-02-25T12:47:08.577+0000] {logging_mixin.py:150} INFO - [2024-02-25T12:47:08.576+0000] {dag.py:2742} INFO - Sync 1 DAGs
[2024-02-25T12:47:08.642+0000] {logging_mixin.py:150} INFO - [2024-02-25T12:47:08.642+0000] {dag.py:3508} INFO - Setting next_dagrun for example_dynamic_task_mapping to 2022-03-04T00:00:00+00:00, run_after=2022-03-05T00:00:00+00:00
[2024-02-25T12:47:08.687+0000] {processor.py:179} INFO - Processing /home/airflow/.local/lib/python3.7/site-packages/airflow/example_dags/example_dynamic_task_mapping.py took 0.202 seconds
[2024-02-25T12:47:39.173+0000] {processor.py:157} INFO - Started process (PID=2464) to work on /home/airflow/.local/lib/python3.7/site-packages/airflow/example_dags/example_dynamic_task_mapping.py
[2024-02-25T12:47:39.174+0000] {processor.py:826} INFO - Processing file /home/airflow/.local/lib/python3.7/site-packages/airflow/example_dags/example_dynamic_task_mapping.py for tasks to queue
[2024-02-25T12:47:39.175+0000] {logging_mixin.py:150} INFO - [2024-02-25T12:47:39.175+0000] {dagbag.py:541} INFO - Filling up the DagBag from /home/airflow/.local/lib/python3.7/site-packages/airflow/example_dags/example_dynamic_task_mapping.py
[2024-02-25T12:47:39.186+0000] {processor.py:836} INFO - DAG(s) dict_keys(['example_dynamic_task_mapping']) retrieved from /home/airflow/.local/lib/python3.7/site-packages/airflow/example_dags/example_dynamic_task_mapping.py
[2024-02-25T12:47:39.214+0000] {logging_mixin.py:150} INFO - [2024-02-25T12:47:39.214+0000] {dag.py:2742} INFO - Sync 1 DAGs
[2024-02-25T12:47:39.243+0000] {logging_mixin.py:150} INFO - [2024-02-25T12:47:39.243+0000] {dag.py:3508} INFO - Setting next_dagrun for example_dynamic_task_mapping to 2022-03-04T00:00:00+00:00, run_after=2022-03-05T00:00:00+00:00
[2024-02-25T12:47:39.268+0000] {processor.py:179} INFO - Processing /home/airflow/.local/lib/python3.7/site-packages/airflow/example_dags/example_dynamic_task_mapping.py took 0.100 seconds
[2024-02-25T12:48:09.479+0000] {processor.py:157} INFO - Started process (PID=2703) to work on /home/airflow/.local/lib/python3.7/site-packages/airflow/example_dags/example_dynamic_task_mapping.py
[2024-02-25T12:48:09.481+0000] {processor.py:826} INFO - Processing file /home/airflow/.local/lib/python3.7/site-packages/airflow/example_dags/example_dynamic_task_mapping.py for tasks to queue
[2024-02-25T12:48:09.493+0000] {logging_mixin.py:150} INFO - [2024-02-25T12:48:09.482+0000] {dagbag.py:541} INFO - Filling up the DagBag from /home/airflow/.local/lib/python3.7/site-packages/airflow/example_dags/example_dynamic_task_mapping.py
[2024-02-25T12:48:09.520+0000] {processor.py:836} INFO - DAG(s) dict_keys(['example_dynamic_task_mapping']) retrieved from /home/airflow/.local/lib/python3.7/site-packages/airflow/example_dags/example_dynamic_task_mapping.py
[2024-02-25T12:48:09.561+0000] {logging_mixin.py:150} INFO - [2024-02-25T12:48:09.561+0000] {dag.py:2742} INFO - Sync 1 DAGs
[2024-02-25T12:48:09.612+0000] {logging_mixin.py:150} INFO - [2024-02-25T12:48:09.612+0000] {dag.py:3508} INFO - Setting next_dagrun for example_dynamic_task_mapping to 2022-03-04T00:00:00+00:00, run_after=2022-03-05T00:00:00+00:00
[2024-02-25T12:48:09.646+0000] {processor.py:179} INFO - Processing /home/airflow/.local/lib/python3.7/site-packages/airflow/example_dags/example_dynamic_task_mapping.py took 0.171 seconds
[2024-02-25T12:48:40.112+0000] {processor.py:157} INFO - Started process (PID=2945) to work on /home/airflow/.local/lib/python3.7/site-packages/airflow/example_dags/example_dynamic_task_mapping.py
[2024-02-25T12:48:40.114+0000] {processor.py:826} INFO - Processing file /home/airflow/.local/lib/python3.7/site-packages/airflow/example_dags/example_dynamic_task_mapping.py for tasks to queue
[2024-02-25T12:48:40.115+0000] {logging_mixin.py:150} INFO - [2024-02-25T12:48:40.115+0000] {dagbag.py:541} INFO - Filling up the DagBag from /home/airflow/.local/lib/python3.7/site-packages/airflow/example_dags/example_dynamic_task_mapping.py
[2024-02-25T12:48:40.127+0000] {processor.py:836} INFO - DAG(s) dict_keys(['example_dynamic_task_mapping']) retrieved from /home/airflow/.local/lib/python3.7/site-packages/airflow/example_dags/example_dynamic_task_mapping.py
[2024-02-25T12:48:40.160+0000] {logging_mixin.py:150} INFO - [2024-02-25T12:48:40.159+0000] {dag.py:2742} INFO - Sync 1 DAGs
[2024-02-25T12:48:40.193+0000] {logging_mixin.py:150} INFO - [2024-02-25T12:48:40.193+0000] {dag.py:3508} INFO - Setting next_dagrun for example_dynamic_task_mapping to 2022-03-04T00:00:00+00:00, run_after=2022-03-05T00:00:00+00:00
[2024-02-25T12:48:40.223+0000] {processor.py:179} INFO - Processing /home/airflow/.local/lib/python3.7/site-packages/airflow/example_dags/example_dynamic_task_mapping.py took 0.116 seconds
[2024-02-25T12:49:11.117+0000] {processor.py:157} INFO - Started process (PID=3188) to work on /home/airflow/.local/lib/python3.7/site-packages/airflow/example_dags/example_dynamic_task_mapping.py
[2024-02-25T12:49:11.118+0000] {processor.py:826} INFO - Processing file /home/airflow/.local/lib/python3.7/site-packages/airflow/example_dags/example_dynamic_task_mapping.py for tasks to queue
[2024-02-25T12:49:11.120+0000] {logging_mixin.py:150} INFO - [2024-02-25T12:49:11.119+0000] {dagbag.py:541} INFO - Filling up the DagBag from /home/airflow/.local/lib/python3.7/site-packages/airflow/example_dags/example_dynamic_task_mapping.py
[2024-02-25T12:49:11.131+0000] {processor.py:836} INFO - DAG(s) dict_keys(['example_dynamic_task_mapping']) retrieved from /home/airflow/.local/lib/python3.7/site-packages/airflow/example_dags/example_dynamic_task_mapping.py
[2024-02-25T12:49:11.172+0000] {logging_mixin.py:150} INFO - [2024-02-25T12:49:11.172+0000] {dag.py:2742} INFO - Sync 1 DAGs
[2024-02-25T12:49:11.230+0000] {logging_mixin.py:150} INFO - [2024-02-25T12:49:11.229+0000] {dag.py:3508} INFO - Setting next_dagrun for example_dynamic_task_mapping to 2022-03-04T00:00:00+00:00, run_after=2022-03-05T00:00:00+00:00
[2024-02-25T12:49:11.265+0000] {processor.py:179} INFO - Processing /home/airflow/.local/lib/python3.7/site-packages/airflow/example_dags/example_dynamic_task_mapping.py took 0.155 seconds
[2024-02-25T12:49:41.564+0000] {processor.py:157} INFO - Started process (PID=3427) to work on /home/airflow/.local/lib/python3.7/site-packages/airflow/example_dags/example_dynamic_task_mapping.py
[2024-02-25T12:49:41.565+0000] {processor.py:826} INFO - Processing file /home/airflow/.local/lib/python3.7/site-packages/airflow/example_dags/example_dynamic_task_mapping.py for tasks to queue
[2024-02-25T12:49:41.566+0000] {logging_mixin.py:150} INFO - [2024-02-25T12:49:41.566+0000] {dagbag.py:541} INFO - Filling up the DagBag from /home/airflow/.local/lib/python3.7/site-packages/airflow/example_dags/example_dynamic_task_mapping.py
[2024-02-25T12:49:41.574+0000] {processor.py:836} INFO - DAG(s) dict_keys(['example_dynamic_task_mapping']) retrieved from /home/airflow/.local/lib/python3.7/site-packages/airflow/example_dags/example_dynamic_task_mapping.py
[2024-02-25T12:49:41.600+0000] {logging_mixin.py:150} INFO - [2024-02-25T12:49:41.599+0000] {dag.py:2742} INFO - Sync 1 DAGs
[2024-02-25T12:49:41.632+0000] {logging_mixin.py:150} INFO - [2024-02-25T12:49:41.631+0000] {dag.py:3508} INFO - Setting next_dagrun for example_dynamic_task_mapping to 2022-03-04T00:00:00+00:00, run_after=2022-03-05T00:00:00+00:00
[2024-02-25T12:49:41.666+0000] {processor.py:179} INFO - Processing /home/airflow/.local/lib/python3.7/site-packages/airflow/example_dags/example_dynamic_task_mapping.py took 0.105 seconds
[2024-02-25T12:50:12.648+0000] {processor.py:157} INFO - Started process (PID=3668) to work on /home/airflow/.local/lib/python3.7/site-packages/airflow/example_dags/example_dynamic_task_mapping.py
[2024-02-25T12:50:12.649+0000] {processor.py:826} INFO - Processing file /home/airflow/.local/lib/python3.7/site-packages/airflow/example_dags/example_dynamic_task_mapping.py for tasks to queue
[2024-02-25T12:50:12.650+0000] {logging_mixin.py:150} INFO - [2024-02-25T12:50:12.650+0000] {dagbag.py:541} INFO - Filling up the DagBag from /home/airflow/.local/lib/python3.7/site-packages/airflow/example_dags/example_dynamic_task_mapping.py
[2024-02-25T12:50:12.658+0000] {processor.py:836} INFO - DAG(s) dict_keys(['example_dynamic_task_mapping']) retrieved from /home/airflow/.local/lib/python3.7/site-packages/airflow/example_dags/example_dynamic_task_mapping.py
[2024-02-25T12:50:12.689+0000] {logging_mixin.py:150} INFO - [2024-02-25T12:50:12.689+0000] {dag.py:2742} INFO - Sync 1 DAGs
[2024-02-25T12:50:12.722+0000] {logging_mixin.py:150} INFO - [2024-02-25T12:50:12.722+0000] {dag.py:3508} INFO - Setting next_dagrun for example_dynamic_task_mapping to 2022-03-04T00:00:00+00:00, run_after=2022-03-05T00:00:00+00:00
[2024-02-25T12:50:12.747+0000] {processor.py:179} INFO - Processing /home/airflow/.local/lib/python3.7/site-packages/airflow/example_dags/example_dynamic_task_mapping.py took 0.103 seconds
[2024-02-25T12:50:43.274+0000] {processor.py:157} INFO - Started process (PID=3909) to work on /home/airflow/.local/lib/python3.7/site-packages/airflow/example_dags/example_dynamic_task_mapping.py
[2024-02-25T12:50:43.275+0000] {processor.py:826} INFO - Processing file /home/airflow/.local/lib/python3.7/site-packages/airflow/example_dags/example_dynamic_task_mapping.py for tasks to queue
[2024-02-25T12:50:43.276+0000] {logging_mixin.py:150} INFO - [2024-02-25T12:50:43.275+0000] {dagbag.py:541} INFO - Filling up the DagBag from /home/airflow/.local/lib/python3.7/site-packages/airflow/example_dags/example_dynamic_task_mapping.py
[2024-02-25T12:50:43.282+0000] {processor.py:836} INFO - DAG(s) dict_keys(['example_dynamic_task_mapping']) retrieved from /home/airflow/.local/lib/python3.7/site-packages/airflow/example_dags/example_dynamic_task_mapping.py
[2024-02-25T12:50:43.306+0000] {logging_mixin.py:150} INFO - [2024-02-25T12:50:43.306+0000] {dag.py:2742} INFO - Sync 1 DAGs
[2024-02-25T12:50:43.335+0000] {logging_mixin.py:150} INFO - [2024-02-25T12:50:43.335+0000] {dag.py:3508} INFO - Setting next_dagrun for example_dynamic_task_mapping to 2022-03-04T00:00:00+00:00, run_after=2022-03-05T00:00:00+00:00
[2024-02-25T12:50:43.363+0000] {processor.py:179} INFO - Processing /home/airflow/.local/lib/python3.7/site-packages/airflow/example_dags/example_dynamic_task_mapping.py took 0.093 seconds
[2024-02-25T12:51:13.691+0000] {processor.py:157} INFO - Started process (PID=4150) to work on /home/airflow/.local/lib/python3.7/site-packages/airflow/example_dags/example_dynamic_task_mapping.py
[2024-02-25T12:51:13.692+0000] {processor.py:826} INFO - Processing file /home/airflow/.local/lib/python3.7/site-packages/airflow/example_dags/example_dynamic_task_mapping.py for tasks to queue
[2024-02-25T12:51:13.693+0000] {logging_mixin.py:150} INFO - [2024-02-25T12:51:13.693+0000] {dagbag.py:541} INFO - Filling up the DagBag from /home/airflow/.local/lib/python3.7/site-packages/airflow/example_dags/example_dynamic_task_mapping.py
[2024-02-25T12:51:13.700+0000] {processor.py:836} INFO - DAG(s) dict_keys(['example_dynamic_task_mapping']) retrieved from /home/airflow/.local/lib/python3.7/site-packages/airflow/example_dags/example_dynamic_task_mapping.py
[2024-02-25T12:51:13.724+0000] {logging_mixin.py:150} INFO - [2024-02-25T12:51:13.724+0000] {dag.py:2742} INFO - Sync 1 DAGs
[2024-02-25T12:51:13.763+0000] {logging_mixin.py:150} INFO - [2024-02-25T12:51:13.763+0000] {dag.py:3508} INFO - Setting next_dagrun for example_dynamic_task_mapping to 2022-03-04T00:00:00+00:00, run_after=2022-03-05T00:00:00+00:00
[2024-02-25T12:51:13.790+0000] {processor.py:179} INFO - Processing /home/airflow/.local/lib/python3.7/site-packages/airflow/example_dags/example_dynamic_task_mapping.py took 0.104 seconds
[2024-02-25T12:51:44.457+0000] {processor.py:157} INFO - Started process (PID=4391) to work on /home/airflow/.local/lib/python3.7/site-packages/airflow/example_dags/example_dynamic_task_mapping.py
[2024-02-25T12:51:44.458+0000] {processor.py:826} INFO - Processing file /home/airflow/.local/lib/python3.7/site-packages/airflow/example_dags/example_dynamic_task_mapping.py for tasks to queue
[2024-02-25T12:51:44.459+0000] {logging_mixin.py:150} INFO - [2024-02-25T12:51:44.459+0000] {dagbag.py:541} INFO - Filling up the DagBag from /home/airflow/.local/lib/python3.7/site-packages/airflow/example_dags/example_dynamic_task_mapping.py
[2024-02-25T12:51:44.468+0000] {processor.py:836} INFO - DAG(s) dict_keys(['example_dynamic_task_mapping']) retrieved from /home/airflow/.local/lib/python3.7/site-packages/airflow/example_dags/example_dynamic_task_mapping.py
[2024-02-25T12:51:44.496+0000] {logging_mixin.py:150} INFO - [2024-02-25T12:51:44.495+0000] {dag.py:2742} INFO - Sync 1 DAGs
[2024-02-25T12:51:44.528+0000] {logging_mixin.py:150} INFO - [2024-02-25T12:51:44.528+0000] {dag.py:3508} INFO - Setting next_dagrun for example_dynamic_task_mapping to 2022-03-04T00:00:00+00:00, run_after=2022-03-05T00:00:00+00:00
[2024-02-25T12:51:44.558+0000] {processor.py:179} INFO - Processing /home/airflow/.local/lib/python3.7/site-packages/airflow/example_dags/example_dynamic_task_mapping.py took 0.106 seconds
[2024-02-25T12:52:15.081+0000] {processor.py:157} INFO - Started process (PID=4632) to work on /home/airflow/.local/lib/python3.7/site-packages/airflow/example_dags/example_dynamic_task_mapping.py
[2024-02-25T12:52:15.083+0000] {processor.py:826} INFO - Processing file /home/airflow/.local/lib/python3.7/site-packages/airflow/example_dags/example_dynamic_task_mapping.py for tasks to queue
[2024-02-25T12:52:15.084+0000] {logging_mixin.py:150} INFO - [2024-02-25T12:52:15.083+0000] {dagbag.py:541} INFO - Filling up the DagBag from /home/airflow/.local/lib/python3.7/site-packages/airflow/example_dags/example_dynamic_task_mapping.py
[2024-02-25T12:52:15.092+0000] {processor.py:836} INFO - DAG(s) dict_keys(['example_dynamic_task_mapping']) retrieved from /home/airflow/.local/lib/python3.7/site-packages/airflow/example_dags/example_dynamic_task_mapping.py
[2024-02-25T12:52:15.119+0000] {logging_mixin.py:150} INFO - [2024-02-25T12:52:15.118+0000] {dag.py:2742} INFO - Sync 1 DAGs
[2024-02-25T12:52:15.156+0000] {logging_mixin.py:150} INFO - [2024-02-25T12:52:15.156+0000] {dag.py:3508} INFO - Setting next_dagrun for example_dynamic_task_mapping to 2022-03-04T00:00:00+00:00, run_after=2022-03-05T00:00:00+00:00
[2024-02-25T12:52:15.180+0000] {processor.py:179} INFO - Processing /home/airflow/.local/lib/python3.7/site-packages/airflow/example_dags/example_dynamic_task_mapping.py took 0.104 seconds
[2024-02-25T12:52:45.577+0000] {processor.py:157} INFO - Started process (PID=4873) to work on /home/airflow/.local/lib/python3.7/site-packages/airflow/example_dags/example_dynamic_task_mapping.py
[2024-02-25T12:52:45.578+0000] {processor.py:826} INFO - Processing file /home/airflow/.local/lib/python3.7/site-packages/airflow/example_dags/example_dynamic_task_mapping.py for tasks to queue
[2024-02-25T12:52:45.579+0000] {logging_mixin.py:150} INFO - [2024-02-25T12:52:45.578+0000] {dagbag.py:541} INFO - Filling up the DagBag from /home/airflow/.local/lib/python3.7/site-packages/airflow/example_dags/example_dynamic_task_mapping.py
[2024-02-25T12:52:45.589+0000] {processor.py:836} INFO - DAG(s) dict_keys(['example_dynamic_task_mapping']) retrieved from /home/airflow/.local/lib/python3.7/site-packages/airflow/example_dags/example_dynamic_task_mapping.py
[2024-02-25T12:52:45.624+0000] {logging_mixin.py:150} INFO - [2024-02-25T12:52:45.624+0000] {dag.py:2742} INFO - Sync 1 DAGs
[2024-02-25T12:52:45.678+0000] {logging_mixin.py:150} INFO - [2024-02-25T12:52:45.678+0000] {dag.py:3508} INFO - Setting next_dagrun for example_dynamic_task_mapping to 2022-03-04T00:00:00+00:00, run_after=2022-03-05T00:00:00+00:00
[2024-02-25T12:52:45.704+0000] {processor.py:179} INFO - Processing /home/airflow/.local/lib/python3.7/site-packages/airflow/example_dags/example_dynamic_task_mapping.py took 0.133 seconds
[2024-02-25T12:53:16.747+0000] {processor.py:157} INFO - Started process (PID=5114) to work on /home/airflow/.local/lib/python3.7/site-packages/airflow/example_dags/example_dynamic_task_mapping.py
[2024-02-25T12:53:16.748+0000] {processor.py:826} INFO - Processing file /home/airflow/.local/lib/python3.7/site-packages/airflow/example_dags/example_dynamic_task_mapping.py for tasks to queue
[2024-02-25T12:53:16.749+0000] {logging_mixin.py:150} INFO - [2024-02-25T12:53:16.748+0000] {dagbag.py:541} INFO - Filling up the DagBag from /home/airflow/.local/lib/python3.7/site-packages/airflow/example_dags/example_dynamic_task_mapping.py
[2024-02-25T12:53:16.756+0000] {processor.py:836} INFO - DAG(s) dict_keys(['example_dynamic_task_mapping']) retrieved from /home/airflow/.local/lib/python3.7/site-packages/airflow/example_dags/example_dynamic_task_mapping.py
[2024-02-25T12:53:16.780+0000] {logging_mixin.py:150} INFO - [2024-02-25T12:53:16.780+0000] {dag.py:2742} INFO - Sync 1 DAGs
[2024-02-25T12:53:16.808+0000] {logging_mixin.py:150} INFO - [2024-02-25T12:53:16.808+0000] {dag.py:3508} INFO - Setting next_dagrun for example_dynamic_task_mapping to 2022-03-04T00:00:00+00:00, run_after=2022-03-05T00:00:00+00:00
[2024-02-25T12:53:16.832+0000] {processor.py:179} INFO - Processing /home/airflow/.local/lib/python3.7/site-packages/airflow/example_dags/example_dynamic_task_mapping.py took 0.090 seconds
[2024-02-25T12:53:47.800+0000] {processor.py:157} INFO - Started process (PID=5355) to work on /home/airflow/.local/lib/python3.7/site-packages/airflow/example_dags/example_dynamic_task_mapping.py
[2024-02-25T12:53:47.801+0000] {processor.py:826} INFO - Processing file /home/airflow/.local/lib/python3.7/site-packages/airflow/example_dags/example_dynamic_task_mapping.py for tasks to queue
[2024-02-25T12:53:47.802+0000] {logging_mixin.py:150} INFO - [2024-02-25T12:53:47.802+0000] {dagbag.py:541} INFO - Filling up the DagBag from /home/airflow/.local/lib/python3.7/site-packages/airflow/example_dags/example_dynamic_task_mapping.py
[2024-02-25T12:53:47.811+0000] {processor.py:836} INFO - DAG(s) dict_keys(['example_dynamic_task_mapping']) retrieved from /home/airflow/.local/lib/python3.7/site-packages/airflow/example_dags/example_dynamic_task_mapping.py
[2024-02-25T12:53:47.837+0000] {logging_mixin.py:150} INFO - [2024-02-25T12:53:47.837+0000] {dag.py:2742} INFO - Sync 1 DAGs
[2024-02-25T12:53:47.869+0000] {logging_mixin.py:150} INFO - [2024-02-25T12:53:47.869+0000] {dag.py:3508} INFO - Setting next_dagrun for example_dynamic_task_mapping to 2022-03-04T00:00:00+00:00, run_after=2022-03-05T00:00:00+00:00
[2024-02-25T12:53:47.891+0000] {processor.py:179} INFO - Processing /home/airflow/.local/lib/python3.7/site-packages/airflow/example_dags/example_dynamic_task_mapping.py took 0.096 seconds
[2024-02-25T12:54:18.511+0000] {processor.py:157} INFO - Started process (PID=5596) to work on /home/airflow/.local/lib/python3.7/site-packages/airflow/example_dags/example_dynamic_task_mapping.py
[2024-02-25T12:54:18.512+0000] {processor.py:826} INFO - Processing file /home/airflow/.local/lib/python3.7/site-packages/airflow/example_dags/example_dynamic_task_mapping.py for tasks to queue
[2024-02-25T12:54:18.513+0000] {logging_mixin.py:150} INFO - [2024-02-25T12:54:18.513+0000] {dagbag.py:541} INFO - Filling up the DagBag from /home/airflow/.local/lib/python3.7/site-packages/airflow/example_dags/example_dynamic_task_mapping.py
[2024-02-25T12:54:18.522+0000] {processor.py:836} INFO - DAG(s) dict_keys(['example_dynamic_task_mapping']) retrieved from /home/airflow/.local/lib/python3.7/site-packages/airflow/example_dags/example_dynamic_task_mapping.py
[2024-02-25T12:54:18.551+0000] {logging_mixin.py:150} INFO - [2024-02-25T12:54:18.551+0000] {dag.py:2742} INFO - Sync 1 DAGs
[2024-02-25T12:54:18.601+0000] {logging_mixin.py:150} INFO - [2024-02-25T12:54:18.601+0000] {dag.py:3508} INFO - Setting next_dagrun for example_dynamic_task_mapping to 2022-03-04T00:00:00+00:00, run_after=2022-03-05T00:00:00+00:00
[2024-02-25T12:54:18.629+0000] {processor.py:179} INFO - Processing /home/airflow/.local/lib/python3.7/site-packages/airflow/example_dags/example_dynamic_task_mapping.py took 0.123 seconds
[2024-02-25T12:54:49.024+0000] {processor.py:157} INFO - Started process (PID=5837) to work on /home/airflow/.local/lib/python3.7/site-packages/airflow/example_dags/example_dynamic_task_mapping.py
[2024-02-25T12:54:49.025+0000] {processor.py:826} INFO - Processing file /home/airflow/.local/lib/python3.7/site-packages/airflow/example_dags/example_dynamic_task_mapping.py for tasks to queue
[2024-02-25T12:54:49.026+0000] {logging_mixin.py:150} INFO - [2024-02-25T12:54:49.025+0000] {dagbag.py:541} INFO - Filling up the DagBag from /home/airflow/.local/lib/python3.7/site-packages/airflow/example_dags/example_dynamic_task_mapping.py
[2024-02-25T12:54:49.033+0000] {processor.py:836} INFO - DAG(s) dict_keys(['example_dynamic_task_mapping']) retrieved from /home/airflow/.local/lib/python3.7/site-packages/airflow/example_dags/example_dynamic_task_mapping.py
[2024-02-25T12:54:49.060+0000] {logging_mixin.py:150} INFO - [2024-02-25T12:54:49.060+0000] {dag.py:2742} INFO - Sync 1 DAGs
[2024-02-25T12:54:49.096+0000] {logging_mixin.py:150} INFO - [2024-02-25T12:54:49.096+0000] {dag.py:3508} INFO - Setting next_dagrun for example_dynamic_task_mapping to 2022-03-04T00:00:00+00:00, run_after=2022-03-05T00:00:00+00:00
[2024-02-25T12:54:49.126+0000] {processor.py:179} INFO - Processing /home/airflow/.local/lib/python3.7/site-packages/airflow/example_dags/example_dynamic_task_mapping.py took 0.106 seconds
[2024-02-25T12:55:19.682+0000] {processor.py:157} INFO - Started process (PID=6077) to work on /home/airflow/.local/lib/python3.7/site-packages/airflow/example_dags/example_dynamic_task_mapping.py
[2024-02-25T12:55:19.683+0000] {processor.py:826} INFO - Processing file /home/airflow/.local/lib/python3.7/site-packages/airflow/example_dags/example_dynamic_task_mapping.py for tasks to queue
[2024-02-25T12:55:19.684+0000] {logging_mixin.py:150} INFO - [2024-02-25T12:55:19.683+0000] {dagbag.py:541} INFO - Filling up the DagBag from /home/airflow/.local/lib/python3.7/site-packages/airflow/example_dags/example_dynamic_task_mapping.py
[2024-02-25T12:55:19.692+0000] {processor.py:836} INFO - DAG(s) dict_keys(['example_dynamic_task_mapping']) retrieved from /home/airflow/.local/lib/python3.7/site-packages/airflow/example_dags/example_dynamic_task_mapping.py
[2024-02-25T12:55:19.718+0000] {logging_mixin.py:150} INFO - [2024-02-25T12:55:19.718+0000] {dag.py:2742} INFO - Sync 1 DAGs
[2024-02-25T12:55:19.764+0000] {logging_mixin.py:150} INFO - [2024-02-25T12:55:19.763+0000] {dag.py:3508} INFO - Setting next_dagrun for example_dynamic_task_mapping to 2022-03-04T00:00:00+00:00, run_after=2022-03-05T00:00:00+00:00
[2024-02-25T12:55:19.788+0000] {processor.py:179} INFO - Processing /home/airflow/.local/lib/python3.7/site-packages/airflow/example_dags/example_dynamic_task_mapping.py took 0.110 seconds
[2024-02-25T12:55:50.575+0000] {processor.py:157} INFO - Started process (PID=6318) to work on /home/airflow/.local/lib/python3.7/site-packages/airflow/example_dags/example_dynamic_task_mapping.py
[2024-02-25T12:55:50.576+0000] {processor.py:826} INFO - Processing file /home/airflow/.local/lib/python3.7/site-packages/airflow/example_dags/example_dynamic_task_mapping.py for tasks to queue
[2024-02-25T12:55:50.576+0000] {logging_mixin.py:150} INFO - [2024-02-25T12:55:50.576+0000] {dagbag.py:541} INFO - Filling up the DagBag from /home/airflow/.local/lib/python3.7/site-packages/airflow/example_dags/example_dynamic_task_mapping.py
[2024-02-25T12:55:50.583+0000] {processor.py:836} INFO - DAG(s) dict_keys(['example_dynamic_task_mapping']) retrieved from /home/airflow/.local/lib/python3.7/site-packages/airflow/example_dags/example_dynamic_task_mapping.py
[2024-02-25T12:55:50.611+0000] {logging_mixin.py:150} INFO - [2024-02-25T12:55:50.611+0000] {dag.py:2742} INFO - Sync 1 DAGs
[2024-02-25T12:55:50.648+0000] {logging_mixin.py:150} INFO - [2024-02-25T12:55:50.648+0000] {dag.py:3508} INFO - Setting next_dagrun for example_dynamic_task_mapping to 2022-03-04T00:00:00+00:00, run_after=2022-03-05T00:00:00+00:00
[2024-02-25T12:55:50.674+0000] {processor.py:179} INFO - Processing /home/airflow/.local/lib/python3.7/site-packages/airflow/example_dags/example_dynamic_task_mapping.py took 0.104 seconds
[2024-02-25T12:56:21.696+0000] {processor.py:157} INFO - Started process (PID=6566) to work on /home/airflow/.local/lib/python3.7/site-packages/airflow/example_dags/example_dynamic_task_mapping.py
[2024-02-25T12:56:21.697+0000] {processor.py:826} INFO - Processing file /home/airflow/.local/lib/python3.7/site-packages/airflow/example_dags/example_dynamic_task_mapping.py for tasks to queue
[2024-02-25T12:56:21.698+0000] {logging_mixin.py:150} INFO - [2024-02-25T12:56:21.697+0000] {dagbag.py:541} INFO - Filling up the DagBag from /home/airflow/.local/lib/python3.7/site-packages/airflow/example_dags/example_dynamic_task_mapping.py
[2024-02-25T12:56:21.706+0000] {processor.py:836} INFO - DAG(s) dict_keys(['example_dynamic_task_mapping']) retrieved from /home/airflow/.local/lib/python3.7/site-packages/airflow/example_dags/example_dynamic_task_mapping.py
[2024-02-25T12:56:21.735+0000] {logging_mixin.py:150} INFO - [2024-02-25T12:56:21.735+0000] {dag.py:2742} INFO - Sync 1 DAGs
[2024-02-25T12:56:21.767+0000] {logging_mixin.py:150} INFO - [2024-02-25T12:56:21.767+0000] {dag.py:3508} INFO - Setting next_dagrun for example_dynamic_task_mapping to 2022-03-04T00:00:00+00:00, run_after=2022-03-05T00:00:00+00:00
[2024-02-25T12:56:21.793+0000] {processor.py:179} INFO - Processing /home/airflow/.local/lib/python3.7/site-packages/airflow/example_dags/example_dynamic_task_mapping.py took 0.101 seconds
[2024-02-25T12:56:52.013+0000] {processor.py:157} INFO - Started process (PID=6807) to work on /home/airflow/.local/lib/python3.7/site-packages/airflow/example_dags/example_dynamic_task_mapping.py
[2024-02-25T12:56:52.014+0000] {processor.py:826} INFO - Processing file /home/airflow/.local/lib/python3.7/site-packages/airflow/example_dags/example_dynamic_task_mapping.py for tasks to queue
[2024-02-25T12:56:52.014+0000] {logging_mixin.py:150} INFO - [2024-02-25T12:56:52.014+0000] {dagbag.py:541} INFO - Filling up the DagBag from /home/airflow/.local/lib/python3.7/site-packages/airflow/example_dags/example_dynamic_task_mapping.py
[2024-02-25T12:56:52.023+0000] {processor.py:836} INFO - DAG(s) dict_keys(['example_dynamic_task_mapping']) retrieved from /home/airflow/.local/lib/python3.7/site-packages/airflow/example_dags/example_dynamic_task_mapping.py
[2024-02-25T12:56:52.053+0000] {logging_mixin.py:150} INFO - [2024-02-25T12:56:52.053+0000] {dag.py:2742} INFO - Sync 1 DAGs
[2024-02-25T12:56:52.082+0000] {logging_mixin.py:150} INFO - [2024-02-25T12:56:52.082+0000] {dag.py:3508} INFO - Setting next_dagrun for example_dynamic_task_mapping to 2022-03-04T00:00:00+00:00, run_after=2022-03-05T00:00:00+00:00
[2024-02-25T12:56:52.103+0000] {processor.py:179} INFO - Processing /home/airflow/.local/lib/python3.7/site-packages/airflow/example_dags/example_dynamic_task_mapping.py took 0.094 seconds
