[2024-02-25T12:43:03.209+0000] {processor.py:157} INFO - Started process (PID=351) to work on /home/airflow/.local/lib/python3.7/site-packages/airflow/example_dags/example_sensor_decorator.py
[2024-02-25T12:43:03.210+0000] {processor.py:826} INFO - Processing file /home/airflow/.local/lib/python3.7/site-packages/airflow/example_dags/example_sensor_decorator.py for tasks to queue
[2024-02-25T12:43:03.211+0000] {logging_mixin.py:150} INFO - [2024-02-25T12:43:03.211+0000] {dagbag.py:541} INFO - Filling up the DagBag from /home/airflow/.local/lib/python3.7/site-packages/airflow/example_dags/example_sensor_decorator.py
[2024-02-25T12:43:03.217+0000] {processor.py:836} INFO - DAG(s) dict_keys(['example_sensor_decorator']) retrieved from /home/airflow/.local/lib/python3.7/site-packages/airflow/example_dags/example_sensor_decorator.py
[2024-02-25T12:43:03.233+0000] {logging_mixin.py:150} INFO - [2024-02-25T12:43:03.232+0000] {dag.py:2742} INFO - Sync 1 DAGs
[2024-02-25T12:43:03.275+0000] {logging_mixin.py:150} INFO - [2024-02-25T12:43:03.275+0000] {dag.py:3508} INFO - Setting next_dagrun for example_sensor_decorator to None, run_after=None
[2024-02-25T12:43:03.302+0000] {processor.py:179} INFO - Processing /home/airflow/.local/lib/python3.7/site-packages/airflow/example_dags/example_sensor_decorator.py took 0.096 seconds
[2024-02-25T12:43:34.218+0000] {processor.py:157} INFO - Started process (PID=591) to work on /home/airflow/.local/lib/python3.7/site-packages/airflow/example_dags/example_sensor_decorator.py
[2024-02-25T12:43:34.219+0000] {processor.py:826} INFO - Processing file /home/airflow/.local/lib/python3.7/site-packages/airflow/example_dags/example_sensor_decorator.py for tasks to queue
[2024-02-25T12:43:34.219+0000] {logging_mixin.py:150} INFO - [2024-02-25T12:43:34.219+0000] {dagbag.py:541} INFO - Filling up the DagBag from /home/airflow/.local/lib/python3.7/site-packages/airflow/example_dags/example_sensor_decorator.py
[2024-02-25T12:43:34.225+0000] {processor.py:836} INFO - DAG(s) dict_keys(['example_sensor_decorator']) retrieved from /home/airflow/.local/lib/python3.7/site-packages/airflow/example_dags/example_sensor_decorator.py
[2024-02-25T12:43:34.252+0000] {logging_mixin.py:150} INFO - [2024-02-25T12:43:34.252+0000] {dag.py:2742} INFO - Sync 1 DAGs
[2024-02-25T12:43:34.281+0000] {logging_mixin.py:150} INFO - [2024-02-25T12:43:34.281+0000] {dag.py:3508} INFO - Setting next_dagrun for example_sensor_decorator to None, run_after=None
[2024-02-25T12:43:34.313+0000] {processor.py:179} INFO - Processing /home/airflow/.local/lib/python3.7/site-packages/airflow/example_dags/example_sensor_decorator.py took 0.099 seconds
[2024-02-25T12:44:05.504+0000] {processor.py:157} INFO - Started process (PID=833) to work on /home/airflow/.local/lib/python3.7/site-packages/airflow/example_dags/example_sensor_decorator.py
[2024-02-25T12:44:05.507+0000] {processor.py:826} INFO - Processing file /home/airflow/.local/lib/python3.7/site-packages/airflow/example_dags/example_sensor_decorator.py for tasks to queue
[2024-02-25T12:44:05.508+0000] {logging_mixin.py:150} INFO - [2024-02-25T12:44:05.508+0000] {dagbag.py:541} INFO - Filling up the DagBag from /home/airflow/.local/lib/python3.7/site-packages/airflow/example_dags/example_sensor_decorator.py
[2024-02-25T12:44:05.517+0000] {processor.py:836} INFO - DAG(s) dict_keys(['example_sensor_decorator']) retrieved from /home/airflow/.local/lib/python3.7/site-packages/airflow/example_dags/example_sensor_decorator.py
[2024-02-25T12:44:05.544+0000] {logging_mixin.py:150} INFO - [2024-02-25T12:44:05.544+0000] {dag.py:2742} INFO - Sync 1 DAGs
[2024-02-25T12:44:05.604+0000] {logging_mixin.py:150} INFO - [2024-02-25T12:44:05.604+0000] {dag.py:3508} INFO - Setting next_dagrun for example_sensor_decorator to None, run_after=None
[2024-02-25T12:44:05.647+0000] {processor.py:179} INFO - Processing /home/airflow/.local/lib/python3.7/site-packages/airflow/example_dags/example_sensor_decorator.py took 0.148 seconds
[2024-02-25T12:44:36.350+0000] {processor.py:157} INFO - Started process (PID=1074) to work on /home/airflow/.local/lib/python3.7/site-packages/airflow/example_dags/example_sensor_decorator.py
[2024-02-25T12:44:36.352+0000] {processor.py:826} INFO - Processing file /home/airflow/.local/lib/python3.7/site-packages/airflow/example_dags/example_sensor_decorator.py for tasks to queue
[2024-02-25T12:44:36.354+0000] {logging_mixin.py:150} INFO - [2024-02-25T12:44:36.353+0000] {dagbag.py:541} INFO - Filling up the DagBag from /home/airflow/.local/lib/python3.7/site-packages/airflow/example_dags/example_sensor_decorator.py
[2024-02-25T12:44:36.361+0000] {processor.py:836} INFO - DAG(s) dict_keys(['example_sensor_decorator']) retrieved from /home/airflow/.local/lib/python3.7/site-packages/airflow/example_dags/example_sensor_decorator.py
[2024-02-25T12:44:36.392+0000] {logging_mixin.py:150} INFO - [2024-02-25T12:44:36.392+0000] {dag.py:2742} INFO - Sync 1 DAGs
[2024-02-25T12:44:36.437+0000] {logging_mixin.py:150} INFO - [2024-02-25T12:44:36.437+0000] {dag.py:3508} INFO - Setting next_dagrun for example_sensor_decorator to None, run_after=None
[2024-02-25T12:44:36.470+0000] {processor.py:179} INFO - Processing /home/airflow/.local/lib/python3.7/site-packages/airflow/example_dags/example_sensor_decorator.py took 0.125 seconds
[2024-02-25T12:45:07.521+0000] {processor.py:157} INFO - Started process (PID=1315) to work on /home/airflow/.local/lib/python3.7/site-packages/airflow/example_dags/example_sensor_decorator.py
[2024-02-25T12:45:07.522+0000] {processor.py:826} INFO - Processing file /home/airflow/.local/lib/python3.7/site-packages/airflow/example_dags/example_sensor_decorator.py for tasks to queue
[2024-02-25T12:45:07.525+0000] {logging_mixin.py:150} INFO - [2024-02-25T12:45:07.524+0000] {dagbag.py:541} INFO - Filling up the DagBag from /home/airflow/.local/lib/python3.7/site-packages/airflow/example_dags/example_sensor_decorator.py
[2024-02-25T12:45:07.532+0000] {processor.py:836} INFO - DAG(s) dict_keys(['example_sensor_decorator']) retrieved from /home/airflow/.local/lib/python3.7/site-packages/airflow/example_dags/example_sensor_decorator.py
[2024-02-25T12:45:07.564+0000] {logging_mixin.py:150} INFO - [2024-02-25T12:45:07.564+0000] {dag.py:2742} INFO - Sync 1 DAGs
[2024-02-25T12:45:07.602+0000] {logging_mixin.py:150} INFO - [2024-02-25T12:45:07.602+0000] {dag.py:3508} INFO - Setting next_dagrun for example_sensor_decorator to None, run_after=None
[2024-02-25T12:45:07.634+0000] {processor.py:179} INFO - Processing /home/airflow/.local/lib/python3.7/site-packages/airflow/example_dags/example_sensor_decorator.py took 0.118 seconds
[2024-02-25T12:45:37.938+0000] {processor.py:157} INFO - Started process (PID=1563) to work on /home/airflow/.local/lib/python3.7/site-packages/airflow/example_dags/example_sensor_decorator.py
[2024-02-25T12:45:37.939+0000] {processor.py:826} INFO - Processing file /home/airflow/.local/lib/python3.7/site-packages/airflow/example_dags/example_sensor_decorator.py for tasks to queue
[2024-02-25T12:45:37.940+0000] {logging_mixin.py:150} INFO - [2024-02-25T12:45:37.940+0000] {dagbag.py:541} INFO - Filling up the DagBag from /home/airflow/.local/lib/python3.7/site-packages/airflow/example_dags/example_sensor_decorator.py
[2024-02-25T12:45:37.948+0000] {processor.py:836} INFO - DAG(s) dict_keys(['example_sensor_decorator']) retrieved from /home/airflow/.local/lib/python3.7/site-packages/airflow/example_dags/example_sensor_decorator.py
[2024-02-25T12:45:37.985+0000] {logging_mixin.py:150} INFO - [2024-02-25T12:45:37.985+0000] {dag.py:2742} INFO - Sync 1 DAGs
[2024-02-25T12:45:38.029+0000] {logging_mixin.py:150} INFO - [2024-02-25T12:45:38.029+0000] {dag.py:3508} INFO - Setting next_dagrun for example_sensor_decorator to None, run_after=None
[2024-02-25T12:45:38.064+0000] {processor.py:179} INFO - Processing /home/airflow/.local/lib/python3.7/site-packages/airflow/example_dags/example_sensor_decorator.py took 0.131 seconds
[2024-02-25T12:46:08.468+0000] {processor.py:157} INFO - Started process (PID=1804) to work on /home/airflow/.local/lib/python3.7/site-packages/airflow/example_dags/example_sensor_decorator.py
[2024-02-25T12:46:08.469+0000] {processor.py:826} INFO - Processing file /home/airflow/.local/lib/python3.7/site-packages/airflow/example_dags/example_sensor_decorator.py for tasks to queue
[2024-02-25T12:46:08.470+0000] {logging_mixin.py:150} INFO - [2024-02-25T12:46:08.469+0000] {dagbag.py:541} INFO - Filling up the DagBag from /home/airflow/.local/lib/python3.7/site-packages/airflow/example_dags/example_sensor_decorator.py
[2024-02-25T12:46:08.477+0000] {processor.py:836} INFO - DAG(s) dict_keys(['example_sensor_decorator']) retrieved from /home/airflow/.local/lib/python3.7/site-packages/airflow/example_dags/example_sensor_decorator.py
[2024-02-25T12:46:08.509+0000] {logging_mixin.py:150} INFO - [2024-02-25T12:46:08.508+0000] {dag.py:2742} INFO - Sync 1 DAGs
[2024-02-25T12:46:08.543+0000] {logging_mixin.py:150} INFO - [2024-02-25T12:46:08.543+0000] {dag.py:3508} INFO - Setting next_dagrun for example_sensor_decorator to None, run_after=None
[2024-02-25T12:46:08.574+0000] {processor.py:179} INFO - Processing /home/airflow/.local/lib/python3.7/site-packages/airflow/example_dags/example_sensor_decorator.py took 0.112 seconds
[2024-02-25T12:46:38.894+0000] {processor.py:157} INFO - Started process (PID=2045) to work on /home/airflow/.local/lib/python3.7/site-packages/airflow/example_dags/example_sensor_decorator.py
[2024-02-25T12:46:38.895+0000] {processor.py:826} INFO - Processing file /home/airflow/.local/lib/python3.7/site-packages/airflow/example_dags/example_sensor_decorator.py for tasks to queue
[2024-02-25T12:46:38.895+0000] {logging_mixin.py:150} INFO - [2024-02-25T12:46:38.895+0000] {dagbag.py:541} INFO - Filling up the DagBag from /home/airflow/.local/lib/python3.7/site-packages/airflow/example_dags/example_sensor_decorator.py
[2024-02-25T12:46:38.904+0000] {processor.py:836} INFO - DAG(s) dict_keys(['example_sensor_decorator']) retrieved from /home/airflow/.local/lib/python3.7/site-packages/airflow/example_dags/example_sensor_decorator.py
[2024-02-25T12:46:38.936+0000] {logging_mixin.py:150} INFO - [2024-02-25T12:46:38.936+0000] {dag.py:2742} INFO - Sync 1 DAGs
[2024-02-25T12:46:38.975+0000] {logging_mixin.py:150} INFO - [2024-02-25T12:46:38.974+0000] {dag.py:3508} INFO - Setting next_dagrun for example_sensor_decorator to None, run_after=None
[2024-02-25T12:46:39.007+0000] {processor.py:179} INFO - Processing /home/airflow/.local/lib/python3.7/site-packages/airflow/example_dags/example_sensor_decorator.py took 0.118 seconds
[2024-02-25T12:47:10.055+0000] {processor.py:157} INFO - Started process (PID=2282) to work on /home/airflow/.local/lib/python3.7/site-packages/airflow/example_dags/example_sensor_decorator.py
[2024-02-25T12:47:10.060+0000] {processor.py:826} INFO - Processing file /home/airflow/.local/lib/python3.7/site-packages/airflow/example_dags/example_sensor_decorator.py for tasks to queue
[2024-02-25T12:47:10.062+0000] {logging_mixin.py:150} INFO - [2024-02-25T12:47:10.061+0000] {dagbag.py:541} INFO - Filling up the DagBag from /home/airflow/.local/lib/python3.7/site-packages/airflow/example_dags/example_sensor_decorator.py
[2024-02-25T12:47:10.081+0000] {processor.py:836} INFO - DAG(s) dict_keys(['example_sensor_decorator']) retrieved from /home/airflow/.local/lib/python3.7/site-packages/airflow/example_dags/example_sensor_decorator.py
[2024-02-25T12:47:10.133+0000] {logging_mixin.py:150} INFO - [2024-02-25T12:47:10.132+0000] {dag.py:2742} INFO - Sync 1 DAGs
[2024-02-25T12:47:10.185+0000] {logging_mixin.py:150} INFO - [2024-02-25T12:47:10.185+0000] {dag.py:3508} INFO - Setting next_dagrun for example_sensor_decorator to None, run_after=None
[2024-02-25T12:47:10.222+0000] {processor.py:179} INFO - Processing /home/airflow/.local/lib/python3.7/site-packages/airflow/example_dags/example_sensor_decorator.py took 0.173 seconds
[2024-02-25T12:47:41.178+0000] {processor.py:157} INFO - Started process (PID=2527) to work on /home/airflow/.local/lib/python3.7/site-packages/airflow/example_dags/example_sensor_decorator.py
[2024-02-25T12:47:41.179+0000] {processor.py:826} INFO - Processing file /home/airflow/.local/lib/python3.7/site-packages/airflow/example_dags/example_sensor_decorator.py for tasks to queue
[2024-02-25T12:47:41.180+0000] {logging_mixin.py:150} INFO - [2024-02-25T12:47:41.180+0000] {dagbag.py:541} INFO - Filling up the DagBag from /home/airflow/.local/lib/python3.7/site-packages/airflow/example_dags/example_sensor_decorator.py
[2024-02-25T12:47:41.186+0000] {processor.py:836} INFO - DAG(s) dict_keys(['example_sensor_decorator']) retrieved from /home/airflow/.local/lib/python3.7/site-packages/airflow/example_dags/example_sensor_decorator.py
[2024-02-25T12:47:41.215+0000] {logging_mixin.py:150} INFO - [2024-02-25T12:47:41.214+0000] {dag.py:2742} INFO - Sync 1 DAGs
[2024-02-25T12:47:41.245+0000] {logging_mixin.py:150} INFO - [2024-02-25T12:47:41.245+0000] {dag.py:3508} INFO - Setting next_dagrun for example_sensor_decorator to None, run_after=None
[2024-02-25T12:47:41.271+0000] {processor.py:179} INFO - Processing /home/airflow/.local/lib/python3.7/site-packages/airflow/example_dags/example_sensor_decorator.py took 0.097 seconds
[2024-02-25T12:48:11.784+0000] {processor.py:157} INFO - Started process (PID=2770) to work on /home/airflow/.local/lib/python3.7/site-packages/airflow/example_dags/example_sensor_decorator.py
[2024-02-25T12:48:11.785+0000] {processor.py:826} INFO - Processing file /home/airflow/.local/lib/python3.7/site-packages/airflow/example_dags/example_sensor_decorator.py for tasks to queue
[2024-02-25T12:48:11.785+0000] {logging_mixin.py:150} INFO - [2024-02-25T12:48:11.785+0000] {dagbag.py:541} INFO - Filling up the DagBag from /home/airflow/.local/lib/python3.7/site-packages/airflow/example_dags/example_sensor_decorator.py
[2024-02-25T12:48:11.790+0000] {processor.py:836} INFO - DAG(s) dict_keys(['example_sensor_decorator']) retrieved from /home/airflow/.local/lib/python3.7/site-packages/airflow/example_dags/example_sensor_decorator.py
[2024-02-25T12:48:11.815+0000] {logging_mixin.py:150} INFO - [2024-02-25T12:48:11.815+0000] {dag.py:2742} INFO - Sync 1 DAGs
[2024-02-25T12:48:11.839+0000] {logging_mixin.py:150} INFO - [2024-02-25T12:48:11.839+0000] {dag.py:3508} INFO - Setting next_dagrun for example_sensor_decorator to None, run_after=None
[2024-02-25T12:48:11.862+0000] {processor.py:179} INFO - Processing /home/airflow/.local/lib/python3.7/site-packages/airflow/example_dags/example_sensor_decorator.py took 0.081 seconds
[2024-02-25T12:48:42.307+0000] {processor.py:157} INFO - Started process (PID=3010) to work on /home/airflow/.local/lib/python3.7/site-packages/airflow/example_dags/example_sensor_decorator.py
[2024-02-25T12:48:42.310+0000] {processor.py:826} INFO - Processing file /home/airflow/.local/lib/python3.7/site-packages/airflow/example_dags/example_sensor_decorator.py for tasks to queue
[2024-02-25T12:48:42.312+0000] {logging_mixin.py:150} INFO - [2024-02-25T12:48:42.311+0000] {dagbag.py:541} INFO - Filling up the DagBag from /home/airflow/.local/lib/python3.7/site-packages/airflow/example_dags/example_sensor_decorator.py
[2024-02-25T12:48:42.331+0000] {processor.py:836} INFO - DAG(s) dict_keys(['example_sensor_decorator']) retrieved from /home/airflow/.local/lib/python3.7/site-packages/airflow/example_dags/example_sensor_decorator.py
[2024-02-25T12:48:42.386+0000] {logging_mixin.py:150} INFO - [2024-02-25T12:48:42.386+0000] {dag.py:2742} INFO - Sync 1 DAGs
[2024-02-25T12:48:42.444+0000] {logging_mixin.py:150} INFO - [2024-02-25T12:48:42.444+0000] {dag.py:3508} INFO - Setting next_dagrun for example_sensor_decorator to None, run_after=None
[2024-02-25T12:48:42.482+0000] {processor.py:179} INFO - Processing /home/airflow/.local/lib/python3.7/site-packages/airflow/example_dags/example_sensor_decorator.py took 0.180 seconds
[2024-02-25T12:49:12.523+0000] {processor.py:157} INFO - Started process (PID=3251) to work on /home/airflow/.local/lib/python3.7/site-packages/airflow/example_dags/example_sensor_decorator.py
[2024-02-25T12:49:12.524+0000] {processor.py:826} INFO - Processing file /home/airflow/.local/lib/python3.7/site-packages/airflow/example_dags/example_sensor_decorator.py for tasks to queue
[2024-02-25T12:49:12.525+0000] {logging_mixin.py:150} INFO - [2024-02-25T12:49:12.524+0000] {dagbag.py:541} INFO - Filling up the DagBag from /home/airflow/.local/lib/python3.7/site-packages/airflow/example_dags/example_sensor_decorator.py
[2024-02-25T12:49:12.534+0000] {processor.py:836} INFO - DAG(s) dict_keys(['example_sensor_decorator']) retrieved from /home/airflow/.local/lib/python3.7/site-packages/airflow/example_dags/example_sensor_decorator.py
[2024-02-25T12:49:12.576+0000] {logging_mixin.py:150} INFO - [2024-02-25T12:49:12.576+0000] {dag.py:2742} INFO - Sync 1 DAGs
[2024-02-25T12:49:12.634+0000] {logging_mixin.py:150} INFO - [2024-02-25T12:49:12.634+0000] {dag.py:3508} INFO - Setting next_dagrun for example_sensor_decorator to None, run_after=None
[2024-02-25T12:49:12.669+0000] {processor.py:179} INFO - Processing /home/airflow/.local/lib/python3.7/site-packages/airflow/example_dags/example_sensor_decorator.py took 0.150 seconds
[2024-02-25T12:49:43.580+0000] {processor.py:157} INFO - Started process (PID=3492) to work on /home/airflow/.local/lib/python3.7/site-packages/airflow/example_dags/example_sensor_decorator.py
[2024-02-25T12:49:43.582+0000] {processor.py:826} INFO - Processing file /home/airflow/.local/lib/python3.7/site-packages/airflow/example_dags/example_sensor_decorator.py for tasks to queue
[2024-02-25T12:49:43.583+0000] {logging_mixin.py:150} INFO - [2024-02-25T12:49:43.582+0000] {dagbag.py:541} INFO - Filling up the DagBag from /home/airflow/.local/lib/python3.7/site-packages/airflow/example_dags/example_sensor_decorator.py
[2024-02-25T12:49:43.590+0000] {processor.py:836} INFO - DAG(s) dict_keys(['example_sensor_decorator']) retrieved from /home/airflow/.local/lib/python3.7/site-packages/airflow/example_dags/example_sensor_decorator.py
[2024-02-25T12:49:43.616+0000] {logging_mixin.py:150} INFO - [2024-02-25T12:49:43.616+0000] {dag.py:2742} INFO - Sync 1 DAGs
[2024-02-25T12:49:43.646+0000] {logging_mixin.py:150} INFO - [2024-02-25T12:49:43.646+0000] {dag.py:3508} INFO - Setting next_dagrun for example_sensor_decorator to None, run_after=None
[2024-02-25T12:49:43.674+0000] {processor.py:179} INFO - Processing /home/airflow/.local/lib/python3.7/site-packages/airflow/example_dags/example_sensor_decorator.py took 0.098 seconds
[2024-02-25T12:50:14.578+0000] {processor.py:157} INFO - Started process (PID=3733) to work on /home/airflow/.local/lib/python3.7/site-packages/airflow/example_dags/example_sensor_decorator.py
[2024-02-25T12:50:14.579+0000] {processor.py:826} INFO - Processing file /home/airflow/.local/lib/python3.7/site-packages/airflow/example_dags/example_sensor_decorator.py for tasks to queue
[2024-02-25T12:50:14.580+0000] {logging_mixin.py:150} INFO - [2024-02-25T12:50:14.580+0000] {dagbag.py:541} INFO - Filling up the DagBag from /home/airflow/.local/lib/python3.7/site-packages/airflow/example_dags/example_sensor_decorator.py
[2024-02-25T12:50:14.586+0000] {processor.py:836} INFO - DAG(s) dict_keys(['example_sensor_decorator']) retrieved from /home/airflow/.local/lib/python3.7/site-packages/airflow/example_dags/example_sensor_decorator.py
[2024-02-25T12:50:14.610+0000] {logging_mixin.py:150} INFO - [2024-02-25T12:50:14.610+0000] {dag.py:2742} INFO - Sync 1 DAGs
[2024-02-25T12:50:14.637+0000] {logging_mixin.py:150} INFO - [2024-02-25T12:50:14.637+0000] {dag.py:3508} INFO - Setting next_dagrun for example_sensor_decorator to None, run_after=None
[2024-02-25T12:50:14.660+0000] {processor.py:179} INFO - Processing /home/airflow/.local/lib/python3.7/site-packages/airflow/example_dags/example_sensor_decorator.py took 0.086 seconds
[2024-02-25T12:50:45.435+0000] {processor.py:157} INFO - Started process (PID=3974) to work on /home/airflow/.local/lib/python3.7/site-packages/airflow/example_dags/example_sensor_decorator.py
[2024-02-25T12:50:45.437+0000] {processor.py:826} INFO - Processing file /home/airflow/.local/lib/python3.7/site-packages/airflow/example_dags/example_sensor_decorator.py for tasks to queue
[2024-02-25T12:50:45.437+0000] {logging_mixin.py:150} INFO - [2024-02-25T12:50:45.437+0000] {dagbag.py:541} INFO - Filling up the DagBag from /home/airflow/.local/lib/python3.7/site-packages/airflow/example_dags/example_sensor_decorator.py
[2024-02-25T12:50:45.444+0000] {processor.py:836} INFO - DAG(s) dict_keys(['example_sensor_decorator']) retrieved from /home/airflow/.local/lib/python3.7/site-packages/airflow/example_dags/example_sensor_decorator.py
[2024-02-25T12:50:45.480+0000] {logging_mixin.py:150} INFO - [2024-02-25T12:50:45.479+0000] {dag.py:2742} INFO - Sync 1 DAGs
[2024-02-25T12:50:45.517+0000] {logging_mixin.py:150} INFO - [2024-02-25T12:50:45.516+0000] {dag.py:3508} INFO - Setting next_dagrun for example_sensor_decorator to None, run_after=None
[2024-02-25T12:50:45.540+0000] {processor.py:179} INFO - Processing /home/airflow/.local/lib/python3.7/site-packages/airflow/example_dags/example_sensor_decorator.py took 0.109 seconds
[2024-02-25T12:51:16.551+0000] {processor.py:157} INFO - Started process (PID=4215) to work on /home/airflow/.local/lib/python3.7/site-packages/airflow/example_dags/example_sensor_decorator.py
[2024-02-25T12:51:16.552+0000] {processor.py:826} INFO - Processing file /home/airflow/.local/lib/python3.7/site-packages/airflow/example_dags/example_sensor_decorator.py for tasks to queue
[2024-02-25T12:51:16.552+0000] {logging_mixin.py:150} INFO - [2024-02-25T12:51:16.552+0000] {dagbag.py:541} INFO - Filling up the DagBag from /home/airflow/.local/lib/python3.7/site-packages/airflow/example_dags/example_sensor_decorator.py
[2024-02-25T12:51:16.558+0000] {processor.py:836} INFO - DAG(s) dict_keys(['example_sensor_decorator']) retrieved from /home/airflow/.local/lib/python3.7/site-packages/airflow/example_dags/example_sensor_decorator.py
[2024-02-25T12:51:16.589+0000] {logging_mixin.py:150} INFO - [2024-02-25T12:51:16.589+0000] {dag.py:2742} INFO - Sync 1 DAGs
[2024-02-25T12:51:16.630+0000] {logging_mixin.py:150} INFO - [2024-02-25T12:51:16.630+0000] {dag.py:3508} INFO - Setting next_dagrun for example_sensor_decorator to None, run_after=None
[2024-02-25T12:51:16.660+0000] {processor.py:179} INFO - Processing /home/airflow/.local/lib/python3.7/site-packages/airflow/example_dags/example_sensor_decorator.py took 0.114 seconds
[2024-02-25T12:51:47.390+0000] {processor.py:157} INFO - Started process (PID=4456) to work on /home/airflow/.local/lib/python3.7/site-packages/airflow/example_dags/example_sensor_decorator.py
[2024-02-25T12:51:47.391+0000] {processor.py:826} INFO - Processing file /home/airflow/.local/lib/python3.7/site-packages/airflow/example_dags/example_sensor_decorator.py for tasks to queue
[2024-02-25T12:51:47.392+0000] {logging_mixin.py:150} INFO - [2024-02-25T12:51:47.392+0000] {dagbag.py:541} INFO - Filling up the DagBag from /home/airflow/.local/lib/python3.7/site-packages/airflow/example_dags/example_sensor_decorator.py
[2024-02-25T12:51:47.398+0000] {processor.py:836} INFO - DAG(s) dict_keys(['example_sensor_decorator']) retrieved from /home/airflow/.local/lib/python3.7/site-packages/airflow/example_dags/example_sensor_decorator.py
[2024-02-25T12:51:47.423+0000] {logging_mixin.py:150} INFO - [2024-02-25T12:51:47.423+0000] {dag.py:2742} INFO - Sync 1 DAGs
[2024-02-25T12:51:47.452+0000] {logging_mixin.py:150} INFO - [2024-02-25T12:51:47.452+0000] {dag.py:3508} INFO - Setting next_dagrun for example_sensor_decorator to None, run_after=None
[2024-02-25T12:51:47.478+0000] {processor.py:179} INFO - Processing /home/airflow/.local/lib/python3.7/site-packages/airflow/example_dags/example_sensor_decorator.py took 0.094 seconds
[2024-02-25T12:52:17.919+0000] {processor.py:157} INFO - Started process (PID=4697) to work on /home/airflow/.local/lib/python3.7/site-packages/airflow/example_dags/example_sensor_decorator.py
[2024-02-25T12:52:17.920+0000] {processor.py:826} INFO - Processing file /home/airflow/.local/lib/python3.7/site-packages/airflow/example_dags/example_sensor_decorator.py for tasks to queue
[2024-02-25T12:52:17.921+0000] {logging_mixin.py:150} INFO - [2024-02-25T12:52:17.921+0000] {dagbag.py:541} INFO - Filling up the DagBag from /home/airflow/.local/lib/python3.7/site-packages/airflow/example_dags/example_sensor_decorator.py
[2024-02-25T12:52:17.927+0000] {processor.py:836} INFO - DAG(s) dict_keys(['example_sensor_decorator']) retrieved from /home/airflow/.local/lib/python3.7/site-packages/airflow/example_dags/example_sensor_decorator.py
[2024-02-25T12:52:17.952+0000] {logging_mixin.py:150} INFO - [2024-02-25T12:52:17.952+0000] {dag.py:2742} INFO - Sync 1 DAGs
[2024-02-25T12:52:17.980+0000] {logging_mixin.py:150} INFO - [2024-02-25T12:52:17.979+0000] {dag.py:3508} INFO - Setting next_dagrun for example_sensor_decorator to None, run_after=None
[2024-02-25T12:52:18.002+0000] {processor.py:179} INFO - Processing /home/airflow/.local/lib/python3.7/site-packages/airflow/example_dags/example_sensor_decorator.py took 0.088 seconds
[2024-02-25T12:52:48.410+0000] {processor.py:157} INFO - Started process (PID=4935) to work on /home/airflow/.local/lib/python3.7/site-packages/airflow/example_dags/example_sensor_decorator.py
[2024-02-25T12:52:48.410+0000] {processor.py:826} INFO - Processing file /home/airflow/.local/lib/python3.7/site-packages/airflow/example_dags/example_sensor_decorator.py for tasks to queue
[2024-02-25T12:52:48.411+0000] {logging_mixin.py:150} INFO - [2024-02-25T12:52:48.411+0000] {dagbag.py:541} INFO - Filling up the DagBag from /home/airflow/.local/lib/python3.7/site-packages/airflow/example_dags/example_sensor_decorator.py
[2024-02-25T12:52:48.416+0000] {processor.py:836} INFO - DAG(s) dict_keys(['example_sensor_decorator']) retrieved from /home/airflow/.local/lib/python3.7/site-packages/airflow/example_dags/example_sensor_decorator.py
[2024-02-25T12:52:48.437+0000] {logging_mixin.py:150} INFO - [2024-02-25T12:52:48.437+0000] {dag.py:2742} INFO - Sync 1 DAGs
[2024-02-25T12:52:48.461+0000] {logging_mixin.py:150} INFO - [2024-02-25T12:52:48.460+0000] {dag.py:3508} INFO - Setting next_dagrun for example_sensor_decorator to None, run_after=None
[2024-02-25T12:52:48.482+0000] {processor.py:179} INFO - Processing /home/airflow/.local/lib/python3.7/site-packages/airflow/example_dags/example_sensor_decorator.py took 0.075 seconds
[2024-02-25T12:53:18.696+0000] {processor.py:157} INFO - Started process (PID=5176) to work on /home/airflow/.local/lib/python3.7/site-packages/airflow/example_dags/example_sensor_decorator.py
[2024-02-25T12:53:18.697+0000] {processor.py:826} INFO - Processing file /home/airflow/.local/lib/python3.7/site-packages/airflow/example_dags/example_sensor_decorator.py for tasks to queue
[2024-02-25T12:53:18.697+0000] {logging_mixin.py:150} INFO - [2024-02-25T12:53:18.697+0000] {dagbag.py:541} INFO - Filling up the DagBag from /home/airflow/.local/lib/python3.7/site-packages/airflow/example_dags/example_sensor_decorator.py
[2024-02-25T12:53:18.702+0000] {processor.py:836} INFO - DAG(s) dict_keys(['example_sensor_decorator']) retrieved from /home/airflow/.local/lib/python3.7/site-packages/airflow/example_dags/example_sensor_decorator.py
[2024-02-25T12:53:18.725+0000] {logging_mixin.py:150} INFO - [2024-02-25T12:53:18.725+0000] {dag.py:2742} INFO - Sync 1 DAGs
[2024-02-25T12:53:18.750+0000] {logging_mixin.py:150} INFO - [2024-02-25T12:53:18.750+0000] {dag.py:3508} INFO - Setting next_dagrun for example_sensor_decorator to None, run_after=None
[2024-02-25T12:53:18.771+0000] {processor.py:179} INFO - Processing /home/airflow/.local/lib/python3.7/site-packages/airflow/example_dags/example_sensor_decorator.py took 0.079 seconds
[2024-02-25T12:53:49.656+0000] {processor.py:157} INFO - Started process (PID=5417) to work on /home/airflow/.local/lib/python3.7/site-packages/airflow/example_dags/example_sensor_decorator.py
[2024-02-25T12:53:49.656+0000] {processor.py:826} INFO - Processing file /home/airflow/.local/lib/python3.7/site-packages/airflow/example_dags/example_sensor_decorator.py for tasks to queue
[2024-02-25T12:53:49.657+0000] {logging_mixin.py:150} INFO - [2024-02-25T12:53:49.657+0000] {dagbag.py:541} INFO - Filling up the DagBag from /home/airflow/.local/lib/python3.7/site-packages/airflow/example_dags/example_sensor_decorator.py
[2024-02-25T12:53:49.663+0000] {processor.py:836} INFO - DAG(s) dict_keys(['example_sensor_decorator']) retrieved from /home/airflow/.local/lib/python3.7/site-packages/airflow/example_dags/example_sensor_decorator.py
[2024-02-25T12:53:49.687+0000] {logging_mixin.py:150} INFO - [2024-02-25T12:53:49.687+0000] {dag.py:2742} INFO - Sync 1 DAGs
[2024-02-25T12:53:49.713+0000] {logging_mixin.py:150} INFO - [2024-02-25T12:53:49.712+0000] {dag.py:3508} INFO - Setting next_dagrun for example_sensor_decorator to None, run_after=None
[2024-02-25T12:53:49.734+0000] {processor.py:179} INFO - Processing /home/airflow/.local/lib/python3.7/site-packages/airflow/example_dags/example_sensor_decorator.py took 0.081 seconds
[2024-02-25T12:54:20.378+0000] {processor.py:157} INFO - Started process (PID=5658) to work on /home/airflow/.local/lib/python3.7/site-packages/airflow/example_dags/example_sensor_decorator.py
[2024-02-25T12:54:20.379+0000] {processor.py:826} INFO - Processing file /home/airflow/.local/lib/python3.7/site-packages/airflow/example_dags/example_sensor_decorator.py for tasks to queue
[2024-02-25T12:54:20.380+0000] {logging_mixin.py:150} INFO - [2024-02-25T12:54:20.380+0000] {dagbag.py:541} INFO - Filling up the DagBag from /home/airflow/.local/lib/python3.7/site-packages/airflow/example_dags/example_sensor_decorator.py
[2024-02-25T12:54:20.386+0000] {processor.py:836} INFO - DAG(s) dict_keys(['example_sensor_decorator']) retrieved from /home/airflow/.local/lib/python3.7/site-packages/airflow/example_dags/example_sensor_decorator.py
[2024-02-25T12:54:20.407+0000] {logging_mixin.py:150} INFO - [2024-02-25T12:54:20.407+0000] {dag.py:2742} INFO - Sync 1 DAGs
[2024-02-25T12:54:20.432+0000] {logging_mixin.py:150} INFO - [2024-02-25T12:54:20.432+0000] {dag.py:3508} INFO - Setting next_dagrun for example_sensor_decorator to None, run_after=None
[2024-02-25T12:54:20.452+0000] {processor.py:179} INFO - Processing /home/airflow/.local/lib/python3.7/site-packages/airflow/example_dags/example_sensor_decorator.py took 0.078 seconds
[2024-02-25T12:54:50.961+0000] {processor.py:157} INFO - Started process (PID=5899) to work on /home/airflow/.local/lib/python3.7/site-packages/airflow/example_dags/example_sensor_decorator.py
[2024-02-25T12:54:50.963+0000] {processor.py:826} INFO - Processing file /home/airflow/.local/lib/python3.7/site-packages/airflow/example_dags/example_sensor_decorator.py for tasks to queue
[2024-02-25T12:54:50.965+0000] {logging_mixin.py:150} INFO - [2024-02-25T12:54:50.964+0000] {dagbag.py:541} INFO - Filling up the DagBag from /home/airflow/.local/lib/python3.7/site-packages/airflow/example_dags/example_sensor_decorator.py
[2024-02-25T12:54:50.977+0000] {processor.py:836} INFO - DAG(s) dict_keys(['example_sensor_decorator']) retrieved from /home/airflow/.local/lib/python3.7/site-packages/airflow/example_dags/example_sensor_decorator.py
[2024-02-25T12:54:51.003+0000] {logging_mixin.py:150} INFO - [2024-02-25T12:54:51.003+0000] {dag.py:2742} INFO - Sync 1 DAGs
[2024-02-25T12:54:51.032+0000] {logging_mixin.py:150} INFO - [2024-02-25T12:54:51.032+0000] {dag.py:3508} INFO - Setting next_dagrun for example_sensor_decorator to None, run_after=None
[2024-02-25T12:54:51.054+0000] {processor.py:179} INFO - Processing /home/airflow/.local/lib/python3.7/site-packages/airflow/example_dags/example_sensor_decorator.py took 0.103 seconds
[2024-02-25T12:55:21.564+0000] {processor.py:157} INFO - Started process (PID=6146) to work on /home/airflow/.local/lib/python3.7/site-packages/airflow/example_dags/example_sensor_decorator.py
[2024-02-25T12:55:21.565+0000] {processor.py:826} INFO - Processing file /home/airflow/.local/lib/python3.7/site-packages/airflow/example_dags/example_sensor_decorator.py for tasks to queue
[2024-02-25T12:55:21.566+0000] {logging_mixin.py:150} INFO - [2024-02-25T12:55:21.565+0000] {dagbag.py:541} INFO - Filling up the DagBag from /home/airflow/.local/lib/python3.7/site-packages/airflow/example_dags/example_sensor_decorator.py
[2024-02-25T12:55:21.571+0000] {processor.py:836} INFO - DAG(s) dict_keys(['example_sensor_decorator']) retrieved from /home/airflow/.local/lib/python3.7/site-packages/airflow/example_dags/example_sensor_decorator.py
[2024-02-25T12:55:21.595+0000] {logging_mixin.py:150} INFO - [2024-02-25T12:55:21.594+0000] {dag.py:2742} INFO - Sync 1 DAGs
[2024-02-25T12:55:21.618+0000] {logging_mixin.py:150} INFO - [2024-02-25T12:55:21.618+0000] {dag.py:3508} INFO - Setting next_dagrun for example_sensor_decorator to None, run_after=None
[2024-02-25T12:55:21.640+0000] {processor.py:179} INFO - Processing /home/airflow/.local/lib/python3.7/site-packages/airflow/example_dags/example_sensor_decorator.py took 0.080 seconds
[2024-02-25T12:55:52.467+0000] {processor.py:157} INFO - Started process (PID=6387) to work on /home/airflow/.local/lib/python3.7/site-packages/airflow/example_dags/example_sensor_decorator.py
[2024-02-25T12:55:52.468+0000] {processor.py:826} INFO - Processing file /home/airflow/.local/lib/python3.7/site-packages/airflow/example_dags/example_sensor_decorator.py for tasks to queue
[2024-02-25T12:55:52.470+0000] {logging_mixin.py:150} INFO - [2024-02-25T12:55:52.469+0000] {dagbag.py:541} INFO - Filling up the DagBag from /home/airflow/.local/lib/python3.7/site-packages/airflow/example_dags/example_sensor_decorator.py
[2024-02-25T12:55:52.479+0000] {processor.py:836} INFO - DAG(s) dict_keys(['example_sensor_decorator']) retrieved from /home/airflow/.local/lib/python3.7/site-packages/airflow/example_dags/example_sensor_decorator.py
[2024-02-25T12:55:52.508+0000] {logging_mixin.py:150} INFO - [2024-02-25T12:55:52.508+0000] {dag.py:2742} INFO - Sync 1 DAGs
[2024-02-25T12:55:52.541+0000] {logging_mixin.py:150} INFO - [2024-02-25T12:55:52.541+0000] {dag.py:3508} INFO - Setting next_dagrun for example_sensor_decorator to None, run_after=None
[2024-02-25T12:55:52.572+0000] {processor.py:179} INFO - Processing /home/airflow/.local/lib/python3.7/site-packages/airflow/example_dags/example_sensor_decorator.py took 0.111 seconds
[2024-02-25T12:56:22.651+0000] {processor.py:157} INFO - Started process (PID=6628) to work on /home/airflow/.local/lib/python3.7/site-packages/airflow/example_dags/example_sensor_decorator.py
[2024-02-25T12:56:22.652+0000] {processor.py:826} INFO - Processing file /home/airflow/.local/lib/python3.7/site-packages/airflow/example_dags/example_sensor_decorator.py for tasks to queue
[2024-02-25T12:56:22.653+0000] {logging_mixin.py:150} INFO - [2024-02-25T12:56:22.653+0000] {dagbag.py:541} INFO - Filling up the DagBag from /home/airflow/.local/lib/python3.7/site-packages/airflow/example_dags/example_sensor_decorator.py
[2024-02-25T12:56:22.658+0000] {processor.py:836} INFO - DAG(s) dict_keys(['example_sensor_decorator']) retrieved from /home/airflow/.local/lib/python3.7/site-packages/airflow/example_dags/example_sensor_decorator.py
[2024-02-25T12:56:22.683+0000] {logging_mixin.py:150} INFO - [2024-02-25T12:56:22.683+0000] {dag.py:2742} INFO - Sync 1 DAGs
[2024-02-25T12:56:22.710+0000] {logging_mixin.py:150} INFO - [2024-02-25T12:56:22.710+0000] {dag.py:3508} INFO - Setting next_dagrun for example_sensor_decorator to None, run_after=None
[2024-02-25T12:56:22.730+0000] {processor.py:179} INFO - Processing /home/airflow/.local/lib/python3.7/site-packages/airflow/example_dags/example_sensor_decorator.py took 0.083 seconds
[2024-02-25T12:56:53.018+0000] {processor.py:157} INFO - Started process (PID=6867) to work on /home/airflow/.local/lib/python3.7/site-packages/airflow/example_dags/example_sensor_decorator.py
[2024-02-25T12:56:53.019+0000] {processor.py:826} INFO - Processing file /home/airflow/.local/lib/python3.7/site-packages/airflow/example_dags/example_sensor_decorator.py for tasks to queue
[2024-02-25T12:56:53.020+0000] {logging_mixin.py:150} INFO - [2024-02-25T12:56:53.020+0000] {dagbag.py:541} INFO - Filling up the DagBag from /home/airflow/.local/lib/python3.7/site-packages/airflow/example_dags/example_sensor_decorator.py
[2024-02-25T12:56:53.026+0000] {processor.py:836} INFO - DAG(s) dict_keys(['example_sensor_decorator']) retrieved from /home/airflow/.local/lib/python3.7/site-packages/airflow/example_dags/example_sensor_decorator.py
[2024-02-25T12:56:53.058+0000] {logging_mixin.py:150} INFO - [2024-02-25T12:56:53.058+0000] {dag.py:2742} INFO - Sync 1 DAGs
[2024-02-25T12:56:53.094+0000] {logging_mixin.py:150} INFO - [2024-02-25T12:56:53.094+0000] {dag.py:3508} INFO - Setting next_dagrun for example_sensor_decorator to None, run_after=None
[2024-02-25T12:56:53.124+0000] {processor.py:179} INFO - Processing /home/airflow/.local/lib/python3.7/site-packages/airflow/example_dags/example_sensor_decorator.py took 0.109 seconds
