[2024-02-25T12:42:59.675+0000] {processor.py:157} INFO - Started process (PID=186) to work on /home/airflow/.local/lib/python3.7/site-packages/airflow/example_dags/example_sla_dag.py
[2024-02-25T12:42:59.676+0000] {processor.py:826} INFO - Processing file /home/airflow/.local/lib/python3.7/site-packages/airflow/example_dags/example_sla_dag.py for tasks to queue
[2024-02-25T12:42:59.677+0000] {logging_mixin.py:150} INFO - [2024-02-25T12:42:59.676+0000] {dagbag.py:541} INFO - Filling up the DagBag from /home/airflow/.local/lib/python3.7/site-packages/airflow/example_dags/example_sla_dag.py
[2024-02-25T12:42:59.693+0000] {processor.py:836} INFO - DAG(s) dict_keys(['example_sla_dag']) retrieved from /home/airflow/.local/lib/python3.7/site-packages/airflow/example_dags/example_sla_dag.py
[2024-02-25T12:42:59.710+0000] {logging_mixin.py:150} INFO - [2024-02-25T12:42:59.709+0000] {dag.py:2742} INFO - Sync 1 DAGs
[2024-02-25T12:42:59.766+0000] {logging_mixin.py:150} INFO - [2024-02-25T12:42:59.766+0000] {dag.py:3508} INFO - Setting next_dagrun for example_sla_dag to 2024-02-25T12:40:00+00:00, run_after=2024-02-25T12:42:00+00:00
[2024-02-25T12:42:59.800+0000] {processor.py:179} INFO - Processing /home/airflow/.local/lib/python3.7/site-packages/airflow/example_dags/example_sla_dag.py took 0.130 seconds
[2024-02-25T12:43:29.837+0000] {processor.py:157} INFO - Started process (PID=421) to work on /home/airflow/.local/lib/python3.7/site-packages/airflow/example_dags/example_sla_dag.py
[2024-02-25T12:43:29.837+0000] {processor.py:826} INFO - Processing file /home/airflow/.local/lib/python3.7/site-packages/airflow/example_dags/example_sla_dag.py for tasks to queue
[2024-02-25T12:43:29.838+0000] {logging_mixin.py:150} INFO - [2024-02-25T12:43:29.838+0000] {dagbag.py:541} INFO - Filling up the DagBag from /home/airflow/.local/lib/python3.7/site-packages/airflow/example_dags/example_sla_dag.py
[2024-02-25T12:43:29.846+0000] {processor.py:836} INFO - DAG(s) dict_keys(['example_sla_dag']) retrieved from /home/airflow/.local/lib/python3.7/site-packages/airflow/example_dags/example_sla_dag.py
[2024-02-25T12:43:29.871+0000] {logging_mixin.py:150} INFO - [2024-02-25T12:43:29.871+0000] {dag.py:2742} INFO - Sync 1 DAGs
[2024-02-25T12:43:29.907+0000] {logging_mixin.py:150} INFO - [2024-02-25T12:43:29.907+0000] {dag.py:3508} INFO - Setting next_dagrun for example_sla_dag to 2024-02-25T12:40:00+00:00, run_after=2024-02-25T12:42:00+00:00
[2024-02-25T12:43:29.931+0000] {processor.py:179} INFO - Processing /home/airflow/.local/lib/python3.7/site-packages/airflow/example_dags/example_sla_dag.py took 0.097 seconds
[2024-02-25T12:44:00.195+0000] {processor.py:157} INFO - Started process (PID=663) to work on /home/airflow/.local/lib/python3.7/site-packages/airflow/example_dags/example_sla_dag.py
[2024-02-25T12:44:00.198+0000] {processor.py:826} INFO - Processing file /home/airflow/.local/lib/python3.7/site-packages/airflow/example_dags/example_sla_dag.py for tasks to queue
[2024-02-25T12:44:00.199+0000] {logging_mixin.py:150} INFO - [2024-02-25T12:44:00.198+0000] {dagbag.py:541} INFO - Filling up the DagBag from /home/airflow/.local/lib/python3.7/site-packages/airflow/example_dags/example_sla_dag.py
[2024-02-25T12:44:00.213+0000] {processor.py:836} INFO - DAG(s) dict_keys(['example_sla_dag']) retrieved from /home/airflow/.local/lib/python3.7/site-packages/airflow/example_dags/example_sla_dag.py
[2024-02-25T12:44:00.233+0000] {logging_mixin.py:150} INFO - [2024-02-25T12:44:00.233+0000] {dag.py:2742} INFO - Sync 1 DAGs
[2024-02-25T12:44:00.291+0000] {logging_mixin.py:150} INFO - [2024-02-25T12:44:00.290+0000] {dag.py:3508} INFO - Setting next_dagrun for example_sla_dag to 2024-02-25T12:42:00+00:00, run_after=2024-02-25T12:44:00+00:00
[2024-02-25T12:44:00.317+0000] {processor.py:179} INFO - Processing /home/airflow/.local/lib/python3.7/site-packages/airflow/example_dags/example_sla_dag.py took 0.129 seconds
[2024-02-25T12:44:30.609+0000] {processor.py:157} INFO - Started process (PID=904) to work on /home/airflow/.local/lib/python3.7/site-packages/airflow/example_dags/example_sla_dag.py
[2024-02-25T12:44:30.610+0000] {processor.py:826} INFO - Processing file /home/airflow/.local/lib/python3.7/site-packages/airflow/example_dags/example_sla_dag.py for tasks to queue
[2024-02-25T12:44:30.611+0000] {logging_mixin.py:150} INFO - [2024-02-25T12:44:30.611+0000] {dagbag.py:541} INFO - Filling up the DagBag from /home/airflow/.local/lib/python3.7/site-packages/airflow/example_dags/example_sla_dag.py
[2024-02-25T12:44:30.625+0000] {processor.py:836} INFO - DAG(s) dict_keys(['example_sla_dag']) retrieved from /home/airflow/.local/lib/python3.7/site-packages/airflow/example_dags/example_sla_dag.py
[2024-02-25T12:44:30.659+0000] {logging_mixin.py:150} INFO - [2024-02-25T12:44:30.659+0000] {dag.py:2742} INFO - Sync 1 DAGs
[2024-02-25T12:44:30.704+0000] {logging_mixin.py:150} INFO - [2024-02-25T12:44:30.704+0000] {dag.py:3508} INFO - Setting next_dagrun for example_sla_dag to 2024-02-25T12:42:00+00:00, run_after=2024-02-25T12:44:00+00:00
[2024-02-25T12:44:30.733+0000] {processor.py:179} INFO - Processing /home/airflow/.local/lib/python3.7/site-packages/airflow/example_dags/example_sla_dag.py took 0.130 seconds
[2024-02-25T12:45:01.728+0000] {processor.py:157} INFO - Started process (PID=1147) to work on /home/airflow/.local/lib/python3.7/site-packages/airflow/example_dags/example_sla_dag.py
[2024-02-25T12:45:01.732+0000] {processor.py:826} INFO - Processing file /home/airflow/.local/lib/python3.7/site-packages/airflow/example_dags/example_sla_dag.py for tasks to queue
[2024-02-25T12:45:01.734+0000] {logging_mixin.py:150} INFO - [2024-02-25T12:45:01.733+0000] {dagbag.py:541} INFO - Filling up the DagBag from /home/airflow/.local/lib/python3.7/site-packages/airflow/example_dags/example_sla_dag.py
[2024-02-25T12:45:01.747+0000] {processor.py:836} INFO - DAG(s) dict_keys(['example_sla_dag']) retrieved from /home/airflow/.local/lib/python3.7/site-packages/airflow/example_dags/example_sla_dag.py
[2024-02-25T12:45:01.784+0000] {logging_mixin.py:150} INFO - [2024-02-25T12:45:01.783+0000] {dag.py:2742} INFO - Sync 1 DAGs
[2024-02-25T12:45:01.820+0000] {logging_mixin.py:150} INFO - [2024-02-25T12:45:01.820+0000] {dag.py:3508} INFO - Setting next_dagrun for example_sla_dag to 2024-02-25T12:42:00+00:00, run_after=2024-02-25T12:44:00+00:00
[2024-02-25T12:45:01.847+0000] {processor.py:179} INFO - Processing /home/airflow/.local/lib/python3.7/site-packages/airflow/example_dags/example_sla_dag.py took 0.124 seconds
[2024-02-25T12:45:32.276+0000] {processor.py:157} INFO - Started process (PID=1395) to work on /home/airflow/.local/lib/python3.7/site-packages/airflow/example_dags/example_sla_dag.py
[2024-02-25T12:45:32.277+0000] {processor.py:826} INFO - Processing file /home/airflow/.local/lib/python3.7/site-packages/airflow/example_dags/example_sla_dag.py for tasks to queue
[2024-02-25T12:45:32.278+0000] {logging_mixin.py:150} INFO - [2024-02-25T12:45:32.278+0000] {dagbag.py:541} INFO - Filling up the DagBag from /home/airflow/.local/lib/python3.7/site-packages/airflow/example_dags/example_sla_dag.py
[2024-02-25T12:45:32.286+0000] {processor.py:836} INFO - DAG(s) dict_keys(['example_sla_dag']) retrieved from /home/airflow/.local/lib/python3.7/site-packages/airflow/example_dags/example_sla_dag.py
[2024-02-25T12:45:32.313+0000] {logging_mixin.py:150} INFO - [2024-02-25T12:45:32.313+0000] {dag.py:2742} INFO - Sync 1 DAGs
[2024-02-25T12:45:32.348+0000] {logging_mixin.py:150} INFO - [2024-02-25T12:45:32.347+0000] {dag.py:3508} INFO - Setting next_dagrun for example_sla_dag to 2024-02-25T12:42:00+00:00, run_after=2024-02-25T12:44:00+00:00
[2024-02-25T12:45:32.374+0000] {processor.py:179} INFO - Processing /home/airflow/.local/lib/python3.7/site-packages/airflow/example_dags/example_sla_dag.py took 0.102 seconds
[2024-02-25T12:46:02.787+0000] {processor.py:157} INFO - Started process (PID=1634) to work on /home/airflow/.local/lib/python3.7/site-packages/airflow/example_dags/example_sla_dag.py
[2024-02-25T12:46:02.789+0000] {processor.py:826} INFO - Processing file /home/airflow/.local/lib/python3.7/site-packages/airflow/example_dags/example_sla_dag.py for tasks to queue
[2024-02-25T12:46:02.790+0000] {logging_mixin.py:150} INFO - [2024-02-25T12:46:02.789+0000] {dagbag.py:541} INFO - Filling up the DagBag from /home/airflow/.local/lib/python3.7/site-packages/airflow/example_dags/example_sla_dag.py
[2024-02-25T12:46:02.802+0000] {processor.py:836} INFO - DAG(s) dict_keys(['example_sla_dag']) retrieved from /home/airflow/.local/lib/python3.7/site-packages/airflow/example_dags/example_sla_dag.py
[2024-02-25T12:46:02.835+0000] {logging_mixin.py:150} INFO - [2024-02-25T12:46:02.835+0000] {dag.py:2742} INFO - Sync 1 DAGs
[2024-02-25T12:46:02.890+0000] {logging_mixin.py:150} INFO - [2024-02-25T12:46:02.890+0000] {dag.py:3508} INFO - Setting next_dagrun for example_sla_dag to 2024-02-25T12:44:00+00:00, run_after=2024-02-25T12:46:00+00:00
[2024-02-25T12:46:02.918+0000] {processor.py:179} INFO - Processing /home/airflow/.local/lib/python3.7/site-packages/airflow/example_dags/example_sla_dag.py took 0.135 seconds
[2024-02-25T12:46:33.468+0000] {processor.py:157} INFO - Started process (PID=1877) to work on /home/airflow/.local/lib/python3.7/site-packages/airflow/example_dags/example_sla_dag.py
[2024-02-25T12:46:33.469+0000] {processor.py:826} INFO - Processing file /home/airflow/.local/lib/python3.7/site-packages/airflow/example_dags/example_sla_dag.py for tasks to queue
[2024-02-25T12:46:33.471+0000] {logging_mixin.py:150} INFO - [2024-02-25T12:46:33.470+0000] {dagbag.py:541} INFO - Filling up the DagBag from /home/airflow/.local/lib/python3.7/site-packages/airflow/example_dags/example_sla_dag.py
[2024-02-25T12:46:33.487+0000] {processor.py:836} INFO - DAG(s) dict_keys(['example_sla_dag']) retrieved from /home/airflow/.local/lib/python3.7/site-packages/airflow/example_dags/example_sla_dag.py
[2024-02-25T12:46:33.525+0000] {logging_mixin.py:150} INFO - [2024-02-25T12:46:33.524+0000] {dag.py:2742} INFO - Sync 1 DAGs
[2024-02-25T12:46:33.565+0000] {logging_mixin.py:150} INFO - [2024-02-25T12:46:33.564+0000] {dag.py:3508} INFO - Setting next_dagrun for example_sla_dag to 2024-02-25T12:44:00+00:00, run_after=2024-02-25T12:46:00+00:00
[2024-02-25T12:46:33.591+0000] {processor.py:179} INFO - Processing /home/airflow/.local/lib/python3.7/site-packages/airflow/example_dags/example_sla_dag.py took 0.129 seconds
[2024-02-25T12:47:04.160+0000] {processor.py:157} INFO - Started process (PID=2116) to work on /home/airflow/.local/lib/python3.7/site-packages/airflow/example_dags/example_sla_dag.py
[2024-02-25T12:47:04.166+0000] {processor.py:826} INFO - Processing file /home/airflow/.local/lib/python3.7/site-packages/airflow/example_dags/example_sla_dag.py for tasks to queue
[2024-02-25T12:47:04.167+0000] {logging_mixin.py:150} INFO - [2024-02-25T12:47:04.167+0000] {dagbag.py:541} INFO - Filling up the DagBag from /home/airflow/.local/lib/python3.7/site-packages/airflow/example_dags/example_sla_dag.py
[2024-02-25T12:47:04.202+0000] {processor.py:836} INFO - DAG(s) dict_keys(['example_sla_dag']) retrieved from /home/airflow/.local/lib/python3.7/site-packages/airflow/example_dags/example_sla_dag.py
[2024-02-25T12:47:04.305+0000] {logging_mixin.py:150} INFO - [2024-02-25T12:47:04.304+0000] {dag.py:2742} INFO - Sync 1 DAGs
[2024-02-25T12:47:04.396+0000] {logging_mixin.py:150} INFO - [2024-02-25T12:47:04.395+0000] {dag.py:3508} INFO - Setting next_dagrun for example_sla_dag to 2024-02-25T12:44:00+00:00, run_after=2024-02-25T12:46:00+00:00
[2024-02-25T12:47:04.432+0000] {processor.py:179} INFO - Processing /home/airflow/.local/lib/python3.7/site-packages/airflow/example_dags/example_sla_dag.py took 0.278 seconds
[2024-02-25T12:47:35.263+0000] {processor.py:157} INFO - Started process (PID=2355) to work on /home/airflow/.local/lib/python3.7/site-packages/airflow/example_dags/example_sla_dag.py
[2024-02-25T12:47:35.264+0000] {processor.py:826} INFO - Processing file /home/airflow/.local/lib/python3.7/site-packages/airflow/example_dags/example_sla_dag.py for tasks to queue
[2024-02-25T12:47:35.265+0000] {logging_mixin.py:150} INFO - [2024-02-25T12:47:35.265+0000] {dagbag.py:541} INFO - Filling up the DagBag from /home/airflow/.local/lib/python3.7/site-packages/airflow/example_dags/example_sla_dag.py
[2024-02-25T12:47:35.299+0000] {processor.py:836} INFO - DAG(s) dict_keys(['example_sla_dag']) retrieved from /home/airflow/.local/lib/python3.7/site-packages/airflow/example_dags/example_sla_dag.py
[2024-02-25T12:47:35.386+0000] {logging_mixin.py:150} INFO - [2024-02-25T12:47:35.386+0000] {dag.py:2742} INFO - Sync 1 DAGs
[2024-02-25T12:47:35.455+0000] {logging_mixin.py:150} INFO - [2024-02-25T12:47:35.455+0000] {dag.py:3508} INFO - Setting next_dagrun for example_sla_dag to 2024-02-25T12:44:00+00:00, run_after=2024-02-25T12:46:00+00:00
[2024-02-25T12:47:35.482+0000] {processor.py:179} INFO - Processing /home/airflow/.local/lib/python3.7/site-packages/airflow/example_dags/example_sla_dag.py took 0.224 seconds
[2024-02-25T12:48:05.734+0000] {processor.py:157} INFO - Started process (PID=2598) to work on /home/airflow/.local/lib/python3.7/site-packages/airflow/example_dags/example_sla_dag.py
[2024-02-25T12:48:05.737+0000] {processor.py:826} INFO - Processing file /home/airflow/.local/lib/python3.7/site-packages/airflow/example_dags/example_sla_dag.py for tasks to queue
[2024-02-25T12:48:05.741+0000] {logging_mixin.py:150} INFO - [2024-02-25T12:48:05.739+0000] {dagbag.py:541} INFO - Filling up the DagBag from /home/airflow/.local/lib/python3.7/site-packages/airflow/example_dags/example_sla_dag.py
[2024-02-25T12:48:05.783+0000] {processor.py:836} INFO - DAG(s) dict_keys(['example_sla_dag']) retrieved from /home/airflow/.local/lib/python3.7/site-packages/airflow/example_dags/example_sla_dag.py
[2024-02-25T12:48:05.827+0000] {logging_mixin.py:150} INFO - [2024-02-25T12:48:05.827+0000] {dag.py:2742} INFO - Sync 1 DAGs
[2024-02-25T12:48:05.870+0000] {logging_mixin.py:150} INFO - [2024-02-25T12:48:05.870+0000] {dag.py:3508} INFO - Setting next_dagrun for example_sla_dag to 2024-02-25T12:46:00+00:00, run_after=2024-02-25T12:48:00+00:00
[2024-02-25T12:48:05.896+0000] {processor.py:179} INFO - Processing /home/airflow/.local/lib/python3.7/site-packages/airflow/example_dags/example_sla_dag.py took 0.180 seconds
[2024-02-25T12:48:36.310+0000] {processor.py:157} INFO - Started process (PID=2840) to work on /home/airflow/.local/lib/python3.7/site-packages/airflow/example_dags/example_sla_dag.py
[2024-02-25T12:48:36.312+0000] {processor.py:826} INFO - Processing file /home/airflow/.local/lib/python3.7/site-packages/airflow/example_dags/example_sla_dag.py for tasks to queue
[2024-02-25T12:48:36.315+0000] {logging_mixin.py:150} INFO - [2024-02-25T12:48:36.314+0000] {dagbag.py:541} INFO - Filling up the DagBag from /home/airflow/.local/lib/python3.7/site-packages/airflow/example_dags/example_sla_dag.py
[2024-02-25T12:48:36.335+0000] {processor.py:836} INFO - DAG(s) dict_keys(['example_sla_dag']) retrieved from /home/airflow/.local/lib/python3.7/site-packages/airflow/example_dags/example_sla_dag.py
[2024-02-25T12:48:36.367+0000] {logging_mixin.py:150} INFO - [2024-02-25T12:48:36.366+0000] {dag.py:2742} INFO - Sync 1 DAGs
[2024-02-25T12:48:36.408+0000] {logging_mixin.py:150} INFO - [2024-02-25T12:48:36.408+0000] {dag.py:3508} INFO - Setting next_dagrun for example_sla_dag to 2024-02-25T12:46:00+00:00, run_after=2024-02-25T12:48:00+00:00
[2024-02-25T12:48:36.434+0000] {processor.py:179} INFO - Processing /home/airflow/.local/lib/python3.7/site-packages/airflow/example_dags/example_sla_dag.py took 0.133 seconds
[2024-02-25T12:49:07.042+0000] {processor.py:157} INFO - Started process (PID=3081) to work on /home/airflow/.local/lib/python3.7/site-packages/airflow/example_dags/example_sla_dag.py
[2024-02-25T12:49:07.044+0000] {processor.py:826} INFO - Processing file /home/airflow/.local/lib/python3.7/site-packages/airflow/example_dags/example_sla_dag.py for tasks to queue
[2024-02-25T12:49:07.045+0000] {logging_mixin.py:150} INFO - [2024-02-25T12:49:07.044+0000] {dagbag.py:541} INFO - Filling up the DagBag from /home/airflow/.local/lib/python3.7/site-packages/airflow/example_dags/example_sla_dag.py
[2024-02-25T12:49:07.058+0000] {processor.py:836} INFO - DAG(s) dict_keys(['example_sla_dag']) retrieved from /home/airflow/.local/lib/python3.7/site-packages/airflow/example_dags/example_sla_dag.py
[2024-02-25T12:49:07.092+0000] {logging_mixin.py:150} INFO - [2024-02-25T12:49:07.091+0000] {dag.py:2742} INFO - Sync 1 DAGs
[2024-02-25T12:49:07.136+0000] {logging_mixin.py:150} INFO - [2024-02-25T12:49:07.136+0000] {dag.py:3508} INFO - Setting next_dagrun for example_sla_dag to 2024-02-25T12:46:00+00:00, run_after=2024-02-25T12:48:00+00:00
[2024-02-25T12:49:07.166+0000] {processor.py:179} INFO - Processing /home/airflow/.local/lib/python3.7/site-packages/airflow/example_dags/example_sla_dag.py took 0.130 seconds
[2024-02-25T12:49:37.674+0000] {processor.py:157} INFO - Started process (PID=3322) to work on /home/airflow/.local/lib/python3.7/site-packages/airflow/example_dags/example_sla_dag.py
[2024-02-25T12:49:37.675+0000] {processor.py:826} INFO - Processing file /home/airflow/.local/lib/python3.7/site-packages/airflow/example_dags/example_sla_dag.py for tasks to queue
[2024-02-25T12:49:37.675+0000] {logging_mixin.py:150} INFO - [2024-02-25T12:49:37.675+0000] {dagbag.py:541} INFO - Filling up the DagBag from /home/airflow/.local/lib/python3.7/site-packages/airflow/example_dags/example_sla_dag.py
[2024-02-25T12:49:37.683+0000] {processor.py:836} INFO - DAG(s) dict_keys(['example_sla_dag']) retrieved from /home/airflow/.local/lib/python3.7/site-packages/airflow/example_dags/example_sla_dag.py
[2024-02-25T12:49:37.707+0000] {logging_mixin.py:150} INFO - [2024-02-25T12:49:37.707+0000] {dag.py:2742} INFO - Sync 1 DAGs
[2024-02-25T12:49:37.740+0000] {logging_mixin.py:150} INFO - [2024-02-25T12:49:37.739+0000] {dag.py:3508} INFO - Setting next_dagrun for example_sla_dag to 2024-02-25T12:46:00+00:00, run_after=2024-02-25T12:48:00+00:00
[2024-02-25T12:49:37.766+0000] {processor.py:179} INFO - Processing /home/airflow/.local/lib/python3.7/site-packages/airflow/example_dags/example_sla_dag.py took 0.097 seconds
[2024-02-25T12:50:07.958+0000] {processor.py:157} INFO - Started process (PID=3563) to work on /home/airflow/.local/lib/python3.7/site-packages/airflow/example_dags/example_sla_dag.py
[2024-02-25T12:50:07.959+0000] {processor.py:826} INFO - Processing file /home/airflow/.local/lib/python3.7/site-packages/airflow/example_dags/example_sla_dag.py for tasks to queue
[2024-02-25T12:50:07.961+0000] {logging_mixin.py:150} INFO - [2024-02-25T12:50:07.960+0000] {dagbag.py:541} INFO - Filling up the DagBag from /home/airflow/.local/lib/python3.7/site-packages/airflow/example_dags/example_sla_dag.py
[2024-02-25T12:50:07.973+0000] {processor.py:836} INFO - DAG(s) dict_keys(['example_sla_dag']) retrieved from /home/airflow/.local/lib/python3.7/site-packages/airflow/example_dags/example_sla_dag.py
[2024-02-25T12:50:08.001+0000] {logging_mixin.py:150} INFO - [2024-02-25T12:50:08.001+0000] {dag.py:2742} INFO - Sync 1 DAGs
[2024-02-25T12:50:08.034+0000] {logging_mixin.py:150} INFO - [2024-02-25T12:50:08.034+0000] {dag.py:3508} INFO - Setting next_dagrun for example_sla_dag to 2024-02-25T12:48:00+00:00, run_after=2024-02-25T12:50:00+00:00
[2024-02-25T12:50:08.061+0000] {processor.py:179} INFO - Processing /home/airflow/.local/lib/python3.7/site-packages/airflow/example_dags/example_sla_dag.py took 0.107 seconds
[2024-02-25T12:50:38.635+0000] {processor.py:157} INFO - Started process (PID=3804) to work on /home/airflow/.local/lib/python3.7/site-packages/airflow/example_dags/example_sla_dag.py
[2024-02-25T12:50:38.636+0000] {processor.py:826} INFO - Processing file /home/airflow/.local/lib/python3.7/site-packages/airflow/example_dags/example_sla_dag.py for tasks to queue
[2024-02-25T12:50:38.637+0000] {logging_mixin.py:150} INFO - [2024-02-25T12:50:38.636+0000] {dagbag.py:541} INFO - Filling up the DagBag from /home/airflow/.local/lib/python3.7/site-packages/airflow/example_dags/example_sla_dag.py
[2024-02-25T12:50:38.645+0000] {processor.py:836} INFO - DAG(s) dict_keys(['example_sla_dag']) retrieved from /home/airflow/.local/lib/python3.7/site-packages/airflow/example_dags/example_sla_dag.py
[2024-02-25T12:50:38.674+0000] {logging_mixin.py:150} INFO - [2024-02-25T12:50:38.674+0000] {dag.py:2742} INFO - Sync 1 DAGs
[2024-02-25T12:50:38.718+0000] {logging_mixin.py:150} INFO - [2024-02-25T12:50:38.718+0000] {dag.py:3508} INFO - Setting next_dagrun for example_sla_dag to 2024-02-25T12:48:00+00:00, run_after=2024-02-25T12:50:00+00:00
[2024-02-25T12:50:38.744+0000] {processor.py:179} INFO - Processing /home/airflow/.local/lib/python3.7/site-packages/airflow/example_dags/example_sla_dag.py took 0.114 seconds
[2024-02-25T12:51:09.012+0000] {processor.py:157} INFO - Started process (PID=4045) to work on /home/airflow/.local/lib/python3.7/site-packages/airflow/example_dags/example_sla_dag.py
[2024-02-25T12:51:09.013+0000] {processor.py:826} INFO - Processing file /home/airflow/.local/lib/python3.7/site-packages/airflow/example_dags/example_sla_dag.py for tasks to queue
[2024-02-25T12:51:09.014+0000] {logging_mixin.py:150} INFO - [2024-02-25T12:51:09.014+0000] {dagbag.py:541} INFO - Filling up the DagBag from /home/airflow/.local/lib/python3.7/site-packages/airflow/example_dags/example_sla_dag.py
[2024-02-25T12:51:09.022+0000] {processor.py:836} INFO - DAG(s) dict_keys(['example_sla_dag']) retrieved from /home/airflow/.local/lib/python3.7/site-packages/airflow/example_dags/example_sla_dag.py
[2024-02-25T12:51:09.058+0000] {logging_mixin.py:150} INFO - [2024-02-25T12:51:09.058+0000] {dag.py:2742} INFO - Sync 1 DAGs
[2024-02-25T12:51:09.116+0000] {logging_mixin.py:150} INFO - [2024-02-25T12:51:09.116+0000] {dag.py:3508} INFO - Setting next_dagrun for example_sla_dag to 2024-02-25T12:48:00+00:00, run_after=2024-02-25T12:50:00+00:00
[2024-02-25T12:51:09.150+0000] {processor.py:179} INFO - Processing /home/airflow/.local/lib/python3.7/site-packages/airflow/example_dags/example_sla_dag.py took 0.141 seconds
[2024-02-25T12:51:39.791+0000] {processor.py:157} INFO - Started process (PID=4286) to work on /home/airflow/.local/lib/python3.7/site-packages/airflow/example_dags/example_sla_dag.py
[2024-02-25T12:51:39.792+0000] {processor.py:826} INFO - Processing file /home/airflow/.local/lib/python3.7/site-packages/airflow/example_dags/example_sla_dag.py for tasks to queue
[2024-02-25T12:51:39.793+0000] {logging_mixin.py:150} INFO - [2024-02-25T12:51:39.793+0000] {dagbag.py:541} INFO - Filling up the DagBag from /home/airflow/.local/lib/python3.7/site-packages/airflow/example_dags/example_sla_dag.py
[2024-02-25T12:51:39.805+0000] {processor.py:836} INFO - DAG(s) dict_keys(['example_sla_dag']) retrieved from /home/airflow/.local/lib/python3.7/site-packages/airflow/example_dags/example_sla_dag.py
[2024-02-25T12:51:39.829+0000] {logging_mixin.py:150} INFO - [2024-02-25T12:51:39.829+0000] {dag.py:2742} INFO - Sync 1 DAGs
[2024-02-25T12:51:39.860+0000] {logging_mixin.py:150} INFO - [2024-02-25T12:51:39.860+0000] {dag.py:3508} INFO - Setting next_dagrun for example_sla_dag to 2024-02-25T12:48:00+00:00, run_after=2024-02-25T12:50:00+00:00
[2024-02-25T12:51:39.882+0000] {processor.py:179} INFO - Processing /home/airflow/.local/lib/python3.7/site-packages/airflow/example_dags/example_sla_dag.py took 0.096 seconds
[2024-02-25T12:52:10.526+0000] {processor.py:157} INFO - Started process (PID=4527) to work on /home/airflow/.local/lib/python3.7/site-packages/airflow/example_dags/example_sla_dag.py
[2024-02-25T12:52:10.534+0000] {processor.py:826} INFO - Processing file /home/airflow/.local/lib/python3.7/site-packages/airflow/example_dags/example_sla_dag.py for tasks to queue
[2024-02-25T12:52:10.539+0000] {logging_mixin.py:150} INFO - [2024-02-25T12:52:10.537+0000] {dagbag.py:541} INFO - Filling up the DagBag from /home/airflow/.local/lib/python3.7/site-packages/airflow/example_dags/example_sla_dag.py
[2024-02-25T12:52:10.571+0000] {processor.py:836} INFO - DAG(s) dict_keys(['example_sla_dag']) retrieved from /home/airflow/.local/lib/python3.7/site-packages/airflow/example_dags/example_sla_dag.py
[2024-02-25T12:52:10.602+0000] {logging_mixin.py:150} INFO - [2024-02-25T12:52:10.602+0000] {dag.py:2742} INFO - Sync 1 DAGs
[2024-02-25T12:52:10.634+0000] {logging_mixin.py:150} INFO - [2024-02-25T12:52:10.633+0000] {dag.py:3508} INFO - Setting next_dagrun for example_sla_dag to 2024-02-25T12:50:00+00:00, run_after=2024-02-25T12:52:00+00:00
[2024-02-25T12:52:10.661+0000] {processor.py:179} INFO - Processing /home/airflow/.local/lib/python3.7/site-packages/airflow/example_dags/example_sla_dag.py took 0.148 seconds
[2024-02-25T12:52:40.795+0000] {processor.py:157} INFO - Started process (PID=4768) to work on /home/airflow/.local/lib/python3.7/site-packages/airflow/example_dags/example_sla_dag.py
[2024-02-25T12:52:40.796+0000] {processor.py:826} INFO - Processing file /home/airflow/.local/lib/python3.7/site-packages/airflow/example_dags/example_sla_dag.py for tasks to queue
[2024-02-25T12:52:40.798+0000] {logging_mixin.py:150} INFO - [2024-02-25T12:52:40.797+0000] {dagbag.py:541} INFO - Filling up the DagBag from /home/airflow/.local/lib/python3.7/site-packages/airflow/example_dags/example_sla_dag.py
[2024-02-25T12:52:40.809+0000] {processor.py:836} INFO - DAG(s) dict_keys(['example_sla_dag']) retrieved from /home/airflow/.local/lib/python3.7/site-packages/airflow/example_dags/example_sla_dag.py
[2024-02-25T12:52:40.834+0000] {logging_mixin.py:150} INFO - [2024-02-25T12:52:40.834+0000] {dag.py:2742} INFO - Sync 1 DAGs
[2024-02-25T12:52:40.871+0000] {logging_mixin.py:150} INFO - [2024-02-25T12:52:40.871+0000] {dag.py:3508} INFO - Setting next_dagrun for example_sla_dag to 2024-02-25T12:50:00+00:00, run_after=2024-02-25T12:52:00+00:00
[2024-02-25T12:52:40.894+0000] {processor.py:179} INFO - Processing /home/airflow/.local/lib/python3.7/site-packages/airflow/example_dags/example_sla_dag.py took 0.105 seconds
[2024-02-25T12:53:11.114+0000] {processor.py:157} INFO - Started process (PID=5009) to work on /home/airflow/.local/lib/python3.7/site-packages/airflow/example_dags/example_sla_dag.py
[2024-02-25T12:53:11.117+0000] {processor.py:826} INFO - Processing file /home/airflow/.local/lib/python3.7/site-packages/airflow/example_dags/example_sla_dag.py for tasks to queue
[2024-02-25T12:53:11.121+0000] {logging_mixin.py:150} INFO - [2024-02-25T12:53:11.119+0000] {dagbag.py:541} INFO - Filling up the DagBag from /home/airflow/.local/lib/python3.7/site-packages/airflow/example_dags/example_sla_dag.py
[2024-02-25T12:53:11.140+0000] {processor.py:836} INFO - DAG(s) dict_keys(['example_sla_dag']) retrieved from /home/airflow/.local/lib/python3.7/site-packages/airflow/example_dags/example_sla_dag.py
[2024-02-25T12:53:11.177+0000] {logging_mixin.py:150} INFO - [2024-02-25T12:53:11.177+0000] {dag.py:2742} INFO - Sync 1 DAGs
[2024-02-25T12:53:11.220+0000] {logging_mixin.py:150} INFO - [2024-02-25T12:53:11.220+0000] {dag.py:3508} INFO - Setting next_dagrun for example_sla_dag to 2024-02-25T12:50:00+00:00, run_after=2024-02-25T12:52:00+00:00
[2024-02-25T12:53:11.246+0000] {processor.py:179} INFO - Processing /home/airflow/.local/lib/python3.7/site-packages/airflow/example_dags/example_sla_dag.py took 0.150 seconds
[2024-02-25T12:53:42.111+0000] {processor.py:157} INFO - Started process (PID=5250) to work on /home/airflow/.local/lib/python3.7/site-packages/airflow/example_dags/example_sla_dag.py
[2024-02-25T12:53:42.113+0000] {processor.py:826} INFO - Processing file /home/airflow/.local/lib/python3.7/site-packages/airflow/example_dags/example_sla_dag.py for tasks to queue
[2024-02-25T12:53:42.114+0000] {logging_mixin.py:150} INFO - [2024-02-25T12:53:42.114+0000] {dagbag.py:541} INFO - Filling up the DagBag from /home/airflow/.local/lib/python3.7/site-packages/airflow/example_dags/example_sla_dag.py
[2024-02-25T12:53:42.127+0000] {processor.py:836} INFO - DAG(s) dict_keys(['example_sla_dag']) retrieved from /home/airflow/.local/lib/python3.7/site-packages/airflow/example_dags/example_sla_dag.py
[2024-02-25T12:53:42.167+0000] {logging_mixin.py:150} INFO - [2024-02-25T12:53:42.166+0000] {dag.py:2742} INFO - Sync 1 DAGs
[2024-02-25T12:53:42.214+0000] {logging_mixin.py:150} INFO - [2024-02-25T12:53:42.214+0000] {dag.py:3508} INFO - Setting next_dagrun for example_sla_dag to 2024-02-25T12:50:00+00:00, run_after=2024-02-25T12:52:00+00:00
[2024-02-25T12:53:42.240+0000] {processor.py:179} INFO - Processing /home/airflow/.local/lib/python3.7/site-packages/airflow/example_dags/example_sla_dag.py took 0.134 seconds
[2024-02-25T12:54:12.816+0000] {processor.py:157} INFO - Started process (PID=5491) to work on /home/airflow/.local/lib/python3.7/site-packages/airflow/example_dags/example_sla_dag.py
[2024-02-25T12:54:12.817+0000] {processor.py:826} INFO - Processing file /home/airflow/.local/lib/python3.7/site-packages/airflow/example_dags/example_sla_dag.py for tasks to queue
[2024-02-25T12:54:12.818+0000] {logging_mixin.py:150} INFO - [2024-02-25T12:54:12.818+0000] {dagbag.py:541} INFO - Filling up the DagBag from /home/airflow/.local/lib/python3.7/site-packages/airflow/example_dags/example_sla_dag.py
[2024-02-25T12:54:12.831+0000] {processor.py:836} INFO - DAG(s) dict_keys(['example_sla_dag']) retrieved from /home/airflow/.local/lib/python3.7/site-packages/airflow/example_dags/example_sla_dag.py
[2024-02-25T12:54:12.857+0000] {logging_mixin.py:150} INFO - [2024-02-25T12:54:12.857+0000] {dag.py:2742} INFO - Sync 1 DAGs
[2024-02-25T12:54:12.890+0000] {logging_mixin.py:150} INFO - [2024-02-25T12:54:12.890+0000] {dag.py:3508} INFO - Setting next_dagrun for example_sla_dag to 2024-02-25T12:52:00+00:00, run_after=2024-02-25T12:54:00+00:00
[2024-02-25T12:54:12.912+0000] {processor.py:179} INFO - Processing /home/airflow/.local/lib/python3.7/site-packages/airflow/example_dags/example_sla_dag.py took 0.102 seconds
[2024-02-25T12:54:43.405+0000] {processor.py:157} INFO - Started process (PID=5732) to work on /home/airflow/.local/lib/python3.7/site-packages/airflow/example_dags/example_sla_dag.py
[2024-02-25T12:54:43.406+0000] {processor.py:826} INFO - Processing file /home/airflow/.local/lib/python3.7/site-packages/airflow/example_dags/example_sla_dag.py for tasks to queue
[2024-02-25T12:54:43.407+0000] {logging_mixin.py:150} INFO - [2024-02-25T12:54:43.407+0000] {dagbag.py:541} INFO - Filling up the DagBag from /home/airflow/.local/lib/python3.7/site-packages/airflow/example_dags/example_sla_dag.py
[2024-02-25T12:54:43.421+0000] {processor.py:836} INFO - DAG(s) dict_keys(['example_sla_dag']) retrieved from /home/airflow/.local/lib/python3.7/site-packages/airflow/example_dags/example_sla_dag.py
[2024-02-25T12:54:43.448+0000] {logging_mixin.py:150} INFO - [2024-02-25T12:54:43.448+0000] {dag.py:2742} INFO - Sync 1 DAGs
[2024-02-25T12:54:43.485+0000] {logging_mixin.py:150} INFO - [2024-02-25T12:54:43.485+0000] {dag.py:3508} INFO - Setting next_dagrun for example_sla_dag to 2024-02-25T12:52:00+00:00, run_after=2024-02-25T12:54:00+00:00
[2024-02-25T12:54:43.514+0000] {processor.py:179} INFO - Processing /home/airflow/.local/lib/python3.7/site-packages/airflow/example_dags/example_sla_dag.py took 0.113 seconds
[2024-02-25T12:55:14.025+0000] {processor.py:157} INFO - Started process (PID=5972) to work on /home/airflow/.local/lib/python3.7/site-packages/airflow/example_dags/example_sla_dag.py
[2024-02-25T12:55:14.026+0000] {processor.py:826} INFO - Processing file /home/airflow/.local/lib/python3.7/site-packages/airflow/example_dags/example_sla_dag.py for tasks to queue
[2024-02-25T12:55:14.026+0000] {logging_mixin.py:150} INFO - [2024-02-25T12:55:14.026+0000] {dagbag.py:541} INFO - Filling up the DagBag from /home/airflow/.local/lib/python3.7/site-packages/airflow/example_dags/example_sla_dag.py
[2024-02-25T12:55:14.035+0000] {processor.py:836} INFO - DAG(s) dict_keys(['example_sla_dag']) retrieved from /home/airflow/.local/lib/python3.7/site-packages/airflow/example_dags/example_sla_dag.py
[2024-02-25T12:55:14.065+0000] {logging_mixin.py:150} INFO - [2024-02-25T12:55:14.064+0000] {dag.py:2742} INFO - Sync 1 DAGs
[2024-02-25T12:55:14.102+0000] {logging_mixin.py:150} INFO - [2024-02-25T12:55:14.102+0000] {dag.py:3508} INFO - Setting next_dagrun for example_sla_dag to 2024-02-25T12:52:00+00:00, run_after=2024-02-25T12:54:00+00:00
[2024-02-25T12:55:14.132+0000] {processor.py:179} INFO - Processing /home/airflow/.local/lib/python3.7/site-packages/airflow/example_dags/example_sla_dag.py took 0.111 seconds
[2024-02-25T12:55:44.798+0000] {processor.py:157} INFO - Started process (PID=6213) to work on /home/airflow/.local/lib/python3.7/site-packages/airflow/example_dags/example_sla_dag.py
[2024-02-25T12:55:44.799+0000] {processor.py:826} INFO - Processing file /home/airflow/.local/lib/python3.7/site-packages/airflow/example_dags/example_sla_dag.py for tasks to queue
[2024-02-25T12:55:44.800+0000] {logging_mixin.py:150} INFO - [2024-02-25T12:55:44.800+0000] {dagbag.py:541} INFO - Filling up the DagBag from /home/airflow/.local/lib/python3.7/site-packages/airflow/example_dags/example_sla_dag.py
[2024-02-25T12:55:44.809+0000] {processor.py:836} INFO - DAG(s) dict_keys(['example_sla_dag']) retrieved from /home/airflow/.local/lib/python3.7/site-packages/airflow/example_dags/example_sla_dag.py
[2024-02-25T12:55:44.838+0000] {logging_mixin.py:150} INFO - [2024-02-25T12:55:44.838+0000] {dag.py:2742} INFO - Sync 1 DAGs
[2024-02-25T12:55:44.882+0000] {logging_mixin.py:150} INFO - [2024-02-25T12:55:44.882+0000] {dag.py:3508} INFO - Setting next_dagrun for example_sla_dag to 2024-02-25T12:52:00+00:00, run_after=2024-02-25T12:54:00+00:00
[2024-02-25T12:55:44.907+0000] {processor.py:179} INFO - Processing /home/airflow/.local/lib/python3.7/site-packages/airflow/example_dags/example_sla_dag.py took 0.116 seconds
[2024-02-25T12:56:14.985+0000] {processor.py:157} INFO - Started process (PID=6454) to work on /home/airflow/.local/lib/python3.7/site-packages/airflow/example_dags/example_sla_dag.py
[2024-02-25T12:56:14.986+0000] {processor.py:826} INFO - Processing file /home/airflow/.local/lib/python3.7/site-packages/airflow/example_dags/example_sla_dag.py for tasks to queue
[2024-02-25T12:56:14.987+0000] {logging_mixin.py:150} INFO - [2024-02-25T12:56:14.987+0000] {dagbag.py:541} INFO - Filling up the DagBag from /home/airflow/.local/lib/python3.7/site-packages/airflow/example_dags/example_sla_dag.py
[2024-02-25T12:56:14.997+0000] {processor.py:836} INFO - DAG(s) dict_keys(['example_sla_dag']) retrieved from /home/airflow/.local/lib/python3.7/site-packages/airflow/example_dags/example_sla_dag.py
[2024-02-25T12:56:15.021+0000] {logging_mixin.py:150} INFO - [2024-02-25T12:56:15.021+0000] {dag.py:2742} INFO - Sync 1 DAGs
[2024-02-25T12:56:15.056+0000] {logging_mixin.py:150} INFO - [2024-02-25T12:56:15.056+0000] {dag.py:3508} INFO - Setting next_dagrun for example_sla_dag to 2024-02-25T12:54:00+00:00, run_after=2024-02-25T12:56:00+00:00
[2024-02-25T12:56:15.081+0000] {processor.py:179} INFO - Processing /home/airflow/.local/lib/python3.7/site-packages/airflow/example_dags/example_sla_dag.py took 0.101 seconds
[2024-02-25T12:56:45.204+0000] {processor.py:157} INFO - Started process (PID=6697) to work on /home/airflow/.local/lib/python3.7/site-packages/airflow/example_dags/example_sla_dag.py
[2024-02-25T12:56:45.204+0000] {processor.py:826} INFO - Processing file /home/airflow/.local/lib/python3.7/site-packages/airflow/example_dags/example_sla_dag.py for tasks to queue
[2024-02-25T12:56:45.205+0000] {logging_mixin.py:150} INFO - [2024-02-25T12:56:45.205+0000] {dagbag.py:541} INFO - Filling up the DagBag from /home/airflow/.local/lib/python3.7/site-packages/airflow/example_dags/example_sla_dag.py
[2024-02-25T12:56:45.213+0000] {processor.py:836} INFO - DAG(s) dict_keys(['example_sla_dag']) retrieved from /home/airflow/.local/lib/python3.7/site-packages/airflow/example_dags/example_sla_dag.py
[2024-02-25T12:56:45.233+0000] {logging_mixin.py:150} INFO - [2024-02-25T12:56:45.233+0000] {dag.py:2742} INFO - Sync 1 DAGs
[2024-02-25T12:56:45.260+0000] {logging_mixin.py:150} INFO - [2024-02-25T12:56:45.260+0000] {dag.py:3508} INFO - Setting next_dagrun for example_sla_dag to 2024-02-25T12:54:00+00:00, run_after=2024-02-25T12:56:00+00:00
[2024-02-25T12:56:45.283+0000] {processor.py:179} INFO - Processing /home/airflow/.local/lib/python3.7/site-packages/airflow/example_dags/example_sla_dag.py took 0.083 seconds
