[2024-02-25T12:43:01.908+0000] {processor.py:157} INFO - Started process (PID=276) to work on /home/airflow/.local/lib/python3.7/site-packages/airflow/example_dags/example_latest_only.py
[2024-02-25T12:43:01.909+0000] {processor.py:826} INFO - Processing file /home/airflow/.local/lib/python3.7/site-packages/airflow/example_dags/example_latest_only.py for tasks to queue
[2024-02-25T12:43:01.910+0000] {logging_mixin.py:150} INFO - [2024-02-25T12:43:01.910+0000] {dagbag.py:541} INFO - Filling up the DagBag from /home/airflow/.local/lib/python3.7/site-packages/airflow/example_dags/example_latest_only.py
[2024-02-25T12:43:01.919+0000] {processor.py:836} INFO - DAG(s) dict_keys(['latest_only']) retrieved from /home/airflow/.local/lib/python3.7/site-packages/airflow/example_dags/example_latest_only.py
[2024-02-25T12:43:01.933+0000] {logging_mixin.py:150} INFO - [2024-02-25T12:43:01.933+0000] {dag.py:2742} INFO - Sync 1 DAGs
[2024-02-25T12:43:01.980+0000] {logging_mixin.py:150} INFO - [2024-02-25T12:43:01.980+0000] {dag.py:3508} INFO - Setting next_dagrun for latest_only to 2024-02-25T08:43:01.980287+00:00, run_after=2024-02-25T12:43:01.980287+00:00
[2024-02-25T12:43:02.019+0000] {processor.py:179} INFO - Processing /home/airflow/.local/lib/python3.7/site-packages/airflow/example_dags/example_latest_only.py took 0.116 seconds
[2024-02-25T12:43:32.865+0000] {processor.py:157} INFO - Started process (PID=516) to work on /home/airflow/.local/lib/python3.7/site-packages/airflow/example_dags/example_latest_only.py
[2024-02-25T12:43:32.866+0000] {processor.py:826} INFO - Processing file /home/airflow/.local/lib/python3.7/site-packages/airflow/example_dags/example_latest_only.py for tasks to queue
[2024-02-25T12:43:32.866+0000] {logging_mixin.py:150} INFO - [2024-02-25T12:43:32.866+0000] {dagbag.py:541} INFO - Filling up the DagBag from /home/airflow/.local/lib/python3.7/site-packages/airflow/example_dags/example_latest_only.py
[2024-02-25T12:43:32.872+0000] {processor.py:836} INFO - DAG(s) dict_keys(['latest_only']) retrieved from /home/airflow/.local/lib/python3.7/site-packages/airflow/example_dags/example_latest_only.py
[2024-02-25T12:43:32.898+0000] {logging_mixin.py:150} INFO - [2024-02-25T12:43:32.898+0000] {dag.py:2742} INFO - Sync 1 DAGs
[2024-02-25T12:43:32.928+0000] {logging_mixin.py:150} INFO - [2024-02-25T12:43:32.928+0000] {dag.py:3508} INFO - Setting next_dagrun for latest_only to 2024-02-25T08:43:32.928139+00:00, run_after=2024-02-25T12:43:32.928139+00:00
[2024-02-25T12:43:32.954+0000] {processor.py:179} INFO - Processing /home/airflow/.local/lib/python3.7/site-packages/airflow/example_dags/example_latest_only.py took 0.093 seconds
[2024-02-25T12:44:03.868+0000] {processor.py:157} INFO - Started process (PID=758) to work on /home/airflow/.local/lib/python3.7/site-packages/airflow/example_dags/example_latest_only.py
[2024-02-25T12:44:03.871+0000] {processor.py:826} INFO - Processing file /home/airflow/.local/lib/python3.7/site-packages/airflow/example_dags/example_latest_only.py for tasks to queue
[2024-02-25T12:44:03.872+0000] {logging_mixin.py:150} INFO - [2024-02-25T12:44:03.871+0000] {dagbag.py:541} INFO - Filling up the DagBag from /home/airflow/.local/lib/python3.7/site-packages/airflow/example_dags/example_latest_only.py
[2024-02-25T12:44:03.880+0000] {processor.py:836} INFO - DAG(s) dict_keys(['latest_only']) retrieved from /home/airflow/.local/lib/python3.7/site-packages/airflow/example_dags/example_latest_only.py
[2024-02-25T12:44:03.901+0000] {logging_mixin.py:150} INFO - [2024-02-25T12:44:03.900+0000] {dag.py:2742} INFO - Sync 1 DAGs
[2024-02-25T12:44:03.950+0000] {logging_mixin.py:150} INFO - [2024-02-25T12:44:03.950+0000] {dag.py:3508} INFO - Setting next_dagrun for latest_only to 2024-02-25T08:44:03.950029+00:00, run_after=2024-02-25T12:44:03.950029+00:00
[2024-02-25T12:44:03.985+0000] {processor.py:179} INFO - Processing /home/airflow/.local/lib/python3.7/site-packages/airflow/example_dags/example_latest_only.py took 0.122 seconds
[2024-02-25T12:44:34.688+0000] {processor.py:157} INFO - Started process (PID=999) to work on /home/airflow/.local/lib/python3.7/site-packages/airflow/example_dags/example_latest_only.py
[2024-02-25T12:44:34.690+0000] {processor.py:826} INFO - Processing file /home/airflow/.local/lib/python3.7/site-packages/airflow/example_dags/example_latest_only.py for tasks to queue
[2024-02-25T12:44:34.692+0000] {logging_mixin.py:150} INFO - [2024-02-25T12:44:34.692+0000] {dagbag.py:541} INFO - Filling up the DagBag from /home/airflow/.local/lib/python3.7/site-packages/airflow/example_dags/example_latest_only.py
[2024-02-25T12:44:34.702+0000] {processor.py:836} INFO - DAG(s) dict_keys(['latest_only']) retrieved from /home/airflow/.local/lib/python3.7/site-packages/airflow/example_dags/example_latest_only.py
[2024-02-25T12:44:34.737+0000] {logging_mixin.py:150} INFO - [2024-02-25T12:44:34.737+0000] {dag.py:2742} INFO - Sync 1 DAGs
[2024-02-25T12:44:34.774+0000] {logging_mixin.py:150} INFO - [2024-02-25T12:44:34.774+0000] {dag.py:3508} INFO - Setting next_dagrun for latest_only to 2024-02-25T08:44:34.773801+00:00, run_after=2024-02-25T12:44:34.773801+00:00
[2024-02-25T12:44:34.809+0000] {processor.py:179} INFO - Processing /home/airflow/.local/lib/python3.7/site-packages/airflow/example_dags/example_latest_only.py took 0.126 seconds
[2024-02-25T12:45:05.865+0000] {processor.py:157} INFO - Started process (PID=1240) to work on /home/airflow/.local/lib/python3.7/site-packages/airflow/example_dags/example_latest_only.py
[2024-02-25T12:45:05.867+0000] {processor.py:826} INFO - Processing file /home/airflow/.local/lib/python3.7/site-packages/airflow/example_dags/example_latest_only.py for tasks to queue
[2024-02-25T12:45:05.869+0000] {logging_mixin.py:150} INFO - [2024-02-25T12:45:05.868+0000] {dagbag.py:541} INFO - Filling up the DagBag from /home/airflow/.local/lib/python3.7/site-packages/airflow/example_dags/example_latest_only.py
[2024-02-25T12:45:05.878+0000] {processor.py:836} INFO - DAG(s) dict_keys(['latest_only']) retrieved from /home/airflow/.local/lib/python3.7/site-packages/airflow/example_dags/example_latest_only.py
[2024-02-25T12:45:05.918+0000] {logging_mixin.py:150} INFO - [2024-02-25T12:45:05.917+0000] {dag.py:2742} INFO - Sync 1 DAGs
[2024-02-25T12:45:05.966+0000] {logging_mixin.py:150} INFO - [2024-02-25T12:45:05.966+0000] {dag.py:3508} INFO - Setting next_dagrun for latest_only to 2024-02-25T08:45:05.966385+00:00, run_after=2024-02-25T12:45:05.966385+00:00
[2024-02-25T12:45:06.006+0000] {processor.py:179} INFO - Processing /home/airflow/.local/lib/python3.7/site-packages/airflow/example_dags/example_latest_only.py took 0.146 seconds
[2024-02-25T12:45:36.375+0000] {processor.py:157} INFO - Started process (PID=1488) to work on /home/airflow/.local/lib/python3.7/site-packages/airflow/example_dags/example_latest_only.py
[2024-02-25T12:45:36.375+0000] {processor.py:826} INFO - Processing file /home/airflow/.local/lib/python3.7/site-packages/airflow/example_dags/example_latest_only.py for tasks to queue
[2024-02-25T12:45:36.376+0000] {logging_mixin.py:150} INFO - [2024-02-25T12:45:36.376+0000] {dagbag.py:541} INFO - Filling up the DagBag from /home/airflow/.local/lib/python3.7/site-packages/airflow/example_dags/example_latest_only.py
[2024-02-25T12:45:36.384+0000] {processor.py:836} INFO - DAG(s) dict_keys(['latest_only']) retrieved from /home/airflow/.local/lib/python3.7/site-packages/airflow/example_dags/example_latest_only.py
[2024-02-25T12:45:36.423+0000] {logging_mixin.py:150} INFO - [2024-02-25T12:45:36.423+0000] {dag.py:2742} INFO - Sync 1 DAGs
[2024-02-25T12:45:36.477+0000] {logging_mixin.py:150} INFO - [2024-02-25T12:45:36.476+0000] {dag.py:3508} INFO - Setting next_dagrun for latest_only to 2024-02-25T08:45:36.476526+00:00, run_after=2024-02-25T12:45:36.476526+00:00
[2024-02-25T12:45:36.510+0000] {processor.py:179} INFO - Processing /home/airflow/.local/lib/python3.7/site-packages/airflow/example_dags/example_latest_only.py took 0.140 seconds
[2024-02-25T12:46:06.868+0000] {processor.py:157} INFO - Started process (PID=1729) to work on /home/airflow/.local/lib/python3.7/site-packages/airflow/example_dags/example_latest_only.py
[2024-02-25T12:46:06.870+0000] {processor.py:826} INFO - Processing file /home/airflow/.local/lib/python3.7/site-packages/airflow/example_dags/example_latest_only.py for tasks to queue
[2024-02-25T12:46:06.871+0000] {logging_mixin.py:150} INFO - [2024-02-25T12:46:06.870+0000] {dagbag.py:541} INFO - Filling up the DagBag from /home/airflow/.local/lib/python3.7/site-packages/airflow/example_dags/example_latest_only.py
[2024-02-25T12:46:06.881+0000] {processor.py:836} INFO - DAG(s) dict_keys(['latest_only']) retrieved from /home/airflow/.local/lib/python3.7/site-packages/airflow/example_dags/example_latest_only.py
[2024-02-25T12:46:06.915+0000] {logging_mixin.py:150} INFO - [2024-02-25T12:46:06.915+0000] {dag.py:2742} INFO - Sync 1 DAGs
[2024-02-25T12:46:06.954+0000] {logging_mixin.py:150} INFO - [2024-02-25T12:46:06.954+0000] {dag.py:3508} INFO - Setting next_dagrun for latest_only to 2024-02-25T08:46:06.953668+00:00, run_after=2024-02-25T12:46:06.953668+00:00
[2024-02-25T12:46:06.990+0000] {processor.py:179} INFO - Processing /home/airflow/.local/lib/python3.7/site-packages/airflow/example_dags/example_latest_only.py took 0.128 seconds
[2024-02-25T12:46:37.353+0000] {processor.py:157} INFO - Started process (PID=1970) to work on /home/airflow/.local/lib/python3.7/site-packages/airflow/example_dags/example_latest_only.py
[2024-02-25T12:46:37.353+0000] {processor.py:826} INFO - Processing file /home/airflow/.local/lib/python3.7/site-packages/airflow/example_dags/example_latest_only.py for tasks to queue
[2024-02-25T12:46:37.354+0000] {logging_mixin.py:150} INFO - [2024-02-25T12:46:37.354+0000] {dagbag.py:541} INFO - Filling up the DagBag from /home/airflow/.local/lib/python3.7/site-packages/airflow/example_dags/example_latest_only.py
[2024-02-25T12:46:37.361+0000] {processor.py:836} INFO - DAG(s) dict_keys(['latest_only']) retrieved from /home/airflow/.local/lib/python3.7/site-packages/airflow/example_dags/example_latest_only.py
[2024-02-25T12:46:37.404+0000] {logging_mixin.py:150} INFO - [2024-02-25T12:46:37.403+0000] {dag.py:2742} INFO - Sync 1 DAGs
[2024-02-25T12:46:37.459+0000] {logging_mixin.py:150} INFO - [2024-02-25T12:46:37.459+0000] {dag.py:3508} INFO - Setting next_dagrun for latest_only to 2024-02-25T08:46:37.459343+00:00, run_after=2024-02-25T12:46:37.459343+00:00
[2024-02-25T12:46:37.497+0000] {processor.py:179} INFO - Processing /home/airflow/.local/lib/python3.7/site-packages/airflow/example_dags/example_latest_only.py took 0.148 seconds
[2024-02-25T12:47:08.285+0000] {processor.py:157} INFO - Started process (PID=2211) to work on /home/airflow/.local/lib/python3.7/site-packages/airflow/example_dags/example_latest_only.py
[2024-02-25T12:47:08.286+0000] {processor.py:826} INFO - Processing file /home/airflow/.local/lib/python3.7/site-packages/airflow/example_dags/example_latest_only.py for tasks to queue
[2024-02-25T12:47:08.287+0000] {logging_mixin.py:150} INFO - [2024-02-25T12:47:08.287+0000] {dagbag.py:541} INFO - Filling up the DagBag from /home/airflow/.local/lib/python3.7/site-packages/airflow/example_dags/example_latest_only.py
[2024-02-25T12:47:08.295+0000] {processor.py:836} INFO - DAG(s) dict_keys(['latest_only']) retrieved from /home/airflow/.local/lib/python3.7/site-packages/airflow/example_dags/example_latest_only.py
[2024-02-25T12:47:08.329+0000] {logging_mixin.py:150} INFO - [2024-02-25T12:47:08.329+0000] {dag.py:2742} INFO - Sync 1 DAGs
[2024-02-25T12:47:08.376+0000] {logging_mixin.py:150} INFO - [2024-02-25T12:47:08.376+0000] {dag.py:3508} INFO - Setting next_dagrun for latest_only to 2024-02-25T08:47:08.375994+00:00, run_after=2024-02-25T12:47:08.375994+00:00
[2024-02-25T12:47:08.418+0000] {processor.py:179} INFO - Processing /home/airflow/.local/lib/python3.7/site-packages/airflow/example_dags/example_latest_only.py took 0.136 seconds
[2024-02-25T12:47:38.884+0000] {processor.py:157} INFO - Started process (PID=2452) to work on /home/airflow/.local/lib/python3.7/site-packages/airflow/example_dags/example_latest_only.py
[2024-02-25T12:47:38.885+0000] {processor.py:826} INFO - Processing file /home/airflow/.local/lib/python3.7/site-packages/airflow/example_dags/example_latest_only.py for tasks to queue
[2024-02-25T12:47:38.885+0000] {logging_mixin.py:150} INFO - [2024-02-25T12:47:38.885+0000] {dagbag.py:541} INFO - Filling up the DagBag from /home/airflow/.local/lib/python3.7/site-packages/airflow/example_dags/example_latest_only.py
[2024-02-25T12:47:38.892+0000] {processor.py:836} INFO - DAG(s) dict_keys(['latest_only']) retrieved from /home/airflow/.local/lib/python3.7/site-packages/airflow/example_dags/example_latest_only.py
[2024-02-25T12:47:38.925+0000] {logging_mixin.py:150} INFO - [2024-02-25T12:47:38.924+0000] {dag.py:2742} INFO - Sync 1 DAGs
[2024-02-25T12:47:38.962+0000] {logging_mixin.py:150} INFO - [2024-02-25T12:47:38.962+0000] {dag.py:3508} INFO - Setting next_dagrun for latest_only to 2024-02-25T08:47:38.962206+00:00, run_after=2024-02-25T12:47:38.962206+00:00
[2024-02-25T12:47:38.988+0000] {processor.py:179} INFO - Processing /home/airflow/.local/lib/python3.7/site-packages/airflow/example_dags/example_latest_only.py took 0.108 seconds
[2024-02-25T12:48:09.351+0000] {processor.py:157} INFO - Started process (PID=2693) to work on /home/airflow/.local/lib/python3.7/site-packages/airflow/example_dags/example_latest_only.py
[2024-02-25T12:48:09.352+0000] {processor.py:826} INFO - Processing file /home/airflow/.local/lib/python3.7/site-packages/airflow/example_dags/example_latest_only.py for tasks to queue
[2024-02-25T12:48:09.353+0000] {logging_mixin.py:150} INFO - [2024-02-25T12:48:09.352+0000] {dagbag.py:541} INFO - Filling up the DagBag from /home/airflow/.local/lib/python3.7/site-packages/airflow/example_dags/example_latest_only.py
[2024-02-25T12:48:09.359+0000] {processor.py:836} INFO - DAG(s) dict_keys(['latest_only']) retrieved from /home/airflow/.local/lib/python3.7/site-packages/airflow/example_dags/example_latest_only.py
[2024-02-25T12:48:09.385+0000] {logging_mixin.py:150} INFO - [2024-02-25T12:48:09.385+0000] {dag.py:2742} INFO - Sync 1 DAGs
[2024-02-25T12:48:09.424+0000] {logging_mixin.py:150} INFO - [2024-02-25T12:48:09.424+0000] {dag.py:3508} INFO - Setting next_dagrun for latest_only to 2024-02-25T08:48:09.424436+00:00, run_after=2024-02-25T12:48:09.424436+00:00
[2024-02-25T12:48:09.450+0000] {processor.py:179} INFO - Processing /home/airflow/.local/lib/python3.7/site-packages/airflow/example_dags/example_latest_only.py took 0.103 seconds
[2024-02-25T12:48:39.926+0000] {processor.py:157} INFO - Started process (PID=2935) to work on /home/airflow/.local/lib/python3.7/site-packages/airflow/example_dags/example_latest_only.py
[2024-02-25T12:48:39.927+0000] {processor.py:826} INFO - Processing file /home/airflow/.local/lib/python3.7/site-packages/airflow/example_dags/example_latest_only.py for tasks to queue
[2024-02-25T12:48:39.928+0000] {logging_mixin.py:150} INFO - [2024-02-25T12:48:39.928+0000] {dagbag.py:541} INFO - Filling up the DagBag from /home/airflow/.local/lib/python3.7/site-packages/airflow/example_dags/example_latest_only.py
[2024-02-25T12:48:39.934+0000] {processor.py:836} INFO - DAG(s) dict_keys(['latest_only']) retrieved from /home/airflow/.local/lib/python3.7/site-packages/airflow/example_dags/example_latest_only.py
[2024-02-25T12:48:39.980+0000] {logging_mixin.py:150} INFO - [2024-02-25T12:48:39.980+0000] {dag.py:2742} INFO - Sync 1 DAGs
[2024-02-25T12:48:40.029+0000] {logging_mixin.py:150} INFO - [2024-02-25T12:48:40.029+0000] {dag.py:3508} INFO - Setting next_dagrun for latest_only to 2024-02-25T08:48:40.028748+00:00, run_after=2024-02-25T12:48:40.028748+00:00
[2024-02-25T12:48:40.076+0000] {processor.py:179} INFO - Processing /home/airflow/.local/lib/python3.7/site-packages/airflow/example_dags/example_latest_only.py took 0.153 seconds
[2024-02-25T12:49:10.805+0000] {processor.py:157} INFO - Started process (PID=3176) to work on /home/airflow/.local/lib/python3.7/site-packages/airflow/example_dags/example_latest_only.py
[2024-02-25T12:49:10.806+0000] {processor.py:826} INFO - Processing file /home/airflow/.local/lib/python3.7/site-packages/airflow/example_dags/example_latest_only.py for tasks to queue
[2024-02-25T12:49:10.807+0000] {logging_mixin.py:150} INFO - [2024-02-25T12:49:10.807+0000] {dagbag.py:541} INFO - Filling up the DagBag from /home/airflow/.local/lib/python3.7/site-packages/airflow/example_dags/example_latest_only.py
[2024-02-25T12:49:10.813+0000] {processor.py:836} INFO - DAG(s) dict_keys(['latest_only']) retrieved from /home/airflow/.local/lib/python3.7/site-packages/airflow/example_dags/example_latest_only.py
[2024-02-25T12:49:10.840+0000] {logging_mixin.py:150} INFO - [2024-02-25T12:49:10.840+0000] {dag.py:2742} INFO - Sync 1 DAGs
[2024-02-25T12:49:10.878+0000] {logging_mixin.py:150} INFO - [2024-02-25T12:49:10.877+0000] {dag.py:3508} INFO - Setting next_dagrun for latest_only to 2024-02-25T08:49:10.877637+00:00, run_after=2024-02-25T12:49:10.877637+00:00
[2024-02-25T12:49:10.921+0000] {processor.py:179} INFO - Processing /home/airflow/.local/lib/python3.7/site-packages/airflow/example_dags/example_latest_only.py took 0.121 seconds
[2024-02-25T12:49:41.442+0000] {processor.py:157} INFO - Started process (PID=3417) to work on /home/airflow/.local/lib/python3.7/site-packages/airflow/example_dags/example_latest_only.py
[2024-02-25T12:49:41.443+0000] {processor.py:826} INFO - Processing file /home/airflow/.local/lib/python3.7/site-packages/airflow/example_dags/example_latest_only.py for tasks to queue
[2024-02-25T12:49:41.444+0000] {logging_mixin.py:150} INFO - [2024-02-25T12:49:41.444+0000] {dagbag.py:541} INFO - Filling up the DagBag from /home/airflow/.local/lib/python3.7/site-packages/airflow/example_dags/example_latest_only.py
[2024-02-25T12:49:41.449+0000] {processor.py:836} INFO - DAG(s) dict_keys(['latest_only']) retrieved from /home/airflow/.local/lib/python3.7/site-packages/airflow/example_dags/example_latest_only.py
[2024-02-25T12:49:41.476+0000] {logging_mixin.py:150} INFO - [2024-02-25T12:49:41.476+0000] {dag.py:2742} INFO - Sync 1 DAGs
[2024-02-25T12:49:41.512+0000] {logging_mixin.py:150} INFO - [2024-02-25T12:49:41.512+0000] {dag.py:3508} INFO - Setting next_dagrun for latest_only to 2024-02-25T08:49:41.511968+00:00, run_after=2024-02-25T12:49:41.511968+00:00
[2024-02-25T12:49:41.537+0000] {processor.py:179} INFO - Processing /home/airflow/.local/lib/python3.7/site-packages/airflow/example_dags/example_latest_only.py took 0.098 seconds
[2024-02-25T12:50:12.527+0000] {processor.py:157} INFO - Started process (PID=3658) to work on /home/airflow/.local/lib/python3.7/site-packages/airflow/example_dags/example_latest_only.py
[2024-02-25T12:50:12.528+0000] {processor.py:826} INFO - Processing file /home/airflow/.local/lib/python3.7/site-packages/airflow/example_dags/example_latest_only.py for tasks to queue
[2024-02-25T12:50:12.529+0000] {logging_mixin.py:150} INFO - [2024-02-25T12:50:12.529+0000] {dagbag.py:541} INFO - Filling up the DagBag from /home/airflow/.local/lib/python3.7/site-packages/airflow/example_dags/example_latest_only.py
[2024-02-25T12:50:12.536+0000] {processor.py:836} INFO - DAG(s) dict_keys(['latest_only']) retrieved from /home/airflow/.local/lib/python3.7/site-packages/airflow/example_dags/example_latest_only.py
[2024-02-25T12:50:12.564+0000] {logging_mixin.py:150} INFO - [2024-02-25T12:50:12.564+0000] {dag.py:2742} INFO - Sync 1 DAGs
[2024-02-25T12:50:12.599+0000] {logging_mixin.py:150} INFO - [2024-02-25T12:50:12.599+0000] {dag.py:3508} INFO - Setting next_dagrun for latest_only to 2024-02-25T08:50:12.599052+00:00, run_after=2024-02-25T12:50:12.599052+00:00
[2024-02-25T12:50:12.622+0000] {processor.py:179} INFO - Processing /home/airflow/.local/lib/python3.7/site-packages/airflow/example_dags/example_latest_only.py took 0.100 seconds
[2024-02-25T12:50:43.148+0000] {processor.py:157} INFO - Started process (PID=3899) to work on /home/airflow/.local/lib/python3.7/site-packages/airflow/example_dags/example_latest_only.py
[2024-02-25T12:50:43.149+0000] {processor.py:826} INFO - Processing file /home/airflow/.local/lib/python3.7/site-packages/airflow/example_dags/example_latest_only.py for tasks to queue
[2024-02-25T12:50:43.150+0000] {logging_mixin.py:150} INFO - [2024-02-25T12:50:43.150+0000] {dagbag.py:541} INFO - Filling up the DagBag from /home/airflow/.local/lib/python3.7/site-packages/airflow/example_dags/example_latest_only.py
[2024-02-25T12:50:43.156+0000] {processor.py:836} INFO - DAG(s) dict_keys(['latest_only']) retrieved from /home/airflow/.local/lib/python3.7/site-packages/airflow/example_dags/example_latest_only.py
[2024-02-25T12:50:43.185+0000] {logging_mixin.py:150} INFO - [2024-02-25T12:50:43.184+0000] {dag.py:2742} INFO - Sync 1 DAGs
[2024-02-25T12:50:43.222+0000] {logging_mixin.py:150} INFO - [2024-02-25T12:50:43.222+0000] {dag.py:3508} INFO - Setting next_dagrun for latest_only to 2024-02-25T08:50:43.222526+00:00, run_after=2024-02-25T12:50:43.222526+00:00
[2024-02-25T12:50:43.247+0000] {processor.py:179} INFO - Processing /home/airflow/.local/lib/python3.7/site-packages/airflow/example_dags/example_latest_only.py took 0.104 seconds
[2024-02-25T12:51:13.566+0000] {processor.py:157} INFO - Started process (PID=4140) to work on /home/airflow/.local/lib/python3.7/site-packages/airflow/example_dags/example_latest_only.py
[2024-02-25T12:51:13.567+0000] {processor.py:826} INFO - Processing file /home/airflow/.local/lib/python3.7/site-packages/airflow/example_dags/example_latest_only.py for tasks to queue
[2024-02-25T12:51:13.568+0000] {logging_mixin.py:150} INFO - [2024-02-25T12:51:13.568+0000] {dagbag.py:541} INFO - Filling up the DagBag from /home/airflow/.local/lib/python3.7/site-packages/airflow/example_dags/example_latest_only.py
[2024-02-25T12:51:13.574+0000] {processor.py:836} INFO - DAG(s) dict_keys(['latest_only']) retrieved from /home/airflow/.local/lib/python3.7/site-packages/airflow/example_dags/example_latest_only.py
[2024-02-25T12:51:13.600+0000] {logging_mixin.py:150} INFO - [2024-02-25T12:51:13.599+0000] {dag.py:2742} INFO - Sync 1 DAGs
[2024-02-25T12:51:13.634+0000] {logging_mixin.py:150} INFO - [2024-02-25T12:51:13.634+0000] {dag.py:3508} INFO - Setting next_dagrun for latest_only to 2024-02-25T08:51:13.634332+00:00, run_after=2024-02-25T12:51:13.634332+00:00
[2024-02-25T12:51:13.666+0000] {processor.py:179} INFO - Processing /home/airflow/.local/lib/python3.7/site-packages/airflow/example_dags/example_latest_only.py took 0.103 seconds
[2024-02-25T12:51:44.331+0000] {processor.py:157} INFO - Started process (PID=4381) to work on /home/airflow/.local/lib/python3.7/site-packages/airflow/example_dags/example_latest_only.py
[2024-02-25T12:51:44.332+0000] {processor.py:826} INFO - Processing file /home/airflow/.local/lib/python3.7/site-packages/airflow/example_dags/example_latest_only.py for tasks to queue
[2024-02-25T12:51:44.333+0000] {logging_mixin.py:150} INFO - [2024-02-25T12:51:44.332+0000] {dagbag.py:541} INFO - Filling up the DagBag from /home/airflow/.local/lib/python3.7/site-packages/airflow/example_dags/example_latest_only.py
[2024-02-25T12:51:44.339+0000] {processor.py:836} INFO - DAG(s) dict_keys(['latest_only']) retrieved from /home/airflow/.local/lib/python3.7/site-packages/airflow/example_dags/example_latest_only.py
[2024-02-25T12:51:44.367+0000] {logging_mixin.py:150} INFO - [2024-02-25T12:51:44.366+0000] {dag.py:2742} INFO - Sync 1 DAGs
[2024-02-25T12:51:44.398+0000] {logging_mixin.py:150} INFO - [2024-02-25T12:51:44.398+0000] {dag.py:3508} INFO - Setting next_dagrun for latest_only to 2024-02-25T08:51:44.398233+00:00, run_after=2024-02-25T12:51:44.398233+00:00
[2024-02-25T12:51:44.429+0000] {processor.py:179} INFO - Processing /home/airflow/.local/lib/python3.7/site-packages/airflow/example_dags/example_latest_only.py took 0.102 seconds
[2024-02-25T12:52:14.943+0000] {processor.py:157} INFO - Started process (PID=4622) to work on /home/airflow/.local/lib/python3.7/site-packages/airflow/example_dags/example_latest_only.py
[2024-02-25T12:52:14.944+0000] {processor.py:826} INFO - Processing file /home/airflow/.local/lib/python3.7/site-packages/airflow/example_dags/example_latest_only.py for tasks to queue
[2024-02-25T12:52:14.945+0000] {logging_mixin.py:150} INFO - [2024-02-25T12:52:14.944+0000] {dagbag.py:541} INFO - Filling up the DagBag from /home/airflow/.local/lib/python3.7/site-packages/airflow/example_dags/example_latest_only.py
[2024-02-25T12:52:14.950+0000] {processor.py:836} INFO - DAG(s) dict_keys(['latest_only']) retrieved from /home/airflow/.local/lib/python3.7/site-packages/airflow/example_dags/example_latest_only.py
[2024-02-25T12:52:14.984+0000] {logging_mixin.py:150} INFO - [2024-02-25T12:52:14.983+0000] {dag.py:2742} INFO - Sync 1 DAGs
[2024-02-25T12:52:15.025+0000] {logging_mixin.py:150} INFO - [2024-02-25T12:52:15.025+0000] {dag.py:3508} INFO - Setting next_dagrun for latest_only to 2024-02-25T08:52:15.024889+00:00, run_after=2024-02-25T12:52:15.024889+00:00
[2024-02-25T12:52:15.052+0000] {processor.py:179} INFO - Processing /home/airflow/.local/lib/python3.7/site-packages/airflow/example_dags/example_latest_only.py took 0.113 seconds
[2024-02-25T12:52:45.446+0000] {processor.py:157} INFO - Started process (PID=4863) to work on /home/airflow/.local/lib/python3.7/site-packages/airflow/example_dags/example_latest_only.py
[2024-02-25T12:52:45.450+0000] {processor.py:826} INFO - Processing file /home/airflow/.local/lib/python3.7/site-packages/airflow/example_dags/example_latest_only.py for tasks to queue
[2024-02-25T12:52:45.451+0000] {logging_mixin.py:150} INFO - [2024-02-25T12:52:45.450+0000] {dagbag.py:541} INFO - Filling up the DagBag from /home/airflow/.local/lib/python3.7/site-packages/airflow/example_dags/example_latest_only.py
[2024-02-25T12:52:45.458+0000] {processor.py:836} INFO - DAG(s) dict_keys(['latest_only']) retrieved from /home/airflow/.local/lib/python3.7/site-packages/airflow/example_dags/example_latest_only.py
[2024-02-25T12:52:45.482+0000] {logging_mixin.py:150} INFO - [2024-02-25T12:52:45.482+0000] {dag.py:2742} INFO - Sync 1 DAGs
[2024-02-25T12:52:45.512+0000] {logging_mixin.py:150} INFO - [2024-02-25T12:52:45.512+0000] {dag.py:3508} INFO - Setting next_dagrun for latest_only to 2024-02-25T08:52:45.512319+00:00, run_after=2024-02-25T12:52:45.512319+00:00
[2024-02-25T12:52:45.537+0000] {processor.py:179} INFO - Processing /home/airflow/.local/lib/python3.7/site-packages/airflow/example_dags/example_latest_only.py took 0.096 seconds
[2024-02-25T12:53:16.613+0000] {processor.py:157} INFO - Started process (PID=5104) to work on /home/airflow/.local/lib/python3.7/site-packages/airflow/example_dags/example_latest_only.py
[2024-02-25T12:53:16.615+0000] {processor.py:826} INFO - Processing file /home/airflow/.local/lib/python3.7/site-packages/airflow/example_dags/example_latest_only.py for tasks to queue
[2024-02-25T12:53:16.616+0000] {logging_mixin.py:150} INFO - [2024-02-25T12:53:16.616+0000] {dagbag.py:541} INFO - Filling up the DagBag from /home/airflow/.local/lib/python3.7/site-packages/airflow/example_dags/example_latest_only.py
[2024-02-25T12:53:16.623+0000] {processor.py:836} INFO - DAG(s) dict_keys(['latest_only']) retrieved from /home/airflow/.local/lib/python3.7/site-packages/airflow/example_dags/example_latest_only.py
[2024-02-25T12:53:16.653+0000] {logging_mixin.py:150} INFO - [2024-02-25T12:53:16.653+0000] {dag.py:2742} INFO - Sync 1 DAGs
[2024-02-25T12:53:16.691+0000] {logging_mixin.py:150} INFO - [2024-02-25T12:53:16.691+0000] {dag.py:3508} INFO - Setting next_dagrun for latest_only to 2024-02-25T08:53:16.691395+00:00, run_after=2024-02-25T12:53:16.691395+00:00
[2024-02-25T12:53:16.717+0000] {processor.py:179} INFO - Processing /home/airflow/.local/lib/python3.7/site-packages/airflow/example_dags/example_latest_only.py took 0.110 seconds
[2024-02-25T12:53:47.672+0000] {processor.py:157} INFO - Started process (PID=5345) to work on /home/airflow/.local/lib/python3.7/site-packages/airflow/example_dags/example_latest_only.py
[2024-02-25T12:53:47.673+0000] {processor.py:826} INFO - Processing file /home/airflow/.local/lib/python3.7/site-packages/airflow/example_dags/example_latest_only.py for tasks to queue
[2024-02-25T12:53:47.674+0000] {logging_mixin.py:150} INFO - [2024-02-25T12:53:47.674+0000] {dagbag.py:541} INFO - Filling up the DagBag from /home/airflow/.local/lib/python3.7/site-packages/airflow/example_dags/example_latest_only.py
[2024-02-25T12:53:47.680+0000] {processor.py:836} INFO - DAG(s) dict_keys(['latest_only']) retrieved from /home/airflow/.local/lib/python3.7/site-packages/airflow/example_dags/example_latest_only.py
[2024-02-25T12:53:47.705+0000] {logging_mixin.py:150} INFO - [2024-02-25T12:53:47.705+0000] {dag.py:2742} INFO - Sync 1 DAGs
[2024-02-25T12:53:47.739+0000] {logging_mixin.py:150} INFO - [2024-02-25T12:53:47.739+0000] {dag.py:3508} INFO - Setting next_dagrun for latest_only to 2024-02-25T08:53:47.738684+00:00, run_after=2024-02-25T12:53:47.738684+00:00
[2024-02-25T12:53:47.772+0000] {processor.py:179} INFO - Processing /home/airflow/.local/lib/python3.7/site-packages/airflow/example_dags/example_latest_only.py took 0.104 seconds
[2024-02-25T12:54:18.388+0000] {processor.py:157} INFO - Started process (PID=5586) to work on /home/airflow/.local/lib/python3.7/site-packages/airflow/example_dags/example_latest_only.py
[2024-02-25T12:54:18.389+0000] {processor.py:826} INFO - Processing file /home/airflow/.local/lib/python3.7/site-packages/airflow/example_dags/example_latest_only.py for tasks to queue
[2024-02-25T12:54:18.389+0000] {logging_mixin.py:150} INFO - [2024-02-25T12:54:18.389+0000] {dagbag.py:541} INFO - Filling up the DagBag from /home/airflow/.local/lib/python3.7/site-packages/airflow/example_dags/example_latest_only.py
[2024-02-25T12:54:18.395+0000] {processor.py:836} INFO - DAG(s) dict_keys(['latest_only']) retrieved from /home/airflow/.local/lib/python3.7/site-packages/airflow/example_dags/example_latest_only.py
[2024-02-25T12:54:18.422+0000] {logging_mixin.py:150} INFO - [2024-02-25T12:54:18.422+0000] {dag.py:2742} INFO - Sync 1 DAGs
[2024-02-25T12:54:18.458+0000] {logging_mixin.py:150} INFO - [2024-02-25T12:54:18.458+0000] {dag.py:3508} INFO - Setting next_dagrun for latest_only to 2024-02-25T08:54:18.458358+00:00, run_after=2024-02-25T12:54:18.458358+00:00
[2024-02-25T12:54:18.484+0000] {processor.py:179} INFO - Processing /home/airflow/.local/lib/python3.7/site-packages/airflow/example_dags/example_latest_only.py took 0.102 seconds
[2024-02-25T12:54:48.885+0000] {processor.py:157} INFO - Started process (PID=5827) to work on /home/airflow/.local/lib/python3.7/site-packages/airflow/example_dags/example_latest_only.py
[2024-02-25T12:54:48.886+0000] {processor.py:826} INFO - Processing file /home/airflow/.local/lib/python3.7/site-packages/airflow/example_dags/example_latest_only.py for tasks to queue
[2024-02-25T12:54:48.887+0000] {logging_mixin.py:150} INFO - [2024-02-25T12:54:48.886+0000] {dagbag.py:541} INFO - Filling up the DagBag from /home/airflow/.local/lib/python3.7/site-packages/airflow/example_dags/example_latest_only.py
[2024-02-25T12:54:48.893+0000] {processor.py:836} INFO - DAG(s) dict_keys(['latest_only']) retrieved from /home/airflow/.local/lib/python3.7/site-packages/airflow/example_dags/example_latest_only.py
[2024-02-25T12:54:48.922+0000] {logging_mixin.py:150} INFO - [2024-02-25T12:54:48.922+0000] {dag.py:2742} INFO - Sync 1 DAGs
[2024-02-25T12:54:48.966+0000] {logging_mixin.py:150} INFO - [2024-02-25T12:54:48.966+0000] {dag.py:3508} INFO - Setting next_dagrun for latest_only to 2024-02-25T08:54:48.966343+00:00, run_after=2024-02-25T12:54:48.966343+00:00
[2024-02-25T12:54:48.997+0000] {processor.py:179} INFO - Processing /home/airflow/.local/lib/python3.7/site-packages/airflow/example_dags/example_latest_only.py took 0.115 seconds
[2024-02-25T12:55:19.554+0000] {processor.py:157} INFO - Started process (PID=6067) to work on /home/airflow/.local/lib/python3.7/site-packages/airflow/example_dags/example_latest_only.py
[2024-02-25T12:55:19.555+0000] {processor.py:826} INFO - Processing file /home/airflow/.local/lib/python3.7/site-packages/airflow/example_dags/example_latest_only.py for tasks to queue
[2024-02-25T12:55:19.556+0000] {logging_mixin.py:150} INFO - [2024-02-25T12:55:19.556+0000] {dagbag.py:541} INFO - Filling up the DagBag from /home/airflow/.local/lib/python3.7/site-packages/airflow/example_dags/example_latest_only.py
[2024-02-25T12:55:19.561+0000] {processor.py:836} INFO - DAG(s) dict_keys(['latest_only']) retrieved from /home/airflow/.local/lib/python3.7/site-packages/airflow/example_dags/example_latest_only.py
[2024-02-25T12:55:19.592+0000] {logging_mixin.py:150} INFO - [2024-02-25T12:55:19.591+0000] {dag.py:2742} INFO - Sync 1 DAGs
[2024-02-25T12:55:19.631+0000] {logging_mixin.py:150} INFO - [2024-02-25T12:55:19.631+0000] {dag.py:3508} INFO - Setting next_dagrun for latest_only to 2024-02-25T08:55:19.630792+00:00, run_after=2024-02-25T12:55:19.630792+00:00
[2024-02-25T12:55:19.655+0000] {processor.py:179} INFO - Processing /home/airflow/.local/lib/python3.7/site-packages/airflow/example_dags/example_latest_only.py took 0.105 seconds
[2024-02-25T12:55:50.416+0000] {processor.py:157} INFO - Started process (PID=6308) to work on /home/airflow/.local/lib/python3.7/site-packages/airflow/example_dags/example_latest_only.py
[2024-02-25T12:55:50.417+0000] {processor.py:826} INFO - Processing file /home/airflow/.local/lib/python3.7/site-packages/airflow/example_dags/example_latest_only.py for tasks to queue
[2024-02-25T12:55:50.417+0000] {logging_mixin.py:150} INFO - [2024-02-25T12:55:50.417+0000] {dagbag.py:541} INFO - Filling up the DagBag from /home/airflow/.local/lib/python3.7/site-packages/airflow/example_dags/example_latest_only.py
[2024-02-25T12:55:50.423+0000] {processor.py:836} INFO - DAG(s) dict_keys(['latest_only']) retrieved from /home/airflow/.local/lib/python3.7/site-packages/airflow/example_dags/example_latest_only.py
[2024-02-25T12:55:50.453+0000] {logging_mixin.py:150} INFO - [2024-02-25T12:55:50.453+0000] {dag.py:2742} INFO - Sync 1 DAGs
[2024-02-25T12:55:50.496+0000] {logging_mixin.py:150} INFO - [2024-02-25T12:55:50.496+0000] {dag.py:3508} INFO - Setting next_dagrun for latest_only to 2024-02-25T08:55:50.496222+00:00, run_after=2024-02-25T12:55:50.496222+00:00
[2024-02-25T12:55:50.522+0000] {processor.py:179} INFO - Processing /home/airflow/.local/lib/python3.7/site-packages/airflow/example_dags/example_latest_only.py took 0.110 seconds
[2024-02-25T12:56:21.518+0000] {processor.py:157} INFO - Started process (PID=6549) to work on /home/airflow/.local/lib/python3.7/site-packages/airflow/example_dags/example_latest_only.py
[2024-02-25T12:56:21.523+0000] {processor.py:826} INFO - Processing file /home/airflow/.local/lib/python3.7/site-packages/airflow/example_dags/example_latest_only.py for tasks to queue
[2024-02-25T12:56:21.524+0000] {logging_mixin.py:150} INFO - [2024-02-25T12:56:21.524+0000] {dagbag.py:541} INFO - Filling up the DagBag from /home/airflow/.local/lib/python3.7/site-packages/airflow/example_dags/example_latest_only.py
[2024-02-25T12:56:21.532+0000] {processor.py:836} INFO - DAG(s) dict_keys(['latest_only']) retrieved from /home/airflow/.local/lib/python3.7/site-packages/airflow/example_dags/example_latest_only.py
[2024-02-25T12:56:21.573+0000] {logging_mixin.py:150} INFO - [2024-02-25T12:56:21.573+0000] {dag.py:2742} INFO - Sync 1 DAGs
[2024-02-25T12:56:21.631+0000] {logging_mixin.py:150} INFO - [2024-02-25T12:56:21.631+0000] {dag.py:3508} INFO - Setting next_dagrun for latest_only to 2024-02-25T08:56:21.630904+00:00, run_after=2024-02-25T12:56:21.630904+00:00
[2024-02-25T12:56:21.668+0000] {processor.py:179} INFO - Processing /home/airflow/.local/lib/python3.7/site-packages/airflow/example_dags/example_latest_only.py took 0.156 seconds
[2024-02-25T12:56:51.759+0000] {processor.py:157} INFO - Started process (PID=6797) to work on /home/airflow/.local/lib/python3.7/site-packages/airflow/example_dags/example_latest_only.py
[2024-02-25T12:56:51.760+0000] {processor.py:826} INFO - Processing file /home/airflow/.local/lib/python3.7/site-packages/airflow/example_dags/example_latest_only.py for tasks to queue
[2024-02-25T12:56:51.760+0000] {logging_mixin.py:150} INFO - [2024-02-25T12:56:51.760+0000] {dagbag.py:541} INFO - Filling up the DagBag from /home/airflow/.local/lib/python3.7/site-packages/airflow/example_dags/example_latest_only.py
[2024-02-25T12:56:51.765+0000] {processor.py:836} INFO - DAG(s) dict_keys(['latest_only']) retrieved from /home/airflow/.local/lib/python3.7/site-packages/airflow/example_dags/example_latest_only.py
[2024-02-25T12:56:51.787+0000] {logging_mixin.py:150} INFO - [2024-02-25T12:56:51.787+0000] {dag.py:2742} INFO - Sync 1 DAGs
[2024-02-25T12:56:51.813+0000] {logging_mixin.py:150} INFO - [2024-02-25T12:56:51.812+0000] {dag.py:3508} INFO - Setting next_dagrun for latest_only to 2024-02-25T08:56:51.812718+00:00, run_after=2024-02-25T12:56:51.812718+00:00
[2024-02-25T12:56:51.833+0000] {processor.py:179} INFO - Processing /home/airflow/.local/lib/python3.7/site-packages/airflow/example_dags/example_latest_only.py took 0.078 seconds
