[2024-02-25T12:43:03.060+0000] {processor.py:157} INFO - Started process (PID=343) to work on /home/airflow/.local/lib/python3.7/site-packages/airflow/example_dags/example_subdag_operator.py
[2024-02-25T12:43:03.061+0000] {processor.py:826} INFO - Processing file /home/airflow/.local/lib/python3.7/site-packages/airflow/example_dags/example_subdag_operator.py for tasks to queue
[2024-02-25T12:43:03.061+0000] {logging_mixin.py:150} INFO - [2024-02-25T12:43:03.061+0000] {dagbag.py:541} INFO - Filling up the DagBag from /home/airflow/.local/lib/python3.7/site-packages/airflow/example_dags/example_subdag_operator.py
[2024-02-25T12:43:03.094+0000] {processor.py:836} INFO - DAG(s) dict_keys(['example_subdag_operator.section-1', 'example_subdag_operator.section-2', 'example_subdag_operator']) retrieved from /home/airflow/.local/lib/python3.7/site-packages/airflow/example_dags/example_subdag_operator.py
[2024-02-25T12:43:03.100+0000] {logging_mixin.py:150} INFO - [2024-02-25T12:43:03.100+0000] {dag.py:2742} INFO - Sync 3 DAGs
[2024-02-25T12:43:03.136+0000] {logging_mixin.py:150} INFO - [2024-02-25T12:43:03.136+0000] {dag.py:3508} INFO - Setting next_dagrun for example_subdag_operator to 2022-01-01T00:00:00+00:00, run_after=2022-01-01T00:00:00+00:00
[2024-02-25T12:43:03.141+0000] {logging_mixin.py:150} INFO - [2024-02-25T12:43:03.141+0000] {dag.py:3508} INFO - Setting next_dagrun for example_subdag_operator.section-1 to None, run_after=None
[2024-02-25T12:43:03.143+0000] {logging_mixin.py:150} INFO - [2024-02-25T12:43:03.143+0000] {dag.py:3508} INFO - Setting next_dagrun for example_subdag_operator.section-2 to None, run_after=None
[2024-02-25T12:43:03.155+0000] {logging_mixin.py:150} INFO - [2024-02-25T12:43:03.154+0000] {dag.py:2742} INFO - Sync 2 DAGs
[2024-02-25T12:43:03.162+0000] {logging_mixin.py:150} INFO - [2024-02-25T12:43:03.162+0000] {dag.py:3508} INFO - Setting next_dagrun for example_subdag_operator.section-1 to None, run_after=None
[2024-02-25T12:43:03.163+0000] {logging_mixin.py:150} INFO - [2024-02-25T12:43:03.163+0000] {dag.py:3508} INFO - Setting next_dagrun for example_subdag_operator.section-2 to None, run_after=None
[2024-02-25T12:43:03.180+0000] {processor.py:179} INFO - Processing /home/airflow/.local/lib/python3.7/site-packages/airflow/example_dags/example_subdag_operator.py took 0.123 seconds
[2024-02-25T12:43:33.983+0000] {processor.py:157} INFO - Started process (PID=581) to work on /home/airflow/.local/lib/python3.7/site-packages/airflow/example_dags/example_subdag_operator.py
[2024-02-25T12:43:33.984+0000] {processor.py:826} INFO - Processing file /home/airflow/.local/lib/python3.7/site-packages/airflow/example_dags/example_subdag_operator.py for tasks to queue
[2024-02-25T12:43:33.984+0000] {logging_mixin.py:150} INFO - [2024-02-25T12:43:33.984+0000] {dagbag.py:541} INFO - Filling up the DagBag from /home/airflow/.local/lib/python3.7/site-packages/airflow/example_dags/example_subdag_operator.py
[2024-02-25T12:43:34.022+0000] {processor.py:836} INFO - DAG(s) dict_keys(['example_subdag_operator.section-1', 'example_subdag_operator.section-2', 'example_subdag_operator']) retrieved from /home/airflow/.local/lib/python3.7/site-packages/airflow/example_dags/example_subdag_operator.py
[2024-02-25T12:43:34.047+0000] {logging_mixin.py:150} INFO - [2024-02-25T12:43:34.047+0000] {dag.py:2742} INFO - Sync 3 DAGs
[2024-02-25T12:43:34.080+0000] {logging_mixin.py:150} INFO - [2024-02-25T12:43:34.080+0000] {dag.py:3508} INFO - Setting next_dagrun for example_subdag_operator to 2022-01-01T00:00:00+00:00, run_after=2022-01-01T00:00:00+00:00
[2024-02-25T12:43:34.084+0000] {logging_mixin.py:150} INFO - [2024-02-25T12:43:34.084+0000] {dag.py:3508} INFO - Setting next_dagrun for example_subdag_operator.section-1 to None, run_after=None
[2024-02-25T12:43:34.085+0000] {logging_mixin.py:150} INFO - [2024-02-25T12:43:34.085+0000] {dag.py:3508} INFO - Setting next_dagrun for example_subdag_operator.section-2 to None, run_after=None
[2024-02-25T12:43:34.094+0000] {logging_mixin.py:150} INFO - [2024-02-25T12:43:34.093+0000] {dag.py:2742} INFO - Sync 2 DAGs
[2024-02-25T12:43:34.101+0000] {logging_mixin.py:150} INFO - [2024-02-25T12:43:34.100+0000] {dag.py:3508} INFO - Setting next_dagrun for example_subdag_operator.section-1 to None, run_after=None
[2024-02-25T12:43:34.101+0000] {logging_mixin.py:150} INFO - [2024-02-25T12:43:34.101+0000] {dag.py:3508} INFO - Setting next_dagrun for example_subdag_operator.section-2 to None, run_after=None
[2024-02-25T12:43:34.116+0000] {processor.py:179} INFO - Processing /home/airflow/.local/lib/python3.7/site-packages/airflow/example_dags/example_subdag_operator.py took 0.138 seconds
[2024-02-25T12:44:05.131+0000] {processor.py:157} INFO - Started process (PID=823) to work on /home/airflow/.local/lib/python3.7/site-packages/airflow/example_dags/example_subdag_operator.py
[2024-02-25T12:44:05.135+0000] {processor.py:826} INFO - Processing file /home/airflow/.local/lib/python3.7/site-packages/airflow/example_dags/example_subdag_operator.py for tasks to queue
[2024-02-25T12:44:05.136+0000] {logging_mixin.py:150} INFO - [2024-02-25T12:44:05.136+0000] {dagbag.py:541} INFO - Filling up the DagBag from /home/airflow/.local/lib/python3.7/site-packages/airflow/example_dags/example_subdag_operator.py
[2024-02-25T12:44:05.223+0000] {processor.py:836} INFO - DAG(s) dict_keys(['example_subdag_operator.section-1', 'example_subdag_operator.section-2', 'example_subdag_operator']) retrieved from /home/airflow/.local/lib/python3.7/site-packages/airflow/example_dags/example_subdag_operator.py
[2024-02-25T12:44:05.233+0000] {logging_mixin.py:150} INFO - [2024-02-25T12:44:05.232+0000] {dag.py:2742} INFO - Sync 3 DAGs
[2024-02-25T12:44:05.309+0000] {logging_mixin.py:150} INFO - [2024-02-25T12:44:05.308+0000] {dag.py:3508} INFO - Setting next_dagrun for example_subdag_operator to 2022-01-01T00:00:00+00:00, run_after=2022-01-01T00:00:00+00:00
[2024-02-25T12:44:05.317+0000] {logging_mixin.py:150} INFO - [2024-02-25T12:44:05.316+0000] {dag.py:3508} INFO - Setting next_dagrun for example_subdag_operator.section-1 to None, run_after=None
[2024-02-25T12:44:05.319+0000] {logging_mixin.py:150} INFO - [2024-02-25T12:44:05.319+0000] {dag.py:3508} INFO - Setting next_dagrun for example_subdag_operator.section-2 to None, run_after=None
[2024-02-25T12:44:05.335+0000] {logging_mixin.py:150} INFO - [2024-02-25T12:44:05.334+0000] {dag.py:2742} INFO - Sync 2 DAGs
[2024-02-25T12:44:05.345+0000] {logging_mixin.py:150} INFO - [2024-02-25T12:44:05.345+0000] {dag.py:3508} INFO - Setting next_dagrun for example_subdag_operator.section-1 to None, run_after=None
[2024-02-25T12:44:05.346+0000] {logging_mixin.py:150} INFO - [2024-02-25T12:44:05.346+0000] {dag.py:3508} INFO - Setting next_dagrun for example_subdag_operator.section-2 to None, run_after=None
[2024-02-25T12:44:05.389+0000] {processor.py:179} INFO - Processing /home/airflow/.local/lib/python3.7/site-packages/airflow/example_dags/example_subdag_operator.py took 0.263 seconds
[2024-02-25T12:44:36.122+0000] {processor.py:157} INFO - Started process (PID=1064) to work on /home/airflow/.local/lib/python3.7/site-packages/airflow/example_dags/example_subdag_operator.py
[2024-02-25T12:44:36.124+0000] {processor.py:826} INFO - Processing file /home/airflow/.local/lib/python3.7/site-packages/airflow/example_dags/example_subdag_operator.py for tasks to queue
[2024-02-25T12:44:36.125+0000] {logging_mixin.py:150} INFO - [2024-02-25T12:44:36.125+0000] {dagbag.py:541} INFO - Filling up the DagBag from /home/airflow/.local/lib/python3.7/site-packages/airflow/example_dags/example_subdag_operator.py
[2024-02-25T12:44:36.176+0000] {processor.py:836} INFO - DAG(s) dict_keys(['example_subdag_operator.section-1', 'example_subdag_operator.section-2', 'example_subdag_operator']) retrieved from /home/airflow/.local/lib/python3.7/site-packages/airflow/example_dags/example_subdag_operator.py
[2024-02-25T12:44:36.217+0000] {logging_mixin.py:150} INFO - [2024-02-25T12:44:36.217+0000] {dag.py:2742} INFO - Sync 3 DAGs
[2024-02-25T12:44:36.267+0000] {logging_mixin.py:150} INFO - [2024-02-25T12:44:36.266+0000] {dag.py:3508} INFO - Setting next_dagrun for example_subdag_operator to 2022-01-01T00:00:00+00:00, run_after=2022-01-01T00:00:00+00:00
[2024-02-25T12:44:36.274+0000] {logging_mixin.py:150} INFO - [2024-02-25T12:44:36.274+0000] {dag.py:3508} INFO - Setting next_dagrun for example_subdag_operator.section-1 to None, run_after=None
[2024-02-25T12:44:36.276+0000] {logging_mixin.py:150} INFO - [2024-02-25T12:44:36.275+0000] {dag.py:3508} INFO - Setting next_dagrun for example_subdag_operator.section-2 to None, run_after=None
[2024-02-25T12:44:36.290+0000] {logging_mixin.py:150} INFO - [2024-02-25T12:44:36.290+0000] {dag.py:2742} INFO - Sync 2 DAGs
[2024-02-25T12:44:36.299+0000] {logging_mixin.py:150} INFO - [2024-02-25T12:44:36.298+0000] {dag.py:3508} INFO - Setting next_dagrun for example_subdag_operator.section-1 to None, run_after=None
[2024-02-25T12:44:36.299+0000] {logging_mixin.py:150} INFO - [2024-02-25T12:44:36.299+0000] {dag.py:3508} INFO - Setting next_dagrun for example_subdag_operator.section-2 to None, run_after=None
[2024-02-25T12:44:36.321+0000] {processor.py:179} INFO - Processing /home/airflow/.local/lib/python3.7/site-packages/airflow/example_dags/example_subdag_operator.py took 0.203 seconds
[2024-02-25T12:45:07.322+0000] {processor.py:157} INFO - Started process (PID=1307) to work on /home/airflow/.local/lib/python3.7/site-packages/airflow/example_dags/example_subdag_operator.py
[2024-02-25T12:45:07.324+0000] {processor.py:826} INFO - Processing file /home/airflow/.local/lib/python3.7/site-packages/airflow/example_dags/example_subdag_operator.py for tasks to queue
[2024-02-25T12:45:07.325+0000] {logging_mixin.py:150} INFO - [2024-02-25T12:45:07.325+0000] {dagbag.py:541} INFO - Filling up the DagBag from /home/airflow/.local/lib/python3.7/site-packages/airflow/example_dags/example_subdag_operator.py
[2024-02-25T12:45:07.364+0000] {processor.py:836} INFO - DAG(s) dict_keys(['example_subdag_operator.section-1', 'example_subdag_operator.section-2', 'example_subdag_operator']) retrieved from /home/airflow/.local/lib/python3.7/site-packages/airflow/example_dags/example_subdag_operator.py
[2024-02-25T12:45:07.398+0000] {logging_mixin.py:150} INFO - [2024-02-25T12:45:07.398+0000] {dag.py:2742} INFO - Sync 3 DAGs
[2024-02-25T12:45:07.440+0000] {logging_mixin.py:150} INFO - [2024-02-25T12:45:07.440+0000] {dag.py:3508} INFO - Setting next_dagrun for example_subdag_operator to 2022-01-01T00:00:00+00:00, run_after=2022-01-01T00:00:00+00:00
[2024-02-25T12:45:07.447+0000] {logging_mixin.py:150} INFO - [2024-02-25T12:45:07.447+0000] {dag.py:3508} INFO - Setting next_dagrun for example_subdag_operator.section-1 to None, run_after=None
[2024-02-25T12:45:07.449+0000] {logging_mixin.py:150} INFO - [2024-02-25T12:45:07.449+0000] {dag.py:3508} INFO - Setting next_dagrun for example_subdag_operator.section-2 to None, run_after=None
[2024-02-25T12:45:07.463+0000] {logging_mixin.py:150} INFO - [2024-02-25T12:45:07.463+0000] {dag.py:2742} INFO - Sync 2 DAGs
[2024-02-25T12:45:07.476+0000] {logging_mixin.py:150} INFO - [2024-02-25T12:45:07.475+0000] {dag.py:3508} INFO - Setting next_dagrun for example_subdag_operator.section-1 to None, run_after=None
[2024-02-25T12:45:07.477+0000] {logging_mixin.py:150} INFO - [2024-02-25T12:45:07.476+0000] {dag.py:3508} INFO - Setting next_dagrun for example_subdag_operator.section-2 to None, run_after=None
[2024-02-25T12:45:07.493+0000] {processor.py:179} INFO - Processing /home/airflow/.local/lib/python3.7/site-packages/airflow/example_dags/example_subdag_operator.py took 0.176 seconds
[2024-02-25T12:45:37.642+0000] {processor.py:157} INFO - Started process (PID=1553) to work on /home/airflow/.local/lib/python3.7/site-packages/airflow/example_dags/example_subdag_operator.py
[2024-02-25T12:45:37.643+0000] {processor.py:826} INFO - Processing file /home/airflow/.local/lib/python3.7/site-packages/airflow/example_dags/example_subdag_operator.py for tasks to queue
[2024-02-25T12:45:37.644+0000] {logging_mixin.py:150} INFO - [2024-02-25T12:45:37.644+0000] {dagbag.py:541} INFO - Filling up the DagBag from /home/airflow/.local/lib/python3.7/site-packages/airflow/example_dags/example_subdag_operator.py
[2024-02-25T12:45:37.682+0000] {processor.py:836} INFO - DAG(s) dict_keys(['example_subdag_operator.section-1', 'example_subdag_operator.section-2', 'example_subdag_operator']) retrieved from /home/airflow/.local/lib/python3.7/site-packages/airflow/example_dags/example_subdag_operator.py
[2024-02-25T12:45:37.711+0000] {logging_mixin.py:150} INFO - [2024-02-25T12:45:37.711+0000] {dag.py:2742} INFO - Sync 3 DAGs
[2024-02-25T12:45:37.756+0000] {logging_mixin.py:150} INFO - [2024-02-25T12:45:37.756+0000] {dag.py:3508} INFO - Setting next_dagrun for example_subdag_operator to 2022-01-01T00:00:00+00:00, run_after=2022-01-01T00:00:00+00:00
[2024-02-25T12:45:37.763+0000] {logging_mixin.py:150} INFO - [2024-02-25T12:45:37.763+0000] {dag.py:3508} INFO - Setting next_dagrun for example_subdag_operator.section-1 to None, run_after=None
[2024-02-25T12:45:37.765+0000] {logging_mixin.py:150} INFO - [2024-02-25T12:45:37.765+0000] {dag.py:3508} INFO - Setting next_dagrun for example_subdag_operator.section-2 to None, run_after=None
[2024-02-25T12:45:37.781+0000] {logging_mixin.py:150} INFO - [2024-02-25T12:45:37.780+0000] {dag.py:2742} INFO - Sync 2 DAGs
[2024-02-25T12:45:37.792+0000] {logging_mixin.py:150} INFO - [2024-02-25T12:45:37.792+0000] {dag.py:3508} INFO - Setting next_dagrun for example_subdag_operator.section-1 to None, run_after=None
[2024-02-25T12:45:37.793+0000] {logging_mixin.py:150} INFO - [2024-02-25T12:45:37.792+0000] {dag.py:3508} INFO - Setting next_dagrun for example_subdag_operator.section-2 to None, run_after=None
[2024-02-25T12:45:37.813+0000] {processor.py:179} INFO - Processing /home/airflow/.local/lib/python3.7/site-packages/airflow/example_dags/example_subdag_operator.py took 0.177 seconds
[2024-02-25T12:46:08.045+0000] {processor.py:157} INFO - Started process (PID=1789) to work on /home/airflow/.local/lib/python3.7/site-packages/airflow/example_dags/example_subdag_operator.py
[2024-02-25T12:46:08.047+0000] {processor.py:826} INFO - Processing file /home/airflow/.local/lib/python3.7/site-packages/airflow/example_dags/example_subdag_operator.py for tasks to queue
[2024-02-25T12:46:08.049+0000] {logging_mixin.py:150} INFO - [2024-02-25T12:46:08.049+0000] {dagbag.py:541} INFO - Filling up the DagBag from /home/airflow/.local/lib/python3.7/site-packages/airflow/example_dags/example_subdag_operator.py
[2024-02-25T12:46:08.086+0000] {processor.py:836} INFO - DAG(s) dict_keys(['example_subdag_operator.section-1', 'example_subdag_operator.section-2', 'example_subdag_operator']) retrieved from /home/airflow/.local/lib/python3.7/site-packages/airflow/example_dags/example_subdag_operator.py
[2024-02-25T12:46:08.119+0000] {logging_mixin.py:150} INFO - [2024-02-25T12:46:08.119+0000] {dag.py:2742} INFO - Sync 3 DAGs
[2024-02-25T12:46:08.162+0000] {logging_mixin.py:150} INFO - [2024-02-25T12:46:08.162+0000] {dag.py:3508} INFO - Setting next_dagrun for example_subdag_operator to 2022-01-01T00:00:00+00:00, run_after=2022-01-01T00:00:00+00:00
[2024-02-25T12:46:08.169+0000] {logging_mixin.py:150} INFO - [2024-02-25T12:46:08.169+0000] {dag.py:3508} INFO - Setting next_dagrun for example_subdag_operator.section-1 to None, run_after=None
[2024-02-25T12:46:08.171+0000] {logging_mixin.py:150} INFO - [2024-02-25T12:46:08.171+0000] {dag.py:3508} INFO - Setting next_dagrun for example_subdag_operator.section-2 to None, run_after=None
[2024-02-25T12:46:08.187+0000] {logging_mixin.py:150} INFO - [2024-02-25T12:46:08.187+0000] {dag.py:2742} INFO - Sync 2 DAGs
[2024-02-25T12:46:08.195+0000] {logging_mixin.py:150} INFO - [2024-02-25T12:46:08.194+0000] {dag.py:3508} INFO - Setting next_dagrun for example_subdag_operator.section-1 to None, run_after=None
[2024-02-25T12:46:08.195+0000] {logging_mixin.py:150} INFO - [2024-02-25T12:46:08.195+0000] {dag.py:3508} INFO - Setting next_dagrun for example_subdag_operator.section-2 to None, run_after=None
[2024-02-25T12:46:08.218+0000] {processor.py:179} INFO - Processing /home/airflow/.local/lib/python3.7/site-packages/airflow/example_dags/example_subdag_operator.py took 0.178 seconds
[2024-02-25T12:46:38.582+0000] {processor.py:157} INFO - Started process (PID=2030) to work on /home/airflow/.local/lib/python3.7/site-packages/airflow/example_dags/example_subdag_operator.py
[2024-02-25T12:46:38.583+0000] {processor.py:826} INFO - Processing file /home/airflow/.local/lib/python3.7/site-packages/airflow/example_dags/example_subdag_operator.py for tasks to queue
[2024-02-25T12:46:38.584+0000] {logging_mixin.py:150} INFO - [2024-02-25T12:46:38.583+0000] {dagbag.py:541} INFO - Filling up the DagBag from /home/airflow/.local/lib/python3.7/site-packages/airflow/example_dags/example_subdag_operator.py
[2024-02-25T12:46:38.614+0000] {processor.py:836} INFO - DAG(s) dict_keys(['example_subdag_operator.section-1', 'example_subdag_operator.section-2', 'example_subdag_operator']) retrieved from /home/airflow/.local/lib/python3.7/site-packages/airflow/example_dags/example_subdag_operator.py
[2024-02-25T12:46:38.645+0000] {logging_mixin.py:150} INFO - [2024-02-25T12:46:38.644+0000] {dag.py:2742} INFO - Sync 3 DAGs
[2024-02-25T12:46:38.692+0000] {logging_mixin.py:150} INFO - [2024-02-25T12:46:38.692+0000] {dag.py:3508} INFO - Setting next_dagrun for example_subdag_operator to 2022-01-01T00:00:00+00:00, run_after=2022-01-01T00:00:00+00:00
[2024-02-25T12:46:38.699+0000] {logging_mixin.py:150} INFO - [2024-02-25T12:46:38.699+0000] {dag.py:3508} INFO - Setting next_dagrun for example_subdag_operator.section-1 to None, run_after=None
[2024-02-25T12:46:38.701+0000] {logging_mixin.py:150} INFO - [2024-02-25T12:46:38.701+0000] {dag.py:3508} INFO - Setting next_dagrun for example_subdag_operator.section-2 to None, run_after=None
[2024-02-25T12:46:38.712+0000] {logging_mixin.py:150} INFO - [2024-02-25T12:46:38.712+0000] {dag.py:2742} INFO - Sync 2 DAGs
[2024-02-25T12:46:38.720+0000] {logging_mixin.py:150} INFO - [2024-02-25T12:46:38.720+0000] {dag.py:3508} INFO - Setting next_dagrun for example_subdag_operator.section-1 to None, run_after=None
[2024-02-25T12:46:38.721+0000] {logging_mixin.py:150} INFO - [2024-02-25T12:46:38.721+0000] {dag.py:3508} INFO - Setting next_dagrun for example_subdag_operator.section-2 to None, run_after=None
[2024-02-25T12:46:38.741+0000] {processor.py:179} INFO - Processing /home/airflow/.local/lib/python3.7/site-packages/airflow/example_dags/example_subdag_operator.py took 0.165 seconds
[2024-02-25T12:47:09.732+0000] {processor.py:157} INFO - Started process (PID=2271) to work on /home/airflow/.local/lib/python3.7/site-packages/airflow/example_dags/example_subdag_operator.py
[2024-02-25T12:47:09.733+0000] {processor.py:826} INFO - Processing file /home/airflow/.local/lib/python3.7/site-packages/airflow/example_dags/example_subdag_operator.py for tasks to queue
[2024-02-25T12:47:09.734+0000] {logging_mixin.py:150} INFO - [2024-02-25T12:47:09.734+0000] {dagbag.py:541} INFO - Filling up the DagBag from /home/airflow/.local/lib/python3.7/site-packages/airflow/example_dags/example_subdag_operator.py
[2024-02-25T12:47:09.779+0000] {processor.py:836} INFO - DAG(s) dict_keys(['example_subdag_operator.section-1', 'example_subdag_operator.section-2', 'example_subdag_operator']) retrieved from /home/airflow/.local/lib/python3.7/site-packages/airflow/example_dags/example_subdag_operator.py
[2024-02-25T12:47:09.834+0000] {logging_mixin.py:150} INFO - [2024-02-25T12:47:09.834+0000] {dag.py:2742} INFO - Sync 3 DAGs
[2024-02-25T12:47:09.928+0000] {logging_mixin.py:150} INFO - [2024-02-25T12:47:09.928+0000] {dag.py:3508} INFO - Setting next_dagrun for example_subdag_operator to 2022-01-01T00:00:00+00:00, run_after=2022-01-01T00:00:00+00:00
[2024-02-25T12:47:09.934+0000] {logging_mixin.py:150} INFO - [2024-02-25T12:47:09.934+0000] {dag.py:3508} INFO - Setting next_dagrun for example_subdag_operator.section-1 to None, run_after=None
[2024-02-25T12:47:09.939+0000] {logging_mixin.py:150} INFO - [2024-02-25T12:47:09.939+0000] {dag.py:3508} INFO - Setting next_dagrun for example_subdag_operator.section-2 to None, run_after=None
[2024-02-25T12:47:09.956+0000] {logging_mixin.py:150} INFO - [2024-02-25T12:47:09.956+0000] {dag.py:2742} INFO - Sync 2 DAGs
[2024-02-25T12:47:09.970+0000] {logging_mixin.py:150} INFO - [2024-02-25T12:47:09.970+0000] {dag.py:3508} INFO - Setting next_dagrun for example_subdag_operator.section-1 to None, run_after=None
[2024-02-25T12:47:09.971+0000] {logging_mixin.py:150} INFO - [2024-02-25T12:47:09.971+0000] {dag.py:3508} INFO - Setting next_dagrun for example_subdag_operator.section-2 to None, run_after=None
[2024-02-25T12:47:10.009+0000] {processor.py:179} INFO - Processing /home/airflow/.local/lib/python3.7/site-packages/airflow/example_dags/example_subdag_operator.py took 0.282 seconds
[2024-02-25T12:47:40.865+0000] {processor.py:157} INFO - Started process (PID=2517) to work on /home/airflow/.local/lib/python3.7/site-packages/airflow/example_dags/example_subdag_operator.py
[2024-02-25T12:47:40.866+0000] {processor.py:826} INFO - Processing file /home/airflow/.local/lib/python3.7/site-packages/airflow/example_dags/example_subdag_operator.py for tasks to queue
[2024-02-25T12:47:40.867+0000] {logging_mixin.py:150} INFO - [2024-02-25T12:47:40.867+0000] {dagbag.py:541} INFO - Filling up the DagBag from /home/airflow/.local/lib/python3.7/site-packages/airflow/example_dags/example_subdag_operator.py
[2024-02-25T12:47:40.904+0000] {processor.py:836} INFO - DAG(s) dict_keys(['example_subdag_operator.section-1', 'example_subdag_operator.section-2', 'example_subdag_operator']) retrieved from /home/airflow/.local/lib/python3.7/site-packages/airflow/example_dags/example_subdag_operator.py
[2024-02-25T12:47:40.926+0000] {logging_mixin.py:150} INFO - [2024-02-25T12:47:40.926+0000] {dag.py:2742} INFO - Sync 3 DAGs
[2024-02-25T12:47:40.956+0000] {logging_mixin.py:150} INFO - [2024-02-25T12:47:40.955+0000] {dag.py:3508} INFO - Setting next_dagrun for example_subdag_operator to 2022-01-01T00:00:00+00:00, run_after=2022-01-01T00:00:00+00:00
[2024-02-25T12:47:40.960+0000] {logging_mixin.py:150} INFO - [2024-02-25T12:47:40.960+0000] {dag.py:3508} INFO - Setting next_dagrun for example_subdag_operator.section-1 to None, run_after=None
[2024-02-25T12:47:40.962+0000] {logging_mixin.py:150} INFO - [2024-02-25T12:47:40.962+0000] {dag.py:3508} INFO - Setting next_dagrun for example_subdag_operator.section-2 to None, run_after=None
[2024-02-25T12:47:40.970+0000] {logging_mixin.py:150} INFO - [2024-02-25T12:47:40.970+0000] {dag.py:2742} INFO - Sync 2 DAGs
[2024-02-25T12:47:40.977+0000] {logging_mixin.py:150} INFO - [2024-02-25T12:47:40.977+0000] {dag.py:3508} INFO - Setting next_dagrun for example_subdag_operator.section-1 to None, run_after=None
[2024-02-25T12:47:40.977+0000] {logging_mixin.py:150} INFO - [2024-02-25T12:47:40.977+0000] {dag.py:3508} INFO - Setting next_dagrun for example_subdag_operator.section-2 to None, run_after=None
[2024-02-25T12:47:40.992+0000] {processor.py:179} INFO - Processing /home/airflow/.local/lib/python3.7/site-packages/airflow/example_dags/example_subdag_operator.py took 0.132 seconds
[2024-02-25T12:48:11.255+0000] {processor.py:157} INFO - Started process (PID=2755) to work on /home/airflow/.local/lib/python3.7/site-packages/airflow/example_dags/example_subdag_operator.py
[2024-02-25T12:48:11.256+0000] {processor.py:826} INFO - Processing file /home/airflow/.local/lib/python3.7/site-packages/airflow/example_dags/example_subdag_operator.py for tasks to queue
[2024-02-25T12:48:11.258+0000] {logging_mixin.py:150} INFO - [2024-02-25T12:48:11.257+0000] {dagbag.py:541} INFO - Filling up the DagBag from /home/airflow/.local/lib/python3.7/site-packages/airflow/example_dags/example_subdag_operator.py
[2024-02-25T12:48:11.289+0000] {processor.py:836} INFO - DAG(s) dict_keys(['example_subdag_operator.section-1', 'example_subdag_operator.section-2', 'example_subdag_operator']) retrieved from /home/airflow/.local/lib/python3.7/site-packages/airflow/example_dags/example_subdag_operator.py
[2024-02-25T12:48:11.312+0000] {logging_mixin.py:150} INFO - [2024-02-25T12:48:11.312+0000] {dag.py:2742} INFO - Sync 3 DAGs
[2024-02-25T12:48:11.390+0000] {logging_mixin.py:150} INFO - [2024-02-25T12:48:11.390+0000] {dag.py:3508} INFO - Setting next_dagrun for example_subdag_operator to 2022-01-01T00:00:00+00:00, run_after=2022-01-01T00:00:00+00:00
[2024-02-25T12:48:11.396+0000] {logging_mixin.py:150} INFO - [2024-02-25T12:48:11.396+0000] {dag.py:3508} INFO - Setting next_dagrun for example_subdag_operator.section-1 to None, run_after=None
[2024-02-25T12:48:11.398+0000] {logging_mixin.py:150} INFO - [2024-02-25T12:48:11.398+0000] {dag.py:3508} INFO - Setting next_dagrun for example_subdag_operator.section-2 to None, run_after=None
[2024-02-25T12:48:11.412+0000] {logging_mixin.py:150} INFO - [2024-02-25T12:48:11.412+0000] {dag.py:2742} INFO - Sync 2 DAGs
[2024-02-25T12:48:11.428+0000] {logging_mixin.py:150} INFO - [2024-02-25T12:48:11.428+0000] {dag.py:3508} INFO - Setting next_dagrun for example_subdag_operator.section-1 to None, run_after=None
[2024-02-25T12:48:11.429+0000] {logging_mixin.py:150} INFO - [2024-02-25T12:48:11.429+0000] {dag.py:3508} INFO - Setting next_dagrun for example_subdag_operator.section-2 to None, run_after=None
[2024-02-25T12:48:11.447+0000] {processor.py:179} INFO - Processing /home/airflow/.local/lib/python3.7/site-packages/airflow/example_dags/example_subdag_operator.py took 0.198 seconds
[2024-02-25T12:48:41.904+0000] {processor.py:157} INFO - Started process (PID=3000) to work on /home/airflow/.local/lib/python3.7/site-packages/airflow/example_dags/example_subdag_operator.py
[2024-02-25T12:48:41.905+0000] {processor.py:826} INFO - Processing file /home/airflow/.local/lib/python3.7/site-packages/airflow/example_dags/example_subdag_operator.py for tasks to queue
[2024-02-25T12:48:41.907+0000] {logging_mixin.py:150} INFO - [2024-02-25T12:48:41.906+0000] {dagbag.py:541} INFO - Filling up the DagBag from /home/airflow/.local/lib/python3.7/site-packages/airflow/example_dags/example_subdag_operator.py
[2024-02-25T12:48:41.945+0000] {processor.py:836} INFO - DAG(s) dict_keys(['example_subdag_operator.section-1', 'example_subdag_operator.section-2', 'example_subdag_operator']) retrieved from /home/airflow/.local/lib/python3.7/site-packages/airflow/example_dags/example_subdag_operator.py
[2024-02-25T12:48:41.979+0000] {logging_mixin.py:150} INFO - [2024-02-25T12:48:41.978+0000] {dag.py:2742} INFO - Sync 3 DAGs
[2024-02-25T12:48:42.018+0000] {logging_mixin.py:150} INFO - [2024-02-25T12:48:42.018+0000] {dag.py:3508} INFO - Setting next_dagrun for example_subdag_operator to 2022-01-01T00:00:00+00:00, run_after=2022-01-01T00:00:00+00:00
[2024-02-25T12:48:42.024+0000] {logging_mixin.py:150} INFO - [2024-02-25T12:48:42.024+0000] {dag.py:3508} INFO - Setting next_dagrun for example_subdag_operator.section-1 to None, run_after=None
[2024-02-25T12:48:42.026+0000] {logging_mixin.py:150} INFO - [2024-02-25T12:48:42.026+0000] {dag.py:3508} INFO - Setting next_dagrun for example_subdag_operator.section-2 to None, run_after=None
[2024-02-25T12:48:42.034+0000] {logging_mixin.py:150} INFO - [2024-02-25T12:48:42.034+0000] {dag.py:2742} INFO - Sync 2 DAGs
[2024-02-25T12:48:42.042+0000] {logging_mixin.py:150} INFO - [2024-02-25T12:48:42.042+0000] {dag.py:3508} INFO - Setting next_dagrun for example_subdag_operator.section-1 to None, run_after=None
[2024-02-25T12:48:42.043+0000] {logging_mixin.py:150} INFO - [2024-02-25T12:48:42.042+0000] {dag.py:3508} INFO - Setting next_dagrun for example_subdag_operator.section-2 to None, run_after=None
[2024-02-25T12:48:42.062+0000] {processor.py:179} INFO - Processing /home/airflow/.local/lib/python3.7/site-packages/airflow/example_dags/example_subdag_operator.py took 0.164 seconds
[2024-02-25T12:49:12.154+0000] {processor.py:157} INFO - Started process (PID=3238) to work on /home/airflow/.local/lib/python3.7/site-packages/airflow/example_dags/example_subdag_operator.py
[2024-02-25T12:49:12.155+0000] {processor.py:826} INFO - Processing file /home/airflow/.local/lib/python3.7/site-packages/airflow/example_dags/example_subdag_operator.py for tasks to queue
[2024-02-25T12:49:12.157+0000] {logging_mixin.py:150} INFO - [2024-02-25T12:49:12.157+0000] {dagbag.py:541} INFO - Filling up the DagBag from /home/airflow/.local/lib/python3.7/site-packages/airflow/example_dags/example_subdag_operator.py
[2024-02-25T12:49:12.187+0000] {processor.py:836} INFO - DAG(s) dict_keys(['example_subdag_operator.section-1', 'example_subdag_operator.section-2', 'example_subdag_operator']) retrieved from /home/airflow/.local/lib/python3.7/site-packages/airflow/example_dags/example_subdag_operator.py
[2024-02-25T12:49:12.209+0000] {logging_mixin.py:150} INFO - [2024-02-25T12:49:12.209+0000] {dag.py:2742} INFO - Sync 3 DAGs
[2024-02-25T12:49:12.246+0000] {logging_mixin.py:150} INFO - [2024-02-25T12:49:12.245+0000] {dag.py:3508} INFO - Setting next_dagrun for example_subdag_operator to 2022-01-01T00:00:00+00:00, run_after=2022-01-01T00:00:00+00:00
[2024-02-25T12:49:12.251+0000] {logging_mixin.py:150} INFO - [2024-02-25T12:49:12.251+0000] {dag.py:3508} INFO - Setting next_dagrun for example_subdag_operator.section-1 to None, run_after=None
[2024-02-25T12:49:12.253+0000] {logging_mixin.py:150} INFO - [2024-02-25T12:49:12.252+0000] {dag.py:3508} INFO - Setting next_dagrun for example_subdag_operator.section-2 to None, run_after=None
[2024-02-25T12:49:12.260+0000] {logging_mixin.py:150} INFO - [2024-02-25T12:49:12.260+0000] {dag.py:2742} INFO - Sync 2 DAGs
[2024-02-25T12:49:12.268+0000] {logging_mixin.py:150} INFO - [2024-02-25T12:49:12.268+0000] {dag.py:3508} INFO - Setting next_dagrun for example_subdag_operator.section-1 to None, run_after=None
[2024-02-25T12:49:12.268+0000] {logging_mixin.py:150} INFO - [2024-02-25T12:49:12.268+0000] {dag.py:3508} INFO - Setting next_dagrun for example_subdag_operator.section-2 to None, run_after=None
[2024-02-25T12:49:12.284+0000] {processor.py:179} INFO - Processing /home/airflow/.local/lib/python3.7/site-packages/airflow/example_dags/example_subdag_operator.py took 0.135 seconds
[2024-02-25T12:49:42.309+0000] {processor.py:157} INFO - Started process (PID=3479) to work on /home/airflow/.local/lib/python3.7/site-packages/airflow/example_dags/example_subdag_operator.py
[2024-02-25T12:49:42.310+0000] {processor.py:826} INFO - Processing file /home/airflow/.local/lib/python3.7/site-packages/airflow/example_dags/example_subdag_operator.py for tasks to queue
[2024-02-25T12:49:42.311+0000] {logging_mixin.py:150} INFO - [2024-02-25T12:49:42.310+0000] {dagbag.py:541} INFO - Filling up the DagBag from /home/airflow/.local/lib/python3.7/site-packages/airflow/example_dags/example_subdag_operator.py
[2024-02-25T12:49:42.332+0000] {processor.py:836} INFO - DAG(s) dict_keys(['example_subdag_operator.section-1', 'example_subdag_operator.section-2', 'example_subdag_operator']) retrieved from /home/airflow/.local/lib/python3.7/site-packages/airflow/example_dags/example_subdag_operator.py
[2024-02-25T12:49:42.350+0000] {logging_mixin.py:150} INFO - [2024-02-25T12:49:42.350+0000] {dag.py:2742} INFO - Sync 3 DAGs
[2024-02-25T12:49:42.379+0000] {logging_mixin.py:150} INFO - [2024-02-25T12:49:42.379+0000] {dag.py:3508} INFO - Setting next_dagrun for example_subdag_operator to 2022-01-01T00:00:00+00:00, run_after=2022-01-01T00:00:00+00:00
[2024-02-25T12:49:42.384+0000] {logging_mixin.py:150} INFO - [2024-02-25T12:49:42.384+0000] {dag.py:3508} INFO - Setting next_dagrun for example_subdag_operator.section-1 to None, run_after=None
[2024-02-25T12:49:42.386+0000] {logging_mixin.py:150} INFO - [2024-02-25T12:49:42.386+0000] {dag.py:3508} INFO - Setting next_dagrun for example_subdag_operator.section-2 to None, run_after=None
[2024-02-25T12:49:42.396+0000] {logging_mixin.py:150} INFO - [2024-02-25T12:49:42.396+0000] {dag.py:2742} INFO - Sync 2 DAGs
[2024-02-25T12:49:42.403+0000] {logging_mixin.py:150} INFO - [2024-02-25T12:49:42.402+0000] {dag.py:3508} INFO - Setting next_dagrun for example_subdag_operator.section-1 to None, run_after=None
[2024-02-25T12:49:42.403+0000] {logging_mixin.py:150} INFO - [2024-02-25T12:49:42.403+0000] {dag.py:3508} INFO - Setting next_dagrun for example_subdag_operator.section-2 to None, run_after=None
[2024-02-25T12:49:42.455+0000] {processor.py:179} INFO - Processing /home/airflow/.local/lib/python3.7/site-packages/airflow/example_dags/example_subdag_operator.py took 0.149 seconds
[2024-02-25T12:50:13.308+0000] {processor.py:157} INFO - Started process (PID=3718) to work on /home/airflow/.local/lib/python3.7/site-packages/airflow/example_dags/example_subdag_operator.py
[2024-02-25T12:50:13.309+0000] {processor.py:826} INFO - Processing file /home/airflow/.local/lib/python3.7/site-packages/airflow/example_dags/example_subdag_operator.py for tasks to queue
[2024-02-25T12:50:13.310+0000] {logging_mixin.py:150} INFO - [2024-02-25T12:50:13.309+0000] {dagbag.py:541} INFO - Filling up the DagBag from /home/airflow/.local/lib/python3.7/site-packages/airflow/example_dags/example_subdag_operator.py
[2024-02-25T12:50:13.336+0000] {processor.py:836} INFO - DAG(s) dict_keys(['example_subdag_operator.section-1', 'example_subdag_operator.section-2', 'example_subdag_operator']) retrieved from /home/airflow/.local/lib/python3.7/site-packages/airflow/example_dags/example_subdag_operator.py
[2024-02-25T12:50:13.362+0000] {logging_mixin.py:150} INFO - [2024-02-25T12:50:13.362+0000] {dag.py:2742} INFO - Sync 3 DAGs
[2024-02-25T12:50:13.385+0000] {logging_mixin.py:150} INFO - [2024-02-25T12:50:13.385+0000] {dag.py:3508} INFO - Setting next_dagrun for example_subdag_operator to 2022-01-01T00:00:00+00:00, run_after=2022-01-01T00:00:00+00:00
[2024-02-25T12:50:13.389+0000] {logging_mixin.py:150} INFO - [2024-02-25T12:50:13.388+0000] {dag.py:3508} INFO - Setting next_dagrun for example_subdag_operator.section-1 to None, run_after=None
[2024-02-25T12:50:13.390+0000] {logging_mixin.py:150} INFO - [2024-02-25T12:50:13.390+0000] {dag.py:3508} INFO - Setting next_dagrun for example_subdag_operator.section-2 to None, run_after=None
[2024-02-25T12:50:13.396+0000] {logging_mixin.py:150} INFO - [2024-02-25T12:50:13.396+0000] {dag.py:2742} INFO - Sync 2 DAGs
[2024-02-25T12:50:13.402+0000] {logging_mixin.py:150} INFO - [2024-02-25T12:50:13.402+0000] {dag.py:3508} INFO - Setting next_dagrun for example_subdag_operator.section-1 to None, run_after=None
[2024-02-25T12:50:13.403+0000] {logging_mixin.py:150} INFO - [2024-02-25T12:50:13.402+0000] {dag.py:3508} INFO - Setting next_dagrun for example_subdag_operator.section-2 to None, run_after=None
[2024-02-25T12:50:13.419+0000] {processor.py:179} INFO - Processing /home/airflow/.local/lib/python3.7/site-packages/airflow/example_dags/example_subdag_operator.py took 0.116 seconds
[2024-02-25T12:50:44.101+0000] {processor.py:157} INFO - Started process (PID=3959) to work on /home/airflow/.local/lib/python3.7/site-packages/airflow/example_dags/example_subdag_operator.py
[2024-02-25T12:50:44.102+0000] {processor.py:826} INFO - Processing file /home/airflow/.local/lib/python3.7/site-packages/airflow/example_dags/example_subdag_operator.py for tasks to queue
[2024-02-25T12:50:44.103+0000] {logging_mixin.py:150} INFO - [2024-02-25T12:50:44.103+0000] {dagbag.py:541} INFO - Filling up the DagBag from /home/airflow/.local/lib/python3.7/site-packages/airflow/example_dags/example_subdag_operator.py
[2024-02-25T12:50:44.132+0000] {processor.py:836} INFO - DAG(s) dict_keys(['example_subdag_operator.section-1', 'example_subdag_operator.section-2', 'example_subdag_operator']) retrieved from /home/airflow/.local/lib/python3.7/site-packages/airflow/example_dags/example_subdag_operator.py
[2024-02-25T12:50:44.153+0000] {logging_mixin.py:150} INFO - [2024-02-25T12:50:44.153+0000] {dag.py:2742} INFO - Sync 3 DAGs
[2024-02-25T12:50:44.184+0000] {logging_mixin.py:150} INFO - [2024-02-25T12:50:44.184+0000] {dag.py:3508} INFO - Setting next_dagrun for example_subdag_operator to 2022-01-01T00:00:00+00:00, run_after=2022-01-01T00:00:00+00:00
[2024-02-25T12:50:44.187+0000] {logging_mixin.py:150} INFO - [2024-02-25T12:50:44.187+0000] {dag.py:3508} INFO - Setting next_dagrun for example_subdag_operator.section-1 to None, run_after=None
[2024-02-25T12:50:44.189+0000] {logging_mixin.py:150} INFO - [2024-02-25T12:50:44.188+0000] {dag.py:3508} INFO - Setting next_dagrun for example_subdag_operator.section-2 to None, run_after=None
[2024-02-25T12:50:44.195+0000] {logging_mixin.py:150} INFO - [2024-02-25T12:50:44.195+0000] {dag.py:2742} INFO - Sync 2 DAGs
[2024-02-25T12:50:44.201+0000] {logging_mixin.py:150} INFO - [2024-02-25T12:50:44.200+0000] {dag.py:3508} INFO - Setting next_dagrun for example_subdag_operator.section-1 to None, run_after=None
[2024-02-25T12:50:44.201+0000] {logging_mixin.py:150} INFO - [2024-02-25T12:50:44.201+0000] {dag.py:3508} INFO - Setting next_dagrun for example_subdag_operator.section-2 to None, run_after=None
[2024-02-25T12:50:44.215+0000] {processor.py:179} INFO - Processing /home/airflow/.local/lib/python3.7/site-packages/airflow/example_dags/example_subdag_operator.py took 0.118 seconds
[2024-02-25T12:51:14.368+0000] {processor.py:157} INFO - Started process (PID=4200) to work on /home/airflow/.local/lib/python3.7/site-packages/airflow/example_dags/example_subdag_operator.py
[2024-02-25T12:51:14.370+0000] {processor.py:826} INFO - Processing file /home/airflow/.local/lib/python3.7/site-packages/airflow/example_dags/example_subdag_operator.py for tasks to queue
[2024-02-25T12:51:14.370+0000] {logging_mixin.py:150} INFO - [2024-02-25T12:51:14.370+0000] {dagbag.py:541} INFO - Filling up the DagBag from /home/airflow/.local/lib/python3.7/site-packages/airflow/example_dags/example_subdag_operator.py
[2024-02-25T12:51:14.397+0000] {processor.py:836} INFO - DAG(s) dict_keys(['example_subdag_operator.section-1', 'example_subdag_operator.section-2', 'example_subdag_operator']) retrieved from /home/airflow/.local/lib/python3.7/site-packages/airflow/example_dags/example_subdag_operator.py
[2024-02-25T12:51:14.426+0000] {logging_mixin.py:150} INFO - [2024-02-25T12:51:14.426+0000] {dag.py:2742} INFO - Sync 3 DAGs
[2024-02-25T12:51:14.450+0000] {logging_mixin.py:150} INFO - [2024-02-25T12:51:14.450+0000] {dag.py:3508} INFO - Setting next_dagrun for example_subdag_operator to 2022-01-01T00:00:00+00:00, run_after=2022-01-01T00:00:00+00:00
[2024-02-25T12:51:14.453+0000] {logging_mixin.py:150} INFO - [2024-02-25T12:51:14.453+0000] {dag.py:3508} INFO - Setting next_dagrun for example_subdag_operator.section-1 to None, run_after=None
[2024-02-25T12:51:14.455+0000] {logging_mixin.py:150} INFO - [2024-02-25T12:51:14.454+0000] {dag.py:3508} INFO - Setting next_dagrun for example_subdag_operator.section-2 to None, run_after=None
[2024-02-25T12:51:14.461+0000] {logging_mixin.py:150} INFO - [2024-02-25T12:51:14.461+0000] {dag.py:2742} INFO - Sync 2 DAGs
[2024-02-25T12:51:14.467+0000] {logging_mixin.py:150} INFO - [2024-02-25T12:51:14.467+0000] {dag.py:3508} INFO - Setting next_dagrun for example_subdag_operator.section-1 to None, run_after=None
[2024-02-25T12:51:14.467+0000] {logging_mixin.py:150} INFO - [2024-02-25T12:51:14.467+0000] {dag.py:3508} INFO - Setting next_dagrun for example_subdag_operator.section-2 to None, run_after=None
[2024-02-25T12:51:14.481+0000] {processor.py:179} INFO - Processing /home/airflow/.local/lib/python3.7/site-packages/airflow/example_dags/example_subdag_operator.py took 0.117 seconds
[2024-02-25T12:51:45.188+0000] {processor.py:157} INFO - Started process (PID=4441) to work on /home/airflow/.local/lib/python3.7/site-packages/airflow/example_dags/example_subdag_operator.py
[2024-02-25T12:51:45.189+0000] {processor.py:826} INFO - Processing file /home/airflow/.local/lib/python3.7/site-packages/airflow/example_dags/example_subdag_operator.py for tasks to queue
[2024-02-25T12:51:45.190+0000] {logging_mixin.py:150} INFO - [2024-02-25T12:51:45.190+0000] {dagbag.py:541} INFO - Filling up the DagBag from /home/airflow/.local/lib/python3.7/site-packages/airflow/example_dags/example_subdag_operator.py
[2024-02-25T12:51:45.222+0000] {processor.py:836} INFO - DAG(s) dict_keys(['example_subdag_operator.section-1', 'example_subdag_operator.section-2', 'example_subdag_operator']) retrieved from /home/airflow/.local/lib/python3.7/site-packages/airflow/example_dags/example_subdag_operator.py
[2024-02-25T12:51:45.250+0000] {logging_mixin.py:150} INFO - [2024-02-25T12:51:45.250+0000] {dag.py:2742} INFO - Sync 3 DAGs
[2024-02-25T12:51:45.287+0000] {logging_mixin.py:150} INFO - [2024-02-25T12:51:45.287+0000] {dag.py:3508} INFO - Setting next_dagrun for example_subdag_operator to 2022-01-01T00:00:00+00:00, run_after=2022-01-01T00:00:00+00:00
[2024-02-25T12:51:45.292+0000] {logging_mixin.py:150} INFO - [2024-02-25T12:51:45.292+0000] {dag.py:3508} INFO - Setting next_dagrun for example_subdag_operator.section-1 to None, run_after=None
[2024-02-25T12:51:45.293+0000] {logging_mixin.py:150} INFO - [2024-02-25T12:51:45.293+0000] {dag.py:3508} INFO - Setting next_dagrun for example_subdag_operator.section-2 to None, run_after=None
[2024-02-25T12:51:45.300+0000] {logging_mixin.py:150} INFO - [2024-02-25T12:51:45.300+0000] {dag.py:2742} INFO - Sync 2 DAGs
[2024-02-25T12:51:45.306+0000] {logging_mixin.py:150} INFO - [2024-02-25T12:51:45.306+0000] {dag.py:3508} INFO - Setting next_dagrun for example_subdag_operator.section-1 to None, run_after=None
[2024-02-25T12:51:45.306+0000] {logging_mixin.py:150} INFO - [2024-02-25T12:51:45.306+0000] {dag.py:3508} INFO - Setting next_dagrun for example_subdag_operator.section-2 to None, run_after=None
[2024-02-25T12:51:45.319+0000] {processor.py:179} INFO - Processing /home/airflow/.local/lib/python3.7/site-packages/airflow/example_dags/example_subdag_operator.py took 0.136 seconds
[2024-02-25T12:52:15.744+0000] {processor.py:157} INFO - Started process (PID=4682) to work on /home/airflow/.local/lib/python3.7/site-packages/airflow/example_dags/example_subdag_operator.py
[2024-02-25T12:52:15.745+0000] {processor.py:826} INFO - Processing file /home/airflow/.local/lib/python3.7/site-packages/airflow/example_dags/example_subdag_operator.py for tasks to queue
[2024-02-25T12:52:15.746+0000] {logging_mixin.py:150} INFO - [2024-02-25T12:52:15.745+0000] {dagbag.py:541} INFO - Filling up the DagBag from /home/airflow/.local/lib/python3.7/site-packages/airflow/example_dags/example_subdag_operator.py
[2024-02-25T12:52:15.774+0000] {processor.py:836} INFO - DAG(s) dict_keys(['example_subdag_operator.section-1', 'example_subdag_operator.section-2', 'example_subdag_operator']) retrieved from /home/airflow/.local/lib/python3.7/site-packages/airflow/example_dags/example_subdag_operator.py
[2024-02-25T12:52:15.792+0000] {logging_mixin.py:150} INFO - [2024-02-25T12:52:15.792+0000] {dag.py:2742} INFO - Sync 3 DAGs
[2024-02-25T12:52:15.816+0000] {logging_mixin.py:150} INFO - [2024-02-25T12:52:15.816+0000] {dag.py:3508} INFO - Setting next_dagrun for example_subdag_operator to 2022-01-01T00:00:00+00:00, run_after=2022-01-01T00:00:00+00:00
[2024-02-25T12:52:15.819+0000] {logging_mixin.py:150} INFO - [2024-02-25T12:52:15.819+0000] {dag.py:3508} INFO - Setting next_dagrun for example_subdag_operator.section-1 to None, run_after=None
[2024-02-25T12:52:15.820+0000] {logging_mixin.py:150} INFO - [2024-02-25T12:52:15.820+0000] {dag.py:3508} INFO - Setting next_dagrun for example_subdag_operator.section-2 to None, run_after=None
[2024-02-25T12:52:15.827+0000] {logging_mixin.py:150} INFO - [2024-02-25T12:52:15.827+0000] {dag.py:2742} INFO - Sync 2 DAGs
[2024-02-25T12:52:15.833+0000] {logging_mixin.py:150} INFO - [2024-02-25T12:52:15.832+0000] {dag.py:3508} INFO - Setting next_dagrun for example_subdag_operator.section-1 to None, run_after=None
[2024-02-25T12:52:15.833+0000] {logging_mixin.py:150} INFO - [2024-02-25T12:52:15.833+0000] {dag.py:3508} INFO - Setting next_dagrun for example_subdag_operator.section-2 to None, run_after=None
[2024-02-25T12:52:15.847+0000] {processor.py:179} INFO - Processing /home/airflow/.local/lib/python3.7/site-packages/airflow/example_dags/example_subdag_operator.py took 0.107 seconds
[2024-02-25T12:52:46.231+0000] {processor.py:157} INFO - Started process (PID=4923) to work on /home/airflow/.local/lib/python3.7/site-packages/airflow/example_dags/example_subdag_operator.py
[2024-02-25T12:52:46.232+0000] {processor.py:826} INFO - Processing file /home/airflow/.local/lib/python3.7/site-packages/airflow/example_dags/example_subdag_operator.py for tasks to queue
[2024-02-25T12:52:46.233+0000] {logging_mixin.py:150} INFO - [2024-02-25T12:52:46.233+0000] {dagbag.py:541} INFO - Filling up the DagBag from /home/airflow/.local/lib/python3.7/site-packages/airflow/example_dags/example_subdag_operator.py
[2024-02-25T12:52:46.262+0000] {processor.py:836} INFO - DAG(s) dict_keys(['example_subdag_operator.section-1', 'example_subdag_operator.section-2', 'example_subdag_operator']) retrieved from /home/airflow/.local/lib/python3.7/site-packages/airflow/example_dags/example_subdag_operator.py
[2024-02-25T12:52:46.284+0000] {logging_mixin.py:150} INFO - [2024-02-25T12:52:46.283+0000] {dag.py:2742} INFO - Sync 3 DAGs
[2024-02-25T12:52:46.324+0000] {logging_mixin.py:150} INFO - [2024-02-25T12:52:46.324+0000] {dag.py:3508} INFO - Setting next_dagrun for example_subdag_operator to 2022-01-01T00:00:00+00:00, run_after=2022-01-01T00:00:00+00:00
[2024-02-25T12:52:46.330+0000] {logging_mixin.py:150} INFO - [2024-02-25T12:52:46.330+0000] {dag.py:3508} INFO - Setting next_dagrun for example_subdag_operator.section-1 to None, run_after=None
[2024-02-25T12:52:46.332+0000] {logging_mixin.py:150} INFO - [2024-02-25T12:52:46.332+0000] {dag.py:3508} INFO - Setting next_dagrun for example_subdag_operator.section-2 to None, run_after=None
[2024-02-25T12:52:46.341+0000] {logging_mixin.py:150} INFO - [2024-02-25T12:52:46.340+0000] {dag.py:2742} INFO - Sync 2 DAGs
[2024-02-25T12:52:46.346+0000] {logging_mixin.py:150} INFO - [2024-02-25T12:52:46.346+0000] {dag.py:3508} INFO - Setting next_dagrun for example_subdag_operator.section-1 to None, run_after=None
[2024-02-25T12:52:46.346+0000] {logging_mixin.py:150} INFO - [2024-02-25T12:52:46.346+0000] {dag.py:3508} INFO - Setting next_dagrun for example_subdag_operator.section-2 to None, run_after=None
[2024-02-25T12:52:46.360+0000] {processor.py:179} INFO - Processing /home/airflow/.local/lib/python3.7/site-packages/airflow/example_dags/example_subdag_operator.py took 0.133 seconds
[2024-02-25T12:53:17.501+0000] {processor.py:157} INFO - Started process (PID=5164) to work on /home/airflow/.local/lib/python3.7/site-packages/airflow/example_dags/example_subdag_operator.py
[2024-02-25T12:53:17.503+0000] {processor.py:826} INFO - Processing file /home/airflow/.local/lib/python3.7/site-packages/airflow/example_dags/example_subdag_operator.py for tasks to queue
[2024-02-25T12:53:17.504+0000] {logging_mixin.py:150} INFO - [2024-02-25T12:53:17.503+0000] {dagbag.py:541} INFO - Filling up the DagBag from /home/airflow/.local/lib/python3.7/site-packages/airflow/example_dags/example_subdag_operator.py
[2024-02-25T12:53:17.534+0000] {processor.py:836} INFO - DAG(s) dict_keys(['example_subdag_operator.section-1', 'example_subdag_operator.section-2', 'example_subdag_operator']) retrieved from /home/airflow/.local/lib/python3.7/site-packages/airflow/example_dags/example_subdag_operator.py
[2024-02-25T12:53:17.566+0000] {logging_mixin.py:150} INFO - [2024-02-25T12:53:17.566+0000] {dag.py:2742} INFO - Sync 3 DAGs
[2024-02-25T12:53:17.608+0000] {logging_mixin.py:150} INFO - [2024-02-25T12:53:17.608+0000] {dag.py:3508} INFO - Setting next_dagrun for example_subdag_operator to 2022-01-01T00:00:00+00:00, run_after=2022-01-01T00:00:00+00:00
[2024-02-25T12:53:17.613+0000] {logging_mixin.py:150} INFO - [2024-02-25T12:53:17.613+0000] {dag.py:3508} INFO - Setting next_dagrun for example_subdag_operator.section-1 to None, run_after=None
[2024-02-25T12:53:17.614+0000] {logging_mixin.py:150} INFO - [2024-02-25T12:53:17.614+0000] {dag.py:3508} INFO - Setting next_dagrun for example_subdag_operator.section-2 to None, run_after=None
[2024-02-25T12:53:17.625+0000] {logging_mixin.py:150} INFO - [2024-02-25T12:53:17.624+0000] {dag.py:2742} INFO - Sync 2 DAGs
[2024-02-25T12:53:17.633+0000] {logging_mixin.py:150} INFO - [2024-02-25T12:53:17.633+0000] {dag.py:3508} INFO - Setting next_dagrun for example_subdag_operator.section-1 to None, run_after=None
[2024-02-25T12:53:17.634+0000] {logging_mixin.py:150} INFO - [2024-02-25T12:53:17.633+0000] {dag.py:3508} INFO - Setting next_dagrun for example_subdag_operator.section-2 to None, run_after=None
[2024-02-25T12:53:17.650+0000] {processor.py:179} INFO - Processing /home/airflow/.local/lib/python3.7/site-packages/airflow/example_dags/example_subdag_operator.py took 0.153 seconds
[2024-02-25T12:53:48.498+0000] {processor.py:157} INFO - Started process (PID=5405) to work on /home/airflow/.local/lib/python3.7/site-packages/airflow/example_dags/example_subdag_operator.py
[2024-02-25T12:53:48.498+0000] {processor.py:826} INFO - Processing file /home/airflow/.local/lib/python3.7/site-packages/airflow/example_dags/example_subdag_operator.py for tasks to queue
[2024-02-25T12:53:48.499+0000] {logging_mixin.py:150} INFO - [2024-02-25T12:53:48.499+0000] {dagbag.py:541} INFO - Filling up the DagBag from /home/airflow/.local/lib/python3.7/site-packages/airflow/example_dags/example_subdag_operator.py
[2024-02-25T12:53:48.524+0000] {processor.py:836} INFO - DAG(s) dict_keys(['example_subdag_operator.section-1', 'example_subdag_operator.section-2', 'example_subdag_operator']) retrieved from /home/airflow/.local/lib/python3.7/site-packages/airflow/example_dags/example_subdag_operator.py
[2024-02-25T12:53:48.546+0000] {logging_mixin.py:150} INFO - [2024-02-25T12:53:48.546+0000] {dag.py:2742} INFO - Sync 3 DAGs
[2024-02-25T12:53:48.581+0000] {logging_mixin.py:150} INFO - [2024-02-25T12:53:48.581+0000] {dag.py:3508} INFO - Setting next_dagrun for example_subdag_operator to 2022-01-01T00:00:00+00:00, run_after=2022-01-01T00:00:00+00:00
[2024-02-25T12:53:48.586+0000] {logging_mixin.py:150} INFO - [2024-02-25T12:53:48.586+0000] {dag.py:3508} INFO - Setting next_dagrun for example_subdag_operator.section-1 to None, run_after=None
[2024-02-25T12:53:48.588+0000] {logging_mixin.py:150} INFO - [2024-02-25T12:53:48.588+0000] {dag.py:3508} INFO - Setting next_dagrun for example_subdag_operator.section-2 to None, run_after=None
[2024-02-25T12:53:48.596+0000] {logging_mixin.py:150} INFO - [2024-02-25T12:53:48.596+0000] {dag.py:2742} INFO - Sync 2 DAGs
[2024-02-25T12:53:48.602+0000] {logging_mixin.py:150} INFO - [2024-02-25T12:53:48.602+0000] {dag.py:3508} INFO - Setting next_dagrun for example_subdag_operator.section-1 to None, run_after=None
[2024-02-25T12:53:48.603+0000] {logging_mixin.py:150} INFO - [2024-02-25T12:53:48.603+0000] {dag.py:3508} INFO - Setting next_dagrun for example_subdag_operator.section-2 to None, run_after=None
[2024-02-25T12:53:48.619+0000] {processor.py:179} INFO - Processing /home/airflow/.local/lib/python3.7/site-packages/airflow/example_dags/example_subdag_operator.py took 0.125 seconds
[2024-02-25T12:54:19.202+0000] {processor.py:157} INFO - Started process (PID=5646) to work on /home/airflow/.local/lib/python3.7/site-packages/airflow/example_dags/example_subdag_operator.py
[2024-02-25T12:54:19.203+0000] {processor.py:826} INFO - Processing file /home/airflow/.local/lib/python3.7/site-packages/airflow/example_dags/example_subdag_operator.py for tasks to queue
[2024-02-25T12:54:19.204+0000] {logging_mixin.py:150} INFO - [2024-02-25T12:54:19.204+0000] {dagbag.py:541} INFO - Filling up the DagBag from /home/airflow/.local/lib/python3.7/site-packages/airflow/example_dags/example_subdag_operator.py
[2024-02-25T12:54:19.230+0000] {processor.py:836} INFO - DAG(s) dict_keys(['example_subdag_operator.section-1', 'example_subdag_operator.section-2', 'example_subdag_operator']) retrieved from /home/airflow/.local/lib/python3.7/site-packages/airflow/example_dags/example_subdag_operator.py
[2024-02-25T12:54:19.253+0000] {logging_mixin.py:150} INFO - [2024-02-25T12:54:19.253+0000] {dag.py:2742} INFO - Sync 3 DAGs
[2024-02-25T12:54:19.294+0000] {logging_mixin.py:150} INFO - [2024-02-25T12:54:19.293+0000] {dag.py:3508} INFO - Setting next_dagrun for example_subdag_operator to 2022-01-01T00:00:00+00:00, run_after=2022-01-01T00:00:00+00:00
[2024-02-25T12:54:19.299+0000] {logging_mixin.py:150} INFO - [2024-02-25T12:54:19.299+0000] {dag.py:3508} INFO - Setting next_dagrun for example_subdag_operator.section-1 to None, run_after=None
[2024-02-25T12:54:19.301+0000] {logging_mixin.py:150} INFO - [2024-02-25T12:54:19.301+0000] {dag.py:3508} INFO - Setting next_dagrun for example_subdag_operator.section-2 to None, run_after=None
[2024-02-25T12:54:19.310+0000] {logging_mixin.py:150} INFO - [2024-02-25T12:54:19.310+0000] {dag.py:2742} INFO - Sync 2 DAGs
[2024-02-25T12:54:19.318+0000] {logging_mixin.py:150} INFO - [2024-02-25T12:54:19.317+0000] {dag.py:3508} INFO - Setting next_dagrun for example_subdag_operator.section-1 to None, run_after=None
[2024-02-25T12:54:19.318+0000] {logging_mixin.py:150} INFO - [2024-02-25T12:54:19.318+0000] {dag.py:3508} INFO - Setting next_dagrun for example_subdag_operator.section-2 to None, run_after=None
[2024-02-25T12:54:19.336+0000] {processor.py:179} INFO - Processing /home/airflow/.local/lib/python3.7/site-packages/airflow/example_dags/example_subdag_operator.py took 0.137 seconds
[2024-02-25T12:54:49.769+0000] {processor.py:157} INFO - Started process (PID=5887) to work on /home/airflow/.local/lib/python3.7/site-packages/airflow/example_dags/example_subdag_operator.py
[2024-02-25T12:54:49.770+0000] {processor.py:826} INFO - Processing file /home/airflow/.local/lib/python3.7/site-packages/airflow/example_dags/example_subdag_operator.py for tasks to queue
[2024-02-25T12:54:49.770+0000] {logging_mixin.py:150} INFO - [2024-02-25T12:54:49.770+0000] {dagbag.py:541} INFO - Filling up the DagBag from /home/airflow/.local/lib/python3.7/site-packages/airflow/example_dags/example_subdag_operator.py
[2024-02-25T12:54:49.798+0000] {processor.py:836} INFO - DAG(s) dict_keys(['example_subdag_operator.section-1', 'example_subdag_operator.section-2', 'example_subdag_operator']) retrieved from /home/airflow/.local/lib/python3.7/site-packages/airflow/example_dags/example_subdag_operator.py
[2024-02-25T12:54:49.825+0000] {logging_mixin.py:150} INFO - [2024-02-25T12:54:49.824+0000] {dag.py:2742} INFO - Sync 3 DAGs
[2024-02-25T12:54:49.858+0000] {logging_mixin.py:150} INFO - [2024-02-25T12:54:49.858+0000] {dag.py:3508} INFO - Setting next_dagrun for example_subdag_operator to 2022-01-01T00:00:00+00:00, run_after=2022-01-01T00:00:00+00:00
[2024-02-25T12:54:49.863+0000] {logging_mixin.py:150} INFO - [2024-02-25T12:54:49.863+0000] {dag.py:3508} INFO - Setting next_dagrun for example_subdag_operator.section-1 to None, run_after=None
[2024-02-25T12:54:49.865+0000] {logging_mixin.py:150} INFO - [2024-02-25T12:54:49.865+0000] {dag.py:3508} INFO - Setting next_dagrun for example_subdag_operator.section-2 to None, run_after=None
[2024-02-25T12:54:49.875+0000] {logging_mixin.py:150} INFO - [2024-02-25T12:54:49.875+0000] {dag.py:2742} INFO - Sync 2 DAGs
[2024-02-25T12:54:49.883+0000] {logging_mixin.py:150} INFO - [2024-02-25T12:54:49.883+0000] {dag.py:3508} INFO - Setting next_dagrun for example_subdag_operator.section-1 to None, run_after=None
[2024-02-25T12:54:49.884+0000] {logging_mixin.py:150} INFO - [2024-02-25T12:54:49.883+0000] {dag.py:3508} INFO - Setting next_dagrun for example_subdag_operator.section-2 to None, run_after=None
[2024-02-25T12:54:49.901+0000] {processor.py:179} INFO - Processing /home/airflow/.local/lib/python3.7/site-packages/airflow/example_dags/example_subdag_operator.py took 0.136 seconds
[2024-02-25T12:55:20.384+0000] {processor.py:157} INFO - Started process (PID=6127) to work on /home/airflow/.local/lib/python3.7/site-packages/airflow/example_dags/example_subdag_operator.py
[2024-02-25T12:55:20.385+0000] {processor.py:826} INFO - Processing file /home/airflow/.local/lib/python3.7/site-packages/airflow/example_dags/example_subdag_operator.py for tasks to queue
[2024-02-25T12:55:20.385+0000] {logging_mixin.py:150} INFO - [2024-02-25T12:55:20.385+0000] {dagbag.py:541} INFO - Filling up the DagBag from /home/airflow/.local/lib/python3.7/site-packages/airflow/example_dags/example_subdag_operator.py
[2024-02-25T12:55:20.417+0000] {processor.py:836} INFO - DAG(s) dict_keys(['example_subdag_operator.section-1', 'example_subdag_operator.section-2', 'example_subdag_operator']) retrieved from /home/airflow/.local/lib/python3.7/site-packages/airflow/example_dags/example_subdag_operator.py
[2024-02-25T12:55:20.449+0000] {logging_mixin.py:150} INFO - [2024-02-25T12:55:20.449+0000] {dag.py:2742} INFO - Sync 3 DAGs
[2024-02-25T12:55:20.489+0000] {logging_mixin.py:150} INFO - [2024-02-25T12:55:20.489+0000] {dag.py:3508} INFO - Setting next_dagrun for example_subdag_operator to 2022-01-01T00:00:00+00:00, run_after=2022-01-01T00:00:00+00:00
[2024-02-25T12:55:20.494+0000] {logging_mixin.py:150} INFO - [2024-02-25T12:55:20.494+0000] {dag.py:3508} INFO - Setting next_dagrun for example_subdag_operator.section-1 to None, run_after=None
[2024-02-25T12:55:20.496+0000] {logging_mixin.py:150} INFO - [2024-02-25T12:55:20.496+0000] {dag.py:3508} INFO - Setting next_dagrun for example_subdag_operator.section-2 to None, run_after=None
[2024-02-25T12:55:20.506+0000] {logging_mixin.py:150} INFO - [2024-02-25T12:55:20.506+0000] {dag.py:2742} INFO - Sync 2 DAGs
[2024-02-25T12:55:20.515+0000] {logging_mixin.py:150} INFO - [2024-02-25T12:55:20.514+0000] {dag.py:3508} INFO - Setting next_dagrun for example_subdag_operator.section-1 to None, run_after=None
[2024-02-25T12:55:20.515+0000] {logging_mixin.py:150} INFO - [2024-02-25T12:55:20.515+0000] {dag.py:3508} INFO - Setting next_dagrun for example_subdag_operator.section-2 to None, run_after=None
[2024-02-25T12:55:20.532+0000] {processor.py:179} INFO - Processing /home/airflow/.local/lib/python3.7/site-packages/airflow/example_dags/example_subdag_operator.py took 0.153 seconds
[2024-02-25T12:55:51.244+0000] {processor.py:157} INFO - Started process (PID=6368) to work on /home/airflow/.local/lib/python3.7/site-packages/airflow/example_dags/example_subdag_operator.py
[2024-02-25T12:55:51.245+0000] {processor.py:826} INFO - Processing file /home/airflow/.local/lib/python3.7/site-packages/airflow/example_dags/example_subdag_operator.py for tasks to queue
[2024-02-25T12:55:51.246+0000] {logging_mixin.py:150} INFO - [2024-02-25T12:55:51.246+0000] {dagbag.py:541} INFO - Filling up the DagBag from /home/airflow/.local/lib/python3.7/site-packages/airflow/example_dags/example_subdag_operator.py
[2024-02-25T12:55:51.277+0000] {processor.py:836} INFO - DAG(s) dict_keys(['example_subdag_operator.section-1', 'example_subdag_operator.section-2', 'example_subdag_operator']) retrieved from /home/airflow/.local/lib/python3.7/site-packages/airflow/example_dags/example_subdag_operator.py
[2024-02-25T12:55:51.302+0000] {logging_mixin.py:150} INFO - [2024-02-25T12:55:51.301+0000] {dag.py:2742} INFO - Sync 3 DAGs
[2024-02-25T12:55:51.331+0000] {logging_mixin.py:150} INFO - [2024-02-25T12:55:51.331+0000] {dag.py:3508} INFO - Setting next_dagrun for example_subdag_operator to 2022-01-01T00:00:00+00:00, run_after=2022-01-01T00:00:00+00:00
[2024-02-25T12:55:51.336+0000] {logging_mixin.py:150} INFO - [2024-02-25T12:55:51.335+0000] {dag.py:3508} INFO - Setting next_dagrun for example_subdag_operator.section-1 to None, run_after=None
[2024-02-25T12:55:51.337+0000] {logging_mixin.py:150} INFO - [2024-02-25T12:55:51.337+0000] {dag.py:3508} INFO - Setting next_dagrun for example_subdag_operator.section-2 to None, run_after=None
[2024-02-25T12:55:51.345+0000] {logging_mixin.py:150} INFO - [2024-02-25T12:55:51.345+0000] {dag.py:2742} INFO - Sync 2 DAGs
[2024-02-25T12:55:51.351+0000] {logging_mixin.py:150} INFO - [2024-02-25T12:55:51.351+0000] {dag.py:3508} INFO - Setting next_dagrun for example_subdag_operator.section-1 to None, run_after=None
[2024-02-25T12:55:51.352+0000] {logging_mixin.py:150} INFO - [2024-02-25T12:55:51.351+0000] {dag.py:3508} INFO - Setting next_dagrun for example_subdag_operator.section-2 to None, run_after=None
[2024-02-25T12:55:51.367+0000] {processor.py:179} INFO - Processing /home/airflow/.local/lib/python3.7/site-packages/airflow/example_dags/example_subdag_operator.py took 0.127 seconds
[2024-02-25T12:56:22.351+0000] {processor.py:157} INFO - Started process (PID=6616) to work on /home/airflow/.local/lib/python3.7/site-packages/airflow/example_dags/example_subdag_operator.py
[2024-02-25T12:56:22.352+0000] {processor.py:826} INFO - Processing file /home/airflow/.local/lib/python3.7/site-packages/airflow/example_dags/example_subdag_operator.py for tasks to queue
[2024-02-25T12:56:22.353+0000] {logging_mixin.py:150} INFO - [2024-02-25T12:56:22.353+0000] {dagbag.py:541} INFO - Filling up the DagBag from /home/airflow/.local/lib/python3.7/site-packages/airflow/example_dags/example_subdag_operator.py
[2024-02-25T12:56:22.382+0000] {processor.py:836} INFO - DAG(s) dict_keys(['example_subdag_operator.section-1', 'example_subdag_operator.section-2', 'example_subdag_operator']) retrieved from /home/airflow/.local/lib/python3.7/site-packages/airflow/example_dags/example_subdag_operator.py
[2024-02-25T12:56:22.404+0000] {logging_mixin.py:150} INFO - [2024-02-25T12:56:22.404+0000] {dag.py:2742} INFO - Sync 3 DAGs
[2024-02-25T12:56:22.437+0000] {logging_mixin.py:150} INFO - [2024-02-25T12:56:22.436+0000] {dag.py:3508} INFO - Setting next_dagrun for example_subdag_operator to 2022-01-01T00:00:00+00:00, run_after=2022-01-01T00:00:00+00:00
[2024-02-25T12:56:22.442+0000] {logging_mixin.py:150} INFO - [2024-02-25T12:56:22.441+0000] {dag.py:3508} INFO - Setting next_dagrun for example_subdag_operator.section-1 to None, run_after=None
[2024-02-25T12:56:22.443+0000] {logging_mixin.py:150} INFO - [2024-02-25T12:56:22.443+0000] {dag.py:3508} INFO - Setting next_dagrun for example_subdag_operator.section-2 to None, run_after=None
[2024-02-25T12:56:22.454+0000] {logging_mixin.py:150} INFO - [2024-02-25T12:56:22.454+0000] {dag.py:2742} INFO - Sync 2 DAGs
[2024-02-25T12:56:22.465+0000] {logging_mixin.py:150} INFO - [2024-02-25T12:56:22.465+0000] {dag.py:3508} INFO - Setting next_dagrun for example_subdag_operator.section-1 to None, run_after=None
[2024-02-25T12:56:22.465+0000] {logging_mixin.py:150} INFO - [2024-02-25T12:56:22.465+0000] {dag.py:3508} INFO - Setting next_dagrun for example_subdag_operator.section-2 to None, run_after=None
[2024-02-25T12:56:22.480+0000] {processor.py:179} INFO - Processing /home/airflow/.local/lib/python3.7/site-packages/airflow/example_dags/example_subdag_operator.py took 0.133 seconds
[2024-02-25T12:56:52.814+0000] {processor.py:157} INFO - Started process (PID=6857) to work on /home/airflow/.local/lib/python3.7/site-packages/airflow/example_dags/example_subdag_operator.py
[2024-02-25T12:56:52.815+0000] {processor.py:826} INFO - Processing file /home/airflow/.local/lib/python3.7/site-packages/airflow/example_dags/example_subdag_operator.py for tasks to queue
[2024-02-25T12:56:52.816+0000] {logging_mixin.py:150} INFO - [2024-02-25T12:56:52.816+0000] {dagbag.py:541} INFO - Filling up the DagBag from /home/airflow/.local/lib/python3.7/site-packages/airflow/example_dags/example_subdag_operator.py
[2024-02-25T12:56:52.884+0000] {processor.py:836} INFO - DAG(s) dict_keys(['example_subdag_operator.section-1', 'example_subdag_operator.section-2', 'example_subdag_operator']) retrieved from /home/airflow/.local/lib/python3.7/site-packages/airflow/example_dags/example_subdag_operator.py
[2024-02-25T12:56:52.910+0000] {logging_mixin.py:150} INFO - [2024-02-25T12:56:52.910+0000] {dag.py:2742} INFO - Sync 3 DAGs
[2024-02-25T12:56:52.941+0000] {logging_mixin.py:150} INFO - [2024-02-25T12:56:52.941+0000] {dag.py:3508} INFO - Setting next_dagrun for example_subdag_operator to 2022-01-01T00:00:00+00:00, run_after=2022-01-01T00:00:00+00:00
[2024-02-25T12:56:52.947+0000] {logging_mixin.py:150} INFO - [2024-02-25T12:56:52.947+0000] {dag.py:3508} INFO - Setting next_dagrun for example_subdag_operator.section-1 to None, run_after=None
[2024-02-25T12:56:52.949+0000] {logging_mixin.py:150} INFO - [2024-02-25T12:56:52.948+0000] {dag.py:3508} INFO - Setting next_dagrun for example_subdag_operator.section-2 to None, run_after=None
[2024-02-25T12:56:52.962+0000] {logging_mixin.py:150} INFO - [2024-02-25T12:56:52.961+0000] {dag.py:2742} INFO - Sync 2 DAGs
[2024-02-25T12:56:52.972+0000] {logging_mixin.py:150} INFO - [2024-02-25T12:56:52.972+0000] {dag.py:3508} INFO - Setting next_dagrun for example_subdag_operator.section-1 to None, run_after=None
[2024-02-25T12:56:52.973+0000] {logging_mixin.py:150} INFO - [2024-02-25T12:56:52.973+0000] {dag.py:3508} INFO - Setting next_dagrun for example_subdag_operator.section-2 to None, run_after=None
[2024-02-25T12:56:52.991+0000] {processor.py:179} INFO - Processing /home/airflow/.local/lib/python3.7/site-packages/airflow/example_dags/example_subdag_operator.py took 0.181 seconds
