[2024-02-25T12:43:03.336+0000] {processor.py:157} INFO - Started process (PID=358) to work on /home/airflow/.local/lib/python3.7/site-packages/airflow/example_dags/example_dag_decorator.py
[2024-02-25T12:43:03.337+0000] {processor.py:826} INFO - Processing file /home/airflow/.local/lib/python3.7/site-packages/airflow/example_dags/example_dag_decorator.py for tasks to queue
[2024-02-25T12:43:03.338+0000] {logging_mixin.py:150} INFO - [2024-02-25T12:43:03.338+0000] {dagbag.py:541} INFO - Filling up the DagBag from /home/airflow/.local/lib/python3.7/site-packages/airflow/example_dags/example_dag_decorator.py
[2024-02-25T12:43:03.358+0000] {processor.py:836} INFO - DAG(s) dict_keys(['example_dag_decorator']) retrieved from /home/airflow/.local/lib/python3.7/site-packages/airflow/example_dags/example_dag_decorator.py
[2024-02-25T12:43:03.373+0000] {logging_mixin.py:150} INFO - [2024-02-25T12:43:03.372+0000] {dag.py:2742} INFO - Sync 1 DAGs
[2024-02-25T12:43:03.401+0000] {logging_mixin.py:150} INFO - [2024-02-25T12:43:03.401+0000] {dag.py:3508} INFO - Setting next_dagrun for example_dag_decorator to None, run_after=None
[2024-02-25T12:43:03.424+0000] {processor.py:179} INFO - Processing /home/airflow/.local/lib/python3.7/site-packages/airflow/example_dags/example_dag_decorator.py took 0.093 seconds
[2024-02-25T12:43:34.307+0000] {processor.py:157} INFO - Started process (PID=596) to work on /home/airflow/.local/lib/python3.7/site-packages/airflow/example_dags/example_dag_decorator.py
[2024-02-25T12:43:34.308+0000] {processor.py:826} INFO - Processing file /home/airflow/.local/lib/python3.7/site-packages/airflow/example_dags/example_dag_decorator.py for tasks to queue
[2024-02-25T12:43:34.309+0000] {logging_mixin.py:150} INFO - [2024-02-25T12:43:34.309+0000] {dagbag.py:541} INFO - Filling up the DagBag from /home/airflow/.local/lib/python3.7/site-packages/airflow/example_dags/example_dag_decorator.py
[2024-02-25T12:43:34.329+0000] {processor.py:836} INFO - DAG(s) dict_keys(['example_dag_decorator']) retrieved from /home/airflow/.local/lib/python3.7/site-packages/airflow/example_dags/example_dag_decorator.py
[2024-02-25T12:43:34.491+0000] {logging_mixin.py:150} INFO - [2024-02-25T12:43:34.490+0000] {dag.py:2742} INFO - Sync 1 DAGs
[2024-02-25T12:43:34.526+0000] {logging_mixin.py:150} INFO - [2024-02-25T12:43:34.526+0000] {dag.py:3508} INFO - Setting next_dagrun for example_dag_decorator to None, run_after=None
[2024-02-25T12:43:34.560+0000] {processor.py:179} INFO - Processing /home/airflow/.local/lib/python3.7/site-packages/airflow/example_dags/example_dag_decorator.py took 0.256 seconds
[2024-02-25T12:44:05.672+0000] {processor.py:157} INFO - Started process (PID=840) to work on /home/airflow/.local/lib/python3.7/site-packages/airflow/example_dags/example_dag_decorator.py
[2024-02-25T12:44:05.673+0000] {processor.py:826} INFO - Processing file /home/airflow/.local/lib/python3.7/site-packages/airflow/example_dags/example_dag_decorator.py for tasks to queue
[2024-02-25T12:44:05.674+0000] {logging_mixin.py:150} INFO - [2024-02-25T12:44:05.673+0000] {dagbag.py:541} INFO - Filling up the DagBag from /home/airflow/.local/lib/python3.7/site-packages/airflow/example_dags/example_dag_decorator.py
[2024-02-25T12:44:05.690+0000] {processor.py:836} INFO - DAG(s) dict_keys(['example_dag_decorator']) retrieved from /home/airflow/.local/lib/python3.7/site-packages/airflow/example_dags/example_dag_decorator.py
[2024-02-25T12:44:05.705+0000] {logging_mixin.py:150} INFO - [2024-02-25T12:44:05.705+0000] {dag.py:2742} INFO - Sync 1 DAGs
[2024-02-25T12:44:05.738+0000] {logging_mixin.py:150} INFO - [2024-02-25T12:44:05.738+0000] {dag.py:3508} INFO - Setting next_dagrun for example_dag_decorator to None, run_after=None
[2024-02-25T12:44:05.763+0000] {processor.py:179} INFO - Processing /home/airflow/.local/lib/python3.7/site-packages/airflow/example_dags/example_dag_decorator.py took 0.095 seconds
[2024-02-25T12:44:36.490+0000] {processor.py:157} INFO - Started process (PID=1081) to work on /home/airflow/.local/lib/python3.7/site-packages/airflow/example_dags/example_dag_decorator.py
[2024-02-25T12:44:36.491+0000] {processor.py:826} INFO - Processing file /home/airflow/.local/lib/python3.7/site-packages/airflow/example_dags/example_dag_decorator.py for tasks to queue
[2024-02-25T12:44:36.492+0000] {logging_mixin.py:150} INFO - [2024-02-25T12:44:36.491+0000] {dagbag.py:541} INFO - Filling up the DagBag from /home/airflow/.local/lib/python3.7/site-packages/airflow/example_dags/example_dag_decorator.py
[2024-02-25T12:44:36.507+0000] {processor.py:836} INFO - DAG(s) dict_keys(['example_dag_decorator']) retrieved from /home/airflow/.local/lib/python3.7/site-packages/airflow/example_dags/example_dag_decorator.py
[2024-02-25T12:44:36.668+0000] {logging_mixin.py:150} INFO - [2024-02-25T12:44:36.668+0000] {dag.py:2742} INFO - Sync 1 DAGs
[2024-02-25T12:44:36.697+0000] {logging_mixin.py:150} INFO - [2024-02-25T12:44:36.697+0000] {dag.py:3508} INFO - Setting next_dagrun for example_dag_decorator to None, run_after=None
[2024-02-25T12:44:36.726+0000] {processor.py:179} INFO - Processing /home/airflow/.local/lib/python3.7/site-packages/airflow/example_dags/example_dag_decorator.py took 0.239 seconds
[2024-02-25T12:45:07.550+0000] {processor.py:157} INFO - Started process (PID=1320) to work on /home/airflow/.local/lib/python3.7/site-packages/airflow/example_dags/example_dag_decorator.py
[2024-02-25T12:45:07.551+0000] {processor.py:826} INFO - Processing file /home/airflow/.local/lib/python3.7/site-packages/airflow/example_dags/example_dag_decorator.py for tasks to queue
[2024-02-25T12:45:07.552+0000] {logging_mixin.py:150} INFO - [2024-02-25T12:45:07.551+0000] {dagbag.py:541} INFO - Filling up the DagBag from /home/airflow/.local/lib/python3.7/site-packages/airflow/example_dags/example_dag_decorator.py
[2024-02-25T12:45:07.570+0000] {processor.py:836} INFO - DAG(s) dict_keys(['example_dag_decorator']) retrieved from /home/airflow/.local/lib/python3.7/site-packages/airflow/example_dags/example_dag_decorator.py
[2024-02-25T12:45:07.770+0000] {logging_mixin.py:150} INFO - [2024-02-25T12:45:07.770+0000] {dag.py:2742} INFO - Sync 1 DAGs
[2024-02-25T12:45:07.806+0000] {logging_mixin.py:150} INFO - [2024-02-25T12:45:07.806+0000] {dag.py:3508} INFO - Setting next_dagrun for example_dag_decorator to None, run_after=None
[2024-02-25T12:45:07.834+0000] {processor.py:179} INFO - Processing /home/airflow/.local/lib/python3.7/site-packages/airflow/example_dags/example_dag_decorator.py took 0.289 seconds
[2024-02-25T12:45:38.059+0000] {processor.py:157} INFO - Started process (PID=1568) to work on /home/airflow/.local/lib/python3.7/site-packages/airflow/example_dags/example_dag_decorator.py
[2024-02-25T12:45:38.060+0000] {processor.py:826} INFO - Processing file /home/airflow/.local/lib/python3.7/site-packages/airflow/example_dags/example_dag_decorator.py for tasks to queue
[2024-02-25T12:45:38.061+0000] {logging_mixin.py:150} INFO - [2024-02-25T12:45:38.061+0000] {dagbag.py:541} INFO - Filling up the DagBag from /home/airflow/.local/lib/python3.7/site-packages/airflow/example_dags/example_dag_decorator.py
[2024-02-25T12:45:38.082+0000] {processor.py:836} INFO - DAG(s) dict_keys(['example_dag_decorator']) retrieved from /home/airflow/.local/lib/python3.7/site-packages/airflow/example_dags/example_dag_decorator.py
[2024-02-25T12:45:38.290+0000] {logging_mixin.py:150} INFO - [2024-02-25T12:45:38.289+0000] {dag.py:2742} INFO - Sync 1 DAGs
[2024-02-25T12:45:38.328+0000] {logging_mixin.py:150} INFO - [2024-02-25T12:45:38.328+0000] {dag.py:3508} INFO - Setting next_dagrun for example_dag_decorator to None, run_after=None
[2024-02-25T12:45:38.360+0000] {processor.py:179} INFO - Processing /home/airflow/.local/lib/python3.7/site-packages/airflow/example_dags/example_dag_decorator.py took 0.305 seconds
[2024-02-25T12:46:08.607+0000] {processor.py:157} INFO - Started process (PID=1809) to work on /home/airflow/.local/lib/python3.7/site-packages/airflow/example_dags/example_dag_decorator.py
[2024-02-25T12:46:08.609+0000] {processor.py:826} INFO - Processing file /home/airflow/.local/lib/python3.7/site-packages/airflow/example_dags/example_dag_decorator.py for tasks to queue
[2024-02-25T12:46:08.610+0000] {logging_mixin.py:150} INFO - [2024-02-25T12:46:08.609+0000] {dagbag.py:541} INFO - Filling up the DagBag from /home/airflow/.local/lib/python3.7/site-packages/airflow/example_dags/example_dag_decorator.py
[2024-02-25T12:46:08.629+0000] {processor.py:836} INFO - DAG(s) dict_keys(['example_dag_decorator']) retrieved from /home/airflow/.local/lib/python3.7/site-packages/airflow/example_dags/example_dag_decorator.py
[2024-02-25T12:46:08.825+0000] {logging_mixin.py:150} INFO - [2024-02-25T12:46:08.825+0000] {dag.py:2742} INFO - Sync 1 DAGs
[2024-02-25T12:46:08.869+0000] {logging_mixin.py:150} INFO - [2024-02-25T12:46:08.868+0000] {dag.py:3508} INFO - Setting next_dagrun for example_dag_decorator to None, run_after=None
[2024-02-25T12:46:08.903+0000] {processor.py:179} INFO - Processing /home/airflow/.local/lib/python3.7/site-packages/airflow/example_dags/example_dag_decorator.py took 0.300 seconds
[2024-02-25T12:46:39.045+0000] {processor.py:157} INFO - Started process (PID=2050) to work on /home/airflow/.local/lib/python3.7/site-packages/airflow/example_dags/example_dag_decorator.py
[2024-02-25T12:46:39.046+0000] {processor.py:826} INFO - Processing file /home/airflow/.local/lib/python3.7/site-packages/airflow/example_dags/example_dag_decorator.py for tasks to queue
[2024-02-25T12:46:39.048+0000] {logging_mixin.py:150} INFO - [2024-02-25T12:46:39.047+0000] {dagbag.py:541} INFO - Filling up the DagBag from /home/airflow/.local/lib/python3.7/site-packages/airflow/example_dags/example_dag_decorator.py
[2024-02-25T12:46:39.072+0000] {processor.py:836} INFO - DAG(s) dict_keys(['example_dag_decorator']) retrieved from /home/airflow/.local/lib/python3.7/site-packages/airflow/example_dags/example_dag_decorator.py
[2024-02-25T12:46:39.269+0000] {logging_mixin.py:150} INFO - [2024-02-25T12:46:39.268+0000] {dag.py:2742} INFO - Sync 1 DAGs
[2024-02-25T12:46:39.311+0000] {logging_mixin.py:150} INFO - [2024-02-25T12:46:39.311+0000] {dag.py:3508} INFO - Setting next_dagrun for example_dag_decorator to None, run_after=None
[2024-02-25T12:46:39.347+0000] {processor.py:179} INFO - Processing /home/airflow/.local/lib/python3.7/site-packages/airflow/example_dags/example_dag_decorator.py took 0.310 seconds
[2024-02-25T12:47:10.262+0000] {processor.py:157} INFO - Started process (PID=2291) to work on /home/airflow/.local/lib/python3.7/site-packages/airflow/example_dags/example_dag_decorator.py
[2024-02-25T12:47:10.263+0000] {processor.py:826} INFO - Processing file /home/airflow/.local/lib/python3.7/site-packages/airflow/example_dags/example_dag_decorator.py for tasks to queue
[2024-02-25T12:47:10.265+0000] {logging_mixin.py:150} INFO - [2024-02-25T12:47:10.264+0000] {dagbag.py:541} INFO - Filling up the DagBag from /home/airflow/.local/lib/python3.7/site-packages/airflow/example_dags/example_dag_decorator.py
[2024-02-25T12:47:10.288+0000] {processor.py:836} INFO - DAG(s) dict_keys(['example_dag_decorator']) retrieved from /home/airflow/.local/lib/python3.7/site-packages/airflow/example_dags/example_dag_decorator.py
[2024-02-25T12:47:10.544+0000] {logging_mixin.py:150} INFO - [2024-02-25T12:47:10.544+0000] {dag.py:2742} INFO - Sync 1 DAGs
[2024-02-25T12:47:10.596+0000] {logging_mixin.py:150} INFO - [2024-02-25T12:47:10.595+0000] {dag.py:3508} INFO - Setting next_dagrun for example_dag_decorator to None, run_after=None
[2024-02-25T12:47:10.636+0000] {processor.py:179} INFO - Processing /home/airflow/.local/lib/python3.7/site-packages/airflow/example_dags/example_dag_decorator.py took 0.378 seconds
[2024-02-25T12:47:41.287+0000] {processor.py:157} INFO - Started process (PID=2534) to work on /home/airflow/.local/lib/python3.7/site-packages/airflow/example_dags/example_dag_decorator.py
[2024-02-25T12:47:41.288+0000] {processor.py:826} INFO - Processing file /home/airflow/.local/lib/python3.7/site-packages/airflow/example_dags/example_dag_decorator.py for tasks to queue
[2024-02-25T12:47:41.289+0000] {logging_mixin.py:150} INFO - [2024-02-25T12:47:41.288+0000] {dagbag.py:541} INFO - Filling up the DagBag from /home/airflow/.local/lib/python3.7/site-packages/airflow/example_dags/example_dag_decorator.py
[2024-02-25T12:47:41.301+0000] {processor.py:836} INFO - DAG(s) dict_keys(['example_dag_decorator']) retrieved from /home/airflow/.local/lib/python3.7/site-packages/airflow/example_dags/example_dag_decorator.py
[2024-02-25T12:47:41.425+0000] {logging_mixin.py:150} INFO - [2024-02-25T12:47:41.424+0000] {dag.py:2742} INFO - Sync 1 DAGs
[2024-02-25T12:47:41.448+0000] {logging_mixin.py:150} INFO - [2024-02-25T12:47:41.447+0000] {dag.py:3508} INFO - Setting next_dagrun for example_dag_decorator to None, run_after=None
[2024-02-25T12:47:41.468+0000] {processor.py:179} INFO - Processing /home/airflow/.local/lib/python3.7/site-packages/airflow/example_dags/example_dag_decorator.py took 0.185 seconds
[2024-02-25T12:48:11.887+0000] {processor.py:157} INFO - Started process (PID=2775) to work on /home/airflow/.local/lib/python3.7/site-packages/airflow/example_dags/example_dag_decorator.py
[2024-02-25T12:48:11.888+0000] {processor.py:826} INFO - Processing file /home/airflow/.local/lib/python3.7/site-packages/airflow/example_dags/example_dag_decorator.py for tasks to queue
[2024-02-25T12:48:11.889+0000] {logging_mixin.py:150} INFO - [2024-02-25T12:48:11.889+0000] {dagbag.py:541} INFO - Filling up the DagBag from /home/airflow/.local/lib/python3.7/site-packages/airflow/example_dags/example_dag_decorator.py
[2024-02-25T12:48:11.909+0000] {processor.py:836} INFO - DAG(s) dict_keys(['example_dag_decorator']) retrieved from /home/airflow/.local/lib/python3.7/site-packages/airflow/example_dags/example_dag_decorator.py
[2024-02-25T12:48:12.091+0000] {logging_mixin.py:150} INFO - [2024-02-25T12:48:12.091+0000] {dag.py:2742} INFO - Sync 1 DAGs
[2024-02-25T12:48:12.121+0000] {logging_mixin.py:150} INFO - [2024-02-25T12:48:12.120+0000] {dag.py:3508} INFO - Setting next_dagrun for example_dag_decorator to None, run_after=None
[2024-02-25T12:48:12.151+0000] {processor.py:179} INFO - Processing /home/airflow/.local/lib/python3.7/site-packages/airflow/example_dags/example_dag_decorator.py took 0.269 seconds
[2024-02-25T12:48:42.453+0000] {processor.py:157} INFO - Started process (PID=3015) to work on /home/airflow/.local/lib/python3.7/site-packages/airflow/example_dags/example_dag_decorator.py
[2024-02-25T12:48:42.454+0000] {processor.py:826} INFO - Processing file /home/airflow/.local/lib/python3.7/site-packages/airflow/example_dags/example_dag_decorator.py for tasks to queue
[2024-02-25T12:48:42.456+0000] {logging_mixin.py:150} INFO - [2024-02-25T12:48:42.455+0000] {dagbag.py:541} INFO - Filling up the DagBag from /home/airflow/.local/lib/python3.7/site-packages/airflow/example_dags/example_dag_decorator.py
[2024-02-25T12:48:42.477+0000] {processor.py:836} INFO - DAG(s) dict_keys(['example_dag_decorator']) retrieved from /home/airflow/.local/lib/python3.7/site-packages/airflow/example_dags/example_dag_decorator.py
[2024-02-25T12:48:42.673+0000] {logging_mixin.py:150} INFO - [2024-02-25T12:48:42.673+0000] {dag.py:2742} INFO - Sync 1 DAGs
[2024-02-25T12:48:42.716+0000] {logging_mixin.py:150} INFO - [2024-02-25T12:48:42.716+0000] {dag.py:3508} INFO - Setting next_dagrun for example_dag_decorator to None, run_after=None
[2024-02-25T12:48:42.746+0000] {processor.py:179} INFO - Processing /home/airflow/.local/lib/python3.7/site-packages/airflow/example_dags/example_dag_decorator.py took 0.298 seconds
[2024-02-25T12:49:12.910+0000] {processor.py:157} INFO - Started process (PID=3261) to work on /home/airflow/.local/lib/python3.7/site-packages/airflow/example_dags/example_dag_decorator.py
[2024-02-25T12:49:12.914+0000] {processor.py:826} INFO - Processing file /home/airflow/.local/lib/python3.7/site-packages/airflow/example_dags/example_dag_decorator.py for tasks to queue
[2024-02-25T12:49:12.915+0000] {logging_mixin.py:150} INFO - [2024-02-25T12:49:12.914+0000] {dagbag.py:541} INFO - Filling up the DagBag from /home/airflow/.local/lib/python3.7/site-packages/airflow/example_dags/example_dag_decorator.py
[2024-02-25T12:49:12.940+0000] {processor.py:836} INFO - DAG(s) dict_keys(['example_dag_decorator']) retrieved from /home/airflow/.local/lib/python3.7/site-packages/airflow/example_dags/example_dag_decorator.py
[2024-02-25T12:49:13.238+0000] {logging_mixin.py:150} INFO - [2024-02-25T12:49:13.238+0000] {dag.py:2742} INFO - Sync 1 DAGs
[2024-02-25T12:49:13.344+0000] {logging_mixin.py:150} INFO - [2024-02-25T12:49:13.344+0000] {dag.py:3508} INFO - Setting next_dagrun for example_dag_decorator to None, run_after=None
[2024-02-25T12:49:13.394+0000] {processor.py:179} INFO - Processing /home/airflow/.local/lib/python3.7/site-packages/airflow/example_dags/example_dag_decorator.py took 0.490 seconds
[2024-02-25T12:49:43.838+0000] {processor.py:157} INFO - Started process (PID=3502) to work on /home/airflow/.local/lib/python3.7/site-packages/airflow/example_dags/example_dag_decorator.py
[2024-02-25T12:49:43.839+0000] {processor.py:826} INFO - Processing file /home/airflow/.local/lib/python3.7/site-packages/airflow/example_dags/example_dag_decorator.py for tasks to queue
[2024-02-25T12:49:43.840+0000] {logging_mixin.py:150} INFO - [2024-02-25T12:49:43.840+0000] {dagbag.py:541} INFO - Filling up the DagBag from /home/airflow/.local/lib/python3.7/site-packages/airflow/example_dags/example_dag_decorator.py
[2024-02-25T12:49:43.856+0000] {processor.py:836} INFO - DAG(s) dict_keys(['example_dag_decorator']) retrieved from /home/airflow/.local/lib/python3.7/site-packages/airflow/example_dags/example_dag_decorator.py
[2024-02-25T12:49:44.028+0000] {logging_mixin.py:150} INFO - [2024-02-25T12:49:44.027+0000] {dag.py:2742} INFO - Sync 1 DAGs
[2024-02-25T12:49:44.059+0000] {logging_mixin.py:150} INFO - [2024-02-25T12:49:44.059+0000] {dag.py:3508} INFO - Setting next_dagrun for example_dag_decorator to None, run_after=None
[2024-02-25T12:49:44.087+0000] {processor.py:179} INFO - Processing /home/airflow/.local/lib/python3.7/site-packages/airflow/example_dags/example_dag_decorator.py took 0.253 seconds
[2024-02-25T12:50:14.687+0000] {processor.py:157} INFO - Started process (PID=3738) to work on /home/airflow/.local/lib/python3.7/site-packages/airflow/example_dags/example_dag_decorator.py
[2024-02-25T12:50:14.689+0000] {processor.py:826} INFO - Processing file /home/airflow/.local/lib/python3.7/site-packages/airflow/example_dags/example_dag_decorator.py for tasks to queue
[2024-02-25T12:50:14.689+0000] {logging_mixin.py:150} INFO - [2024-02-25T12:50:14.689+0000] {dagbag.py:541} INFO - Filling up the DagBag from /home/airflow/.local/lib/python3.7/site-packages/airflow/example_dags/example_dag_decorator.py
[2024-02-25T12:50:14.708+0000] {processor.py:836} INFO - DAG(s) dict_keys(['example_dag_decorator']) retrieved from /home/airflow/.local/lib/python3.7/site-packages/airflow/example_dags/example_dag_decorator.py
[2024-02-25T12:50:14.878+0000] {logging_mixin.py:150} INFO - [2024-02-25T12:50:14.878+0000] {dag.py:2742} INFO - Sync 1 DAGs
[2024-02-25T12:50:14.910+0000] {logging_mixin.py:150} INFO - [2024-02-25T12:50:14.910+0000] {dag.py:3508} INFO - Setting next_dagrun for example_dag_decorator to None, run_after=None
[2024-02-25T12:50:14.945+0000] {processor.py:179} INFO - Processing /home/airflow/.local/lib/python3.7/site-packages/airflow/example_dags/example_dag_decorator.py took 0.262 seconds
[2024-02-25T12:50:45.568+0000] {processor.py:157} INFO - Started process (PID=3979) to work on /home/airflow/.local/lib/python3.7/site-packages/airflow/example_dags/example_dag_decorator.py
[2024-02-25T12:50:45.569+0000] {processor.py:826} INFO - Processing file /home/airflow/.local/lib/python3.7/site-packages/airflow/example_dags/example_dag_decorator.py for tasks to queue
[2024-02-25T12:50:45.570+0000] {logging_mixin.py:150} INFO - [2024-02-25T12:50:45.570+0000] {dagbag.py:541} INFO - Filling up the DagBag from /home/airflow/.local/lib/python3.7/site-packages/airflow/example_dags/example_dag_decorator.py
[2024-02-25T12:50:45.592+0000] {processor.py:836} INFO - DAG(s) dict_keys(['example_dag_decorator']) retrieved from /home/airflow/.local/lib/python3.7/site-packages/airflow/example_dags/example_dag_decorator.py
[2024-02-25T12:50:45.776+0000] {logging_mixin.py:150} INFO - [2024-02-25T12:50:45.776+0000] {dag.py:2742} INFO - Sync 1 DAGs
[2024-02-25T12:50:45.803+0000] {logging_mixin.py:150} INFO - [2024-02-25T12:50:45.803+0000] {dag.py:3508} INFO - Setting next_dagrun for example_dag_decorator to None, run_after=None
[2024-02-25T12:50:45.838+0000] {processor.py:179} INFO - Processing /home/airflow/.local/lib/python3.7/site-packages/airflow/example_dags/example_dag_decorator.py took 0.275 seconds
[2024-02-25T12:51:16.685+0000] {processor.py:157} INFO - Started process (PID=4220) to work on /home/airflow/.local/lib/python3.7/site-packages/airflow/example_dags/example_dag_decorator.py
[2024-02-25T12:51:16.686+0000] {processor.py:826} INFO - Processing file /home/airflow/.local/lib/python3.7/site-packages/airflow/example_dags/example_dag_decorator.py for tasks to queue
[2024-02-25T12:51:16.687+0000] {logging_mixin.py:150} INFO - [2024-02-25T12:51:16.687+0000] {dagbag.py:541} INFO - Filling up the DagBag from /home/airflow/.local/lib/python3.7/site-packages/airflow/example_dags/example_dag_decorator.py
[2024-02-25T12:51:16.702+0000] {processor.py:836} INFO - DAG(s) dict_keys(['example_dag_decorator']) retrieved from /home/airflow/.local/lib/python3.7/site-packages/airflow/example_dags/example_dag_decorator.py
[2024-02-25T12:51:16.856+0000] {logging_mixin.py:150} INFO - [2024-02-25T12:51:16.855+0000] {dag.py:2742} INFO - Sync 1 DAGs
[2024-02-25T12:51:16.894+0000] {logging_mixin.py:150} INFO - [2024-02-25T12:51:16.894+0000] {dag.py:3508} INFO - Setting next_dagrun for example_dag_decorator to None, run_after=None
[2024-02-25T12:51:16.924+0000] {processor.py:179} INFO - Processing /home/airflow/.local/lib/python3.7/site-packages/airflow/example_dags/example_dag_decorator.py took 0.244 seconds
[2024-02-25T12:51:47.503+0000] {processor.py:157} INFO - Started process (PID=4461) to work on /home/airflow/.local/lib/python3.7/site-packages/airflow/example_dags/example_dag_decorator.py
[2024-02-25T12:51:47.504+0000] {processor.py:826} INFO - Processing file /home/airflow/.local/lib/python3.7/site-packages/airflow/example_dags/example_dag_decorator.py for tasks to queue
[2024-02-25T12:51:47.504+0000] {logging_mixin.py:150} INFO - [2024-02-25T12:51:47.504+0000] {dagbag.py:541} INFO - Filling up the DagBag from /home/airflow/.local/lib/python3.7/site-packages/airflow/example_dags/example_dag_decorator.py
[2024-02-25T12:51:47.518+0000] {processor.py:836} INFO - DAG(s) dict_keys(['example_dag_decorator']) retrieved from /home/airflow/.local/lib/python3.7/site-packages/airflow/example_dags/example_dag_decorator.py
[2024-02-25T12:51:47.665+0000] {logging_mixin.py:150} INFO - [2024-02-25T12:51:47.664+0000] {dag.py:2742} INFO - Sync 1 DAGs
[2024-02-25T12:51:47.703+0000] {logging_mixin.py:150} INFO - [2024-02-25T12:51:47.702+0000] {dag.py:3508} INFO - Setting next_dagrun for example_dag_decorator to None, run_after=None
[2024-02-25T12:51:47.731+0000] {processor.py:179} INFO - Processing /home/airflow/.local/lib/python3.7/site-packages/airflow/example_dags/example_dag_decorator.py took 0.232 seconds
[2024-02-25T12:52:18.027+0000] {processor.py:157} INFO - Started process (PID=4702) to work on /home/airflow/.local/lib/python3.7/site-packages/airflow/example_dags/example_dag_decorator.py
[2024-02-25T12:52:18.028+0000] {processor.py:826} INFO - Processing file /home/airflow/.local/lib/python3.7/site-packages/airflow/example_dags/example_dag_decorator.py for tasks to queue
[2024-02-25T12:52:18.029+0000] {logging_mixin.py:150} INFO - [2024-02-25T12:52:18.029+0000] {dagbag.py:541} INFO - Filling up the DagBag from /home/airflow/.local/lib/python3.7/site-packages/airflow/example_dags/example_dag_decorator.py
[2024-02-25T12:52:18.068+0000] {processor.py:836} INFO - DAG(s) dict_keys(['example_dag_decorator']) retrieved from /home/airflow/.local/lib/python3.7/site-packages/airflow/example_dags/example_dag_decorator.py
[2024-02-25T12:52:18.391+0000] {logging_mixin.py:150} INFO - [2024-02-25T12:52:18.390+0000] {dag.py:2742} INFO - Sync 1 DAGs
[2024-02-25T12:52:18.444+0000] {logging_mixin.py:150} INFO - [2024-02-25T12:52:18.444+0000] {dag.py:3508} INFO - Setting next_dagrun for example_dag_decorator to None, run_after=None
[2024-02-25T12:52:18.482+0000] {processor.py:179} INFO - Processing /home/airflow/.local/lib/python3.7/site-packages/airflow/example_dags/example_dag_decorator.py took 0.459 seconds
[2024-02-25T12:52:48.813+0000] {processor.py:157} INFO - Started process (PID=4945) to work on /home/airflow/.local/lib/python3.7/site-packages/airflow/example_dags/example_dag_decorator.py
[2024-02-25T12:52:48.814+0000] {processor.py:826} INFO - Processing file /home/airflow/.local/lib/python3.7/site-packages/airflow/example_dags/example_dag_decorator.py for tasks to queue
[2024-02-25T12:52:48.815+0000] {logging_mixin.py:150} INFO - [2024-02-25T12:52:48.815+0000] {dagbag.py:541} INFO - Filling up the DagBag from /home/airflow/.local/lib/python3.7/site-packages/airflow/example_dags/example_dag_decorator.py
[2024-02-25T12:52:48.835+0000] {processor.py:836} INFO - DAG(s) dict_keys(['example_dag_decorator']) retrieved from /home/airflow/.local/lib/python3.7/site-packages/airflow/example_dags/example_dag_decorator.py
[2024-02-25T12:52:48.987+0000] {logging_mixin.py:150} INFO - [2024-02-25T12:52:48.987+0000] {dag.py:2742} INFO - Sync 1 DAGs
[2024-02-25T12:52:49.012+0000] {logging_mixin.py:150} INFO - [2024-02-25T12:52:49.012+0000] {dag.py:3508} INFO - Setting next_dagrun for example_dag_decorator to None, run_after=None
[2024-02-25T12:52:49.037+0000] {processor.py:179} INFO - Processing /home/airflow/.local/lib/python3.7/site-packages/airflow/example_dags/example_dag_decorator.py took 0.229 seconds
[2024-02-25T12:53:19.751+0000] {processor.py:157} INFO - Started process (PID=5184) to work on /home/airflow/.local/lib/python3.7/site-packages/airflow/example_dags/example_dag_decorator.py
[2024-02-25T12:53:19.752+0000] {processor.py:826} INFO - Processing file /home/airflow/.local/lib/python3.7/site-packages/airflow/example_dags/example_dag_decorator.py for tasks to queue
[2024-02-25T12:53:19.753+0000] {logging_mixin.py:150} INFO - [2024-02-25T12:53:19.753+0000] {dagbag.py:541} INFO - Filling up the DagBag from /home/airflow/.local/lib/python3.7/site-packages/airflow/example_dags/example_dag_decorator.py
[2024-02-25T12:53:19.772+0000] {processor.py:836} INFO - DAG(s) dict_keys(['example_dag_decorator']) retrieved from /home/airflow/.local/lib/python3.7/site-packages/airflow/example_dags/example_dag_decorator.py
[2024-02-25T12:53:19.912+0000] {logging_mixin.py:150} INFO - [2024-02-25T12:53:19.912+0000] {dag.py:2742} INFO - Sync 1 DAGs
[2024-02-25T12:53:19.938+0000] {logging_mixin.py:150} INFO - [2024-02-25T12:53:19.938+0000] {dag.py:3508} INFO - Setting next_dagrun for example_dag_decorator to None, run_after=None
[2024-02-25T12:53:19.962+0000] {processor.py:179} INFO - Processing /home/airflow/.local/lib/python3.7/site-packages/airflow/example_dags/example_dag_decorator.py took 0.215 seconds
[2024-02-25T12:53:50.764+0000] {processor.py:157} INFO - Started process (PID=5425) to work on /home/airflow/.local/lib/python3.7/site-packages/airflow/example_dags/example_dag_decorator.py
[2024-02-25T12:53:50.765+0000] {processor.py:826} INFO - Processing file /home/airflow/.local/lib/python3.7/site-packages/airflow/example_dags/example_dag_decorator.py for tasks to queue
[2024-02-25T12:53:50.766+0000] {logging_mixin.py:150} INFO - [2024-02-25T12:53:50.766+0000] {dagbag.py:541} INFO - Filling up the DagBag from /home/airflow/.local/lib/python3.7/site-packages/airflow/example_dags/example_dag_decorator.py
[2024-02-25T12:53:50.780+0000] {processor.py:836} INFO - DAG(s) dict_keys(['example_dag_decorator']) retrieved from /home/airflow/.local/lib/python3.7/site-packages/airflow/example_dags/example_dag_decorator.py
[2024-02-25T12:53:50.952+0000] {logging_mixin.py:150} INFO - [2024-02-25T12:53:50.951+0000] {dag.py:2742} INFO - Sync 1 DAGs
[2024-02-25T12:53:51.002+0000] {logging_mixin.py:150} INFO - [2024-02-25T12:53:51.002+0000] {dag.py:3508} INFO - Setting next_dagrun for example_dag_decorator to None, run_after=None
[2024-02-25T12:53:51.040+0000] {processor.py:179} INFO - Processing /home/airflow/.local/lib/python3.7/site-packages/airflow/example_dags/example_dag_decorator.py took 0.280 seconds
[2024-02-25T12:54:21.459+0000] {processor.py:157} INFO - Started process (PID=5673) to work on /home/airflow/.local/lib/python3.7/site-packages/airflow/example_dags/example_dag_decorator.py
[2024-02-25T12:54:21.460+0000] {processor.py:826} INFO - Processing file /home/airflow/.local/lib/python3.7/site-packages/airflow/example_dags/example_dag_decorator.py for tasks to queue
[2024-02-25T12:54:21.460+0000] {logging_mixin.py:150} INFO - [2024-02-25T12:54:21.460+0000] {dagbag.py:541} INFO - Filling up the DagBag from /home/airflow/.local/lib/python3.7/site-packages/airflow/example_dags/example_dag_decorator.py
[2024-02-25T12:54:21.475+0000] {processor.py:836} INFO - DAG(s) dict_keys(['example_dag_decorator']) retrieved from /home/airflow/.local/lib/python3.7/site-packages/airflow/example_dags/example_dag_decorator.py
[2024-02-25T12:54:21.613+0000] {logging_mixin.py:150} INFO - [2024-02-25T12:54:21.613+0000] {dag.py:2742} INFO - Sync 1 DAGs
[2024-02-25T12:54:21.639+0000] {logging_mixin.py:150} INFO - [2024-02-25T12:54:21.639+0000] {dag.py:3508} INFO - Setting next_dagrun for example_dag_decorator to None, run_after=None
[2024-02-25T12:54:21.664+0000] {processor.py:179} INFO - Processing /home/airflow/.local/lib/python3.7/site-packages/airflow/example_dags/example_dag_decorator.py took 0.208 seconds
[2024-02-25T12:54:52.026+0000] {processor.py:157} INFO - Started process (PID=5913) to work on /home/airflow/.local/lib/python3.7/site-packages/airflow/example_dags/example_dag_decorator.py
[2024-02-25T12:54:52.027+0000] {processor.py:826} INFO - Processing file /home/airflow/.local/lib/python3.7/site-packages/airflow/example_dags/example_dag_decorator.py for tasks to queue
[2024-02-25T12:54:52.027+0000] {logging_mixin.py:150} INFO - [2024-02-25T12:54:52.027+0000] {dagbag.py:541} INFO - Filling up the DagBag from /home/airflow/.local/lib/python3.7/site-packages/airflow/example_dags/example_dag_decorator.py
[2024-02-25T12:54:52.041+0000] {processor.py:836} INFO - DAG(s) dict_keys(['example_dag_decorator']) retrieved from /home/airflow/.local/lib/python3.7/site-packages/airflow/example_dags/example_dag_decorator.py
[2024-02-25T12:54:52.266+0000] {logging_mixin.py:150} INFO - [2024-02-25T12:54:52.266+0000] {dag.py:2742} INFO - Sync 1 DAGs
[2024-02-25T12:54:52.293+0000] {logging_mixin.py:150} INFO - [2024-02-25T12:54:52.292+0000] {dag.py:3508} INFO - Setting next_dagrun for example_dag_decorator to None, run_after=None
[2024-02-25T12:54:52.316+0000] {processor.py:179} INFO - Processing /home/airflow/.local/lib/python3.7/site-packages/airflow/example_dags/example_dag_decorator.py took 0.295 seconds
[2024-02-25T12:55:22.639+0000] {processor.py:157} INFO - Started process (PID=6154) to work on /home/airflow/.local/lib/python3.7/site-packages/airflow/example_dags/example_dag_decorator.py
[2024-02-25T12:55:22.640+0000] {processor.py:826} INFO - Processing file /home/airflow/.local/lib/python3.7/site-packages/airflow/example_dags/example_dag_decorator.py for tasks to queue
[2024-02-25T12:55:22.642+0000] {logging_mixin.py:150} INFO - [2024-02-25T12:55:22.641+0000] {dagbag.py:541} INFO - Filling up the DagBag from /home/airflow/.local/lib/python3.7/site-packages/airflow/example_dags/example_dag_decorator.py
[2024-02-25T12:55:22.662+0000] {processor.py:836} INFO - DAG(s) dict_keys(['example_dag_decorator']) retrieved from /home/airflow/.local/lib/python3.7/site-packages/airflow/example_dags/example_dag_decorator.py
[2024-02-25T12:55:22.849+0000] {logging_mixin.py:150} INFO - [2024-02-25T12:55:22.849+0000] {dag.py:2742} INFO - Sync 1 DAGs
[2024-02-25T12:55:22.875+0000] {logging_mixin.py:150} INFO - [2024-02-25T12:55:22.875+0000] {dag.py:3508} INFO - Setting next_dagrun for example_dag_decorator to None, run_after=None
[2024-02-25T12:55:22.899+0000] {processor.py:179} INFO - Processing /home/airflow/.local/lib/python3.7/site-packages/airflow/example_dags/example_dag_decorator.py took 0.267 seconds
[2024-02-25T12:55:53.491+0000] {processor.py:157} INFO - Started process (PID=6395) to work on /home/airflow/.local/lib/python3.7/site-packages/airflow/example_dags/example_dag_decorator.py
[2024-02-25T12:55:53.492+0000] {processor.py:826} INFO - Processing file /home/airflow/.local/lib/python3.7/site-packages/airflow/example_dags/example_dag_decorator.py for tasks to queue
[2024-02-25T12:55:53.493+0000] {logging_mixin.py:150} INFO - [2024-02-25T12:55:53.493+0000] {dagbag.py:541} INFO - Filling up the DagBag from /home/airflow/.local/lib/python3.7/site-packages/airflow/example_dags/example_dag_decorator.py
[2024-02-25T12:55:53.508+0000] {processor.py:836} INFO - DAG(s) dict_keys(['example_dag_decorator']) retrieved from /home/airflow/.local/lib/python3.7/site-packages/airflow/example_dags/example_dag_decorator.py
[2024-02-25T12:55:53.659+0000] {logging_mixin.py:150} INFO - [2024-02-25T12:55:53.659+0000] {dag.py:2742} INFO - Sync 1 DAGs
[2024-02-25T12:55:53.689+0000] {logging_mixin.py:150} INFO - [2024-02-25T12:55:53.689+0000] {dag.py:3508} INFO - Setting next_dagrun for example_dag_decorator to None, run_after=None
[2024-02-25T12:55:53.715+0000] {processor.py:179} INFO - Processing /home/airflow/.local/lib/python3.7/site-packages/airflow/example_dags/example_dag_decorator.py took 0.227 seconds
[2024-02-25T12:56:23.756+0000] {processor.py:157} INFO - Started process (PID=6633) to work on /home/airflow/.local/lib/python3.7/site-packages/airflow/example_dags/example_dag_decorator.py
[2024-02-25T12:56:23.757+0000] {processor.py:826} INFO - Processing file /home/airflow/.local/lib/python3.7/site-packages/airflow/example_dags/example_dag_decorator.py for tasks to queue
[2024-02-25T12:56:23.757+0000] {logging_mixin.py:150} INFO - [2024-02-25T12:56:23.757+0000] {dagbag.py:541} INFO - Filling up the DagBag from /home/airflow/.local/lib/python3.7/site-packages/airflow/example_dags/example_dag_decorator.py
[2024-02-25T12:56:23.770+0000] {processor.py:836} INFO - DAG(s) dict_keys(['example_dag_decorator']) retrieved from /home/airflow/.local/lib/python3.7/site-packages/airflow/example_dags/example_dag_decorator.py
[2024-02-25T12:56:23.887+0000] {logging_mixin.py:150} INFO - [2024-02-25T12:56:23.886+0000] {dag.py:2742} INFO - Sync 1 DAGs
[2024-02-25T12:56:23.909+0000] {logging_mixin.py:150} INFO - [2024-02-25T12:56:23.908+0000] {dag.py:3508} INFO - Setting next_dagrun for example_dag_decorator to None, run_after=None
[2024-02-25T12:56:23.939+0000] {processor.py:179} INFO - Processing /home/airflow/.local/lib/python3.7/site-packages/airflow/example_dags/example_dag_decorator.py took 0.186 seconds
[2024-02-25T12:56:54.041+0000] {processor.py:157} INFO - Started process (PID=6874) to work on /home/airflow/.local/lib/python3.7/site-packages/airflow/example_dags/example_dag_decorator.py
[2024-02-25T12:56:54.042+0000] {processor.py:826} INFO - Processing file /home/airflow/.local/lib/python3.7/site-packages/airflow/example_dags/example_dag_decorator.py for tasks to queue
[2024-02-25T12:56:54.042+0000] {logging_mixin.py:150} INFO - [2024-02-25T12:56:54.042+0000] {dagbag.py:541} INFO - Filling up the DagBag from /home/airflow/.local/lib/python3.7/site-packages/airflow/example_dags/example_dag_decorator.py
[2024-02-25T12:56:54.055+0000] {processor.py:836} INFO - DAG(s) dict_keys(['example_dag_decorator']) retrieved from /home/airflow/.local/lib/python3.7/site-packages/airflow/example_dags/example_dag_decorator.py
[2024-02-25T12:56:54.263+0000] {logging_mixin.py:150} INFO - [2024-02-25T12:56:54.263+0000] {dag.py:2742} INFO - Sync 1 DAGs
[2024-02-25T12:56:54.311+0000] {logging_mixin.py:150} INFO - [2024-02-25T12:56:54.310+0000] {dag.py:3508} INFO - Setting next_dagrun for example_dag_decorator to None, run_after=None
[2024-02-25T12:56:54.351+0000] {processor.py:179} INFO - Processing /home/airflow/.local/lib/python3.7/site-packages/airflow/example_dags/example_dag_decorator.py took 0.314 seconds
