[2024-02-25T12:43:02.773+0000] {processor.py:157} INFO - Started process (PID=331) to work on /home/airflow/.local/lib/python3.7/site-packages/airflow/example_dags/example_trigger_target_dag.py
[2024-02-25T12:43:02.774+0000] {processor.py:826} INFO - Processing file /home/airflow/.local/lib/python3.7/site-packages/airflow/example_dags/example_trigger_target_dag.py for tasks to queue
[2024-02-25T12:43:02.775+0000] {logging_mixin.py:150} INFO - [2024-02-25T12:43:02.774+0000] {dagbag.py:541} INFO - Filling up the DagBag from /home/airflow/.local/lib/python3.7/site-packages/airflow/example_dags/example_trigger_target_dag.py
[2024-02-25T12:43:02.785+0000] {processor.py:836} INFO - DAG(s) dict_keys(['example_trigger_target_dag']) retrieved from /home/airflow/.local/lib/python3.7/site-packages/airflow/example_dags/example_trigger_target_dag.py
[2024-02-25T12:43:02.801+0000] {logging_mixin.py:150} INFO - [2024-02-25T12:43:02.801+0000] {dag.py:2742} INFO - Sync 1 DAGs
[2024-02-25T12:43:02.845+0000] {logging_mixin.py:150} INFO - [2024-02-25T12:43:02.845+0000] {dag.py:3508} INFO - Setting next_dagrun for example_trigger_target_dag to None, run_after=None
[2024-02-25T12:43:02.875+0000] {processor.py:179} INFO - Processing /home/airflow/.local/lib/python3.7/site-packages/airflow/example_dags/example_trigger_target_dag.py took 0.107 seconds
[2024-02-25T12:43:33.714+0000] {processor.py:157} INFO - Started process (PID=571) to work on /home/airflow/.local/lib/python3.7/site-packages/airflow/example_dags/example_trigger_target_dag.py
[2024-02-25T12:43:33.715+0000] {processor.py:826} INFO - Processing file /home/airflow/.local/lib/python3.7/site-packages/airflow/example_dags/example_trigger_target_dag.py for tasks to queue
[2024-02-25T12:43:33.716+0000] {logging_mixin.py:150} INFO - [2024-02-25T12:43:33.716+0000] {dagbag.py:541} INFO - Filling up the DagBag from /home/airflow/.local/lib/python3.7/site-packages/airflow/example_dags/example_trigger_target_dag.py
[2024-02-25T12:43:33.723+0000] {processor.py:836} INFO - DAG(s) dict_keys(['example_trigger_target_dag']) retrieved from /home/airflow/.local/lib/python3.7/site-packages/airflow/example_dags/example_trigger_target_dag.py
[2024-02-25T12:43:33.755+0000] {logging_mixin.py:150} INFO - [2024-02-25T12:43:33.755+0000] {dag.py:2742} INFO - Sync 1 DAGs
[2024-02-25T12:43:33.795+0000] {logging_mixin.py:150} INFO - [2024-02-25T12:43:33.794+0000] {dag.py:3508} INFO - Setting next_dagrun for example_trigger_target_dag to None, run_after=None
[2024-02-25T12:43:33.830+0000] {processor.py:179} INFO - Processing /home/airflow/.local/lib/python3.7/site-packages/airflow/example_dags/example_trigger_target_dag.py took 0.120 seconds
[2024-02-25T12:44:04.798+0000] {processor.py:157} INFO - Started process (PID=813) to work on /home/airflow/.local/lib/python3.7/site-packages/airflow/example_dags/example_trigger_target_dag.py
[2024-02-25T12:44:04.800+0000] {processor.py:826} INFO - Processing file /home/airflow/.local/lib/python3.7/site-packages/airflow/example_dags/example_trigger_target_dag.py for tasks to queue
[2024-02-25T12:44:04.802+0000] {logging_mixin.py:150} INFO - [2024-02-25T12:44:04.801+0000] {dagbag.py:541} INFO - Filling up the DagBag from /home/airflow/.local/lib/python3.7/site-packages/airflow/example_dags/example_trigger_target_dag.py
[2024-02-25T12:44:04.810+0000] {processor.py:836} INFO - DAG(s) dict_keys(['example_trigger_target_dag']) retrieved from /home/airflow/.local/lib/python3.7/site-packages/airflow/example_dags/example_trigger_target_dag.py
[2024-02-25T12:44:04.833+0000] {logging_mixin.py:150} INFO - [2024-02-25T12:44:04.833+0000] {dag.py:2742} INFO - Sync 1 DAGs
[2024-02-25T12:44:04.898+0000] {logging_mixin.py:150} INFO - [2024-02-25T12:44:04.898+0000] {dag.py:3508} INFO - Setting next_dagrun for example_trigger_target_dag to None, run_after=None
[2024-02-25T12:44:04.946+0000] {processor.py:179} INFO - Processing /home/airflow/.local/lib/python3.7/site-packages/airflow/example_dags/example_trigger_target_dag.py took 0.154 seconds
[2024-02-25T12:44:35.643+0000] {processor.py:157} INFO - Started process (PID=1054) to work on /home/airflow/.local/lib/python3.7/site-packages/airflow/example_dags/example_trigger_target_dag.py
[2024-02-25T12:44:35.644+0000] {processor.py:826} INFO - Processing file /home/airflow/.local/lib/python3.7/site-packages/airflow/example_dags/example_trigger_target_dag.py for tasks to queue
[2024-02-25T12:44:35.644+0000] {logging_mixin.py:150} INFO - [2024-02-25T12:44:35.644+0000] {dagbag.py:541} INFO - Filling up the DagBag from /home/airflow/.local/lib/python3.7/site-packages/airflow/example_dags/example_trigger_target_dag.py
[2024-02-25T12:44:35.651+0000] {processor.py:836} INFO - DAG(s) dict_keys(['example_trigger_target_dag']) retrieved from /home/airflow/.local/lib/python3.7/site-packages/airflow/example_dags/example_trigger_target_dag.py
[2024-02-25T12:44:35.680+0000] {logging_mixin.py:150} INFO - [2024-02-25T12:44:35.680+0000] {dag.py:2742} INFO - Sync 1 DAGs
[2024-02-25T12:44:35.718+0000] {logging_mixin.py:150} INFO - [2024-02-25T12:44:35.718+0000] {dag.py:3508} INFO - Setting next_dagrun for example_trigger_target_dag to None, run_after=None
[2024-02-25T12:44:35.747+0000] {processor.py:179} INFO - Processing /home/airflow/.local/lib/python3.7/site-packages/airflow/example_dags/example_trigger_target_dag.py took 0.108 seconds
[2024-02-25T12:45:07.035+0000] {processor.py:157} INFO - Started process (PID=1295) to work on /home/airflow/.local/lib/python3.7/site-packages/airflow/example_dags/example_trigger_target_dag.py
[2024-02-25T12:45:07.036+0000] {processor.py:826} INFO - Processing file /home/airflow/.local/lib/python3.7/site-packages/airflow/example_dags/example_trigger_target_dag.py for tasks to queue
[2024-02-25T12:45:07.038+0000] {logging_mixin.py:150} INFO - [2024-02-25T12:45:07.037+0000] {dagbag.py:541} INFO - Filling up the DagBag from /home/airflow/.local/lib/python3.7/site-packages/airflow/example_dags/example_trigger_target_dag.py
[2024-02-25T12:45:07.046+0000] {processor.py:836} INFO - DAG(s) dict_keys(['example_trigger_target_dag']) retrieved from /home/airflow/.local/lib/python3.7/site-packages/airflow/example_dags/example_trigger_target_dag.py
[2024-02-25T12:45:07.075+0000] {logging_mixin.py:150} INFO - [2024-02-25T12:45:07.075+0000] {dag.py:2742} INFO - Sync 1 DAGs
[2024-02-25T12:45:07.115+0000] {logging_mixin.py:150} INFO - [2024-02-25T12:45:07.114+0000] {dag.py:3508} INFO - Setting next_dagrun for example_trigger_target_dag to None, run_after=None
[2024-02-25T12:45:07.142+0000] {processor.py:179} INFO - Processing /home/airflow/.local/lib/python3.7/site-packages/airflow/example_dags/example_trigger_target_dag.py took 0.112 seconds
[2024-02-25T12:45:37.280+0000] {processor.py:157} INFO - Started process (PID=1538) to work on /home/airflow/.local/lib/python3.7/site-packages/airflow/example_dags/example_trigger_target_dag.py
[2024-02-25T12:45:37.281+0000] {processor.py:826} INFO - Processing file /home/airflow/.local/lib/python3.7/site-packages/airflow/example_dags/example_trigger_target_dag.py for tasks to queue
[2024-02-25T12:45:37.282+0000] {logging_mixin.py:150} INFO - [2024-02-25T12:45:37.282+0000] {dagbag.py:541} INFO - Filling up the DagBag from /home/airflow/.local/lib/python3.7/site-packages/airflow/example_dags/example_trigger_target_dag.py
[2024-02-25T12:45:37.291+0000] {processor.py:836} INFO - DAG(s) dict_keys(['example_trigger_target_dag']) retrieved from /home/airflow/.local/lib/python3.7/site-packages/airflow/example_dags/example_trigger_target_dag.py
[2024-02-25T12:45:37.327+0000] {logging_mixin.py:150} INFO - [2024-02-25T12:45:37.327+0000] {dag.py:2742} INFO - Sync 1 DAGs
[2024-02-25T12:45:37.382+0000] {logging_mixin.py:150} INFO - [2024-02-25T12:45:37.381+0000] {dag.py:3508} INFO - Setting next_dagrun for example_trigger_target_dag to None, run_after=None
[2024-02-25T12:45:37.410+0000] {processor.py:179} INFO - Processing /home/airflow/.local/lib/python3.7/site-packages/airflow/example_dags/example_trigger_target_dag.py took 0.134 seconds
[2024-02-25T12:46:07.858+0000] {processor.py:157} INFO - Started process (PID=1779) to work on /home/airflow/.local/lib/python3.7/site-packages/airflow/example_dags/example_trigger_target_dag.py
[2024-02-25T12:46:07.860+0000] {processor.py:826} INFO - Processing file /home/airflow/.local/lib/python3.7/site-packages/airflow/example_dags/example_trigger_target_dag.py for tasks to queue
[2024-02-25T12:46:07.861+0000] {logging_mixin.py:150} INFO - [2024-02-25T12:46:07.861+0000] {dagbag.py:541} INFO - Filling up the DagBag from /home/airflow/.local/lib/python3.7/site-packages/airflow/example_dags/example_trigger_target_dag.py
[2024-02-25T12:46:07.868+0000] {processor.py:836} INFO - DAG(s) dict_keys(['example_trigger_target_dag']) retrieved from /home/airflow/.local/lib/python3.7/site-packages/airflow/example_dags/example_trigger_target_dag.py
[2024-02-25T12:46:07.918+0000] {logging_mixin.py:150} INFO - [2024-02-25T12:46:07.918+0000] {dag.py:2742} INFO - Sync 1 DAGs
[2024-02-25T12:46:07.971+0000] {logging_mixin.py:150} INFO - [2024-02-25T12:46:07.971+0000] {dag.py:3508} INFO - Setting next_dagrun for example_trigger_target_dag to None, run_after=None
[2024-02-25T12:46:08.008+0000] {processor.py:179} INFO - Processing /home/airflow/.local/lib/python3.7/site-packages/airflow/example_dags/example_trigger_target_dag.py took 0.155 seconds
[2024-02-25T12:46:38.426+0000] {processor.py:157} INFO - Started process (PID=2020) to work on /home/airflow/.local/lib/python3.7/site-packages/airflow/example_dags/example_trigger_target_dag.py
[2024-02-25T12:46:38.427+0000] {processor.py:826} INFO - Processing file /home/airflow/.local/lib/python3.7/site-packages/airflow/example_dags/example_trigger_target_dag.py for tasks to queue
[2024-02-25T12:46:38.429+0000] {logging_mixin.py:150} INFO - [2024-02-25T12:46:38.429+0000] {dagbag.py:541} INFO - Filling up the DagBag from /home/airflow/.local/lib/python3.7/site-packages/airflow/example_dags/example_trigger_target_dag.py
[2024-02-25T12:46:38.435+0000] {processor.py:836} INFO - DAG(s) dict_keys(['example_trigger_target_dag']) retrieved from /home/airflow/.local/lib/python3.7/site-packages/airflow/example_dags/example_trigger_target_dag.py
[2024-02-25T12:46:38.467+0000] {logging_mixin.py:150} INFO - [2024-02-25T12:46:38.467+0000] {dag.py:2742} INFO - Sync 1 DAGs
[2024-02-25T12:46:38.514+0000] {logging_mixin.py:150} INFO - [2024-02-25T12:46:38.513+0000] {dag.py:3508} INFO - Setting next_dagrun for example_trigger_target_dag to None, run_after=None
[2024-02-25T12:46:38.546+0000] {processor.py:179} INFO - Processing /home/airflow/.local/lib/python3.7/site-packages/airflow/example_dags/example_trigger_target_dag.py took 0.125 seconds
[2024-02-25T12:47:09.544+0000] {processor.py:157} INFO - Started process (PID=2261) to work on /home/airflow/.local/lib/python3.7/site-packages/airflow/example_dags/example_trigger_target_dag.py
[2024-02-25T12:47:09.546+0000] {processor.py:826} INFO - Processing file /home/airflow/.local/lib/python3.7/site-packages/airflow/example_dags/example_trigger_target_dag.py for tasks to queue
[2024-02-25T12:47:09.548+0000] {logging_mixin.py:150} INFO - [2024-02-25T12:47:09.547+0000] {dagbag.py:541} INFO - Filling up the DagBag from /home/airflow/.local/lib/python3.7/site-packages/airflow/example_dags/example_trigger_target_dag.py
[2024-02-25T12:47:09.557+0000] {processor.py:836} INFO - DAG(s) dict_keys(['example_trigger_target_dag']) retrieved from /home/airflow/.local/lib/python3.7/site-packages/airflow/example_dags/example_trigger_target_dag.py
[2024-02-25T12:47:09.597+0000] {logging_mixin.py:150} INFO - [2024-02-25T12:47:09.597+0000] {dag.py:2742} INFO - Sync 1 DAGs
[2024-02-25T12:47:09.650+0000] {logging_mixin.py:150} INFO - [2024-02-25T12:47:09.650+0000] {dag.py:3508} INFO - Setting next_dagrun for example_trigger_target_dag to None, run_after=None
[2024-02-25T12:47:09.687+0000] {processor.py:179} INFO - Processing /home/airflow/.local/lib/python3.7/site-packages/airflow/example_dags/example_trigger_target_dag.py took 0.148 seconds
[2024-02-25T12:47:39.728+0000] {processor.py:157} INFO - Started process (PID=2502) to work on /home/airflow/.local/lib/python3.7/site-packages/airflow/example_dags/example_trigger_target_dag.py
[2024-02-25T12:47:39.729+0000] {processor.py:826} INFO - Processing file /home/airflow/.local/lib/python3.7/site-packages/airflow/example_dags/example_trigger_target_dag.py for tasks to queue
[2024-02-25T12:47:39.730+0000] {logging_mixin.py:150} INFO - [2024-02-25T12:47:39.730+0000] {dagbag.py:541} INFO - Filling up the DagBag from /home/airflow/.local/lib/python3.7/site-packages/airflow/example_dags/example_trigger_target_dag.py
[2024-02-25T12:47:39.736+0000] {processor.py:836} INFO - DAG(s) dict_keys(['example_trigger_target_dag']) retrieved from /home/airflow/.local/lib/python3.7/site-packages/airflow/example_dags/example_trigger_target_dag.py
[2024-02-25T12:47:39.757+0000] {logging_mixin.py:150} INFO - [2024-02-25T12:47:39.757+0000] {dag.py:2742} INFO - Sync 1 DAGs
[2024-02-25T12:47:39.781+0000] {logging_mixin.py:150} INFO - [2024-02-25T12:47:39.781+0000] {dag.py:3508} INFO - Setting next_dagrun for example_trigger_target_dag to None, run_after=None
[2024-02-25T12:47:39.801+0000] {processor.py:179} INFO - Processing /home/airflow/.local/lib/python3.7/site-packages/airflow/example_dags/example_trigger_target_dag.py took 0.078 seconds
[2024-02-25T12:48:10.112+0000] {processor.py:157} INFO - Started process (PID=2743) to work on /home/airflow/.local/lib/python3.7/site-packages/airflow/example_dags/example_trigger_target_dag.py
[2024-02-25T12:48:10.113+0000] {processor.py:826} INFO - Processing file /home/airflow/.local/lib/python3.7/site-packages/airflow/example_dags/example_trigger_target_dag.py for tasks to queue
[2024-02-25T12:48:10.114+0000] {logging_mixin.py:150} INFO - [2024-02-25T12:48:10.113+0000] {dagbag.py:541} INFO - Filling up the DagBag from /home/airflow/.local/lib/python3.7/site-packages/airflow/example_dags/example_trigger_target_dag.py
[2024-02-25T12:48:10.121+0000] {processor.py:836} INFO - DAG(s) dict_keys(['example_trigger_target_dag']) retrieved from /home/airflow/.local/lib/python3.7/site-packages/airflow/example_dags/example_trigger_target_dag.py
[2024-02-25T12:48:10.149+0000] {logging_mixin.py:150} INFO - [2024-02-25T12:48:10.149+0000] {dag.py:2742} INFO - Sync 1 DAGs
[2024-02-25T12:48:10.189+0000] {logging_mixin.py:150} INFO - [2024-02-25T12:48:10.189+0000] {dag.py:3508} INFO - Setting next_dagrun for example_trigger_target_dag to None, run_after=None
[2024-02-25T12:48:10.217+0000] {processor.py:179} INFO - Processing /home/airflow/.local/lib/python3.7/site-packages/airflow/example_dags/example_trigger_target_dag.py took 0.109 seconds
[2024-02-25T12:48:40.719+0000] {processor.py:157} INFO - Started process (PID=2985) to work on /home/airflow/.local/lib/python3.7/site-packages/airflow/example_dags/example_trigger_target_dag.py
[2024-02-25T12:48:40.721+0000] {processor.py:826} INFO - Processing file /home/airflow/.local/lib/python3.7/site-packages/airflow/example_dags/example_trigger_target_dag.py for tasks to queue
[2024-02-25T12:48:40.722+0000] {logging_mixin.py:150} INFO - [2024-02-25T12:48:40.722+0000] {dagbag.py:541} INFO - Filling up the DagBag from /home/airflow/.local/lib/python3.7/site-packages/airflow/example_dags/example_trigger_target_dag.py
[2024-02-25T12:48:40.727+0000] {processor.py:836} INFO - DAG(s) dict_keys(['example_trigger_target_dag']) retrieved from /home/airflow/.local/lib/python3.7/site-packages/airflow/example_dags/example_trigger_target_dag.py
[2024-02-25T12:48:40.759+0000] {logging_mixin.py:150} INFO - [2024-02-25T12:48:40.759+0000] {dag.py:2742} INFO - Sync 1 DAGs
[2024-02-25T12:48:40.790+0000] {logging_mixin.py:150} INFO - [2024-02-25T12:48:40.790+0000] {dag.py:3508} INFO - Setting next_dagrun for example_trigger_target_dag to None, run_after=None
[2024-02-25T12:48:40.830+0000] {processor.py:179} INFO - Processing /home/airflow/.local/lib/python3.7/site-packages/airflow/example_dags/example_trigger_target_dag.py took 0.116 seconds
[2024-02-25T12:49:11.968+0000] {processor.py:157} INFO - Started process (PID=3228) to work on /home/airflow/.local/lib/python3.7/site-packages/airflow/example_dags/example_trigger_target_dag.py
[2024-02-25T12:49:11.969+0000] {processor.py:826} INFO - Processing file /home/airflow/.local/lib/python3.7/site-packages/airflow/example_dags/example_trigger_target_dag.py for tasks to queue
[2024-02-25T12:49:11.971+0000] {logging_mixin.py:150} INFO - [2024-02-25T12:49:11.970+0000] {dagbag.py:541} INFO - Filling up the DagBag from /home/airflow/.local/lib/python3.7/site-packages/airflow/example_dags/example_trigger_target_dag.py
[2024-02-25T12:49:11.978+0000] {processor.py:836} INFO - DAG(s) dict_keys(['example_trigger_target_dag']) retrieved from /home/airflow/.local/lib/python3.7/site-packages/airflow/example_dags/example_trigger_target_dag.py
[2024-02-25T12:49:12.024+0000] {logging_mixin.py:150} INFO - [2024-02-25T12:49:12.024+0000] {dag.py:2742} INFO - Sync 1 DAGs
[2024-02-25T12:49:12.069+0000] {logging_mixin.py:150} INFO - [2024-02-25T12:49:12.069+0000] {dag.py:3508} INFO - Setting next_dagrun for example_trigger_target_dag to None, run_after=None
[2024-02-25T12:49:12.111+0000] {processor.py:179} INFO - Processing /home/airflow/.local/lib/python3.7/site-packages/airflow/example_dags/example_trigger_target_dag.py took 0.151 seconds
[2024-02-25T12:49:42.143+0000] {processor.py:157} INFO - Started process (PID=3467) to work on /home/airflow/.local/lib/python3.7/site-packages/airflow/example_dags/example_trigger_target_dag.py
[2024-02-25T12:49:42.144+0000] {processor.py:826} INFO - Processing file /home/airflow/.local/lib/python3.7/site-packages/airflow/example_dags/example_trigger_target_dag.py for tasks to queue
[2024-02-25T12:49:42.145+0000] {logging_mixin.py:150} INFO - [2024-02-25T12:49:42.144+0000] {dagbag.py:541} INFO - Filling up the DagBag from /home/airflow/.local/lib/python3.7/site-packages/airflow/example_dags/example_trigger_target_dag.py
[2024-02-25T12:49:42.152+0000] {processor.py:836} INFO - DAG(s) dict_keys(['example_trigger_target_dag']) retrieved from /home/airflow/.local/lib/python3.7/site-packages/airflow/example_dags/example_trigger_target_dag.py
[2024-02-25T12:49:42.179+0000] {logging_mixin.py:150} INFO - [2024-02-25T12:49:42.179+0000] {dag.py:2742} INFO - Sync 1 DAGs
[2024-02-25T12:49:42.209+0000] {logging_mixin.py:150} INFO - [2024-02-25T12:49:42.209+0000] {dag.py:3508} INFO - Setting next_dagrun for example_trigger_target_dag to None, run_after=None
[2024-02-25T12:49:42.234+0000] {processor.py:179} INFO - Processing /home/airflow/.local/lib/python3.7/site-packages/airflow/example_dags/example_trigger_target_dag.py took 0.095 seconds
[2024-02-25T12:50:13.186+0000] {processor.py:157} INFO - Started process (PID=3708) to work on /home/airflow/.local/lib/python3.7/site-packages/airflow/example_dags/example_trigger_target_dag.py
[2024-02-25T12:50:13.188+0000] {processor.py:826} INFO - Processing file /home/airflow/.local/lib/python3.7/site-packages/airflow/example_dags/example_trigger_target_dag.py for tasks to queue
[2024-02-25T12:50:13.188+0000] {logging_mixin.py:150} INFO - [2024-02-25T12:50:13.188+0000] {dagbag.py:541} INFO - Filling up the DagBag from /home/airflow/.local/lib/python3.7/site-packages/airflow/example_dags/example_trigger_target_dag.py
[2024-02-25T12:50:13.195+0000] {processor.py:836} INFO - DAG(s) dict_keys(['example_trigger_target_dag']) retrieved from /home/airflow/.local/lib/python3.7/site-packages/airflow/example_dags/example_trigger_target_dag.py
[2024-02-25T12:50:13.223+0000] {logging_mixin.py:150} INFO - [2024-02-25T12:50:13.223+0000] {dag.py:2742} INFO - Sync 1 DAGs
[2024-02-25T12:50:13.257+0000] {logging_mixin.py:150} INFO - [2024-02-25T12:50:13.257+0000] {dag.py:3508} INFO - Setting next_dagrun for example_trigger_target_dag to None, run_after=None
[2024-02-25T12:50:13.281+0000] {processor.py:179} INFO - Processing /home/airflow/.local/lib/python3.7/site-packages/airflow/example_dags/example_trigger_target_dag.py took 0.098 seconds
[2024-02-25T12:50:43.968+0000] {processor.py:157} INFO - Started process (PID=3949) to work on /home/airflow/.local/lib/python3.7/site-packages/airflow/example_dags/example_trigger_target_dag.py
[2024-02-25T12:50:43.969+0000] {processor.py:826} INFO - Processing file /home/airflow/.local/lib/python3.7/site-packages/airflow/example_dags/example_trigger_target_dag.py for tasks to queue
[2024-02-25T12:50:43.970+0000] {logging_mixin.py:150} INFO - [2024-02-25T12:50:43.970+0000] {dagbag.py:541} INFO - Filling up the DagBag from /home/airflow/.local/lib/python3.7/site-packages/airflow/example_dags/example_trigger_target_dag.py
[2024-02-25T12:50:43.976+0000] {processor.py:836} INFO - DAG(s) dict_keys(['example_trigger_target_dag']) retrieved from /home/airflow/.local/lib/python3.7/site-packages/airflow/example_dags/example_trigger_target_dag.py
[2024-02-25T12:50:44.003+0000] {logging_mixin.py:150} INFO - [2024-02-25T12:50:44.003+0000] {dag.py:2742} INFO - Sync 1 DAGs
[2024-02-25T12:50:44.042+0000] {logging_mixin.py:150} INFO - [2024-02-25T12:50:44.042+0000] {dag.py:3508} INFO - Setting next_dagrun for example_trigger_target_dag to None, run_after=None
[2024-02-25T12:50:44.073+0000] {processor.py:179} INFO - Processing /home/airflow/.local/lib/python3.7/site-packages/airflow/example_dags/example_trigger_target_dag.py took 0.110 seconds
[2024-02-25T12:51:14.243+0000] {processor.py:157} INFO - Started process (PID=4190) to work on /home/airflow/.local/lib/python3.7/site-packages/airflow/example_dags/example_trigger_target_dag.py
[2024-02-25T12:51:14.244+0000] {processor.py:826} INFO - Processing file /home/airflow/.local/lib/python3.7/site-packages/airflow/example_dags/example_trigger_target_dag.py for tasks to queue
[2024-02-25T12:51:14.245+0000] {logging_mixin.py:150} INFO - [2024-02-25T12:51:14.244+0000] {dagbag.py:541} INFO - Filling up the DagBag from /home/airflow/.local/lib/python3.7/site-packages/airflow/example_dags/example_trigger_target_dag.py
[2024-02-25T12:51:14.251+0000] {processor.py:836} INFO - DAG(s) dict_keys(['example_trigger_target_dag']) retrieved from /home/airflow/.local/lib/python3.7/site-packages/airflow/example_dags/example_trigger_target_dag.py
[2024-02-25T12:51:14.282+0000] {logging_mixin.py:150} INFO - [2024-02-25T12:51:14.282+0000] {dag.py:2742} INFO - Sync 1 DAGs
[2024-02-25T12:51:14.314+0000] {logging_mixin.py:150} INFO - [2024-02-25T12:51:14.314+0000] {dag.py:3508} INFO - Setting next_dagrun for example_trigger_target_dag to None, run_after=None
[2024-02-25T12:51:14.341+0000] {processor.py:179} INFO - Processing /home/airflow/.local/lib/python3.7/site-packages/airflow/example_dags/example_trigger_target_dag.py took 0.103 seconds
[2024-02-25T12:51:45.063+0000] {processor.py:157} INFO - Started process (PID=4431) to work on /home/airflow/.local/lib/python3.7/site-packages/airflow/example_dags/example_trigger_target_dag.py
[2024-02-25T12:51:45.064+0000] {processor.py:826} INFO - Processing file /home/airflow/.local/lib/python3.7/site-packages/airflow/example_dags/example_trigger_target_dag.py for tasks to queue
[2024-02-25T12:51:45.065+0000] {logging_mixin.py:150} INFO - [2024-02-25T12:51:45.064+0000] {dagbag.py:541} INFO - Filling up the DagBag from /home/airflow/.local/lib/python3.7/site-packages/airflow/example_dags/example_trigger_target_dag.py
[2024-02-25T12:51:45.071+0000] {processor.py:836} INFO - DAG(s) dict_keys(['example_trigger_target_dag']) retrieved from /home/airflow/.local/lib/python3.7/site-packages/airflow/example_dags/example_trigger_target_dag.py
[2024-02-25T12:51:45.098+0000] {logging_mixin.py:150} INFO - [2024-02-25T12:51:45.098+0000] {dag.py:2742} INFO - Sync 1 DAGs
[2024-02-25T12:51:45.134+0000] {logging_mixin.py:150} INFO - [2024-02-25T12:51:45.134+0000] {dag.py:3508} INFO - Setting next_dagrun for example_trigger_target_dag to None, run_after=None
[2024-02-25T12:51:45.161+0000] {processor.py:179} INFO - Processing /home/airflow/.local/lib/python3.7/site-packages/airflow/example_dags/example_trigger_target_dag.py took 0.102 seconds
[2024-02-25T12:52:15.630+0000] {processor.py:157} INFO - Started process (PID=4672) to work on /home/airflow/.local/lib/python3.7/site-packages/airflow/example_dags/example_trigger_target_dag.py
[2024-02-25T12:52:15.631+0000] {processor.py:826} INFO - Processing file /home/airflow/.local/lib/python3.7/site-packages/airflow/example_dags/example_trigger_target_dag.py for tasks to queue
[2024-02-25T12:52:15.633+0000] {logging_mixin.py:150} INFO - [2024-02-25T12:52:15.632+0000] {dagbag.py:541} INFO - Filling up the DagBag from /home/airflow/.local/lib/python3.7/site-packages/airflow/example_dags/example_trigger_target_dag.py
[2024-02-25T12:52:15.639+0000] {processor.py:836} INFO - DAG(s) dict_keys(['example_trigger_target_dag']) retrieved from /home/airflow/.local/lib/python3.7/site-packages/airflow/example_dags/example_trigger_target_dag.py
[2024-02-25T12:52:15.665+0000] {logging_mixin.py:150} INFO - [2024-02-25T12:52:15.665+0000] {dag.py:2742} INFO - Sync 1 DAGs
[2024-02-25T12:52:15.695+0000] {logging_mixin.py:150} INFO - [2024-02-25T12:52:15.694+0000] {dag.py:3508} INFO - Setting next_dagrun for example_trigger_target_dag to None, run_after=None
[2024-02-25T12:52:15.717+0000] {processor.py:179} INFO - Processing /home/airflow/.local/lib/python3.7/site-packages/airflow/example_dags/example_trigger_target_dag.py took 0.092 seconds
[2024-02-25T12:52:46.117+0000] {processor.py:157} INFO - Started process (PID=4913) to work on /home/airflow/.local/lib/python3.7/site-packages/airflow/example_dags/example_trigger_target_dag.py
[2024-02-25T12:52:46.118+0000] {processor.py:826} INFO - Processing file /home/airflow/.local/lib/python3.7/site-packages/airflow/example_dags/example_trigger_target_dag.py for tasks to queue
[2024-02-25T12:52:46.119+0000] {logging_mixin.py:150} INFO - [2024-02-25T12:52:46.119+0000] {dagbag.py:541} INFO - Filling up the DagBag from /home/airflow/.local/lib/python3.7/site-packages/airflow/example_dags/example_trigger_target_dag.py
[2024-02-25T12:52:46.124+0000] {processor.py:836} INFO - DAG(s) dict_keys(['example_trigger_target_dag']) retrieved from /home/airflow/.local/lib/python3.7/site-packages/airflow/example_dags/example_trigger_target_dag.py
[2024-02-25T12:52:46.149+0000] {logging_mixin.py:150} INFO - [2024-02-25T12:52:46.149+0000] {dag.py:2742} INFO - Sync 1 DAGs
[2024-02-25T12:52:46.177+0000] {logging_mixin.py:150} INFO - [2024-02-25T12:52:46.176+0000] {dag.py:3508} INFO - Setting next_dagrun for example_trigger_target_dag to None, run_after=None
[2024-02-25T12:52:46.201+0000] {processor.py:179} INFO - Processing /home/airflow/.local/lib/python3.7/site-packages/airflow/example_dags/example_trigger_target_dag.py took 0.087 seconds
[2024-02-25T12:53:17.377+0000] {processor.py:157} INFO - Started process (PID=5154) to work on /home/airflow/.local/lib/python3.7/site-packages/airflow/example_dags/example_trigger_target_dag.py
[2024-02-25T12:53:17.378+0000] {processor.py:826} INFO - Processing file /home/airflow/.local/lib/python3.7/site-packages/airflow/example_dags/example_trigger_target_dag.py for tasks to queue
[2024-02-25T12:53:17.379+0000] {logging_mixin.py:150} INFO - [2024-02-25T12:53:17.379+0000] {dagbag.py:541} INFO - Filling up the DagBag from /home/airflow/.local/lib/python3.7/site-packages/airflow/example_dags/example_trigger_target_dag.py
[2024-02-25T12:53:17.387+0000] {processor.py:836} INFO - DAG(s) dict_keys(['example_trigger_target_dag']) retrieved from /home/airflow/.local/lib/python3.7/site-packages/airflow/example_dags/example_trigger_target_dag.py
[2024-02-25T12:53:17.420+0000] {logging_mixin.py:150} INFO - [2024-02-25T12:53:17.420+0000] {dag.py:2742} INFO - Sync 1 DAGs
[2024-02-25T12:53:17.452+0000] {logging_mixin.py:150} INFO - [2024-02-25T12:53:17.452+0000] {dag.py:3508} INFO - Setting next_dagrun for example_trigger_target_dag to None, run_after=None
[2024-02-25T12:53:17.476+0000] {processor.py:179} INFO - Processing /home/airflow/.local/lib/python3.7/site-packages/airflow/example_dags/example_trigger_target_dag.py took 0.102 seconds
[2024-02-25T12:53:48.342+0000] {processor.py:157} INFO - Started process (PID=5395) to work on /home/airflow/.local/lib/python3.7/site-packages/airflow/example_dags/example_trigger_target_dag.py
[2024-02-25T12:53:48.343+0000] {processor.py:826} INFO - Processing file /home/airflow/.local/lib/python3.7/site-packages/airflow/example_dags/example_trigger_target_dag.py for tasks to queue
[2024-02-25T12:53:48.344+0000] {logging_mixin.py:150} INFO - [2024-02-25T12:53:48.344+0000] {dagbag.py:541} INFO - Filling up the DagBag from /home/airflow/.local/lib/python3.7/site-packages/airflow/example_dags/example_trigger_target_dag.py
[2024-02-25T12:53:48.350+0000] {processor.py:836} INFO - DAG(s) dict_keys(['example_trigger_target_dag']) retrieved from /home/airflow/.local/lib/python3.7/site-packages/airflow/example_dags/example_trigger_target_dag.py
[2024-02-25T12:53:48.389+0000] {logging_mixin.py:150} INFO - [2024-02-25T12:53:48.388+0000] {dag.py:2742} INFO - Sync 1 DAGs
[2024-02-25T12:53:48.434+0000] {logging_mixin.py:150} INFO - [2024-02-25T12:53:48.434+0000] {dag.py:3508} INFO - Setting next_dagrun for example_trigger_target_dag to None, run_after=None
[2024-02-25T12:53:48.470+0000] {processor.py:179} INFO - Processing /home/airflow/.local/lib/python3.7/site-packages/airflow/example_dags/example_trigger_target_dag.py took 0.132 seconds
[2024-02-25T12:54:19.080+0000] {processor.py:157} INFO - Started process (PID=5636) to work on /home/airflow/.local/lib/python3.7/site-packages/airflow/example_dags/example_trigger_target_dag.py
[2024-02-25T12:54:19.081+0000] {processor.py:826} INFO - Processing file /home/airflow/.local/lib/python3.7/site-packages/airflow/example_dags/example_trigger_target_dag.py for tasks to queue
[2024-02-25T12:54:19.082+0000] {logging_mixin.py:150} INFO - [2024-02-25T12:54:19.081+0000] {dagbag.py:541} INFO - Filling up the DagBag from /home/airflow/.local/lib/python3.7/site-packages/airflow/example_dags/example_trigger_target_dag.py
[2024-02-25T12:54:19.087+0000] {processor.py:836} INFO - DAG(s) dict_keys(['example_trigger_target_dag']) retrieved from /home/airflow/.local/lib/python3.7/site-packages/airflow/example_dags/example_trigger_target_dag.py
[2024-02-25T12:54:19.115+0000] {logging_mixin.py:150} INFO - [2024-02-25T12:54:19.115+0000] {dag.py:2742} INFO - Sync 1 DAGs
[2024-02-25T12:54:19.152+0000] {logging_mixin.py:150} INFO - [2024-02-25T12:54:19.152+0000] {dag.py:3508} INFO - Setting next_dagrun for example_trigger_target_dag to None, run_after=None
[2024-02-25T12:54:19.178+0000] {processor.py:179} INFO - Processing /home/airflow/.local/lib/python3.7/site-packages/airflow/example_dags/example_trigger_target_dag.py took 0.102 seconds
[2024-02-25T12:54:49.631+0000] {processor.py:157} INFO - Started process (PID=5877) to work on /home/airflow/.local/lib/python3.7/site-packages/airflow/example_dags/example_trigger_target_dag.py
[2024-02-25T12:54:49.631+0000] {processor.py:826} INFO - Processing file /home/airflow/.local/lib/python3.7/site-packages/airflow/example_dags/example_trigger_target_dag.py for tasks to queue
[2024-02-25T12:54:49.633+0000] {logging_mixin.py:150} INFO - [2024-02-25T12:54:49.632+0000] {dagbag.py:541} INFO - Filling up the DagBag from /home/airflow/.local/lib/python3.7/site-packages/airflow/example_dags/example_trigger_target_dag.py
[2024-02-25T12:54:49.638+0000] {processor.py:836} INFO - DAG(s) dict_keys(['example_trigger_target_dag']) retrieved from /home/airflow/.local/lib/python3.7/site-packages/airflow/example_dags/example_trigger_target_dag.py
[2024-02-25T12:54:49.672+0000] {logging_mixin.py:150} INFO - [2024-02-25T12:54:49.672+0000] {dag.py:2742} INFO - Sync 1 DAGs
[2024-02-25T12:54:49.717+0000] {logging_mixin.py:150} INFO - [2024-02-25T12:54:49.717+0000] {dag.py:3508} INFO - Setting next_dagrun for example_trigger_target_dag to None, run_after=None
[2024-02-25T12:54:49.741+0000] {processor.py:179} INFO - Processing /home/airflow/.local/lib/python3.7/site-packages/airflow/example_dags/example_trigger_target_dag.py took 0.115 seconds
[2024-02-25T12:55:20.256+0000] {processor.py:157} INFO - Started process (PID=6117) to work on /home/airflow/.local/lib/python3.7/site-packages/airflow/example_dags/example_trigger_target_dag.py
[2024-02-25T12:55:20.257+0000] {processor.py:826} INFO - Processing file /home/airflow/.local/lib/python3.7/site-packages/airflow/example_dags/example_trigger_target_dag.py for tasks to queue
[2024-02-25T12:55:20.258+0000] {logging_mixin.py:150} INFO - [2024-02-25T12:55:20.258+0000] {dagbag.py:541} INFO - Filling up the DagBag from /home/airflow/.local/lib/python3.7/site-packages/airflow/example_dags/example_trigger_target_dag.py
[2024-02-25T12:55:20.264+0000] {processor.py:836} INFO - DAG(s) dict_keys(['example_trigger_target_dag']) retrieved from /home/airflow/.local/lib/python3.7/site-packages/airflow/example_dags/example_trigger_target_dag.py
[2024-02-25T12:55:20.296+0000] {logging_mixin.py:150} INFO - [2024-02-25T12:55:20.296+0000] {dag.py:2742} INFO - Sync 1 DAGs
[2024-02-25T12:55:20.334+0000] {logging_mixin.py:150} INFO - [2024-02-25T12:55:20.334+0000] {dag.py:3508} INFO - Setting next_dagrun for example_trigger_target_dag to None, run_after=None
[2024-02-25T12:55:20.357+0000] {processor.py:179} INFO - Processing /home/airflow/.local/lib/python3.7/site-packages/airflow/example_dags/example_trigger_target_dag.py took 0.105 seconds
[2024-02-25T12:55:51.120+0000] {processor.py:157} INFO - Started process (PID=6358) to work on /home/airflow/.local/lib/python3.7/site-packages/airflow/example_dags/example_trigger_target_dag.py
[2024-02-25T12:55:51.121+0000] {processor.py:826} INFO - Processing file /home/airflow/.local/lib/python3.7/site-packages/airflow/example_dags/example_trigger_target_dag.py for tasks to queue
[2024-02-25T12:55:51.121+0000] {logging_mixin.py:150} INFO - [2024-02-25T12:55:51.121+0000] {dagbag.py:541} INFO - Filling up the DagBag from /home/airflow/.local/lib/python3.7/site-packages/airflow/example_dags/example_trigger_target_dag.py
[2024-02-25T12:55:51.128+0000] {processor.py:836} INFO - DAG(s) dict_keys(['example_trigger_target_dag']) retrieved from /home/airflow/.local/lib/python3.7/site-packages/airflow/example_dags/example_trigger_target_dag.py
[2024-02-25T12:55:51.159+0000] {logging_mixin.py:150} INFO - [2024-02-25T12:55:51.159+0000] {dag.py:2742} INFO - Sync 1 DAGs
[2024-02-25T12:55:51.191+0000] {logging_mixin.py:150} INFO - [2024-02-25T12:55:51.191+0000] {dag.py:3508} INFO - Setting next_dagrun for example_trigger_target_dag to None, run_after=None
[2024-02-25T12:55:51.215+0000] {processor.py:179} INFO - Processing /home/airflow/.local/lib/python3.7/site-packages/airflow/example_dags/example_trigger_target_dag.py took 0.099 seconds
[2024-02-25T12:56:22.236+0000] {processor.py:157} INFO - Started process (PID=6606) to work on /home/airflow/.local/lib/python3.7/site-packages/airflow/example_dags/example_trigger_target_dag.py
[2024-02-25T12:56:22.237+0000] {processor.py:826} INFO - Processing file /home/airflow/.local/lib/python3.7/site-packages/airflow/example_dags/example_trigger_target_dag.py for tasks to queue
[2024-02-25T12:56:22.238+0000] {logging_mixin.py:150} INFO - [2024-02-25T12:56:22.238+0000] {dagbag.py:541} INFO - Filling up the DagBag from /home/airflow/.local/lib/python3.7/site-packages/airflow/example_dags/example_trigger_target_dag.py
[2024-02-25T12:56:22.245+0000] {processor.py:836} INFO - DAG(s) dict_keys(['example_trigger_target_dag']) retrieved from /home/airflow/.local/lib/python3.7/site-packages/airflow/example_dags/example_trigger_target_dag.py
[2024-02-25T12:56:22.271+0000] {logging_mixin.py:150} INFO - [2024-02-25T12:56:22.271+0000] {dag.py:2742} INFO - Sync 1 DAGs
[2024-02-25T12:56:22.299+0000] {logging_mixin.py:150} INFO - [2024-02-25T12:56:22.299+0000] {dag.py:3508} INFO - Setting next_dagrun for example_trigger_target_dag to None, run_after=None
[2024-02-25T12:56:22.322+0000] {processor.py:179} INFO - Processing /home/airflow/.local/lib/python3.7/site-packages/airflow/example_dags/example_trigger_target_dag.py took 0.091 seconds
[2024-02-25T12:56:52.607+0000] {processor.py:157} INFO - Started process (PID=6847) to work on /home/airflow/.local/lib/python3.7/site-packages/airflow/example_dags/example_trigger_target_dag.py
[2024-02-25T12:56:52.608+0000] {processor.py:826} INFO - Processing file /home/airflow/.local/lib/python3.7/site-packages/airflow/example_dags/example_trigger_target_dag.py for tasks to queue
[2024-02-25T12:56:52.608+0000] {logging_mixin.py:150} INFO - [2024-02-25T12:56:52.608+0000] {dagbag.py:541} INFO - Filling up the DagBag from /home/airflow/.local/lib/python3.7/site-packages/airflow/example_dags/example_trigger_target_dag.py
[2024-02-25T12:56:52.615+0000] {processor.py:836} INFO - DAG(s) dict_keys(['example_trigger_target_dag']) retrieved from /home/airflow/.local/lib/python3.7/site-packages/airflow/example_dags/example_trigger_target_dag.py
[2024-02-25T12:56:52.651+0000] {logging_mixin.py:150} INFO - [2024-02-25T12:56:52.650+0000] {dag.py:2742} INFO - Sync 1 DAGs
[2024-02-25T12:56:52.710+0000] {logging_mixin.py:150} INFO - [2024-02-25T12:56:52.710+0000] {dag.py:3508} INFO - Setting next_dagrun for example_trigger_target_dag to None, run_after=None
[2024-02-25T12:56:52.757+0000] {processor.py:179} INFO - Processing /home/airflow/.local/lib/python3.7/site-packages/airflow/example_dags/example_trigger_target_dag.py took 0.153 seconds
