[2024-02-25T12:43:00.002+0000] {processor.py:157} INFO - Started process (PID=196) to work on /home/airflow/.local/lib/python3.7/site-packages/airflow/example_dags/example_skip_dag.py
[2024-02-25T12:43:00.003+0000] {processor.py:826} INFO - Processing file /home/airflow/.local/lib/python3.7/site-packages/airflow/example_dags/example_skip_dag.py for tasks to queue
[2024-02-25T12:43:00.004+0000] {logging_mixin.py:150} INFO - [2024-02-25T12:43:00.004+0000] {dagbag.py:541} INFO - Filling up the DagBag from /home/airflow/.local/lib/python3.7/site-packages/airflow/example_dags/example_skip_dag.py
[2024-02-25T12:43:00.015+0000] {processor.py:836} INFO - DAG(s) dict_keys(['example_skip_dag']) retrieved from /home/airflow/.local/lib/python3.7/site-packages/airflow/example_dags/example_skip_dag.py
[2024-02-25T12:43:00.030+0000] {logging_mixin.py:150} INFO - [2024-02-25T12:43:00.029+0000] {dag.py:2742} INFO - Sync 1 DAGs
[2024-02-25T12:43:00.078+0000] {logging_mixin.py:150} INFO - [2024-02-25T12:43:00.077+0000] {dag.py:3508} INFO - Setting next_dagrun for example_skip_dag to 2024-02-24T12:43:00.077596+00:00, run_after=2024-02-25T12:43:00.077596+00:00
[2024-02-25T12:43:00.105+0000] {processor.py:179} INFO - Processing /home/airflow/.local/lib/python3.7/site-packages/airflow/example_dags/example_skip_dag.py took 0.109 seconds
[2024-02-25T12:43:30.980+0000] {processor.py:157} INFO - Started process (PID=431) to work on /home/airflow/.local/lib/python3.7/site-packages/airflow/example_dags/example_skip_dag.py
[2024-02-25T12:43:30.980+0000] {processor.py:826} INFO - Processing file /home/airflow/.local/lib/python3.7/site-packages/airflow/example_dags/example_skip_dag.py for tasks to queue
[2024-02-25T12:43:30.981+0000] {logging_mixin.py:150} INFO - [2024-02-25T12:43:30.981+0000] {dagbag.py:541} INFO - Filling up the DagBag from /home/airflow/.local/lib/python3.7/site-packages/airflow/example_dags/example_skip_dag.py
[2024-02-25T12:43:30.988+0000] {processor.py:836} INFO - DAG(s) dict_keys(['example_skip_dag']) retrieved from /home/airflow/.local/lib/python3.7/site-packages/airflow/example_dags/example_skip_dag.py
[2024-02-25T12:43:31.022+0000] {logging_mixin.py:150} INFO - [2024-02-25T12:43:31.022+0000] {dag.py:2742} INFO - Sync 1 DAGs
[2024-02-25T12:43:31.061+0000] {logging_mixin.py:150} INFO - [2024-02-25T12:43:31.061+0000] {dag.py:3508} INFO - Setting next_dagrun for example_skip_dag to 2024-02-24T12:43:31.061293+00:00, run_after=2024-02-25T12:43:31.061293+00:00
[2024-02-25T12:43:31.087+0000] {processor.py:179} INFO - Processing /home/airflow/.local/lib/python3.7/site-packages/airflow/example_dags/example_skip_dag.py took 0.112 seconds
[2024-02-25T12:44:01.317+0000] {processor.py:157} INFO - Started process (PID=673) to work on /home/airflow/.local/lib/python3.7/site-packages/airflow/example_dags/example_skip_dag.py
[2024-02-25T12:44:01.322+0000] {processor.py:826} INFO - Processing file /home/airflow/.local/lib/python3.7/site-packages/airflow/example_dags/example_skip_dag.py for tasks to queue
[2024-02-25T12:44:01.337+0000] {logging_mixin.py:150} INFO - [2024-02-25T12:44:01.337+0000] {dagbag.py:541} INFO - Filling up the DagBag from /home/airflow/.local/lib/python3.7/site-packages/airflow/example_dags/example_skip_dag.py
[2024-02-25T12:44:01.363+0000] {processor.py:836} INFO - DAG(s) dict_keys(['example_skip_dag']) retrieved from /home/airflow/.local/lib/python3.7/site-packages/airflow/example_dags/example_skip_dag.py
[2024-02-25T12:44:01.383+0000] {logging_mixin.py:150} INFO - [2024-02-25T12:44:01.383+0000] {dag.py:2742} INFO - Sync 1 DAGs
[2024-02-25T12:44:01.454+0000] {logging_mixin.py:150} INFO - [2024-02-25T12:44:01.453+0000] {dag.py:3508} INFO - Setting next_dagrun for example_skip_dag to 2024-02-24T12:44:01.453576+00:00, run_after=2024-02-25T12:44:01.453576+00:00
[2024-02-25T12:44:01.499+0000] {processor.py:179} INFO - Processing /home/airflow/.local/lib/python3.7/site-packages/airflow/example_dags/example_skip_dag.py took 0.188 seconds
[2024-02-25T12:44:31.828+0000] {processor.py:157} INFO - Started process (PID=914) to work on /home/airflow/.local/lib/python3.7/site-packages/airflow/example_dags/example_skip_dag.py
[2024-02-25T12:44:31.832+0000] {processor.py:826} INFO - Processing file /home/airflow/.local/lib/python3.7/site-packages/airflow/example_dags/example_skip_dag.py for tasks to queue
[2024-02-25T12:44:31.833+0000] {logging_mixin.py:150} INFO - [2024-02-25T12:44:31.832+0000] {dagbag.py:541} INFO - Filling up the DagBag from /home/airflow/.local/lib/python3.7/site-packages/airflow/example_dags/example_skip_dag.py
[2024-02-25T12:44:31.849+0000] {processor.py:836} INFO - DAG(s) dict_keys(['example_skip_dag']) retrieved from /home/airflow/.local/lib/python3.7/site-packages/airflow/example_dags/example_skip_dag.py
[2024-02-25T12:44:31.898+0000] {logging_mixin.py:150} INFO - [2024-02-25T12:44:31.897+0000] {dag.py:2742} INFO - Sync 1 DAGs
[2024-02-25T12:44:31.939+0000] {logging_mixin.py:150} INFO - [2024-02-25T12:44:31.939+0000] {dag.py:3508} INFO - Setting next_dagrun for example_skip_dag to 2024-02-24T12:44:31.939102+00:00, run_after=2024-02-25T12:44:31.939102+00:00
[2024-02-25T12:44:31.970+0000] {processor.py:179} INFO - Processing /home/airflow/.local/lib/python3.7/site-packages/airflow/example_dags/example_skip_dag.py took 0.148 seconds
[2024-02-25T12:45:02.762+0000] {processor.py:157} INFO - Started process (PID=1155) to work on /home/airflow/.local/lib/python3.7/site-packages/airflow/example_dags/example_skip_dag.py
[2024-02-25T12:45:02.766+0000] {processor.py:826} INFO - Processing file /home/airflow/.local/lib/python3.7/site-packages/airflow/example_dags/example_skip_dag.py for tasks to queue
[2024-02-25T12:45:02.767+0000] {logging_mixin.py:150} INFO - [2024-02-25T12:45:02.767+0000] {dagbag.py:541} INFO - Filling up the DagBag from /home/airflow/.local/lib/python3.7/site-packages/airflow/example_dags/example_skip_dag.py
[2024-02-25T12:45:02.786+0000] {processor.py:836} INFO - DAG(s) dict_keys(['example_skip_dag']) retrieved from /home/airflow/.local/lib/python3.7/site-packages/airflow/example_dags/example_skip_dag.py
[2024-02-25T12:45:02.835+0000] {logging_mixin.py:150} INFO - [2024-02-25T12:45:02.835+0000] {dag.py:2742} INFO - Sync 1 DAGs
[2024-02-25T12:45:02.908+0000] {logging_mixin.py:150} INFO - [2024-02-25T12:45:02.907+0000] {dag.py:3508} INFO - Setting next_dagrun for example_skip_dag to 2024-02-24T12:45:02.907358+00:00, run_after=2024-02-25T12:45:02.907358+00:00
[2024-02-25T12:45:02.954+0000] {processor.py:179} INFO - Processing /home/airflow/.local/lib/python3.7/site-packages/airflow/example_dags/example_skip_dag.py took 0.200 seconds
[2024-02-25T12:45:33.387+0000] {processor.py:157} INFO - Started process (PID=1403) to work on /home/airflow/.local/lib/python3.7/site-packages/airflow/example_dags/example_skip_dag.py
[2024-02-25T12:45:33.391+0000] {processor.py:826} INFO - Processing file /home/airflow/.local/lib/python3.7/site-packages/airflow/example_dags/example_skip_dag.py for tasks to queue
[2024-02-25T12:45:33.392+0000] {logging_mixin.py:150} INFO - [2024-02-25T12:45:33.392+0000] {dagbag.py:541} INFO - Filling up the DagBag from /home/airflow/.local/lib/python3.7/site-packages/airflow/example_dags/example_skip_dag.py
[2024-02-25T12:45:33.405+0000] {processor.py:836} INFO - DAG(s) dict_keys(['example_skip_dag']) retrieved from /home/airflow/.local/lib/python3.7/site-packages/airflow/example_dags/example_skip_dag.py
[2024-02-25T12:45:33.443+0000] {logging_mixin.py:150} INFO - [2024-02-25T12:45:33.443+0000] {dag.py:2742} INFO - Sync 1 DAGs
[2024-02-25T12:45:33.475+0000] {logging_mixin.py:150} INFO - [2024-02-25T12:45:33.475+0000] {dag.py:3508} INFO - Setting next_dagrun for example_skip_dag to 2024-02-24T12:45:33.475110+00:00, run_after=2024-02-25T12:45:33.475110+00:00
[2024-02-25T12:45:33.511+0000] {processor.py:179} INFO - Processing /home/airflow/.local/lib/python3.7/site-packages/airflow/example_dags/example_skip_dag.py took 0.129 seconds
[2024-02-25T12:46:04.005+0000] {processor.py:157} INFO - Started process (PID=1644) to work on /home/airflow/.local/lib/python3.7/site-packages/airflow/example_dags/example_skip_dag.py
[2024-02-25T12:46:04.006+0000] {processor.py:826} INFO - Processing file /home/airflow/.local/lib/python3.7/site-packages/airflow/example_dags/example_skip_dag.py for tasks to queue
[2024-02-25T12:46:04.007+0000] {logging_mixin.py:150} INFO - [2024-02-25T12:46:04.007+0000] {dagbag.py:541} INFO - Filling up the DagBag from /home/airflow/.local/lib/python3.7/site-packages/airflow/example_dags/example_skip_dag.py
[2024-02-25T12:46:04.018+0000] {processor.py:836} INFO - DAG(s) dict_keys(['example_skip_dag']) retrieved from /home/airflow/.local/lib/python3.7/site-packages/airflow/example_dags/example_skip_dag.py
[2024-02-25T12:46:04.064+0000] {logging_mixin.py:150} INFO - [2024-02-25T12:46:04.064+0000] {dag.py:2742} INFO - Sync 1 DAGs
[2024-02-25T12:46:04.116+0000] {logging_mixin.py:150} INFO - [2024-02-25T12:46:04.116+0000] {dag.py:3508} INFO - Setting next_dagrun for example_skip_dag to 2024-02-24T12:46:04.115908+00:00, run_after=2024-02-25T12:46:04.115908+00:00
[2024-02-25T12:46:04.147+0000] {processor.py:179} INFO - Processing /home/airflow/.local/lib/python3.7/site-packages/airflow/example_dags/example_skip_dag.py took 0.147 seconds
[2024-02-25T12:46:34.541+0000] {processor.py:157} INFO - Started process (PID=1884) to work on /home/airflow/.local/lib/python3.7/site-packages/airflow/example_dags/example_skip_dag.py
[2024-02-25T12:46:34.542+0000] {processor.py:826} INFO - Processing file /home/airflow/.local/lib/python3.7/site-packages/airflow/example_dags/example_skip_dag.py for tasks to queue
[2024-02-25T12:46:34.543+0000] {logging_mixin.py:150} INFO - [2024-02-25T12:46:34.543+0000] {dagbag.py:541} INFO - Filling up the DagBag from /home/airflow/.local/lib/python3.7/site-packages/airflow/example_dags/example_skip_dag.py
[2024-02-25T12:46:34.557+0000] {processor.py:836} INFO - DAG(s) dict_keys(['example_skip_dag']) retrieved from /home/airflow/.local/lib/python3.7/site-packages/airflow/example_dags/example_skip_dag.py
[2024-02-25T12:46:34.614+0000] {logging_mixin.py:150} INFO - [2024-02-25T12:46:34.613+0000] {dag.py:2742} INFO - Sync 1 DAGs
[2024-02-25T12:46:34.680+0000] {logging_mixin.py:150} INFO - [2024-02-25T12:46:34.680+0000] {dag.py:3508} INFO - Setting next_dagrun for example_skip_dag to 2024-02-24T12:46:34.680189+00:00, run_after=2024-02-25T12:46:34.680189+00:00
[2024-02-25T12:46:34.722+0000] {processor.py:179} INFO - Processing /home/airflow/.local/lib/python3.7/site-packages/airflow/example_dags/example_skip_dag.py took 0.189 seconds
[2024-02-25T12:47:05.431+0000] {processor.py:157} INFO - Started process (PID=2126) to work on /home/airflow/.local/lib/python3.7/site-packages/airflow/example_dags/example_skip_dag.py
[2024-02-25T12:47:05.434+0000] {processor.py:826} INFO - Processing file /home/airflow/.local/lib/python3.7/site-packages/airflow/example_dags/example_skip_dag.py for tasks to queue
[2024-02-25T12:47:05.435+0000] {logging_mixin.py:150} INFO - [2024-02-25T12:47:05.435+0000] {dagbag.py:541} INFO - Filling up the DagBag from /home/airflow/.local/lib/python3.7/site-packages/airflow/example_dags/example_skip_dag.py
[2024-02-25T12:47:05.449+0000] {processor.py:836} INFO - DAG(s) dict_keys(['example_skip_dag']) retrieved from /home/airflow/.local/lib/python3.7/site-packages/airflow/example_dags/example_skip_dag.py
[2024-02-25T12:47:05.495+0000] {logging_mixin.py:150} INFO - [2024-02-25T12:47:05.494+0000] {dag.py:2742} INFO - Sync 1 DAGs
[2024-02-25T12:47:05.548+0000] {logging_mixin.py:150} INFO - [2024-02-25T12:47:05.548+0000] {dag.py:3508} INFO - Setting next_dagrun for example_skip_dag to 2024-02-24T12:47:05.548191+00:00, run_after=2024-02-25T12:47:05.548191+00:00
[2024-02-25T12:47:05.586+0000] {processor.py:179} INFO - Processing /home/airflow/.local/lib/python3.7/site-packages/airflow/example_dags/example_skip_dag.py took 0.163 seconds
[2024-02-25T12:47:36.551+0000] {processor.py:157} INFO - Started process (PID=2367) to work on /home/airflow/.local/lib/python3.7/site-packages/airflow/example_dags/example_skip_dag.py
[2024-02-25T12:47:36.552+0000] {processor.py:826} INFO - Processing file /home/airflow/.local/lib/python3.7/site-packages/airflow/example_dags/example_skip_dag.py for tasks to queue
[2024-02-25T12:47:36.553+0000] {logging_mixin.py:150} INFO - [2024-02-25T12:47:36.553+0000] {dagbag.py:541} INFO - Filling up the DagBag from /home/airflow/.local/lib/python3.7/site-packages/airflow/example_dags/example_skip_dag.py
[2024-02-25T12:47:36.563+0000] {processor.py:836} INFO - DAG(s) dict_keys(['example_skip_dag']) retrieved from /home/airflow/.local/lib/python3.7/site-packages/airflow/example_dags/example_skip_dag.py
[2024-02-25T12:47:36.594+0000] {logging_mixin.py:150} INFO - [2024-02-25T12:47:36.594+0000] {dag.py:2742} INFO - Sync 1 DAGs
[2024-02-25T12:47:36.630+0000] {logging_mixin.py:150} INFO - [2024-02-25T12:47:36.630+0000] {dag.py:3508} INFO - Setting next_dagrun for example_skip_dag to 2024-02-24T12:47:36.629771+00:00, run_after=2024-02-25T12:47:36.629771+00:00
[2024-02-25T12:47:36.659+0000] {processor.py:179} INFO - Processing /home/airflow/.local/lib/python3.7/site-packages/airflow/example_dags/example_skip_dag.py took 0.113 seconds
[2024-02-25T12:48:06.943+0000] {processor.py:157} INFO - Started process (PID=2608) to work on /home/airflow/.local/lib/python3.7/site-packages/airflow/example_dags/example_skip_dag.py
[2024-02-25T12:48:06.944+0000] {processor.py:826} INFO - Processing file /home/airflow/.local/lib/python3.7/site-packages/airflow/example_dags/example_skip_dag.py for tasks to queue
[2024-02-25T12:48:06.946+0000] {logging_mixin.py:150} INFO - [2024-02-25T12:48:06.945+0000] {dagbag.py:541} INFO - Filling up the DagBag from /home/airflow/.local/lib/python3.7/site-packages/airflow/example_dags/example_skip_dag.py
[2024-02-25T12:48:06.957+0000] {processor.py:836} INFO - DAG(s) dict_keys(['example_skip_dag']) retrieved from /home/airflow/.local/lib/python3.7/site-packages/airflow/example_dags/example_skip_dag.py
[2024-02-25T12:48:07.005+0000] {logging_mixin.py:150} INFO - [2024-02-25T12:48:07.004+0000] {dag.py:2742} INFO - Sync 1 DAGs
[2024-02-25T12:48:07.048+0000] {logging_mixin.py:150} INFO - [2024-02-25T12:48:07.048+0000] {dag.py:3508} INFO - Setting next_dagrun for example_skip_dag to 2024-02-24T12:48:07.047785+00:00, run_after=2024-02-25T12:48:07.047785+00:00
[2024-02-25T12:48:07.071+0000] {processor.py:179} INFO - Processing /home/airflow/.local/lib/python3.7/site-packages/airflow/example_dags/example_skip_dag.py took 0.132 seconds
[2024-02-25T12:48:37.543+0000] {processor.py:157} INFO - Started process (PID=2850) to work on /home/airflow/.local/lib/python3.7/site-packages/airflow/example_dags/example_skip_dag.py
[2024-02-25T12:48:37.546+0000] {processor.py:826} INFO - Processing file /home/airflow/.local/lib/python3.7/site-packages/airflow/example_dags/example_skip_dag.py for tasks to queue
[2024-02-25T12:48:37.549+0000] {logging_mixin.py:150} INFO - [2024-02-25T12:48:37.548+0000] {dagbag.py:541} INFO - Filling up the DagBag from /home/airflow/.local/lib/python3.7/site-packages/airflow/example_dags/example_skip_dag.py
[2024-02-25T12:48:37.575+0000] {processor.py:836} INFO - DAG(s) dict_keys(['example_skip_dag']) retrieved from /home/airflow/.local/lib/python3.7/site-packages/airflow/example_dags/example_skip_dag.py
[2024-02-25T12:48:37.619+0000] {logging_mixin.py:150} INFO - [2024-02-25T12:48:37.619+0000] {dag.py:2742} INFO - Sync 1 DAGs
[2024-02-25T12:48:37.659+0000] {logging_mixin.py:150} INFO - [2024-02-25T12:48:37.658+0000] {dag.py:3508} INFO - Setting next_dagrun for example_skip_dag to 2024-02-24T12:48:37.658471+00:00, run_after=2024-02-25T12:48:37.658471+00:00
[2024-02-25T12:48:37.690+0000] {processor.py:179} INFO - Processing /home/airflow/.local/lib/python3.7/site-packages/airflow/example_dags/example_skip_dag.py took 0.160 seconds
[2024-02-25T12:49:08.207+0000] {processor.py:157} INFO - Started process (PID=3091) to work on /home/airflow/.local/lib/python3.7/site-packages/airflow/example_dags/example_skip_dag.py
[2024-02-25T12:49:08.209+0000] {processor.py:826} INFO - Processing file /home/airflow/.local/lib/python3.7/site-packages/airflow/example_dags/example_skip_dag.py for tasks to queue
[2024-02-25T12:49:08.210+0000] {logging_mixin.py:150} INFO - [2024-02-25T12:49:08.209+0000] {dagbag.py:541} INFO - Filling up the DagBag from /home/airflow/.local/lib/python3.7/site-packages/airflow/example_dags/example_skip_dag.py
[2024-02-25T12:49:08.224+0000] {processor.py:836} INFO - DAG(s) dict_keys(['example_skip_dag']) retrieved from /home/airflow/.local/lib/python3.7/site-packages/airflow/example_dags/example_skip_dag.py
[2024-02-25T12:49:08.264+0000] {logging_mixin.py:150} INFO - [2024-02-25T12:49:08.263+0000] {dag.py:2742} INFO - Sync 1 DAGs
[2024-02-25T12:49:08.306+0000] {logging_mixin.py:150} INFO - [2024-02-25T12:49:08.306+0000] {dag.py:3508} INFO - Setting next_dagrun for example_skip_dag to 2024-02-24T12:49:08.305971+00:00, run_after=2024-02-25T12:49:08.305971+00:00
[2024-02-25T12:49:08.336+0000] {processor.py:179} INFO - Processing /home/airflow/.local/lib/python3.7/site-packages/airflow/example_dags/example_skip_dag.py took 0.133 seconds
[2024-02-25T12:49:38.862+0000] {processor.py:157} INFO - Started process (PID=3332) to work on /home/airflow/.local/lib/python3.7/site-packages/airflow/example_dags/example_skip_dag.py
[2024-02-25T12:49:38.865+0000] {processor.py:826} INFO - Processing file /home/airflow/.local/lib/python3.7/site-packages/airflow/example_dags/example_skip_dag.py for tasks to queue
[2024-02-25T12:49:38.867+0000] {logging_mixin.py:150} INFO - [2024-02-25T12:49:38.866+0000] {dagbag.py:541} INFO - Filling up the DagBag from /home/airflow/.local/lib/python3.7/site-packages/airflow/example_dags/example_skip_dag.py
[2024-02-25T12:49:38.892+0000] {processor.py:836} INFO - DAG(s) dict_keys(['example_skip_dag']) retrieved from /home/airflow/.local/lib/python3.7/site-packages/airflow/example_dags/example_skip_dag.py
[2024-02-25T12:49:38.946+0000] {logging_mixin.py:150} INFO - [2024-02-25T12:49:38.946+0000] {dag.py:2742} INFO - Sync 1 DAGs
[2024-02-25T12:49:38.982+0000] {logging_mixin.py:150} INFO - [2024-02-25T12:49:38.982+0000] {dag.py:3508} INFO - Setting next_dagrun for example_skip_dag to 2024-02-24T12:49:38.982224+00:00, run_after=2024-02-25T12:49:38.982224+00:00
[2024-02-25T12:49:39.008+0000] {processor.py:179} INFO - Processing /home/airflow/.local/lib/python3.7/site-packages/airflow/example_dags/example_skip_dag.py took 0.158 seconds
[2024-02-25T12:50:09.127+0000] {processor.py:157} INFO - Started process (PID=3573) to work on /home/airflow/.local/lib/python3.7/site-packages/airflow/example_dags/example_skip_dag.py
[2024-02-25T12:50:09.128+0000] {processor.py:826} INFO - Processing file /home/airflow/.local/lib/python3.7/site-packages/airflow/example_dags/example_skip_dag.py for tasks to queue
[2024-02-25T12:50:09.129+0000] {logging_mixin.py:150} INFO - [2024-02-25T12:50:09.129+0000] {dagbag.py:541} INFO - Filling up the DagBag from /home/airflow/.local/lib/python3.7/site-packages/airflow/example_dags/example_skip_dag.py
[2024-02-25T12:50:09.139+0000] {processor.py:836} INFO - DAG(s) dict_keys(['example_skip_dag']) retrieved from /home/airflow/.local/lib/python3.7/site-packages/airflow/example_dags/example_skip_dag.py
[2024-02-25T12:50:09.168+0000] {logging_mixin.py:150} INFO - [2024-02-25T12:50:09.168+0000] {dag.py:2742} INFO - Sync 1 DAGs
[2024-02-25T12:50:09.199+0000] {logging_mixin.py:150} INFO - [2024-02-25T12:50:09.198+0000] {dag.py:3508} INFO - Setting next_dagrun for example_skip_dag to 2024-02-24T12:50:09.198698+00:00, run_after=2024-02-25T12:50:09.198698+00:00
[2024-02-25T12:50:09.223+0000] {processor.py:179} INFO - Processing /home/airflow/.local/lib/python3.7/site-packages/airflow/example_dags/example_skip_dag.py took 0.101 seconds
[2024-02-25T12:50:39.814+0000] {processor.py:157} INFO - Started process (PID=3814) to work on /home/airflow/.local/lib/python3.7/site-packages/airflow/example_dags/example_skip_dag.py
[2024-02-25T12:50:39.815+0000] {processor.py:826} INFO - Processing file /home/airflow/.local/lib/python3.7/site-packages/airflow/example_dags/example_skip_dag.py for tasks to queue
[2024-02-25T12:50:39.815+0000] {logging_mixin.py:150} INFO - [2024-02-25T12:50:39.815+0000] {dagbag.py:541} INFO - Filling up the DagBag from /home/airflow/.local/lib/python3.7/site-packages/airflow/example_dags/example_skip_dag.py
[2024-02-25T12:50:39.822+0000] {processor.py:836} INFO - DAG(s) dict_keys(['example_skip_dag']) retrieved from /home/airflow/.local/lib/python3.7/site-packages/airflow/example_dags/example_skip_dag.py
[2024-02-25T12:50:39.854+0000] {logging_mixin.py:150} INFO - [2024-02-25T12:50:39.854+0000] {dag.py:2742} INFO - Sync 1 DAGs
[2024-02-25T12:50:39.893+0000] {logging_mixin.py:150} INFO - [2024-02-25T12:50:39.893+0000] {dag.py:3508} INFO - Setting next_dagrun for example_skip_dag to 2024-02-24T12:50:39.893325+00:00, run_after=2024-02-25T12:50:39.893325+00:00
[2024-02-25T12:50:39.921+0000] {processor.py:179} INFO - Processing /home/airflow/.local/lib/python3.7/site-packages/airflow/example_dags/example_skip_dag.py took 0.112 seconds
[2024-02-25T12:51:10.219+0000] {processor.py:157} INFO - Started process (PID=4055) to work on /home/airflow/.local/lib/python3.7/site-packages/airflow/example_dags/example_skip_dag.py
[2024-02-25T12:51:10.220+0000] {processor.py:826} INFO - Processing file /home/airflow/.local/lib/python3.7/site-packages/airflow/example_dags/example_skip_dag.py for tasks to queue
[2024-02-25T12:51:10.221+0000] {logging_mixin.py:150} INFO - [2024-02-25T12:51:10.220+0000] {dagbag.py:541} INFO - Filling up the DagBag from /home/airflow/.local/lib/python3.7/site-packages/airflow/example_dags/example_skip_dag.py
[2024-02-25T12:51:10.228+0000] {processor.py:836} INFO - DAG(s) dict_keys(['example_skip_dag']) retrieved from /home/airflow/.local/lib/python3.7/site-packages/airflow/example_dags/example_skip_dag.py
[2024-02-25T12:51:10.253+0000] {logging_mixin.py:150} INFO - [2024-02-25T12:51:10.253+0000] {dag.py:2742} INFO - Sync 1 DAGs
[2024-02-25T12:51:10.282+0000] {logging_mixin.py:150} INFO - [2024-02-25T12:51:10.282+0000] {dag.py:3508} INFO - Setting next_dagrun for example_skip_dag to 2024-02-24T12:51:10.282114+00:00, run_after=2024-02-25T12:51:10.282114+00:00
[2024-02-25T12:51:10.306+0000] {processor.py:179} INFO - Processing /home/airflow/.local/lib/python3.7/site-packages/airflow/example_dags/example_skip_dag.py took 0.091 seconds
[2024-02-25T12:51:40.948+0000] {processor.py:157} INFO - Started process (PID=4296) to work on /home/airflow/.local/lib/python3.7/site-packages/airflow/example_dags/example_skip_dag.py
[2024-02-25T12:51:40.949+0000] {processor.py:826} INFO - Processing file /home/airflow/.local/lib/python3.7/site-packages/airflow/example_dags/example_skip_dag.py for tasks to queue
[2024-02-25T12:51:40.950+0000] {logging_mixin.py:150} INFO - [2024-02-25T12:51:40.950+0000] {dagbag.py:541} INFO - Filling up the DagBag from /home/airflow/.local/lib/python3.7/site-packages/airflow/example_dags/example_skip_dag.py
[2024-02-25T12:51:40.958+0000] {processor.py:836} INFO - DAG(s) dict_keys(['example_skip_dag']) retrieved from /home/airflow/.local/lib/python3.7/site-packages/airflow/example_dags/example_skip_dag.py
[2024-02-25T12:51:40.985+0000] {logging_mixin.py:150} INFO - [2024-02-25T12:51:40.985+0000] {dag.py:2742} INFO - Sync 1 DAGs
[2024-02-25T12:51:41.015+0000] {logging_mixin.py:150} INFO - [2024-02-25T12:51:41.015+0000] {dag.py:3508} INFO - Setting next_dagrun for example_skip_dag to 2024-02-24T12:51:41.015356+00:00, run_after=2024-02-25T12:51:41.015356+00:00
[2024-02-25T12:51:41.042+0000] {processor.py:179} INFO - Processing /home/airflow/.local/lib/python3.7/site-packages/airflow/example_dags/example_skip_dag.py took 0.098 seconds
[2024-02-25T12:52:11.619+0000] {processor.py:157} INFO - Started process (PID=4537) to work on /home/airflow/.local/lib/python3.7/site-packages/airflow/example_dags/example_skip_dag.py
[2024-02-25T12:52:11.623+0000] {processor.py:826} INFO - Processing file /home/airflow/.local/lib/python3.7/site-packages/airflow/example_dags/example_skip_dag.py for tasks to queue
[2024-02-25T12:52:11.627+0000] {logging_mixin.py:150} INFO - [2024-02-25T12:52:11.626+0000] {dagbag.py:541} INFO - Filling up the DagBag from /home/airflow/.local/lib/python3.7/site-packages/airflow/example_dags/example_skip_dag.py
[2024-02-25T12:52:11.644+0000] {processor.py:836} INFO - DAG(s) dict_keys(['example_skip_dag']) retrieved from /home/airflow/.local/lib/python3.7/site-packages/airflow/example_dags/example_skip_dag.py
[2024-02-25T12:52:11.674+0000] {logging_mixin.py:150} INFO - [2024-02-25T12:52:11.674+0000] {dag.py:2742} INFO - Sync 1 DAGs
[2024-02-25T12:52:11.714+0000] {logging_mixin.py:150} INFO - [2024-02-25T12:52:11.713+0000] {dag.py:3508} INFO - Setting next_dagrun for example_skip_dag to 2024-02-24T12:52:11.713592+00:00, run_after=2024-02-25T12:52:11.713592+00:00
[2024-02-25T12:52:11.738+0000] {processor.py:179} INFO - Processing /home/airflow/.local/lib/python3.7/site-packages/airflow/example_dags/example_skip_dag.py took 0.137 seconds
[2024-02-25T12:52:41.966+0000] {processor.py:157} INFO - Started process (PID=4778) to work on /home/airflow/.local/lib/python3.7/site-packages/airflow/example_dags/example_skip_dag.py
[2024-02-25T12:52:41.967+0000] {processor.py:826} INFO - Processing file /home/airflow/.local/lib/python3.7/site-packages/airflow/example_dags/example_skip_dag.py for tasks to queue
[2024-02-25T12:52:41.967+0000] {logging_mixin.py:150} INFO - [2024-02-25T12:52:41.967+0000] {dagbag.py:541} INFO - Filling up the DagBag from /home/airflow/.local/lib/python3.7/site-packages/airflow/example_dags/example_skip_dag.py
[2024-02-25T12:52:41.976+0000] {processor.py:836} INFO - DAG(s) dict_keys(['example_skip_dag']) retrieved from /home/airflow/.local/lib/python3.7/site-packages/airflow/example_dags/example_skip_dag.py
[2024-02-25T12:52:42.006+0000] {logging_mixin.py:150} INFO - [2024-02-25T12:52:42.006+0000] {dag.py:2742} INFO - Sync 1 DAGs
[2024-02-25T12:52:42.038+0000] {logging_mixin.py:150} INFO - [2024-02-25T12:52:42.037+0000] {dag.py:3508} INFO - Setting next_dagrun for example_skip_dag to 2024-02-24T12:52:42.037785+00:00, run_after=2024-02-25T12:52:42.037785+00:00
[2024-02-25T12:52:42.062+0000] {processor.py:179} INFO - Processing /home/airflow/.local/lib/python3.7/site-packages/airflow/example_dags/example_skip_dag.py took 0.101 seconds
[2024-02-25T12:53:12.162+0000] {processor.py:157} INFO - Started process (PID=5019) to work on /home/airflow/.local/lib/python3.7/site-packages/airflow/example_dags/example_skip_dag.py
[2024-02-25T12:53:12.163+0000] {processor.py:826} INFO - Processing file /home/airflow/.local/lib/python3.7/site-packages/airflow/example_dags/example_skip_dag.py for tasks to queue
[2024-02-25T12:53:12.164+0000] {logging_mixin.py:150} INFO - [2024-02-25T12:53:12.163+0000] {dagbag.py:541} INFO - Filling up the DagBag from /home/airflow/.local/lib/python3.7/site-packages/airflow/example_dags/example_skip_dag.py
[2024-02-25T12:53:12.174+0000] {processor.py:836} INFO - DAG(s) dict_keys(['example_skip_dag']) retrieved from /home/airflow/.local/lib/python3.7/site-packages/airflow/example_dags/example_skip_dag.py
[2024-02-25T12:53:12.202+0000] {logging_mixin.py:150} INFO - [2024-02-25T12:53:12.201+0000] {dag.py:2742} INFO - Sync 1 DAGs
[2024-02-25T12:53:12.230+0000] {logging_mixin.py:150} INFO - [2024-02-25T12:53:12.230+0000] {dag.py:3508} INFO - Setting next_dagrun for example_skip_dag to 2024-02-24T12:53:12.229904+00:00, run_after=2024-02-25T12:53:12.229904+00:00
[2024-02-25T12:53:12.254+0000] {processor.py:179} INFO - Processing /home/airflow/.local/lib/python3.7/site-packages/airflow/example_dags/example_skip_dag.py took 0.098 seconds
[2024-02-25T12:53:43.306+0000] {processor.py:157} INFO - Started process (PID=5260) to work on /home/airflow/.local/lib/python3.7/site-packages/airflow/example_dags/example_skip_dag.py
[2024-02-25T12:53:43.307+0000] {processor.py:826} INFO - Processing file /home/airflow/.local/lib/python3.7/site-packages/airflow/example_dags/example_skip_dag.py for tasks to queue
[2024-02-25T12:53:43.308+0000] {logging_mixin.py:150} INFO - [2024-02-25T12:53:43.308+0000] {dagbag.py:541} INFO - Filling up the DagBag from /home/airflow/.local/lib/python3.7/site-packages/airflow/example_dags/example_skip_dag.py
[2024-02-25T12:53:43.315+0000] {processor.py:836} INFO - DAG(s) dict_keys(['example_skip_dag']) retrieved from /home/airflow/.local/lib/python3.7/site-packages/airflow/example_dags/example_skip_dag.py
[2024-02-25T12:53:43.347+0000] {logging_mixin.py:150} INFO - [2024-02-25T12:53:43.347+0000] {dag.py:2742} INFO - Sync 1 DAGs
[2024-02-25T12:53:43.385+0000] {logging_mixin.py:150} INFO - [2024-02-25T12:53:43.385+0000] {dag.py:3508} INFO - Setting next_dagrun for example_skip_dag to 2024-02-24T12:53:43.384894+00:00, run_after=2024-02-25T12:53:43.384894+00:00
[2024-02-25T12:53:43.412+0000] {processor.py:179} INFO - Processing /home/airflow/.local/lib/python3.7/site-packages/airflow/example_dags/example_skip_dag.py took 0.110 seconds
[2024-02-25T12:54:13.976+0000] {processor.py:157} INFO - Started process (PID=5501) to work on /home/airflow/.local/lib/python3.7/site-packages/airflow/example_dags/example_skip_dag.py
[2024-02-25T12:54:13.977+0000] {processor.py:826} INFO - Processing file /home/airflow/.local/lib/python3.7/site-packages/airflow/example_dags/example_skip_dag.py for tasks to queue
[2024-02-25T12:54:13.977+0000] {logging_mixin.py:150} INFO - [2024-02-25T12:54:13.977+0000] {dagbag.py:541} INFO - Filling up the DagBag from /home/airflow/.local/lib/python3.7/site-packages/airflow/example_dags/example_skip_dag.py
[2024-02-25T12:54:13.985+0000] {processor.py:836} INFO - DAG(s) dict_keys(['example_skip_dag']) retrieved from /home/airflow/.local/lib/python3.7/site-packages/airflow/example_dags/example_skip_dag.py
[2024-02-25T12:54:14.017+0000] {logging_mixin.py:150} INFO - [2024-02-25T12:54:14.017+0000] {dag.py:2742} INFO - Sync 1 DAGs
[2024-02-25T12:54:14.055+0000] {logging_mixin.py:150} INFO - [2024-02-25T12:54:14.055+0000] {dag.py:3508} INFO - Setting next_dagrun for example_skip_dag to 2024-02-24T12:54:14.055302+00:00, run_after=2024-02-25T12:54:14.055302+00:00
[2024-02-25T12:54:14.082+0000] {processor.py:179} INFO - Processing /home/airflow/.local/lib/python3.7/site-packages/airflow/example_dags/example_skip_dag.py took 0.111 seconds
[2024-02-25T12:54:44.566+0000] {processor.py:157} INFO - Started process (PID=5742) to work on /home/airflow/.local/lib/python3.7/site-packages/airflow/example_dags/example_skip_dag.py
[2024-02-25T12:54:44.567+0000] {processor.py:826} INFO - Processing file /home/airflow/.local/lib/python3.7/site-packages/airflow/example_dags/example_skip_dag.py for tasks to queue
[2024-02-25T12:54:44.567+0000] {logging_mixin.py:150} INFO - [2024-02-25T12:54:44.567+0000] {dagbag.py:541} INFO - Filling up the DagBag from /home/airflow/.local/lib/python3.7/site-packages/airflow/example_dags/example_skip_dag.py
[2024-02-25T12:54:44.576+0000] {processor.py:836} INFO - DAG(s) dict_keys(['example_skip_dag']) retrieved from /home/airflow/.local/lib/python3.7/site-packages/airflow/example_dags/example_skip_dag.py
[2024-02-25T12:54:44.602+0000] {logging_mixin.py:150} INFO - [2024-02-25T12:54:44.602+0000] {dag.py:2742} INFO - Sync 1 DAGs
[2024-02-25T12:54:44.636+0000] {logging_mixin.py:150} INFO - [2024-02-25T12:54:44.636+0000] {dag.py:3508} INFO - Setting next_dagrun for example_skip_dag to 2024-02-24T12:54:44.636314+00:00, run_after=2024-02-25T12:54:44.636314+00:00
[2024-02-25T12:54:44.666+0000] {processor.py:179} INFO - Processing /home/airflow/.local/lib/python3.7/site-packages/airflow/example_dags/example_skip_dag.py took 0.105 seconds
[2024-02-25T12:55:15.209+0000] {processor.py:157} INFO - Started process (PID=5982) to work on /home/airflow/.local/lib/python3.7/site-packages/airflow/example_dags/example_skip_dag.py
[2024-02-25T12:55:15.211+0000] {processor.py:826} INFO - Processing file /home/airflow/.local/lib/python3.7/site-packages/airflow/example_dags/example_skip_dag.py for tasks to queue
[2024-02-25T12:55:15.212+0000] {logging_mixin.py:150} INFO - [2024-02-25T12:55:15.211+0000] {dagbag.py:541} INFO - Filling up the DagBag from /home/airflow/.local/lib/python3.7/site-packages/airflow/example_dags/example_skip_dag.py
[2024-02-25T12:55:15.222+0000] {processor.py:836} INFO - DAG(s) dict_keys(['example_skip_dag']) retrieved from /home/airflow/.local/lib/python3.7/site-packages/airflow/example_dags/example_skip_dag.py
[2024-02-25T12:55:15.256+0000] {logging_mixin.py:150} INFO - [2024-02-25T12:55:15.256+0000] {dag.py:2742} INFO - Sync 1 DAGs
[2024-02-25T12:55:15.289+0000] {logging_mixin.py:150} INFO - [2024-02-25T12:55:15.289+0000] {dag.py:3508} INFO - Setting next_dagrun for example_skip_dag to 2024-02-24T12:55:15.289365+00:00, run_after=2024-02-25T12:55:15.289365+00:00
[2024-02-25T12:55:15.314+0000] {processor.py:179} INFO - Processing /home/airflow/.local/lib/python3.7/site-packages/airflow/example_dags/example_skip_dag.py took 0.111 seconds
[2024-02-25T12:55:45.973+0000] {processor.py:157} INFO - Started process (PID=6223) to work on /home/airflow/.local/lib/python3.7/site-packages/airflow/example_dags/example_skip_dag.py
[2024-02-25T12:55:45.974+0000] {processor.py:826} INFO - Processing file /home/airflow/.local/lib/python3.7/site-packages/airflow/example_dags/example_skip_dag.py for tasks to queue
[2024-02-25T12:55:45.974+0000] {logging_mixin.py:150} INFO - [2024-02-25T12:55:45.974+0000] {dagbag.py:541} INFO - Filling up the DagBag from /home/airflow/.local/lib/python3.7/site-packages/airflow/example_dags/example_skip_dag.py
[2024-02-25T12:55:45.981+0000] {processor.py:836} INFO - DAG(s) dict_keys(['example_skip_dag']) retrieved from /home/airflow/.local/lib/python3.7/site-packages/airflow/example_dags/example_skip_dag.py
[2024-02-25T12:55:46.006+0000] {logging_mixin.py:150} INFO - [2024-02-25T12:55:46.006+0000] {dag.py:2742} INFO - Sync 1 DAGs
[2024-02-25T12:55:46.035+0000] {logging_mixin.py:150} INFO - [2024-02-25T12:55:46.035+0000] {dag.py:3508} INFO - Setting next_dagrun for example_skip_dag to 2024-02-24T12:55:46.034831+00:00, run_after=2024-02-25T12:55:46.034831+00:00
[2024-02-25T12:55:46.058+0000] {processor.py:179} INFO - Processing /home/airflow/.local/lib/python3.7/site-packages/airflow/example_dags/example_skip_dag.py took 0.089 seconds
[2024-02-25T12:56:16.113+0000] {processor.py:157} INFO - Started process (PID=6464) to work on /home/airflow/.local/lib/python3.7/site-packages/airflow/example_dags/example_skip_dag.py
[2024-02-25T12:56:16.114+0000] {processor.py:826} INFO - Processing file /home/airflow/.local/lib/python3.7/site-packages/airflow/example_dags/example_skip_dag.py for tasks to queue
[2024-02-25T12:56:16.114+0000] {logging_mixin.py:150} INFO - [2024-02-25T12:56:16.114+0000] {dagbag.py:541} INFO - Filling up the DagBag from /home/airflow/.local/lib/python3.7/site-packages/airflow/example_dags/example_skip_dag.py
[2024-02-25T12:56:16.122+0000] {processor.py:836} INFO - DAG(s) dict_keys(['example_skip_dag']) retrieved from /home/airflow/.local/lib/python3.7/site-packages/airflow/example_dags/example_skip_dag.py
[2024-02-25T12:56:16.157+0000] {logging_mixin.py:150} INFO - [2024-02-25T12:56:16.156+0000] {dag.py:2742} INFO - Sync 1 DAGs
[2024-02-25T12:56:16.195+0000] {logging_mixin.py:150} INFO - [2024-02-25T12:56:16.194+0000] {dag.py:3508} INFO - Setting next_dagrun for example_skip_dag to 2024-02-24T12:56:16.194462+00:00, run_after=2024-02-25T12:56:16.194462+00:00
[2024-02-25T12:56:16.222+0000] {processor.py:179} INFO - Processing /home/airflow/.local/lib/python3.7/site-packages/airflow/example_dags/example_skip_dag.py took 0.113 seconds
[2024-02-25T12:56:46.349+0000] {processor.py:157} INFO - Started process (PID=6705) to work on /home/airflow/.local/lib/python3.7/site-packages/airflow/example_dags/example_skip_dag.py
[2024-02-25T12:56:46.350+0000] {processor.py:826} INFO - Processing file /home/airflow/.local/lib/python3.7/site-packages/airflow/example_dags/example_skip_dag.py for tasks to queue
[2024-02-25T12:56:46.352+0000] {logging_mixin.py:150} INFO - [2024-02-25T12:56:46.351+0000] {dagbag.py:541} INFO - Filling up the DagBag from /home/airflow/.local/lib/python3.7/site-packages/airflow/example_dags/example_skip_dag.py
[2024-02-25T12:56:46.362+0000] {processor.py:836} INFO - DAG(s) dict_keys(['example_skip_dag']) retrieved from /home/airflow/.local/lib/python3.7/site-packages/airflow/example_dags/example_skip_dag.py
[2024-02-25T12:56:46.388+0000] {logging_mixin.py:150} INFO - [2024-02-25T12:56:46.388+0000] {dag.py:2742} INFO - Sync 1 DAGs
[2024-02-25T12:56:46.414+0000] {logging_mixin.py:150} INFO - [2024-02-25T12:56:46.413+0000] {dag.py:3508} INFO - Setting next_dagrun for example_skip_dag to 2024-02-24T12:56:46.413521+00:00, run_after=2024-02-25T12:56:46.413521+00:00
[2024-02-25T12:56:46.440+0000] {processor.py:179} INFO - Processing /home/airflow/.local/lib/python3.7/site-packages/airflow/example_dags/example_skip_dag.py took 0.097 seconds
