[2024-02-25T12:43:01.630+0000] {processor.py:157} INFO - Started process (PID=256) to work on /home/airflow/.local/lib/python3.7/site-packages/airflow/example_dags/example_trigger_controller_dag.py
[2024-02-25T12:43:01.631+0000] {processor.py:826} INFO - Processing file /home/airflow/.local/lib/python3.7/site-packages/airflow/example_dags/example_trigger_controller_dag.py for tasks to queue
[2024-02-25T12:43:01.632+0000] {logging_mixin.py:150} INFO - [2024-02-25T12:43:01.632+0000] {dagbag.py:541} INFO - Filling up the DagBag from /home/airflow/.local/lib/python3.7/site-packages/airflow/example_dags/example_trigger_controller_dag.py
[2024-02-25T12:43:01.640+0000] {processor.py:836} INFO - DAG(s) dict_keys(['example_trigger_controller_dag']) retrieved from /home/airflow/.local/lib/python3.7/site-packages/airflow/example_dags/example_trigger_controller_dag.py
[2024-02-25T12:43:01.654+0000] {logging_mixin.py:150} INFO - [2024-02-25T12:43:01.654+0000] {dag.py:2742} INFO - Sync 1 DAGs
[2024-02-25T12:43:01.703+0000] {logging_mixin.py:150} INFO - [2024-02-25T12:43:01.702+0000] {dag.py:3508} INFO - Setting next_dagrun for example_trigger_controller_dag to 2021-01-01T00:00:00+00:00, run_after=2021-01-01T00:00:00+00:00
[2024-02-25T12:43:01.733+0000] {processor.py:179} INFO - Processing /home/airflow/.local/lib/python3.7/site-packages/airflow/example_dags/example_trigger_controller_dag.py took 0.106 seconds
[2024-02-25T12:43:32.541+0000] {processor.py:157} INFO - Started process (PID=496) to work on /home/airflow/.local/lib/python3.7/site-packages/airflow/example_dags/example_trigger_controller_dag.py
[2024-02-25T12:43:32.542+0000] {processor.py:826} INFO - Processing file /home/airflow/.local/lib/python3.7/site-packages/airflow/example_dags/example_trigger_controller_dag.py for tasks to queue
[2024-02-25T12:43:32.543+0000] {logging_mixin.py:150} INFO - [2024-02-25T12:43:32.543+0000] {dagbag.py:541} INFO - Filling up the DagBag from /home/airflow/.local/lib/python3.7/site-packages/airflow/example_dags/example_trigger_controller_dag.py
[2024-02-25T12:43:32.549+0000] {processor.py:836} INFO - DAG(s) dict_keys(['example_trigger_controller_dag']) retrieved from /home/airflow/.local/lib/python3.7/site-packages/airflow/example_dags/example_trigger_controller_dag.py
[2024-02-25T12:43:32.583+0000] {logging_mixin.py:150} INFO - [2024-02-25T12:43:32.583+0000] {dag.py:2742} INFO - Sync 1 DAGs
[2024-02-25T12:43:32.629+0000] {logging_mixin.py:150} INFO - [2024-02-25T12:43:32.629+0000] {dag.py:3508} INFO - Setting next_dagrun for example_trigger_controller_dag to 2021-01-01T00:00:00+00:00, run_after=2021-01-01T00:00:00+00:00
[2024-02-25T12:43:32.653+0000] {processor.py:179} INFO - Processing /home/airflow/.local/lib/python3.7/site-packages/airflow/example_dags/example_trigger_controller_dag.py took 0.117 seconds
[2024-02-25T12:44:03.602+0000] {processor.py:157} INFO - Started process (PID=738) to work on /home/airflow/.local/lib/python3.7/site-packages/airflow/example_dags/example_trigger_controller_dag.py
[2024-02-25T12:44:03.603+0000] {processor.py:826} INFO - Processing file /home/airflow/.local/lib/python3.7/site-packages/airflow/example_dags/example_trigger_controller_dag.py for tasks to queue
[2024-02-25T12:44:03.604+0000] {logging_mixin.py:150} INFO - [2024-02-25T12:44:03.604+0000] {dagbag.py:541} INFO - Filling up the DagBag from /home/airflow/.local/lib/python3.7/site-packages/airflow/example_dags/example_trigger_controller_dag.py
[2024-02-25T12:44:03.609+0000] {processor.py:836} INFO - DAG(s) dict_keys(['example_trigger_controller_dag']) retrieved from /home/airflow/.local/lib/python3.7/site-packages/airflow/example_dags/example_trigger_controller_dag.py
[2024-02-25T12:44:03.625+0000] {logging_mixin.py:150} INFO - [2024-02-25T12:44:03.625+0000] {dag.py:2742} INFO - Sync 1 DAGs
[2024-02-25T12:44:03.667+0000] {logging_mixin.py:150} INFO - [2024-02-25T12:44:03.667+0000] {dag.py:3508} INFO - Setting next_dagrun for example_trigger_controller_dag to 2021-01-01T00:00:00+00:00, run_after=2021-01-01T00:00:00+00:00
[2024-02-25T12:44:03.697+0000] {processor.py:179} INFO - Processing /home/airflow/.local/lib/python3.7/site-packages/airflow/example_dags/example_trigger_controller_dag.py took 0.099 seconds
[2024-02-25T12:44:34.338+0000] {processor.py:157} INFO - Started process (PID=979) to work on /home/airflow/.local/lib/python3.7/site-packages/airflow/example_dags/example_trigger_controller_dag.py
[2024-02-25T12:44:34.339+0000] {processor.py:826} INFO - Processing file /home/airflow/.local/lib/python3.7/site-packages/airflow/example_dags/example_trigger_controller_dag.py for tasks to queue
[2024-02-25T12:44:34.340+0000] {logging_mixin.py:150} INFO - [2024-02-25T12:44:34.340+0000] {dagbag.py:541} INFO - Filling up the DagBag from /home/airflow/.local/lib/python3.7/site-packages/airflow/example_dags/example_trigger_controller_dag.py
[2024-02-25T12:44:34.347+0000] {processor.py:836} INFO - DAG(s) dict_keys(['example_trigger_controller_dag']) retrieved from /home/airflow/.local/lib/python3.7/site-packages/airflow/example_dags/example_trigger_controller_dag.py
[2024-02-25T12:44:34.377+0000] {logging_mixin.py:150} INFO - [2024-02-25T12:44:34.376+0000] {dag.py:2742} INFO - Sync 1 DAGs
[2024-02-25T12:44:34.426+0000] {logging_mixin.py:150} INFO - [2024-02-25T12:44:34.426+0000] {dag.py:3508} INFO - Setting next_dagrun for example_trigger_controller_dag to 2021-01-01T00:00:00+00:00, run_after=2021-01-01T00:00:00+00:00
[2024-02-25T12:44:34.462+0000] {processor.py:179} INFO - Processing /home/airflow/.local/lib/python3.7/site-packages/airflow/example_dags/example_trigger_controller_dag.py took 0.129 seconds
[2024-02-25T12:45:05.458+0000] {processor.py:157} INFO - Started process (PID=1220) to work on /home/airflow/.local/lib/python3.7/site-packages/airflow/example_dags/example_trigger_controller_dag.py
[2024-02-25T12:45:05.459+0000] {processor.py:826} INFO - Processing file /home/airflow/.local/lib/python3.7/site-packages/airflow/example_dags/example_trigger_controller_dag.py for tasks to queue
[2024-02-25T12:45:05.460+0000] {logging_mixin.py:150} INFO - [2024-02-25T12:45:05.459+0000] {dagbag.py:541} INFO - Filling up the DagBag from /home/airflow/.local/lib/python3.7/site-packages/airflow/example_dags/example_trigger_controller_dag.py
[2024-02-25T12:45:05.466+0000] {processor.py:836} INFO - DAG(s) dict_keys(['example_trigger_controller_dag']) retrieved from /home/airflow/.local/lib/python3.7/site-packages/airflow/example_dags/example_trigger_controller_dag.py
[2024-02-25T12:45:05.506+0000] {logging_mixin.py:150} INFO - [2024-02-25T12:45:05.506+0000] {dag.py:2742} INFO - Sync 1 DAGs
[2024-02-25T12:45:05.555+0000] {logging_mixin.py:150} INFO - [2024-02-25T12:45:05.554+0000] {dag.py:3508} INFO - Setting next_dagrun for example_trigger_controller_dag to 2021-01-01T00:00:00+00:00, run_after=2021-01-01T00:00:00+00:00
[2024-02-25T12:45:05.591+0000] {processor.py:179} INFO - Processing /home/airflow/.local/lib/python3.7/site-packages/airflow/example_dags/example_trigger_controller_dag.py took 0.138 seconds
[2024-02-25T12:45:35.927+0000] {processor.py:157} INFO - Started process (PID=1468) to work on /home/airflow/.local/lib/python3.7/site-packages/airflow/example_dags/example_trigger_controller_dag.py
[2024-02-25T12:45:35.928+0000] {processor.py:826} INFO - Processing file /home/airflow/.local/lib/python3.7/site-packages/airflow/example_dags/example_trigger_controller_dag.py for tasks to queue
[2024-02-25T12:45:35.928+0000] {logging_mixin.py:150} INFO - [2024-02-25T12:45:35.928+0000] {dagbag.py:541} INFO - Filling up the DagBag from /home/airflow/.local/lib/python3.7/site-packages/airflow/example_dags/example_trigger_controller_dag.py
[2024-02-25T12:45:35.933+0000] {processor.py:836} INFO - DAG(s) dict_keys(['example_trigger_controller_dag']) retrieved from /home/airflow/.local/lib/python3.7/site-packages/airflow/example_dags/example_trigger_controller_dag.py
[2024-02-25T12:45:35.974+0000] {logging_mixin.py:150} INFO - [2024-02-25T12:45:35.973+0000] {dag.py:2742} INFO - Sync 1 DAGs
[2024-02-25T12:45:36.010+0000] {logging_mixin.py:150} INFO - [2024-02-25T12:45:36.010+0000] {dag.py:3508} INFO - Setting next_dagrun for example_trigger_controller_dag to 2021-01-01T00:00:00+00:00, run_after=2021-01-01T00:00:00+00:00
[2024-02-25T12:45:36.053+0000] {processor.py:179} INFO - Processing /home/airflow/.local/lib/python3.7/site-packages/airflow/example_dags/example_trigger_controller_dag.py took 0.130 seconds
[2024-02-25T12:46:06.523+0000] {processor.py:157} INFO - Started process (PID=1709) to work on /home/airflow/.local/lib/python3.7/site-packages/airflow/example_dags/example_trigger_controller_dag.py
[2024-02-25T12:46:06.524+0000] {processor.py:826} INFO - Processing file /home/airflow/.local/lib/python3.7/site-packages/airflow/example_dags/example_trigger_controller_dag.py for tasks to queue
[2024-02-25T12:46:06.525+0000] {logging_mixin.py:150} INFO - [2024-02-25T12:46:06.525+0000] {dagbag.py:541} INFO - Filling up the DagBag from /home/airflow/.local/lib/python3.7/site-packages/airflow/example_dags/example_trigger_controller_dag.py
[2024-02-25T12:46:06.529+0000] {processor.py:836} INFO - DAG(s) dict_keys(['example_trigger_controller_dag']) retrieved from /home/airflow/.local/lib/python3.7/site-packages/airflow/example_dags/example_trigger_controller_dag.py
[2024-02-25T12:46:06.570+0000] {logging_mixin.py:150} INFO - [2024-02-25T12:46:06.569+0000] {dag.py:2742} INFO - Sync 1 DAGs
[2024-02-25T12:46:06.614+0000] {logging_mixin.py:150} INFO - [2024-02-25T12:46:06.614+0000] {dag.py:3508} INFO - Setting next_dagrun for example_trigger_controller_dag to 2021-01-01T00:00:00+00:00, run_after=2021-01-01T00:00:00+00:00
[2024-02-25T12:46:06.646+0000] {processor.py:179} INFO - Processing /home/airflow/.local/lib/python3.7/site-packages/airflow/example_dags/example_trigger_controller_dag.py took 0.126 seconds
[2024-02-25T12:46:37.057+0000] {processor.py:157} INFO - Started process (PID=1950) to work on /home/airflow/.local/lib/python3.7/site-packages/airflow/example_dags/example_trigger_controller_dag.py
[2024-02-25T12:46:37.058+0000] {processor.py:826} INFO - Processing file /home/airflow/.local/lib/python3.7/site-packages/airflow/example_dags/example_trigger_controller_dag.py for tasks to queue
[2024-02-25T12:46:37.060+0000] {logging_mixin.py:150} INFO - [2024-02-25T12:46:37.059+0000] {dagbag.py:541} INFO - Filling up the DagBag from /home/airflow/.local/lib/python3.7/site-packages/airflow/example_dags/example_trigger_controller_dag.py
[2024-02-25T12:46:37.066+0000] {processor.py:836} INFO - DAG(s) dict_keys(['example_trigger_controller_dag']) retrieved from /home/airflow/.local/lib/python3.7/site-packages/airflow/example_dags/example_trigger_controller_dag.py
[2024-02-25T12:46:37.103+0000] {logging_mixin.py:150} INFO - [2024-02-25T12:46:37.103+0000] {dag.py:2742} INFO - Sync 1 DAGs
[2024-02-25T12:46:37.148+0000] {logging_mixin.py:150} INFO - [2024-02-25T12:46:37.148+0000] {dag.py:3508} INFO - Setting next_dagrun for example_trigger_controller_dag to 2021-01-01T00:00:00+00:00, run_after=2021-01-01T00:00:00+00:00
[2024-02-25T12:46:37.173+0000] {processor.py:179} INFO - Processing /home/airflow/.local/lib/python3.7/site-packages/airflow/example_dags/example_trigger_controller_dag.py took 0.119 seconds
[2024-02-25T12:47:07.929+0000] {processor.py:157} INFO - Started process (PID=2193) to work on /home/airflow/.local/lib/python3.7/site-packages/airflow/example_dags/example_trigger_controller_dag.py
[2024-02-25T12:47:07.930+0000] {processor.py:826} INFO - Processing file /home/airflow/.local/lib/python3.7/site-packages/airflow/example_dags/example_trigger_controller_dag.py for tasks to queue
[2024-02-25T12:47:07.931+0000] {logging_mixin.py:150} INFO - [2024-02-25T12:47:07.930+0000] {dagbag.py:541} INFO - Filling up the DagBag from /home/airflow/.local/lib/python3.7/site-packages/airflow/example_dags/example_trigger_controller_dag.py
[2024-02-25T12:47:07.936+0000] {processor.py:836} INFO - DAG(s) dict_keys(['example_trigger_controller_dag']) retrieved from /home/airflow/.local/lib/python3.7/site-packages/airflow/example_dags/example_trigger_controller_dag.py
[2024-02-25T12:47:07.974+0000] {logging_mixin.py:150} INFO - [2024-02-25T12:47:07.974+0000] {dag.py:2742} INFO - Sync 1 DAGs
[2024-02-25T12:47:08.027+0000] {logging_mixin.py:150} INFO - [2024-02-25T12:47:08.027+0000] {dag.py:3508} INFO - Setting next_dagrun for example_trigger_controller_dag to 2021-01-01T00:00:00+00:00, run_after=2021-01-01T00:00:00+00:00
[2024-02-25T12:47:08.063+0000] {processor.py:179} INFO - Processing /home/airflow/.local/lib/python3.7/site-packages/airflow/example_dags/example_trigger_controller_dag.py took 0.138 seconds
[2024-02-25T12:47:38.604+0000] {processor.py:157} INFO - Started process (PID=2434) to work on /home/airflow/.local/lib/python3.7/site-packages/airflow/example_dags/example_trigger_controller_dag.py
[2024-02-25T12:47:38.605+0000] {processor.py:826} INFO - Processing file /home/airflow/.local/lib/python3.7/site-packages/airflow/example_dags/example_trigger_controller_dag.py for tasks to queue
[2024-02-25T12:47:38.606+0000] {logging_mixin.py:150} INFO - [2024-02-25T12:47:38.605+0000] {dagbag.py:541} INFO - Filling up the DagBag from /home/airflow/.local/lib/python3.7/site-packages/airflow/example_dags/example_trigger_controller_dag.py
[2024-02-25T12:47:38.611+0000] {processor.py:836} INFO - DAG(s) dict_keys(['example_trigger_controller_dag']) retrieved from /home/airflow/.local/lib/python3.7/site-packages/airflow/example_dags/example_trigger_controller_dag.py
[2024-02-25T12:47:38.643+0000] {logging_mixin.py:150} INFO - [2024-02-25T12:47:38.643+0000] {dag.py:2742} INFO - Sync 1 DAGs
[2024-02-25T12:47:38.678+0000] {logging_mixin.py:150} INFO - [2024-02-25T12:47:38.677+0000] {dag.py:3508} INFO - Setting next_dagrun for example_trigger_controller_dag to 2021-01-01T00:00:00+00:00, run_after=2021-01-01T00:00:00+00:00
[2024-02-25T12:47:38.706+0000] {processor.py:179} INFO - Processing /home/airflow/.local/lib/python3.7/site-packages/airflow/example_dags/example_trigger_controller_dag.py took 0.106 seconds
[2024-02-25T12:48:09.009+0000] {processor.py:157} INFO - Started process (PID=2673) to work on /home/airflow/.local/lib/python3.7/site-packages/airflow/example_dags/example_trigger_controller_dag.py
[2024-02-25T12:48:09.010+0000] {processor.py:826} INFO - Processing file /home/airflow/.local/lib/python3.7/site-packages/airflow/example_dags/example_trigger_controller_dag.py for tasks to queue
[2024-02-25T12:48:09.011+0000] {logging_mixin.py:150} INFO - [2024-02-25T12:48:09.010+0000] {dagbag.py:541} INFO - Filling up the DagBag from /home/airflow/.local/lib/python3.7/site-packages/airflow/example_dags/example_trigger_controller_dag.py
[2024-02-25T12:48:09.015+0000] {processor.py:836} INFO - DAG(s) dict_keys(['example_trigger_controller_dag']) retrieved from /home/airflow/.local/lib/python3.7/site-packages/airflow/example_dags/example_trigger_controller_dag.py
[2024-02-25T12:48:09.057+0000] {logging_mixin.py:150} INFO - [2024-02-25T12:48:09.057+0000] {dag.py:2742} INFO - Sync 1 DAGs
[2024-02-25T12:48:09.108+0000] {logging_mixin.py:150} INFO - [2024-02-25T12:48:09.107+0000] {dag.py:3508} INFO - Setting next_dagrun for example_trigger_controller_dag to 2021-01-01T00:00:00+00:00, run_after=2021-01-01T00:00:00+00:00
[2024-02-25T12:48:09.144+0000] {processor.py:179} INFO - Processing /home/airflow/.local/lib/python3.7/site-packages/airflow/example_dags/example_trigger_controller_dag.py took 0.138 seconds
[2024-02-25T12:48:39.645+0000] {processor.py:157} INFO - Started process (PID=2917) to work on /home/airflow/.local/lib/python3.7/site-packages/airflow/example_dags/example_trigger_controller_dag.py
[2024-02-25T12:48:39.646+0000] {processor.py:826} INFO - Processing file /home/airflow/.local/lib/python3.7/site-packages/airflow/example_dags/example_trigger_controller_dag.py for tasks to queue
[2024-02-25T12:48:39.647+0000] {logging_mixin.py:150} INFO - [2024-02-25T12:48:39.647+0000] {dagbag.py:541} INFO - Filling up the DagBag from /home/airflow/.local/lib/python3.7/site-packages/airflow/example_dags/example_trigger_controller_dag.py
[2024-02-25T12:48:39.651+0000] {processor.py:836} INFO - DAG(s) dict_keys(['example_trigger_controller_dag']) retrieved from /home/airflow/.local/lib/python3.7/site-packages/airflow/example_dags/example_trigger_controller_dag.py
[2024-02-25T12:48:39.680+0000] {logging_mixin.py:150} INFO - [2024-02-25T12:48:39.680+0000] {dag.py:2742} INFO - Sync 1 DAGs
[2024-02-25T12:48:39.714+0000] {logging_mixin.py:150} INFO - [2024-02-25T12:48:39.714+0000] {dag.py:3508} INFO - Setting next_dagrun for example_trigger_controller_dag to 2021-01-01T00:00:00+00:00, run_after=2021-01-01T00:00:00+00:00
[2024-02-25T12:48:39.742+0000] {processor.py:179} INFO - Processing /home/airflow/.local/lib/python3.7/site-packages/airflow/example_dags/example_trigger_controller_dag.py took 0.100 seconds
[2024-02-25T12:49:10.377+0000] {processor.py:157} INFO - Started process (PID=3156) to work on /home/airflow/.local/lib/python3.7/site-packages/airflow/example_dags/example_trigger_controller_dag.py
[2024-02-25T12:49:10.379+0000] {processor.py:826} INFO - Processing file /home/airflow/.local/lib/python3.7/site-packages/airflow/example_dags/example_trigger_controller_dag.py for tasks to queue
[2024-02-25T12:49:10.380+0000] {logging_mixin.py:150} INFO - [2024-02-25T12:49:10.379+0000] {dagbag.py:541} INFO - Filling up the DagBag from /home/airflow/.local/lib/python3.7/site-packages/airflow/example_dags/example_trigger_controller_dag.py
[2024-02-25T12:49:10.385+0000] {processor.py:836} INFO - DAG(s) dict_keys(['example_trigger_controller_dag']) retrieved from /home/airflow/.local/lib/python3.7/site-packages/airflow/example_dags/example_trigger_controller_dag.py
[2024-02-25T12:49:10.420+0000] {logging_mixin.py:150} INFO - [2024-02-25T12:49:10.420+0000] {dag.py:2742} INFO - Sync 1 DAGs
[2024-02-25T12:49:10.461+0000] {logging_mixin.py:150} INFO - [2024-02-25T12:49:10.461+0000] {dag.py:3508} INFO - Setting next_dagrun for example_trigger_controller_dag to 2021-01-01T00:00:00+00:00, run_after=2021-01-01T00:00:00+00:00
[2024-02-25T12:49:10.536+0000] {processor.py:179} INFO - Processing /home/airflow/.local/lib/python3.7/site-packages/airflow/example_dags/example_trigger_controller_dag.py took 0.163 seconds
[2024-02-25T12:49:41.130+0000] {processor.py:157} INFO - Started process (PID=3397) to work on /home/airflow/.local/lib/python3.7/site-packages/airflow/example_dags/example_trigger_controller_dag.py
[2024-02-25T12:49:41.132+0000] {processor.py:826} INFO - Processing file /home/airflow/.local/lib/python3.7/site-packages/airflow/example_dags/example_trigger_controller_dag.py for tasks to queue
[2024-02-25T12:49:41.132+0000] {logging_mixin.py:150} INFO - [2024-02-25T12:49:41.132+0000] {dagbag.py:541} INFO - Filling up the DagBag from /home/airflow/.local/lib/python3.7/site-packages/airflow/example_dags/example_trigger_controller_dag.py
[2024-02-25T12:49:41.138+0000] {processor.py:836} INFO - DAG(s) dict_keys(['example_trigger_controller_dag']) retrieved from /home/airflow/.local/lib/python3.7/site-packages/airflow/example_dags/example_trigger_controller_dag.py
[2024-02-25T12:49:41.164+0000] {logging_mixin.py:150} INFO - [2024-02-25T12:49:41.164+0000] {dag.py:2742} INFO - Sync 1 DAGs
[2024-02-25T12:49:41.195+0000] {logging_mixin.py:150} INFO - [2024-02-25T12:49:41.195+0000] {dag.py:3508} INFO - Setting next_dagrun for example_trigger_controller_dag to 2021-01-01T00:00:00+00:00, run_after=2021-01-01T00:00:00+00:00
[2024-02-25T12:49:41.220+0000] {processor.py:179} INFO - Processing /home/airflow/.local/lib/python3.7/site-packages/airflow/example_dags/example_trigger_controller_dag.py took 0.094 seconds
[2024-02-25T12:50:12.228+0000] {processor.py:157} INFO - Started process (PID=3638) to work on /home/airflow/.local/lib/python3.7/site-packages/airflow/example_dags/example_trigger_controller_dag.py
[2024-02-25T12:50:12.229+0000] {processor.py:826} INFO - Processing file /home/airflow/.local/lib/python3.7/site-packages/airflow/example_dags/example_trigger_controller_dag.py for tasks to queue
[2024-02-25T12:50:12.230+0000] {logging_mixin.py:150} INFO - [2024-02-25T12:50:12.230+0000] {dagbag.py:541} INFO - Filling up the DagBag from /home/airflow/.local/lib/python3.7/site-packages/airflow/example_dags/example_trigger_controller_dag.py
[2024-02-25T12:50:12.235+0000] {processor.py:836} INFO - DAG(s) dict_keys(['example_trigger_controller_dag']) retrieved from /home/airflow/.local/lib/python3.7/site-packages/airflow/example_dags/example_trigger_controller_dag.py
[2024-02-25T12:50:12.261+0000] {logging_mixin.py:150} INFO - [2024-02-25T12:50:12.261+0000] {dag.py:2742} INFO - Sync 1 DAGs
[2024-02-25T12:50:12.293+0000] {logging_mixin.py:150} INFO - [2024-02-25T12:50:12.293+0000] {dag.py:3508} INFO - Setting next_dagrun for example_trigger_controller_dag to 2021-01-01T00:00:00+00:00, run_after=2021-01-01T00:00:00+00:00
[2024-02-25T12:50:12.318+0000] {processor.py:179} INFO - Processing /home/airflow/.local/lib/python3.7/site-packages/airflow/example_dags/example_trigger_controller_dag.py took 0.094 seconds
[2024-02-25T12:50:42.823+0000] {processor.py:157} INFO - Started process (PID=3879) to work on /home/airflow/.local/lib/python3.7/site-packages/airflow/example_dags/example_trigger_controller_dag.py
[2024-02-25T12:50:42.824+0000] {processor.py:826} INFO - Processing file /home/airflow/.local/lib/python3.7/site-packages/airflow/example_dags/example_trigger_controller_dag.py for tasks to queue
[2024-02-25T12:50:42.824+0000] {logging_mixin.py:150} INFO - [2024-02-25T12:50:42.824+0000] {dagbag.py:541} INFO - Filling up the DagBag from /home/airflow/.local/lib/python3.7/site-packages/airflow/example_dags/example_trigger_controller_dag.py
[2024-02-25T12:50:42.829+0000] {processor.py:836} INFO - DAG(s) dict_keys(['example_trigger_controller_dag']) retrieved from /home/airflow/.local/lib/python3.7/site-packages/airflow/example_dags/example_trigger_controller_dag.py
[2024-02-25T12:50:42.857+0000] {logging_mixin.py:150} INFO - [2024-02-25T12:50:42.857+0000] {dag.py:2742} INFO - Sync 1 DAGs
[2024-02-25T12:50:42.899+0000] {logging_mixin.py:150} INFO - [2024-02-25T12:50:42.899+0000] {dag.py:3508} INFO - Setting next_dagrun for example_trigger_controller_dag to 2021-01-01T00:00:00+00:00, run_after=2021-01-01T00:00:00+00:00
[2024-02-25T12:50:42.922+0000] {processor.py:179} INFO - Processing /home/airflow/.local/lib/python3.7/site-packages/airflow/example_dags/example_trigger_controller_dag.py took 0.104 seconds
[2024-02-25T12:51:13.181+0000] {processor.py:157} INFO - Started process (PID=4120) to work on /home/airflow/.local/lib/python3.7/site-packages/airflow/example_dags/example_trigger_controller_dag.py
[2024-02-25T12:51:13.182+0000] {processor.py:826} INFO - Processing file /home/airflow/.local/lib/python3.7/site-packages/airflow/example_dags/example_trigger_controller_dag.py for tasks to queue
[2024-02-25T12:51:13.183+0000] {logging_mixin.py:150} INFO - [2024-02-25T12:51:13.182+0000] {dagbag.py:541} INFO - Filling up the DagBag from /home/airflow/.local/lib/python3.7/site-packages/airflow/example_dags/example_trigger_controller_dag.py
[2024-02-25T12:51:13.187+0000] {processor.py:836} INFO - DAG(s) dict_keys(['example_trigger_controller_dag']) retrieved from /home/airflow/.local/lib/python3.7/site-packages/airflow/example_dags/example_trigger_controller_dag.py
[2024-02-25T12:51:13.212+0000] {logging_mixin.py:150} INFO - [2024-02-25T12:51:13.212+0000] {dag.py:2742} INFO - Sync 1 DAGs
[2024-02-25T12:51:13.241+0000] {logging_mixin.py:150} INFO - [2024-02-25T12:51:13.241+0000] {dag.py:3508} INFO - Setting next_dagrun for example_trigger_controller_dag to 2021-01-01T00:00:00+00:00, run_after=2021-01-01T00:00:00+00:00
[2024-02-25T12:51:13.282+0000] {processor.py:179} INFO - Processing /home/airflow/.local/lib/python3.7/site-packages/airflow/example_dags/example_trigger_controller_dag.py took 0.106 seconds
[2024-02-25T12:51:44.044+0000] {processor.py:157} INFO - Started process (PID=4361) to work on /home/airflow/.local/lib/python3.7/site-packages/airflow/example_dags/example_trigger_controller_dag.py
[2024-02-25T12:51:44.045+0000] {processor.py:826} INFO - Processing file /home/airflow/.local/lib/python3.7/site-packages/airflow/example_dags/example_trigger_controller_dag.py for tasks to queue
[2024-02-25T12:51:44.046+0000] {logging_mixin.py:150} INFO - [2024-02-25T12:51:44.046+0000] {dagbag.py:541} INFO - Filling up the DagBag from /home/airflow/.local/lib/python3.7/site-packages/airflow/example_dags/example_trigger_controller_dag.py
[2024-02-25T12:51:44.050+0000] {processor.py:836} INFO - DAG(s) dict_keys(['example_trigger_controller_dag']) retrieved from /home/airflow/.local/lib/python3.7/site-packages/airflow/example_dags/example_trigger_controller_dag.py
[2024-02-25T12:51:44.077+0000] {logging_mixin.py:150} INFO - [2024-02-25T12:51:44.076+0000] {dag.py:2742} INFO - Sync 1 DAGs
[2024-02-25T12:51:44.107+0000] {logging_mixin.py:150} INFO - [2024-02-25T12:51:44.106+0000] {dag.py:3508} INFO - Setting next_dagrun for example_trigger_controller_dag to 2021-01-01T00:00:00+00:00, run_after=2021-01-01T00:00:00+00:00
[2024-02-25T12:51:44.136+0000] {processor.py:179} INFO - Processing /home/airflow/.local/lib/python3.7/site-packages/airflow/example_dags/example_trigger_controller_dag.py took 0.096 seconds
[2024-02-25T12:52:14.633+0000] {processor.py:157} INFO - Started process (PID=4602) to work on /home/airflow/.local/lib/python3.7/site-packages/airflow/example_dags/example_trigger_controller_dag.py
[2024-02-25T12:52:14.634+0000] {processor.py:826} INFO - Processing file /home/airflow/.local/lib/python3.7/site-packages/airflow/example_dags/example_trigger_controller_dag.py for tasks to queue
[2024-02-25T12:52:14.635+0000] {logging_mixin.py:150} INFO - [2024-02-25T12:52:14.635+0000] {dagbag.py:541} INFO - Filling up the DagBag from /home/airflow/.local/lib/python3.7/site-packages/airflow/example_dags/example_trigger_controller_dag.py
[2024-02-25T12:52:14.639+0000] {processor.py:836} INFO - DAG(s) dict_keys(['example_trigger_controller_dag']) retrieved from /home/airflow/.local/lib/python3.7/site-packages/airflow/example_dags/example_trigger_controller_dag.py
[2024-02-25T12:52:14.667+0000] {logging_mixin.py:150} INFO - [2024-02-25T12:52:14.667+0000] {dag.py:2742} INFO - Sync 1 DAGs
[2024-02-25T12:52:14.706+0000] {logging_mixin.py:150} INFO - [2024-02-25T12:52:14.706+0000] {dag.py:3508} INFO - Setting next_dagrun for example_trigger_controller_dag to 2021-01-01T00:00:00+00:00, run_after=2021-01-01T00:00:00+00:00
[2024-02-25T12:52:14.736+0000] {processor.py:179} INFO - Processing /home/airflow/.local/lib/python3.7/site-packages/airflow/example_dags/example_trigger_controller_dag.py took 0.107 seconds
[2024-02-25T12:52:44.989+0000] {processor.py:157} INFO - Started process (PID=4843) to work on /home/airflow/.local/lib/python3.7/site-packages/airflow/example_dags/example_trigger_controller_dag.py
[2024-02-25T12:52:44.990+0000] {processor.py:826} INFO - Processing file /home/airflow/.local/lib/python3.7/site-packages/airflow/example_dags/example_trigger_controller_dag.py for tasks to queue
[2024-02-25T12:52:44.991+0000] {logging_mixin.py:150} INFO - [2024-02-25T12:52:44.991+0000] {dagbag.py:541} INFO - Filling up the DagBag from /home/airflow/.local/lib/python3.7/site-packages/airflow/example_dags/example_trigger_controller_dag.py
[2024-02-25T12:52:44.996+0000] {processor.py:836} INFO - DAG(s) dict_keys(['example_trigger_controller_dag']) retrieved from /home/airflow/.local/lib/python3.7/site-packages/airflow/example_dags/example_trigger_controller_dag.py
[2024-02-25T12:52:45.027+0000] {logging_mixin.py:150} INFO - [2024-02-25T12:52:45.027+0000] {dag.py:2742} INFO - Sync 1 DAGs
[2024-02-25T12:52:45.068+0000] {logging_mixin.py:150} INFO - [2024-02-25T12:52:45.068+0000] {dag.py:3508} INFO - Setting next_dagrun for example_trigger_controller_dag to 2021-01-01T00:00:00+00:00, run_after=2021-01-01T00:00:00+00:00
[2024-02-25T12:52:45.097+0000] {processor.py:179} INFO - Processing /home/airflow/.local/lib/python3.7/site-packages/airflow/example_dags/example_trigger_controller_dag.py took 0.113 seconds
[2024-02-25T12:53:15.128+0000] {processor.py:157} INFO - Started process (PID=5081) to work on /home/airflow/.local/lib/python3.7/site-packages/airflow/example_dags/example_trigger_controller_dag.py
[2024-02-25T12:53:15.129+0000] {processor.py:826} INFO - Processing file /home/airflow/.local/lib/python3.7/site-packages/airflow/example_dags/example_trigger_controller_dag.py for tasks to queue
[2024-02-25T12:53:15.129+0000] {logging_mixin.py:150} INFO - [2024-02-25T12:53:15.129+0000] {dagbag.py:541} INFO - Filling up the DagBag from /home/airflow/.local/lib/python3.7/site-packages/airflow/example_dags/example_trigger_controller_dag.py
[2024-02-25T12:53:15.133+0000] {processor.py:836} INFO - DAG(s) dict_keys(['example_trigger_controller_dag']) retrieved from /home/airflow/.local/lib/python3.7/site-packages/airflow/example_dags/example_trigger_controller_dag.py
[2024-02-25T12:53:15.156+0000] {logging_mixin.py:150} INFO - [2024-02-25T12:53:15.156+0000] {dag.py:2742} INFO - Sync 1 DAGs
[2024-02-25T12:53:15.180+0000] {logging_mixin.py:150} INFO - [2024-02-25T12:53:15.180+0000] {dag.py:3508} INFO - Setting next_dagrun for example_trigger_controller_dag to 2021-01-01T00:00:00+00:00, run_after=2021-01-01T00:00:00+00:00
[2024-02-25T12:53:15.201+0000] {processor.py:179} INFO - Processing /home/airflow/.local/lib/python3.7/site-packages/airflow/example_dags/example_trigger_controller_dag.py took 0.077 seconds
[2024-02-25T12:53:46.152+0000] {processor.py:157} INFO - Started process (PID=5320) to work on /home/airflow/.local/lib/python3.7/site-packages/airflow/example_dags/example_trigger_controller_dag.py
[2024-02-25T12:53:46.153+0000] {processor.py:826} INFO - Processing file /home/airflow/.local/lib/python3.7/site-packages/airflow/example_dags/example_trigger_controller_dag.py for tasks to queue
[2024-02-25T12:53:46.154+0000] {logging_mixin.py:150} INFO - [2024-02-25T12:53:46.154+0000] {dagbag.py:541} INFO - Filling up the DagBag from /home/airflow/.local/lib/python3.7/site-packages/airflow/example_dags/example_trigger_controller_dag.py
[2024-02-25T12:53:46.158+0000] {processor.py:836} INFO - DAG(s) dict_keys(['example_trigger_controller_dag']) retrieved from /home/airflow/.local/lib/python3.7/site-packages/airflow/example_dags/example_trigger_controller_dag.py
[2024-02-25T12:53:46.187+0000] {logging_mixin.py:150} INFO - [2024-02-25T12:53:46.187+0000] {dag.py:2742} INFO - Sync 1 DAGs
[2024-02-25T12:53:46.225+0000] {logging_mixin.py:150} INFO - [2024-02-25T12:53:46.225+0000] {dag.py:3508} INFO - Setting next_dagrun for example_trigger_controller_dag to 2021-01-01T00:00:00+00:00, run_after=2021-01-01T00:00:00+00:00
[2024-02-25T12:53:46.246+0000] {processor.py:179} INFO - Processing /home/airflow/.local/lib/python3.7/site-packages/airflow/example_dags/example_trigger_controller_dag.py took 0.098 seconds
[2024-02-25T12:54:16.773+0000] {processor.py:157} INFO - Started process (PID=5561) to work on /home/airflow/.local/lib/python3.7/site-packages/airflow/example_dags/example_trigger_controller_dag.py
[2024-02-25T12:54:16.774+0000] {processor.py:826} INFO - Processing file /home/airflow/.local/lib/python3.7/site-packages/airflow/example_dags/example_trigger_controller_dag.py for tasks to queue
[2024-02-25T12:54:16.775+0000] {logging_mixin.py:150} INFO - [2024-02-25T12:54:16.775+0000] {dagbag.py:541} INFO - Filling up the DagBag from /home/airflow/.local/lib/python3.7/site-packages/airflow/example_dags/example_trigger_controller_dag.py
[2024-02-25T12:54:16.779+0000] {processor.py:836} INFO - DAG(s) dict_keys(['example_trigger_controller_dag']) retrieved from /home/airflow/.local/lib/python3.7/site-packages/airflow/example_dags/example_trigger_controller_dag.py
[2024-02-25T12:54:16.804+0000] {logging_mixin.py:150} INFO - [2024-02-25T12:54:16.804+0000] {dag.py:2742} INFO - Sync 1 DAGs
[2024-02-25T12:54:16.837+0000] {logging_mixin.py:150} INFO - [2024-02-25T12:54:16.837+0000] {dag.py:3508} INFO - Setting next_dagrun for example_trigger_controller_dag to 2021-01-01T00:00:00+00:00, run_after=2021-01-01T00:00:00+00:00
[2024-02-25T12:54:16.859+0000] {processor.py:179} INFO - Processing /home/airflow/.local/lib/python3.7/site-packages/airflow/example_dags/example_trigger_controller_dag.py took 0.090 seconds
[2024-02-25T12:54:47.380+0000] {processor.py:157} INFO - Started process (PID=5802) to work on /home/airflow/.local/lib/python3.7/site-packages/airflow/example_dags/example_trigger_controller_dag.py
[2024-02-25T12:54:47.380+0000] {processor.py:826} INFO - Processing file /home/airflow/.local/lib/python3.7/site-packages/airflow/example_dags/example_trigger_controller_dag.py for tasks to queue
[2024-02-25T12:54:47.381+0000] {logging_mixin.py:150} INFO - [2024-02-25T12:54:47.381+0000] {dagbag.py:541} INFO - Filling up the DagBag from /home/airflow/.local/lib/python3.7/site-packages/airflow/example_dags/example_trigger_controller_dag.py
[2024-02-25T12:54:47.385+0000] {processor.py:836} INFO - DAG(s) dict_keys(['example_trigger_controller_dag']) retrieved from /home/airflow/.local/lib/python3.7/site-packages/airflow/example_dags/example_trigger_controller_dag.py
[2024-02-25T12:54:47.415+0000] {logging_mixin.py:150} INFO - [2024-02-25T12:54:47.415+0000] {dag.py:2742} INFO - Sync 1 DAGs
[2024-02-25T12:54:47.445+0000] {logging_mixin.py:150} INFO - [2024-02-25T12:54:47.445+0000] {dag.py:3508} INFO - Setting next_dagrun for example_trigger_controller_dag to 2021-01-01T00:00:00+00:00, run_after=2021-01-01T00:00:00+00:00
[2024-02-25T12:54:47.468+0000] {processor.py:179} INFO - Processing /home/airflow/.local/lib/python3.7/site-packages/airflow/example_dags/example_trigger_controller_dag.py took 0.093 seconds
[2024-02-25T12:55:17.909+0000] {processor.py:157} INFO - Started process (PID=6042) to work on /home/airflow/.local/lib/python3.7/site-packages/airflow/example_dags/example_trigger_controller_dag.py
[2024-02-25T12:55:17.910+0000] {processor.py:826} INFO - Processing file /home/airflow/.local/lib/python3.7/site-packages/airflow/example_dags/example_trigger_controller_dag.py for tasks to queue
[2024-02-25T12:55:17.911+0000] {logging_mixin.py:150} INFO - [2024-02-25T12:55:17.911+0000] {dagbag.py:541} INFO - Filling up the DagBag from /home/airflow/.local/lib/python3.7/site-packages/airflow/example_dags/example_trigger_controller_dag.py
[2024-02-25T12:55:17.916+0000] {processor.py:836} INFO - DAG(s) dict_keys(['example_trigger_controller_dag']) retrieved from /home/airflow/.local/lib/python3.7/site-packages/airflow/example_dags/example_trigger_controller_dag.py
[2024-02-25T12:55:17.942+0000] {logging_mixin.py:150} INFO - [2024-02-25T12:55:17.942+0000] {dag.py:2742} INFO - Sync 1 DAGs
[2024-02-25T12:55:17.971+0000] {logging_mixin.py:150} INFO - [2024-02-25T12:55:17.971+0000] {dag.py:3508} INFO - Setting next_dagrun for example_trigger_controller_dag to 2021-01-01T00:00:00+00:00, run_after=2021-01-01T00:00:00+00:00
[2024-02-25T12:55:17.997+0000] {processor.py:179} INFO - Processing /home/airflow/.local/lib/python3.7/site-packages/airflow/example_dags/example_trigger_controller_dag.py took 0.092 seconds
[2024-02-25T12:55:48.764+0000] {processor.py:157} INFO - Started process (PID=6283) to work on /home/airflow/.local/lib/python3.7/site-packages/airflow/example_dags/example_trigger_controller_dag.py
[2024-02-25T12:55:48.765+0000] {processor.py:826} INFO - Processing file /home/airflow/.local/lib/python3.7/site-packages/airflow/example_dags/example_trigger_controller_dag.py for tasks to queue
[2024-02-25T12:55:48.766+0000] {logging_mixin.py:150} INFO - [2024-02-25T12:55:48.766+0000] {dagbag.py:541} INFO - Filling up the DagBag from /home/airflow/.local/lib/python3.7/site-packages/airflow/example_dags/example_trigger_controller_dag.py
[2024-02-25T12:55:48.771+0000] {processor.py:836} INFO - DAG(s) dict_keys(['example_trigger_controller_dag']) retrieved from /home/airflow/.local/lib/python3.7/site-packages/airflow/example_dags/example_trigger_controller_dag.py
[2024-02-25T12:55:48.797+0000] {logging_mixin.py:150} INFO - [2024-02-25T12:55:48.797+0000] {dag.py:2742} INFO - Sync 1 DAGs
[2024-02-25T12:55:48.828+0000] {logging_mixin.py:150} INFO - [2024-02-25T12:55:48.828+0000] {dag.py:3508} INFO - Setting next_dagrun for example_trigger_controller_dag to 2021-01-01T00:00:00+00:00, run_after=2021-01-01T00:00:00+00:00
[2024-02-25T12:55:48.851+0000] {processor.py:179} INFO - Processing /home/airflow/.local/lib/python3.7/site-packages/airflow/example_dags/example_trigger_controller_dag.py took 0.091 seconds
[2024-02-25T12:56:19.017+0000] {processor.py:157} INFO - Started process (PID=6524) to work on /home/airflow/.local/lib/python3.7/site-packages/airflow/example_dags/example_trigger_controller_dag.py
[2024-02-25T12:56:19.018+0000] {processor.py:826} INFO - Processing file /home/airflow/.local/lib/python3.7/site-packages/airflow/example_dags/example_trigger_controller_dag.py for tasks to queue
[2024-02-25T12:56:19.019+0000] {logging_mixin.py:150} INFO - [2024-02-25T12:56:19.019+0000] {dagbag.py:541} INFO - Filling up the DagBag from /home/airflow/.local/lib/python3.7/site-packages/airflow/example_dags/example_trigger_controller_dag.py
[2024-02-25T12:56:19.024+0000] {processor.py:836} INFO - DAG(s) dict_keys(['example_trigger_controller_dag']) retrieved from /home/airflow/.local/lib/python3.7/site-packages/airflow/example_dags/example_trigger_controller_dag.py
[2024-02-25T12:56:19.046+0000] {logging_mixin.py:150} INFO - [2024-02-25T12:56:19.046+0000] {dag.py:2742} INFO - Sync 1 DAGs
[2024-02-25T12:56:19.071+0000] {logging_mixin.py:150} INFO - [2024-02-25T12:56:19.070+0000] {dag.py:3508} INFO - Setting next_dagrun for example_trigger_controller_dag to 2021-01-01T00:00:00+00:00, run_after=2021-01-01T00:00:00+00:00
[2024-02-25T12:56:19.091+0000] {processor.py:179} INFO - Processing /home/airflow/.local/lib/python3.7/site-packages/airflow/example_dags/example_trigger_controller_dag.py took 0.079 seconds
[2024-02-25T12:56:49.243+0000] {processor.py:157} INFO - Started process (PID=6765) to work on /home/airflow/.local/lib/python3.7/site-packages/airflow/example_dags/example_trigger_controller_dag.py
[2024-02-25T12:56:49.244+0000] {processor.py:826} INFO - Processing file /home/airflow/.local/lib/python3.7/site-packages/airflow/example_dags/example_trigger_controller_dag.py for tasks to queue
[2024-02-25T12:56:49.244+0000] {logging_mixin.py:150} INFO - [2024-02-25T12:56:49.244+0000] {dagbag.py:541} INFO - Filling up the DagBag from /home/airflow/.local/lib/python3.7/site-packages/airflow/example_dags/example_trigger_controller_dag.py
[2024-02-25T12:56:49.248+0000] {processor.py:836} INFO - DAG(s) dict_keys(['example_trigger_controller_dag']) retrieved from /home/airflow/.local/lib/python3.7/site-packages/airflow/example_dags/example_trigger_controller_dag.py
[2024-02-25T12:56:49.271+0000] {logging_mixin.py:150} INFO - [2024-02-25T12:56:49.271+0000] {dag.py:2742} INFO - Sync 1 DAGs
[2024-02-25T12:56:49.298+0000] {logging_mixin.py:150} INFO - [2024-02-25T12:56:49.298+0000] {dag.py:3508} INFO - Setting next_dagrun for example_trigger_controller_dag to 2021-01-01T00:00:00+00:00, run_after=2021-01-01T00:00:00+00:00
[2024-02-25T12:56:49.320+0000] {processor.py:179} INFO - Processing /home/airflow/.local/lib/python3.7/site-packages/airflow/example_dags/example_trigger_controller_dag.py took 0.080 seconds
