[2024-02-25T12:43:02.430+0000] {processor.py:157} INFO - Started process (PID=311) to work on /home/airflow/.local/lib/python3.7/site-packages/airflow/example_dags/example_nested_branch_dag.py
[2024-02-25T12:43:02.431+0000] {processor.py:826} INFO - Processing file /home/airflow/.local/lib/python3.7/site-packages/airflow/example_dags/example_nested_branch_dag.py for tasks to queue
[2024-02-25T12:43:02.432+0000] {logging_mixin.py:150} INFO - [2024-02-25T12:43:02.432+0000] {dagbag.py:541} INFO - Filling up the DagBag from /home/airflow/.local/lib/python3.7/site-packages/airflow/example_dags/example_nested_branch_dag.py
[2024-02-25T12:43:02.454+0000] {processor.py:836} INFO - DAG(s) dict_keys(['example_nested_branch_dag']) retrieved from /home/airflow/.local/lib/python3.7/site-packages/airflow/example_dags/example_nested_branch_dag.py
[2024-02-25T12:43:02.470+0000] {logging_mixin.py:150} INFO - [2024-02-25T12:43:02.469+0000] {dag.py:2742} INFO - Sync 1 DAGs
[2024-02-25T12:43:02.513+0000] {logging_mixin.py:150} INFO - [2024-02-25T12:43:02.512+0000] {dag.py:3508} INFO - Setting next_dagrun for example_nested_branch_dag to 2024-02-24T00:00:00+00:00, run_after=2024-02-25T00:00:00+00:00
[2024-02-25T12:43:02.550+0000] {processor.py:179} INFO - Processing /home/airflow/.local/lib/python3.7/site-packages/airflow/example_dags/example_nested_branch_dag.py took 0.128 seconds
[2024-02-25T12:43:33.370+0000] {processor.py:157} INFO - Started process (PID=551) to work on /home/airflow/.local/lib/python3.7/site-packages/airflow/example_dags/example_nested_branch_dag.py
[2024-02-25T12:43:33.371+0000] {processor.py:826} INFO - Processing file /home/airflow/.local/lib/python3.7/site-packages/airflow/example_dags/example_nested_branch_dag.py for tasks to queue
[2024-02-25T12:43:33.371+0000] {logging_mixin.py:150} INFO - [2024-02-25T12:43:33.371+0000] {dagbag.py:541} INFO - Filling up the DagBag from /home/airflow/.local/lib/python3.7/site-packages/airflow/example_dags/example_nested_branch_dag.py
[2024-02-25T12:43:33.381+0000] {processor.py:836} INFO - DAG(s) dict_keys(['example_nested_branch_dag']) retrieved from /home/airflow/.local/lib/python3.7/site-packages/airflow/example_dags/example_nested_branch_dag.py
[2024-02-25T12:43:33.416+0000] {logging_mixin.py:150} INFO - [2024-02-25T12:43:33.416+0000] {dag.py:2742} INFO - Sync 1 DAGs
[2024-02-25T12:43:33.455+0000] {logging_mixin.py:150} INFO - [2024-02-25T12:43:33.455+0000] {dag.py:3508} INFO - Setting next_dagrun for example_nested_branch_dag to 2024-02-24T00:00:00+00:00, run_after=2024-02-25T00:00:00+00:00
[2024-02-25T12:43:33.483+0000] {processor.py:179} INFO - Processing /home/airflow/.local/lib/python3.7/site-packages/airflow/example_dags/example_nested_branch_dag.py took 0.117 seconds
[2024-02-25T12:44:04.451+0000] {processor.py:157} INFO - Started process (PID=793) to work on /home/airflow/.local/lib/python3.7/site-packages/airflow/example_dags/example_nested_branch_dag.py
[2024-02-25T12:44:04.452+0000] {processor.py:826} INFO - Processing file /home/airflow/.local/lib/python3.7/site-packages/airflow/example_dags/example_nested_branch_dag.py for tasks to queue
[2024-02-25T12:44:04.453+0000] {logging_mixin.py:150} INFO - [2024-02-25T12:44:04.452+0000] {dagbag.py:541} INFO - Filling up the DagBag from /home/airflow/.local/lib/python3.7/site-packages/airflow/example_dags/example_nested_branch_dag.py
[2024-02-25T12:44:04.465+0000] {processor.py:836} INFO - DAG(s) dict_keys(['example_nested_branch_dag']) retrieved from /home/airflow/.local/lib/python3.7/site-packages/airflow/example_dags/example_nested_branch_dag.py
[2024-02-25T12:44:04.482+0000] {logging_mixin.py:150} INFO - [2024-02-25T12:44:04.482+0000] {dag.py:2742} INFO - Sync 1 DAGs
[2024-02-25T12:44:04.530+0000] {logging_mixin.py:150} INFO - [2024-02-25T12:44:04.529+0000] {dag.py:3508} INFO - Setting next_dagrun for example_nested_branch_dag to 2024-02-24T00:00:00+00:00, run_after=2024-02-25T00:00:00+00:00
[2024-02-25T12:44:04.564+0000] {processor.py:179} INFO - Processing /home/airflow/.local/lib/python3.7/site-packages/airflow/example_dags/example_nested_branch_dag.py took 0.117 seconds
[2024-02-25T12:44:35.305+0000] {processor.py:157} INFO - Started process (PID=1034) to work on /home/airflow/.local/lib/python3.7/site-packages/airflow/example_dags/example_nested_branch_dag.py
[2024-02-25T12:44:35.307+0000] {processor.py:826} INFO - Processing file /home/airflow/.local/lib/python3.7/site-packages/airflow/example_dags/example_nested_branch_dag.py for tasks to queue
[2024-02-25T12:44:35.308+0000] {logging_mixin.py:150} INFO - [2024-02-25T12:44:35.307+0000] {dagbag.py:541} INFO - Filling up the DagBag from /home/airflow/.local/lib/python3.7/site-packages/airflow/example_dags/example_nested_branch_dag.py
[2024-02-25T12:44:35.321+0000] {processor.py:836} INFO - DAG(s) dict_keys(['example_nested_branch_dag']) retrieved from /home/airflow/.local/lib/python3.7/site-packages/airflow/example_dags/example_nested_branch_dag.py
[2024-02-25T12:44:35.360+0000] {logging_mixin.py:150} INFO - [2024-02-25T12:44:35.360+0000] {dag.py:2742} INFO - Sync 1 DAGs
[2024-02-25T12:44:35.410+0000] {logging_mixin.py:150} INFO - [2024-02-25T12:44:35.410+0000] {dag.py:3508} INFO - Setting next_dagrun for example_nested_branch_dag to 2024-02-24T00:00:00+00:00, run_after=2024-02-25T00:00:00+00:00
[2024-02-25T12:44:35.441+0000] {processor.py:179} INFO - Processing /home/airflow/.local/lib/python3.7/site-packages/airflow/example_dags/example_nested_branch_dag.py took 0.141 seconds
[2024-02-25T12:45:06.586+0000] {processor.py:157} INFO - Started process (PID=1275) to work on /home/airflow/.local/lib/python3.7/site-packages/airflow/example_dags/example_nested_branch_dag.py
[2024-02-25T12:45:06.590+0000] {processor.py:826} INFO - Processing file /home/airflow/.local/lib/python3.7/site-packages/airflow/example_dags/example_nested_branch_dag.py for tasks to queue
[2024-02-25T12:45:06.592+0000] {logging_mixin.py:150} INFO - [2024-02-25T12:45:06.591+0000] {dagbag.py:541} INFO - Filling up the DagBag from /home/airflow/.local/lib/python3.7/site-packages/airflow/example_dags/example_nested_branch_dag.py
[2024-02-25T12:45:06.612+0000] {processor.py:836} INFO - DAG(s) dict_keys(['example_nested_branch_dag']) retrieved from /home/airflow/.local/lib/python3.7/site-packages/airflow/example_dags/example_nested_branch_dag.py
[2024-02-25T12:45:06.646+0000] {logging_mixin.py:150} INFO - [2024-02-25T12:45:06.646+0000] {dag.py:2742} INFO - Sync 1 DAGs
[2024-02-25T12:45:06.699+0000] {logging_mixin.py:150} INFO - [2024-02-25T12:45:06.698+0000] {dag.py:3508} INFO - Setting next_dagrun for example_nested_branch_dag to 2024-02-24T00:00:00+00:00, run_after=2024-02-25T00:00:00+00:00
[2024-02-25T12:45:06.742+0000] {processor.py:179} INFO - Processing /home/airflow/.local/lib/python3.7/site-packages/airflow/example_dags/example_nested_branch_dag.py took 0.160 seconds
[2024-02-25T12:45:37.035+0000] {processor.py:157} INFO - Started process (PID=1523) to work on /home/airflow/.local/lib/python3.7/site-packages/airflow/example_dags/example_nested_branch_dag.py
[2024-02-25T12:45:37.036+0000] {processor.py:826} INFO - Processing file /home/airflow/.local/lib/python3.7/site-packages/airflow/example_dags/example_nested_branch_dag.py for tasks to queue
[2024-02-25T12:45:37.036+0000] {logging_mixin.py:150} INFO - [2024-02-25T12:45:37.036+0000] {dagbag.py:541} INFO - Filling up the DagBag from /home/airflow/.local/lib/python3.7/site-packages/airflow/example_dags/example_nested_branch_dag.py
[2024-02-25T12:45:37.052+0000] {processor.py:836} INFO - DAG(s) dict_keys(['example_nested_branch_dag']) retrieved from /home/airflow/.local/lib/python3.7/site-packages/airflow/example_dags/example_nested_branch_dag.py
[2024-02-25T12:45:37.107+0000] {logging_mixin.py:150} INFO - [2024-02-25T12:45:37.107+0000] {dag.py:2742} INFO - Sync 1 DAGs
[2024-02-25T12:45:37.155+0000] {logging_mixin.py:150} INFO - [2024-02-25T12:45:37.155+0000] {dag.py:3508} INFO - Setting next_dagrun for example_nested_branch_dag to 2024-02-24T00:00:00+00:00, run_after=2024-02-25T00:00:00+00:00
[2024-02-25T12:45:37.184+0000] {processor.py:179} INFO - Processing /home/airflow/.local/lib/python3.7/site-packages/airflow/example_dags/example_nested_branch_dag.py took 0.153 seconds
[2024-02-25T12:46:07.633+0000] {processor.py:157} INFO - Started process (PID=1764) to work on /home/airflow/.local/lib/python3.7/site-packages/airflow/example_dags/example_nested_branch_dag.py
[2024-02-25T12:46:07.634+0000] {processor.py:826} INFO - Processing file /home/airflow/.local/lib/python3.7/site-packages/airflow/example_dags/example_nested_branch_dag.py for tasks to queue
[2024-02-25T12:46:07.636+0000] {logging_mixin.py:150} INFO - [2024-02-25T12:46:07.635+0000] {dagbag.py:541} INFO - Filling up the DagBag from /home/airflow/.local/lib/python3.7/site-packages/airflow/example_dags/example_nested_branch_dag.py
[2024-02-25T12:46:07.657+0000] {processor.py:836} INFO - DAG(s) dict_keys(['example_nested_branch_dag']) retrieved from /home/airflow/.local/lib/python3.7/site-packages/airflow/example_dags/example_nested_branch_dag.py
[2024-02-25T12:46:07.701+0000] {logging_mixin.py:150} INFO - [2024-02-25T12:46:07.701+0000] {dag.py:2742} INFO - Sync 1 DAGs
[2024-02-25T12:46:07.748+0000] {logging_mixin.py:150} INFO - [2024-02-25T12:46:07.748+0000] {dag.py:3508} INFO - Setting next_dagrun for example_nested_branch_dag to 2024-02-24T00:00:00+00:00, run_after=2024-02-25T00:00:00+00:00
[2024-02-25T12:46:07.782+0000] {processor.py:179} INFO - Processing /home/airflow/.local/lib/python3.7/site-packages/airflow/example_dags/example_nested_branch_dag.py took 0.159 seconds
[2024-02-25T12:46:38.126+0000] {processor.py:157} INFO - Started process (PID=2005) to work on /home/airflow/.local/lib/python3.7/site-packages/airflow/example_dags/example_nested_branch_dag.py
[2024-02-25T12:46:38.127+0000] {processor.py:826} INFO - Processing file /home/airflow/.local/lib/python3.7/site-packages/airflow/example_dags/example_nested_branch_dag.py for tasks to queue
[2024-02-25T12:46:38.128+0000] {logging_mixin.py:150} INFO - [2024-02-25T12:46:38.128+0000] {dagbag.py:541} INFO - Filling up the DagBag from /home/airflow/.local/lib/python3.7/site-packages/airflow/example_dags/example_nested_branch_dag.py
[2024-02-25T12:46:38.141+0000] {processor.py:836} INFO - DAG(s) dict_keys(['example_nested_branch_dag']) retrieved from /home/airflow/.local/lib/python3.7/site-packages/airflow/example_dags/example_nested_branch_dag.py
[2024-02-25T12:46:38.178+0000] {logging_mixin.py:150} INFO - [2024-02-25T12:46:38.178+0000] {dag.py:2742} INFO - Sync 1 DAGs
[2024-02-25T12:46:38.233+0000] {logging_mixin.py:150} INFO - [2024-02-25T12:46:38.233+0000] {dag.py:3508} INFO - Setting next_dagrun for example_nested_branch_dag to 2024-02-24T00:00:00+00:00, run_after=2024-02-25T00:00:00+00:00
[2024-02-25T12:46:38.268+0000] {processor.py:179} INFO - Processing /home/airflow/.local/lib/python3.7/site-packages/airflow/example_dags/example_nested_branch_dag.py took 0.148 seconds
[2024-02-25T12:47:09.140+0000] {processor.py:157} INFO - Started process (PID=2246) to work on /home/airflow/.local/lib/python3.7/site-packages/airflow/example_dags/example_nested_branch_dag.py
[2024-02-25T12:47:09.142+0000] {processor.py:826} INFO - Processing file /home/airflow/.local/lib/python3.7/site-packages/airflow/example_dags/example_nested_branch_dag.py for tasks to queue
[2024-02-25T12:47:09.143+0000] {logging_mixin.py:150} INFO - [2024-02-25T12:47:09.143+0000] {dagbag.py:541} INFO - Filling up the DagBag from /home/airflow/.local/lib/python3.7/site-packages/airflow/example_dags/example_nested_branch_dag.py
[2024-02-25T12:47:09.158+0000] {processor.py:836} INFO - DAG(s) dict_keys(['example_nested_branch_dag']) retrieved from /home/airflow/.local/lib/python3.7/site-packages/airflow/example_dags/example_nested_branch_dag.py
[2024-02-25T12:47:09.198+0000] {logging_mixin.py:150} INFO - [2024-02-25T12:47:09.198+0000] {dag.py:2742} INFO - Sync 1 DAGs
[2024-02-25T12:47:09.255+0000] {logging_mixin.py:150} INFO - [2024-02-25T12:47:09.254+0000] {dag.py:3508} INFO - Setting next_dagrun for example_nested_branch_dag to 2024-02-24T00:00:00+00:00, run_after=2024-02-25T00:00:00+00:00
[2024-02-25T12:47:09.299+0000] {processor.py:179} INFO - Processing /home/airflow/.local/lib/python3.7/site-packages/airflow/example_dags/example_nested_branch_dag.py took 0.165 seconds
[2024-02-25T12:47:39.449+0000] {processor.py:157} INFO - Started process (PID=2487) to work on /home/airflow/.local/lib/python3.7/site-packages/airflow/example_dags/example_nested_branch_dag.py
[2024-02-25T12:47:39.450+0000] {processor.py:826} INFO - Processing file /home/airflow/.local/lib/python3.7/site-packages/airflow/example_dags/example_nested_branch_dag.py for tasks to queue
[2024-02-25T12:47:39.451+0000] {logging_mixin.py:150} INFO - [2024-02-25T12:47:39.451+0000] {dagbag.py:541} INFO - Filling up the DagBag from /home/airflow/.local/lib/python3.7/site-packages/airflow/example_dags/example_nested_branch_dag.py
[2024-02-25T12:47:39.463+0000] {processor.py:836} INFO - DAG(s) dict_keys(['example_nested_branch_dag']) retrieved from /home/airflow/.local/lib/python3.7/site-packages/airflow/example_dags/example_nested_branch_dag.py
[2024-02-25T12:47:39.491+0000] {logging_mixin.py:150} INFO - [2024-02-25T12:47:39.491+0000] {dag.py:2742} INFO - Sync 1 DAGs
[2024-02-25T12:47:39.523+0000] {logging_mixin.py:150} INFO - [2024-02-25T12:47:39.522+0000] {dag.py:3508} INFO - Setting next_dagrun for example_nested_branch_dag to 2024-02-24T00:00:00+00:00, run_after=2024-02-25T00:00:00+00:00
[2024-02-25T12:47:39.549+0000] {processor.py:179} INFO - Processing /home/airflow/.local/lib/python3.7/site-packages/airflow/example_dags/example_nested_branch_dag.py took 0.104 seconds
[2024-02-25T12:48:09.888+0000] {processor.py:157} INFO - Started process (PID=2728) to work on /home/airflow/.local/lib/python3.7/site-packages/airflow/example_dags/example_nested_branch_dag.py
[2024-02-25T12:48:09.890+0000] {processor.py:826} INFO - Processing file /home/airflow/.local/lib/python3.7/site-packages/airflow/example_dags/example_nested_branch_dag.py for tasks to queue
[2024-02-25T12:48:09.890+0000] {logging_mixin.py:150} INFO - [2024-02-25T12:48:09.890+0000] {dagbag.py:541} INFO - Filling up the DagBag from /home/airflow/.local/lib/python3.7/site-packages/airflow/example_dags/example_nested_branch_dag.py
[2024-02-25T12:48:09.903+0000] {processor.py:836} INFO - DAG(s) dict_keys(['example_nested_branch_dag']) retrieved from /home/airflow/.local/lib/python3.7/site-packages/airflow/example_dags/example_nested_branch_dag.py
[2024-02-25T12:48:09.932+0000] {logging_mixin.py:150} INFO - [2024-02-25T12:48:09.931+0000] {dag.py:2742} INFO - Sync 1 DAGs
[2024-02-25T12:48:09.973+0000] {logging_mixin.py:150} INFO - [2024-02-25T12:48:09.972+0000] {dag.py:3508} INFO - Setting next_dagrun for example_nested_branch_dag to 2024-02-24T00:00:00+00:00, run_after=2024-02-25T00:00:00+00:00
[2024-02-25T12:48:10.003+0000] {processor.py:179} INFO - Processing /home/airflow/.local/lib/python3.7/site-packages/airflow/example_dags/example_nested_branch_dag.py took 0.119 seconds
[2024-02-25T12:48:40.505+0000] {processor.py:157} INFO - Started process (PID=2970) to work on /home/airflow/.local/lib/python3.7/site-packages/airflow/example_dags/example_nested_branch_dag.py
[2024-02-25T12:48:40.506+0000] {processor.py:826} INFO - Processing file /home/airflow/.local/lib/python3.7/site-packages/airflow/example_dags/example_nested_branch_dag.py for tasks to queue
[2024-02-25T12:48:40.507+0000] {logging_mixin.py:150} INFO - [2024-02-25T12:48:40.507+0000] {dagbag.py:541} INFO - Filling up the DagBag from /home/airflow/.local/lib/python3.7/site-packages/airflow/example_dags/example_nested_branch_dag.py
[2024-02-25T12:48:40.522+0000] {processor.py:836} INFO - DAG(s) dict_keys(['example_nested_branch_dag']) retrieved from /home/airflow/.local/lib/python3.7/site-packages/airflow/example_dags/example_nested_branch_dag.py
[2024-02-25T12:48:40.555+0000] {logging_mixin.py:150} INFO - [2024-02-25T12:48:40.555+0000] {dag.py:2742} INFO - Sync 1 DAGs
[2024-02-25T12:48:40.602+0000] {logging_mixin.py:150} INFO - [2024-02-25T12:48:40.602+0000] {dag.py:3508} INFO - Setting next_dagrun for example_nested_branch_dag to 2024-02-24T00:00:00+00:00, run_after=2024-02-25T00:00:00+00:00
[2024-02-25T12:48:40.633+0000] {processor.py:179} INFO - Processing /home/airflow/.local/lib/python3.7/site-packages/airflow/example_dags/example_nested_branch_dag.py took 0.133 seconds
[2024-02-25T12:49:11.641+0000] {processor.py:157} INFO - Started process (PID=3213) to work on /home/airflow/.local/lib/python3.7/site-packages/airflow/example_dags/example_nested_branch_dag.py
[2024-02-25T12:49:11.642+0000] {processor.py:826} INFO - Processing file /home/airflow/.local/lib/python3.7/site-packages/airflow/example_dags/example_nested_branch_dag.py for tasks to queue
[2024-02-25T12:49:11.643+0000] {logging_mixin.py:150} INFO - [2024-02-25T12:49:11.643+0000] {dagbag.py:541} INFO - Filling up the DagBag from /home/airflow/.local/lib/python3.7/site-packages/airflow/example_dags/example_nested_branch_dag.py
[2024-02-25T12:49:11.657+0000] {processor.py:836} INFO - DAG(s) dict_keys(['example_nested_branch_dag']) retrieved from /home/airflow/.local/lib/python3.7/site-packages/airflow/example_dags/example_nested_branch_dag.py
[2024-02-25T12:49:11.696+0000] {logging_mixin.py:150} INFO - [2024-02-25T12:49:11.695+0000] {dag.py:2742} INFO - Sync 1 DAGs
[2024-02-25T12:49:11.742+0000] {logging_mixin.py:150} INFO - [2024-02-25T12:49:11.742+0000] {dag.py:3508} INFO - Setting next_dagrun for example_nested_branch_dag to 2024-02-24T00:00:00+00:00, run_after=2024-02-25T00:00:00+00:00
[2024-02-25T12:49:11.772+0000] {processor.py:179} INFO - Processing /home/airflow/.local/lib/python3.7/site-packages/airflow/example_dags/example_nested_branch_dag.py took 0.138 seconds
[2024-02-25T12:49:41.916+0000] {processor.py:157} INFO - Started process (PID=3452) to work on /home/airflow/.local/lib/python3.7/site-packages/airflow/example_dags/example_nested_branch_dag.py
[2024-02-25T12:49:41.917+0000] {processor.py:826} INFO - Processing file /home/airflow/.local/lib/python3.7/site-packages/airflow/example_dags/example_nested_branch_dag.py for tasks to queue
[2024-02-25T12:49:41.918+0000] {logging_mixin.py:150} INFO - [2024-02-25T12:49:41.918+0000] {dagbag.py:541} INFO - Filling up the DagBag from /home/airflow/.local/lib/python3.7/site-packages/airflow/example_dags/example_nested_branch_dag.py
[2024-02-25T12:49:41.928+0000] {processor.py:836} INFO - DAG(s) dict_keys(['example_nested_branch_dag']) retrieved from /home/airflow/.local/lib/python3.7/site-packages/airflow/example_dags/example_nested_branch_dag.py
[2024-02-25T12:49:41.959+0000] {logging_mixin.py:150} INFO - [2024-02-25T12:49:41.958+0000] {dag.py:2742} INFO - Sync 1 DAGs
[2024-02-25T12:49:41.998+0000] {logging_mixin.py:150} INFO - [2024-02-25T12:49:41.998+0000] {dag.py:3508} INFO - Setting next_dagrun for example_nested_branch_dag to 2024-02-24T00:00:00+00:00, run_after=2024-02-25T00:00:00+00:00
[2024-02-25T12:49:42.027+0000] {processor.py:179} INFO - Processing /home/airflow/.local/lib/python3.7/site-packages/airflow/example_dags/example_nested_branch_dag.py took 0.115 seconds
[2024-02-25T12:50:12.957+0000] {processor.py:157} INFO - Started process (PID=3693) to work on /home/airflow/.local/lib/python3.7/site-packages/airflow/example_dags/example_nested_branch_dag.py
[2024-02-25T12:50:12.958+0000] {processor.py:826} INFO - Processing file /home/airflow/.local/lib/python3.7/site-packages/airflow/example_dags/example_nested_branch_dag.py for tasks to queue
[2024-02-25T12:50:12.959+0000] {logging_mixin.py:150} INFO - [2024-02-25T12:50:12.959+0000] {dagbag.py:541} INFO - Filling up the DagBag from /home/airflow/.local/lib/python3.7/site-packages/airflow/example_dags/example_nested_branch_dag.py
[2024-02-25T12:50:12.973+0000] {processor.py:836} INFO - DAG(s) dict_keys(['example_nested_branch_dag']) retrieved from /home/airflow/.local/lib/python3.7/site-packages/airflow/example_dags/example_nested_branch_dag.py
[2024-02-25T12:50:13.003+0000] {logging_mixin.py:150} INFO - [2024-02-25T12:50:13.003+0000] {dag.py:2742} INFO - Sync 1 DAGs
[2024-02-25T12:50:13.040+0000] {logging_mixin.py:150} INFO - [2024-02-25T12:50:13.040+0000] {dag.py:3508} INFO - Setting next_dagrun for example_nested_branch_dag to 2024-02-24T00:00:00+00:00, run_after=2024-02-25T00:00:00+00:00
[2024-02-25T12:50:13.071+0000] {processor.py:179} INFO - Processing /home/airflow/.local/lib/python3.7/site-packages/airflow/example_dags/example_nested_branch_dag.py took 0.118 seconds
[2024-02-25T12:50:43.673+0000] {processor.py:157} INFO - Started process (PID=3934) to work on /home/airflow/.local/lib/python3.7/site-packages/airflow/example_dags/example_nested_branch_dag.py
[2024-02-25T12:50:43.674+0000] {processor.py:826} INFO - Processing file /home/airflow/.local/lib/python3.7/site-packages/airflow/example_dags/example_nested_branch_dag.py for tasks to queue
[2024-02-25T12:50:43.675+0000] {logging_mixin.py:150} INFO - [2024-02-25T12:50:43.675+0000] {dagbag.py:541} INFO - Filling up the DagBag from /home/airflow/.local/lib/python3.7/site-packages/airflow/example_dags/example_nested_branch_dag.py
[2024-02-25T12:50:43.708+0000] {processor.py:836} INFO - DAG(s) dict_keys(['example_nested_branch_dag']) retrieved from /home/airflow/.local/lib/python3.7/site-packages/airflow/example_dags/example_nested_branch_dag.py
[2024-02-25T12:50:43.759+0000] {logging_mixin.py:150} INFO - [2024-02-25T12:50:43.759+0000] {dag.py:2742} INFO - Sync 1 DAGs
[2024-02-25T12:50:43.833+0000] {logging_mixin.py:150} INFO - [2024-02-25T12:50:43.833+0000] {dag.py:3508} INFO - Setting next_dagrun for example_nested_branch_dag to 2024-02-24T00:00:00+00:00, run_after=2024-02-25T00:00:00+00:00
[2024-02-25T12:50:43.864+0000] {processor.py:179} INFO - Processing /home/airflow/.local/lib/python3.7/site-packages/airflow/example_dags/example_nested_branch_dag.py took 0.196 seconds
[2024-02-25T12:51:14.028+0000] {processor.py:157} INFO - Started process (PID=4175) to work on /home/airflow/.local/lib/python3.7/site-packages/airflow/example_dags/example_nested_branch_dag.py
[2024-02-25T12:51:14.029+0000] {processor.py:826} INFO - Processing file /home/airflow/.local/lib/python3.7/site-packages/airflow/example_dags/example_nested_branch_dag.py for tasks to queue
[2024-02-25T12:51:14.030+0000] {logging_mixin.py:150} INFO - [2024-02-25T12:51:14.030+0000] {dagbag.py:541} INFO - Filling up the DagBag from /home/airflow/.local/lib/python3.7/site-packages/airflow/example_dags/example_nested_branch_dag.py
[2024-02-25T12:51:14.044+0000] {processor.py:836} INFO - DAG(s) dict_keys(['example_nested_branch_dag']) retrieved from /home/airflow/.local/lib/python3.7/site-packages/airflow/example_dags/example_nested_branch_dag.py
[2024-02-25T12:51:14.074+0000] {logging_mixin.py:150} INFO - [2024-02-25T12:51:14.073+0000] {dag.py:2742} INFO - Sync 1 DAGs
[2024-02-25T12:51:14.114+0000] {logging_mixin.py:150} INFO - [2024-02-25T12:51:14.114+0000] {dag.py:3508} INFO - Setting next_dagrun for example_nested_branch_dag to 2024-02-24T00:00:00+00:00, run_after=2024-02-25T00:00:00+00:00
[2024-02-25T12:51:14.140+0000] {processor.py:179} INFO - Processing /home/airflow/.local/lib/python3.7/site-packages/airflow/example_dags/example_nested_branch_dag.py took 0.116 seconds
[2024-02-25T12:51:44.853+0000] {processor.py:157} INFO - Started process (PID=4416) to work on /home/airflow/.local/lib/python3.7/site-packages/airflow/example_dags/example_nested_branch_dag.py
[2024-02-25T12:51:44.854+0000] {processor.py:826} INFO - Processing file /home/airflow/.local/lib/python3.7/site-packages/airflow/example_dags/example_nested_branch_dag.py for tasks to queue
[2024-02-25T12:51:44.855+0000] {logging_mixin.py:150} INFO - [2024-02-25T12:51:44.855+0000] {dagbag.py:541} INFO - Filling up the DagBag from /home/airflow/.local/lib/python3.7/site-packages/airflow/example_dags/example_nested_branch_dag.py
[2024-02-25T12:51:44.870+0000] {processor.py:836} INFO - DAG(s) dict_keys(['example_nested_branch_dag']) retrieved from /home/airflow/.local/lib/python3.7/site-packages/airflow/example_dags/example_nested_branch_dag.py
[2024-02-25T12:51:44.906+0000] {logging_mixin.py:150} INFO - [2024-02-25T12:51:44.906+0000] {dag.py:2742} INFO - Sync 1 DAGs
[2024-02-25T12:51:44.951+0000] {logging_mixin.py:150} INFO - [2024-02-25T12:51:44.951+0000] {dag.py:3508} INFO - Setting next_dagrun for example_nested_branch_dag to 2024-02-24T00:00:00+00:00, run_after=2024-02-25T00:00:00+00:00
[2024-02-25T12:51:44.982+0000] {processor.py:179} INFO - Processing /home/airflow/.local/lib/python3.7/site-packages/airflow/example_dags/example_nested_branch_dag.py took 0.133 seconds
[2024-02-25T12:52:15.397+0000] {processor.py:157} INFO - Started process (PID=4657) to work on /home/airflow/.local/lib/python3.7/site-packages/airflow/example_dags/example_nested_branch_dag.py
[2024-02-25T12:52:15.399+0000] {processor.py:826} INFO - Processing file /home/airflow/.local/lib/python3.7/site-packages/airflow/example_dags/example_nested_branch_dag.py for tasks to queue
[2024-02-25T12:52:15.399+0000] {logging_mixin.py:150} INFO - [2024-02-25T12:52:15.399+0000] {dagbag.py:541} INFO - Filling up the DagBag from /home/airflow/.local/lib/python3.7/site-packages/airflow/example_dags/example_nested_branch_dag.py
[2024-02-25T12:52:15.410+0000] {processor.py:836} INFO - DAG(s) dict_keys(['example_nested_branch_dag']) retrieved from /home/airflow/.local/lib/python3.7/site-packages/airflow/example_dags/example_nested_branch_dag.py
[2024-02-25T12:52:15.438+0000] {logging_mixin.py:150} INFO - [2024-02-25T12:52:15.438+0000] {dag.py:2742} INFO - Sync 1 DAGs
[2024-02-25T12:52:15.467+0000] {logging_mixin.py:150} INFO - [2024-02-25T12:52:15.467+0000] {dag.py:3508} INFO - Setting next_dagrun for example_nested_branch_dag to 2024-02-24T00:00:00+00:00, run_after=2024-02-25T00:00:00+00:00
[2024-02-25T12:52:15.495+0000] {processor.py:179} INFO - Processing /home/airflow/.local/lib/python3.7/site-packages/airflow/example_dags/example_nested_branch_dag.py took 0.102 seconds
[2024-02-25T12:52:45.963+0000] {processor.py:157} INFO - Started process (PID=4898) to work on /home/airflow/.local/lib/python3.7/site-packages/airflow/example_dags/example_nested_branch_dag.py
[2024-02-25T12:52:45.964+0000] {processor.py:826} INFO - Processing file /home/airflow/.local/lib/python3.7/site-packages/airflow/example_dags/example_nested_branch_dag.py for tasks to queue
[2024-02-25T12:52:45.965+0000] {logging_mixin.py:150} INFO - [2024-02-25T12:52:45.964+0000] {dagbag.py:541} INFO - Filling up the DagBag from /home/airflow/.local/lib/python3.7/site-packages/airflow/example_dags/example_nested_branch_dag.py
[2024-02-25T12:52:45.980+0000] {processor.py:836} INFO - DAG(s) dict_keys(['example_nested_branch_dag']) retrieved from /home/airflow/.local/lib/python3.7/site-packages/airflow/example_dags/example_nested_branch_dag.py
[2024-02-25T12:52:46.007+0000] {logging_mixin.py:150} INFO - [2024-02-25T12:52:46.007+0000] {dag.py:2742} INFO - Sync 1 DAGs
[2024-02-25T12:52:46.041+0000] {logging_mixin.py:150} INFO - [2024-02-25T12:52:46.041+0000] {dag.py:3508} INFO - Setting next_dagrun for example_nested_branch_dag to 2024-02-24T00:00:00+00:00, run_after=2024-02-25T00:00:00+00:00
[2024-02-25T12:52:46.067+0000] {processor.py:179} INFO - Processing /home/airflow/.local/lib/python3.7/site-packages/airflow/example_dags/example_nested_branch_dag.py took 0.108 seconds
[2024-02-25T12:53:17.152+0000] {processor.py:157} INFO - Started process (PID=5139) to work on /home/airflow/.local/lib/python3.7/site-packages/airflow/example_dags/example_nested_branch_dag.py
[2024-02-25T12:53:17.153+0000] {processor.py:826} INFO - Processing file /home/airflow/.local/lib/python3.7/site-packages/airflow/example_dags/example_nested_branch_dag.py for tasks to queue
[2024-02-25T12:53:17.154+0000] {logging_mixin.py:150} INFO - [2024-02-25T12:53:17.154+0000] {dagbag.py:541} INFO - Filling up the DagBag from /home/airflow/.local/lib/python3.7/site-packages/airflow/example_dags/example_nested_branch_dag.py
[2024-02-25T12:53:17.164+0000] {processor.py:836} INFO - DAG(s) dict_keys(['example_nested_branch_dag']) retrieved from /home/airflow/.local/lib/python3.7/site-packages/airflow/example_dags/example_nested_branch_dag.py
[2024-02-25T12:53:17.191+0000] {logging_mixin.py:150} INFO - [2024-02-25T12:53:17.191+0000] {dag.py:2742} INFO - Sync 1 DAGs
[2024-02-25T12:53:17.224+0000] {logging_mixin.py:150} INFO - [2024-02-25T12:53:17.224+0000] {dag.py:3508} INFO - Setting next_dagrun for example_nested_branch_dag to 2024-02-24T00:00:00+00:00, run_after=2024-02-25T00:00:00+00:00
[2024-02-25T12:53:17.255+0000] {processor.py:179} INFO - Processing /home/airflow/.local/lib/python3.7/site-packages/airflow/example_dags/example_nested_branch_dag.py took 0.106 seconds
[2024-02-25T12:53:48.163+0000] {processor.py:157} INFO - Started process (PID=5380) to work on /home/airflow/.local/lib/python3.7/site-packages/airflow/example_dags/example_nested_branch_dag.py
[2024-02-25T12:53:48.164+0000] {processor.py:826} INFO - Processing file /home/airflow/.local/lib/python3.7/site-packages/airflow/example_dags/example_nested_branch_dag.py for tasks to queue
[2024-02-25T12:53:48.164+0000] {logging_mixin.py:150} INFO - [2024-02-25T12:53:48.164+0000] {dagbag.py:541} INFO - Filling up the DagBag from /home/airflow/.local/lib/python3.7/site-packages/airflow/example_dags/example_nested_branch_dag.py
[2024-02-25T12:53:48.174+0000] {processor.py:836} INFO - DAG(s) dict_keys(['example_nested_branch_dag']) retrieved from /home/airflow/.local/lib/python3.7/site-packages/airflow/example_dags/example_nested_branch_dag.py
[2024-02-25T12:53:48.208+0000] {logging_mixin.py:150} INFO - [2024-02-25T12:53:48.207+0000] {dag.py:2742} INFO - Sync 1 DAGs
[2024-02-25T12:53:48.241+0000] {logging_mixin.py:150} INFO - [2024-02-25T12:53:48.241+0000] {dag.py:3508} INFO - Setting next_dagrun for example_nested_branch_dag to 2024-02-24T00:00:00+00:00, run_after=2024-02-25T00:00:00+00:00
[2024-02-25T12:53:48.265+0000] {processor.py:179} INFO - Processing /home/airflow/.local/lib/python3.7/site-packages/airflow/example_dags/example_nested_branch_dag.py took 0.106 seconds
[2024-02-25T12:54:18.861+0000] {processor.py:157} INFO - Started process (PID=5621) to work on /home/airflow/.local/lib/python3.7/site-packages/airflow/example_dags/example_nested_branch_dag.py
[2024-02-25T12:54:18.862+0000] {processor.py:826} INFO - Processing file /home/airflow/.local/lib/python3.7/site-packages/airflow/example_dags/example_nested_branch_dag.py for tasks to queue
[2024-02-25T12:54:18.863+0000] {logging_mixin.py:150} INFO - [2024-02-25T12:54:18.863+0000] {dagbag.py:541} INFO - Filling up the DagBag from /home/airflow/.local/lib/python3.7/site-packages/airflow/example_dags/example_nested_branch_dag.py
[2024-02-25T12:54:18.876+0000] {processor.py:836} INFO - DAG(s) dict_keys(['example_nested_branch_dag']) retrieved from /home/airflow/.local/lib/python3.7/site-packages/airflow/example_dags/example_nested_branch_dag.py
[2024-02-25T12:54:18.906+0000] {logging_mixin.py:150} INFO - [2024-02-25T12:54:18.906+0000] {dag.py:2742} INFO - Sync 1 DAGs
[2024-02-25T12:54:18.942+0000] {logging_mixin.py:150} INFO - [2024-02-25T12:54:18.942+0000] {dag.py:3508} INFO - Setting next_dagrun for example_nested_branch_dag to 2024-02-24T00:00:00+00:00, run_after=2024-02-25T00:00:00+00:00
[2024-02-25T12:54:18.970+0000] {processor.py:179} INFO - Processing /home/airflow/.local/lib/python3.7/site-packages/airflow/example_dags/example_nested_branch_dag.py took 0.114 seconds
[2024-02-25T12:54:49.411+0000] {processor.py:157} INFO - Started process (PID=5862) to work on /home/airflow/.local/lib/python3.7/site-packages/airflow/example_dags/example_nested_branch_dag.py
[2024-02-25T12:54:49.412+0000] {processor.py:826} INFO - Processing file /home/airflow/.local/lib/python3.7/site-packages/airflow/example_dags/example_nested_branch_dag.py for tasks to queue
[2024-02-25T12:54:49.413+0000] {logging_mixin.py:150} INFO - [2024-02-25T12:54:49.413+0000] {dagbag.py:541} INFO - Filling up the DagBag from /home/airflow/.local/lib/python3.7/site-packages/airflow/example_dags/example_nested_branch_dag.py
[2024-02-25T12:54:49.426+0000] {processor.py:836} INFO - DAG(s) dict_keys(['example_nested_branch_dag']) retrieved from /home/airflow/.local/lib/python3.7/site-packages/airflow/example_dags/example_nested_branch_dag.py
[2024-02-25T12:54:49.460+0000] {logging_mixin.py:150} INFO - [2024-02-25T12:54:49.460+0000] {dag.py:2742} INFO - Sync 1 DAGs
[2024-02-25T12:54:49.498+0000] {logging_mixin.py:150} INFO - [2024-02-25T12:54:49.498+0000] {dag.py:3508} INFO - Setting next_dagrun for example_nested_branch_dag to 2024-02-24T00:00:00+00:00, run_after=2024-02-25T00:00:00+00:00
[2024-02-25T12:54:49.522+0000] {processor.py:179} INFO - Processing /home/airflow/.local/lib/python3.7/site-packages/airflow/example_dags/example_nested_branch_dag.py took 0.115 seconds
[2024-02-25T12:55:20.003+0000] {processor.py:157} INFO - Started process (PID=6102) to work on /home/airflow/.local/lib/python3.7/site-packages/airflow/example_dags/example_nested_branch_dag.py
[2024-02-25T12:55:20.004+0000] {processor.py:826} INFO - Processing file /home/airflow/.local/lib/python3.7/site-packages/airflow/example_dags/example_nested_branch_dag.py for tasks to queue
[2024-02-25T12:55:20.005+0000] {logging_mixin.py:150} INFO - [2024-02-25T12:55:20.004+0000] {dagbag.py:541} INFO - Filling up the DagBag from /home/airflow/.local/lib/python3.7/site-packages/airflow/example_dags/example_nested_branch_dag.py
[2024-02-25T12:55:20.018+0000] {processor.py:836} INFO - DAG(s) dict_keys(['example_nested_branch_dag']) retrieved from /home/airflow/.local/lib/python3.7/site-packages/airflow/example_dags/example_nested_branch_dag.py
[2024-02-25T12:55:20.052+0000] {logging_mixin.py:150} INFO - [2024-02-25T12:55:20.052+0000] {dag.py:2742} INFO - Sync 1 DAGs
[2024-02-25T12:55:20.090+0000] {logging_mixin.py:150} INFO - [2024-02-25T12:55:20.089+0000] {dag.py:3508} INFO - Setting next_dagrun for example_nested_branch_dag to 2024-02-24T00:00:00+00:00, run_after=2024-02-25T00:00:00+00:00
[2024-02-25T12:55:20.120+0000] {processor.py:179} INFO - Processing /home/airflow/.local/lib/python3.7/site-packages/airflow/example_dags/example_nested_branch_dag.py took 0.121 seconds
[2024-02-25T12:55:50.900+0000] {processor.py:157} INFO - Started process (PID=6343) to work on /home/airflow/.local/lib/python3.7/site-packages/airflow/example_dags/example_nested_branch_dag.py
[2024-02-25T12:55:50.901+0000] {processor.py:826} INFO - Processing file /home/airflow/.local/lib/python3.7/site-packages/airflow/example_dags/example_nested_branch_dag.py for tasks to queue
[2024-02-25T12:55:50.901+0000] {logging_mixin.py:150} INFO - [2024-02-25T12:55:50.901+0000] {dagbag.py:541} INFO - Filling up the DagBag from /home/airflow/.local/lib/python3.7/site-packages/airflow/example_dags/example_nested_branch_dag.py
[2024-02-25T12:55:50.911+0000] {processor.py:836} INFO - DAG(s) dict_keys(['example_nested_branch_dag']) retrieved from /home/airflow/.local/lib/python3.7/site-packages/airflow/example_dags/example_nested_branch_dag.py
[2024-02-25T12:55:50.939+0000] {logging_mixin.py:150} INFO - [2024-02-25T12:55:50.939+0000] {dag.py:2742} INFO - Sync 1 DAGs
[2024-02-25T12:55:50.972+0000] {logging_mixin.py:150} INFO - [2024-02-25T12:55:50.972+0000] {dag.py:3508} INFO - Setting next_dagrun for example_nested_branch_dag to 2024-02-24T00:00:00+00:00, run_after=2024-02-25T00:00:00+00:00
[2024-02-25T12:55:50.996+0000] {processor.py:179} INFO - Processing /home/airflow/.local/lib/python3.7/site-packages/airflow/example_dags/example_nested_branch_dag.py took 0.101 seconds
[2024-02-25T12:56:22.048+0000] {processor.py:157} INFO - Started process (PID=6591) to work on /home/airflow/.local/lib/python3.7/site-packages/airflow/example_dags/example_nested_branch_dag.py
[2024-02-25T12:56:22.050+0000] {processor.py:826} INFO - Processing file /home/airflow/.local/lib/python3.7/site-packages/airflow/example_dags/example_nested_branch_dag.py for tasks to queue
[2024-02-25T12:56:22.051+0000] {logging_mixin.py:150} INFO - [2024-02-25T12:56:22.050+0000] {dagbag.py:541} INFO - Filling up the DagBag from /home/airflow/.local/lib/python3.7/site-packages/airflow/example_dags/example_nested_branch_dag.py
[2024-02-25T12:56:22.066+0000] {processor.py:836} INFO - DAG(s) dict_keys(['example_nested_branch_dag']) retrieved from /home/airflow/.local/lib/python3.7/site-packages/airflow/example_dags/example_nested_branch_dag.py
[2024-02-25T12:56:22.105+0000] {logging_mixin.py:150} INFO - [2024-02-25T12:56:22.104+0000] {dag.py:2742} INFO - Sync 1 DAGs
[2024-02-25T12:56:22.147+0000] {logging_mixin.py:150} INFO - [2024-02-25T12:56:22.147+0000] {dag.py:3508} INFO - Setting next_dagrun for example_nested_branch_dag to 2024-02-24T00:00:00+00:00, run_after=2024-02-25T00:00:00+00:00
[2024-02-25T12:56:22.172+0000] {processor.py:179} INFO - Processing /home/airflow/.local/lib/python3.7/site-packages/airflow/example_dags/example_nested_branch_dag.py took 0.127 seconds
[2024-02-25T12:56:52.368+0000] {processor.py:157} INFO - Started process (PID=6832) to work on /home/airflow/.local/lib/python3.7/site-packages/airflow/example_dags/example_nested_branch_dag.py
[2024-02-25T12:56:52.369+0000] {processor.py:826} INFO - Processing file /home/airflow/.local/lib/python3.7/site-packages/airflow/example_dags/example_nested_branch_dag.py for tasks to queue
[2024-02-25T12:56:52.370+0000] {logging_mixin.py:150} INFO - [2024-02-25T12:56:52.370+0000] {dagbag.py:541} INFO - Filling up the DagBag from /home/airflow/.local/lib/python3.7/site-packages/airflow/example_dags/example_nested_branch_dag.py
[2024-02-25T12:56:52.384+0000] {processor.py:836} INFO - DAG(s) dict_keys(['example_nested_branch_dag']) retrieved from /home/airflow/.local/lib/python3.7/site-packages/airflow/example_dags/example_nested_branch_dag.py
[2024-02-25T12:56:52.410+0000] {logging_mixin.py:150} INFO - [2024-02-25T12:56:52.410+0000] {dag.py:2742} INFO - Sync 1 DAGs
[2024-02-25T12:56:52.439+0000] {logging_mixin.py:150} INFO - [2024-02-25T12:56:52.439+0000] {dag.py:3508} INFO - Setting next_dagrun for example_nested_branch_dag to 2024-02-24T00:00:00+00:00, run_after=2024-02-25T00:00:00+00:00
[2024-02-25T12:56:52.467+0000] {processor.py:179} INFO - Processing /home/airflow/.local/lib/python3.7/site-packages/airflow/example_dags/example_nested_branch_dag.py took 0.103 seconds
