[2024-02-25T12:43:03.203+0000] {processor.py:157} INFO - Started process (PID=348) to work on /home/airflow/.local/lib/python3.7/site-packages/airflow/example_dags/example_bash_operator.py
[2024-02-25T12:43:03.204+0000] {processor.py:826} INFO - Processing file /home/airflow/.local/lib/python3.7/site-packages/airflow/example_dags/example_bash_operator.py for tasks to queue
[2024-02-25T12:43:03.205+0000] {logging_mixin.py:150} INFO - [2024-02-25T12:43:03.205+0000] {dagbag.py:541} INFO - Filling up the DagBag from /home/airflow/.local/lib/python3.7/site-packages/airflow/example_dags/example_bash_operator.py
[2024-02-25T12:43:03.226+0000] {processor.py:836} INFO - DAG(s) dict_keys(['example_bash_operator']) retrieved from /home/airflow/.local/lib/python3.7/site-packages/airflow/example_dags/example_bash_operator.py
[2024-02-25T12:43:03.241+0000] {logging_mixin.py:150} INFO - [2024-02-25T12:43:03.241+0000] {dag.py:2742} INFO - Sync 1 DAGs
[2024-02-25T12:43:03.285+0000] {logging_mixin.py:150} INFO - [2024-02-25T12:43:03.285+0000] {dag.py:3508} INFO - Setting next_dagrun for example_bash_operator to 2024-02-24T00:00:00+00:00, run_after=2024-02-25T00:00:00+00:00
[2024-02-25T12:43:03.317+0000] {processor.py:179} INFO - Processing /home/airflow/.local/lib/python3.7/site-packages/airflow/example_dags/example_bash_operator.py took 0.118 seconds
[2024-02-25T12:43:34.143+0000] {processor.py:157} INFO - Started process (PID=586) to work on /home/airflow/.local/lib/python3.7/site-packages/airflow/example_dags/example_bash_operator.py
[2024-02-25T12:43:34.143+0000] {processor.py:826} INFO - Processing file /home/airflow/.local/lib/python3.7/site-packages/airflow/example_dags/example_bash_operator.py for tasks to queue
[2024-02-25T12:43:34.144+0000] {logging_mixin.py:150} INFO - [2024-02-25T12:43:34.144+0000] {dagbag.py:541} INFO - Filling up the DagBag from /home/airflow/.local/lib/python3.7/site-packages/airflow/example_dags/example_bash_operator.py
[2024-02-25T12:43:34.164+0000] {processor.py:836} INFO - DAG(s) dict_keys(['example_bash_operator']) retrieved from /home/airflow/.local/lib/python3.7/site-packages/airflow/example_dags/example_bash_operator.py
[2024-02-25T12:43:34.223+0000] {logging_mixin.py:150} INFO - [2024-02-25T12:43:34.223+0000] {dag.py:2742} INFO - Sync 1 DAGs
[2024-02-25T12:43:34.257+0000] {logging_mixin.py:150} INFO - [2024-02-25T12:43:34.257+0000] {dag.py:3508} INFO - Setting next_dagrun for example_bash_operator to 2024-02-24T00:00:00+00:00, run_after=2024-02-25T00:00:00+00:00
[2024-02-25T12:43:34.281+0000] {processor.py:179} INFO - Processing /home/airflow/.local/lib/python3.7/site-packages/airflow/example_dags/example_bash_operator.py took 0.143 seconds
[2024-02-25T12:44:05.450+0000] {processor.py:157} INFO - Started process (PID=830) to work on /home/airflow/.local/lib/python3.7/site-packages/airflow/example_dags/example_bash_operator.py
[2024-02-25T12:44:05.452+0000] {processor.py:826} INFO - Processing file /home/airflow/.local/lib/python3.7/site-packages/airflow/example_dags/example_bash_operator.py for tasks to queue
[2024-02-25T12:44:05.454+0000] {logging_mixin.py:150} INFO - [2024-02-25T12:44:05.453+0000] {dagbag.py:541} INFO - Filling up the DagBag from /home/airflow/.local/lib/python3.7/site-packages/airflow/example_dags/example_bash_operator.py
[2024-02-25T12:44:05.505+0000] {processor.py:836} INFO - DAG(s) dict_keys(['example_bash_operator']) retrieved from /home/airflow/.local/lib/python3.7/site-packages/airflow/example_dags/example_bash_operator.py
[2024-02-25T12:44:05.524+0000] {logging_mixin.py:150} INFO - [2024-02-25T12:44:05.524+0000] {dag.py:2742} INFO - Sync 1 DAGs
[2024-02-25T12:44:05.585+0000] {logging_mixin.py:150} INFO - [2024-02-25T12:44:05.585+0000] {dag.py:3508} INFO - Setting next_dagrun for example_bash_operator to 2024-02-24T00:00:00+00:00, run_after=2024-02-25T00:00:00+00:00
[2024-02-25T12:44:05.631+0000] {processor.py:179} INFO - Processing /home/airflow/.local/lib/python3.7/site-packages/airflow/example_dags/example_bash_operator.py took 0.186 seconds
[2024-02-25T12:44:36.293+0000] {processor.py:157} INFO - Started process (PID=1069) to work on /home/airflow/.local/lib/python3.7/site-packages/airflow/example_dags/example_bash_operator.py
[2024-02-25T12:44:36.294+0000] {processor.py:826} INFO - Processing file /home/airflow/.local/lib/python3.7/site-packages/airflow/example_dags/example_bash_operator.py for tasks to queue
[2024-02-25T12:44:36.295+0000] {logging_mixin.py:150} INFO - [2024-02-25T12:44:36.295+0000] {dagbag.py:541} INFO - Filling up the DagBag from /home/airflow/.local/lib/python3.7/site-packages/airflow/example_dags/example_bash_operator.py
[2024-02-25T12:44:36.315+0000] {processor.py:836} INFO - DAG(s) dict_keys(['example_bash_operator']) retrieved from /home/airflow/.local/lib/python3.7/site-packages/airflow/example_dags/example_bash_operator.py
[2024-02-25T12:44:36.379+0000] {logging_mixin.py:150} INFO - [2024-02-25T12:44:36.379+0000] {dag.py:2742} INFO - Sync 1 DAGs
[2024-02-25T12:44:36.425+0000] {logging_mixin.py:150} INFO - [2024-02-25T12:44:36.425+0000] {dag.py:3508} INFO - Setting next_dagrun for example_bash_operator to 2024-02-24T00:00:00+00:00, run_after=2024-02-25T00:00:00+00:00
[2024-02-25T12:44:36.458+0000] {processor.py:179} INFO - Processing /home/airflow/.local/lib/python3.7/site-packages/airflow/example_dags/example_bash_operator.py took 0.169 seconds
[2024-02-25T12:45:07.343+0000] {processor.py:157} INFO - Started process (PID=1310) to work on /home/airflow/.local/lib/python3.7/site-packages/airflow/example_dags/example_bash_operator.py
[2024-02-25T12:45:07.345+0000] {processor.py:826} INFO - Processing file /home/airflow/.local/lib/python3.7/site-packages/airflow/example_dags/example_bash_operator.py for tasks to queue
[2024-02-25T12:45:07.346+0000] {logging_mixin.py:150} INFO - [2024-02-25T12:45:07.346+0000] {dagbag.py:541} INFO - Filling up the DagBag from /home/airflow/.local/lib/python3.7/site-packages/airflow/example_dags/example_bash_operator.py
[2024-02-25T12:45:07.379+0000] {processor.py:836} INFO - DAG(s) dict_keys(['example_bash_operator']) retrieved from /home/airflow/.local/lib/python3.7/site-packages/airflow/example_dags/example_bash_operator.py
[2024-02-25T12:45:07.442+0000] {logging_mixin.py:150} INFO - [2024-02-25T12:45:07.442+0000] {dag.py:2742} INFO - Sync 1 DAGs
[2024-02-25T12:45:07.487+0000] {logging_mixin.py:150} INFO - [2024-02-25T12:45:07.487+0000] {dag.py:3508} INFO - Setting next_dagrun for example_bash_operator to 2024-02-24T00:00:00+00:00, run_after=2024-02-25T00:00:00+00:00
[2024-02-25T12:45:07.517+0000] {processor.py:179} INFO - Processing /home/airflow/.local/lib/python3.7/site-packages/airflow/example_dags/example_bash_operator.py took 0.180 seconds
[2024-02-25T12:45:37.848+0000] {processor.py:157} INFO - Started process (PID=1558) to work on /home/airflow/.local/lib/python3.7/site-packages/airflow/example_dags/example_bash_operator.py
[2024-02-25T12:45:37.850+0000] {processor.py:826} INFO - Processing file /home/airflow/.local/lib/python3.7/site-packages/airflow/example_dags/example_bash_operator.py for tasks to queue
[2024-02-25T12:45:37.851+0000] {logging_mixin.py:150} INFO - [2024-02-25T12:45:37.851+0000] {dagbag.py:541} INFO - Filling up the DagBag from /home/airflow/.local/lib/python3.7/site-packages/airflow/example_dags/example_bash_operator.py
[2024-02-25T12:45:37.871+0000] {processor.py:836} INFO - DAG(s) dict_keys(['example_bash_operator']) retrieved from /home/airflow/.local/lib/python3.7/site-packages/airflow/example_dags/example_bash_operator.py
[2024-02-25T12:45:37.939+0000] {logging_mixin.py:150} INFO - [2024-02-25T12:45:37.939+0000] {dag.py:2742} INFO - Sync 1 DAGs
[2024-02-25T12:45:37.990+0000] {logging_mixin.py:150} INFO - [2024-02-25T12:45:37.989+0000] {dag.py:3508} INFO - Setting next_dagrun for example_bash_operator to 2024-02-24T00:00:00+00:00, run_after=2024-02-25T00:00:00+00:00
[2024-02-25T12:45:38.025+0000] {processor.py:179} INFO - Processing /home/airflow/.local/lib/python3.7/site-packages/airflow/example_dags/example_bash_operator.py took 0.182 seconds
[2024-02-25T12:46:08.250+0000] {processor.py:157} INFO - Started process (PID=1799) to work on /home/airflow/.local/lib/python3.7/site-packages/airflow/example_dags/example_bash_operator.py
[2024-02-25T12:46:08.251+0000] {processor.py:826} INFO - Processing file /home/airflow/.local/lib/python3.7/site-packages/airflow/example_dags/example_bash_operator.py for tasks to queue
[2024-02-25T12:46:08.252+0000] {logging_mixin.py:150} INFO - [2024-02-25T12:46:08.252+0000] {dagbag.py:541} INFO - Filling up the DagBag from /home/airflow/.local/lib/python3.7/site-packages/airflow/example_dags/example_bash_operator.py
[2024-02-25T12:46:08.273+0000] {processor.py:836} INFO - DAG(s) dict_keys(['example_bash_operator']) retrieved from /home/airflow/.local/lib/python3.7/site-packages/airflow/example_dags/example_bash_operator.py
[2024-02-25T12:46:08.350+0000] {logging_mixin.py:150} INFO - [2024-02-25T12:46:08.350+0000] {dag.py:2742} INFO - Sync 1 DAGs
[2024-02-25T12:46:08.407+0000] {logging_mixin.py:150} INFO - [2024-02-25T12:46:08.407+0000] {dag.py:3508} INFO - Setting next_dagrun for example_bash_operator to 2024-02-24T00:00:00+00:00, run_after=2024-02-25T00:00:00+00:00
[2024-02-25T12:46:08.439+0000] {processor.py:179} INFO - Processing /home/airflow/.local/lib/python3.7/site-packages/airflow/example_dags/example_bash_operator.py took 0.195 seconds
[2024-02-25T12:46:38.704+0000] {processor.py:157} INFO - Started process (PID=2035) to work on /home/airflow/.local/lib/python3.7/site-packages/airflow/example_dags/example_bash_operator.py
[2024-02-25T12:46:38.705+0000] {processor.py:826} INFO - Processing file /home/airflow/.local/lib/python3.7/site-packages/airflow/example_dags/example_bash_operator.py for tasks to queue
[2024-02-25T12:46:38.706+0000] {logging_mixin.py:150} INFO - [2024-02-25T12:46:38.706+0000] {dagbag.py:541} INFO - Filling up the DagBag from /home/airflow/.local/lib/python3.7/site-packages/airflow/example_dags/example_bash_operator.py
[2024-02-25T12:46:38.725+0000] {processor.py:836} INFO - DAG(s) dict_keys(['example_bash_operator']) retrieved from /home/airflow/.local/lib/python3.7/site-packages/airflow/example_dags/example_bash_operator.py
[2024-02-25T12:46:38.787+0000] {logging_mixin.py:150} INFO - [2024-02-25T12:46:38.787+0000] {dag.py:2742} INFO - Sync 1 DAGs
[2024-02-25T12:46:38.830+0000] {logging_mixin.py:150} INFO - [2024-02-25T12:46:38.830+0000] {dag.py:3508} INFO - Setting next_dagrun for example_bash_operator to 2024-02-24T00:00:00+00:00, run_after=2024-02-25T00:00:00+00:00
[2024-02-25T12:46:38.864+0000] {processor.py:179} INFO - Processing /home/airflow/.local/lib/python3.7/site-packages/airflow/example_dags/example_bash_operator.py took 0.166 seconds
[2024-02-25T12:47:09.805+0000] {processor.py:157} INFO - Started process (PID=2276) to work on /home/airflow/.local/lib/python3.7/site-packages/airflow/example_dags/example_bash_operator.py
[2024-02-25T12:47:09.809+0000] {processor.py:826} INFO - Processing file /home/airflow/.local/lib/python3.7/site-packages/airflow/example_dags/example_bash_operator.py for tasks to queue
[2024-02-25T12:47:09.810+0000] {logging_mixin.py:150} INFO - [2024-02-25T12:47:09.810+0000] {dagbag.py:541} INFO - Filling up the DagBag from /home/airflow/.local/lib/python3.7/site-packages/airflow/example_dags/example_bash_operator.py
[2024-02-25T12:47:09.837+0000] {processor.py:836} INFO - DAG(s) dict_keys(['example_bash_operator']) retrieved from /home/airflow/.local/lib/python3.7/site-packages/airflow/example_dags/example_bash_operator.py
[2024-02-25T12:47:09.920+0000] {logging_mixin.py:150} INFO - [2024-02-25T12:47:09.920+0000] {dag.py:2742} INFO - Sync 1 DAGs
[2024-02-25T12:47:09.991+0000] {logging_mixin.py:150} INFO - [2024-02-25T12:47:09.990+0000] {dag.py:3508} INFO - Setting next_dagrun for example_bash_operator to 2024-02-24T00:00:00+00:00, run_after=2024-02-25T00:00:00+00:00
[2024-02-25T12:47:10.030+0000] {processor.py:179} INFO - Processing /home/airflow/.local/lib/python3.7/site-packages/airflow/example_dags/example_bash_operator.py took 0.231 seconds
[2024-02-25T12:47:41.016+0000] {processor.py:157} INFO - Started process (PID=2522) to work on /home/airflow/.local/lib/python3.7/site-packages/airflow/example_dags/example_bash_operator.py
[2024-02-25T12:47:41.017+0000] {processor.py:826} INFO - Processing file /home/airflow/.local/lib/python3.7/site-packages/airflow/example_dags/example_bash_operator.py for tasks to queue
[2024-02-25T12:47:41.018+0000] {logging_mixin.py:150} INFO - [2024-02-25T12:47:41.018+0000] {dagbag.py:541} INFO - Filling up the DagBag from /home/airflow/.local/lib/python3.7/site-packages/airflow/example_dags/example_bash_operator.py
[2024-02-25T12:47:41.042+0000] {processor.py:836} INFO - DAG(s) dict_keys(['example_bash_operator']) retrieved from /home/airflow/.local/lib/python3.7/site-packages/airflow/example_dags/example_bash_operator.py
[2024-02-25T12:47:41.088+0000] {logging_mixin.py:150} INFO - [2024-02-25T12:47:41.088+0000] {dag.py:2742} INFO - Sync 1 DAGs
[2024-02-25T12:47:41.124+0000] {logging_mixin.py:150} INFO - [2024-02-25T12:47:41.124+0000] {dag.py:3508} INFO - Setting next_dagrun for example_bash_operator to 2024-02-24T00:00:00+00:00, run_after=2024-02-25T00:00:00+00:00
[2024-02-25T12:47:41.153+0000] {processor.py:179} INFO - Processing /home/airflow/.local/lib/python3.7/site-packages/airflow/example_dags/example_bash_operator.py took 0.141 seconds
[2024-02-25T12:48:11.265+0000] {processor.py:157} INFO - Started process (PID=2758) to work on /home/airflow/.local/lib/python3.7/site-packages/airflow/example_dags/example_bash_operator.py
[2024-02-25T12:48:11.266+0000] {processor.py:826} INFO - Processing file /home/airflow/.local/lib/python3.7/site-packages/airflow/example_dags/example_bash_operator.py for tasks to queue
[2024-02-25T12:48:11.267+0000] {logging_mixin.py:150} INFO - [2024-02-25T12:48:11.267+0000] {dagbag.py:541} INFO - Filling up the DagBag from /home/airflow/.local/lib/python3.7/site-packages/airflow/example_dags/example_bash_operator.py
[2024-02-25T12:48:11.288+0000] {processor.py:836} INFO - DAG(s) dict_keys(['example_bash_operator']) retrieved from /home/airflow/.local/lib/python3.7/site-packages/airflow/example_dags/example_bash_operator.py
[2024-02-25T12:48:11.364+0000] {logging_mixin.py:150} INFO - [2024-02-25T12:48:11.363+0000] {dag.py:2742} INFO - Sync 1 DAGs
[2024-02-25T12:48:11.421+0000] {logging_mixin.py:150} INFO - [2024-02-25T12:48:11.421+0000] {dag.py:3508} INFO - Setting next_dagrun for example_bash_operator to 2024-02-24T00:00:00+00:00, run_after=2024-02-25T00:00:00+00:00
[2024-02-25T12:48:11.458+0000] {processor.py:179} INFO - Processing /home/airflow/.local/lib/python3.7/site-packages/airflow/example_dags/example_bash_operator.py took 0.199 seconds
[2024-02-25T12:48:42.089+0000] {processor.py:157} INFO - Started process (PID=3005) to work on /home/airflow/.local/lib/python3.7/site-packages/airflow/example_dags/example_bash_operator.py
[2024-02-25T12:48:42.090+0000] {processor.py:826} INFO - Processing file /home/airflow/.local/lib/python3.7/site-packages/airflow/example_dags/example_bash_operator.py for tasks to queue
[2024-02-25T12:48:42.091+0000] {logging_mixin.py:150} INFO - [2024-02-25T12:48:42.091+0000] {dagbag.py:541} INFO - Filling up the DagBag from /home/airflow/.local/lib/python3.7/site-packages/airflow/example_dags/example_bash_operator.py
[2024-02-25T12:48:42.113+0000] {processor.py:836} INFO - DAG(s) dict_keys(['example_bash_operator']) retrieved from /home/airflow/.local/lib/python3.7/site-packages/airflow/example_dags/example_bash_operator.py
[2024-02-25T12:48:42.165+0000] {logging_mixin.py:150} INFO - [2024-02-25T12:48:42.164+0000] {dag.py:2742} INFO - Sync 1 DAGs
[2024-02-25T12:48:42.207+0000] {logging_mixin.py:150} INFO - [2024-02-25T12:48:42.206+0000] {dag.py:3508} INFO - Setting next_dagrun for example_bash_operator to 2024-02-24T00:00:00+00:00, run_after=2024-02-25T00:00:00+00:00
[2024-02-25T12:48:42.236+0000] {processor.py:179} INFO - Processing /home/airflow/.local/lib/python3.7/site-packages/airflow/example_dags/example_bash_operator.py took 0.152 seconds
[2024-02-25T12:49:12.311+0000] {processor.py:157} INFO - Started process (PID=3243) to work on /home/airflow/.local/lib/python3.7/site-packages/airflow/example_dags/example_bash_operator.py
[2024-02-25T12:49:12.313+0000] {processor.py:826} INFO - Processing file /home/airflow/.local/lib/python3.7/site-packages/airflow/example_dags/example_bash_operator.py for tasks to queue
[2024-02-25T12:49:12.313+0000] {logging_mixin.py:150} INFO - [2024-02-25T12:49:12.313+0000] {dagbag.py:541} INFO - Filling up the DagBag from /home/airflow/.local/lib/python3.7/site-packages/airflow/example_dags/example_bash_operator.py
[2024-02-25T12:49:12.328+0000] {processor.py:836} INFO - DAG(s) dict_keys(['example_bash_operator']) retrieved from /home/airflow/.local/lib/python3.7/site-packages/airflow/example_dags/example_bash_operator.py
[2024-02-25T12:49:12.386+0000] {logging_mixin.py:150} INFO - [2024-02-25T12:49:12.386+0000] {dag.py:2742} INFO - Sync 1 DAGs
[2024-02-25T12:49:12.443+0000] {logging_mixin.py:150} INFO - [2024-02-25T12:49:12.442+0000] {dag.py:3508} INFO - Setting next_dagrun for example_bash_operator to 2024-02-24T00:00:00+00:00, run_after=2024-02-25T00:00:00+00:00
[2024-02-25T12:49:12.477+0000] {processor.py:179} INFO - Processing /home/airflow/.local/lib/python3.7/site-packages/airflow/example_dags/example_bash_operator.py took 0.169 seconds
[2024-02-25T12:49:43.393+0000] {processor.py:157} INFO - Started process (PID=3487) to work on /home/airflow/.local/lib/python3.7/site-packages/airflow/example_dags/example_bash_operator.py
[2024-02-25T12:49:43.396+0000] {processor.py:826} INFO - Processing file /home/airflow/.local/lib/python3.7/site-packages/airflow/example_dags/example_bash_operator.py for tasks to queue
[2024-02-25T12:49:43.400+0000] {logging_mixin.py:150} INFO - [2024-02-25T12:49:43.399+0000] {dagbag.py:541} INFO - Filling up the DagBag from /home/airflow/.local/lib/python3.7/site-packages/airflow/example_dags/example_bash_operator.py
[2024-02-25T12:49:43.443+0000] {processor.py:836} INFO - DAG(s) dict_keys(['example_bash_operator']) retrieved from /home/airflow/.local/lib/python3.7/site-packages/airflow/example_dags/example_bash_operator.py
[2024-02-25T12:49:43.501+0000] {logging_mixin.py:150} INFO - [2024-02-25T12:49:43.501+0000] {dag.py:2742} INFO - Sync 1 DAGs
[2024-02-25T12:49:43.533+0000] {logging_mixin.py:150} INFO - [2024-02-25T12:49:43.533+0000] {dag.py:3508} INFO - Setting next_dagrun for example_bash_operator to 2024-02-24T00:00:00+00:00, run_after=2024-02-25T00:00:00+00:00
[2024-02-25T12:49:43.556+0000] {processor.py:179} INFO - Processing /home/airflow/.local/lib/python3.7/site-packages/airflow/example_dags/example_bash_operator.py took 0.173 seconds
[2024-02-25T12:50:14.383+0000] {processor.py:157} INFO - Started process (PID=3728) to work on /home/airflow/.local/lib/python3.7/site-packages/airflow/example_dags/example_bash_operator.py
[2024-02-25T12:50:14.384+0000] {processor.py:826} INFO - Processing file /home/airflow/.local/lib/python3.7/site-packages/airflow/example_dags/example_bash_operator.py for tasks to queue
[2024-02-25T12:50:14.385+0000] {logging_mixin.py:150} INFO - [2024-02-25T12:50:14.385+0000] {dagbag.py:541} INFO - Filling up the DagBag from /home/airflow/.local/lib/python3.7/site-packages/airflow/example_dags/example_bash_operator.py
[2024-02-25T12:50:14.413+0000] {processor.py:836} INFO - DAG(s) dict_keys(['example_bash_operator']) retrieved from /home/airflow/.local/lib/python3.7/site-packages/airflow/example_dags/example_bash_operator.py
[2024-02-25T12:50:14.479+0000] {logging_mixin.py:150} INFO - [2024-02-25T12:50:14.478+0000] {dag.py:2742} INFO - Sync 1 DAGs
[2024-02-25T12:50:14.523+0000] {logging_mixin.py:150} INFO - [2024-02-25T12:50:14.522+0000] {dag.py:3508} INFO - Setting next_dagrun for example_bash_operator to 2024-02-24T00:00:00+00:00, run_after=2024-02-25T00:00:00+00:00
[2024-02-25T12:50:14.553+0000] {processor.py:179} INFO - Processing /home/airflow/.local/lib/python3.7/site-packages/airflow/example_dags/example_bash_operator.py took 0.176 seconds
[2024-02-25T12:50:45.215+0000] {processor.py:157} INFO - Started process (PID=3969) to work on /home/airflow/.local/lib/python3.7/site-packages/airflow/example_dags/example_bash_operator.py
[2024-02-25T12:50:45.217+0000] {processor.py:826} INFO - Processing file /home/airflow/.local/lib/python3.7/site-packages/airflow/example_dags/example_bash_operator.py for tasks to queue
[2024-02-25T12:50:45.218+0000] {logging_mixin.py:150} INFO - [2024-02-25T12:50:45.218+0000] {dagbag.py:541} INFO - Filling up the DagBag from /home/airflow/.local/lib/python3.7/site-packages/airflow/example_dags/example_bash_operator.py
[2024-02-25T12:50:45.249+0000] {processor.py:836} INFO - DAG(s) dict_keys(['example_bash_operator']) retrieved from /home/airflow/.local/lib/python3.7/site-packages/airflow/example_dags/example_bash_operator.py
[2024-02-25T12:50:45.323+0000] {logging_mixin.py:150} INFO - [2024-02-25T12:50:45.323+0000] {dag.py:2742} INFO - Sync 1 DAGs
[2024-02-25T12:50:45.371+0000] {logging_mixin.py:150} INFO - [2024-02-25T12:50:45.370+0000] {dag.py:3508} INFO - Setting next_dagrun for example_bash_operator to 2024-02-24T00:00:00+00:00, run_after=2024-02-25T00:00:00+00:00
[2024-02-25T12:50:45.404+0000] {processor.py:179} INFO - Processing /home/airflow/.local/lib/python3.7/site-packages/airflow/example_dags/example_bash_operator.py took 0.198 seconds
[2024-02-25T12:51:15.434+0000] {processor.py:157} INFO - Started process (PID=4207) to work on /home/airflow/.local/lib/python3.7/site-packages/airflow/example_dags/example_bash_operator.py
[2024-02-25T12:51:15.435+0000] {processor.py:826} INFO - Processing file /home/airflow/.local/lib/python3.7/site-packages/airflow/example_dags/example_bash_operator.py for tasks to queue
[2024-02-25T12:51:15.436+0000] {logging_mixin.py:150} INFO - [2024-02-25T12:51:15.435+0000] {dagbag.py:541} INFO - Filling up the DagBag from /home/airflow/.local/lib/python3.7/site-packages/airflow/example_dags/example_bash_operator.py
[2024-02-25T12:51:15.448+0000] {processor.py:836} INFO - DAG(s) dict_keys(['example_bash_operator']) retrieved from /home/airflow/.local/lib/python3.7/site-packages/airflow/example_dags/example_bash_operator.py
[2024-02-25T12:51:15.483+0000] {logging_mixin.py:150} INFO - [2024-02-25T12:51:15.483+0000] {dag.py:2742} INFO - Sync 1 DAGs
[2024-02-25T12:51:15.509+0000] {logging_mixin.py:150} INFO - [2024-02-25T12:51:15.509+0000] {dag.py:3508} INFO - Setting next_dagrun for example_bash_operator to 2024-02-24T00:00:00+00:00, run_after=2024-02-25T00:00:00+00:00
[2024-02-25T12:51:15.529+0000] {processor.py:179} INFO - Processing /home/airflow/.local/lib/python3.7/site-packages/airflow/example_dags/example_bash_operator.py took 0.097 seconds
[2024-02-25T12:51:46.318+0000] {processor.py:157} INFO - Started process (PID=4448) to work on /home/airflow/.local/lib/python3.7/site-packages/airflow/example_dags/example_bash_operator.py
[2024-02-25T12:51:46.318+0000] {processor.py:826} INFO - Processing file /home/airflow/.local/lib/python3.7/site-packages/airflow/example_dags/example_bash_operator.py for tasks to queue
[2024-02-25T12:51:46.319+0000] {logging_mixin.py:150} INFO - [2024-02-25T12:51:46.319+0000] {dagbag.py:541} INFO - Filling up the DagBag from /home/airflow/.local/lib/python3.7/site-packages/airflow/example_dags/example_bash_operator.py
[2024-02-25T12:51:46.336+0000] {processor.py:836} INFO - DAG(s) dict_keys(['example_bash_operator']) retrieved from /home/airflow/.local/lib/python3.7/site-packages/airflow/example_dags/example_bash_operator.py
[2024-02-25T12:51:46.370+0000] {logging_mixin.py:150} INFO - [2024-02-25T12:51:46.370+0000] {dag.py:2742} INFO - Sync 1 DAGs
[2024-02-25T12:51:46.396+0000] {logging_mixin.py:150} INFO - [2024-02-25T12:51:46.396+0000] {dag.py:3508} INFO - Setting next_dagrun for example_bash_operator to 2024-02-24T00:00:00+00:00, run_after=2024-02-25T00:00:00+00:00
[2024-02-25T12:51:46.417+0000] {processor.py:179} INFO - Processing /home/airflow/.local/lib/python3.7/site-packages/airflow/example_dags/example_bash_operator.py took 0.103 seconds
[2024-02-25T12:52:16.820+0000] {processor.py:157} INFO - Started process (PID=4689) to work on /home/airflow/.local/lib/python3.7/site-packages/airflow/example_dags/example_bash_operator.py
[2024-02-25T12:52:16.821+0000] {processor.py:826} INFO - Processing file /home/airflow/.local/lib/python3.7/site-packages/airflow/example_dags/example_bash_operator.py for tasks to queue
[2024-02-25T12:52:16.823+0000] {logging_mixin.py:150} INFO - [2024-02-25T12:52:16.822+0000] {dagbag.py:541} INFO - Filling up the DagBag from /home/airflow/.local/lib/python3.7/site-packages/airflow/example_dags/example_bash_operator.py
[2024-02-25T12:52:16.839+0000] {processor.py:836} INFO - DAG(s) dict_keys(['example_bash_operator']) retrieved from /home/airflow/.local/lib/python3.7/site-packages/airflow/example_dags/example_bash_operator.py
[2024-02-25T12:52:16.876+0000] {logging_mixin.py:150} INFO - [2024-02-25T12:52:16.875+0000] {dag.py:2742} INFO - Sync 1 DAGs
[2024-02-25T12:52:16.901+0000] {logging_mixin.py:150} INFO - [2024-02-25T12:52:16.901+0000] {dag.py:3508} INFO - Setting next_dagrun for example_bash_operator to 2024-02-24T00:00:00+00:00, run_after=2024-02-25T00:00:00+00:00
[2024-02-25T12:52:16.922+0000] {processor.py:179} INFO - Processing /home/airflow/.local/lib/python3.7/site-packages/airflow/example_dags/example_bash_operator.py took 0.109 seconds
[2024-02-25T12:52:47.364+0000] {processor.py:157} INFO - Started process (PID=4930) to work on /home/airflow/.local/lib/python3.7/site-packages/airflow/example_dags/example_bash_operator.py
[2024-02-25T12:52:47.364+0000] {processor.py:826} INFO - Processing file /home/airflow/.local/lib/python3.7/site-packages/airflow/example_dags/example_bash_operator.py for tasks to queue
[2024-02-25T12:52:47.365+0000] {logging_mixin.py:150} INFO - [2024-02-25T12:52:47.365+0000] {dagbag.py:541} INFO - Filling up the DagBag from /home/airflow/.local/lib/python3.7/site-packages/airflow/example_dags/example_bash_operator.py
[2024-02-25T12:52:47.380+0000] {processor.py:836} INFO - DAG(s) dict_keys(['example_bash_operator']) retrieved from /home/airflow/.local/lib/python3.7/site-packages/airflow/example_dags/example_bash_operator.py
[2024-02-25T12:52:47.415+0000] {logging_mixin.py:150} INFO - [2024-02-25T12:52:47.414+0000] {dag.py:2742} INFO - Sync 1 DAGs
[2024-02-25T12:52:47.440+0000] {logging_mixin.py:150} INFO - [2024-02-25T12:52:47.439+0000] {dag.py:3508} INFO - Setting next_dagrun for example_bash_operator to 2024-02-24T00:00:00+00:00, run_after=2024-02-25T00:00:00+00:00
[2024-02-25T12:52:47.460+0000] {processor.py:179} INFO - Processing /home/airflow/.local/lib/python3.7/site-packages/airflow/example_dags/example_bash_operator.py took 0.100 seconds
[2024-02-25T12:53:17.550+0000] {processor.py:157} INFO - Started process (PID=5169) to work on /home/airflow/.local/lib/python3.7/site-packages/airflow/example_dags/example_bash_operator.py
[2024-02-25T12:53:17.552+0000] {processor.py:826} INFO - Processing file /home/airflow/.local/lib/python3.7/site-packages/airflow/example_dags/example_bash_operator.py for tasks to queue
[2024-02-25T12:53:17.552+0000] {logging_mixin.py:150} INFO - [2024-02-25T12:53:17.552+0000] {dagbag.py:541} INFO - Filling up the DagBag from /home/airflow/.local/lib/python3.7/site-packages/airflow/example_dags/example_bash_operator.py
[2024-02-25T12:53:17.573+0000] {processor.py:836} INFO - DAG(s) dict_keys(['example_bash_operator']) retrieved from /home/airflow/.local/lib/python3.7/site-packages/airflow/example_dags/example_bash_operator.py
[2024-02-25T12:53:17.629+0000] {logging_mixin.py:150} INFO - [2024-02-25T12:53:17.628+0000] {dag.py:2742} INFO - Sync 1 DAGs
[2024-02-25T12:53:17.668+0000] {logging_mixin.py:150} INFO - [2024-02-25T12:53:17.668+0000] {dag.py:3508} INFO - Setting next_dagrun for example_bash_operator to 2024-02-24T00:00:00+00:00, run_after=2024-02-25T00:00:00+00:00
[2024-02-25T12:53:17.691+0000] {processor.py:179} INFO - Processing /home/airflow/.local/lib/python3.7/site-packages/airflow/example_dags/example_bash_operator.py took 0.144 seconds
[2024-02-25T12:53:48.591+0000] {processor.py:157} INFO - Started process (PID=5410) to work on /home/airflow/.local/lib/python3.7/site-packages/airflow/example_dags/example_bash_operator.py
[2024-02-25T12:53:48.592+0000] {processor.py:826} INFO - Processing file /home/airflow/.local/lib/python3.7/site-packages/airflow/example_dags/example_bash_operator.py for tasks to queue
[2024-02-25T12:53:48.593+0000] {logging_mixin.py:150} INFO - [2024-02-25T12:53:48.593+0000] {dagbag.py:541} INFO - Filling up the DagBag from /home/airflow/.local/lib/python3.7/site-packages/airflow/example_dags/example_bash_operator.py
[2024-02-25T12:53:48.608+0000] {processor.py:836} INFO - DAG(s) dict_keys(['example_bash_operator']) retrieved from /home/airflow/.local/lib/python3.7/site-packages/airflow/example_dags/example_bash_operator.py
[2024-02-25T12:53:48.648+0000] {logging_mixin.py:150} INFO - [2024-02-25T12:53:48.647+0000] {dag.py:2742} INFO - Sync 1 DAGs
[2024-02-25T12:53:48.673+0000] {logging_mixin.py:150} INFO - [2024-02-25T12:53:48.673+0000] {dag.py:3508} INFO - Setting next_dagrun for example_bash_operator to 2024-02-24T00:00:00+00:00, run_after=2024-02-25T00:00:00+00:00
[2024-02-25T12:53:48.693+0000] {processor.py:179} INFO - Processing /home/airflow/.local/lib/python3.7/site-packages/airflow/example_dags/example_bash_operator.py took 0.106 seconds
[2024-02-25T12:54:19.264+0000] {processor.py:157} INFO - Started process (PID=5651) to work on /home/airflow/.local/lib/python3.7/site-packages/airflow/example_dags/example_bash_operator.py
[2024-02-25T12:54:19.265+0000] {processor.py:826} INFO - Processing file /home/airflow/.local/lib/python3.7/site-packages/airflow/example_dags/example_bash_operator.py for tasks to queue
[2024-02-25T12:54:19.266+0000] {logging_mixin.py:150} INFO - [2024-02-25T12:54:19.266+0000] {dagbag.py:541} INFO - Filling up the DagBag from /home/airflow/.local/lib/python3.7/site-packages/airflow/example_dags/example_bash_operator.py
[2024-02-25T12:54:19.285+0000] {processor.py:836} INFO - DAG(s) dict_keys(['example_bash_operator']) retrieved from /home/airflow/.local/lib/python3.7/site-packages/airflow/example_dags/example_bash_operator.py
[2024-02-25T12:54:19.350+0000] {logging_mixin.py:150} INFO - [2024-02-25T12:54:19.350+0000] {dag.py:2742} INFO - Sync 1 DAGs
[2024-02-25T12:54:19.380+0000] {logging_mixin.py:150} INFO - [2024-02-25T12:54:19.380+0000] {dag.py:3508} INFO - Setting next_dagrun for example_bash_operator to 2024-02-24T00:00:00+00:00, run_after=2024-02-25T00:00:00+00:00
[2024-02-25T12:54:19.401+0000] {processor.py:179} INFO - Processing /home/airflow/.local/lib/python3.7/site-packages/airflow/example_dags/example_bash_operator.py took 0.141 seconds
[2024-02-25T12:54:49.818+0000] {processor.py:157} INFO - Started process (PID=5892) to work on /home/airflow/.local/lib/python3.7/site-packages/airflow/example_dags/example_bash_operator.py
[2024-02-25T12:54:49.819+0000] {processor.py:826} INFO - Processing file /home/airflow/.local/lib/python3.7/site-packages/airflow/example_dags/example_bash_operator.py for tasks to queue
[2024-02-25T12:54:49.820+0000] {logging_mixin.py:150} INFO - [2024-02-25T12:54:49.820+0000] {dagbag.py:541} INFO - Filling up the DagBag from /home/airflow/.local/lib/python3.7/site-packages/airflow/example_dags/example_bash_operator.py
[2024-02-25T12:54:49.836+0000] {processor.py:836} INFO - DAG(s) dict_keys(['example_bash_operator']) retrieved from /home/airflow/.local/lib/python3.7/site-packages/airflow/example_dags/example_bash_operator.py
[2024-02-25T12:54:49.890+0000] {logging_mixin.py:150} INFO - [2024-02-25T12:54:49.889+0000] {dag.py:2742} INFO - Sync 1 DAGs
[2024-02-25T12:54:49.926+0000] {logging_mixin.py:150} INFO - [2024-02-25T12:54:49.926+0000] {dag.py:3508} INFO - Setting next_dagrun for example_bash_operator to 2024-02-24T00:00:00+00:00, run_after=2024-02-25T00:00:00+00:00
[2024-02-25T12:54:49.946+0000] {processor.py:179} INFO - Processing /home/airflow/.local/lib/python3.7/site-packages/airflow/example_dags/example_bash_operator.py took 0.132 seconds
[2024-02-25T12:55:20.428+0000] {processor.py:157} INFO - Started process (PID=6132) to work on /home/airflow/.local/lib/python3.7/site-packages/airflow/example_dags/example_bash_operator.py
[2024-02-25T12:55:20.429+0000] {processor.py:826} INFO - Processing file /home/airflow/.local/lib/python3.7/site-packages/airflow/example_dags/example_bash_operator.py for tasks to queue
[2024-02-25T12:55:20.430+0000] {logging_mixin.py:150} INFO - [2024-02-25T12:55:20.430+0000] {dagbag.py:541} INFO - Filling up the DagBag from /home/airflow/.local/lib/python3.7/site-packages/airflow/example_dags/example_bash_operator.py
[2024-02-25T12:55:20.450+0000] {processor.py:836} INFO - DAG(s) dict_keys(['example_bash_operator']) retrieved from /home/airflow/.local/lib/python3.7/site-packages/airflow/example_dags/example_bash_operator.py
[2024-02-25T12:55:20.506+0000] {logging_mixin.py:150} INFO - [2024-02-25T12:55:20.506+0000] {dag.py:2742} INFO - Sync 1 DAGs
[2024-02-25T12:55:20.546+0000] {logging_mixin.py:150} INFO - [2024-02-25T12:55:20.546+0000] {dag.py:3508} INFO - Setting next_dagrun for example_bash_operator to 2024-02-24T00:00:00+00:00, run_after=2024-02-25T00:00:00+00:00
[2024-02-25T12:55:20.567+0000] {processor.py:179} INFO - Processing /home/airflow/.local/lib/python3.7/site-packages/airflow/example_dags/example_bash_operator.py took 0.144 seconds
[2024-02-25T12:55:51.294+0000] {processor.py:157} INFO - Started process (PID=6373) to work on /home/airflow/.local/lib/python3.7/site-packages/airflow/example_dags/example_bash_operator.py
[2024-02-25T12:55:51.295+0000] {processor.py:826} INFO - Processing file /home/airflow/.local/lib/python3.7/site-packages/airflow/example_dags/example_bash_operator.py for tasks to queue
[2024-02-25T12:55:51.296+0000] {logging_mixin.py:150} INFO - [2024-02-25T12:55:51.296+0000] {dagbag.py:541} INFO - Filling up the DagBag from /home/airflow/.local/lib/python3.7/site-packages/airflow/example_dags/example_bash_operator.py
[2024-02-25T12:55:51.312+0000] {processor.py:836} INFO - DAG(s) dict_keys(['example_bash_operator']) retrieved from /home/airflow/.local/lib/python3.7/site-packages/airflow/example_dags/example_bash_operator.py
[2024-02-25T12:55:51.353+0000] {logging_mixin.py:150} INFO - [2024-02-25T12:55:51.353+0000] {dag.py:2742} INFO - Sync 1 DAGs
[2024-02-25T12:55:51.387+0000] {logging_mixin.py:150} INFO - [2024-02-25T12:55:51.387+0000] {dag.py:3508} INFO - Setting next_dagrun for example_bash_operator to 2024-02-24T00:00:00+00:00, run_after=2024-02-25T00:00:00+00:00
[2024-02-25T12:55:51.421+0000] {processor.py:179} INFO - Processing /home/airflow/.local/lib/python3.7/site-packages/airflow/example_dags/example_bash_operator.py took 0.131 seconds
[2024-02-25T12:56:22.469+0000] {processor.py:157} INFO - Started process (PID=6621) to work on /home/airflow/.local/lib/python3.7/site-packages/airflow/example_dags/example_bash_operator.py
[2024-02-25T12:56:22.473+0000] {processor.py:826} INFO - Processing file /home/airflow/.local/lib/python3.7/site-packages/airflow/example_dags/example_bash_operator.py for tasks to queue
[2024-02-25T12:56:22.473+0000] {logging_mixin.py:150} INFO - [2024-02-25T12:56:22.473+0000] {dagbag.py:541} INFO - Filling up the DagBag from /home/airflow/.local/lib/python3.7/site-packages/airflow/example_dags/example_bash_operator.py
[2024-02-25T12:56:22.494+0000] {processor.py:836} INFO - DAG(s) dict_keys(['example_bash_operator']) retrieved from /home/airflow/.local/lib/python3.7/site-packages/airflow/example_dags/example_bash_operator.py
[2024-02-25T12:56:22.564+0000] {logging_mixin.py:150} INFO - [2024-02-25T12:56:22.564+0000] {dag.py:2742} INFO - Sync 1 DAGs
[2024-02-25T12:56:22.597+0000] {logging_mixin.py:150} INFO - [2024-02-25T12:56:22.597+0000] {dag.py:3508} INFO - Setting next_dagrun for example_bash_operator to 2024-02-24T00:00:00+00:00, run_after=2024-02-25T00:00:00+00:00
[2024-02-25T12:56:22.624+0000] {processor.py:179} INFO - Processing /home/airflow/.local/lib/python3.7/site-packages/airflow/example_dags/example_bash_operator.py took 0.158 seconds
[2024-02-25T12:56:52.869+0000] {processor.py:157} INFO - Started process (PID=6862) to work on /home/airflow/.local/lib/python3.7/site-packages/airflow/example_dags/example_bash_operator.py
[2024-02-25T12:56:52.870+0000] {processor.py:826} INFO - Processing file /home/airflow/.local/lib/python3.7/site-packages/airflow/example_dags/example_bash_operator.py for tasks to queue
[2024-02-25T12:56:52.871+0000] {logging_mixin.py:150} INFO - [2024-02-25T12:56:52.871+0000] {dagbag.py:541} INFO - Filling up the DagBag from /home/airflow/.local/lib/python3.7/site-packages/airflow/example_dags/example_bash_operator.py
[2024-02-25T12:56:52.893+0000] {processor.py:836} INFO - DAG(s) dict_keys(['example_bash_operator']) retrieved from /home/airflow/.local/lib/python3.7/site-packages/airflow/example_dags/example_bash_operator.py
[2024-02-25T12:56:52.943+0000] {logging_mixin.py:150} INFO - [2024-02-25T12:56:52.943+0000] {dag.py:2742} INFO - Sync 1 DAGs
[2024-02-25T12:56:52.978+0000] {logging_mixin.py:150} INFO - [2024-02-25T12:56:52.978+0000] {dag.py:3508} INFO - Setting next_dagrun for example_bash_operator to 2024-02-24T00:00:00+00:00, run_after=2024-02-25T00:00:00+00:00
[2024-02-25T12:56:53.011+0000] {processor.py:179} INFO - Processing /home/airflow/.local/lib/python3.7/site-packages/airflow/example_dags/example_bash_operator.py took 0.147 seconds
