[2024-02-25T12:43:02.580+0000] {processor.py:157} INFO - Started process (PID=321) to work on /home/airflow/.local/lib/python3.7/site-packages/airflow/example_dags/example_kubernetes_executor.py
[2024-02-25T12:43:02.580+0000] {processor.py:826} INFO - Processing file /home/airflow/.local/lib/python3.7/site-packages/airflow/example_dags/example_kubernetes_executor.py for tasks to queue
[2024-02-25T12:43:02.581+0000] {logging_mixin.py:150} INFO - [2024-02-25T12:43:02.581+0000] {dagbag.py:541} INFO - Filling up the DagBag from /home/airflow/.local/lib/python3.7/site-packages/airflow/example_dags/example_kubernetes_executor.py
[2024-02-25T12:43:02.930+0000] {processor.py:836} INFO - DAG(s) dict_keys(['example_kubernetes_executor']) retrieved from /home/airflow/.local/lib/python3.7/site-packages/airflow/example_dags/example_kubernetes_executor.py
[2024-02-25T12:43:02.946+0000] {logging_mixin.py:150} INFO - [2024-02-25T12:43:02.946+0000] {dag.py:2742} INFO - Sync 1 DAGs
[2024-02-25T12:43:02.997+0000] {logging_mixin.py:150} INFO - [2024-02-25T12:43:02.996+0000] {dag.py:3508} INFO - Setting next_dagrun for example_kubernetes_executor to None, run_after=None
[2024-02-25T12:43:03.025+0000] {processor.py:179} INFO - Processing /home/airflow/.local/lib/python3.7/site-packages/airflow/example_dags/example_kubernetes_executor.py took 0.450 seconds
[2024-02-25T12:43:33.511+0000] {processor.py:157} INFO - Started process (PID=561) to work on /home/airflow/.local/lib/python3.7/site-packages/airflow/example_dags/example_kubernetes_executor.py
[2024-02-25T12:43:33.511+0000] {processor.py:826} INFO - Processing file /home/airflow/.local/lib/python3.7/site-packages/airflow/example_dags/example_kubernetes_executor.py for tasks to queue
[2024-02-25T12:43:33.512+0000] {logging_mixin.py:150} INFO - [2024-02-25T12:43:33.512+0000] {dagbag.py:541} INFO - Filling up the DagBag from /home/airflow/.local/lib/python3.7/site-packages/airflow/example_dags/example_kubernetes_executor.py
[2024-02-25T12:43:33.849+0000] {processor.py:836} INFO - DAG(s) dict_keys(['example_kubernetes_executor']) retrieved from /home/airflow/.local/lib/python3.7/site-packages/airflow/example_dags/example_kubernetes_executor.py
[2024-02-25T12:43:33.896+0000] {logging_mixin.py:150} INFO - [2024-02-25T12:43:33.896+0000] {dag.py:2742} INFO - Sync 1 DAGs
[2024-02-25T12:43:33.927+0000] {logging_mixin.py:150} INFO - [2024-02-25T12:43:33.927+0000] {dag.py:3508} INFO - Setting next_dagrun for example_kubernetes_executor to None, run_after=None
[2024-02-25T12:43:33.954+0000] {processor.py:179} INFO - Processing /home/airflow/.local/lib/python3.7/site-packages/airflow/example_dags/example_kubernetes_executor.py took 0.447 seconds
[2024-02-25T12:44:04.716+0000] {processor.py:157} INFO - Started process (PID=808) to work on /home/airflow/.local/lib/python3.7/site-packages/airflow/example_dags/example_kubernetes_executor.py
[2024-02-25T12:44:04.718+0000] {processor.py:826} INFO - Processing file /home/airflow/.local/lib/python3.7/site-packages/airflow/example_dags/example_kubernetes_executor.py for tasks to queue
[2024-02-25T12:44:04.719+0000] {logging_mixin.py:150} INFO - [2024-02-25T12:44:04.718+0000] {dagbag.py:541} INFO - Filling up the DagBag from /home/airflow/.local/lib/python3.7/site-packages/airflow/example_dags/example_kubernetes_executor.py
[2024-02-25T12:44:05.111+0000] {processor.py:836} INFO - DAG(s) dict_keys(['example_kubernetes_executor']) retrieved from /home/airflow/.local/lib/python3.7/site-packages/airflow/example_dags/example_kubernetes_executor.py
[2024-02-25T12:44:05.126+0000] {logging_mixin.py:150} INFO - [2024-02-25T12:44:05.126+0000] {dag.py:2742} INFO - Sync 1 DAGs
[2024-02-25T12:44:05.180+0000] {logging_mixin.py:150} INFO - [2024-02-25T12:44:05.179+0000] {dag.py:3508} INFO - Setting next_dagrun for example_kubernetes_executor to None, run_after=None
[2024-02-25T12:44:05.308+0000] {processor.py:179} INFO - Processing /home/airflow/.local/lib/python3.7/site-packages/airflow/example_dags/example_kubernetes_executor.py took 0.598 seconds
[2024-02-25T12:44:35.514+0000] {processor.py:157} INFO - Started process (PID=1049) to work on /home/airflow/.local/lib/python3.7/site-packages/airflow/example_dags/example_kubernetes_executor.py
[2024-02-25T12:44:35.515+0000] {processor.py:826} INFO - Processing file /home/airflow/.local/lib/python3.7/site-packages/airflow/example_dags/example_kubernetes_executor.py for tasks to queue
[2024-02-25T12:44:35.517+0000] {logging_mixin.py:150} INFO - [2024-02-25T12:44:35.516+0000] {dagbag.py:541} INFO - Filling up the DagBag from /home/airflow/.local/lib/python3.7/site-packages/airflow/example_dags/example_kubernetes_executor.py
[2024-02-25T12:44:35.862+0000] {processor.py:836} INFO - DAG(s) dict_keys(['example_kubernetes_executor']) retrieved from /home/airflow/.local/lib/python3.7/site-packages/airflow/example_dags/example_kubernetes_executor.py
[2024-02-25T12:44:35.950+0000] {logging_mixin.py:150} INFO - [2024-02-25T12:44:35.949+0000] {dag.py:2742} INFO - Sync 1 DAGs
[2024-02-25T12:44:36.006+0000] {logging_mixin.py:150} INFO - [2024-02-25T12:44:36.006+0000] {dag.py:3508} INFO - Setting next_dagrun for example_kubernetes_executor to None, run_after=None
[2024-02-25T12:44:36.061+0000] {processor.py:179} INFO - Processing /home/airflow/.local/lib/python3.7/site-packages/airflow/example_dags/example_kubernetes_executor.py took 0.551 seconds
[2024-02-25T12:45:06.812+0000] {processor.py:157} INFO - Started process (PID=1285) to work on /home/airflow/.local/lib/python3.7/site-packages/airflow/example_dags/example_kubernetes_executor.py
[2024-02-25T12:45:06.813+0000] {processor.py:826} INFO - Processing file /home/airflow/.local/lib/python3.7/site-packages/airflow/example_dags/example_kubernetes_executor.py for tasks to queue
[2024-02-25T12:45:06.814+0000] {logging_mixin.py:150} INFO - [2024-02-25T12:45:06.814+0000] {dagbag.py:541} INFO - Filling up the DagBag from /home/airflow/.local/lib/python3.7/site-packages/airflow/example_dags/example_kubernetes_executor.py
[2024-02-25T12:45:07.162+0000] {processor.py:836} INFO - DAG(s) dict_keys(['example_kubernetes_executor']) retrieved from /home/airflow/.local/lib/python3.7/site-packages/airflow/example_dags/example_kubernetes_executor.py
[2024-02-25T12:45:07.212+0000] {logging_mixin.py:150} INFO - [2024-02-25T12:45:07.212+0000] {dag.py:2742} INFO - Sync 1 DAGs
[2024-02-25T12:45:07.244+0000] {logging_mixin.py:150} INFO - [2024-02-25T12:45:07.243+0000] {dag.py:3508} INFO - Setting next_dagrun for example_kubernetes_executor to None, run_after=None
[2024-02-25T12:45:07.270+0000] {processor.py:179} INFO - Processing /home/airflow/.local/lib/python3.7/site-packages/airflow/example_dags/example_kubernetes_executor.py took 0.464 seconds
[2024-02-25T12:45:37.382+0000] {processor.py:157} INFO - Started process (PID=1543) to work on /home/airflow/.local/lib/python3.7/site-packages/airflow/example_dags/example_kubernetes_executor.py
[2024-02-25T12:45:37.383+0000] {processor.py:826} INFO - Processing file /home/airflow/.local/lib/python3.7/site-packages/airflow/example_dags/example_kubernetes_executor.py for tasks to queue
[2024-02-25T12:45:37.383+0000] {logging_mixin.py:150} INFO - [2024-02-25T12:45:37.383+0000] {dagbag.py:541} INFO - Filling up the DagBag from /home/airflow/.local/lib/python3.7/site-packages/airflow/example_dags/example_kubernetes_executor.py
[2024-02-25T12:45:37.753+0000] {processor.py:836} INFO - DAG(s) dict_keys(['example_kubernetes_executor']) retrieved from /home/airflow/.local/lib/python3.7/site-packages/airflow/example_dags/example_kubernetes_executor.py
[2024-02-25T12:45:37.816+0000] {logging_mixin.py:150} INFO - [2024-02-25T12:45:37.815+0000] {dag.py:2742} INFO - Sync 1 DAGs
[2024-02-25T12:45:37.869+0000] {logging_mixin.py:150} INFO - [2024-02-25T12:45:37.868+0000] {dag.py:3508} INFO - Setting next_dagrun for example_kubernetes_executor to None, run_after=None
[2024-02-25T12:45:37.901+0000] {processor.py:179} INFO - Processing /home/airflow/.local/lib/python3.7/site-packages/airflow/example_dags/example_kubernetes_executor.py took 0.524 seconds
[2024-02-25T12:46:08.204+0000] {processor.py:157} INFO - Started process (PID=1794) to work on /home/airflow/.local/lib/python3.7/site-packages/airflow/example_dags/example_kubernetes_executor.py
[2024-02-25T12:46:08.206+0000] {processor.py:826} INFO - Processing file /home/airflow/.local/lib/python3.7/site-packages/airflow/example_dags/example_kubernetes_executor.py for tasks to queue
[2024-02-25T12:46:08.207+0000] {logging_mixin.py:150} INFO - [2024-02-25T12:46:08.206+0000] {dagbag.py:541} INFO - Filling up the DagBag from /home/airflow/.local/lib/python3.7/site-packages/airflow/example_dags/example_kubernetes_executor.py
[2024-02-25T12:46:08.569+0000] {processor.py:836} INFO - DAG(s) dict_keys(['example_kubernetes_executor']) retrieved from /home/airflow/.local/lib/python3.7/site-packages/airflow/example_dags/example_kubernetes_executor.py
[2024-02-25T12:46:08.629+0000] {logging_mixin.py:150} INFO - [2024-02-25T12:46:08.628+0000] {dag.py:2742} INFO - Sync 1 DAGs
[2024-02-25T12:46:08.671+0000] {logging_mixin.py:150} INFO - [2024-02-25T12:46:08.671+0000] {dag.py:3508} INFO - Setting next_dagrun for example_kubernetes_executor to None, run_after=None
[2024-02-25T12:46:08.703+0000] {processor.py:179} INFO - Processing /home/airflow/.local/lib/python3.7/site-packages/airflow/example_dags/example_kubernetes_executor.py took 0.504 seconds
[2024-02-25T12:46:38.773+0000] {processor.py:157} INFO - Started process (PID=2040) to work on /home/airflow/.local/lib/python3.7/site-packages/airflow/example_dags/example_kubernetes_executor.py
[2024-02-25T12:46:38.774+0000] {processor.py:826} INFO - Processing file /home/airflow/.local/lib/python3.7/site-packages/airflow/example_dags/example_kubernetes_executor.py for tasks to queue
[2024-02-25T12:46:38.775+0000] {logging_mixin.py:150} INFO - [2024-02-25T12:46:38.775+0000] {dagbag.py:541} INFO - Filling up the DagBag from /home/airflow/.local/lib/python3.7/site-packages/airflow/example_dags/example_kubernetes_executor.py
[2024-02-25T12:46:39.117+0000] {processor.py:836} INFO - DAG(s) dict_keys(['example_kubernetes_executor']) retrieved from /home/airflow/.local/lib/python3.7/site-packages/airflow/example_dags/example_kubernetes_executor.py
[2024-02-25T12:46:39.176+0000] {logging_mixin.py:150} INFO - [2024-02-25T12:46:39.175+0000] {dag.py:2742} INFO - Sync 1 DAGs
[2024-02-25T12:46:39.210+0000] {logging_mixin.py:150} INFO - [2024-02-25T12:46:39.210+0000] {dag.py:3508} INFO - Setting next_dagrun for example_kubernetes_executor to None, run_after=None
[2024-02-25T12:46:39.235+0000] {processor.py:179} INFO - Processing /home/airflow/.local/lib/python3.7/site-packages/airflow/example_dags/example_kubernetes_executor.py took 0.466 seconds
[2024-02-25T12:47:10.095+0000] {processor.py:157} INFO - Started process (PID=2286) to work on /home/airflow/.local/lib/python3.7/site-packages/airflow/example_dags/example_kubernetes_executor.py
[2024-02-25T12:47:10.101+0000] {processor.py:826} INFO - Processing file /home/airflow/.local/lib/python3.7/site-packages/airflow/example_dags/example_kubernetes_executor.py for tasks to queue
[2024-02-25T12:47:10.102+0000] {logging_mixin.py:150} INFO - [2024-02-25T12:47:10.102+0000] {dagbag.py:541} INFO - Filling up the DagBag from /home/airflow/.local/lib/python3.7/site-packages/airflow/example_dags/example_kubernetes_executor.py
[2024-02-25T12:47:10.520+0000] {processor.py:836} INFO - DAG(s) dict_keys(['example_kubernetes_executor']) retrieved from /home/airflow/.local/lib/python3.7/site-packages/airflow/example_dags/example_kubernetes_executor.py
[2024-02-25T12:47:10.591+0000] {logging_mixin.py:150} INFO - [2024-02-25T12:47:10.590+0000] {dag.py:2742} INFO - Sync 1 DAGs
[2024-02-25T12:47:10.648+0000] {logging_mixin.py:150} INFO - [2024-02-25T12:47:10.648+0000] {dag.py:3508} INFO - Setting next_dagrun for example_kubernetes_executor to None, run_after=None
[2024-02-25T12:47:10.694+0000] {processor.py:179} INFO - Processing /home/airflow/.local/lib/python3.7/site-packages/airflow/example_dags/example_kubernetes_executor.py took 0.604 seconds
[2024-02-25T12:47:40.857+0000] {processor.py:157} INFO - Started process (PID=2514) to work on /home/airflow/.local/lib/python3.7/site-packages/airflow/example_dags/example_kubernetes_executor.py
[2024-02-25T12:47:40.858+0000] {processor.py:826} INFO - Processing file /home/airflow/.local/lib/python3.7/site-packages/airflow/example_dags/example_kubernetes_executor.py for tasks to queue
[2024-02-25T12:47:40.860+0000] {logging_mixin.py:150} INFO - [2024-02-25T12:47:40.859+0000] {dagbag.py:541} INFO - Filling up the DagBag from /home/airflow/.local/lib/python3.7/site-packages/airflow/example_dags/example_kubernetes_executor.py
[2024-02-25T12:47:41.150+0000] {processor.py:836} INFO - DAG(s) dict_keys(['example_kubernetes_executor']) retrieved from /home/airflow/.local/lib/python3.7/site-packages/airflow/example_dags/example_kubernetes_executor.py
[2024-02-25T12:47:41.202+0000] {logging_mixin.py:150} INFO - [2024-02-25T12:47:41.202+0000] {dag.py:2742} INFO - Sync 1 DAGs
[2024-02-25T12:47:41.235+0000] {logging_mixin.py:150} INFO - [2024-02-25T12:47:41.235+0000] {dag.py:3508} INFO - Setting next_dagrun for example_kubernetes_executor to None, run_after=None
[2024-02-25T12:47:41.258+0000] {processor.py:179} INFO - Processing /home/airflow/.local/lib/python3.7/site-packages/airflow/example_dags/example_kubernetes_executor.py took 0.408 seconds
[2024-02-25T12:48:11.474+0000] {processor.py:157} INFO - Started process (PID=2765) to work on /home/airflow/.local/lib/python3.7/site-packages/airflow/example_dags/example_kubernetes_executor.py
[2024-02-25T12:48:11.476+0000] {processor.py:826} INFO - Processing file /home/airflow/.local/lib/python3.7/site-packages/airflow/example_dags/example_kubernetes_executor.py for tasks to queue
[2024-02-25T12:48:11.477+0000] {logging_mixin.py:150} INFO - [2024-02-25T12:48:11.476+0000] {dagbag.py:541} INFO - Filling up the DagBag from /home/airflow/.local/lib/python3.7/site-packages/airflow/example_dags/example_kubernetes_executor.py
[2024-02-25T12:48:11.683+0000] {processor.py:836} INFO - DAG(s) dict_keys(['example_kubernetes_executor']) retrieved from /home/airflow/.local/lib/python3.7/site-packages/airflow/example_dags/example_kubernetes_executor.py
[2024-02-25T12:48:11.718+0000] {logging_mixin.py:150} INFO - [2024-02-25T12:48:11.718+0000] {dag.py:2742} INFO - Sync 1 DAGs
[2024-02-25T12:48:11.741+0000] {logging_mixin.py:150} INFO - [2024-02-25T12:48:11.741+0000] {dag.py:3508} INFO - Setting next_dagrun for example_kubernetes_executor to None, run_after=None
[2024-02-25T12:48:11.761+0000] {processor.py:179} INFO - Processing /home/airflow/.local/lib/python3.7/site-packages/airflow/example_dags/example_kubernetes_executor.py took 0.290 seconds
[2024-02-25T12:48:41.894+0000] {processor.py:157} INFO - Started process (PID=2997) to work on /home/airflow/.local/lib/python3.7/site-packages/airflow/example_dags/example_kubernetes_executor.py
[2024-02-25T12:48:41.895+0000] {processor.py:826} INFO - Processing file /home/airflow/.local/lib/python3.7/site-packages/airflow/example_dags/example_kubernetes_executor.py for tasks to queue
[2024-02-25T12:48:41.896+0000] {logging_mixin.py:150} INFO - [2024-02-25T12:48:41.896+0000] {dagbag.py:541} INFO - Filling up the DagBag from /home/airflow/.local/lib/python3.7/site-packages/airflow/example_dags/example_kubernetes_executor.py
[2024-02-25T12:48:42.215+0000] {processor.py:836} INFO - DAG(s) dict_keys(['example_kubernetes_executor']) retrieved from /home/airflow/.local/lib/python3.7/site-packages/airflow/example_dags/example_kubernetes_executor.py
[2024-02-25T12:48:42.312+0000] {logging_mixin.py:150} INFO - [2024-02-25T12:48:42.311+0000] {dag.py:2742} INFO - Sync 1 DAGs
[2024-02-25T12:48:42.373+0000] {logging_mixin.py:150} INFO - [2024-02-25T12:48:42.373+0000] {dag.py:3508} INFO - Setting next_dagrun for example_kubernetes_executor to None, run_after=None
[2024-02-25T12:48:42.410+0000] {processor.py:179} INFO - Processing /home/airflow/.local/lib/python3.7/site-packages/airflow/example_dags/example_kubernetes_executor.py took 0.524 seconds
[2024-02-25T12:49:12.514+0000] {processor.py:157} INFO - Started process (PID=3248) to work on /home/airflow/.local/lib/python3.7/site-packages/airflow/example_dags/example_kubernetes_executor.py
[2024-02-25T12:49:12.516+0000] {processor.py:826} INFO - Processing file /home/airflow/.local/lib/python3.7/site-packages/airflow/example_dags/example_kubernetes_executor.py for tasks to queue
[2024-02-25T12:49:12.518+0000] {logging_mixin.py:150} INFO - [2024-02-25T12:49:12.518+0000] {dagbag.py:541} INFO - Filling up the DagBag from /home/airflow/.local/lib/python3.7/site-packages/airflow/example_dags/example_kubernetes_executor.py
[2024-02-25T12:49:12.957+0000] {processor.py:836} INFO - DAG(s) dict_keys(['example_kubernetes_executor']) retrieved from /home/airflow/.local/lib/python3.7/site-packages/airflow/example_dags/example_kubernetes_executor.py
[2024-02-25T12:49:13.026+0000] {logging_mixin.py:150} INFO - [2024-02-25T12:49:13.026+0000] {dag.py:2742} INFO - Sync 1 DAGs
[2024-02-25T12:49:13.079+0000] {logging_mixin.py:150} INFO - [2024-02-25T12:49:13.078+0000] {dag.py:3508} INFO - Setting next_dagrun for example_kubernetes_executor to None, run_after=None
[2024-02-25T12:49:13.142+0000] {processor.py:179} INFO - Processing /home/airflow/.local/lib/python3.7/site-packages/airflow/example_dags/example_kubernetes_executor.py took 0.634 seconds
[2024-02-25T12:49:43.371+0000] {processor.py:157} INFO - Started process (PID=3484) to work on /home/airflow/.local/lib/python3.7/site-packages/airflow/example_dags/example_kubernetes_executor.py
[2024-02-25T12:49:43.373+0000] {processor.py:826} INFO - Processing file /home/airflow/.local/lib/python3.7/site-packages/airflow/example_dags/example_kubernetes_executor.py for tasks to queue
[2024-02-25T12:49:43.376+0000] {logging_mixin.py:150} INFO - [2024-02-25T12:49:43.375+0000] {dagbag.py:541} INFO - Filling up the DagBag from /home/airflow/.local/lib/python3.7/site-packages/airflow/example_dags/example_kubernetes_executor.py
[2024-02-25T12:49:43.713+0000] {processor.py:836} INFO - DAG(s) dict_keys(['example_kubernetes_executor']) retrieved from /home/airflow/.local/lib/python3.7/site-packages/airflow/example_dags/example_kubernetes_executor.py
[2024-02-25T12:49:43.768+0000] {logging_mixin.py:150} INFO - [2024-02-25T12:49:43.768+0000] {dag.py:2742} INFO - Sync 1 DAGs
[2024-02-25T12:49:43.806+0000] {logging_mixin.py:150} INFO - [2024-02-25T12:49:43.806+0000] {dag.py:3508} INFO - Setting next_dagrun for example_kubernetes_executor to None, run_after=None
[2024-02-25T12:49:43.839+0000] {processor.py:179} INFO - Processing /home/airflow/.local/lib/python3.7/site-packages/airflow/example_dags/example_kubernetes_executor.py took 0.483 seconds
[2024-02-25T12:50:14.374+0000] {processor.py:157} INFO - Started process (PID=3725) to work on /home/airflow/.local/lib/python3.7/site-packages/airflow/example_dags/example_kubernetes_executor.py
[2024-02-25T12:50:14.376+0000] {processor.py:826} INFO - Processing file /home/airflow/.local/lib/python3.7/site-packages/airflow/example_dags/example_kubernetes_executor.py for tasks to queue
[2024-02-25T12:50:14.377+0000] {logging_mixin.py:150} INFO - [2024-02-25T12:50:14.377+0000] {dagbag.py:541} INFO - Filling up the DagBag from /home/airflow/.local/lib/python3.7/site-packages/airflow/example_dags/example_kubernetes_executor.py
[2024-02-25T12:50:14.677+0000] {processor.py:836} INFO - DAG(s) dict_keys(['example_kubernetes_executor']) retrieved from /home/airflow/.local/lib/python3.7/site-packages/airflow/example_dags/example_kubernetes_executor.py
[2024-02-25T12:50:14.729+0000] {logging_mixin.py:150} INFO - [2024-02-25T12:50:14.729+0000] {dag.py:2742} INFO - Sync 1 DAGs
[2024-02-25T12:50:14.758+0000] {logging_mixin.py:150} INFO - [2024-02-25T12:50:14.758+0000] {dag.py:3508} INFO - Setting next_dagrun for example_kubernetes_executor to None, run_after=None
[2024-02-25T12:50:14.781+0000] {processor.py:179} INFO - Processing /home/airflow/.local/lib/python3.7/site-packages/airflow/example_dags/example_kubernetes_executor.py took 0.412 seconds
[2024-02-25T12:50:45.204+0000] {processor.py:157} INFO - Started process (PID=3966) to work on /home/airflow/.local/lib/python3.7/site-packages/airflow/example_dags/example_kubernetes_executor.py
[2024-02-25T12:50:45.205+0000] {processor.py:826} INFO - Processing file /home/airflow/.local/lib/python3.7/site-packages/airflow/example_dags/example_kubernetes_executor.py for tasks to queue
[2024-02-25T12:50:45.207+0000] {logging_mixin.py:150} INFO - [2024-02-25T12:50:45.206+0000] {dagbag.py:541} INFO - Filling up the DagBag from /home/airflow/.local/lib/python3.7/site-packages/airflow/example_dags/example_kubernetes_executor.py
[2024-02-25T12:50:45.570+0000] {processor.py:836} INFO - DAG(s) dict_keys(['example_kubernetes_executor']) retrieved from /home/airflow/.local/lib/python3.7/site-packages/airflow/example_dags/example_kubernetes_executor.py
[2024-02-25T12:50:45.629+0000] {logging_mixin.py:150} INFO - [2024-02-25T12:50:45.628+0000] {dag.py:2742} INFO - Sync 1 DAGs
[2024-02-25T12:50:45.669+0000] {logging_mixin.py:150} INFO - [2024-02-25T12:50:45.669+0000] {dag.py:3508} INFO - Setting next_dagrun for example_kubernetes_executor to None, run_after=None
[2024-02-25T12:50:45.695+0000] {processor.py:179} INFO - Processing /home/airflow/.local/lib/python3.7/site-packages/airflow/example_dags/example_kubernetes_executor.py took 0.501 seconds
[2024-02-25T12:51:16.545+0000] {processor.py:157} INFO - Started process (PID=4212) to work on /home/airflow/.local/lib/python3.7/site-packages/airflow/example_dags/example_kubernetes_executor.py
[2024-02-25T12:51:16.547+0000] {processor.py:826} INFO - Processing file /home/airflow/.local/lib/python3.7/site-packages/airflow/example_dags/example_kubernetes_executor.py for tasks to queue
[2024-02-25T12:51:16.548+0000] {logging_mixin.py:150} INFO - [2024-02-25T12:51:16.548+0000] {dagbag.py:541} INFO - Filling up the DagBag from /home/airflow/.local/lib/python3.7/site-packages/airflow/example_dags/example_kubernetes_executor.py
[2024-02-25T12:51:16.834+0000] {processor.py:836} INFO - DAG(s) dict_keys(['example_kubernetes_executor']) retrieved from /home/airflow/.local/lib/python3.7/site-packages/airflow/example_dags/example_kubernetes_executor.py
[2024-02-25T12:51:16.887+0000] {logging_mixin.py:150} INFO - [2024-02-25T12:51:16.887+0000] {dag.py:2742} INFO - Sync 1 DAGs
[2024-02-25T12:51:16.922+0000] {logging_mixin.py:150} INFO - [2024-02-25T12:51:16.922+0000] {dag.py:3508} INFO - Setting next_dagrun for example_kubernetes_executor to None, run_after=None
[2024-02-25T12:51:16.949+0000] {processor.py:179} INFO - Processing /home/airflow/.local/lib/python3.7/site-packages/airflow/example_dags/example_kubernetes_executor.py took 0.414 seconds
[2024-02-25T12:51:47.381+0000] {processor.py:157} INFO - Started process (PID=4453) to work on /home/airflow/.local/lib/python3.7/site-packages/airflow/example_dags/example_kubernetes_executor.py
[2024-02-25T12:51:47.383+0000] {processor.py:826} INFO - Processing file /home/airflow/.local/lib/python3.7/site-packages/airflow/example_dags/example_kubernetes_executor.py for tasks to queue
[2024-02-25T12:51:47.384+0000] {logging_mixin.py:150} INFO - [2024-02-25T12:51:47.384+0000] {dagbag.py:541} INFO - Filling up the DagBag from /home/airflow/.local/lib/python3.7/site-packages/airflow/example_dags/example_kubernetes_executor.py
[2024-02-25T12:51:47.643+0000] {processor.py:836} INFO - DAG(s) dict_keys(['example_kubernetes_executor']) retrieved from /home/airflow/.local/lib/python3.7/site-packages/airflow/example_dags/example_kubernetes_executor.py
[2024-02-25T12:51:47.693+0000] {logging_mixin.py:150} INFO - [2024-02-25T12:51:47.693+0000] {dag.py:2742} INFO - Sync 1 DAGs
[2024-02-25T12:51:47.729+0000] {logging_mixin.py:150} INFO - [2024-02-25T12:51:47.728+0000] {dag.py:3508} INFO - Setting next_dagrun for example_kubernetes_executor to None, run_after=None
[2024-02-25T12:51:47.758+0000] {processor.py:179} INFO - Processing /home/airflow/.local/lib/python3.7/site-packages/airflow/example_dags/example_kubernetes_executor.py took 0.384 seconds
[2024-02-25T12:52:17.912+0000] {processor.py:157} INFO - Started process (PID=4694) to work on /home/airflow/.local/lib/python3.7/site-packages/airflow/example_dags/example_kubernetes_executor.py
[2024-02-25T12:52:17.914+0000] {processor.py:826} INFO - Processing file /home/airflow/.local/lib/python3.7/site-packages/airflow/example_dags/example_kubernetes_executor.py for tasks to queue
[2024-02-25T12:52:17.915+0000] {logging_mixin.py:150} INFO - [2024-02-25T12:52:17.915+0000] {dagbag.py:541} INFO - Filling up the DagBag from /home/airflow/.local/lib/python3.7/site-packages/airflow/example_dags/example_kubernetes_executor.py
[2024-02-25T12:52:18.305+0000] {processor.py:836} INFO - DAG(s) dict_keys(['example_kubernetes_executor']) retrieved from /home/airflow/.local/lib/python3.7/site-packages/airflow/example_dags/example_kubernetes_executor.py
[2024-02-25T12:52:18.370+0000] {logging_mixin.py:150} INFO - [2024-02-25T12:52:18.370+0000] {dag.py:2742} INFO - Sync 1 DAGs
[2024-02-25T12:52:18.419+0000] {logging_mixin.py:150} INFO - [2024-02-25T12:52:18.419+0000] {dag.py:3508} INFO - Setting next_dagrun for example_kubernetes_executor to None, run_after=None
[2024-02-25T12:52:18.457+0000] {processor.py:179} INFO - Processing /home/airflow/.local/lib/python3.7/site-packages/airflow/example_dags/example_kubernetes_executor.py took 0.554 seconds
[2024-02-25T12:52:48.502+0000] {processor.py:157} INFO - Started process (PID=4940) to work on /home/airflow/.local/lib/python3.7/site-packages/airflow/example_dags/example_kubernetes_executor.py
[2024-02-25T12:52:48.502+0000] {processor.py:826} INFO - Processing file /home/airflow/.local/lib/python3.7/site-packages/airflow/example_dags/example_kubernetes_executor.py for tasks to queue
[2024-02-25T12:52:48.503+0000] {logging_mixin.py:150} INFO - [2024-02-25T12:52:48.503+0000] {dagbag.py:541} INFO - Filling up the DagBag from /home/airflow/.local/lib/python3.7/site-packages/airflow/example_dags/example_kubernetes_executor.py
[2024-02-25T12:52:48.708+0000] {processor.py:836} INFO - DAG(s) dict_keys(['example_kubernetes_executor']) retrieved from /home/airflow/.local/lib/python3.7/site-packages/airflow/example_dags/example_kubernetes_executor.py
[2024-02-25T12:52:48.744+0000] {logging_mixin.py:150} INFO - [2024-02-25T12:52:48.744+0000] {dag.py:2742} INFO - Sync 1 DAGs
[2024-02-25T12:52:48.767+0000] {logging_mixin.py:150} INFO - [2024-02-25T12:52:48.767+0000] {dag.py:3508} INFO - Setting next_dagrun for example_kubernetes_executor to None, run_after=None
[2024-02-25T12:52:48.787+0000] {processor.py:179} INFO - Processing /home/airflow/.local/lib/python3.7/site-packages/airflow/example_dags/example_kubernetes_executor.py took 0.287 seconds
[2024-02-25T12:53:19.744+0000] {processor.py:157} INFO - Started process (PID=5181) to work on /home/airflow/.local/lib/python3.7/site-packages/airflow/example_dags/example_kubernetes_executor.py
[2024-02-25T12:53:19.745+0000] {processor.py:826} INFO - Processing file /home/airflow/.local/lib/python3.7/site-packages/airflow/example_dags/example_kubernetes_executor.py for tasks to queue
[2024-02-25T12:53:19.746+0000] {logging_mixin.py:150} INFO - [2024-02-25T12:53:19.746+0000] {dagbag.py:541} INFO - Filling up the DagBag from /home/airflow/.local/lib/python3.7/site-packages/airflow/example_dags/example_kubernetes_executor.py
[2024-02-25T12:53:20.008+0000] {processor.py:836} INFO - DAG(s) dict_keys(['example_kubernetes_executor']) retrieved from /home/airflow/.local/lib/python3.7/site-packages/airflow/example_dags/example_kubernetes_executor.py
[2024-02-25T12:53:20.055+0000] {logging_mixin.py:150} INFO - [2024-02-25T12:53:20.055+0000] {dag.py:2742} INFO - Sync 1 DAGs
[2024-02-25T12:53:20.094+0000] {logging_mixin.py:150} INFO - [2024-02-25T12:53:20.094+0000] {dag.py:3508} INFO - Setting next_dagrun for example_kubernetes_executor to None, run_after=None
[2024-02-25T12:53:20.122+0000] {processor.py:179} INFO - Processing /home/airflow/.local/lib/python3.7/site-packages/airflow/example_dags/example_kubernetes_executor.py took 0.383 seconds
[2024-02-25T12:53:50.758+0000] {processor.py:157} INFO - Started process (PID=5422) to work on /home/airflow/.local/lib/python3.7/site-packages/airflow/example_dags/example_kubernetes_executor.py
[2024-02-25T12:53:50.759+0000] {processor.py:826} INFO - Processing file /home/airflow/.local/lib/python3.7/site-packages/airflow/example_dags/example_kubernetes_executor.py for tasks to queue
[2024-02-25T12:53:50.761+0000] {logging_mixin.py:150} INFO - [2024-02-25T12:53:50.760+0000] {dagbag.py:541} INFO - Filling up the DagBag from /home/airflow/.local/lib/python3.7/site-packages/airflow/example_dags/example_kubernetes_executor.py
[2024-02-25T12:53:51.066+0000] {processor.py:836} INFO - DAG(s) dict_keys(['example_kubernetes_executor']) retrieved from /home/airflow/.local/lib/python3.7/site-packages/airflow/example_dags/example_kubernetes_executor.py
[2024-02-25T12:53:51.119+0000] {logging_mixin.py:150} INFO - [2024-02-25T12:53:51.119+0000] {dag.py:2742} INFO - Sync 1 DAGs
[2024-02-25T12:53:51.148+0000] {logging_mixin.py:150} INFO - [2024-02-25T12:53:51.148+0000] {dag.py:3508} INFO - Setting next_dagrun for example_kubernetes_executor to None, run_after=None
[2024-02-25T12:53:51.174+0000] {processor.py:179} INFO - Processing /home/airflow/.local/lib/python3.7/site-packages/airflow/example_dags/example_kubernetes_executor.py took 0.424 seconds
[2024-02-25T12:54:21.453+0000] {processor.py:157} INFO - Started process (PID=5670) to work on /home/airflow/.local/lib/python3.7/site-packages/airflow/example_dags/example_kubernetes_executor.py
[2024-02-25T12:54:21.454+0000] {processor.py:826} INFO - Processing file /home/airflow/.local/lib/python3.7/site-packages/airflow/example_dags/example_kubernetes_executor.py for tasks to queue
[2024-02-25T12:54:21.455+0000] {logging_mixin.py:150} INFO - [2024-02-25T12:54:21.455+0000] {dagbag.py:541} INFO - Filling up the DagBag from /home/airflow/.local/lib/python3.7/site-packages/airflow/example_dags/example_kubernetes_executor.py
[2024-02-25T12:54:21.706+0000] {processor.py:836} INFO - DAG(s) dict_keys(['example_kubernetes_executor']) retrieved from /home/airflow/.local/lib/python3.7/site-packages/airflow/example_dags/example_kubernetes_executor.py
[2024-02-25T12:54:21.746+0000] {logging_mixin.py:150} INFO - [2024-02-25T12:54:21.746+0000] {dag.py:2742} INFO - Sync 1 DAGs
[2024-02-25T12:54:21.779+0000] {logging_mixin.py:150} INFO - [2024-02-25T12:54:21.779+0000] {dag.py:3508} INFO - Setting next_dagrun for example_kubernetes_executor to None, run_after=None
[2024-02-25T12:54:21.814+0000] {processor.py:179} INFO - Processing /home/airflow/.local/lib/python3.7/site-packages/airflow/example_dags/example_kubernetes_executor.py took 0.367 seconds
[2024-02-25T12:54:52.019+0000] {processor.py:157} INFO - Started process (PID=5910) to work on /home/airflow/.local/lib/python3.7/site-packages/airflow/example_dags/example_kubernetes_executor.py
[2024-02-25T12:54:52.020+0000] {processor.py:826} INFO - Processing file /home/airflow/.local/lib/python3.7/site-packages/airflow/example_dags/example_kubernetes_executor.py for tasks to queue
[2024-02-25T12:54:52.021+0000] {logging_mixin.py:150} INFO - [2024-02-25T12:54:52.021+0000] {dagbag.py:541} INFO - Filling up the DagBag from /home/airflow/.local/lib/python3.7/site-packages/airflow/example_dags/example_kubernetes_executor.py
[2024-02-25T12:54:52.370+0000] {processor.py:836} INFO - DAG(s) dict_keys(['example_kubernetes_executor']) retrieved from /home/airflow/.local/lib/python3.7/site-packages/airflow/example_dags/example_kubernetes_executor.py
[2024-02-25T12:54:52.411+0000] {logging_mixin.py:150} INFO - [2024-02-25T12:54:52.411+0000] {dag.py:2742} INFO - Sync 1 DAGs
[2024-02-25T12:54:52.440+0000] {logging_mixin.py:150} INFO - [2024-02-25T12:54:52.440+0000] {dag.py:3508} INFO - Setting next_dagrun for example_kubernetes_executor to None, run_after=None
[2024-02-25T12:54:52.469+0000] {processor.py:179} INFO - Processing /home/airflow/.local/lib/python3.7/site-packages/airflow/example_dags/example_kubernetes_executor.py took 0.459 seconds
[2024-02-25T12:55:22.630+0000] {processor.py:157} INFO - Started process (PID=6151) to work on /home/airflow/.local/lib/python3.7/site-packages/airflow/example_dags/example_kubernetes_executor.py
[2024-02-25T12:55:22.631+0000] {processor.py:826} INFO - Processing file /home/airflow/.local/lib/python3.7/site-packages/airflow/example_dags/example_kubernetes_executor.py for tasks to queue
[2024-02-25T12:55:22.633+0000] {logging_mixin.py:150} INFO - [2024-02-25T12:55:22.632+0000] {dagbag.py:541} INFO - Filling up the DagBag from /home/airflow/.local/lib/python3.7/site-packages/airflow/example_dags/example_kubernetes_executor.py
[2024-02-25T12:55:22.949+0000] {processor.py:836} INFO - DAG(s) dict_keys(['example_kubernetes_executor']) retrieved from /home/airflow/.local/lib/python3.7/site-packages/airflow/example_dags/example_kubernetes_executor.py
[2024-02-25T12:55:22.991+0000] {logging_mixin.py:150} INFO - [2024-02-25T12:55:22.990+0000] {dag.py:2742} INFO - Sync 1 DAGs
[2024-02-25T12:55:23.023+0000] {logging_mixin.py:150} INFO - [2024-02-25T12:55:23.023+0000] {dag.py:3508} INFO - Setting next_dagrun for example_kubernetes_executor to None, run_after=None
[2024-02-25T12:55:23.055+0000] {processor.py:179} INFO - Processing /home/airflow/.local/lib/python3.7/site-packages/airflow/example_dags/example_kubernetes_executor.py took 0.432 seconds
[2024-02-25T12:55:53.485+0000] {processor.py:157} INFO - Started process (PID=6392) to work on /home/airflow/.local/lib/python3.7/site-packages/airflow/example_dags/example_kubernetes_executor.py
[2024-02-25T12:55:53.487+0000] {processor.py:826} INFO - Processing file /home/airflow/.local/lib/python3.7/site-packages/airflow/example_dags/example_kubernetes_executor.py for tasks to queue
[2024-02-25T12:55:53.488+0000] {logging_mixin.py:150} INFO - [2024-02-25T12:55:53.487+0000] {dagbag.py:541} INFO - Filling up the DagBag from /home/airflow/.local/lib/python3.7/site-packages/airflow/example_dags/example_kubernetes_executor.py
[2024-02-25T12:55:53.764+0000] {processor.py:836} INFO - DAG(s) dict_keys(['example_kubernetes_executor']) retrieved from /home/airflow/.local/lib/python3.7/site-packages/airflow/example_dags/example_kubernetes_executor.py
[2024-02-25T12:55:53.808+0000] {logging_mixin.py:150} INFO - [2024-02-25T12:55:53.807+0000] {dag.py:2742} INFO - Sync 1 DAGs
[2024-02-25T12:55:53.838+0000] {logging_mixin.py:150} INFO - [2024-02-25T12:55:53.838+0000] {dag.py:3508} INFO - Setting next_dagrun for example_kubernetes_executor to None, run_after=None
[2024-02-25T12:55:53.864+0000] {processor.py:179} INFO - Processing /home/airflow/.local/lib/python3.7/site-packages/airflow/example_dags/example_kubernetes_executor.py took 0.384 seconds
[2024-02-25T12:56:23.965+0000] {processor.py:157} INFO - Started process (PID=6638) to work on /home/airflow/.local/lib/python3.7/site-packages/airflow/example_dags/example_kubernetes_executor.py
[2024-02-25T12:56:23.966+0000] {processor.py:826} INFO - Processing file /home/airflow/.local/lib/python3.7/site-packages/airflow/example_dags/example_kubernetes_executor.py for tasks to queue
[2024-02-25T12:56:23.967+0000] {logging_mixin.py:150} INFO - [2024-02-25T12:56:23.967+0000] {dagbag.py:541} INFO - Filling up the DagBag from /home/airflow/.local/lib/python3.7/site-packages/airflow/example_dags/example_kubernetes_executor.py
[2024-02-25T12:56:24.260+0000] {processor.py:836} INFO - DAG(s) dict_keys(['example_kubernetes_executor']) retrieved from /home/airflow/.local/lib/python3.7/site-packages/airflow/example_dags/example_kubernetes_executor.py
[2024-02-25T12:56:24.310+0000] {logging_mixin.py:150} INFO - [2024-02-25T12:56:24.310+0000] {dag.py:2742} INFO - Sync 1 DAGs
[2024-02-25T12:56:24.351+0000] {logging_mixin.py:150} INFO - [2024-02-25T12:56:24.350+0000] {dag.py:3508} INFO - Setting next_dagrun for example_kubernetes_executor to None, run_after=None
[2024-02-25T12:56:24.372+0000] {processor.py:179} INFO - Processing /home/airflow/.local/lib/python3.7/site-packages/airflow/example_dags/example_kubernetes_executor.py took 0.411 seconds
[2024-02-25T12:56:54.594+0000] {processor.py:157} INFO - Started process (PID=6904) to work on /home/airflow/.local/lib/python3.7/site-packages/airflow/example_dags/example_kubernetes_executor.py
[2024-02-25T12:56:54.595+0000] {processor.py:826} INFO - Processing file /home/airflow/.local/lib/python3.7/site-packages/airflow/example_dags/example_kubernetes_executor.py for tasks to queue
[2024-02-25T12:56:54.595+0000] {logging_mixin.py:150} INFO - [2024-02-25T12:56:54.595+0000] {dagbag.py:541} INFO - Filling up the DagBag from /home/airflow/.local/lib/python3.7/site-packages/airflow/example_dags/example_kubernetes_executor.py
[2024-02-25T12:56:54.826+0000] {processor.py:836} INFO - DAG(s) dict_keys(['example_kubernetes_executor']) retrieved from /home/airflow/.local/lib/python3.7/site-packages/airflow/example_dags/example_kubernetes_executor.py
[2024-02-25T12:56:54.862+0000] {logging_mixin.py:150} INFO - [2024-02-25T12:56:54.862+0000] {dag.py:2742} INFO - Sync 1 DAGs
[2024-02-25T12:56:54.899+0000] {logging_mixin.py:150} INFO - [2024-02-25T12:56:54.898+0000] {dag.py:3508} INFO - Setting next_dagrun for example_kubernetes_executor to None, run_after=None
[2024-02-25T12:56:54.926+0000] {processor.py:179} INFO - Processing /home/airflow/.local/lib/python3.7/site-packages/airflow/example_dags/example_kubernetes_executor.py took 0.336 seconds
