[2024-02-25T12:43:02.282+0000] {processor.py:157} INFO - Started process (PID=301) to work on /home/airflow/.local/lib/python3.7/site-packages/airflow/example_dags/tutorial_dag.py
[2024-02-25T12:43:02.283+0000] {processor.py:826} INFO - Processing file /home/airflow/.local/lib/python3.7/site-packages/airflow/example_dags/tutorial_dag.py for tasks to queue
[2024-02-25T12:43:02.285+0000] {logging_mixin.py:150} INFO - [2024-02-25T12:43:02.284+0000] {dagbag.py:541} INFO - Filling up the DagBag from /home/airflow/.local/lib/python3.7/site-packages/airflow/example_dags/tutorial_dag.py
[2024-02-25T12:43:02.296+0000] {processor.py:836} INFO - DAG(s) dict_keys(['tutorial_dag']) retrieved from /home/airflow/.local/lib/python3.7/site-packages/airflow/example_dags/tutorial_dag.py
[2024-02-25T12:43:02.310+0000] {logging_mixin.py:150} INFO - [2024-02-25T12:43:02.310+0000] {dag.py:2742} INFO - Sync 1 DAGs
[2024-02-25T12:43:02.357+0000] {logging_mixin.py:150} INFO - [2024-02-25T12:43:02.357+0000] {dag.py:3508} INFO - Setting next_dagrun for tutorial_dag to None, run_after=None
[2024-02-25T12:43:02.391+0000] {processor.py:179} INFO - Processing /home/airflow/.local/lib/python3.7/site-packages/airflow/example_dags/tutorial_dag.py took 0.114 seconds
[2024-02-25T12:43:33.237+0000] {processor.py:157} INFO - Started process (PID=541) to work on /home/airflow/.local/lib/python3.7/site-packages/airflow/example_dags/tutorial_dag.py
[2024-02-25T12:43:33.237+0000] {processor.py:826} INFO - Processing file /home/airflow/.local/lib/python3.7/site-packages/airflow/example_dags/tutorial_dag.py for tasks to queue
[2024-02-25T12:43:33.238+0000] {logging_mixin.py:150} INFO - [2024-02-25T12:43:33.238+0000] {dagbag.py:541} INFO - Filling up the DagBag from /home/airflow/.local/lib/python3.7/site-packages/airflow/example_dags/tutorial_dag.py
[2024-02-25T12:43:33.243+0000] {processor.py:836} INFO - DAG(s) dict_keys(['tutorial_dag']) retrieved from /home/airflow/.local/lib/python3.7/site-packages/airflow/example_dags/tutorial_dag.py
[2024-02-25T12:43:33.272+0000] {logging_mixin.py:150} INFO - [2024-02-25T12:43:33.271+0000] {dag.py:2742} INFO - Sync 1 DAGs
[2024-02-25T12:43:33.315+0000] {logging_mixin.py:150} INFO - [2024-02-25T12:43:33.315+0000] {dag.py:3508} INFO - Setting next_dagrun for tutorial_dag to None, run_after=None
[2024-02-25T12:43:33.344+0000] {processor.py:179} INFO - Processing /home/airflow/.local/lib/python3.7/site-packages/airflow/example_dags/tutorial_dag.py took 0.111 seconds
[2024-02-25T12:44:04.308+0000] {processor.py:157} INFO - Started process (PID=783) to work on /home/airflow/.local/lib/python3.7/site-packages/airflow/example_dags/tutorial_dag.py
[2024-02-25T12:44:04.309+0000] {processor.py:826} INFO - Processing file /home/airflow/.local/lib/python3.7/site-packages/airflow/example_dags/tutorial_dag.py for tasks to queue
[2024-02-25T12:44:04.310+0000] {logging_mixin.py:150} INFO - [2024-02-25T12:44:04.310+0000] {dagbag.py:541} INFO - Filling up the DagBag from /home/airflow/.local/lib/python3.7/site-packages/airflow/example_dags/tutorial_dag.py
[2024-02-25T12:44:04.316+0000] {processor.py:836} INFO - DAG(s) dict_keys(['tutorial_dag']) retrieved from /home/airflow/.local/lib/python3.7/site-packages/airflow/example_dags/tutorial_dag.py
[2024-02-25T12:44:04.331+0000] {logging_mixin.py:150} INFO - [2024-02-25T12:44:04.331+0000] {dag.py:2742} INFO - Sync 1 DAGs
[2024-02-25T12:44:04.375+0000] {logging_mixin.py:150} INFO - [2024-02-25T12:44:04.375+0000] {dag.py:3508} INFO - Setting next_dagrun for tutorial_dag to None, run_after=None
[2024-02-25T12:44:04.416+0000] {processor.py:179} INFO - Processing /home/airflow/.local/lib/python3.7/site-packages/airflow/example_dags/tutorial_dag.py took 0.113 seconds
[2024-02-25T12:44:35.155+0000] {processor.py:157} INFO - Started process (PID=1024) to work on /home/airflow/.local/lib/python3.7/site-packages/airflow/example_dags/tutorial_dag.py
[2024-02-25T12:44:35.156+0000] {processor.py:826} INFO - Processing file /home/airflow/.local/lib/python3.7/site-packages/airflow/example_dags/tutorial_dag.py for tasks to queue
[2024-02-25T12:44:35.157+0000] {logging_mixin.py:150} INFO - [2024-02-25T12:44:35.157+0000] {dagbag.py:541} INFO - Filling up the DagBag from /home/airflow/.local/lib/python3.7/site-packages/airflow/example_dags/tutorial_dag.py
[2024-02-25T12:44:35.163+0000] {processor.py:836} INFO - DAG(s) dict_keys(['tutorial_dag']) retrieved from /home/airflow/.local/lib/python3.7/site-packages/airflow/example_dags/tutorial_dag.py
[2024-02-25T12:44:35.202+0000] {logging_mixin.py:150} INFO - [2024-02-25T12:44:35.202+0000] {dag.py:2742} INFO - Sync 1 DAGs
[2024-02-25T12:44:35.245+0000] {logging_mixin.py:150} INFO - [2024-02-25T12:44:35.245+0000] {dag.py:3508} INFO - Setting next_dagrun for tutorial_dag to None, run_after=None
[2024-02-25T12:44:35.275+0000] {processor.py:179} INFO - Processing /home/airflow/.local/lib/python3.7/site-packages/airflow/example_dags/tutorial_dag.py took 0.124 seconds
[2024-02-25T12:45:06.343+0000] {processor.py:157} INFO - Started process (PID=1265) to work on /home/airflow/.local/lib/python3.7/site-packages/airflow/example_dags/tutorial_dag.py
[2024-02-25T12:45:06.344+0000] {processor.py:826} INFO - Processing file /home/airflow/.local/lib/python3.7/site-packages/airflow/example_dags/tutorial_dag.py for tasks to queue
[2024-02-25T12:45:06.345+0000] {logging_mixin.py:150} INFO - [2024-02-25T12:45:06.345+0000] {dagbag.py:541} INFO - Filling up the DagBag from /home/airflow/.local/lib/python3.7/site-packages/airflow/example_dags/tutorial_dag.py
[2024-02-25T12:45:06.350+0000] {processor.py:836} INFO - DAG(s) dict_keys(['tutorial_dag']) retrieved from /home/airflow/.local/lib/python3.7/site-packages/airflow/example_dags/tutorial_dag.py
[2024-02-25T12:45:06.429+0000] {logging_mixin.py:150} INFO - [2024-02-25T12:45:06.429+0000] {dag.py:2742} INFO - Sync 1 DAGs
[2024-02-25T12:45:06.500+0000] {logging_mixin.py:150} INFO - [2024-02-25T12:45:06.499+0000] {dag.py:3508} INFO - Setting next_dagrun for tutorial_dag to None, run_after=None
[2024-02-25T12:45:06.539+0000] {processor.py:179} INFO - Processing /home/airflow/.local/lib/python3.7/site-packages/airflow/example_dags/tutorial_dag.py took 0.200 seconds
[2024-02-25T12:45:36.824+0000] {processor.py:157} INFO - Started process (PID=1513) to work on /home/airflow/.local/lib/python3.7/site-packages/airflow/example_dags/tutorial_dag.py
[2024-02-25T12:45:36.825+0000] {processor.py:826} INFO - Processing file /home/airflow/.local/lib/python3.7/site-packages/airflow/example_dags/tutorial_dag.py for tasks to queue
[2024-02-25T12:45:36.826+0000] {logging_mixin.py:150} INFO - [2024-02-25T12:45:36.825+0000] {dagbag.py:541} INFO - Filling up the DagBag from /home/airflow/.local/lib/python3.7/site-packages/airflow/example_dags/tutorial_dag.py
[2024-02-25T12:45:36.833+0000] {processor.py:836} INFO - DAG(s) dict_keys(['tutorial_dag']) retrieved from /home/airflow/.local/lib/python3.7/site-packages/airflow/example_dags/tutorial_dag.py
[2024-02-25T12:45:36.878+0000] {logging_mixin.py:150} INFO - [2024-02-25T12:45:36.878+0000] {dag.py:2742} INFO - Sync 1 DAGs
[2024-02-25T12:45:36.943+0000] {logging_mixin.py:150} INFO - [2024-02-25T12:45:36.943+0000] {dag.py:3508} INFO - Setting next_dagrun for tutorial_dag to None, run_after=None
[2024-02-25T12:45:36.989+0000] {processor.py:179} INFO - Processing /home/airflow/.local/lib/python3.7/site-packages/airflow/example_dags/tutorial_dag.py took 0.169 seconds
[2024-02-25T12:46:07.406+0000] {processor.py:157} INFO - Started process (PID=1754) to work on /home/airflow/.local/lib/python3.7/site-packages/airflow/example_dags/tutorial_dag.py
[2024-02-25T12:46:07.412+0000] {processor.py:826} INFO - Processing file /home/airflow/.local/lib/python3.7/site-packages/airflow/example_dags/tutorial_dag.py for tasks to queue
[2024-02-25T12:46:07.413+0000] {logging_mixin.py:150} INFO - [2024-02-25T12:46:07.413+0000] {dagbag.py:541} INFO - Filling up the DagBag from /home/airflow/.local/lib/python3.7/site-packages/airflow/example_dags/tutorial_dag.py
[2024-02-25T12:46:07.425+0000] {processor.py:836} INFO - DAG(s) dict_keys(['tutorial_dag']) retrieved from /home/airflow/.local/lib/python3.7/site-packages/airflow/example_dags/tutorial_dag.py
[2024-02-25T12:46:07.486+0000] {logging_mixin.py:150} INFO - [2024-02-25T12:46:07.485+0000] {dag.py:2742} INFO - Sync 1 DAGs
[2024-02-25T12:46:07.533+0000] {logging_mixin.py:150} INFO - [2024-02-25T12:46:07.533+0000] {dag.py:3508} INFO - Setting next_dagrun for tutorial_dag to None, run_after=None
[2024-02-25T12:46:07.572+0000] {processor.py:179} INFO - Processing /home/airflow/.local/lib/python3.7/site-packages/airflow/example_dags/tutorial_dag.py took 0.182 seconds
[2024-02-25T12:46:37.906+0000] {processor.py:157} INFO - Started process (PID=1995) to work on /home/airflow/.local/lib/python3.7/site-packages/airflow/example_dags/tutorial_dag.py
[2024-02-25T12:46:37.907+0000] {processor.py:826} INFO - Processing file /home/airflow/.local/lib/python3.7/site-packages/airflow/example_dags/tutorial_dag.py for tasks to queue
[2024-02-25T12:46:37.908+0000] {logging_mixin.py:150} INFO - [2024-02-25T12:46:37.907+0000] {dagbag.py:541} INFO - Filling up the DagBag from /home/airflow/.local/lib/python3.7/site-packages/airflow/example_dags/tutorial_dag.py
[2024-02-25T12:46:37.928+0000] {processor.py:836} INFO - DAG(s) dict_keys(['tutorial_dag']) retrieved from /home/airflow/.local/lib/python3.7/site-packages/airflow/example_dags/tutorial_dag.py
[2024-02-25T12:46:37.982+0000] {logging_mixin.py:150} INFO - [2024-02-25T12:46:37.982+0000] {dag.py:2742} INFO - Sync 1 DAGs
[2024-02-25T12:46:38.050+0000] {logging_mixin.py:150} INFO - [2024-02-25T12:46:38.049+0000] {dag.py:3508} INFO - Setting next_dagrun for tutorial_dag to None, run_after=None
[2024-02-25T12:46:38.089+0000] {processor.py:179} INFO - Processing /home/airflow/.local/lib/python3.7/site-packages/airflow/example_dags/tutorial_dag.py took 0.189 seconds
[2024-02-25T12:47:08.908+0000] {processor.py:157} INFO - Started process (PID=2236) to work on /home/airflow/.local/lib/python3.7/site-packages/airflow/example_dags/tutorial_dag.py
[2024-02-25T12:47:08.909+0000] {processor.py:826} INFO - Processing file /home/airflow/.local/lib/python3.7/site-packages/airflow/example_dags/tutorial_dag.py for tasks to queue
[2024-02-25T12:47:08.910+0000] {logging_mixin.py:150} INFO - [2024-02-25T12:47:08.910+0000] {dagbag.py:541} INFO - Filling up the DagBag from /home/airflow/.local/lib/python3.7/site-packages/airflow/example_dags/tutorial_dag.py
[2024-02-25T12:47:08.918+0000] {processor.py:836} INFO - DAG(s) dict_keys(['tutorial_dag']) retrieved from /home/airflow/.local/lib/python3.7/site-packages/airflow/example_dags/tutorial_dag.py
[2024-02-25T12:47:08.966+0000] {logging_mixin.py:150} INFO - [2024-02-25T12:47:08.965+0000] {dag.py:2742} INFO - Sync 1 DAGs
[2024-02-25T12:47:09.023+0000] {logging_mixin.py:150} INFO - [2024-02-25T12:47:09.023+0000] {dag.py:3508} INFO - Setting next_dagrun for tutorial_dag to None, run_after=None
[2024-02-25T12:47:09.062+0000] {processor.py:179} INFO - Processing /home/airflow/.local/lib/python3.7/site-packages/airflow/example_dags/tutorial_dag.py took 0.160 seconds
[2024-02-25T12:47:39.313+0000] {processor.py:157} INFO - Started process (PID=2477) to work on /home/airflow/.local/lib/python3.7/site-packages/airflow/example_dags/tutorial_dag.py
[2024-02-25T12:47:39.314+0000] {processor.py:826} INFO - Processing file /home/airflow/.local/lib/python3.7/site-packages/airflow/example_dags/tutorial_dag.py for tasks to queue
[2024-02-25T12:47:39.315+0000] {logging_mixin.py:150} INFO - [2024-02-25T12:47:39.315+0000] {dagbag.py:541} INFO - Filling up the DagBag from /home/airflow/.local/lib/python3.7/site-packages/airflow/example_dags/tutorial_dag.py
[2024-02-25T12:47:39.320+0000] {processor.py:836} INFO - DAG(s) dict_keys(['tutorial_dag']) retrieved from /home/airflow/.local/lib/python3.7/site-packages/airflow/example_dags/tutorial_dag.py
[2024-02-25T12:47:39.352+0000] {logging_mixin.py:150} INFO - [2024-02-25T12:47:39.351+0000] {dag.py:2742} INFO - Sync 1 DAGs
[2024-02-25T12:47:39.381+0000] {logging_mixin.py:150} INFO - [2024-02-25T12:47:39.381+0000] {dag.py:3508} INFO - Setting next_dagrun for tutorial_dag to None, run_after=None
[2024-02-25T12:47:39.406+0000] {processor.py:179} INFO - Processing /home/airflow/.local/lib/python3.7/site-packages/airflow/example_dags/tutorial_dag.py took 0.096 seconds
[2024-02-25T12:48:09.756+0000] {processor.py:157} INFO - Started process (PID=2718) to work on /home/airflow/.local/lib/python3.7/site-packages/airflow/example_dags/tutorial_dag.py
[2024-02-25T12:48:09.757+0000] {processor.py:826} INFO - Processing file /home/airflow/.local/lib/python3.7/site-packages/airflow/example_dags/tutorial_dag.py for tasks to queue
[2024-02-25T12:48:09.758+0000] {logging_mixin.py:150} INFO - [2024-02-25T12:48:09.758+0000] {dagbag.py:541} INFO - Filling up the DagBag from /home/airflow/.local/lib/python3.7/site-packages/airflow/example_dags/tutorial_dag.py
[2024-02-25T12:48:09.765+0000] {processor.py:836} INFO - DAG(s) dict_keys(['tutorial_dag']) retrieved from /home/airflow/.local/lib/python3.7/site-packages/airflow/example_dags/tutorial_dag.py
[2024-02-25T12:48:09.795+0000] {logging_mixin.py:150} INFO - [2024-02-25T12:48:09.795+0000] {dag.py:2742} INFO - Sync 1 DAGs
[2024-02-25T12:48:09.831+0000] {logging_mixin.py:150} INFO - [2024-02-25T12:48:09.831+0000] {dag.py:3508} INFO - Setting next_dagrun for tutorial_dag to None, run_after=None
[2024-02-25T12:48:09.862+0000] {processor.py:179} INFO - Processing /home/airflow/.local/lib/python3.7/site-packages/airflow/example_dags/tutorial_dag.py took 0.110 seconds
[2024-02-25T12:48:40.369+0000] {processor.py:157} INFO - Started process (PID=2960) to work on /home/airflow/.local/lib/python3.7/site-packages/airflow/example_dags/tutorial_dag.py
[2024-02-25T12:48:40.371+0000] {processor.py:826} INFO - Processing file /home/airflow/.local/lib/python3.7/site-packages/airflow/example_dags/tutorial_dag.py for tasks to queue
[2024-02-25T12:48:40.372+0000] {logging_mixin.py:150} INFO - [2024-02-25T12:48:40.371+0000] {dagbag.py:541} INFO - Filling up the DagBag from /home/airflow/.local/lib/python3.7/site-packages/airflow/example_dags/tutorial_dag.py
[2024-02-25T12:48:40.378+0000] {processor.py:836} INFO - DAG(s) dict_keys(['tutorial_dag']) retrieved from /home/airflow/.local/lib/python3.7/site-packages/airflow/example_dags/tutorial_dag.py
[2024-02-25T12:48:40.412+0000] {logging_mixin.py:150} INFO - [2024-02-25T12:48:40.412+0000] {dag.py:2742} INFO - Sync 1 DAGs
[2024-02-25T12:48:40.449+0000] {logging_mixin.py:150} INFO - [2024-02-25T12:48:40.449+0000] {dag.py:3508} INFO - Setting next_dagrun for tutorial_dag to None, run_after=None
[2024-02-25T12:48:40.476+0000] {processor.py:179} INFO - Processing /home/airflow/.local/lib/python3.7/site-packages/airflow/example_dags/tutorial_dag.py took 0.111 seconds
[2024-02-25T12:49:11.327+0000] {processor.py:157} INFO - Started process (PID=3201) to work on /home/airflow/.local/lib/python3.7/site-packages/airflow/example_dags/tutorial_dag.py
[2024-02-25T12:49:11.329+0000] {processor.py:826} INFO - Processing file /home/airflow/.local/lib/python3.7/site-packages/airflow/example_dags/tutorial_dag.py for tasks to queue
[2024-02-25T12:49:11.331+0000] {logging_mixin.py:150} INFO - [2024-02-25T12:49:11.330+0000] {dagbag.py:541} INFO - Filling up the DagBag from /home/airflow/.local/lib/python3.7/site-packages/airflow/example_dags/tutorial_dag.py
[2024-02-25T12:49:11.338+0000] {processor.py:836} INFO - DAG(s) dict_keys(['tutorial_dag']) retrieved from /home/airflow/.local/lib/python3.7/site-packages/airflow/example_dags/tutorial_dag.py
[2024-02-25T12:49:11.375+0000] {logging_mixin.py:150} INFO - [2024-02-25T12:49:11.375+0000] {dag.py:2742} INFO - Sync 1 DAGs
[2024-02-25T12:49:11.420+0000] {logging_mixin.py:150} INFO - [2024-02-25T12:49:11.419+0000] {dag.py:3508} INFO - Setting next_dagrun for tutorial_dag to None, run_after=None
[2024-02-25T12:49:11.452+0000] {processor.py:179} INFO - Processing /home/airflow/.local/lib/python3.7/site-packages/airflow/example_dags/tutorial_dag.py took 0.130 seconds
[2024-02-25T12:49:41.782+0000] {processor.py:157} INFO - Started process (PID=3442) to work on /home/airflow/.local/lib/python3.7/site-packages/airflow/example_dags/tutorial_dag.py
[2024-02-25T12:49:41.783+0000] {processor.py:826} INFO - Processing file /home/airflow/.local/lib/python3.7/site-packages/airflow/example_dags/tutorial_dag.py for tasks to queue
[2024-02-25T12:49:41.784+0000] {logging_mixin.py:150} INFO - [2024-02-25T12:49:41.784+0000] {dagbag.py:541} INFO - Filling up the DagBag from /home/airflow/.local/lib/python3.7/site-packages/airflow/example_dags/tutorial_dag.py
[2024-02-25T12:49:41.790+0000] {processor.py:836} INFO - DAG(s) dict_keys(['tutorial_dag']) retrieved from /home/airflow/.local/lib/python3.7/site-packages/airflow/example_dags/tutorial_dag.py
[2024-02-25T12:49:41.816+0000] {logging_mixin.py:150} INFO - [2024-02-25T12:49:41.816+0000] {dag.py:2742} INFO - Sync 1 DAGs
[2024-02-25T12:49:41.858+0000] {logging_mixin.py:150} INFO - [2024-02-25T12:49:41.858+0000] {dag.py:3508} INFO - Setting next_dagrun for tutorial_dag to None, run_after=None
[2024-02-25T12:49:41.889+0000] {processor.py:179} INFO - Processing /home/airflow/.local/lib/python3.7/site-packages/airflow/example_dags/tutorial_dag.py took 0.111 seconds
[2024-02-25T12:50:12.837+0000] {processor.py:157} INFO - Started process (PID=3683) to work on /home/airflow/.local/lib/python3.7/site-packages/airflow/example_dags/tutorial_dag.py
[2024-02-25T12:50:12.838+0000] {processor.py:826} INFO - Processing file /home/airflow/.local/lib/python3.7/site-packages/airflow/example_dags/tutorial_dag.py for tasks to queue
[2024-02-25T12:50:12.840+0000] {logging_mixin.py:150} INFO - [2024-02-25T12:50:12.839+0000] {dagbag.py:541} INFO - Filling up the DagBag from /home/airflow/.local/lib/python3.7/site-packages/airflow/example_dags/tutorial_dag.py
[2024-02-25T12:50:12.845+0000] {processor.py:836} INFO - DAG(s) dict_keys(['tutorial_dag']) retrieved from /home/airflow/.local/lib/python3.7/site-packages/airflow/example_dags/tutorial_dag.py
[2024-02-25T12:50:12.871+0000] {logging_mixin.py:150} INFO - [2024-02-25T12:50:12.871+0000] {dag.py:2742} INFO - Sync 1 DAGs
[2024-02-25T12:50:12.904+0000] {logging_mixin.py:150} INFO - [2024-02-25T12:50:12.904+0000] {dag.py:3508} INFO - Setting next_dagrun for tutorial_dag to None, run_after=None
[2024-02-25T12:50:12.930+0000] {processor.py:179} INFO - Processing /home/airflow/.local/lib/python3.7/site-packages/airflow/example_dags/tutorial_dag.py took 0.097 seconds
[2024-02-25T12:50:43.494+0000] {processor.py:157} INFO - Started process (PID=3924) to work on /home/airflow/.local/lib/python3.7/site-packages/airflow/example_dags/tutorial_dag.py
[2024-02-25T12:50:43.495+0000] {processor.py:826} INFO - Processing file /home/airflow/.local/lib/python3.7/site-packages/airflow/example_dags/tutorial_dag.py for tasks to queue
[2024-02-25T12:50:43.496+0000] {logging_mixin.py:150} INFO - [2024-02-25T12:50:43.496+0000] {dagbag.py:541} INFO - Filling up the DagBag from /home/airflow/.local/lib/python3.7/site-packages/airflow/example_dags/tutorial_dag.py
[2024-02-25T12:50:43.503+0000] {processor.py:836} INFO - DAG(s) dict_keys(['tutorial_dag']) retrieved from /home/airflow/.local/lib/python3.7/site-packages/airflow/example_dags/tutorial_dag.py
[2024-02-25T12:50:43.531+0000] {logging_mixin.py:150} INFO - [2024-02-25T12:50:43.531+0000] {dag.py:2742} INFO - Sync 1 DAGs
[2024-02-25T12:50:43.587+0000] {logging_mixin.py:150} INFO - [2024-02-25T12:50:43.587+0000] {dag.py:3508} INFO - Setting next_dagrun for tutorial_dag to None, run_after=None
[2024-02-25T12:50:43.636+0000] {processor.py:179} INFO - Processing /home/airflow/.local/lib/python3.7/site-packages/airflow/example_dags/tutorial_dag.py took 0.146 seconds
[2024-02-25T12:51:13.902+0000] {processor.py:157} INFO - Started process (PID=4165) to work on /home/airflow/.local/lib/python3.7/site-packages/airflow/example_dags/tutorial_dag.py
[2024-02-25T12:51:13.903+0000] {processor.py:826} INFO - Processing file /home/airflow/.local/lib/python3.7/site-packages/airflow/example_dags/tutorial_dag.py for tasks to queue
[2024-02-25T12:51:13.904+0000] {logging_mixin.py:150} INFO - [2024-02-25T12:51:13.904+0000] {dagbag.py:541} INFO - Filling up the DagBag from /home/airflow/.local/lib/python3.7/site-packages/airflow/example_dags/tutorial_dag.py
[2024-02-25T12:51:13.910+0000] {processor.py:836} INFO - DAG(s) dict_keys(['tutorial_dag']) retrieved from /home/airflow/.local/lib/python3.7/site-packages/airflow/example_dags/tutorial_dag.py
[2024-02-25T12:51:13.936+0000] {logging_mixin.py:150} INFO - [2024-02-25T12:51:13.936+0000] {dag.py:2742} INFO - Sync 1 DAGs
[2024-02-25T12:51:13.971+0000] {logging_mixin.py:150} INFO - [2024-02-25T12:51:13.971+0000] {dag.py:3508} INFO - Setting next_dagrun for tutorial_dag to None, run_after=None
[2024-02-25T12:51:14.002+0000] {processor.py:179} INFO - Processing /home/airflow/.local/lib/python3.7/site-packages/airflow/example_dags/tutorial_dag.py took 0.103 seconds
[2024-02-25T12:51:44.693+0000] {processor.py:157} INFO - Started process (PID=4406) to work on /home/airflow/.local/lib/python3.7/site-packages/airflow/example_dags/tutorial_dag.py
[2024-02-25T12:51:44.694+0000] {processor.py:826} INFO - Processing file /home/airflow/.local/lib/python3.7/site-packages/airflow/example_dags/tutorial_dag.py for tasks to queue
[2024-02-25T12:51:44.695+0000] {logging_mixin.py:150} INFO - [2024-02-25T12:51:44.695+0000] {dagbag.py:541} INFO - Filling up the DagBag from /home/airflow/.local/lib/python3.7/site-packages/airflow/example_dags/tutorial_dag.py
[2024-02-25T12:51:44.700+0000] {processor.py:836} INFO - DAG(s) dict_keys(['tutorial_dag']) retrieved from /home/airflow/.local/lib/python3.7/site-packages/airflow/example_dags/tutorial_dag.py
[2024-02-25T12:51:44.735+0000] {logging_mixin.py:150} INFO - [2024-02-25T12:51:44.735+0000] {dag.py:2742} INFO - Sync 1 DAGs
[2024-02-25T12:51:44.789+0000] {logging_mixin.py:150} INFO - [2024-02-25T12:51:44.789+0000] {dag.py:3508} INFO - Setting next_dagrun for tutorial_dag to None, run_after=None
[2024-02-25T12:51:44.826+0000] {processor.py:179} INFO - Processing /home/airflow/.local/lib/python3.7/site-packages/airflow/example_dags/tutorial_dag.py took 0.135 seconds
[2024-02-25T12:52:15.273+0000] {processor.py:157} INFO - Started process (PID=4647) to work on /home/airflow/.local/lib/python3.7/site-packages/airflow/example_dags/tutorial_dag.py
[2024-02-25T12:52:15.274+0000] {processor.py:826} INFO - Processing file /home/airflow/.local/lib/python3.7/site-packages/airflow/example_dags/tutorial_dag.py for tasks to queue
[2024-02-25T12:52:15.275+0000] {logging_mixin.py:150} INFO - [2024-02-25T12:52:15.275+0000] {dagbag.py:541} INFO - Filling up the DagBag from /home/airflow/.local/lib/python3.7/site-packages/airflow/example_dags/tutorial_dag.py
[2024-02-25T12:52:15.281+0000] {processor.py:836} INFO - DAG(s) dict_keys(['tutorial_dag']) retrieved from /home/airflow/.local/lib/python3.7/site-packages/airflow/example_dags/tutorial_dag.py
[2024-02-25T12:52:15.309+0000] {logging_mixin.py:150} INFO - [2024-02-25T12:52:15.309+0000] {dag.py:2742} INFO - Sync 1 DAGs
[2024-02-25T12:52:15.339+0000] {logging_mixin.py:150} INFO - [2024-02-25T12:52:15.338+0000] {dag.py:3508} INFO - Setting next_dagrun for tutorial_dag to None, run_after=None
[2024-02-25T12:52:15.370+0000] {processor.py:179} INFO - Processing /home/airflow/.local/lib/python3.7/site-packages/airflow/example_dags/tutorial_dag.py took 0.101 seconds
[2024-02-25T12:52:45.846+0000] {processor.py:157} INFO - Started process (PID=4888) to work on /home/airflow/.local/lib/python3.7/site-packages/airflow/example_dags/tutorial_dag.py
[2024-02-25T12:52:45.847+0000] {processor.py:826} INFO - Processing file /home/airflow/.local/lib/python3.7/site-packages/airflow/example_dags/tutorial_dag.py for tasks to queue
[2024-02-25T12:52:45.848+0000] {logging_mixin.py:150} INFO - [2024-02-25T12:52:45.848+0000] {dagbag.py:541} INFO - Filling up the DagBag from /home/airflow/.local/lib/python3.7/site-packages/airflow/example_dags/tutorial_dag.py
[2024-02-25T12:52:45.854+0000] {processor.py:836} INFO - DAG(s) dict_keys(['tutorial_dag']) retrieved from /home/airflow/.local/lib/python3.7/site-packages/airflow/example_dags/tutorial_dag.py
[2024-02-25T12:52:45.880+0000] {logging_mixin.py:150} INFO - [2024-02-25T12:52:45.880+0000] {dag.py:2742} INFO - Sync 1 DAGs
[2024-02-25T12:52:45.915+0000] {logging_mixin.py:150} INFO - [2024-02-25T12:52:45.915+0000] {dag.py:3508} INFO - Setting next_dagrun for tutorial_dag to None, run_after=None
[2024-02-25T12:52:45.937+0000] {processor.py:179} INFO - Processing /home/airflow/.local/lib/python3.7/site-packages/airflow/example_dags/tutorial_dag.py took 0.095 seconds
[2024-02-25T12:53:16.970+0000] {processor.py:157} INFO - Started process (PID=5129) to work on /home/airflow/.local/lib/python3.7/site-packages/airflow/example_dags/tutorial_dag.py
[2024-02-25T12:53:16.972+0000] {processor.py:826} INFO - Processing file /home/airflow/.local/lib/python3.7/site-packages/airflow/example_dags/tutorial_dag.py for tasks to queue
[2024-02-25T12:53:16.973+0000] {logging_mixin.py:150} INFO - [2024-02-25T12:53:16.973+0000] {dagbag.py:541} INFO - Filling up the DagBag from /home/airflow/.local/lib/python3.7/site-packages/airflow/example_dags/tutorial_dag.py
[2024-02-25T12:53:16.982+0000] {processor.py:836} INFO - DAG(s) dict_keys(['tutorial_dag']) retrieved from /home/airflow/.local/lib/python3.7/site-packages/airflow/example_dags/tutorial_dag.py
[2024-02-25T12:53:17.020+0000] {logging_mixin.py:150} INFO - [2024-02-25T12:53:17.020+0000] {dag.py:2742} INFO - Sync 1 DAGs
[2024-02-25T12:53:17.070+0000] {logging_mixin.py:150} INFO - [2024-02-25T12:53:17.070+0000] {dag.py:3508} INFO - Setting next_dagrun for tutorial_dag to None, run_after=None
[2024-02-25T12:53:17.098+0000] {processor.py:179} INFO - Processing /home/airflow/.local/lib/python3.7/site-packages/airflow/example_dags/tutorial_dag.py took 0.133 seconds
[2024-02-25T12:53:48.026+0000] {processor.py:157} INFO - Started process (PID=5370) to work on /home/airflow/.local/lib/python3.7/site-packages/airflow/example_dags/tutorial_dag.py
[2024-02-25T12:53:48.027+0000] {processor.py:826} INFO - Processing file /home/airflow/.local/lib/python3.7/site-packages/airflow/example_dags/tutorial_dag.py for tasks to queue
[2024-02-25T12:53:48.028+0000] {logging_mixin.py:150} INFO - [2024-02-25T12:53:48.028+0000] {dagbag.py:541} INFO - Filling up the DagBag from /home/airflow/.local/lib/python3.7/site-packages/airflow/example_dags/tutorial_dag.py
[2024-02-25T12:53:48.032+0000] {processor.py:836} INFO - DAG(s) dict_keys(['tutorial_dag']) retrieved from /home/airflow/.local/lib/python3.7/site-packages/airflow/example_dags/tutorial_dag.py
[2024-02-25T12:53:48.064+0000] {logging_mixin.py:150} INFO - [2024-02-25T12:53:48.064+0000] {dag.py:2742} INFO - Sync 1 DAGs
[2024-02-25T12:53:48.112+0000] {logging_mixin.py:150} INFO - [2024-02-25T12:53:48.111+0000] {dag.py:3508} INFO - Setting next_dagrun for tutorial_dag to None, run_after=None
[2024-02-25T12:53:48.136+0000] {processor.py:179} INFO - Processing /home/airflow/.local/lib/python3.7/site-packages/airflow/example_dags/tutorial_dag.py took 0.113 seconds
[2024-02-25T12:54:18.737+0000] {processor.py:157} INFO - Started process (PID=5611) to work on /home/airflow/.local/lib/python3.7/site-packages/airflow/example_dags/tutorial_dag.py
[2024-02-25T12:54:18.738+0000] {processor.py:826} INFO - Processing file /home/airflow/.local/lib/python3.7/site-packages/airflow/example_dags/tutorial_dag.py for tasks to queue
[2024-02-25T12:54:18.739+0000] {logging_mixin.py:150} INFO - [2024-02-25T12:54:18.739+0000] {dagbag.py:541} INFO - Filling up the DagBag from /home/airflow/.local/lib/python3.7/site-packages/airflow/example_dags/tutorial_dag.py
[2024-02-25T12:54:18.745+0000] {processor.py:836} INFO - DAG(s) dict_keys(['tutorial_dag']) retrieved from /home/airflow/.local/lib/python3.7/site-packages/airflow/example_dags/tutorial_dag.py
[2024-02-25T12:54:18.771+0000] {logging_mixin.py:150} INFO - [2024-02-25T12:54:18.771+0000] {dag.py:2742} INFO - Sync 1 DAGs
[2024-02-25T12:54:18.810+0000] {logging_mixin.py:150} INFO - [2024-02-25T12:54:18.810+0000] {dag.py:3508} INFO - Setting next_dagrun for tutorial_dag to None, run_after=None
[2024-02-25T12:54:18.834+0000] {processor.py:179} INFO - Processing /home/airflow/.local/lib/python3.7/site-packages/airflow/example_dags/tutorial_dag.py took 0.101 seconds
[2024-02-25T12:54:49.276+0000] {processor.py:157} INFO - Started process (PID=5852) to work on /home/airflow/.local/lib/python3.7/site-packages/airflow/example_dags/tutorial_dag.py
[2024-02-25T12:54:49.277+0000] {processor.py:826} INFO - Processing file /home/airflow/.local/lib/python3.7/site-packages/airflow/example_dags/tutorial_dag.py for tasks to queue
[2024-02-25T12:54:49.279+0000] {logging_mixin.py:150} INFO - [2024-02-25T12:54:49.278+0000] {dagbag.py:541} INFO - Filling up the DagBag from /home/airflow/.local/lib/python3.7/site-packages/airflow/example_dags/tutorial_dag.py
[2024-02-25T12:54:49.287+0000] {processor.py:836} INFO - DAG(s) dict_keys(['tutorial_dag']) retrieved from /home/airflow/.local/lib/python3.7/site-packages/airflow/example_dags/tutorial_dag.py
[2024-02-25T12:54:49.325+0000] {logging_mixin.py:150} INFO - [2024-02-25T12:54:49.325+0000] {dag.py:2742} INFO - Sync 1 DAGs
[2024-02-25T12:54:49.358+0000] {logging_mixin.py:150} INFO - [2024-02-25T12:54:49.358+0000] {dag.py:3508} INFO - Setting next_dagrun for tutorial_dag to None, run_after=None
[2024-02-25T12:54:49.384+0000] {processor.py:179} INFO - Processing /home/airflow/.local/lib/python3.7/site-packages/airflow/example_dags/tutorial_dag.py took 0.113 seconds
[2024-02-25T12:55:19.873+0000] {processor.py:157} INFO - Started process (PID=6092) to work on /home/airflow/.local/lib/python3.7/site-packages/airflow/example_dags/tutorial_dag.py
[2024-02-25T12:55:19.875+0000] {processor.py:826} INFO - Processing file /home/airflow/.local/lib/python3.7/site-packages/airflow/example_dags/tutorial_dag.py for tasks to queue
[2024-02-25T12:55:19.875+0000] {logging_mixin.py:150} INFO - [2024-02-25T12:55:19.875+0000] {dagbag.py:541} INFO - Filling up the DagBag from /home/airflow/.local/lib/python3.7/site-packages/airflow/example_dags/tutorial_dag.py
[2024-02-25T12:55:19.881+0000] {processor.py:836} INFO - DAG(s) dict_keys(['tutorial_dag']) retrieved from /home/airflow/.local/lib/python3.7/site-packages/airflow/example_dags/tutorial_dag.py
[2024-02-25T12:55:19.911+0000] {logging_mixin.py:150} INFO - [2024-02-25T12:55:19.911+0000] {dag.py:2742} INFO - Sync 1 DAGs
[2024-02-25T12:55:19.950+0000] {logging_mixin.py:150} INFO - [2024-02-25T12:55:19.950+0000] {dag.py:3508} INFO - Setting next_dagrun for tutorial_dag to None, run_after=None
[2024-02-25T12:55:19.976+0000] {processor.py:179} INFO - Processing /home/airflow/.local/lib/python3.7/site-packages/airflow/example_dags/tutorial_dag.py took 0.107 seconds
[2024-02-25T12:55:50.770+0000] {processor.py:157} INFO - Started process (PID=6333) to work on /home/airflow/.local/lib/python3.7/site-packages/airflow/example_dags/tutorial_dag.py
[2024-02-25T12:55:50.771+0000] {processor.py:826} INFO - Processing file /home/airflow/.local/lib/python3.7/site-packages/airflow/example_dags/tutorial_dag.py for tasks to queue
[2024-02-25T12:55:50.772+0000] {logging_mixin.py:150} INFO - [2024-02-25T12:55:50.771+0000] {dagbag.py:541} INFO - Filling up the DagBag from /home/airflow/.local/lib/python3.7/site-packages/airflow/example_dags/tutorial_dag.py
[2024-02-25T12:55:50.778+0000] {processor.py:836} INFO - DAG(s) dict_keys(['tutorial_dag']) retrieved from /home/airflow/.local/lib/python3.7/site-packages/airflow/example_dags/tutorial_dag.py
[2024-02-25T12:55:50.805+0000] {logging_mixin.py:150} INFO - [2024-02-25T12:55:50.805+0000] {dag.py:2742} INFO - Sync 1 DAGs
[2024-02-25T12:55:50.838+0000] {logging_mixin.py:150} INFO - [2024-02-25T12:55:50.837+0000] {dag.py:3508} INFO - Setting next_dagrun for tutorial_dag to None, run_after=None
[2024-02-25T12:55:50.872+0000] {processor.py:179} INFO - Processing /home/airflow/.local/lib/python3.7/site-packages/airflow/example_dags/tutorial_dag.py took 0.106 seconds
[2024-02-25T12:56:21.919+0000] {processor.py:157} INFO - Started process (PID=6581) to work on /home/airflow/.local/lib/python3.7/site-packages/airflow/example_dags/tutorial_dag.py
[2024-02-25T12:56:21.920+0000] {processor.py:826} INFO - Processing file /home/airflow/.local/lib/python3.7/site-packages/airflow/example_dags/tutorial_dag.py for tasks to queue
[2024-02-25T12:56:21.921+0000] {logging_mixin.py:150} INFO - [2024-02-25T12:56:21.921+0000] {dagbag.py:541} INFO - Filling up the DagBag from /home/airflow/.local/lib/python3.7/site-packages/airflow/example_dags/tutorial_dag.py
[2024-02-25T12:56:21.926+0000] {processor.py:836} INFO - DAG(s) dict_keys(['tutorial_dag']) retrieved from /home/airflow/.local/lib/python3.7/site-packages/airflow/example_dags/tutorial_dag.py
[2024-02-25T12:56:21.962+0000] {logging_mixin.py:150} INFO - [2024-02-25T12:56:21.962+0000] {dag.py:2742} INFO - Sync 1 DAGs
[2024-02-25T12:56:21.999+0000] {logging_mixin.py:150} INFO - [2024-02-25T12:56:21.998+0000] {dag.py:3508} INFO - Setting next_dagrun for tutorial_dag to None, run_after=None
[2024-02-25T12:56:22.022+0000] {processor.py:179} INFO - Processing /home/airflow/.local/lib/python3.7/site-packages/airflow/example_dags/tutorial_dag.py took 0.106 seconds
[2024-02-25T12:56:52.249+0000] {processor.py:157} INFO - Started process (PID=6822) to work on /home/airflow/.local/lib/python3.7/site-packages/airflow/example_dags/tutorial_dag.py
[2024-02-25T12:56:52.250+0000] {processor.py:826} INFO - Processing file /home/airflow/.local/lib/python3.7/site-packages/airflow/example_dags/tutorial_dag.py for tasks to queue
[2024-02-25T12:56:52.251+0000] {logging_mixin.py:150} INFO - [2024-02-25T12:56:52.251+0000] {dagbag.py:541} INFO - Filling up the DagBag from /home/airflow/.local/lib/python3.7/site-packages/airflow/example_dags/tutorial_dag.py
[2024-02-25T12:56:52.257+0000] {processor.py:836} INFO - DAG(s) dict_keys(['tutorial_dag']) retrieved from /home/airflow/.local/lib/python3.7/site-packages/airflow/example_dags/tutorial_dag.py
[2024-02-25T12:56:52.286+0000] {logging_mixin.py:150} INFO - [2024-02-25T12:56:52.285+0000] {dag.py:2742} INFO - Sync 1 DAGs
[2024-02-25T12:56:52.320+0000] {logging_mixin.py:150} INFO - [2024-02-25T12:56:52.319+0000] {dag.py:3508} INFO - Setting next_dagrun for tutorial_dag to None, run_after=None
[2024-02-25T12:56:52.342+0000] {processor.py:179} INFO - Processing /home/airflow/.local/lib/python3.7/site-packages/airflow/example_dags/tutorial_dag.py took 0.096 seconds
