[2024-02-25T12:43:01.294+0000] {processor.py:157} INFO - Started process (PID=238) to work on /home/airflow/.local/lib/python3.7/site-packages/airflow/example_dags/tutorial.py
[2024-02-25T12:43:01.295+0000] {processor.py:826} INFO - Processing file /home/airflow/.local/lib/python3.7/site-packages/airflow/example_dags/tutorial.py for tasks to queue
[2024-02-25T12:43:01.296+0000] {logging_mixin.py:150} INFO - [2024-02-25T12:43:01.296+0000] {dagbag.py:541} INFO - Filling up the DagBag from /home/airflow/.local/lib/python3.7/site-packages/airflow/example_dags/tutorial.py
[2024-02-25T12:43:01.309+0000] {processor.py:836} INFO - DAG(s) dict_keys(['tutorial']) retrieved from /home/airflow/.local/lib/python3.7/site-packages/airflow/example_dags/tutorial.py
[2024-02-25T12:43:01.322+0000] {logging_mixin.py:150} INFO - [2024-02-25T12:43:01.321+0000] {dag.py:2742} INFO - Sync 1 DAGs
[2024-02-25T12:43:01.374+0000] {logging_mixin.py:150} INFO - [2024-02-25T12:43:01.374+0000] {dag.py:3508} INFO - Setting next_dagrun for tutorial to 2024-02-24T12:43:01.373767+00:00, run_after=2024-02-25T12:43:01.373767+00:00
[2024-02-25T12:43:01.404+0000] {processor.py:179} INFO - Processing /home/airflow/.local/lib/python3.7/site-packages/airflow/example_dags/tutorial.py took 0.114 seconds
[2024-02-25T12:43:32.044+0000] {processor.py:157} INFO - Started process (PID=476) to work on /home/airflow/.local/lib/python3.7/site-packages/airflow/example_dags/tutorial.py
[2024-02-25T12:43:32.049+0000] {processor.py:826} INFO - Processing file /home/airflow/.local/lib/python3.7/site-packages/airflow/example_dags/tutorial.py for tasks to queue
[2024-02-25T12:43:32.050+0000] {logging_mixin.py:150} INFO - [2024-02-25T12:43:32.050+0000] {dagbag.py:541} INFO - Filling up the DagBag from /home/airflow/.local/lib/python3.7/site-packages/airflow/example_dags/tutorial.py
[2024-02-25T12:43:32.072+0000] {processor.py:836} INFO - DAG(s) dict_keys(['tutorial']) retrieved from /home/airflow/.local/lib/python3.7/site-packages/airflow/example_dags/tutorial.py
[2024-02-25T12:43:32.150+0000] {logging_mixin.py:150} INFO - [2024-02-25T12:43:32.150+0000] {dag.py:2742} INFO - Sync 1 DAGs
[2024-02-25T12:43:32.196+0000] {logging_mixin.py:150} INFO - [2024-02-25T12:43:32.195+0000] {dag.py:3508} INFO - Setting next_dagrun for tutorial to 2024-02-24T12:43:32.195548+00:00, run_after=2024-02-25T12:43:32.195548+00:00
[2024-02-25T12:43:32.232+0000] {processor.py:179} INFO - Processing /home/airflow/.local/lib/python3.7/site-packages/airflow/example_dags/tutorial.py took 0.201 seconds
[2024-02-25T12:44:03.140+0000] {processor.py:157} INFO - Started process (PID=718) to work on /home/airflow/.local/lib/python3.7/site-packages/airflow/example_dags/tutorial.py
[2024-02-25T12:44:03.142+0000] {processor.py:826} INFO - Processing file /home/airflow/.local/lib/python3.7/site-packages/airflow/example_dags/tutorial.py for tasks to queue
[2024-02-25T12:44:03.143+0000] {logging_mixin.py:150} INFO - [2024-02-25T12:44:03.143+0000] {dagbag.py:541} INFO - Filling up the DagBag from /home/airflow/.local/lib/python3.7/site-packages/airflow/example_dags/tutorial.py
[2024-02-25T12:44:03.154+0000] {processor.py:836} INFO - DAG(s) dict_keys(['tutorial']) retrieved from /home/airflow/.local/lib/python3.7/site-packages/airflow/example_dags/tutorial.py
[2024-02-25T12:44:03.172+0000] {logging_mixin.py:150} INFO - [2024-02-25T12:44:03.172+0000] {dag.py:2742} INFO - Sync 1 DAGs
[2024-02-25T12:44:03.222+0000] {logging_mixin.py:150} INFO - [2024-02-25T12:44:03.222+0000] {dag.py:3508} INFO - Setting next_dagrun for tutorial to 2024-02-24T12:44:03.222161+00:00, run_after=2024-02-25T12:44:03.222161+00:00
[2024-02-25T12:44:03.262+0000] {processor.py:179} INFO - Processing /home/airflow/.local/lib/python3.7/site-packages/airflow/example_dags/tutorial.py took 0.127 seconds
[2024-02-25T12:44:33.729+0000] {processor.py:157} INFO - Started process (PID=959) to work on /home/airflow/.local/lib/python3.7/site-packages/airflow/example_dags/tutorial.py
[2024-02-25T12:44:33.730+0000] {processor.py:826} INFO - Processing file /home/airflow/.local/lib/python3.7/site-packages/airflow/example_dags/tutorial.py for tasks to queue
[2024-02-25T12:44:33.731+0000] {logging_mixin.py:150} INFO - [2024-02-25T12:44:33.731+0000] {dagbag.py:541} INFO - Filling up the DagBag from /home/airflow/.local/lib/python3.7/site-packages/airflow/example_dags/tutorial.py
[2024-02-25T12:44:33.741+0000] {processor.py:836} INFO - DAG(s) dict_keys(['tutorial']) retrieved from /home/airflow/.local/lib/python3.7/site-packages/airflow/example_dags/tutorial.py
[2024-02-25T12:44:33.772+0000] {logging_mixin.py:150} INFO - [2024-02-25T12:44:33.772+0000] {dag.py:2742} INFO - Sync 1 DAGs
[2024-02-25T12:44:33.811+0000] {logging_mixin.py:150} INFO - [2024-02-25T12:44:33.811+0000] {dag.py:3508} INFO - Setting next_dagrun for tutorial to 2024-02-24T12:44:33.811566+00:00, run_after=2024-02-25T12:44:33.811566+00:00
[2024-02-25T12:44:33.846+0000] {processor.py:179} INFO - Processing /home/airflow/.local/lib/python3.7/site-packages/airflow/example_dags/tutorial.py took 0.121 seconds
[2024-02-25T12:45:04.766+0000] {processor.py:157} INFO - Started process (PID=1200) to work on /home/airflow/.local/lib/python3.7/site-packages/airflow/example_dags/tutorial.py
[2024-02-25T12:45:04.768+0000] {processor.py:826} INFO - Processing file /home/airflow/.local/lib/python3.7/site-packages/airflow/example_dags/tutorial.py for tasks to queue
[2024-02-25T12:45:04.771+0000] {logging_mixin.py:150} INFO - [2024-02-25T12:45:04.771+0000] {dagbag.py:541} INFO - Filling up the DagBag from /home/airflow/.local/lib/python3.7/site-packages/airflow/example_dags/tutorial.py
[2024-02-25T12:45:04.783+0000] {processor.py:836} INFO - DAG(s) dict_keys(['tutorial']) retrieved from /home/airflow/.local/lib/python3.7/site-packages/airflow/example_dags/tutorial.py
[2024-02-25T12:45:04.828+0000] {logging_mixin.py:150} INFO - [2024-02-25T12:45:04.828+0000] {dag.py:2742} INFO - Sync 1 DAGs
[2024-02-25T12:45:04.886+0000] {logging_mixin.py:150} INFO - [2024-02-25T12:45:04.886+0000] {dag.py:3508} INFO - Setting next_dagrun for tutorial to 2024-02-24T12:45:04.885636+00:00, run_after=2024-02-25T12:45:04.885636+00:00
[2024-02-25T12:45:04.927+0000] {processor.py:179} INFO - Processing /home/airflow/.local/lib/python3.7/site-packages/airflow/example_dags/tutorial.py took 0.170 seconds
[2024-02-25T12:45:35.050+0000] {processor.py:157} INFO - Started process (PID=1443) to work on /home/airflow/.local/lib/python3.7/site-packages/airflow/example_dags/tutorial.py
[2024-02-25T12:45:35.052+0000] {processor.py:826} INFO - Processing file /home/airflow/.local/lib/python3.7/site-packages/airflow/example_dags/tutorial.py for tasks to queue
[2024-02-25T12:45:35.053+0000] {logging_mixin.py:150} INFO - [2024-02-25T12:45:35.053+0000] {dagbag.py:541} INFO - Filling up the DagBag from /home/airflow/.local/lib/python3.7/site-packages/airflow/example_dags/tutorial.py
[2024-02-25T12:45:35.063+0000] {processor.py:836} INFO - DAG(s) dict_keys(['tutorial']) retrieved from /home/airflow/.local/lib/python3.7/site-packages/airflow/example_dags/tutorial.py
[2024-02-25T12:45:35.094+0000] {logging_mixin.py:150} INFO - [2024-02-25T12:45:35.093+0000] {dag.py:2742} INFO - Sync 1 DAGs
[2024-02-25T12:45:35.140+0000] {logging_mixin.py:150} INFO - [2024-02-25T12:45:35.139+0000] {dag.py:3508} INFO - Setting next_dagrun for tutorial to 2024-02-24T12:45:35.139625+00:00, run_after=2024-02-25T12:45:35.139625+00:00
[2024-02-25T12:45:35.175+0000] {processor.py:179} INFO - Processing /home/airflow/.local/lib/python3.7/site-packages/airflow/example_dags/tutorial.py took 0.130 seconds
[2024-02-25T12:46:05.605+0000] {processor.py:157} INFO - Started process (PID=1684) to work on /home/airflow/.local/lib/python3.7/site-packages/airflow/example_dags/tutorial.py
[2024-02-25T12:46:05.606+0000] {processor.py:826} INFO - Processing file /home/airflow/.local/lib/python3.7/site-packages/airflow/example_dags/tutorial.py for tasks to queue
[2024-02-25T12:46:05.608+0000] {logging_mixin.py:150} INFO - [2024-02-25T12:46:05.607+0000] {dagbag.py:541} INFO - Filling up the DagBag from /home/airflow/.local/lib/python3.7/site-packages/airflow/example_dags/tutorial.py
[2024-02-25T12:46:05.619+0000] {processor.py:836} INFO - DAG(s) dict_keys(['tutorial']) retrieved from /home/airflow/.local/lib/python3.7/site-packages/airflow/example_dags/tutorial.py
[2024-02-25T12:46:05.664+0000] {logging_mixin.py:150} INFO - [2024-02-25T12:46:05.663+0000] {dag.py:2742} INFO - Sync 1 DAGs
[2024-02-25T12:46:05.703+0000] {logging_mixin.py:150} INFO - [2024-02-25T12:46:05.703+0000] {dag.py:3508} INFO - Setting next_dagrun for tutorial to 2024-02-24T12:46:05.702811+00:00, run_after=2024-02-25T12:46:05.702811+00:00
[2024-02-25T12:46:05.734+0000] {processor.py:179} INFO - Processing /home/airflow/.local/lib/python3.7/site-packages/airflow/example_dags/tutorial.py took 0.135 seconds
[2024-02-25T12:46:36.186+0000] {processor.py:157} INFO - Started process (PID=1925) to work on /home/airflow/.local/lib/python3.7/site-packages/airflow/example_dags/tutorial.py
[2024-02-25T12:46:36.187+0000] {processor.py:826} INFO - Processing file /home/airflow/.local/lib/python3.7/site-packages/airflow/example_dags/tutorial.py for tasks to queue
[2024-02-25T12:46:36.188+0000] {logging_mixin.py:150} INFO - [2024-02-25T12:46:36.187+0000] {dagbag.py:541} INFO - Filling up the DagBag from /home/airflow/.local/lib/python3.7/site-packages/airflow/example_dags/tutorial.py
[2024-02-25T12:46:36.198+0000] {processor.py:836} INFO - DAG(s) dict_keys(['tutorial']) retrieved from /home/airflow/.local/lib/python3.7/site-packages/airflow/example_dags/tutorial.py
[2024-02-25T12:46:36.236+0000] {logging_mixin.py:150} INFO - [2024-02-25T12:46:36.236+0000] {dag.py:2742} INFO - Sync 1 DAGs
[2024-02-25T12:46:36.283+0000] {logging_mixin.py:150} INFO - [2024-02-25T12:46:36.283+0000] {dag.py:3508} INFO - Setting next_dagrun for tutorial to 2024-02-24T12:46:36.282937+00:00, run_after=2024-02-25T12:46:36.282937+00:00
[2024-02-25T12:46:36.316+0000] {processor.py:179} INFO - Processing /home/airflow/.local/lib/python3.7/site-packages/airflow/example_dags/tutorial.py took 0.135 seconds
[2024-02-25T12:47:07.208+0000] {processor.py:157} INFO - Started process (PID=2171) to work on /home/airflow/.local/lib/python3.7/site-packages/airflow/example_dags/tutorial.py
[2024-02-25T12:47:07.209+0000] {processor.py:826} INFO - Processing file /home/airflow/.local/lib/python3.7/site-packages/airflow/example_dags/tutorial.py for tasks to queue
[2024-02-25T12:47:07.210+0000] {logging_mixin.py:150} INFO - [2024-02-25T12:47:07.210+0000] {dagbag.py:541} INFO - Filling up the DagBag from /home/airflow/.local/lib/python3.7/site-packages/airflow/example_dags/tutorial.py
[2024-02-25T12:47:07.219+0000] {processor.py:836} INFO - DAG(s) dict_keys(['tutorial']) retrieved from /home/airflow/.local/lib/python3.7/site-packages/airflow/example_dags/tutorial.py
[2024-02-25T12:47:07.256+0000] {logging_mixin.py:150} INFO - [2024-02-25T12:47:07.256+0000] {dag.py:2742} INFO - Sync 1 DAGs
[2024-02-25T12:47:07.296+0000] {logging_mixin.py:150} INFO - [2024-02-25T12:47:07.296+0000] {dag.py:3508} INFO - Setting next_dagrun for tutorial to 2024-02-24T12:47:07.296075+00:00, run_after=2024-02-25T12:47:07.296075+00:00
[2024-02-25T12:47:07.329+0000] {processor.py:179} INFO - Processing /home/airflow/.local/lib/python3.7/site-packages/airflow/example_dags/tutorial.py took 0.126 seconds
[2024-02-25T12:47:38.191+0000] {processor.py:157} INFO - Started process (PID=2412) to work on /home/airflow/.local/lib/python3.7/site-packages/airflow/example_dags/tutorial.py
[2024-02-25T12:47:38.192+0000] {processor.py:826} INFO - Processing file /home/airflow/.local/lib/python3.7/site-packages/airflow/example_dags/tutorial.py for tasks to queue
[2024-02-25T12:47:38.193+0000] {logging_mixin.py:150} INFO - [2024-02-25T12:47:38.193+0000] {dagbag.py:541} INFO - Filling up the DagBag from /home/airflow/.local/lib/python3.7/site-packages/airflow/example_dags/tutorial.py
[2024-02-25T12:47:38.201+0000] {processor.py:836} INFO - DAG(s) dict_keys(['tutorial']) retrieved from /home/airflow/.local/lib/python3.7/site-packages/airflow/example_dags/tutorial.py
[2024-02-25T12:47:38.226+0000] {logging_mixin.py:150} INFO - [2024-02-25T12:47:38.226+0000] {dag.py:2742} INFO - Sync 1 DAGs
[2024-02-25T12:47:38.264+0000] {logging_mixin.py:150} INFO - [2024-02-25T12:47:38.263+0000] {dag.py:3508} INFO - Setting next_dagrun for tutorial to 2024-02-24T12:47:38.263478+00:00, run_after=2024-02-25T12:47:38.263478+00:00
[2024-02-25T12:47:38.298+0000] {processor.py:179} INFO - Processing /home/airflow/.local/lib/python3.7/site-packages/airflow/example_dags/tutorial.py took 0.111 seconds
[2024-02-25T12:48:08.464+0000] {processor.py:157} INFO - Started process (PID=2648) to work on /home/airflow/.local/lib/python3.7/site-packages/airflow/example_dags/tutorial.py
[2024-02-25T12:48:08.465+0000] {processor.py:826} INFO - Processing file /home/airflow/.local/lib/python3.7/site-packages/airflow/example_dags/tutorial.py for tasks to queue
[2024-02-25T12:48:08.467+0000] {logging_mixin.py:150} INFO - [2024-02-25T12:48:08.466+0000] {dagbag.py:541} INFO - Filling up the DagBag from /home/airflow/.local/lib/python3.7/site-packages/airflow/example_dags/tutorial.py
[2024-02-25T12:48:08.476+0000] {processor.py:836} INFO - DAG(s) dict_keys(['tutorial']) retrieved from /home/airflow/.local/lib/python3.7/site-packages/airflow/example_dags/tutorial.py
[2024-02-25T12:48:08.503+0000] {logging_mixin.py:150} INFO - [2024-02-25T12:48:08.503+0000] {dag.py:2742} INFO - Sync 1 DAGs
[2024-02-25T12:48:08.532+0000] {logging_mixin.py:150} INFO - [2024-02-25T12:48:08.532+0000] {dag.py:3508} INFO - Setting next_dagrun for tutorial to 2024-02-24T12:48:08.531842+00:00, run_after=2024-02-25T12:48:08.531842+00:00
[2024-02-25T12:48:08.559+0000] {processor.py:179} INFO - Processing /home/airflow/.local/lib/python3.7/site-packages/airflow/example_dags/tutorial.py took 0.100 seconds
[2024-02-25T12:48:39.190+0000] {processor.py:157} INFO - Started process (PID=2895) to work on /home/airflow/.local/lib/python3.7/site-packages/airflow/example_dags/tutorial.py
[2024-02-25T12:48:39.192+0000] {processor.py:826} INFO - Processing file /home/airflow/.local/lib/python3.7/site-packages/airflow/example_dags/tutorial.py for tasks to queue
[2024-02-25T12:48:39.193+0000] {logging_mixin.py:150} INFO - [2024-02-25T12:48:39.193+0000] {dagbag.py:541} INFO - Filling up the DagBag from /home/airflow/.local/lib/python3.7/site-packages/airflow/example_dags/tutorial.py
[2024-02-25T12:48:39.201+0000] {processor.py:836} INFO - DAG(s) dict_keys(['tutorial']) retrieved from /home/airflow/.local/lib/python3.7/site-packages/airflow/example_dags/tutorial.py
[2024-02-25T12:48:39.231+0000] {logging_mixin.py:150} INFO - [2024-02-25T12:48:39.231+0000] {dag.py:2742} INFO - Sync 1 DAGs
[2024-02-25T12:48:39.264+0000] {logging_mixin.py:150} INFO - [2024-02-25T12:48:39.264+0000] {dag.py:3508} INFO - Setting next_dagrun for tutorial to 2024-02-24T12:48:39.263943+00:00, run_after=2024-02-25T12:48:39.263943+00:00
[2024-02-25T12:48:39.292+0000] {processor.py:179} INFO - Processing /home/airflow/.local/lib/python3.7/site-packages/airflow/example_dags/tutorial.py took 0.107 seconds
[2024-02-25T12:49:09.912+0000] {processor.py:157} INFO - Started process (PID=3136) to work on /home/airflow/.local/lib/python3.7/site-packages/airflow/example_dags/tutorial.py
[2024-02-25T12:49:09.913+0000] {processor.py:826} INFO - Processing file /home/airflow/.local/lib/python3.7/site-packages/airflow/example_dags/tutorial.py for tasks to queue
[2024-02-25T12:49:09.914+0000] {logging_mixin.py:150} INFO - [2024-02-25T12:49:09.913+0000] {dagbag.py:541} INFO - Filling up the DagBag from /home/airflow/.local/lib/python3.7/site-packages/airflow/example_dags/tutorial.py
[2024-02-25T12:49:09.922+0000] {processor.py:836} INFO - DAG(s) dict_keys(['tutorial']) retrieved from /home/airflow/.local/lib/python3.7/site-packages/airflow/example_dags/tutorial.py
[2024-02-25T12:49:09.950+0000] {logging_mixin.py:150} INFO - [2024-02-25T12:49:09.950+0000] {dag.py:2742} INFO - Sync 1 DAGs
[2024-02-25T12:49:09.984+0000] {logging_mixin.py:150} INFO - [2024-02-25T12:49:09.983+0000] {dag.py:3508} INFO - Setting next_dagrun for tutorial to 2024-02-24T12:49:09.983656+00:00, run_after=2024-02-25T12:49:09.983656+00:00
[2024-02-25T12:49:10.011+0000] {processor.py:179} INFO - Processing /home/airflow/.local/lib/python3.7/site-packages/airflow/example_dags/tutorial.py took 0.103 seconds
[2024-02-25T12:49:40.618+0000] {processor.py:157} INFO - Started process (PID=3377) to work on /home/airflow/.local/lib/python3.7/site-packages/airflow/example_dags/tutorial.py
[2024-02-25T12:49:40.619+0000] {processor.py:826} INFO - Processing file /home/airflow/.local/lib/python3.7/site-packages/airflow/example_dags/tutorial.py for tasks to queue
[2024-02-25T12:49:40.620+0000] {logging_mixin.py:150} INFO - [2024-02-25T12:49:40.620+0000] {dagbag.py:541} INFO - Filling up the DagBag from /home/airflow/.local/lib/python3.7/site-packages/airflow/example_dags/tutorial.py
[2024-02-25T12:49:40.629+0000] {processor.py:836} INFO - DAG(s) dict_keys(['tutorial']) retrieved from /home/airflow/.local/lib/python3.7/site-packages/airflow/example_dags/tutorial.py
[2024-02-25T12:49:40.662+0000] {logging_mixin.py:150} INFO - [2024-02-25T12:49:40.661+0000] {dag.py:2742} INFO - Sync 1 DAGs
[2024-02-25T12:49:40.703+0000] {logging_mixin.py:150} INFO - [2024-02-25T12:49:40.703+0000] {dag.py:3508} INFO - Setting next_dagrun for tutorial to 2024-02-24T12:49:40.702809+00:00, run_after=2024-02-25T12:49:40.702809+00:00
[2024-02-25T12:49:40.737+0000] {processor.py:179} INFO - Processing /home/airflow/.local/lib/python3.7/site-packages/airflow/example_dags/tutorial.py took 0.123 seconds
[2024-02-25T12:50:10.768+0000] {processor.py:157} INFO - Started process (PID=3615) to work on /home/airflow/.local/lib/python3.7/site-packages/airflow/example_dags/tutorial.py
[2024-02-25T12:50:10.769+0000] {processor.py:826} INFO - Processing file /home/airflow/.local/lib/python3.7/site-packages/airflow/example_dags/tutorial.py for tasks to queue
[2024-02-25T12:50:10.770+0000] {logging_mixin.py:150} INFO - [2024-02-25T12:50:10.769+0000] {dagbag.py:541} INFO - Filling up the DagBag from /home/airflow/.local/lib/python3.7/site-packages/airflow/example_dags/tutorial.py
[2024-02-25T12:50:10.775+0000] {processor.py:836} INFO - DAG(s) dict_keys(['tutorial']) retrieved from /home/airflow/.local/lib/python3.7/site-packages/airflow/example_dags/tutorial.py
[2024-02-25T12:50:10.796+0000] {logging_mixin.py:150} INFO - [2024-02-25T12:50:10.796+0000] {dag.py:2742} INFO - Sync 1 DAGs
[2024-02-25T12:50:10.822+0000] {logging_mixin.py:150} INFO - [2024-02-25T12:50:10.822+0000] {dag.py:3508} INFO - Setting next_dagrun for tutorial to 2024-02-24T12:50:10.822184+00:00, run_after=2024-02-25T12:50:10.822184+00:00
[2024-02-25T12:50:10.843+0000] {processor.py:179} INFO - Processing /home/airflow/.local/lib/python3.7/site-packages/airflow/example_dags/tutorial.py took 0.078 seconds
[2024-02-25T12:50:41.246+0000] {processor.py:157} INFO - Started process (PID=3854) to work on /home/airflow/.local/lib/python3.7/site-packages/airflow/example_dags/tutorial.py
[2024-02-25T12:50:41.247+0000] {processor.py:826} INFO - Processing file /home/airflow/.local/lib/python3.7/site-packages/airflow/example_dags/tutorial.py for tasks to queue
[2024-02-25T12:50:41.248+0000] {logging_mixin.py:150} INFO - [2024-02-25T12:50:41.248+0000] {dagbag.py:541} INFO - Filling up the DagBag from /home/airflow/.local/lib/python3.7/site-packages/airflow/example_dags/tutorial.py
[2024-02-25T12:50:41.256+0000] {processor.py:836} INFO - DAG(s) dict_keys(['tutorial']) retrieved from /home/airflow/.local/lib/python3.7/site-packages/airflow/example_dags/tutorial.py
[2024-02-25T12:50:41.292+0000] {logging_mixin.py:150} INFO - [2024-02-25T12:50:41.292+0000] {dag.py:2742} INFO - Sync 1 DAGs
[2024-02-25T12:50:41.326+0000] {logging_mixin.py:150} INFO - [2024-02-25T12:50:41.326+0000] {dag.py:3508} INFO - Setting next_dagrun for tutorial to 2024-02-24T12:50:41.326106+00:00, run_after=2024-02-25T12:50:41.326106+00:00
[2024-02-25T12:50:41.349+0000] {processor.py:179} INFO - Processing /home/airflow/.local/lib/python3.7/site-packages/airflow/example_dags/tutorial.py took 0.107 seconds
[2024-02-25T12:51:11.679+0000] {processor.py:157} INFO - Started process (PID=4095) to work on /home/airflow/.local/lib/python3.7/site-packages/airflow/example_dags/tutorial.py
[2024-02-25T12:51:11.680+0000] {processor.py:826} INFO - Processing file /home/airflow/.local/lib/python3.7/site-packages/airflow/example_dags/tutorial.py for tasks to queue
[2024-02-25T12:51:11.681+0000] {logging_mixin.py:150} INFO - [2024-02-25T12:51:11.681+0000] {dagbag.py:541} INFO - Filling up the DagBag from /home/airflow/.local/lib/python3.7/site-packages/airflow/example_dags/tutorial.py
[2024-02-25T12:51:11.690+0000] {processor.py:836} INFO - DAG(s) dict_keys(['tutorial']) retrieved from /home/airflow/.local/lib/python3.7/site-packages/airflow/example_dags/tutorial.py
[2024-02-25T12:51:11.716+0000] {logging_mixin.py:150} INFO - [2024-02-25T12:51:11.716+0000] {dag.py:2742} INFO - Sync 1 DAGs
[2024-02-25T12:51:11.745+0000] {logging_mixin.py:150} INFO - [2024-02-25T12:51:11.745+0000] {dag.py:3508} INFO - Setting next_dagrun for tutorial to 2024-02-24T12:51:11.745597+00:00, run_after=2024-02-25T12:51:11.745597+00:00
[2024-02-25T12:51:11.774+0000] {processor.py:179} INFO - Processing /home/airflow/.local/lib/python3.7/site-packages/airflow/example_dags/tutorial.py took 0.100 seconds
[2024-02-25T12:51:42.415+0000] {processor.py:157} INFO - Started process (PID=4336) to work on /home/airflow/.local/lib/python3.7/site-packages/airflow/example_dags/tutorial.py
[2024-02-25T12:51:42.417+0000] {processor.py:826} INFO - Processing file /home/airflow/.local/lib/python3.7/site-packages/airflow/example_dags/tutorial.py for tasks to queue
[2024-02-25T12:51:42.418+0000] {logging_mixin.py:150} INFO - [2024-02-25T12:51:42.418+0000] {dagbag.py:541} INFO - Filling up the DagBag from /home/airflow/.local/lib/python3.7/site-packages/airflow/example_dags/tutorial.py
[2024-02-25T12:51:42.427+0000] {processor.py:836} INFO - DAG(s) dict_keys(['tutorial']) retrieved from /home/airflow/.local/lib/python3.7/site-packages/airflow/example_dags/tutorial.py
[2024-02-25T12:51:42.458+0000] {logging_mixin.py:150} INFO - [2024-02-25T12:51:42.458+0000] {dag.py:2742} INFO - Sync 1 DAGs
[2024-02-25T12:51:42.489+0000] {logging_mixin.py:150} INFO - [2024-02-25T12:51:42.489+0000] {dag.py:3508} INFO - Setting next_dagrun for tutorial to 2024-02-24T12:51:42.489099+00:00, run_after=2024-02-25T12:51:42.489099+00:00
[2024-02-25T12:51:42.516+0000] {processor.py:179} INFO - Processing /home/airflow/.local/lib/python3.7/site-packages/airflow/example_dags/tutorial.py took 0.108 seconds
[2024-02-25T12:52:13.137+0000] {processor.py:157} INFO - Started process (PID=4577) to work on /home/airflow/.local/lib/python3.7/site-packages/airflow/example_dags/tutorial.py
[2024-02-25T12:52:13.139+0000] {processor.py:826} INFO - Processing file /home/airflow/.local/lib/python3.7/site-packages/airflow/example_dags/tutorial.py for tasks to queue
[2024-02-25T12:52:13.139+0000] {logging_mixin.py:150} INFO - [2024-02-25T12:52:13.139+0000] {dagbag.py:541} INFO - Filling up the DagBag from /home/airflow/.local/lib/python3.7/site-packages/airflow/example_dags/tutorial.py
[2024-02-25T12:52:13.148+0000] {processor.py:836} INFO - DAG(s) dict_keys(['tutorial']) retrieved from /home/airflow/.local/lib/python3.7/site-packages/airflow/example_dags/tutorial.py
[2024-02-25T12:52:13.174+0000] {logging_mixin.py:150} INFO - [2024-02-25T12:52:13.174+0000] {dag.py:2742} INFO - Sync 1 DAGs
[2024-02-25T12:52:13.203+0000] {logging_mixin.py:150} INFO - [2024-02-25T12:52:13.203+0000] {dag.py:3508} INFO - Setting next_dagrun for tutorial to 2024-02-24T12:52:13.203064+00:00, run_after=2024-02-25T12:52:13.203064+00:00
[2024-02-25T12:52:13.229+0000] {processor.py:179} INFO - Processing /home/airflow/.local/lib/python3.7/site-packages/airflow/example_dags/tutorial.py took 0.098 seconds
[2024-02-25T12:52:43.423+0000] {processor.py:157} INFO - Started process (PID=4818) to work on /home/airflow/.local/lib/python3.7/site-packages/airflow/example_dags/tutorial.py
[2024-02-25T12:52:43.424+0000] {processor.py:826} INFO - Processing file /home/airflow/.local/lib/python3.7/site-packages/airflow/example_dags/tutorial.py for tasks to queue
[2024-02-25T12:52:43.425+0000] {logging_mixin.py:150} INFO - [2024-02-25T12:52:43.425+0000] {dagbag.py:541} INFO - Filling up the DagBag from /home/airflow/.local/lib/python3.7/site-packages/airflow/example_dags/tutorial.py
[2024-02-25T12:52:43.432+0000] {processor.py:836} INFO - DAG(s) dict_keys(['tutorial']) retrieved from /home/airflow/.local/lib/python3.7/site-packages/airflow/example_dags/tutorial.py
[2024-02-25T12:52:43.473+0000] {logging_mixin.py:150} INFO - [2024-02-25T12:52:43.472+0000] {dag.py:2742} INFO - Sync 1 DAGs
[2024-02-25T12:52:43.526+0000] {logging_mixin.py:150} INFO - [2024-02-25T12:52:43.525+0000] {dag.py:3508} INFO - Setting next_dagrun for tutorial to 2024-02-24T12:52:43.525295+00:00, run_after=2024-02-25T12:52:43.525295+00:00
[2024-02-25T12:52:43.557+0000] {processor.py:179} INFO - Processing /home/airflow/.local/lib/python3.7/site-packages/airflow/example_dags/tutorial.py took 0.138 seconds
[2024-02-25T12:53:13.678+0000] {processor.py:157} INFO - Started process (PID=5059) to work on /home/airflow/.local/lib/python3.7/site-packages/airflow/example_dags/tutorial.py
[2024-02-25T12:53:13.679+0000] {processor.py:826} INFO - Processing file /home/airflow/.local/lib/python3.7/site-packages/airflow/example_dags/tutorial.py for tasks to queue
[2024-02-25T12:53:13.680+0000] {logging_mixin.py:150} INFO - [2024-02-25T12:53:13.680+0000] {dagbag.py:541} INFO - Filling up the DagBag from /home/airflow/.local/lib/python3.7/site-packages/airflow/example_dags/tutorial.py
[2024-02-25T12:53:13.690+0000] {processor.py:836} INFO - DAG(s) dict_keys(['tutorial']) retrieved from /home/airflow/.local/lib/python3.7/site-packages/airflow/example_dags/tutorial.py
[2024-02-25T12:53:13.717+0000] {logging_mixin.py:150} INFO - [2024-02-25T12:53:13.716+0000] {dag.py:2742} INFO - Sync 1 DAGs
[2024-02-25T12:53:13.746+0000] {logging_mixin.py:150} INFO - [2024-02-25T12:53:13.746+0000] {dag.py:3508} INFO - Setting next_dagrun for tutorial to 2024-02-24T12:53:13.746078+00:00, run_after=2024-02-25T12:53:13.746078+00:00
[2024-02-25T12:53:13.776+0000] {processor.py:179} INFO - Processing /home/airflow/.local/lib/python3.7/site-packages/airflow/example_dags/tutorial.py took 0.105 seconds
[2024-02-25T12:53:44.752+0000] {processor.py:157} INFO - Started process (PID=5300) to work on /home/airflow/.local/lib/python3.7/site-packages/airflow/example_dags/tutorial.py
[2024-02-25T12:53:44.753+0000] {processor.py:826} INFO - Processing file /home/airflow/.local/lib/python3.7/site-packages/airflow/example_dags/tutorial.py for tasks to queue
[2024-02-25T12:53:44.754+0000] {logging_mixin.py:150} INFO - [2024-02-25T12:53:44.754+0000] {dagbag.py:541} INFO - Filling up the DagBag from /home/airflow/.local/lib/python3.7/site-packages/airflow/example_dags/tutorial.py
[2024-02-25T12:53:44.764+0000] {processor.py:836} INFO - DAG(s) dict_keys(['tutorial']) retrieved from /home/airflow/.local/lib/python3.7/site-packages/airflow/example_dags/tutorial.py
[2024-02-25T12:53:44.791+0000] {logging_mixin.py:150} INFO - [2024-02-25T12:53:44.790+0000] {dag.py:2742} INFO - Sync 1 DAGs
[2024-02-25T12:53:44.851+0000] {logging_mixin.py:150} INFO - [2024-02-25T12:53:44.851+0000] {dag.py:3508} INFO - Setting next_dagrun for tutorial to 2024-02-24T12:53:44.850721+00:00, run_after=2024-02-25T12:53:44.850721+00:00
[2024-02-25T12:53:44.886+0000] {processor.py:179} INFO - Processing /home/airflow/.local/lib/python3.7/site-packages/airflow/example_dags/tutorial.py took 0.140 seconds
[2024-02-25T12:54:15.411+0000] {processor.py:157} INFO - Started process (PID=5541) to work on /home/airflow/.local/lib/python3.7/site-packages/airflow/example_dags/tutorial.py
[2024-02-25T12:54:15.412+0000] {processor.py:826} INFO - Processing file /home/airflow/.local/lib/python3.7/site-packages/airflow/example_dags/tutorial.py for tasks to queue
[2024-02-25T12:54:15.412+0000] {logging_mixin.py:150} INFO - [2024-02-25T12:54:15.412+0000] {dagbag.py:541} INFO - Filling up the DagBag from /home/airflow/.local/lib/python3.7/site-packages/airflow/example_dags/tutorial.py
[2024-02-25T12:54:15.418+0000] {processor.py:836} INFO - DAG(s) dict_keys(['tutorial']) retrieved from /home/airflow/.local/lib/python3.7/site-packages/airflow/example_dags/tutorial.py
[2024-02-25T12:54:15.447+0000] {logging_mixin.py:150} INFO - [2024-02-25T12:54:15.447+0000] {dag.py:2742} INFO - Sync 1 DAGs
[2024-02-25T12:54:15.476+0000] {logging_mixin.py:150} INFO - [2024-02-25T12:54:15.476+0000] {dag.py:3508} INFO - Setting next_dagrun for tutorial to 2024-02-24T12:54:15.476545+00:00, run_after=2024-02-25T12:54:15.476545+00:00
[2024-02-25T12:54:15.506+0000] {processor.py:179} INFO - Processing /home/airflow/.local/lib/python3.7/site-packages/airflow/example_dags/tutorial.py took 0.099 seconds
[2024-02-25T12:54:46.088+0000] {processor.py:157} INFO - Started process (PID=5782) to work on /home/airflow/.local/lib/python3.7/site-packages/airflow/example_dags/tutorial.py
[2024-02-25T12:54:46.090+0000] {processor.py:826} INFO - Processing file /home/airflow/.local/lib/python3.7/site-packages/airflow/example_dags/tutorial.py for tasks to queue
[2024-02-25T12:54:46.091+0000] {logging_mixin.py:150} INFO - [2024-02-25T12:54:46.091+0000] {dagbag.py:541} INFO - Filling up the DagBag from /home/airflow/.local/lib/python3.7/site-packages/airflow/example_dags/tutorial.py
[2024-02-25T12:54:46.104+0000] {processor.py:836} INFO - DAG(s) dict_keys(['tutorial']) retrieved from /home/airflow/.local/lib/python3.7/site-packages/airflow/example_dags/tutorial.py
[2024-02-25T12:54:46.136+0000] {logging_mixin.py:150} INFO - [2024-02-25T12:54:46.135+0000] {dag.py:2742} INFO - Sync 1 DAGs
[2024-02-25T12:54:46.164+0000] {logging_mixin.py:150} INFO - [2024-02-25T12:54:46.164+0000] {dag.py:3508} INFO - Setting next_dagrun for tutorial to 2024-02-24T12:54:46.164015+00:00, run_after=2024-02-25T12:54:46.164015+00:00
[2024-02-25T12:54:46.192+0000] {processor.py:179} INFO - Processing /home/airflow/.local/lib/python3.7/site-packages/airflow/example_dags/tutorial.py took 0.116 seconds
[2024-02-25T12:55:16.690+0000] {processor.py:157} INFO - Started process (PID=6022) to work on /home/airflow/.local/lib/python3.7/site-packages/airflow/example_dags/tutorial.py
[2024-02-25T12:55:16.692+0000] {processor.py:826} INFO - Processing file /home/airflow/.local/lib/python3.7/site-packages/airflow/example_dags/tutorial.py for tasks to queue
[2024-02-25T12:55:16.695+0000] {logging_mixin.py:150} INFO - [2024-02-25T12:55:16.694+0000] {dagbag.py:541} INFO - Filling up the DagBag from /home/airflow/.local/lib/python3.7/site-packages/airflow/example_dags/tutorial.py
[2024-02-25T12:55:16.717+0000] {processor.py:836} INFO - DAG(s) dict_keys(['tutorial']) retrieved from /home/airflow/.local/lib/python3.7/site-packages/airflow/example_dags/tutorial.py
[2024-02-25T12:55:16.765+0000] {logging_mixin.py:150} INFO - [2024-02-25T12:55:16.765+0000] {dag.py:2742} INFO - Sync 1 DAGs
[2024-02-25T12:55:16.798+0000] {logging_mixin.py:150} INFO - [2024-02-25T12:55:16.798+0000] {dag.py:3508} INFO - Setting next_dagrun for tutorial to 2024-02-24T12:55:16.798304+00:00, run_after=2024-02-25T12:55:16.798304+00:00
[2024-02-25T12:55:16.830+0000] {processor.py:179} INFO - Processing /home/airflow/.local/lib/python3.7/site-packages/airflow/example_dags/tutorial.py took 0.152 seconds
[2024-02-25T12:55:47.413+0000] {processor.py:157} INFO - Started process (PID=6263) to work on /home/airflow/.local/lib/python3.7/site-packages/airflow/example_dags/tutorial.py
[2024-02-25T12:55:47.414+0000] {processor.py:826} INFO - Processing file /home/airflow/.local/lib/python3.7/site-packages/airflow/example_dags/tutorial.py for tasks to queue
[2024-02-25T12:55:47.415+0000] {logging_mixin.py:150} INFO - [2024-02-25T12:55:47.415+0000] {dagbag.py:541} INFO - Filling up the DagBag from /home/airflow/.local/lib/python3.7/site-packages/airflow/example_dags/tutorial.py
[2024-02-25T12:55:47.425+0000] {processor.py:836} INFO - DAG(s) dict_keys(['tutorial']) retrieved from /home/airflow/.local/lib/python3.7/site-packages/airflow/example_dags/tutorial.py
[2024-02-25T12:55:47.456+0000] {logging_mixin.py:150} INFO - [2024-02-25T12:55:47.456+0000] {dag.py:2742} INFO - Sync 1 DAGs
[2024-02-25T12:55:47.491+0000] {logging_mixin.py:150} INFO - [2024-02-25T12:55:47.491+0000] {dag.py:3508} INFO - Setting next_dagrun for tutorial to 2024-02-24T12:55:47.491502+00:00, run_after=2024-02-25T12:55:47.491502+00:00
[2024-02-25T12:55:47.519+0000] {processor.py:179} INFO - Processing /home/airflow/.local/lib/python3.7/site-packages/airflow/example_dags/tutorial.py took 0.113 seconds
[2024-02-25T12:56:17.611+0000] {processor.py:157} INFO - Started process (PID=6504) to work on /home/airflow/.local/lib/python3.7/site-packages/airflow/example_dags/tutorial.py
[2024-02-25T12:56:17.614+0000] {processor.py:826} INFO - Processing file /home/airflow/.local/lib/python3.7/site-packages/airflow/example_dags/tutorial.py for tasks to queue
[2024-02-25T12:56:17.618+0000] {logging_mixin.py:150} INFO - [2024-02-25T12:56:17.617+0000] {dagbag.py:541} INFO - Filling up the DagBag from /home/airflow/.local/lib/python3.7/site-packages/airflow/example_dags/tutorial.py
[2024-02-25T12:56:17.636+0000] {processor.py:836} INFO - DAG(s) dict_keys(['tutorial']) retrieved from /home/airflow/.local/lib/python3.7/site-packages/airflow/example_dags/tutorial.py
[2024-02-25T12:56:17.664+0000] {logging_mixin.py:150} INFO - [2024-02-25T12:56:17.664+0000] {dag.py:2742} INFO - Sync 1 DAGs
[2024-02-25T12:56:17.693+0000] {logging_mixin.py:150} INFO - [2024-02-25T12:56:17.693+0000] {dag.py:3508} INFO - Setting next_dagrun for tutorial to 2024-02-24T12:56:17.693340+00:00, run_after=2024-02-25T12:56:17.693340+00:00
[2024-02-25T12:56:17.722+0000] {processor.py:179} INFO - Processing /home/airflow/.local/lib/python3.7/site-packages/airflow/example_dags/tutorial.py took 0.127 seconds
[2024-02-25T12:56:47.879+0000] {processor.py:157} INFO - Started process (PID=6745) to work on /home/airflow/.local/lib/python3.7/site-packages/airflow/example_dags/tutorial.py
[2024-02-25T12:56:47.880+0000] {processor.py:826} INFO - Processing file /home/airflow/.local/lib/python3.7/site-packages/airflow/example_dags/tutorial.py for tasks to queue
[2024-02-25T12:56:47.882+0000] {logging_mixin.py:150} INFO - [2024-02-25T12:56:47.882+0000] {dagbag.py:541} INFO - Filling up the DagBag from /home/airflow/.local/lib/python3.7/site-packages/airflow/example_dags/tutorial.py
[2024-02-25T12:56:47.893+0000] {processor.py:836} INFO - DAG(s) dict_keys(['tutorial']) retrieved from /home/airflow/.local/lib/python3.7/site-packages/airflow/example_dags/tutorial.py
[2024-02-25T12:56:47.926+0000] {logging_mixin.py:150} INFO - [2024-02-25T12:56:47.926+0000] {dag.py:2742} INFO - Sync 1 DAGs
[2024-02-25T12:56:47.960+0000] {logging_mixin.py:150} INFO - [2024-02-25T12:56:47.959+0000] {dag.py:3508} INFO - Setting next_dagrun for tutorial to 2024-02-24T12:56:47.959709+00:00, run_after=2024-02-25T12:56:47.959709+00:00
[2024-02-25T12:56:47.985+0000] {processor.py:179} INFO - Processing /home/airflow/.local/lib/python3.7/site-packages/airflow/example_dags/tutorial.py took 0.112 seconds
