[2024-02-25T12:43:00.528+0000] {processor.py:157} INFO - Started process (PID=216) to work on /home/airflow/.local/lib/python3.7/site-packages/airflow/example_dags/tutorial_taskflow_api.py
[2024-02-25T12:43:00.529+0000] {processor.py:826} INFO - Processing file /home/airflow/.local/lib/python3.7/site-packages/airflow/example_dags/tutorial_taskflow_api.py for tasks to queue
[2024-02-25T12:43:00.530+0000] {logging_mixin.py:150} INFO - [2024-02-25T12:43:00.529+0000] {dagbag.py:541} INFO - Filling up the DagBag from /home/airflow/.local/lib/python3.7/site-packages/airflow/example_dags/tutorial_taskflow_api.py
[2024-02-25T12:43:00.543+0000] {processor.py:836} INFO - DAG(s) dict_keys(['tutorial_taskflow_api']) retrieved from /home/airflow/.local/lib/python3.7/site-packages/airflow/example_dags/tutorial_taskflow_api.py
[2024-02-25T12:43:00.560+0000] {logging_mixin.py:150} INFO - [2024-02-25T12:43:00.560+0000] {dag.py:2742} INFO - Sync 1 DAGs
[2024-02-25T12:43:00.611+0000] {logging_mixin.py:150} INFO - [2024-02-25T12:43:00.611+0000] {dag.py:3508} INFO - Setting next_dagrun for tutorial_taskflow_api to None, run_after=None
[2024-02-25T12:43:00.644+0000] {processor.py:179} INFO - Processing /home/airflow/.local/lib/python3.7/site-packages/airflow/example_dags/tutorial_taskflow_api.py took 0.121 seconds
[2024-02-25T12:43:31.307+0000] {processor.py:157} INFO - Started process (PID=451) to work on /home/airflow/.local/lib/python3.7/site-packages/airflow/example_dags/tutorial_taskflow_api.py
[2024-02-25T12:43:31.308+0000] {processor.py:826} INFO - Processing file /home/airflow/.local/lib/python3.7/site-packages/airflow/example_dags/tutorial_taskflow_api.py for tasks to queue
[2024-02-25T12:43:31.322+0000] {logging_mixin.py:150} INFO - [2024-02-25T12:43:31.321+0000] {dagbag.py:541} INFO - Filling up the DagBag from /home/airflow/.local/lib/python3.7/site-packages/airflow/example_dags/tutorial_taskflow_api.py
[2024-02-25T12:43:31.353+0000] {processor.py:836} INFO - DAG(s) dict_keys(['tutorial_taskflow_api']) retrieved from /home/airflow/.local/lib/python3.7/site-packages/airflow/example_dags/tutorial_taskflow_api.py
[2024-02-25T12:43:31.456+0000] {logging_mixin.py:150} INFO - [2024-02-25T12:43:31.455+0000] {dag.py:2742} INFO - Sync 1 DAGs
[2024-02-25T12:43:31.529+0000] {logging_mixin.py:150} INFO - [2024-02-25T12:43:31.528+0000] {dag.py:3508} INFO - Setting next_dagrun for tutorial_taskflow_api to None, run_after=None
[2024-02-25T12:43:31.573+0000] {processor.py:179} INFO - Processing /home/airflow/.local/lib/python3.7/site-packages/airflow/example_dags/tutorial_taskflow_api.py took 0.280 seconds
[2024-02-25T12:44:01.759+0000] {processor.py:157} INFO - Started process (PID=698) to work on /home/airflow/.local/lib/python3.7/site-packages/airflow/example_dags/tutorial_taskflow_api.py
[2024-02-25T12:44:01.761+0000] {processor.py:826} INFO - Processing file /home/airflow/.local/lib/python3.7/site-packages/airflow/example_dags/tutorial_taskflow_api.py for tasks to queue
[2024-02-25T12:44:01.762+0000] {logging_mixin.py:150} INFO - [2024-02-25T12:44:01.761+0000] {dagbag.py:541} INFO - Filling up the DagBag from /home/airflow/.local/lib/python3.7/site-packages/airflow/example_dags/tutorial_taskflow_api.py
[2024-02-25T12:44:01.773+0000] {processor.py:836} INFO - DAG(s) dict_keys(['tutorial_taskflow_api']) retrieved from /home/airflow/.local/lib/python3.7/site-packages/airflow/example_dags/tutorial_taskflow_api.py
[2024-02-25T12:44:01.788+0000] {logging_mixin.py:150} INFO - [2024-02-25T12:44:01.788+0000] {dag.py:2742} INFO - Sync 1 DAGs
[2024-02-25T12:44:01.824+0000] {logging_mixin.py:150} INFO - [2024-02-25T12:44:01.824+0000] {dag.py:3508} INFO - Setting next_dagrun for tutorial_taskflow_api to None, run_after=None
[2024-02-25T12:44:01.853+0000] {processor.py:179} INFO - Processing /home/airflow/.local/lib/python3.7/site-packages/airflow/example_dags/tutorial_taskflow_api.py took 0.098 seconds
[2024-02-25T12:44:32.349+0000] {processor.py:157} INFO - Started process (PID=941) to work on /home/airflow/.local/lib/python3.7/site-packages/airflow/example_dags/tutorial_taskflow_api.py
[2024-02-25T12:44:32.351+0000] {processor.py:826} INFO - Processing file /home/airflow/.local/lib/python3.7/site-packages/airflow/example_dags/tutorial_taskflow_api.py for tasks to queue
[2024-02-25T12:44:32.352+0000] {logging_mixin.py:150} INFO - [2024-02-25T12:44:32.351+0000] {dagbag.py:541} INFO - Filling up the DagBag from /home/airflow/.local/lib/python3.7/site-packages/airflow/example_dags/tutorial_taskflow_api.py
[2024-02-25T12:44:32.363+0000] {processor.py:836} INFO - DAG(s) dict_keys(['tutorial_taskflow_api']) retrieved from /home/airflow/.local/lib/python3.7/site-packages/airflow/example_dags/tutorial_taskflow_api.py
[2024-02-25T12:44:32.402+0000] {logging_mixin.py:150} INFO - [2024-02-25T12:44:32.401+0000] {dag.py:2742} INFO - Sync 1 DAGs
[2024-02-25T12:44:32.444+0000] {logging_mixin.py:150} INFO - [2024-02-25T12:44:32.444+0000] {dag.py:3508} INFO - Setting next_dagrun for tutorial_taskflow_api to None, run_after=None
[2024-02-25T12:44:32.476+0000] {processor.py:179} INFO - Processing /home/airflow/.local/lib/python3.7/site-packages/airflow/example_dags/tutorial_taskflow_api.py took 0.131 seconds
[2024-02-25T12:45:03.293+0000] {processor.py:157} INFO - Started process (PID=1177) to work on /home/airflow/.local/lib/python3.7/site-packages/airflow/example_dags/tutorial_taskflow_api.py
[2024-02-25T12:45:03.296+0000] {processor.py:826} INFO - Processing file /home/airflow/.local/lib/python3.7/site-packages/airflow/example_dags/tutorial_taskflow_api.py for tasks to queue
[2024-02-25T12:45:03.297+0000] {logging_mixin.py:150} INFO - [2024-02-25T12:45:03.297+0000] {dagbag.py:541} INFO - Filling up the DagBag from /home/airflow/.local/lib/python3.7/site-packages/airflow/example_dags/tutorial_taskflow_api.py
[2024-02-25T12:45:03.306+0000] {processor.py:836} INFO - DAG(s) dict_keys(['tutorial_taskflow_api']) retrieved from /home/airflow/.local/lib/python3.7/site-packages/airflow/example_dags/tutorial_taskflow_api.py
[2024-02-25T12:45:03.340+0000] {logging_mixin.py:150} INFO - [2024-02-25T12:45:03.340+0000] {dag.py:2742} INFO - Sync 1 DAGs
[2024-02-25T12:45:03.389+0000] {logging_mixin.py:150} INFO - [2024-02-25T12:45:03.389+0000] {dag.py:3508} INFO - Setting next_dagrun for tutorial_taskflow_api to None, run_after=None
[2024-02-25T12:45:03.421+0000] {processor.py:179} INFO - Processing /home/airflow/.local/lib/python3.7/site-packages/airflow/example_dags/tutorial_taskflow_api.py took 0.132 seconds
[2024-02-25T12:45:33.807+0000] {processor.py:157} INFO - Started process (PID=1423) to work on /home/airflow/.local/lib/python3.7/site-packages/airflow/example_dags/tutorial_taskflow_api.py
[2024-02-25T12:45:33.807+0000] {processor.py:826} INFO - Processing file /home/airflow/.local/lib/python3.7/site-packages/airflow/example_dags/tutorial_taskflow_api.py for tasks to queue
[2024-02-25T12:45:33.808+0000] {logging_mixin.py:150} INFO - [2024-02-25T12:45:33.808+0000] {dagbag.py:541} INFO - Filling up the DagBag from /home/airflow/.local/lib/python3.7/site-packages/airflow/example_dags/tutorial_taskflow_api.py
[2024-02-25T12:45:33.816+0000] {processor.py:836} INFO - DAG(s) dict_keys(['tutorial_taskflow_api']) retrieved from /home/airflow/.local/lib/python3.7/site-packages/airflow/example_dags/tutorial_taskflow_api.py
[2024-02-25T12:45:33.857+0000] {logging_mixin.py:150} INFO - [2024-02-25T12:45:33.857+0000] {dag.py:2742} INFO - Sync 1 DAGs
[2024-02-25T12:45:33.906+0000] {logging_mixin.py:150} INFO - [2024-02-25T12:45:33.906+0000] {dag.py:3508} INFO - Setting next_dagrun for tutorial_taskflow_api to None, run_after=None
[2024-02-25T12:45:33.934+0000] {processor.py:179} INFO - Processing /home/airflow/.local/lib/python3.7/site-packages/airflow/example_dags/tutorial_taskflow_api.py took 0.132 seconds
[2024-02-25T12:46:04.444+0000] {processor.py:157} INFO - Started process (PID=1669) to work on /home/airflow/.local/lib/python3.7/site-packages/airflow/example_dags/tutorial_taskflow_api.py
[2024-02-25T12:46:04.445+0000] {processor.py:826} INFO - Processing file /home/airflow/.local/lib/python3.7/site-packages/airflow/example_dags/tutorial_taskflow_api.py for tasks to queue
[2024-02-25T12:46:04.446+0000] {logging_mixin.py:150} INFO - [2024-02-25T12:46:04.446+0000] {dagbag.py:541} INFO - Filling up the DagBag from /home/airflow/.local/lib/python3.7/site-packages/airflow/example_dags/tutorial_taskflow_api.py
[2024-02-25T12:46:04.455+0000] {processor.py:836} INFO - DAG(s) dict_keys(['tutorial_taskflow_api']) retrieved from /home/airflow/.local/lib/python3.7/site-packages/airflow/example_dags/tutorial_taskflow_api.py
[2024-02-25T12:46:04.486+0000] {logging_mixin.py:150} INFO - [2024-02-25T12:46:04.485+0000] {dag.py:2742} INFO - Sync 1 DAGs
[2024-02-25T12:46:04.526+0000] {logging_mixin.py:150} INFO - [2024-02-25T12:46:04.526+0000] {dag.py:3508} INFO - Setting next_dagrun for tutorial_taskflow_api to None, run_after=None
[2024-02-25T12:46:04.557+0000] {processor.py:179} INFO - Processing /home/airflow/.local/lib/python3.7/site-packages/airflow/example_dags/tutorial_taskflow_api.py took 0.119 seconds
[2024-02-25T12:46:34.972+0000] {processor.py:157} INFO - Started process (PID=1910) to work on /home/airflow/.local/lib/python3.7/site-packages/airflow/example_dags/tutorial_taskflow_api.py
[2024-02-25T12:46:34.974+0000] {processor.py:826} INFO - Processing file /home/airflow/.local/lib/python3.7/site-packages/airflow/example_dags/tutorial_taskflow_api.py for tasks to queue
[2024-02-25T12:46:34.975+0000] {logging_mixin.py:150} INFO - [2024-02-25T12:46:34.975+0000] {dagbag.py:541} INFO - Filling up the DagBag from /home/airflow/.local/lib/python3.7/site-packages/airflow/example_dags/tutorial_taskflow_api.py
[2024-02-25T12:46:34.986+0000] {processor.py:836} INFO - DAG(s) dict_keys(['tutorial_taskflow_api']) retrieved from /home/airflow/.local/lib/python3.7/site-packages/airflow/example_dags/tutorial_taskflow_api.py
[2024-02-25T12:46:35.032+0000] {logging_mixin.py:150} INFO - [2024-02-25T12:46:35.032+0000] {dag.py:2742} INFO - Sync 1 DAGs
[2024-02-25T12:46:35.092+0000] {logging_mixin.py:150} INFO - [2024-02-25T12:46:35.092+0000] {dag.py:3508} INFO - Setting next_dagrun for tutorial_taskflow_api to None, run_after=None
[2024-02-25T12:46:35.137+0000] {processor.py:179} INFO - Processing /home/airflow/.local/lib/python3.7/site-packages/airflow/example_dags/tutorial_taskflow_api.py took 0.171 seconds
[2024-02-25T12:47:05.821+0000] {processor.py:157} INFO - Started process (PID=2146) to work on /home/airflow/.local/lib/python3.7/site-packages/airflow/example_dags/tutorial_taskflow_api.py
[2024-02-25T12:47:05.823+0000] {processor.py:826} INFO - Processing file /home/airflow/.local/lib/python3.7/site-packages/airflow/example_dags/tutorial_taskflow_api.py for tasks to queue
[2024-02-25T12:47:05.824+0000] {logging_mixin.py:150} INFO - [2024-02-25T12:47:05.824+0000] {dagbag.py:541} INFO - Filling up the DagBag from /home/airflow/.local/lib/python3.7/site-packages/airflow/example_dags/tutorial_taskflow_api.py
[2024-02-25T12:47:05.834+0000] {processor.py:836} INFO - DAG(s) dict_keys(['tutorial_taskflow_api']) retrieved from /home/airflow/.local/lib/python3.7/site-packages/airflow/example_dags/tutorial_taskflow_api.py
[2024-02-25T12:47:05.873+0000] {logging_mixin.py:150} INFO - [2024-02-25T12:47:05.872+0000] {dag.py:2742} INFO - Sync 1 DAGs
[2024-02-25T12:47:05.932+0000] {logging_mixin.py:150} INFO - [2024-02-25T12:47:05.932+0000] {dag.py:3508} INFO - Setting next_dagrun for tutorial_taskflow_api to None, run_after=None
[2024-02-25T12:47:05.969+0000] {processor.py:179} INFO - Processing /home/airflow/.local/lib/python3.7/site-packages/airflow/example_dags/tutorial_taskflow_api.py took 0.153 seconds
[2024-02-25T12:47:36.843+0000] {processor.py:157} INFO - Started process (PID=2389) to work on /home/airflow/.local/lib/python3.7/site-packages/airflow/example_dags/tutorial_taskflow_api.py
[2024-02-25T12:47:36.844+0000] {processor.py:826} INFO - Processing file /home/airflow/.local/lib/python3.7/site-packages/airflow/example_dags/tutorial_taskflow_api.py for tasks to queue
[2024-02-25T12:47:36.845+0000] {logging_mixin.py:150} INFO - [2024-02-25T12:47:36.844+0000] {dagbag.py:541} INFO - Filling up the DagBag from /home/airflow/.local/lib/python3.7/site-packages/airflow/example_dags/tutorial_taskflow_api.py
[2024-02-25T12:47:36.853+0000] {processor.py:836} INFO - DAG(s) dict_keys(['tutorial_taskflow_api']) retrieved from /home/airflow/.local/lib/python3.7/site-packages/airflow/example_dags/tutorial_taskflow_api.py
[2024-02-25T12:47:36.887+0000] {logging_mixin.py:150} INFO - [2024-02-25T12:47:36.887+0000] {dag.py:2742} INFO - Sync 1 DAGs
[2024-02-25T12:47:36.922+0000] {logging_mixin.py:150} INFO - [2024-02-25T12:47:36.922+0000] {dag.py:3508} INFO - Setting next_dagrun for tutorial_taskflow_api to None, run_after=None
[2024-02-25T12:47:36.953+0000] {processor.py:179} INFO - Processing /home/airflow/.local/lib/python3.7/site-packages/airflow/example_dags/tutorial_taskflow_api.py took 0.113 seconds
[2024-02-25T12:48:07.301+0000] {processor.py:157} INFO - Started process (PID=2633) to work on /home/airflow/.local/lib/python3.7/site-packages/airflow/example_dags/tutorial_taskflow_api.py
[2024-02-25T12:48:07.302+0000] {processor.py:826} INFO - Processing file /home/airflow/.local/lib/python3.7/site-packages/airflow/example_dags/tutorial_taskflow_api.py for tasks to queue
[2024-02-25T12:48:07.303+0000] {logging_mixin.py:150} INFO - [2024-02-25T12:48:07.303+0000] {dagbag.py:541} INFO - Filling up the DagBag from /home/airflow/.local/lib/python3.7/site-packages/airflow/example_dags/tutorial_taskflow_api.py
[2024-02-25T12:48:07.310+0000] {processor.py:836} INFO - DAG(s) dict_keys(['tutorial_taskflow_api']) retrieved from /home/airflow/.local/lib/python3.7/site-packages/airflow/example_dags/tutorial_taskflow_api.py
[2024-02-25T12:48:07.339+0000] {logging_mixin.py:150} INFO - [2024-02-25T12:48:07.338+0000] {dag.py:2742} INFO - Sync 1 DAGs
[2024-02-25T12:48:07.374+0000] {logging_mixin.py:150} INFO - [2024-02-25T12:48:07.373+0000] {dag.py:3508} INFO - Setting next_dagrun for tutorial_taskflow_api to None, run_after=None
[2024-02-25T12:48:07.402+0000] {processor.py:179} INFO - Processing /home/airflow/.local/lib/python3.7/site-packages/airflow/example_dags/tutorial_taskflow_api.py took 0.106 seconds
[2024-02-25T12:48:37.887+0000] {processor.py:157} INFO - Started process (PID=2870) to work on /home/airflow/.local/lib/python3.7/site-packages/airflow/example_dags/tutorial_taskflow_api.py
[2024-02-25T12:48:37.888+0000] {processor.py:826} INFO - Processing file /home/airflow/.local/lib/python3.7/site-packages/airflow/example_dags/tutorial_taskflow_api.py for tasks to queue
[2024-02-25T12:48:37.890+0000] {logging_mixin.py:150} INFO - [2024-02-25T12:48:37.889+0000] {dagbag.py:541} INFO - Filling up the DagBag from /home/airflow/.local/lib/python3.7/site-packages/airflow/example_dags/tutorial_taskflow_api.py
[2024-02-25T12:48:37.898+0000] {processor.py:836} INFO - DAG(s) dict_keys(['tutorial_taskflow_api']) retrieved from /home/airflow/.local/lib/python3.7/site-packages/airflow/example_dags/tutorial_taskflow_api.py
[2024-02-25T12:48:37.928+0000] {logging_mixin.py:150} INFO - [2024-02-25T12:48:37.928+0000] {dag.py:2742} INFO - Sync 1 DAGs
[2024-02-25T12:48:37.977+0000] {logging_mixin.py:150} INFO - [2024-02-25T12:48:37.977+0000] {dag.py:3508} INFO - Setting next_dagrun for tutorial_taskflow_api to None, run_after=None
[2024-02-25T12:48:38.006+0000] {processor.py:179} INFO - Processing /home/airflow/.local/lib/python3.7/site-packages/airflow/example_dags/tutorial_taskflow_api.py took 0.123 seconds
[2024-02-25T12:49:08.575+0000] {processor.py:157} INFO - Started process (PID=3111) to work on /home/airflow/.local/lib/python3.7/site-packages/airflow/example_dags/tutorial_taskflow_api.py
[2024-02-25T12:49:08.577+0000] {processor.py:826} INFO - Processing file /home/airflow/.local/lib/python3.7/site-packages/airflow/example_dags/tutorial_taskflow_api.py for tasks to queue
[2024-02-25T12:49:08.579+0000] {logging_mixin.py:150} INFO - [2024-02-25T12:49:08.578+0000] {dagbag.py:541} INFO - Filling up the DagBag from /home/airflow/.local/lib/python3.7/site-packages/airflow/example_dags/tutorial_taskflow_api.py
[2024-02-25T12:49:08.589+0000] {processor.py:836} INFO - DAG(s) dict_keys(['tutorial_taskflow_api']) retrieved from /home/airflow/.local/lib/python3.7/site-packages/airflow/example_dags/tutorial_taskflow_api.py
[2024-02-25T12:49:08.628+0000] {logging_mixin.py:150} INFO - [2024-02-25T12:49:08.628+0000] {dag.py:2742} INFO - Sync 1 DAGs
[2024-02-25T12:49:08.662+0000] {logging_mixin.py:150} INFO - [2024-02-25T12:49:08.662+0000] {dag.py:3508} INFO - Setting next_dagrun for tutorial_taskflow_api to None, run_after=None
[2024-02-25T12:49:08.694+0000] {processor.py:179} INFO - Processing /home/airflow/.local/lib/python3.7/site-packages/airflow/example_dags/tutorial_taskflow_api.py took 0.125 seconds
[2024-02-25T12:49:39.269+0000] {processor.py:157} INFO - Started process (PID=3352) to work on /home/airflow/.local/lib/python3.7/site-packages/airflow/example_dags/tutorial_taskflow_api.py
[2024-02-25T12:49:39.270+0000] {processor.py:826} INFO - Processing file /home/airflow/.local/lib/python3.7/site-packages/airflow/example_dags/tutorial_taskflow_api.py for tasks to queue
[2024-02-25T12:49:39.271+0000] {logging_mixin.py:150} INFO - [2024-02-25T12:49:39.270+0000] {dagbag.py:541} INFO - Filling up the DagBag from /home/airflow/.local/lib/python3.7/site-packages/airflow/example_dags/tutorial_taskflow_api.py
[2024-02-25T12:49:39.281+0000] {processor.py:836} INFO - DAG(s) dict_keys(['tutorial_taskflow_api']) retrieved from /home/airflow/.local/lib/python3.7/site-packages/airflow/example_dags/tutorial_taskflow_api.py
[2024-02-25T12:49:39.324+0000] {logging_mixin.py:150} INFO - [2024-02-25T12:49:39.323+0000] {dag.py:2742} INFO - Sync 1 DAGs
[2024-02-25T12:49:39.369+0000] {logging_mixin.py:150} INFO - [2024-02-25T12:49:39.369+0000] {dag.py:3508} INFO - Setting next_dagrun for tutorial_taskflow_api to None, run_after=None
[2024-02-25T12:49:39.396+0000] {processor.py:179} INFO - Processing /home/airflow/.local/lib/python3.7/site-packages/airflow/example_dags/tutorial_taskflow_api.py took 0.131 seconds
[2024-02-25T12:50:09.454+0000] {processor.py:157} INFO - Started process (PID=3598) to work on /home/airflow/.local/lib/python3.7/site-packages/airflow/example_dags/tutorial_taskflow_api.py
[2024-02-25T12:50:09.455+0000] {processor.py:826} INFO - Processing file /home/airflow/.local/lib/python3.7/site-packages/airflow/example_dags/tutorial_taskflow_api.py for tasks to queue
[2024-02-25T12:50:09.456+0000] {logging_mixin.py:150} INFO - [2024-02-25T12:50:09.455+0000] {dagbag.py:541} INFO - Filling up the DagBag from /home/airflow/.local/lib/python3.7/site-packages/airflow/example_dags/tutorial_taskflow_api.py
[2024-02-25T12:50:09.462+0000] {processor.py:836} INFO - DAG(s) dict_keys(['tutorial_taskflow_api']) retrieved from /home/airflow/.local/lib/python3.7/site-packages/airflow/example_dags/tutorial_taskflow_api.py
[2024-02-25T12:50:09.488+0000] {logging_mixin.py:150} INFO - [2024-02-25T12:50:09.487+0000] {dag.py:2742} INFO - Sync 1 DAGs
[2024-02-25T12:50:09.523+0000] {logging_mixin.py:150} INFO - [2024-02-25T12:50:09.523+0000] {dag.py:3508} INFO - Setting next_dagrun for tutorial_taskflow_api to None, run_after=None
[2024-02-25T12:50:09.550+0000] {processor.py:179} INFO - Processing /home/airflow/.local/lib/python3.7/site-packages/airflow/example_dags/tutorial_taskflow_api.py took 0.100 seconds
[2024-02-25T12:50:40.108+0000] {processor.py:157} INFO - Started process (PID=3834) to work on /home/airflow/.local/lib/python3.7/site-packages/airflow/example_dags/tutorial_taskflow_api.py
[2024-02-25T12:50:40.110+0000] {processor.py:826} INFO - Processing file /home/airflow/.local/lib/python3.7/site-packages/airflow/example_dags/tutorial_taskflow_api.py for tasks to queue
[2024-02-25T12:50:40.111+0000] {logging_mixin.py:150} INFO - [2024-02-25T12:50:40.110+0000] {dagbag.py:541} INFO - Filling up the DagBag from /home/airflow/.local/lib/python3.7/site-packages/airflow/example_dags/tutorial_taskflow_api.py
[2024-02-25T12:50:40.121+0000] {processor.py:836} INFO - DAG(s) dict_keys(['tutorial_taskflow_api']) retrieved from /home/airflow/.local/lib/python3.7/site-packages/airflow/example_dags/tutorial_taskflow_api.py
[2024-02-25T12:50:40.152+0000] {logging_mixin.py:150} INFO - [2024-02-25T12:50:40.152+0000] {dag.py:2742} INFO - Sync 1 DAGs
[2024-02-25T12:50:40.184+0000] {logging_mixin.py:150} INFO - [2024-02-25T12:50:40.184+0000] {dag.py:3508} INFO - Setting next_dagrun for tutorial_taskflow_api to None, run_after=None
[2024-02-25T12:50:40.210+0000] {processor.py:179} INFO - Processing /home/airflow/.local/lib/python3.7/site-packages/airflow/example_dags/tutorial_taskflow_api.py took 0.106 seconds
[2024-02-25T12:51:10.534+0000] {processor.py:157} INFO - Started process (PID=4080) to work on /home/airflow/.local/lib/python3.7/site-packages/airflow/example_dags/tutorial_taskflow_api.py
[2024-02-25T12:51:10.535+0000] {processor.py:826} INFO - Processing file /home/airflow/.local/lib/python3.7/site-packages/airflow/example_dags/tutorial_taskflow_api.py for tasks to queue
[2024-02-25T12:51:10.536+0000] {logging_mixin.py:150} INFO - [2024-02-25T12:51:10.535+0000] {dagbag.py:541} INFO - Filling up the DagBag from /home/airflow/.local/lib/python3.7/site-packages/airflow/example_dags/tutorial_taskflow_api.py
[2024-02-25T12:51:10.542+0000] {processor.py:836} INFO - DAG(s) dict_keys(['tutorial_taskflow_api']) retrieved from /home/airflow/.local/lib/python3.7/site-packages/airflow/example_dags/tutorial_taskflow_api.py
[2024-02-25T12:51:10.570+0000] {logging_mixin.py:150} INFO - [2024-02-25T12:51:10.570+0000] {dag.py:2742} INFO - Sync 1 DAGs
[2024-02-25T12:51:10.601+0000] {logging_mixin.py:150} INFO - [2024-02-25T12:51:10.600+0000] {dag.py:3508} INFO - Setting next_dagrun for tutorial_taskflow_api to None, run_after=None
[2024-02-25T12:51:10.625+0000] {processor.py:179} INFO - Processing /home/airflow/.local/lib/python3.7/site-packages/airflow/example_dags/tutorial_taskflow_api.py took 0.095 seconds
[2024-02-25T12:51:41.220+0000] {processor.py:157} INFO - Started process (PID=4316) to work on /home/airflow/.local/lib/python3.7/site-packages/airflow/example_dags/tutorial_taskflow_api.py
[2024-02-25T12:51:41.221+0000] {processor.py:826} INFO - Processing file /home/airflow/.local/lib/python3.7/site-packages/airflow/example_dags/tutorial_taskflow_api.py for tasks to queue
[2024-02-25T12:51:41.222+0000] {logging_mixin.py:150} INFO - [2024-02-25T12:51:41.222+0000] {dagbag.py:541} INFO - Filling up the DagBag from /home/airflow/.local/lib/python3.7/site-packages/airflow/example_dags/tutorial_taskflow_api.py
[2024-02-25T12:51:41.230+0000] {processor.py:836} INFO - DAG(s) dict_keys(['tutorial_taskflow_api']) retrieved from /home/airflow/.local/lib/python3.7/site-packages/airflow/example_dags/tutorial_taskflow_api.py
[2024-02-25T12:51:41.258+0000] {logging_mixin.py:150} INFO - [2024-02-25T12:51:41.258+0000] {dag.py:2742} INFO - Sync 1 DAGs
[2024-02-25T12:51:41.290+0000] {logging_mixin.py:150} INFO - [2024-02-25T12:51:41.289+0000] {dag.py:3508} INFO - Setting next_dagrun for tutorial_taskflow_api to None, run_after=None
[2024-02-25T12:51:41.318+0000] {processor.py:179} INFO - Processing /home/airflow/.local/lib/python3.7/site-packages/airflow/example_dags/tutorial_taskflow_api.py took 0.102 seconds
[2024-02-25T12:52:11.913+0000] {processor.py:157} INFO - Started process (PID=4557) to work on /home/airflow/.local/lib/python3.7/site-packages/airflow/example_dags/tutorial_taskflow_api.py
[2024-02-25T12:52:11.914+0000] {processor.py:826} INFO - Processing file /home/airflow/.local/lib/python3.7/site-packages/airflow/example_dags/tutorial_taskflow_api.py for tasks to queue
[2024-02-25T12:52:11.915+0000] {logging_mixin.py:150} INFO - [2024-02-25T12:52:11.915+0000] {dagbag.py:541} INFO - Filling up the DagBag from /home/airflow/.local/lib/python3.7/site-packages/airflow/example_dags/tutorial_taskflow_api.py
[2024-02-25T12:52:11.921+0000] {processor.py:836} INFO - DAG(s) dict_keys(['tutorial_taskflow_api']) retrieved from /home/airflow/.local/lib/python3.7/site-packages/airflow/example_dags/tutorial_taskflow_api.py
[2024-02-25T12:52:11.951+0000] {logging_mixin.py:150} INFO - [2024-02-25T12:52:11.951+0000] {dag.py:2742} INFO - Sync 1 DAGs
[2024-02-25T12:52:11.985+0000] {logging_mixin.py:150} INFO - [2024-02-25T12:52:11.985+0000] {dag.py:3508} INFO - Setting next_dagrun for tutorial_taskflow_api to None, run_after=None
[2024-02-25T12:52:12.026+0000] {processor.py:179} INFO - Processing /home/airflow/.local/lib/python3.7/site-packages/airflow/example_dags/tutorial_taskflow_api.py took 0.117 seconds
[2024-02-25T12:52:42.239+0000] {processor.py:157} INFO - Started process (PID=4798) to work on /home/airflow/.local/lib/python3.7/site-packages/airflow/example_dags/tutorial_taskflow_api.py
[2024-02-25T12:52:42.240+0000] {processor.py:826} INFO - Processing file /home/airflow/.local/lib/python3.7/site-packages/airflow/example_dags/tutorial_taskflow_api.py for tasks to queue
[2024-02-25T12:52:42.241+0000] {logging_mixin.py:150} INFO - [2024-02-25T12:52:42.241+0000] {dagbag.py:541} INFO - Filling up the DagBag from /home/airflow/.local/lib/python3.7/site-packages/airflow/example_dags/tutorial_taskflow_api.py
[2024-02-25T12:52:42.250+0000] {processor.py:836} INFO - DAG(s) dict_keys(['tutorial_taskflow_api']) retrieved from /home/airflow/.local/lib/python3.7/site-packages/airflow/example_dags/tutorial_taskflow_api.py
[2024-02-25T12:52:42.281+0000] {logging_mixin.py:150} INFO - [2024-02-25T12:52:42.281+0000] {dag.py:2742} INFO - Sync 1 DAGs
[2024-02-25T12:52:42.318+0000] {logging_mixin.py:150} INFO - [2024-02-25T12:52:42.318+0000] {dag.py:3508} INFO - Setting next_dagrun for tutorial_taskflow_api to None, run_after=None
[2024-02-25T12:52:42.341+0000] {processor.py:179} INFO - Processing /home/airflow/.local/lib/python3.7/site-packages/airflow/example_dags/tutorial_taskflow_api.py took 0.106 seconds
[2024-02-25T12:53:12.398+0000] {processor.py:157} INFO - Started process (PID=5039) to work on /home/airflow/.local/lib/python3.7/site-packages/airflow/example_dags/tutorial_taskflow_api.py
[2024-02-25T12:53:12.399+0000] {processor.py:826} INFO - Processing file /home/airflow/.local/lib/python3.7/site-packages/airflow/example_dags/tutorial_taskflow_api.py for tasks to queue
[2024-02-25T12:53:12.400+0000] {logging_mixin.py:150} INFO - [2024-02-25T12:53:12.400+0000] {dagbag.py:541} INFO - Filling up the DagBag from /home/airflow/.local/lib/python3.7/site-packages/airflow/example_dags/tutorial_taskflow_api.py
[2024-02-25T12:53:12.406+0000] {processor.py:836} INFO - DAG(s) dict_keys(['tutorial_taskflow_api']) retrieved from /home/airflow/.local/lib/python3.7/site-packages/airflow/example_dags/tutorial_taskflow_api.py
[2024-02-25T12:53:12.432+0000] {logging_mixin.py:150} INFO - [2024-02-25T12:53:12.432+0000] {dag.py:2742} INFO - Sync 1 DAGs
[2024-02-25T12:53:12.460+0000] {logging_mixin.py:150} INFO - [2024-02-25T12:53:12.459+0000] {dag.py:3508} INFO - Setting next_dagrun for tutorial_taskflow_api to None, run_after=None
[2024-02-25T12:53:12.484+0000] {processor.py:179} INFO - Processing /home/airflow/.local/lib/python3.7/site-packages/airflow/example_dags/tutorial_taskflow_api.py took 0.089 seconds
[2024-02-25T12:53:43.600+0000] {processor.py:157} INFO - Started process (PID=5282) to work on /home/airflow/.local/lib/python3.7/site-packages/airflow/example_dags/tutorial_taskflow_api.py
[2024-02-25T12:53:43.601+0000] {processor.py:826} INFO - Processing file /home/airflow/.local/lib/python3.7/site-packages/airflow/example_dags/tutorial_taskflow_api.py for tasks to queue
[2024-02-25T12:53:43.601+0000] {logging_mixin.py:150} INFO - [2024-02-25T12:53:43.601+0000] {dagbag.py:541} INFO - Filling up the DagBag from /home/airflow/.local/lib/python3.7/site-packages/airflow/example_dags/tutorial_taskflow_api.py
[2024-02-25T12:53:43.608+0000] {processor.py:836} INFO - DAG(s) dict_keys(['tutorial_taskflow_api']) retrieved from /home/airflow/.local/lib/python3.7/site-packages/airflow/example_dags/tutorial_taskflow_api.py
[2024-02-25T12:53:43.634+0000] {logging_mixin.py:150} INFO - [2024-02-25T12:53:43.634+0000] {dag.py:2742} INFO - Sync 1 DAGs
[2024-02-25T12:53:43.668+0000] {logging_mixin.py:150} INFO - [2024-02-25T12:53:43.667+0000] {dag.py:3508} INFO - Setting next_dagrun for tutorial_taskflow_api to None, run_after=None
[2024-02-25T12:53:43.691+0000] {processor.py:179} INFO - Processing /home/airflow/.local/lib/python3.7/site-packages/airflow/example_dags/tutorial_taskflow_api.py took 0.096 seconds
[2024-02-25T12:54:14.254+0000] {processor.py:157} INFO - Started process (PID=5521) to work on /home/airflow/.local/lib/python3.7/site-packages/airflow/example_dags/tutorial_taskflow_api.py
[2024-02-25T12:54:14.255+0000] {processor.py:826} INFO - Processing file /home/airflow/.local/lib/python3.7/site-packages/airflow/example_dags/tutorial_taskflow_api.py for tasks to queue
[2024-02-25T12:54:14.256+0000] {logging_mixin.py:150} INFO - [2024-02-25T12:54:14.256+0000] {dagbag.py:541} INFO - Filling up the DagBag from /home/airflow/.local/lib/python3.7/site-packages/airflow/example_dags/tutorial_taskflow_api.py
[2024-02-25T12:54:14.266+0000] {processor.py:836} INFO - DAG(s) dict_keys(['tutorial_taskflow_api']) retrieved from /home/airflow/.local/lib/python3.7/site-packages/airflow/example_dags/tutorial_taskflow_api.py
[2024-02-25T12:54:14.301+0000] {logging_mixin.py:150} INFO - [2024-02-25T12:54:14.301+0000] {dag.py:2742} INFO - Sync 1 DAGs
[2024-02-25T12:54:14.346+0000] {logging_mixin.py:150} INFO - [2024-02-25T12:54:14.346+0000] {dag.py:3508} INFO - Setting next_dagrun for tutorial_taskflow_api to None, run_after=None
[2024-02-25T12:54:14.375+0000] {processor.py:179} INFO - Processing /home/airflow/.local/lib/python3.7/site-packages/airflow/example_dags/tutorial_taskflow_api.py took 0.125 seconds
[2024-02-25T12:54:44.848+0000] {processor.py:157} INFO - Started process (PID=5764) to work on /home/airflow/.local/lib/python3.7/site-packages/airflow/example_dags/tutorial_taskflow_api.py
[2024-02-25T12:54:44.849+0000] {processor.py:826} INFO - Processing file /home/airflow/.local/lib/python3.7/site-packages/airflow/example_dags/tutorial_taskflow_api.py for tasks to queue
[2024-02-25T12:54:44.850+0000] {logging_mixin.py:150} INFO - [2024-02-25T12:54:44.849+0000] {dagbag.py:541} INFO - Filling up the DagBag from /home/airflow/.local/lib/python3.7/site-packages/airflow/example_dags/tutorial_taskflow_api.py
[2024-02-25T12:54:44.857+0000] {processor.py:836} INFO - DAG(s) dict_keys(['tutorial_taskflow_api']) retrieved from /home/airflow/.local/lib/python3.7/site-packages/airflow/example_dags/tutorial_taskflow_api.py
[2024-02-25T12:54:44.898+0000] {logging_mixin.py:150} INFO - [2024-02-25T12:54:44.897+0000] {dag.py:2742} INFO - Sync 1 DAGs
[2024-02-25T12:54:44.954+0000] {logging_mixin.py:150} INFO - [2024-02-25T12:54:44.954+0000] {dag.py:3508} INFO - Setting next_dagrun for tutorial_taskflow_api to None, run_after=None
[2024-02-25T12:54:44.990+0000] {processor.py:179} INFO - Processing /home/airflow/.local/lib/python3.7/site-packages/airflow/example_dags/tutorial_taskflow_api.py took 0.145 seconds
[2024-02-25T12:55:15.499+0000] {processor.py:157} INFO - Started process (PID=6004) to work on /home/airflow/.local/lib/python3.7/site-packages/airflow/example_dags/tutorial_taskflow_api.py
[2024-02-25T12:55:15.500+0000] {processor.py:826} INFO - Processing file /home/airflow/.local/lib/python3.7/site-packages/airflow/example_dags/tutorial_taskflow_api.py for tasks to queue
[2024-02-25T12:55:15.500+0000] {logging_mixin.py:150} INFO - [2024-02-25T12:55:15.500+0000] {dagbag.py:541} INFO - Filling up the DagBag from /home/airflow/.local/lib/python3.7/site-packages/airflow/example_dags/tutorial_taskflow_api.py
[2024-02-25T12:55:15.506+0000] {processor.py:836} INFO - DAG(s) dict_keys(['tutorial_taskflow_api']) retrieved from /home/airflow/.local/lib/python3.7/site-packages/airflow/example_dags/tutorial_taskflow_api.py
[2024-02-25T12:55:15.539+0000] {logging_mixin.py:150} INFO - [2024-02-25T12:55:15.539+0000] {dag.py:2742} INFO - Sync 1 DAGs
[2024-02-25T12:55:15.571+0000] {logging_mixin.py:150} INFO - [2024-02-25T12:55:15.571+0000] {dag.py:3508} INFO - Setting next_dagrun for tutorial_taskflow_api to None, run_after=None
[2024-02-25T12:55:15.601+0000] {processor.py:179} INFO - Processing /home/airflow/.local/lib/python3.7/site-packages/airflow/example_dags/tutorial_taskflow_api.py took 0.106 seconds
[2024-02-25T12:55:46.238+0000] {processor.py:157} INFO - Started process (PID=6243) to work on /home/airflow/.local/lib/python3.7/site-packages/airflow/example_dags/tutorial_taskflow_api.py
[2024-02-25T12:55:46.239+0000] {processor.py:826} INFO - Processing file /home/airflow/.local/lib/python3.7/site-packages/airflow/example_dags/tutorial_taskflow_api.py for tasks to queue
[2024-02-25T12:55:46.240+0000] {logging_mixin.py:150} INFO - [2024-02-25T12:55:46.239+0000] {dagbag.py:541} INFO - Filling up the DagBag from /home/airflow/.local/lib/python3.7/site-packages/airflow/example_dags/tutorial_taskflow_api.py
[2024-02-25T12:55:46.246+0000] {processor.py:836} INFO - DAG(s) dict_keys(['tutorial_taskflow_api']) retrieved from /home/airflow/.local/lib/python3.7/site-packages/airflow/example_dags/tutorial_taskflow_api.py
[2024-02-25T12:55:46.271+0000] {logging_mixin.py:150} INFO - [2024-02-25T12:55:46.271+0000] {dag.py:2742} INFO - Sync 1 DAGs
[2024-02-25T12:55:46.299+0000] {logging_mixin.py:150} INFO - [2024-02-25T12:55:46.299+0000] {dag.py:3508} INFO - Setting next_dagrun for tutorial_taskflow_api to None, run_after=None
[2024-02-25T12:55:46.324+0000] {processor.py:179} INFO - Processing /home/airflow/.local/lib/python3.7/site-packages/airflow/example_dags/tutorial_taskflow_api.py took 0.090 seconds
[2024-02-25T12:56:16.391+0000] {processor.py:157} INFO - Started process (PID=6484) to work on /home/airflow/.local/lib/python3.7/site-packages/airflow/example_dags/tutorial_taskflow_api.py
[2024-02-25T12:56:16.393+0000] {processor.py:826} INFO - Processing file /home/airflow/.local/lib/python3.7/site-packages/airflow/example_dags/tutorial_taskflow_api.py for tasks to queue
[2024-02-25T12:56:16.394+0000] {logging_mixin.py:150} INFO - [2024-02-25T12:56:16.393+0000] {dagbag.py:541} INFO - Filling up the DagBag from /home/airflow/.local/lib/python3.7/site-packages/airflow/example_dags/tutorial_taskflow_api.py
[2024-02-25T12:56:16.401+0000] {processor.py:836} INFO - DAG(s) dict_keys(['tutorial_taskflow_api']) retrieved from /home/airflow/.local/lib/python3.7/site-packages/airflow/example_dags/tutorial_taskflow_api.py
[2024-02-25T12:56:16.430+0000] {logging_mixin.py:150} INFO - [2024-02-25T12:56:16.430+0000] {dag.py:2742} INFO - Sync 1 DAGs
[2024-02-25T12:56:16.459+0000] {logging_mixin.py:150} INFO - [2024-02-25T12:56:16.458+0000] {dag.py:3508} INFO - Setting next_dagrun for tutorial_taskflow_api to None, run_after=None
[2024-02-25T12:56:16.481+0000] {processor.py:179} INFO - Processing /home/airflow/.local/lib/python3.7/site-packages/airflow/example_dags/tutorial_taskflow_api.py took 0.094 seconds
[2024-02-25T12:56:46.642+0000] {processor.py:157} INFO - Started process (PID=6725) to work on /home/airflow/.local/lib/python3.7/site-packages/airflow/example_dags/tutorial_taskflow_api.py
[2024-02-25T12:56:46.643+0000] {processor.py:826} INFO - Processing file /home/airflow/.local/lib/python3.7/site-packages/airflow/example_dags/tutorial_taskflow_api.py for tasks to queue
[2024-02-25T12:56:46.644+0000] {logging_mixin.py:150} INFO - [2024-02-25T12:56:46.643+0000] {dagbag.py:541} INFO - Filling up the DagBag from /home/airflow/.local/lib/python3.7/site-packages/airflow/example_dags/tutorial_taskflow_api.py
[2024-02-25T12:56:46.651+0000] {processor.py:836} INFO - DAG(s) dict_keys(['tutorial_taskflow_api']) retrieved from /home/airflow/.local/lib/python3.7/site-packages/airflow/example_dags/tutorial_taskflow_api.py
[2024-02-25T12:56:46.678+0000] {logging_mixin.py:150} INFO - [2024-02-25T12:56:46.678+0000] {dag.py:2742} INFO - Sync 1 DAGs
[2024-02-25T12:56:46.706+0000] {logging_mixin.py:150} INFO - [2024-02-25T12:56:46.706+0000] {dag.py:3508} INFO - Setting next_dagrun for tutorial_taskflow_api to None, run_after=None
[2024-02-25T12:56:46.728+0000] {processor.py:179} INFO - Processing /home/airflow/.local/lib/python3.7/site-packages/airflow/example_dags/tutorial_taskflow_api.py took 0.091 seconds
